[2024-01-05T10:28:57.860-0300] {processor.py:157} INFO - Started process (PID=11124) to work on /home/felipe/airflow/dags/utils/saveCityAsCSV.py
[2024-01-05T10:28:57.860-0300] {processor.py:829} INFO - Processing file /home/felipe/airflow/dags/utils/saveCityAsCSV.py for tasks to queue
[2024-01-05T10:28:57.861-0300] {logging_mixin.py:154} INFO - [2024-01-05T10:28:57.861-0300] {dagbag.py:536} INFO - Filling up the DagBag from /home/felipe/airflow/dags/utils/saveCityAsCSV.py
[2024-01-05T10:28:58.050-0300] {processor.py:841} WARNING - No viable dags retrieved from /home/felipe/airflow/dags/utils/saveCityAsCSV.py
[2024-01-05T10:28:58.055-0300] {processor.py:179} INFO - Processing /home/felipe/airflow/dags/utils/saveCityAsCSV.py took 0.198 seconds
[2024-01-05T10:30:16.283-0300] {processor.py:157} INFO - Started process (PID=11261) to work on /home/felipe/airflow/dags/utils/saveCityAsCSV.py
[2024-01-05T10:30:16.315-0300] {processor.py:829} INFO - Processing file /home/felipe/airflow/dags/utils/saveCityAsCSV.py for tasks to queue
[2024-01-05T10:30:16.316-0300] {logging_mixin.py:154} INFO - [2024-01-05T10:30:16.316-0300] {dagbag.py:536} INFO - Filling up the DagBag from /home/felipe/airflow/dags/utils/saveCityAsCSV.py
[2024-01-05T10:30:16.478-0300] {processor.py:841} WARNING - No viable dags retrieved from /home/felipe/airflow/dags/utils/saveCityAsCSV.py
[2024-01-05T10:30:16.484-0300] {processor.py:179} INFO - Processing /home/felipe/airflow/dags/utils/saveCityAsCSV.py took 0.202 seconds
[2024-01-05T10:31:02.918-0300] {processor.py:157} INFO - Started process (PID=11362) to work on /home/felipe/airflow/dags/utils/saveCityAsCSV.py
[2024-01-05T10:31:02.918-0300] {processor.py:829} INFO - Processing file /home/felipe/airflow/dags/utils/saveCityAsCSV.py for tasks to queue
[2024-01-05T10:31:02.919-0300] {logging_mixin.py:154} INFO - [2024-01-05T10:31:02.919-0300] {dagbag.py:536} INFO - Filling up the DagBag from /home/felipe/airflow/dags/utils/saveCityAsCSV.py
[2024-01-05T10:31:03.085-0300] {processor.py:841} WARNING - No viable dags retrieved from /home/felipe/airflow/dags/utils/saveCityAsCSV.py
[2024-01-05T10:31:03.091-0300] {processor.py:179} INFO - Processing /home/felipe/airflow/dags/utils/saveCityAsCSV.py took 0.175 seconds
[2024-01-05T10:32:20.567-0300] {processor.py:157} INFO - Started process (PID=11464) to work on /home/felipe/airflow/dags/utils/saveCityAsCSV.py
[2024-01-05T10:32:20.599-0300] {processor.py:829} INFO - Processing file /home/felipe/airflow/dags/utils/saveCityAsCSV.py for tasks to queue
[2024-01-05T10:32:20.600-0300] {logging_mixin.py:154} INFO - [2024-01-05T10:32:20.599-0300] {dagbag.py:536} INFO - Filling up the DagBag from /home/felipe/airflow/dags/utils/saveCityAsCSV.py
[2024-01-05T10:32:20.768-0300] {processor.py:841} WARNING - No viable dags retrieved from /home/felipe/airflow/dags/utils/saveCityAsCSV.py
[2024-01-05T10:32:20.774-0300] {processor.py:179} INFO - Processing /home/felipe/airflow/dags/utils/saveCityAsCSV.py took 0.209 seconds
[2024-01-05T10:34:08.803-0300] {processor.py:157} INFO - Started process (PID=11613) to work on /home/felipe/airflow/dags/utils/saveCityAsCSV.py
[2024-01-05T10:34:08.835-0300] {processor.py:829} INFO - Processing file /home/felipe/airflow/dags/utils/saveCityAsCSV.py for tasks to queue
[2024-01-05T10:34:08.835-0300] {logging_mixin.py:154} INFO - [2024-01-05T10:34:08.835-0300] {dagbag.py:536} INFO - Filling up the DagBag from /home/felipe/airflow/dags/utils/saveCityAsCSV.py
[2024-01-05T10:34:08.998-0300] {processor.py:841} WARNING - No viable dags retrieved from /home/felipe/airflow/dags/utils/saveCityAsCSV.py
[2024-01-05T10:34:09.003-0300] {processor.py:179} INFO - Processing /home/felipe/airflow/dags/utils/saveCityAsCSV.py took 0.203 seconds
[2024-01-05T10:35:23.478-0300] {processor.py:157} INFO - Started process (PID=11702) to work on /home/felipe/airflow/dags/utils/saveCityAsCSV.py
[2024-01-05T10:35:23.516-0300] {processor.py:829} INFO - Processing file /home/felipe/airflow/dags/utils/saveCityAsCSV.py for tasks to queue
[2024-01-05T10:35:23.516-0300] {logging_mixin.py:154} INFO - [2024-01-05T10:35:23.516-0300] {dagbag.py:536} INFO - Filling up the DagBag from /home/felipe/airflow/dags/utils/saveCityAsCSV.py
[2024-01-05T10:35:23.683-0300] {processor.py:841} WARNING - No viable dags retrieved from /home/felipe/airflow/dags/utils/saveCityAsCSV.py
[2024-01-05T10:35:23.689-0300] {processor.py:179} INFO - Processing /home/felipe/airflow/dags/utils/saveCityAsCSV.py took 0.212 seconds
[2024-01-05T10:36:27.966-0300] {processor.py:157} INFO - Started process (PID=11759) to work on /home/felipe/airflow/dags/utils/saveCityAsCSV.py
[2024-01-05T10:36:27.998-0300] {processor.py:829} INFO - Processing file /home/felipe/airflow/dags/utils/saveCityAsCSV.py for tasks to queue
[2024-01-05T10:36:27.999-0300] {logging_mixin.py:154} INFO - [2024-01-05T10:36:27.999-0300] {dagbag.py:536} INFO - Filling up the DagBag from /home/felipe/airflow/dags/utils/saveCityAsCSV.py
[2024-01-05T10:36:28.258-0300] {processor.py:841} WARNING - No viable dags retrieved from /home/felipe/airflow/dags/utils/saveCityAsCSV.py
[2024-01-05T10:36:28.261-0300] {processor.py:179} INFO - Processing /home/felipe/airflow/dags/utils/saveCityAsCSV.py took 0.297 seconds
[2024-01-05T10:38:28.031-0300] {processor.py:157} INFO - Started process (PID=12165) to work on /home/felipe/airflow/dags/utils/saveCityAsCSV.py
[2024-01-05T10:38:28.063-0300] {processor.py:829} INFO - Processing file /home/felipe/airflow/dags/utils/saveCityAsCSV.py for tasks to queue
[2024-01-05T10:38:28.063-0300] {logging_mixin.py:154} INFO - [2024-01-05T10:38:28.063-0300] {dagbag.py:536} INFO - Filling up the DagBag from /home/felipe/airflow/dags/utils/saveCityAsCSV.py
[2024-01-05T10:38:28.227-0300] {processor.py:841} WARNING - No viable dags retrieved from /home/felipe/airflow/dags/utils/saveCityAsCSV.py
[2024-01-05T10:38:28.232-0300] {processor.py:179} INFO - Processing /home/felipe/airflow/dags/utils/saveCityAsCSV.py took 0.203 seconds
[2024-01-05T10:39:17.666-0300] {processor.py:157} INFO - Started process (PID=12313) to work on /home/felipe/airflow/dags/utils/saveCityAsCSV.py
[2024-01-05T10:39:17.680-0300] {processor.py:829} INFO - Processing file /home/felipe/airflow/dags/utils/saveCityAsCSV.py for tasks to queue
[2024-01-05T10:39:17.681-0300] {logging_mixin.py:154} INFO - [2024-01-05T10:39:17.681-0300] {dagbag.py:536} INFO - Filling up the DagBag from /home/felipe/airflow/dags/utils/saveCityAsCSV.py
[2024-01-05T10:39:17.847-0300] {processor.py:841} WARNING - No viable dags retrieved from /home/felipe/airflow/dags/utils/saveCityAsCSV.py
[2024-01-05T10:39:17.852-0300] {processor.py:179} INFO - Processing /home/felipe/airflow/dags/utils/saveCityAsCSV.py took 0.189 seconds
[2024-01-05T10:42:45.757-0300] {processor.py:157} INFO - Started process (PID=12523) to work on /home/felipe/airflow/dags/utils/saveCityAsCSV.py
[2024-01-05T10:42:45.790-0300] {processor.py:829} INFO - Processing file /home/felipe/airflow/dags/utils/saveCityAsCSV.py for tasks to queue
[2024-01-05T10:42:45.790-0300] {logging_mixin.py:154} INFO - [2024-01-05T10:42:45.790-0300] {dagbag.py:536} INFO - Filling up the DagBag from /home/felipe/airflow/dags/utils/saveCityAsCSV.py
[2024-01-05T10:42:45.962-0300] {processor.py:841} WARNING - No viable dags retrieved from /home/felipe/airflow/dags/utils/saveCityAsCSV.py
[2024-01-05T10:42:45.970-0300] {processor.py:179} INFO - Processing /home/felipe/airflow/dags/utils/saveCityAsCSV.py took 0.214 seconds
[2024-01-05T10:43:41.140-0300] {processor.py:157} INFO - Started process (PID=12633) to work on /home/felipe/airflow/dags/utils/saveCityAsCSV.py
[2024-01-05T10:43:41.173-0300] {processor.py:829} INFO - Processing file /home/felipe/airflow/dags/utils/saveCityAsCSV.py for tasks to queue
[2024-01-05T10:43:41.173-0300] {logging_mixin.py:154} INFO - [2024-01-05T10:43:41.173-0300] {dagbag.py:536} INFO - Filling up the DagBag from /home/felipe/airflow/dags/utils/saveCityAsCSV.py
[2024-01-05T10:43:41.348-0300] {processor.py:841} WARNING - No viable dags retrieved from /home/felipe/airflow/dags/utils/saveCityAsCSV.py
[2024-01-05T10:43:41.357-0300] {processor.py:179} INFO - Processing /home/felipe/airflow/dags/utils/saveCityAsCSV.py took 0.219 seconds
[2024-01-05T10:44:35.507-0300] {processor.py:157} INFO - Started process (PID=12757) to work on /home/felipe/airflow/dags/utils/saveCityAsCSV.py
[2024-01-05T10:44:35.539-0300] {processor.py:829} INFO - Processing file /home/felipe/airflow/dags/utils/saveCityAsCSV.py for tasks to queue
[2024-01-05T10:44:35.539-0300] {logging_mixin.py:154} INFO - [2024-01-05T10:44:35.539-0300] {dagbag.py:536} INFO - Filling up the DagBag from /home/felipe/airflow/dags/utils/saveCityAsCSV.py
[2024-01-05T10:44:35.710-0300] {processor.py:841} WARNING - No viable dags retrieved from /home/felipe/airflow/dags/utils/saveCityAsCSV.py
[2024-01-05T10:44:35.716-0300] {processor.py:179} INFO - Processing /home/felipe/airflow/dags/utils/saveCityAsCSV.py took 0.211 seconds
[2024-01-05T10:45:22.518-0300] {processor.py:157} INFO - Started process (PID=12857) to work on /home/felipe/airflow/dags/utils/saveCityAsCSV.py
[2024-01-05T10:45:22.519-0300] {processor.py:829} INFO - Processing file /home/felipe/airflow/dags/utils/saveCityAsCSV.py for tasks to queue
[2024-01-05T10:45:22.519-0300] {logging_mixin.py:154} INFO - [2024-01-05T10:45:22.519-0300] {dagbag.py:536} INFO - Filling up the DagBag from /home/felipe/airflow/dags/utils/saveCityAsCSV.py
[2024-01-05T10:45:22.684-0300] {processor.py:841} WARNING - No viable dags retrieved from /home/felipe/airflow/dags/utils/saveCityAsCSV.py
[2024-01-05T10:45:22.690-0300] {processor.py:179} INFO - Processing /home/felipe/airflow/dags/utils/saveCityAsCSV.py took 0.174 seconds
[2024-01-05T10:46:05.354-0300] {processor.py:157} INFO - Started process (PID=12978) to work on /home/felipe/airflow/dags/utils/saveCityAsCSV.py
[2024-01-05T10:46:05.386-0300] {processor.py:829} INFO - Processing file /home/felipe/airflow/dags/utils/saveCityAsCSV.py for tasks to queue
[2024-01-05T10:46:05.386-0300] {logging_mixin.py:154} INFO - [2024-01-05T10:46:05.386-0300] {dagbag.py:536} INFO - Filling up the DagBag from /home/felipe/airflow/dags/utils/saveCityAsCSV.py
[2024-01-05T10:46:05.551-0300] {processor.py:841} WARNING - No viable dags retrieved from /home/felipe/airflow/dags/utils/saveCityAsCSV.py
[2024-01-05T10:46:05.557-0300] {processor.py:179} INFO - Processing /home/felipe/airflow/dags/utils/saveCityAsCSV.py took 0.205 seconds
[2024-01-05T10:46:56.311-0300] {processor.py:157} INFO - Started process (PID=13068) to work on /home/felipe/airflow/dags/utils/saveCityAsCSV.py
[2024-01-05T10:46:56.344-0300] {processor.py:829} INFO - Processing file /home/felipe/airflow/dags/utils/saveCityAsCSV.py for tasks to queue
[2024-01-05T10:46:56.344-0300] {logging_mixin.py:154} INFO - [2024-01-05T10:46:56.344-0300] {dagbag.py:536} INFO - Filling up the DagBag from /home/felipe/airflow/dags/utils/saveCityAsCSV.py
[2024-01-05T10:46:56.511-0300] {processor.py:841} WARNING - No viable dags retrieved from /home/felipe/airflow/dags/utils/saveCityAsCSV.py
[2024-01-05T10:46:56.517-0300] {processor.py:179} INFO - Processing /home/felipe/airflow/dags/utils/saveCityAsCSV.py took 0.208 seconds
[2024-01-05T10:51:37.685-0300] {processor.py:157} INFO - Started process (PID=13366) to work on /home/felipe/airflow/dags/utils/saveCityAsCSV.py
[2024-01-05T10:51:37.717-0300] {processor.py:829} INFO - Processing file /home/felipe/airflow/dags/utils/saveCityAsCSV.py for tasks to queue
[2024-01-05T10:51:37.718-0300] {logging_mixin.py:154} INFO - [2024-01-05T10:51:37.718-0300] {dagbag.py:536} INFO - Filling up the DagBag from /home/felipe/airflow/dags/utils/saveCityAsCSV.py
[2024-01-05T10:51:37.881-0300] {processor.py:841} WARNING - No viable dags retrieved from /home/felipe/airflow/dags/utils/saveCityAsCSV.py
[2024-01-05T10:51:37.887-0300] {processor.py:179} INFO - Processing /home/felipe/airflow/dags/utils/saveCityAsCSV.py took 0.204 seconds
[2024-01-05T10:52:29.067-0300] {processor.py:157} INFO - Started process (PID=13539) to work on /home/felipe/airflow/dags/utils/saveCityAsCSV.py
[2024-01-05T10:52:29.099-0300] {processor.py:829} INFO - Processing file /home/felipe/airflow/dags/utils/saveCityAsCSV.py for tasks to queue
[2024-01-05T10:52:29.100-0300] {logging_mixin.py:154} INFO - [2024-01-05T10:52:29.099-0300] {dagbag.py:536} INFO - Filling up the DagBag from /home/felipe/airflow/dags/utils/saveCityAsCSV.py
[2024-01-05T10:52:29.262-0300] {processor.py:841} WARNING - No viable dags retrieved from /home/felipe/airflow/dags/utils/saveCityAsCSV.py
[2024-01-05T10:52:29.268-0300] {processor.py:179} INFO - Processing /home/felipe/airflow/dags/utils/saveCityAsCSV.py took 0.203 seconds
[2024-01-05T10:53:09.814-0300] {processor.py:157} INFO - Started process (PID=13635) to work on /home/felipe/airflow/dags/utils/saveCityAsCSV.py
[2024-01-05T10:53:09.815-0300] {processor.py:829} INFO - Processing file /home/felipe/airflow/dags/utils/saveCityAsCSV.py for tasks to queue
[2024-01-05T10:53:09.815-0300] {logging_mixin.py:154} INFO - [2024-01-05T10:53:09.815-0300] {dagbag.py:536} INFO - Filling up the DagBag from /home/felipe/airflow/dags/utils/saveCityAsCSV.py
[2024-01-05T10:53:09.982-0300] {processor.py:841} WARNING - No viable dags retrieved from /home/felipe/airflow/dags/utils/saveCityAsCSV.py
[2024-01-05T10:53:09.987-0300] {processor.py:179} INFO - Processing /home/felipe/airflow/dags/utils/saveCityAsCSV.py took 0.175 seconds
[2024-01-05T10:53:49.873-0300] {processor.py:157} INFO - Started process (PID=13767) to work on /home/felipe/airflow/dags/utils/saveCityAsCSV.py
[2024-01-05T10:53:49.906-0300] {processor.py:829} INFO - Processing file /home/felipe/airflow/dags/utils/saveCityAsCSV.py for tasks to queue
[2024-01-05T10:53:49.906-0300] {logging_mixin.py:154} INFO - [2024-01-05T10:53:49.906-0300] {dagbag.py:536} INFO - Filling up the DagBag from /home/felipe/airflow/dags/utils/saveCityAsCSV.py
[2024-01-05T10:53:50.121-0300] {processor.py:841} WARNING - No viable dags retrieved from /home/felipe/airflow/dags/utils/saveCityAsCSV.py
[2024-01-05T10:53:50.127-0300] {processor.py:179} INFO - Processing /home/felipe/airflow/dags/utils/saveCityAsCSV.py took 0.256 seconds
[2024-01-05T10:54:31.223-0300] {processor.py:157} INFO - Started process (PID=13852) to work on /home/felipe/airflow/dags/utils/saveCityAsCSV.py
[2024-01-05T10:54:31.224-0300] {processor.py:829} INFO - Processing file /home/felipe/airflow/dags/utils/saveCityAsCSV.py for tasks to queue
[2024-01-05T10:54:31.224-0300] {logging_mixin.py:154} INFO - [2024-01-05T10:54:31.224-0300] {dagbag.py:536} INFO - Filling up the DagBag from /home/felipe/airflow/dags/utils/saveCityAsCSV.py
[2024-01-05T10:54:31.478-0300] {processor.py:841} WARNING - No viable dags retrieved from /home/felipe/airflow/dags/utils/saveCityAsCSV.py
[2024-01-05T10:54:31.482-0300] {processor.py:179} INFO - Processing /home/felipe/airflow/dags/utils/saveCityAsCSV.py took 0.260 seconds
[2024-01-05T10:55:13.707-0300] {processor.py:157} INFO - Started process (PID=13929) to work on /home/felipe/airflow/dags/utils/saveCityAsCSV.py
[2024-01-05T10:55:13.739-0300] {processor.py:829} INFO - Processing file /home/felipe/airflow/dags/utils/saveCityAsCSV.py for tasks to queue
[2024-01-05T10:55:13.739-0300] {logging_mixin.py:154} INFO - [2024-01-05T10:55:13.739-0300] {dagbag.py:536} INFO - Filling up the DagBag from /home/felipe/airflow/dags/utils/saveCityAsCSV.py
[2024-01-05T10:55:13.906-0300] {processor.py:841} WARNING - No viable dags retrieved from /home/felipe/airflow/dags/utils/saveCityAsCSV.py
[2024-01-05T10:55:13.911-0300] {processor.py:179} INFO - Processing /home/felipe/airflow/dags/utils/saveCityAsCSV.py took 0.207 seconds
[2024-01-05T10:55:52.694-0300] {processor.py:157} INFO - Started process (PID=14003) to work on /home/felipe/airflow/dags/utils/saveCityAsCSV.py
[2024-01-05T10:55:52.726-0300] {processor.py:829} INFO - Processing file /home/felipe/airflow/dags/utils/saveCityAsCSV.py for tasks to queue
[2024-01-05T10:55:52.727-0300] {logging_mixin.py:154} INFO - [2024-01-05T10:55:52.726-0300] {dagbag.py:536} INFO - Filling up the DagBag from /home/felipe/airflow/dags/utils/saveCityAsCSV.py
[2024-01-05T10:55:52.909-0300] {processor.py:841} WARNING - No viable dags retrieved from /home/felipe/airflow/dags/utils/saveCityAsCSV.py
[2024-01-05T10:55:52.915-0300] {processor.py:179} INFO - Processing /home/felipe/airflow/dags/utils/saveCityAsCSV.py took 0.223 seconds
[2024-01-05T10:56:35.685-0300] {processor.py:157} INFO - Started process (PID=14078) to work on /home/felipe/airflow/dags/utils/saveCityAsCSV.py
[2024-01-05T10:56:35.717-0300] {processor.py:829} INFO - Processing file /home/felipe/airflow/dags/utils/saveCityAsCSV.py for tasks to queue
[2024-01-05T10:56:35.718-0300] {logging_mixin.py:154} INFO - [2024-01-05T10:56:35.718-0300] {dagbag.py:536} INFO - Filling up the DagBag from /home/felipe/airflow/dags/utils/saveCityAsCSV.py
[2024-01-05T10:56:35.978-0300] {processor.py:841} WARNING - No viable dags retrieved from /home/felipe/airflow/dags/utils/saveCityAsCSV.py
[2024-01-05T10:56:35.982-0300] {processor.py:179} INFO - Processing /home/felipe/airflow/dags/utils/saveCityAsCSV.py took 0.299 seconds
[2024-01-05T10:57:17.186-0300] {processor.py:157} INFO - Started process (PID=14168) to work on /home/felipe/airflow/dags/utils/saveCityAsCSV.py
[2024-01-05T10:57:17.218-0300] {processor.py:829} INFO - Processing file /home/felipe/airflow/dags/utils/saveCityAsCSV.py for tasks to queue
[2024-01-05T10:57:17.219-0300] {logging_mixin.py:154} INFO - [2024-01-05T10:57:17.219-0300] {dagbag.py:536} INFO - Filling up the DagBag from /home/felipe/airflow/dags/utils/saveCityAsCSV.py
[2024-01-05T10:57:17.384-0300] {processor.py:841} WARNING - No viable dags retrieved from /home/felipe/airflow/dags/utils/saveCityAsCSV.py
[2024-01-05T10:57:17.390-0300] {processor.py:179} INFO - Processing /home/felipe/airflow/dags/utils/saveCityAsCSV.py took 0.206 seconds
[2024-01-05T10:57:58.127-0300] {processor.py:157} INFO - Started process (PID=14247) to work on /home/felipe/airflow/dags/utils/saveCityAsCSV.py
[2024-01-05T10:57:58.159-0300] {processor.py:829} INFO - Processing file /home/felipe/airflow/dags/utils/saveCityAsCSV.py for tasks to queue
[2024-01-05T10:57:58.159-0300] {logging_mixin.py:154} INFO - [2024-01-05T10:57:58.159-0300] {dagbag.py:536} INFO - Filling up the DagBag from /home/felipe/airflow/dags/utils/saveCityAsCSV.py
[2024-01-05T10:57:58.420-0300] {processor.py:841} WARNING - No viable dags retrieved from /home/felipe/airflow/dags/utils/saveCityAsCSV.py
[2024-01-05T10:57:58.424-0300] {processor.py:179} INFO - Processing /home/felipe/airflow/dags/utils/saveCityAsCSV.py took 0.299 seconds
[2024-01-05T10:58:39.673-0300] {processor.py:157} INFO - Started process (PID=14328) to work on /home/felipe/airflow/dags/utils/saveCityAsCSV.py
[2024-01-05T10:58:39.705-0300] {processor.py:829} INFO - Processing file /home/felipe/airflow/dags/utils/saveCityAsCSV.py for tasks to queue
[2024-01-05T10:58:39.706-0300] {logging_mixin.py:154} INFO - [2024-01-05T10:58:39.706-0300] {dagbag.py:536} INFO - Filling up the DagBag from /home/felipe/airflow/dags/utils/saveCityAsCSV.py
[2024-01-05T10:58:39.871-0300] {processor.py:841} WARNING - No viable dags retrieved from /home/felipe/airflow/dags/utils/saveCityAsCSV.py
[2024-01-05T10:58:39.895-0300] {processor.py:179} INFO - Processing /home/felipe/airflow/dags/utils/saveCityAsCSV.py took 0.224 seconds
[2024-01-05T10:59:18.041-0300] {processor.py:157} INFO - Started process (PID=14401) to work on /home/felipe/airflow/dags/utils/saveCityAsCSV.py
[2024-01-05T10:59:18.074-0300] {processor.py:829} INFO - Processing file /home/felipe/airflow/dags/utils/saveCityAsCSV.py for tasks to queue
[2024-01-05T10:59:18.074-0300] {logging_mixin.py:154} INFO - [2024-01-05T10:59:18.074-0300] {dagbag.py:536} INFO - Filling up the DagBag from /home/felipe/airflow/dags/utils/saveCityAsCSV.py
[2024-01-05T10:59:18.340-0300] {processor.py:841} WARNING - No viable dags retrieved from /home/felipe/airflow/dags/utils/saveCityAsCSV.py
[2024-01-05T10:59:18.344-0300] {processor.py:179} INFO - Processing /home/felipe/airflow/dags/utils/saveCityAsCSV.py took 0.305 seconds
[2024-01-05T11:00:00.002-0300] {processor.py:157} INFO - Started process (PID=14476) to work on /home/felipe/airflow/dags/utils/saveCityAsCSV.py
[2024-01-05T11:00:00.035-0300] {processor.py:829} INFO - Processing file /home/felipe/airflow/dags/utils/saveCityAsCSV.py for tasks to queue
[2024-01-05T11:00:00.035-0300] {logging_mixin.py:154} INFO - [2024-01-05T11:00:00.035-0300] {dagbag.py:536} INFO - Filling up the DagBag from /home/felipe/airflow/dags/utils/saveCityAsCSV.py
[2024-01-05T11:00:00.298-0300] {processor.py:841} WARNING - No viable dags retrieved from /home/felipe/airflow/dags/utils/saveCityAsCSV.py
[2024-01-05T11:00:00.301-0300] {processor.py:179} INFO - Processing /home/felipe/airflow/dags/utils/saveCityAsCSV.py took 0.301 seconds
[2024-01-05T11:00:44.953-0300] {processor.py:157} INFO - Started process (PID=14561) to work on /home/felipe/airflow/dags/utils/saveCityAsCSV.py
[2024-01-05T11:00:44.985-0300] {processor.py:829} INFO - Processing file /home/felipe/airflow/dags/utils/saveCityAsCSV.py for tasks to queue
[2024-01-05T11:00:44.986-0300] {logging_mixin.py:154} INFO - [2024-01-05T11:00:44.985-0300] {dagbag.py:536} INFO - Filling up the DagBag from /home/felipe/airflow/dags/utils/saveCityAsCSV.py
[2024-01-05T11:00:45.245-0300] {processor.py:841} WARNING - No viable dags retrieved from /home/felipe/airflow/dags/utils/saveCityAsCSV.py
[2024-01-05T11:00:45.249-0300] {processor.py:179} INFO - Processing /home/felipe/airflow/dags/utils/saveCityAsCSV.py took 0.298 seconds
[2024-01-05T11:01:27.435-0300] {processor.py:157} INFO - Started process (PID=14638) to work on /home/felipe/airflow/dags/utils/saveCityAsCSV.py
[2024-01-05T11:01:27.435-0300] {processor.py:829} INFO - Processing file /home/felipe/airflow/dags/utils/saveCityAsCSV.py for tasks to queue
[2024-01-05T11:01:27.436-0300] {logging_mixin.py:154} INFO - [2024-01-05T11:01:27.436-0300] {dagbag.py:536} INFO - Filling up the DagBag from /home/felipe/airflow/dags/utils/saveCityAsCSV.py
[2024-01-05T11:01:27.695-0300] {processor.py:841} WARNING - No viable dags retrieved from /home/felipe/airflow/dags/utils/saveCityAsCSV.py
[2024-01-05T11:01:27.699-0300] {processor.py:179} INFO - Processing /home/felipe/airflow/dags/utils/saveCityAsCSV.py took 0.266 seconds
[2024-01-05T11:02:11.471-0300] {processor.py:157} INFO - Started process (PID=14709) to work on /home/felipe/airflow/dags/utils/saveCityAsCSV.py
[2024-01-05T11:02:11.492-0300] {processor.py:829} INFO - Processing file /home/felipe/airflow/dags/utils/saveCityAsCSV.py for tasks to queue
[2024-01-05T11:02:11.492-0300] {logging_mixin.py:154} INFO - [2024-01-05T11:02:11.492-0300] {dagbag.py:536} INFO - Filling up the DagBag from /home/felipe/airflow/dags/utils/saveCityAsCSV.py
[2024-01-05T11:02:11.754-0300] {processor.py:841} WARNING - No viable dags retrieved from /home/felipe/airflow/dags/utils/saveCityAsCSV.py
[2024-01-05T11:02:11.758-0300] {processor.py:179} INFO - Processing /home/felipe/airflow/dags/utils/saveCityAsCSV.py took 0.289 seconds
[2024-01-05T11:03:00.002-0300] {processor.py:157} INFO - Started process (PID=14789) to work on /home/felipe/airflow/dags/utils/saveCityAsCSV.py
[2024-01-05T11:03:00.036-0300] {processor.py:829} INFO - Processing file /home/felipe/airflow/dags/utils/saveCityAsCSV.py for tasks to queue
[2024-01-05T11:03:00.037-0300] {logging_mixin.py:154} INFO - [2024-01-05T11:03:00.036-0300] {dagbag.py:536} INFO - Filling up the DagBag from /home/felipe/airflow/dags/utils/saveCityAsCSV.py
[2024-01-05T11:03:00.297-0300] {processor.py:841} WARNING - No viable dags retrieved from /home/felipe/airflow/dags/utils/saveCityAsCSV.py
[2024-01-05T11:03:00.300-0300] {processor.py:179} INFO - Processing /home/felipe/airflow/dags/utils/saveCityAsCSV.py took 0.301 seconds
[2024-01-05T11:03:45.118-0300] {processor.py:157} INFO - Started process (PID=14873) to work on /home/felipe/airflow/dags/utils/saveCityAsCSV.py
[2024-01-05T11:03:45.150-0300] {processor.py:829} INFO - Processing file /home/felipe/airflow/dags/utils/saveCityAsCSV.py for tasks to queue
[2024-01-05T11:03:45.151-0300] {logging_mixin.py:154} INFO - [2024-01-05T11:03:45.150-0300] {dagbag.py:536} INFO - Filling up the DagBag from /home/felipe/airflow/dags/utils/saveCityAsCSV.py
[2024-01-05T11:03:45.413-0300] {processor.py:841} WARNING - No viable dags retrieved from /home/felipe/airflow/dags/utils/saveCityAsCSV.py
[2024-01-05T11:03:45.416-0300] {processor.py:179} INFO - Processing /home/felipe/airflow/dags/utils/saveCityAsCSV.py took 0.300 seconds
[2024-01-05T11:04:28.945-0300] {processor.py:157} INFO - Started process (PID=14949) to work on /home/felipe/airflow/dags/utils/saveCityAsCSV.py
[2024-01-05T11:04:28.977-0300] {processor.py:829} INFO - Processing file /home/felipe/airflow/dags/utils/saveCityAsCSV.py for tasks to queue
[2024-01-05T11:04:28.978-0300] {logging_mixin.py:154} INFO - [2024-01-05T11:04:28.978-0300] {dagbag.py:536} INFO - Filling up the DagBag from /home/felipe/airflow/dags/utils/saveCityAsCSV.py
[2024-01-05T11:04:29.236-0300] {processor.py:841} WARNING - No viable dags retrieved from /home/felipe/airflow/dags/utils/saveCityAsCSV.py
[2024-01-05T11:04:29.239-0300] {processor.py:179} INFO - Processing /home/felipe/airflow/dags/utils/saveCityAsCSV.py took 0.297 seconds
[2024-01-05T11:05:17.327-0300] {processor.py:157} INFO - Started process (PID=15048) to work on /home/felipe/airflow/dags/utils/saveCityAsCSV.py
[2024-01-05T11:05:17.359-0300] {processor.py:829} INFO - Processing file /home/felipe/airflow/dags/utils/saveCityAsCSV.py for tasks to queue
[2024-01-05T11:05:17.360-0300] {logging_mixin.py:154} INFO - [2024-01-05T11:05:17.359-0300] {dagbag.py:536} INFO - Filling up the DagBag from /home/felipe/airflow/dags/utils/saveCityAsCSV.py
[2024-01-05T11:05:17.623-0300] {processor.py:841} WARNING - No viable dags retrieved from /home/felipe/airflow/dags/utils/saveCityAsCSV.py
[2024-01-05T11:05:17.626-0300] {processor.py:179} INFO - Processing /home/felipe/airflow/dags/utils/saveCityAsCSV.py took 0.301 seconds
[2024-01-05T11:06:02.454-0300] {processor.py:157} INFO - Started process (PID=15136) to work on /home/felipe/airflow/dags/utils/saveCityAsCSV.py
[2024-01-05T11:06:02.455-0300] {processor.py:829} INFO - Processing file /home/felipe/airflow/dags/utils/saveCityAsCSV.py for tasks to queue
[2024-01-05T11:06:02.455-0300] {logging_mixin.py:154} INFO - [2024-01-05T11:06:02.455-0300] {dagbag.py:536} INFO - Filling up the DagBag from /home/felipe/airflow/dags/utils/saveCityAsCSV.py
[2024-01-05T11:06:02.714-0300] {processor.py:841} WARNING - No viable dags retrieved from /home/felipe/airflow/dags/utils/saveCityAsCSV.py
[2024-01-05T11:06:02.717-0300] {processor.py:179} INFO - Processing /home/felipe/airflow/dags/utils/saveCityAsCSV.py took 0.265 seconds
[2024-01-05T11:06:47.579-0300] {processor.py:157} INFO - Started process (PID=15213) to work on /home/felipe/airflow/dags/utils/saveCityAsCSV.py
[2024-01-05T11:06:47.611-0300] {processor.py:829} INFO - Processing file /home/felipe/airflow/dags/utils/saveCityAsCSV.py for tasks to queue
[2024-01-05T11:06:47.612-0300] {logging_mixin.py:154} INFO - [2024-01-05T11:06:47.611-0300] {dagbag.py:536} INFO - Filling up the DagBag from /home/felipe/airflow/dags/utils/saveCityAsCSV.py
[2024-01-05T11:06:47.874-0300] {processor.py:841} WARNING - No viable dags retrieved from /home/felipe/airflow/dags/utils/saveCityAsCSV.py
[2024-01-05T11:06:47.879-0300] {processor.py:179} INFO - Processing /home/felipe/airflow/dags/utils/saveCityAsCSV.py took 0.302 seconds
[2024-01-05T11:07:33.137-0300] {processor.py:157} INFO - Started process (PID=15289) to work on /home/felipe/airflow/dags/utils/saveCityAsCSV.py
[2024-01-05T11:07:33.169-0300] {processor.py:829} INFO - Processing file /home/felipe/airflow/dags/utils/saveCityAsCSV.py for tasks to queue
[2024-01-05T11:07:33.170-0300] {logging_mixin.py:154} INFO - [2024-01-05T11:07:33.170-0300] {dagbag.py:536} INFO - Filling up the DagBag from /home/felipe/airflow/dags/utils/saveCityAsCSV.py
[2024-01-05T11:07:33.431-0300] {processor.py:841} WARNING - No viable dags retrieved from /home/felipe/airflow/dags/utils/saveCityAsCSV.py
[2024-01-05T11:07:33.434-0300] {processor.py:179} INFO - Processing /home/felipe/airflow/dags/utils/saveCityAsCSV.py took 0.299 seconds
[2024-01-05T11:08:16.594-0300] {processor.py:157} INFO - Started process (PID=15371) to work on /home/felipe/airflow/dags/utils/saveCityAsCSV.py
[2024-01-05T11:08:16.626-0300] {processor.py:829} INFO - Processing file /home/felipe/airflow/dags/utils/saveCityAsCSV.py for tasks to queue
[2024-01-05T11:08:16.627-0300] {logging_mixin.py:154} INFO - [2024-01-05T11:08:16.627-0300] {dagbag.py:536} INFO - Filling up the DagBag from /home/felipe/airflow/dags/utils/saveCityAsCSV.py
[2024-01-05T11:08:16.888-0300] {processor.py:841} WARNING - No viable dags retrieved from /home/felipe/airflow/dags/utils/saveCityAsCSV.py
[2024-01-05T11:08:16.892-0300] {processor.py:179} INFO - Processing /home/felipe/airflow/dags/utils/saveCityAsCSV.py took 0.300 seconds
[2024-01-05T11:09:00.479-0300] {processor.py:157} INFO - Started process (PID=15447) to work on /home/felipe/airflow/dags/utils/saveCityAsCSV.py
[2024-01-05T11:09:00.512-0300] {processor.py:829} INFO - Processing file /home/felipe/airflow/dags/utils/saveCityAsCSV.py for tasks to queue
[2024-01-05T11:09:00.512-0300] {logging_mixin.py:154} INFO - [2024-01-05T11:09:00.512-0300] {dagbag.py:536} INFO - Filling up the DagBag from /home/felipe/airflow/dags/utils/saveCityAsCSV.py
[2024-01-05T11:09:00.771-0300] {processor.py:841} WARNING - No viable dags retrieved from /home/felipe/airflow/dags/utils/saveCityAsCSV.py
[2024-01-05T11:09:00.775-0300] {processor.py:179} INFO - Processing /home/felipe/airflow/dags/utils/saveCityAsCSV.py took 0.298 seconds
[2024-01-05T11:09:40.554-0300] {processor.py:157} INFO - Started process (PID=15544) to work on /home/felipe/airflow/dags/utils/saveCityAsCSV.py
[2024-01-05T11:09:40.586-0300] {processor.py:829} INFO - Processing file /home/felipe/airflow/dags/utils/saveCityAsCSV.py for tasks to queue
[2024-01-05T11:09:40.587-0300] {logging_mixin.py:154} INFO - [2024-01-05T11:09:40.586-0300] {dagbag.py:536} INFO - Filling up the DagBag from /home/felipe/airflow/dags/utils/saveCityAsCSV.py
[2024-01-05T11:09:40.845-0300] {processor.py:841} WARNING - No viable dags retrieved from /home/felipe/airflow/dags/utils/saveCityAsCSV.py
[2024-01-05T11:09:40.849-0300] {processor.py:179} INFO - Processing /home/felipe/airflow/dags/utils/saveCityAsCSV.py took 0.296 seconds
[2024-01-05T11:10:23.619-0300] {processor.py:157} INFO - Started process (PID=15626) to work on /home/felipe/airflow/dags/utils/saveCityAsCSV.py
[2024-01-05T11:10:23.651-0300] {processor.py:829} INFO - Processing file /home/felipe/airflow/dags/utils/saveCityAsCSV.py for tasks to queue
[2024-01-05T11:10:23.652-0300] {logging_mixin.py:154} INFO - [2024-01-05T11:10:23.652-0300] {dagbag.py:536} INFO - Filling up the DagBag from /home/felipe/airflow/dags/utils/saveCityAsCSV.py
[2024-01-05T11:10:23.909-0300] {processor.py:841} WARNING - No viable dags retrieved from /home/felipe/airflow/dags/utils/saveCityAsCSV.py
[2024-01-05T11:10:23.913-0300] {processor.py:179} INFO - Processing /home/felipe/airflow/dags/utils/saveCityAsCSV.py took 0.296 seconds
[2024-01-05T11:11:06.371-0300] {processor.py:157} INFO - Started process (PID=15702) to work on /home/felipe/airflow/dags/utils/saveCityAsCSV.py
[2024-01-05T11:11:06.403-0300] {processor.py:829} INFO - Processing file /home/felipe/airflow/dags/utils/saveCityAsCSV.py for tasks to queue
[2024-01-05T11:11:06.404-0300] {logging_mixin.py:154} INFO - [2024-01-05T11:11:06.404-0300] {dagbag.py:536} INFO - Filling up the DagBag from /home/felipe/airflow/dags/utils/saveCityAsCSV.py
[2024-01-05T11:11:06.661-0300] {processor.py:841} WARNING - No viable dags retrieved from /home/felipe/airflow/dags/utils/saveCityAsCSV.py
[2024-01-05T11:11:06.664-0300] {processor.py:179} INFO - Processing /home/felipe/airflow/dags/utils/saveCityAsCSV.py took 0.295 seconds
[2024-01-05T11:11:45.319-0300] {processor.py:157} INFO - Started process (PID=15778) to work on /home/felipe/airflow/dags/utils/saveCityAsCSV.py
[2024-01-05T11:11:45.351-0300] {processor.py:829} INFO - Processing file /home/felipe/airflow/dags/utils/saveCityAsCSV.py for tasks to queue
[2024-01-05T11:11:45.351-0300] {logging_mixin.py:154} INFO - [2024-01-05T11:11:45.351-0300] {dagbag.py:536} INFO - Filling up the DagBag from /home/felipe/airflow/dags/utils/saveCityAsCSV.py
[2024-01-05T11:11:45.609-0300] {processor.py:841} WARNING - No viable dags retrieved from /home/felipe/airflow/dags/utils/saveCityAsCSV.py
[2024-01-05T11:11:45.613-0300] {processor.py:179} INFO - Processing /home/felipe/airflow/dags/utils/saveCityAsCSV.py took 0.296 seconds
[2024-01-05T11:12:22.022-0300] {processor.py:157} INFO - Started process (PID=16646) to work on /home/felipe/airflow/dags/utils/saveCityAsCSV.py
[2024-01-05T11:12:22.022-0300] {processor.py:829} INFO - Processing file /home/felipe/airflow/dags/utils/saveCityAsCSV.py for tasks to queue
[2024-01-05T11:12:22.023-0300] {logging_mixin.py:154} INFO - [2024-01-05T11:12:22.023-0300] {dagbag.py:536} INFO - Filling up the DagBag from /home/felipe/airflow/dags/utils/saveCityAsCSV.py
[2024-01-05T11:12:22.303-0300] {processor.py:841} WARNING - No viable dags retrieved from /home/felipe/airflow/dags/utils/saveCityAsCSV.py
[2024-01-05T11:12:22.306-0300] {processor.py:179} INFO - Processing /home/felipe/airflow/dags/utils/saveCityAsCSV.py took 0.287 seconds
[2024-01-05T11:13:03.671-0300] {processor.py:157} INFO - Started process (PID=17243) to work on /home/felipe/airflow/dags/utils/saveCityAsCSV.py
[2024-01-05T11:13:03.713-0300] {processor.py:829} INFO - Processing file /home/felipe/airflow/dags/utils/saveCityAsCSV.py for tasks to queue
[2024-01-05T11:13:03.713-0300] {logging_mixin.py:154} INFO - [2024-01-05T11:13:03.713-0300] {dagbag.py:536} INFO - Filling up the DagBag from /home/felipe/airflow/dags/utils/saveCityAsCSV.py
[2024-01-05T11:13:03.968-0300] {processor.py:841} WARNING - No viable dags retrieved from /home/felipe/airflow/dags/utils/saveCityAsCSV.py
[2024-01-05T11:13:03.971-0300] {processor.py:179} INFO - Processing /home/felipe/airflow/dags/utils/saveCityAsCSV.py took 0.301 seconds
[2024-01-05T11:13:48.471-0300] {processor.py:157} INFO - Started process (PID=17327) to work on /home/felipe/airflow/dags/utils/saveCityAsCSV.py
[2024-01-05T11:13:48.503-0300] {processor.py:829} INFO - Processing file /home/felipe/airflow/dags/utils/saveCityAsCSV.py for tasks to queue
[2024-01-05T11:13:48.504-0300] {logging_mixin.py:154} INFO - [2024-01-05T11:13:48.504-0300] {dagbag.py:536} INFO - Filling up the DagBag from /home/felipe/airflow/dags/utils/saveCityAsCSV.py
[2024-01-05T11:13:48.762-0300] {processor.py:841} WARNING - No viable dags retrieved from /home/felipe/airflow/dags/utils/saveCityAsCSV.py
[2024-01-05T11:13:48.766-0300] {processor.py:179} INFO - Processing /home/felipe/airflow/dags/utils/saveCityAsCSV.py took 0.297 seconds
[2024-01-05T11:14:27.883-0300] {processor.py:157} INFO - Started process (PID=17400) to work on /home/felipe/airflow/dags/utils/saveCityAsCSV.py
[2024-01-05T11:14:27.915-0300] {processor.py:829} INFO - Processing file /home/felipe/airflow/dags/utils/saveCityAsCSV.py for tasks to queue
[2024-01-05T11:14:27.916-0300] {logging_mixin.py:154} INFO - [2024-01-05T11:14:27.916-0300] {dagbag.py:536} INFO - Filling up the DagBag from /home/felipe/airflow/dags/utils/saveCityAsCSV.py
[2024-01-05T11:14:28.175-0300] {processor.py:841} WARNING - No viable dags retrieved from /home/felipe/airflow/dags/utils/saveCityAsCSV.py
[2024-01-05T11:14:28.179-0300] {processor.py:179} INFO - Processing /home/felipe/airflow/dags/utils/saveCityAsCSV.py took 0.297 seconds
[2024-01-05T11:15:09.797-0300] {processor.py:157} INFO - Started process (PID=17478) to work on /home/felipe/airflow/dags/utils/saveCityAsCSV.py
[2024-01-05T11:15:09.797-0300] {processor.py:829} INFO - Processing file /home/felipe/airflow/dags/utils/saveCityAsCSV.py for tasks to queue
[2024-01-05T11:15:09.798-0300] {logging_mixin.py:154} INFO - [2024-01-05T11:15:09.798-0300] {dagbag.py:536} INFO - Filling up the DagBag from /home/felipe/airflow/dags/utils/saveCityAsCSV.py
[2024-01-05T11:15:10.054-0300] {processor.py:841} WARNING - No viable dags retrieved from /home/felipe/airflow/dags/utils/saveCityAsCSV.py
[2024-01-05T11:15:10.058-0300] {processor.py:179} INFO - Processing /home/felipe/airflow/dags/utils/saveCityAsCSV.py took 0.263 seconds
[2024-01-05T11:15:49.767-0300] {processor.py:157} INFO - Started process (PID=17552) to work on /home/felipe/airflow/dags/utils/saveCityAsCSV.py
[2024-01-05T11:15:49.799-0300] {processor.py:829} INFO - Processing file /home/felipe/airflow/dags/utils/saveCityAsCSV.py for tasks to queue
[2024-01-05T11:15:49.800-0300] {logging_mixin.py:154} INFO - [2024-01-05T11:15:49.799-0300] {dagbag.py:536} INFO - Filling up the DagBag from /home/felipe/airflow/dags/utils/saveCityAsCSV.py
[2024-01-05T11:15:50.060-0300] {processor.py:841} WARNING - No viable dags retrieved from /home/felipe/airflow/dags/utils/saveCityAsCSV.py
[2024-01-05T11:15:50.063-0300] {processor.py:179} INFO - Processing /home/felipe/airflow/dags/utils/saveCityAsCSV.py took 0.298 seconds
[2024-01-05T11:16:29.897-0300] {processor.py:157} INFO - Started process (PID=17636) to work on /home/felipe/airflow/dags/utils/saveCityAsCSV.py
[2024-01-05T11:16:29.897-0300] {processor.py:829} INFO - Processing file /home/felipe/airflow/dags/utils/saveCityAsCSV.py for tasks to queue
[2024-01-05T11:16:29.898-0300] {logging_mixin.py:154} INFO - [2024-01-05T11:16:29.897-0300] {dagbag.py:536} INFO - Filling up the DagBag from /home/felipe/airflow/dags/utils/saveCityAsCSV.py
[2024-01-05T11:16:30.156-0300] {processor.py:841} WARNING - No viable dags retrieved from /home/felipe/airflow/dags/utils/saveCityAsCSV.py
[2024-01-05T11:16:30.160-0300] {processor.py:179} INFO - Processing /home/felipe/airflow/dags/utils/saveCityAsCSV.py took 0.265 seconds
[2024-01-05T11:17:16.791-0300] {processor.py:157} INFO - Started process (PID=17720) to work on /home/felipe/airflow/dags/utils/saveCityAsCSV.py
[2024-01-05T11:17:16.823-0300] {processor.py:829} INFO - Processing file /home/felipe/airflow/dags/utils/saveCityAsCSV.py for tasks to queue
[2024-01-05T11:17:16.824-0300] {logging_mixin.py:154} INFO - [2024-01-05T11:17:16.824-0300] {dagbag.py:536} INFO - Filling up the DagBag from /home/felipe/airflow/dags/utils/saveCityAsCSV.py
[2024-01-05T11:17:17.080-0300] {processor.py:841} WARNING - No viable dags retrieved from /home/felipe/airflow/dags/utils/saveCityAsCSV.py
[2024-01-05T11:17:17.084-0300] {processor.py:179} INFO - Processing /home/felipe/airflow/dags/utils/saveCityAsCSV.py took 0.295 seconds
[2024-01-05T11:18:04.117-0300] {processor.py:157} INFO - Started process (PID=17799) to work on /home/felipe/airflow/dags/utils/saveCityAsCSV.py
[2024-01-05T11:18:04.149-0300] {processor.py:829} INFO - Processing file /home/felipe/airflow/dags/utils/saveCityAsCSV.py for tasks to queue
[2024-01-05T11:18:04.150-0300] {logging_mixin.py:154} INFO - [2024-01-05T11:18:04.149-0300] {dagbag.py:536} INFO - Filling up the DagBag from /home/felipe/airflow/dags/utils/saveCityAsCSV.py
[2024-01-05T11:18:04.406-0300] {processor.py:841} WARNING - No viable dags retrieved from /home/felipe/airflow/dags/utils/saveCityAsCSV.py
[2024-01-05T11:18:04.410-0300] {processor.py:179} INFO - Processing /home/felipe/airflow/dags/utils/saveCityAsCSV.py took 0.295 seconds
[2024-01-05T11:18:52.386-0300] {processor.py:157} INFO - Started process (PID=17884) to work on /home/felipe/airflow/dags/utils/saveCityAsCSV.py
[2024-01-05T11:18:52.418-0300] {processor.py:829} INFO - Processing file /home/felipe/airflow/dags/utils/saveCityAsCSV.py for tasks to queue
[2024-01-05T11:18:52.419-0300] {logging_mixin.py:154} INFO - [2024-01-05T11:18:52.418-0300] {dagbag.py:536} INFO - Filling up the DagBag from /home/felipe/airflow/dags/utils/saveCityAsCSV.py
[2024-01-05T11:18:52.675-0300] {processor.py:841} WARNING - No viable dags retrieved from /home/felipe/airflow/dags/utils/saveCityAsCSV.py
[2024-01-05T11:18:52.678-0300] {processor.py:179} INFO - Processing /home/felipe/airflow/dags/utils/saveCityAsCSV.py took 0.295 seconds
[2024-01-05T11:19:40.780-0300] {processor.py:157} INFO - Started process (PID=17963) to work on /home/felipe/airflow/dags/utils/saveCityAsCSV.py
[2024-01-05T11:19:40.812-0300] {processor.py:829} INFO - Processing file /home/felipe/airflow/dags/utils/saveCityAsCSV.py for tasks to queue
[2024-01-05T11:19:40.813-0300] {logging_mixin.py:154} INFO - [2024-01-05T11:19:40.813-0300] {dagbag.py:536} INFO - Filling up the DagBag from /home/felipe/airflow/dags/utils/saveCityAsCSV.py
[2024-01-05T11:19:41.070-0300] {processor.py:841} WARNING - No viable dags retrieved from /home/felipe/airflow/dags/utils/saveCityAsCSV.py
[2024-01-05T11:19:41.074-0300] {processor.py:179} INFO - Processing /home/felipe/airflow/dags/utils/saveCityAsCSV.py took 0.295 seconds
[2024-01-05T11:20:24.274-0300] {processor.py:157} INFO - Started process (PID=18039) to work on /home/felipe/airflow/dags/utils/saveCityAsCSV.py
[2024-01-05T11:20:24.306-0300] {processor.py:829} INFO - Processing file /home/felipe/airflow/dags/utils/saveCityAsCSV.py for tasks to queue
[2024-01-05T11:20:24.307-0300] {logging_mixin.py:154} INFO - [2024-01-05T11:20:24.306-0300] {dagbag.py:536} INFO - Filling up the DagBag from /home/felipe/airflow/dags/utils/saveCityAsCSV.py
[2024-01-05T11:20:24.562-0300] {processor.py:841} WARNING - No viable dags retrieved from /home/felipe/airflow/dags/utils/saveCityAsCSV.py
[2024-01-05T11:20:24.565-0300] {processor.py:179} INFO - Processing /home/felipe/airflow/dags/utils/saveCityAsCSV.py took 0.293 seconds
[2024-01-05T11:21:07.162-0300] {processor.py:157} INFO - Started process (PID=18116) to work on /home/felipe/airflow/dags/utils/saveCityAsCSV.py
[2024-01-05T11:21:07.194-0300] {processor.py:829} INFO - Processing file /home/felipe/airflow/dags/utils/saveCityAsCSV.py for tasks to queue
[2024-01-05T11:21:07.195-0300] {logging_mixin.py:154} INFO - [2024-01-05T11:21:07.195-0300] {dagbag.py:536} INFO - Filling up the DagBag from /home/felipe/airflow/dags/utils/saveCityAsCSV.py
[2024-01-05T11:21:07.451-0300] {processor.py:841} WARNING - No viable dags retrieved from /home/felipe/airflow/dags/utils/saveCityAsCSV.py
[2024-01-05T11:21:07.455-0300] {processor.py:179} INFO - Processing /home/felipe/airflow/dags/utils/saveCityAsCSV.py took 0.294 seconds
[2024-01-05T11:21:45.356-0300] {processor.py:157} INFO - Started process (PID=18190) to work on /home/felipe/airflow/dags/utils/saveCityAsCSV.py
[2024-01-05T11:21:45.365-0300] {processor.py:829} INFO - Processing file /home/felipe/airflow/dags/utils/saveCityAsCSV.py for tasks to queue
[2024-01-05T11:21:45.366-0300] {logging_mixin.py:154} INFO - [2024-01-05T11:21:45.365-0300] {dagbag.py:536} INFO - Filling up the DagBag from /home/felipe/airflow/dags/utils/saveCityAsCSV.py
[2024-01-05T11:21:45.621-0300] {processor.py:841} WARNING - No viable dags retrieved from /home/felipe/airflow/dags/utils/saveCityAsCSV.py
[2024-01-05T11:21:45.624-0300] {processor.py:179} INFO - Processing /home/felipe/airflow/dags/utils/saveCityAsCSV.py took 0.270 seconds
[2024-01-05T11:22:25.046-0300] {processor.py:157} INFO - Started process (PID=18259) to work on /home/felipe/airflow/dags/utils/saveCityAsCSV.py
[2024-01-05T11:22:25.078-0300] {processor.py:829} INFO - Processing file /home/felipe/airflow/dags/utils/saveCityAsCSV.py for tasks to queue
[2024-01-05T11:22:25.078-0300] {logging_mixin.py:154} INFO - [2024-01-05T11:22:25.078-0300] {dagbag.py:536} INFO - Filling up the DagBag from /home/felipe/airflow/dags/utils/saveCityAsCSV.py
[2024-01-05T11:22:25.336-0300] {processor.py:841} WARNING - No viable dags retrieved from /home/felipe/airflow/dags/utils/saveCityAsCSV.py
[2024-01-05T11:22:25.340-0300] {processor.py:179} INFO - Processing /home/felipe/airflow/dags/utils/saveCityAsCSV.py took 0.297 seconds
[2024-01-05T11:23:10.229-0300] {processor.py:157} INFO - Started process (PID=18337) to work on /home/felipe/airflow/dags/utils/saveCityAsCSV.py
[2024-01-05T11:23:10.261-0300] {processor.py:829} INFO - Processing file /home/felipe/airflow/dags/utils/saveCityAsCSV.py for tasks to queue
[2024-01-05T11:23:10.262-0300] {logging_mixin.py:154} INFO - [2024-01-05T11:23:10.262-0300] {dagbag.py:536} INFO - Filling up the DagBag from /home/felipe/airflow/dags/utils/saveCityAsCSV.py
[2024-01-05T11:23:10.516-0300] {processor.py:841} WARNING - No viable dags retrieved from /home/felipe/airflow/dags/utils/saveCityAsCSV.py
[2024-01-05T11:23:10.520-0300] {processor.py:179} INFO - Processing /home/felipe/airflow/dags/utils/saveCityAsCSV.py took 0.293 seconds
[2024-01-05T11:23:56.532-0300] {processor.py:157} INFO - Started process (PID=18421) to work on /home/felipe/airflow/dags/utils/saveCityAsCSV.py
[2024-01-05T11:23:56.564-0300] {processor.py:829} INFO - Processing file /home/felipe/airflow/dags/utils/saveCityAsCSV.py for tasks to queue
[2024-01-05T11:23:56.564-0300] {logging_mixin.py:154} INFO - [2024-01-05T11:23:56.564-0300] {dagbag.py:536} INFO - Filling up the DagBag from /home/felipe/airflow/dags/utils/saveCityAsCSV.py
[2024-01-05T11:23:56.824-0300] {processor.py:841} WARNING - No viable dags retrieved from /home/felipe/airflow/dags/utils/saveCityAsCSV.py
[2024-01-05T11:23:56.828-0300] {processor.py:179} INFO - Processing /home/felipe/airflow/dags/utils/saveCityAsCSV.py took 0.298 seconds
[2024-01-05T11:24:39.399-0300] {processor.py:157} INFO - Started process (PID=18497) to work on /home/felipe/airflow/dags/utils/saveCityAsCSV.py
[2024-01-05T11:24:39.431-0300] {processor.py:829} INFO - Processing file /home/felipe/airflow/dags/utils/saveCityAsCSV.py for tasks to queue
[2024-01-05T11:24:39.432-0300] {logging_mixin.py:154} INFO - [2024-01-05T11:24:39.432-0300] {dagbag.py:536} INFO - Filling up the DagBag from /home/felipe/airflow/dags/utils/saveCityAsCSV.py
[2024-01-05T11:24:39.689-0300] {processor.py:841} WARNING - No viable dags retrieved from /home/felipe/airflow/dags/utils/saveCityAsCSV.py
[2024-01-05T11:24:39.693-0300] {processor.py:179} INFO - Processing /home/felipe/airflow/dags/utils/saveCityAsCSV.py took 0.295 seconds
[2024-01-05T11:25:28.909-0300] {processor.py:157} INFO - Started process (PID=18617) to work on /home/felipe/airflow/dags/utils/saveCityAsCSV.py
[2024-01-05T11:25:28.941-0300] {processor.py:829} INFO - Processing file /home/felipe/airflow/dags/utils/saveCityAsCSV.py for tasks to queue
[2024-01-05T11:25:28.942-0300] {logging_mixin.py:154} INFO - [2024-01-05T11:25:28.942-0300] {dagbag.py:536} INFO - Filling up the DagBag from /home/felipe/airflow/dags/utils/saveCityAsCSV.py
[2024-01-05T11:25:29.198-0300] {processor.py:841} WARNING - No viable dags retrieved from /home/felipe/airflow/dags/utils/saveCityAsCSV.py
[2024-01-05T11:25:29.202-0300] {processor.py:179} INFO - Processing /home/felipe/airflow/dags/utils/saveCityAsCSV.py took 0.295 seconds
[2024-01-05T11:26:13.075-0300] {processor.py:157} INFO - Started process (PID=18698) to work on /home/felipe/airflow/dags/utils/saveCityAsCSV.py
[2024-01-05T11:26:13.076-0300] {processor.py:829} INFO - Processing file /home/felipe/airflow/dags/utils/saveCityAsCSV.py for tasks to queue
[2024-01-05T11:26:13.076-0300] {logging_mixin.py:154} INFO - [2024-01-05T11:26:13.076-0300] {dagbag.py:536} INFO - Filling up the DagBag from /home/felipe/airflow/dags/utils/saveCityAsCSV.py
[2024-01-05T11:26:13.330-0300] {processor.py:841} WARNING - No viable dags retrieved from /home/felipe/airflow/dags/utils/saveCityAsCSV.py
[2024-01-05T11:26:13.334-0300] {processor.py:179} INFO - Processing /home/felipe/airflow/dags/utils/saveCityAsCSV.py took 0.261 seconds
[2024-01-05T11:27:01.521-0300] {processor.py:157} INFO - Started process (PID=18778) to work on /home/felipe/airflow/dags/utils/saveCityAsCSV.py
[2024-01-05T11:27:01.553-0300] {processor.py:829} INFO - Processing file /home/felipe/airflow/dags/utils/saveCityAsCSV.py for tasks to queue
[2024-01-05T11:27:01.554-0300] {logging_mixin.py:154} INFO - [2024-01-05T11:27:01.553-0300] {dagbag.py:536} INFO - Filling up the DagBag from /home/felipe/airflow/dags/utils/saveCityAsCSV.py
[2024-01-05T11:27:01.808-0300] {processor.py:841} WARNING - No viable dags retrieved from /home/felipe/airflow/dags/utils/saveCityAsCSV.py
[2024-01-05T11:27:01.812-0300] {processor.py:179} INFO - Processing /home/felipe/airflow/dags/utils/saveCityAsCSV.py took 0.293 seconds
[2024-01-05T11:27:54.158-0300] {processor.py:157} INFO - Started process (PID=18861) to work on /home/felipe/airflow/dags/utils/saveCityAsCSV.py
[2024-01-05T11:27:54.190-0300] {processor.py:829} INFO - Processing file /home/felipe/airflow/dags/utils/saveCityAsCSV.py for tasks to queue
[2024-01-05T11:27:54.191-0300] {logging_mixin.py:154} INFO - [2024-01-05T11:27:54.191-0300] {dagbag.py:536} INFO - Filling up the DagBag from /home/felipe/airflow/dags/utils/saveCityAsCSV.py
[2024-01-05T11:27:54.446-0300] {processor.py:841} WARNING - No viable dags retrieved from /home/felipe/airflow/dags/utils/saveCityAsCSV.py
[2024-01-05T11:27:54.449-0300] {processor.py:179} INFO - Processing /home/felipe/airflow/dags/utils/saveCityAsCSV.py took 0.293 seconds
[2024-01-05T11:28:45.057-0300] {processor.py:157} INFO - Started process (PID=18945) to work on /home/felipe/airflow/dags/utils/saveCityAsCSV.py
[2024-01-05T11:28:45.089-0300] {processor.py:829} INFO - Processing file /home/felipe/airflow/dags/utils/saveCityAsCSV.py for tasks to queue
[2024-01-05T11:28:45.089-0300] {logging_mixin.py:154} INFO - [2024-01-05T11:28:45.089-0300] {dagbag.py:536} INFO - Filling up the DagBag from /home/felipe/airflow/dags/utils/saveCityAsCSV.py
[2024-01-05T11:28:45.347-0300] {processor.py:841} WARNING - No viable dags retrieved from /home/felipe/airflow/dags/utils/saveCityAsCSV.py
[2024-01-05T11:28:45.351-0300] {processor.py:179} INFO - Processing /home/felipe/airflow/dags/utils/saveCityAsCSV.py took 0.296 seconds
[2024-01-05T11:29:37.267-0300] {processor.py:157} INFO - Started process (PID=19027) to work on /home/felipe/airflow/dags/utils/saveCityAsCSV.py
[2024-01-05T11:29:37.282-0300] {processor.py:829} INFO - Processing file /home/felipe/airflow/dags/utils/saveCityAsCSV.py for tasks to queue
[2024-01-05T11:29:37.283-0300] {logging_mixin.py:154} INFO - [2024-01-05T11:29:37.282-0300] {dagbag.py:536} INFO - Filling up the DagBag from /home/felipe/airflow/dags/utils/saveCityAsCSV.py
[2024-01-05T11:29:37.544-0300] {processor.py:841} WARNING - No viable dags retrieved from /home/felipe/airflow/dags/utils/saveCityAsCSV.py
[2024-01-05T11:29:37.547-0300] {processor.py:179} INFO - Processing /home/felipe/airflow/dags/utils/saveCityAsCSV.py took 0.282 seconds
[2024-01-05T11:30:20.284-0300] {processor.py:157} INFO - Started process (PID=19107) to work on /home/felipe/airflow/dags/utils/saveCityAsCSV.py
[2024-01-05T11:30:20.316-0300] {processor.py:829} INFO - Processing file /home/felipe/airflow/dags/utils/saveCityAsCSV.py for tasks to queue
[2024-01-05T11:30:20.316-0300] {logging_mixin.py:154} INFO - [2024-01-05T11:30:20.316-0300] {dagbag.py:536} INFO - Filling up the DagBag from /home/felipe/airflow/dags/utils/saveCityAsCSV.py
[2024-01-05T11:30:20.567-0300] {processor.py:841} WARNING - No viable dags retrieved from /home/felipe/airflow/dags/utils/saveCityAsCSV.py
[2024-01-05T11:30:20.570-0300] {processor.py:179} INFO - Processing /home/felipe/airflow/dags/utils/saveCityAsCSV.py took 0.289 seconds
[2024-01-05T11:31:00.250-0300] {processor.py:157} INFO - Started process (PID=19199) to work on /home/felipe/airflow/dags/utils/saveCityAsCSV.py
[2024-01-05T11:31:00.282-0300] {processor.py:829} INFO - Processing file /home/felipe/airflow/dags/utils/saveCityAsCSV.py for tasks to queue
[2024-01-05T11:31:00.282-0300] {logging_mixin.py:154} INFO - [2024-01-05T11:31:00.282-0300] {dagbag.py:536} INFO - Filling up the DagBag from /home/felipe/airflow/dags/utils/saveCityAsCSV.py
[2024-01-05T11:31:00.543-0300] {processor.py:841} WARNING - No viable dags retrieved from /home/felipe/airflow/dags/utils/saveCityAsCSV.py
[2024-01-05T11:31:00.547-0300] {processor.py:179} INFO - Processing /home/felipe/airflow/dags/utils/saveCityAsCSV.py took 0.299 seconds
[2024-01-05T11:31:40.524-0300] {processor.py:157} INFO - Started process (PID=19277) to work on /home/felipe/airflow/dags/utils/saveCityAsCSV.py
[2024-01-05T11:31:40.524-0300] {processor.py:829} INFO - Processing file /home/felipe/airflow/dags/utils/saveCityAsCSV.py for tasks to queue
[2024-01-05T11:31:40.525-0300] {logging_mixin.py:154} INFO - [2024-01-05T11:31:40.525-0300] {dagbag.py:536} INFO - Filling up the DagBag from /home/felipe/airflow/dags/utils/saveCityAsCSV.py
[2024-01-05T11:31:40.779-0300] {processor.py:841} WARNING - No viable dags retrieved from /home/felipe/airflow/dags/utils/saveCityAsCSV.py
[2024-01-05T11:31:40.783-0300] {processor.py:179} INFO - Processing /home/felipe/airflow/dags/utils/saveCityAsCSV.py took 0.261 seconds
[2024-01-05T11:32:29.809-0300] {processor.py:157} INFO - Started process (PID=19353) to work on /home/felipe/airflow/dags/utils/saveCityAsCSV.py
[2024-01-05T11:32:29.810-0300] {processor.py:829} INFO - Processing file /home/felipe/airflow/dags/utils/saveCityAsCSV.py for tasks to queue
[2024-01-05T11:32:29.811-0300] {logging_mixin.py:154} INFO - [2024-01-05T11:32:29.810-0300] {dagbag.py:536} INFO - Filling up the DagBag from /home/felipe/airflow/dags/utils/saveCityAsCSV.py
[2024-01-05T11:32:30.059-0300] {processor.py:841} WARNING - No viable dags retrieved from /home/felipe/airflow/dags/utils/saveCityAsCSV.py
[2024-01-05T11:32:30.063-0300] {processor.py:179} INFO - Processing /home/felipe/airflow/dags/utils/saveCityAsCSV.py took 0.255 seconds
[2024-01-05T11:33:18.049-0300] {processor.py:157} INFO - Started process (PID=19438) to work on /home/felipe/airflow/dags/utils/saveCityAsCSV.py
[2024-01-05T11:33:18.082-0300] {processor.py:829} INFO - Processing file /home/felipe/airflow/dags/utils/saveCityAsCSV.py for tasks to queue
[2024-01-05T11:33:18.082-0300] {logging_mixin.py:154} INFO - [2024-01-05T11:33:18.082-0300] {dagbag.py:536} INFO - Filling up the DagBag from /home/felipe/airflow/dags/utils/saveCityAsCSV.py
[2024-01-05T11:33:18.336-0300] {processor.py:841} WARNING - No viable dags retrieved from /home/felipe/airflow/dags/utils/saveCityAsCSV.py
[2024-01-05T11:33:18.340-0300] {processor.py:179} INFO - Processing /home/felipe/airflow/dags/utils/saveCityAsCSV.py took 0.292 seconds
[2024-01-05T11:34:08.970-0300] {processor.py:157} INFO - Started process (PID=19535) to work on /home/felipe/airflow/dags/utils/saveCityAsCSV.py
[2024-01-05T11:34:09.003-0300] {processor.py:829} INFO - Processing file /home/felipe/airflow/dags/utils/saveCityAsCSV.py for tasks to queue
[2024-01-05T11:34:09.003-0300] {logging_mixin.py:154} INFO - [2024-01-05T11:34:09.003-0300] {dagbag.py:536} INFO - Filling up the DagBag from /home/felipe/airflow/dags/utils/saveCityAsCSV.py
[2024-01-05T11:34:09.258-0300] {processor.py:841} WARNING - No viable dags retrieved from /home/felipe/airflow/dags/utils/saveCityAsCSV.py
[2024-01-05T11:34:09.262-0300] {processor.py:179} INFO - Processing /home/felipe/airflow/dags/utils/saveCityAsCSV.py took 0.293 seconds
[2024-01-05T11:34:58.361-0300] {processor.py:157} INFO - Started process (PID=19635) to work on /home/felipe/airflow/dags/utils/saveCityAsCSV.py
[2024-01-05T11:34:58.393-0300] {processor.py:829} INFO - Processing file /home/felipe/airflow/dags/utils/saveCityAsCSV.py for tasks to queue
[2024-01-05T11:34:58.394-0300] {logging_mixin.py:154} INFO - [2024-01-05T11:34:58.394-0300] {dagbag.py:536} INFO - Filling up the DagBag from /home/felipe/airflow/dags/utils/saveCityAsCSV.py
[2024-01-05T11:34:58.642-0300] {processor.py:841} WARNING - No viable dags retrieved from /home/felipe/airflow/dags/utils/saveCityAsCSV.py
[2024-01-05T11:34:58.646-0300] {processor.py:179} INFO - Processing /home/felipe/airflow/dags/utils/saveCityAsCSV.py took 0.287 seconds
[2024-01-05T11:35:47.854-0300] {processor.py:157} INFO - Started process (PID=19723) to work on /home/felipe/airflow/dags/utils/saveCityAsCSV.py
[2024-01-05T11:35:47.887-0300] {processor.py:829} INFO - Processing file /home/felipe/airflow/dags/utils/saveCityAsCSV.py for tasks to queue
[2024-01-05T11:35:47.887-0300] {logging_mixin.py:154} INFO - [2024-01-05T11:35:47.887-0300] {dagbag.py:536} INFO - Filling up the DagBag from /home/felipe/airflow/dags/utils/saveCityAsCSV.py
[2024-01-05T11:35:48.140-0300] {processor.py:841} WARNING - No viable dags retrieved from /home/felipe/airflow/dags/utils/saveCityAsCSV.py
[2024-01-05T11:35:48.143-0300] {processor.py:179} INFO - Processing /home/felipe/airflow/dags/utils/saveCityAsCSV.py took 0.291 seconds
[2024-01-05T11:36:37.309-0300] {processor.py:157} INFO - Started process (PID=19819) to work on /home/felipe/airflow/dags/utils/saveCityAsCSV.py
[2024-01-05T11:36:37.341-0300] {processor.py:829} INFO - Processing file /home/felipe/airflow/dags/utils/saveCityAsCSV.py for tasks to queue
[2024-01-05T11:36:37.341-0300] {logging_mixin.py:154} INFO - [2024-01-05T11:36:37.341-0300] {dagbag.py:536} INFO - Filling up the DagBag from /home/felipe/airflow/dags/utils/saveCityAsCSV.py
[2024-01-05T11:36:37.593-0300] {processor.py:841} WARNING - No viable dags retrieved from /home/felipe/airflow/dags/utils/saveCityAsCSV.py
[2024-01-05T11:36:37.597-0300] {processor.py:179} INFO - Processing /home/felipe/airflow/dags/utils/saveCityAsCSV.py took 0.291 seconds
[2024-01-05T11:37:26.901-0300] {processor.py:157} INFO - Started process (PID=19916) to work on /home/felipe/airflow/dags/utils/saveCityAsCSV.py
[2024-01-05T11:37:26.933-0300] {processor.py:829} INFO - Processing file /home/felipe/airflow/dags/utils/saveCityAsCSV.py for tasks to queue
[2024-01-05T11:37:26.934-0300] {logging_mixin.py:154} INFO - [2024-01-05T11:37:26.934-0300] {dagbag.py:536} INFO - Filling up the DagBag from /home/felipe/airflow/dags/utils/saveCityAsCSV.py
[2024-01-05T11:37:27.179-0300] {processor.py:841} WARNING - No viable dags retrieved from /home/felipe/airflow/dags/utils/saveCityAsCSV.py
[2024-01-05T11:37:27.183-0300] {processor.py:179} INFO - Processing /home/felipe/airflow/dags/utils/saveCityAsCSV.py took 0.284 seconds
[2024-01-05T11:38:11.498-0300] {processor.py:157} INFO - Started process (PID=20001) to work on /home/felipe/airflow/dags/utils/saveCityAsCSV.py
[2024-01-05T11:38:11.530-0300] {processor.py:829} INFO - Processing file /home/felipe/airflow/dags/utils/saveCityAsCSV.py for tasks to queue
[2024-01-05T11:38:11.531-0300] {logging_mixin.py:154} INFO - [2024-01-05T11:38:11.530-0300] {dagbag.py:536} INFO - Filling up the DagBag from /home/felipe/airflow/dags/utils/saveCityAsCSV.py
[2024-01-05T11:38:11.784-0300] {processor.py:841} WARNING - No viable dags retrieved from /home/felipe/airflow/dags/utils/saveCityAsCSV.py
[2024-01-05T11:38:11.788-0300] {processor.py:179} INFO - Processing /home/felipe/airflow/dags/utils/saveCityAsCSV.py took 0.292 seconds
[2024-01-05T11:38:51.639-0300] {processor.py:157} INFO - Started process (PID=20081) to work on /home/felipe/airflow/dags/utils/saveCityAsCSV.py
[2024-01-05T11:38:51.671-0300] {processor.py:829} INFO - Processing file /home/felipe/airflow/dags/utils/saveCityAsCSV.py for tasks to queue
[2024-01-05T11:38:51.672-0300] {logging_mixin.py:154} INFO - [2024-01-05T11:38:51.672-0300] {dagbag.py:536} INFO - Filling up the DagBag from /home/felipe/airflow/dags/utils/saveCityAsCSV.py
[2024-01-05T11:38:51.926-0300] {processor.py:841} WARNING - No viable dags retrieved from /home/felipe/airflow/dags/utils/saveCityAsCSV.py
[2024-01-05T11:38:51.930-0300] {processor.py:179} INFO - Processing /home/felipe/airflow/dags/utils/saveCityAsCSV.py took 0.293 seconds
[2024-01-05T11:39:30.552-0300] {processor.py:157} INFO - Started process (PID=20153) to work on /home/felipe/airflow/dags/utils/saveCityAsCSV.py
[2024-01-05T11:39:30.552-0300] {processor.py:829} INFO - Processing file /home/felipe/airflow/dags/utils/saveCityAsCSV.py for tasks to queue
[2024-01-05T11:39:30.553-0300] {logging_mixin.py:154} INFO - [2024-01-05T11:39:30.552-0300] {dagbag.py:536} INFO - Filling up the DagBag from /home/felipe/airflow/dags/utils/saveCityAsCSV.py
[2024-01-05T11:39:30.805-0300] {processor.py:841} WARNING - No viable dags retrieved from /home/felipe/airflow/dags/utils/saveCityAsCSV.py
[2024-01-05T11:39:30.809-0300] {processor.py:179} INFO - Processing /home/felipe/airflow/dags/utils/saveCityAsCSV.py took 0.259 seconds
[2024-01-05T11:40:13.791-0300] {processor.py:157} INFO - Started process (PID=20230) to work on /home/felipe/airflow/dags/utils/saveCityAsCSV.py
[2024-01-05T11:40:13.823-0300] {processor.py:829} INFO - Processing file /home/felipe/airflow/dags/utils/saveCityAsCSV.py for tasks to queue
[2024-01-05T11:40:13.824-0300] {logging_mixin.py:154} INFO - [2024-01-05T11:40:13.823-0300] {dagbag.py:536} INFO - Filling up the DagBag from /home/felipe/airflow/dags/utils/saveCityAsCSV.py
[2024-01-05T11:40:14.075-0300] {processor.py:841} WARNING - No viable dags retrieved from /home/felipe/airflow/dags/utils/saveCityAsCSV.py
[2024-01-05T11:40:14.079-0300] {processor.py:179} INFO - Processing /home/felipe/airflow/dags/utils/saveCityAsCSV.py took 0.290 seconds
[2024-01-05T11:40:59.794-0300] {processor.py:157} INFO - Started process (PID=20304) to work on /home/felipe/airflow/dags/utils/saveCityAsCSV.py
[2024-01-05T11:40:59.826-0300] {processor.py:829} INFO - Processing file /home/felipe/airflow/dags/utils/saveCityAsCSV.py for tasks to queue
[2024-01-05T11:40:59.827-0300] {logging_mixin.py:154} INFO - [2024-01-05T11:40:59.827-0300] {dagbag.py:536} INFO - Filling up the DagBag from /home/felipe/airflow/dags/utils/saveCityAsCSV.py
[2024-01-05T11:41:00.078-0300] {processor.py:841} WARNING - No viable dags retrieved from /home/felipe/airflow/dags/utils/saveCityAsCSV.py
[2024-01-05T11:41:00.082-0300] {processor.py:179} INFO - Processing /home/felipe/airflow/dags/utils/saveCityAsCSV.py took 0.290 seconds
[2024-01-05T11:41:49.312-0300] {processor.py:157} INFO - Started process (PID=20385) to work on /home/felipe/airflow/dags/utils/saveCityAsCSV.py
[2024-01-05T11:41:49.344-0300] {processor.py:829} INFO - Processing file /home/felipe/airflow/dags/utils/saveCityAsCSV.py for tasks to queue
[2024-01-05T11:41:49.345-0300] {logging_mixin.py:154} INFO - [2024-01-05T11:41:49.344-0300] {dagbag.py:536} INFO - Filling up the DagBag from /home/felipe/airflow/dags/utils/saveCityAsCSV.py
[2024-01-05T11:41:49.598-0300] {processor.py:841} WARNING - No viable dags retrieved from /home/felipe/airflow/dags/utils/saveCityAsCSV.py
[2024-01-05T11:41:49.602-0300] {processor.py:179} INFO - Processing /home/felipe/airflow/dags/utils/saveCityAsCSV.py took 0.292 seconds
[2024-01-05T11:42:33.031-0300] {processor.py:157} INFO - Started process (PID=20463) to work on /home/felipe/airflow/dags/utils/saveCityAsCSV.py
[2024-01-05T11:42:33.063-0300] {processor.py:829} INFO - Processing file /home/felipe/airflow/dags/utils/saveCityAsCSV.py for tasks to queue
[2024-01-05T11:42:33.064-0300] {logging_mixin.py:154} INFO - [2024-01-05T11:42:33.064-0300] {dagbag.py:536} INFO - Filling up the DagBag from /home/felipe/airflow/dags/utils/saveCityAsCSV.py
[2024-01-05T11:42:33.314-0300] {processor.py:841} WARNING - No viable dags retrieved from /home/felipe/airflow/dags/utils/saveCityAsCSV.py
[2024-01-05T11:42:33.318-0300] {processor.py:179} INFO - Processing /home/felipe/airflow/dags/utils/saveCityAsCSV.py took 0.289 seconds
[2024-01-05T11:43:11.899-0300] {processor.py:157} INFO - Started process (PID=20536) to work on /home/felipe/airflow/dags/utils/saveCityAsCSV.py
[2024-01-05T11:43:11.931-0300] {processor.py:829} INFO - Processing file /home/felipe/airflow/dags/utils/saveCityAsCSV.py for tasks to queue
[2024-01-05T11:43:11.932-0300] {logging_mixin.py:154} INFO - [2024-01-05T11:43:11.931-0300] {dagbag.py:536} INFO - Filling up the DagBag from /home/felipe/airflow/dags/utils/saveCityAsCSV.py
[2024-01-05T11:43:12.177-0300] {processor.py:841} WARNING - No viable dags retrieved from /home/felipe/airflow/dags/utils/saveCityAsCSV.py
[2024-01-05T11:43:12.181-0300] {processor.py:179} INFO - Processing /home/felipe/airflow/dags/utils/saveCityAsCSV.py took 0.284 seconds
[2024-01-05T11:43:53.083-0300] {processor.py:157} INFO - Started process (PID=20614) to work on /home/felipe/airflow/dags/utils/saveCityAsCSV.py
[2024-01-05T11:43:53.115-0300] {processor.py:829} INFO - Processing file /home/felipe/airflow/dags/utils/saveCityAsCSV.py for tasks to queue
[2024-01-05T11:43:53.116-0300] {logging_mixin.py:154} INFO - [2024-01-05T11:43:53.115-0300] {dagbag.py:536} INFO - Filling up the DagBag from /home/felipe/airflow/dags/utils/saveCityAsCSV.py
[2024-01-05T11:43:53.370-0300] {processor.py:841} WARNING - No viable dags retrieved from /home/felipe/airflow/dags/utils/saveCityAsCSV.py
[2024-01-05T11:43:53.374-0300] {processor.py:179} INFO - Processing /home/felipe/airflow/dags/utils/saveCityAsCSV.py took 0.292 seconds
[2024-01-05T11:44:41.721-0300] {processor.py:157} INFO - Started process (PID=20691) to work on /home/felipe/airflow/dags/utils/saveCityAsCSV.py
[2024-01-05T11:44:41.753-0300] {processor.py:829} INFO - Processing file /home/felipe/airflow/dags/utils/saveCityAsCSV.py for tasks to queue
[2024-01-05T11:44:41.754-0300] {logging_mixin.py:154} INFO - [2024-01-05T11:44:41.754-0300] {dagbag.py:536} INFO - Filling up the DagBag from /home/felipe/airflow/dags/utils/saveCityAsCSV.py
[2024-01-05T11:44:42.001-0300] {processor.py:841} WARNING - No viable dags retrieved from /home/felipe/airflow/dags/utils/saveCityAsCSV.py
[2024-01-05T11:44:42.004-0300] {processor.py:179} INFO - Processing /home/felipe/airflow/dags/utils/saveCityAsCSV.py took 0.285 seconds
[2024-01-05T11:45:28.483-0300] {processor.py:157} INFO - Started process (PID=20775) to work on /home/felipe/airflow/dags/utils/saveCityAsCSV.py
[2024-01-05T11:45:28.515-0300] {processor.py:829} INFO - Processing file /home/felipe/airflow/dags/utils/saveCityAsCSV.py for tasks to queue
[2024-01-05T11:45:28.516-0300] {logging_mixin.py:154} INFO - [2024-01-05T11:45:28.516-0300] {dagbag.py:536} INFO - Filling up the DagBag from /home/felipe/airflow/dags/utils/saveCityAsCSV.py
[2024-01-05T11:45:28.764-0300] {processor.py:841} WARNING - No viable dags retrieved from /home/felipe/airflow/dags/utils/saveCityAsCSV.py
[2024-01-05T11:45:28.768-0300] {processor.py:179} INFO - Processing /home/felipe/airflow/dags/utils/saveCityAsCSV.py took 0.287 seconds
[2024-01-05T11:46:15.155-0300] {processor.py:157} INFO - Started process (PID=20847) to work on /home/felipe/airflow/dags/utils/saveCityAsCSV.py
[2024-01-05T11:46:15.187-0300] {processor.py:829} INFO - Processing file /home/felipe/airflow/dags/utils/saveCityAsCSV.py for tasks to queue
[2024-01-05T11:46:15.188-0300] {logging_mixin.py:154} INFO - [2024-01-05T11:46:15.187-0300] {dagbag.py:536} INFO - Filling up the DagBag from /home/felipe/airflow/dags/utils/saveCityAsCSV.py
[2024-01-05T11:46:15.440-0300] {processor.py:841} WARNING - No viable dags retrieved from /home/felipe/airflow/dags/utils/saveCityAsCSV.py
[2024-01-05T11:46:15.444-0300] {processor.py:179} INFO - Processing /home/felipe/airflow/dags/utils/saveCityAsCSV.py took 0.291 seconds
[2024-01-05T11:47:07.395-0300] {processor.py:157} INFO - Started process (PID=20928) to work on /home/felipe/airflow/dags/utils/saveCityAsCSV.py
[2024-01-05T11:47:07.427-0300] {processor.py:829} INFO - Processing file /home/felipe/airflow/dags/utils/saveCityAsCSV.py for tasks to queue
[2024-01-05T11:47:07.428-0300] {logging_mixin.py:154} INFO - [2024-01-05T11:47:07.428-0300] {dagbag.py:536} INFO - Filling up the DagBag from /home/felipe/airflow/dags/utils/saveCityAsCSV.py
[2024-01-05T11:47:07.683-0300] {processor.py:841} WARNING - No viable dags retrieved from /home/felipe/airflow/dags/utils/saveCityAsCSV.py
[2024-01-05T11:47:07.686-0300] {processor.py:179} INFO - Processing /home/felipe/airflow/dags/utils/saveCityAsCSV.py took 0.293 seconds
[2024-01-05T11:47:55.782-0300] {processor.py:157} INFO - Started process (PID=21006) to work on /home/felipe/airflow/dags/utils/saveCityAsCSV.py
[2024-01-05T11:47:55.814-0300] {processor.py:829} INFO - Processing file /home/felipe/airflow/dags/utils/saveCityAsCSV.py for tasks to queue
[2024-01-05T11:47:55.815-0300] {logging_mixin.py:154} INFO - [2024-01-05T11:47:55.815-0300] {dagbag.py:536} INFO - Filling up the DagBag from /home/felipe/airflow/dags/utils/saveCityAsCSV.py
[2024-01-05T11:47:56.064-0300] {processor.py:841} WARNING - No viable dags retrieved from /home/felipe/airflow/dags/utils/saveCityAsCSV.py
[2024-01-05T11:47:56.068-0300] {processor.py:179} INFO - Processing /home/felipe/airflow/dags/utils/saveCityAsCSV.py took 0.288 seconds
[2024-01-05T11:48:50.489-0300] {processor.py:157} INFO - Started process (PID=21098) to work on /home/felipe/airflow/dags/utils/saveCityAsCSV.py
[2024-01-05T11:48:50.521-0300] {processor.py:829} INFO - Processing file /home/felipe/airflow/dags/utils/saveCityAsCSV.py for tasks to queue
[2024-01-05T11:48:50.521-0300] {logging_mixin.py:154} INFO - [2024-01-05T11:48:50.521-0300] {dagbag.py:536} INFO - Filling up the DagBag from /home/felipe/airflow/dags/utils/saveCityAsCSV.py
[2024-01-05T11:48:50.768-0300] {processor.py:841} WARNING - No viable dags retrieved from /home/felipe/airflow/dags/utils/saveCityAsCSV.py
[2024-01-05T11:48:50.772-0300] {processor.py:179} INFO - Processing /home/felipe/airflow/dags/utils/saveCityAsCSV.py took 0.286 seconds
[2024-01-05T11:49:41.283-0300] {processor.py:157} INFO - Started process (PID=21181) to work on /home/felipe/airflow/dags/utils/saveCityAsCSV.py
[2024-01-05T11:49:41.288-0300] {processor.py:829} INFO - Processing file /home/felipe/airflow/dags/utils/saveCityAsCSV.py for tasks to queue
[2024-01-05T11:49:41.288-0300] {logging_mixin.py:154} INFO - [2024-01-05T11:49:41.288-0300] {dagbag.py:536} INFO - Filling up the DagBag from /home/felipe/airflow/dags/utils/saveCityAsCSV.py
[2024-01-05T11:49:41.542-0300] {processor.py:841} WARNING - No viable dags retrieved from /home/felipe/airflow/dags/utils/saveCityAsCSV.py
[2024-01-05T11:49:41.545-0300] {processor.py:179} INFO - Processing /home/felipe/airflow/dags/utils/saveCityAsCSV.py took 0.265 seconds
[2024-01-05T11:50:27.239-0300] {processor.py:157} INFO - Started process (PID=21258) to work on /home/felipe/airflow/dags/utils/saveCityAsCSV.py
[2024-01-05T11:50:27.272-0300] {processor.py:829} INFO - Processing file /home/felipe/airflow/dags/utils/saveCityAsCSV.py for tasks to queue
[2024-01-05T11:50:27.272-0300] {logging_mixin.py:154} INFO - [2024-01-05T11:50:27.272-0300] {dagbag.py:536} INFO - Filling up the DagBag from /home/felipe/airflow/dags/utils/saveCityAsCSV.py
[2024-01-05T11:50:27.524-0300] {processor.py:841} WARNING - No viable dags retrieved from /home/felipe/airflow/dags/utils/saveCityAsCSV.py
[2024-01-05T11:50:27.527-0300] {processor.py:179} INFO - Processing /home/felipe/airflow/dags/utils/saveCityAsCSV.py took 0.290 seconds
[2024-01-05T11:51:11.347-0300] {processor.py:157} INFO - Started process (PID=21349) to work on /home/felipe/airflow/dags/utils/saveCityAsCSV.py
[2024-01-05T11:51:11.379-0300] {processor.py:829} INFO - Processing file /home/felipe/airflow/dags/utils/saveCityAsCSV.py for tasks to queue
[2024-01-05T11:51:11.379-0300] {logging_mixin.py:154} INFO - [2024-01-05T11:51:11.379-0300] {dagbag.py:536} INFO - Filling up the DagBag from /home/felipe/airflow/dags/utils/saveCityAsCSV.py
[2024-01-05T11:51:11.631-0300] {processor.py:841} WARNING - No viable dags retrieved from /home/felipe/airflow/dags/utils/saveCityAsCSV.py
[2024-01-05T11:51:11.635-0300] {processor.py:179} INFO - Processing /home/felipe/airflow/dags/utils/saveCityAsCSV.py took 0.290 seconds
[2024-01-05T11:51:55.611-0300] {processor.py:157} INFO - Started process (PID=21449) to work on /home/felipe/airflow/dags/utils/saveCityAsCSV.py
[2024-01-05T11:51:55.643-0300] {processor.py:829} INFO - Processing file /home/felipe/airflow/dags/utils/saveCityAsCSV.py for tasks to queue
[2024-01-05T11:51:55.644-0300] {logging_mixin.py:154} INFO - [2024-01-05T11:51:55.644-0300] {dagbag.py:536} INFO - Filling up the DagBag from /home/felipe/airflow/dags/utils/saveCityAsCSV.py
[2024-01-05T11:51:55.892-0300] {processor.py:841} WARNING - No viable dags retrieved from /home/felipe/airflow/dags/utils/saveCityAsCSV.py
[2024-01-05T11:51:55.896-0300] {processor.py:179} INFO - Processing /home/felipe/airflow/dags/utils/saveCityAsCSV.py took 0.287 seconds
