[2024-01-11T15:04:42.087-0300] {processor.py:157} INFO - Started process (PID=10055) to work on /home/felipe/.local/lib/python3.11/site-packages/airflow/example_dags/example_setup_teardown.py
[2024-01-11T15:04:42.087-0300] {processor.py:829} INFO - Processing file /home/felipe/.local/lib/python3.11/site-packages/airflow/example_dags/example_setup_teardown.py for tasks to queue
[2024-01-11T15:04:42.088-0300] {logging_mixin.py:154} INFO - [2024-01-11T15:04:42.088-0300] {dagbag.py:536} INFO - Filling up the DagBag from /home/felipe/.local/lib/python3.11/site-packages/airflow/example_dags/example_setup_teardown.py
[2024-01-11T15:04:42.093-0300] {processor.py:839} INFO - DAG(s) dict_keys(['example_setup_teardown']) retrieved from /home/felipe/.local/lib/python3.11/site-packages/airflow/example_dags/example_setup_teardown.py
[2024-01-11T15:04:42.103-0300] {logging_mixin.py:154} INFO - [2024-01-11T15:04:42.103-0300] {dag.py:2941} INFO - Sync 1 DAGs
[2024-01-11T15:04:42.118-0300] {logging_mixin.py:154} INFO - [2024-01-11T15:04:42.118-0300] {dag.py:3722} INFO - Setting next_dagrun for example_setup_teardown to 2024-01-10T18:04:42.117808+00:00, run_after=2024-01-11T18:04:42.117808+00:00
[2024-01-11T15:04:42.162-0300] {processor.py:179} INFO - Processing /home/felipe/.local/lib/python3.11/site-packages/airflow/example_dags/example_setup_teardown.py took 0.077 seconds
[2024-01-11T15:05:57.514-0300] {processor.py:157} INFO - Started process (PID=10184) to work on /home/felipe/.local/lib/python3.11/site-packages/airflow/example_dags/example_setup_teardown.py
[2024-01-11T15:05:57.546-0300] {processor.py:829} INFO - Processing file /home/felipe/.local/lib/python3.11/site-packages/airflow/example_dags/example_setup_teardown.py for tasks to queue
[2024-01-11T15:05:57.546-0300] {logging_mixin.py:154} INFO - [2024-01-11T15:05:57.546-0300] {dagbag.py:536} INFO - Filling up the DagBag from /home/felipe/.local/lib/python3.11/site-packages/airflow/example_dags/example_setup_teardown.py
[2024-01-11T15:05:57.551-0300] {processor.py:839} INFO - DAG(s) dict_keys(['example_setup_teardown']) retrieved from /home/felipe/.local/lib/python3.11/site-packages/airflow/example_dags/example_setup_teardown.py
[2024-01-11T15:05:57.561-0300] {logging_mixin.py:154} INFO - [2024-01-11T15:05:57.561-0300] {dag.py:2941} INFO - Sync 1 DAGs
[2024-01-11T15:05:57.570-0300] {logging_mixin.py:154} INFO - [2024-01-11T15:05:57.570-0300] {dag.py:3722} INFO - Setting next_dagrun for example_setup_teardown to 2024-01-10T18:05:57.570522+00:00, run_after=2024-01-11T18:05:57.570522+00:00
[2024-01-11T15:05:57.588-0300] {processor.py:179} INFO - Processing /home/felipe/.local/lib/python3.11/site-packages/airflow/example_dags/example_setup_teardown.py took 0.076 seconds
[2024-01-11T15:07:13.450-0300] {processor.py:157} INFO - Started process (PID=10303) to work on /home/felipe/.local/lib/python3.11/site-packages/airflow/example_dags/example_setup_teardown.py
[2024-01-11T15:07:13.482-0300] {processor.py:829} INFO - Processing file /home/felipe/.local/lib/python3.11/site-packages/airflow/example_dags/example_setup_teardown.py for tasks to queue
[2024-01-11T15:07:13.483-0300] {logging_mixin.py:154} INFO - [2024-01-11T15:07:13.482-0300] {dagbag.py:536} INFO - Filling up the DagBag from /home/felipe/.local/lib/python3.11/site-packages/airflow/example_dags/example_setup_teardown.py
[2024-01-11T15:07:13.487-0300] {processor.py:839} INFO - DAG(s) dict_keys(['example_setup_teardown']) retrieved from /home/felipe/.local/lib/python3.11/site-packages/airflow/example_dags/example_setup_teardown.py
[2024-01-11T15:07:13.497-0300] {logging_mixin.py:154} INFO - [2024-01-11T15:07:13.497-0300] {dag.py:2941} INFO - Sync 1 DAGs
[2024-01-11T15:07:13.508-0300] {logging_mixin.py:154} INFO - [2024-01-11T15:07:13.508-0300] {dag.py:3722} INFO - Setting next_dagrun for example_setup_teardown to 2024-01-10T18:07:13.508370+00:00, run_after=2024-01-11T18:07:13.508370+00:00
[2024-01-11T15:07:13.526-0300] {processor.py:179} INFO - Processing /home/felipe/.local/lib/python3.11/site-packages/airflow/example_dags/example_setup_teardown.py took 0.078 seconds
