[2024-01-11T15:04:47.832-0300] {processor.py:157} INFO - Started process (PID=10064) to work on /home/felipe/.local/lib/python3.11/site-packages/airflow/example_dags/example_bash_operator.py
[2024-01-11T15:04:47.833-0300] {processor.py:829} INFO - Processing file /home/felipe/.local/lib/python3.11/site-packages/airflow/example_dags/example_bash_operator.py for tasks to queue
[2024-01-11T15:04:47.833-0300] {logging_mixin.py:154} INFO - [2024-01-11T15:04:47.833-0300] {dagbag.py:536} INFO - Filling up the DagBag from /home/felipe/.local/lib/python3.11/site-packages/airflow/example_dags/example_bash_operator.py
[2024-01-11T15:04:47.840-0300] {processor.py:839} INFO - DAG(s) dict_keys(['example_bash_operator']) retrieved from /home/felipe/.local/lib/python3.11/site-packages/airflow/example_dags/example_bash_operator.py
[2024-01-11T15:04:47.853-0300] {logging_mixin.py:154} INFO - [2024-01-11T15:04:47.853-0300] {dag.py:2941} INFO - Sync 1 DAGs
[2024-01-11T15:04:47.865-0300] {logging_mixin.py:154} INFO - [2024-01-11T15:04:47.865-0300] {dag.py:3722} INFO - Setting next_dagrun for example_bash_operator to 2024-01-10T00:00:00+00:00, run_after=2024-01-11T00:00:00+00:00
[2024-01-11T15:04:47.876-0300] {processor.py:179} INFO - Processing /home/felipe/.local/lib/python3.11/site-packages/airflow/example_dags/example_bash_operator.py took 0.045 seconds
[2024-01-11T15:06:03.309-0300] {processor.py:157} INFO - Started process (PID=10195) to work on /home/felipe/.local/lib/python3.11/site-packages/airflow/example_dags/example_bash_operator.py
[2024-01-11T15:06:03.359-0300] {processor.py:829} INFO - Processing file /home/felipe/.local/lib/python3.11/site-packages/airflow/example_dags/example_bash_operator.py for tasks to queue
[2024-01-11T15:06:03.360-0300] {logging_mixin.py:154} INFO - [2024-01-11T15:06:03.359-0300] {dagbag.py:536} INFO - Filling up the DagBag from /home/felipe/.local/lib/python3.11/site-packages/airflow/example_dags/example_bash_operator.py
[2024-01-11T15:06:03.367-0300] {processor.py:839} INFO - DAG(s) dict_keys(['example_bash_operator']) retrieved from /home/felipe/.local/lib/python3.11/site-packages/airflow/example_dags/example_bash_operator.py
[2024-01-11T15:06:03.379-0300] {logging_mixin.py:154} INFO - [2024-01-11T15:06:03.379-0300] {dag.py:2941} INFO - Sync 1 DAGs
[2024-01-11T15:06:03.390-0300] {logging_mixin.py:154} INFO - [2024-01-11T15:06:03.390-0300] {dag.py:3722} INFO - Setting next_dagrun for example_bash_operator to 2024-01-10T00:00:00+00:00, run_after=2024-01-11T00:00:00+00:00
[2024-01-11T15:06:03.407-0300] {processor.py:179} INFO - Processing /home/felipe/.local/lib/python3.11/site-packages/airflow/example_dags/example_bash_operator.py took 0.101 seconds
[2024-01-11T15:07:19.713-0300] {processor.py:157} INFO - Started process (PID=10310) to work on /home/felipe/.local/lib/python3.11/site-packages/airflow/example_dags/example_bash_operator.py
[2024-01-11T15:07:19.745-0300] {processor.py:829} INFO - Processing file /home/felipe/.local/lib/python3.11/site-packages/airflow/example_dags/example_bash_operator.py for tasks to queue
[2024-01-11T15:07:19.746-0300] {logging_mixin.py:154} INFO - [2024-01-11T15:07:19.746-0300] {dagbag.py:536} INFO - Filling up the DagBag from /home/felipe/.local/lib/python3.11/site-packages/airflow/example_dags/example_bash_operator.py
[2024-01-11T15:07:19.753-0300] {processor.py:839} INFO - DAG(s) dict_keys(['example_bash_operator']) retrieved from /home/felipe/.local/lib/python3.11/site-packages/airflow/example_dags/example_bash_operator.py
[2024-01-11T15:07:19.766-0300] {logging_mixin.py:154} INFO - [2024-01-11T15:07:19.766-0300] {dag.py:2941} INFO - Sync 1 DAGs
[2024-01-11T15:07:19.777-0300] {logging_mixin.py:154} INFO - [2024-01-11T15:07:19.777-0300] {dag.py:3722} INFO - Setting next_dagrun for example_bash_operator to 2024-01-10T00:00:00+00:00, run_after=2024-01-11T00:00:00+00:00
[2024-01-11T15:07:19.794-0300] {processor.py:179} INFO - Processing /home/felipe/.local/lib/python3.11/site-packages/airflow/example_dags/example_bash_operator.py took 0.083 seconds
