[2024-01-11T15:04:26.685-0300] {processor.py:157} INFO - Started process (PID=9986) to work on /home/felipe/.local/lib/python3.11/site-packages/airflow/example_dags/example_sensors.py
[2024-01-11T15:04:26.686-0300] {processor.py:829} INFO - Processing file /home/felipe/.local/lib/python3.11/site-packages/airflow/example_dags/example_sensors.py for tasks to queue
[2024-01-11T15:04:26.686-0300] {logging_mixin.py:154} INFO - [2024-01-11T15:04:26.686-0300] {dagbag.py:536} INFO - Filling up the DagBag from /home/felipe/.local/lib/python3.11/site-packages/airflow/example_dags/example_sensors.py
[2024-01-11T15:04:26.693-0300] {processor.py:839} INFO - DAG(s) dict_keys(['example_sensors']) retrieved from /home/felipe/.local/lib/python3.11/site-packages/airflow/example_dags/example_sensors.py
[2024-01-11T15:04:26.708-0300] {logging_mixin.py:154} INFO - [2024-01-11T15:04:26.708-0300] {dag.py:2941} INFO - Sync 1 DAGs
[2024-01-11T15:04:26.714-0300] {logging_mixin.py:154} INFO - [2024-01-11T15:04:26.714-0300] {dag.py:3722} INFO - Setting next_dagrun for example_sensors to None, run_after=None
[2024-01-11T15:04:26.787-0300] {processor.py:179} INFO - Processing /home/felipe/.local/lib/python3.11/site-packages/airflow/example_dags/example_sensors.py took 0.103 seconds
[2024-01-11T15:05:40.976-0300] {processor.py:157} INFO - Started process (PID=10163) to work on /home/felipe/.local/lib/python3.11/site-packages/airflow/example_dags/example_sensors.py
[2024-01-11T15:05:41.009-0300] {processor.py:829} INFO - Processing file /home/felipe/.local/lib/python3.11/site-packages/airflow/example_dags/example_sensors.py for tasks to queue
[2024-01-11T15:05:41.009-0300] {logging_mixin.py:154} INFO - [2024-01-11T15:05:41.009-0300] {dagbag.py:536} INFO - Filling up the DagBag from /home/felipe/.local/lib/python3.11/site-packages/airflow/example_dags/example_sensors.py
[2024-01-11T15:05:41.015-0300] {processor.py:839} INFO - DAG(s) dict_keys(['example_sensors']) retrieved from /home/felipe/.local/lib/python3.11/site-packages/airflow/example_dags/example_sensors.py
[2024-01-11T15:05:41.027-0300] {logging_mixin.py:154} INFO - [2024-01-11T15:05:41.027-0300] {dag.py:2941} INFO - Sync 1 DAGs
[2024-01-11T15:05:41.033-0300] {logging_mixin.py:154} INFO - [2024-01-11T15:05:41.033-0300] {dag.py:3722} INFO - Setting next_dagrun for example_sensors to None, run_after=None
[2024-01-11T15:05:41.051-0300] {processor.py:179} INFO - Processing /home/felipe/.local/lib/python3.11/site-packages/airflow/example_dags/example_sensors.py took 0.076 seconds
[2024-01-11T15:06:57.432-0300] {processor.py:157} INFO - Started process (PID=10276) to work on /home/felipe/.local/lib/python3.11/site-packages/airflow/example_dags/example_sensors.py
[2024-01-11T15:06:57.464-0300] {processor.py:829} INFO - Processing file /home/felipe/.local/lib/python3.11/site-packages/airflow/example_dags/example_sensors.py for tasks to queue
[2024-01-11T15:06:57.465-0300] {logging_mixin.py:154} INFO - [2024-01-11T15:06:57.465-0300] {dagbag.py:536} INFO - Filling up the DagBag from /home/felipe/.local/lib/python3.11/site-packages/airflow/example_dags/example_sensors.py
[2024-01-11T15:06:57.471-0300] {processor.py:839} INFO - DAG(s) dict_keys(['example_sensors']) retrieved from /home/felipe/.local/lib/python3.11/site-packages/airflow/example_dags/example_sensors.py
[2024-01-11T15:06:57.484-0300] {logging_mixin.py:154} INFO - [2024-01-11T15:06:57.484-0300] {dag.py:2941} INFO - Sync 1 DAGs
[2024-01-11T15:06:57.490-0300] {logging_mixin.py:154} INFO - [2024-01-11T15:06:57.490-0300] {dag.py:3722} INFO - Setting next_dagrun for example_sensors to None, run_after=None
[2024-01-11T15:06:57.510-0300] {processor.py:179} INFO - Processing /home/felipe/.local/lib/python3.11/site-packages/airflow/example_dags/example_sensors.py took 0.080 seconds
[2024-01-11T15:08:13.719-0300] {processor.py:157} INFO - Started process (PID=10457) to work on /home/felipe/.local/lib/python3.11/site-packages/airflow/example_dags/example_sensors.py
[2024-01-11T15:08:13.736-0300] {processor.py:829} INFO - Processing file /home/felipe/.local/lib/python3.11/site-packages/airflow/example_dags/example_sensors.py for tasks to queue
[2024-01-11T15:08:13.736-0300] {logging_mixin.py:154} INFO - [2024-01-11T15:08:13.736-0300] {dagbag.py:536} INFO - Filling up the DagBag from /home/felipe/.local/lib/python3.11/site-packages/airflow/example_dags/example_sensors.py
[2024-01-11T15:08:13.742-0300] {processor.py:839} INFO - DAG(s) dict_keys(['example_sensors']) retrieved from /home/felipe/.local/lib/python3.11/site-packages/airflow/example_dags/example_sensors.py
[2024-01-11T15:08:13.753-0300] {logging_mixin.py:154} INFO - [2024-01-11T15:08:13.753-0300] {dag.py:2941} INFO - Sync 1 DAGs
[2024-01-11T15:08:13.759-0300] {logging_mixin.py:154} INFO - [2024-01-11T15:08:13.759-0300] {dag.py:3722} INFO - Setting next_dagrun for example_sensors to None, run_after=None
[2024-01-11T15:08:13.770-0300] {processor.py:179} INFO - Processing /home/felipe/.local/lib/python3.11/site-packages/airflow/example_dags/example_sensors.py took 0.053 seconds
