[2024-01-11T15:04:16.860-0300] {processor.py:157} INFO - Started process (PID=9975) to work on /home/felipe/.local/lib/python3.11/site-packages/airflow/example_dags/example_dag_decorator.py
[2024-01-11T15:04:16.861-0300] {processor.py:829} INFO - Processing file /home/felipe/.local/lib/python3.11/site-packages/airflow/example_dags/example_dag_decorator.py for tasks to queue
[2024-01-11T15:04:16.861-0300] {logging_mixin.py:154} INFO - [2024-01-11T15:04:16.861-0300] {dagbag.py:536} INFO - Filling up the DagBag from /home/felipe/.local/lib/python3.11/site-packages/airflow/example_dags/example_dag_decorator.py
[2024-01-11T15:04:16.869-0300] {processor.py:839} INFO - DAG(s) dict_keys(['example_dag_decorator']) retrieved from /home/felipe/.local/lib/python3.11/site-packages/airflow/example_dags/example_dag_decorator.py
[2024-01-11T15:04:16.925-0300] {logging_mixin.py:154} INFO - [2024-01-11T15:04:16.925-0300] {dag.py:2941} INFO - Sync 1 DAGs
[2024-01-11T15:04:16.929-0300] {logging_mixin.py:154} INFO - [2024-01-11T15:04:16.929-0300] {dag.py:3722} INFO - Setting next_dagrun for example_dag_decorator to None, run_after=None
[2024-01-11T15:04:16.972-0300] {processor.py:179} INFO - Processing /home/felipe/.local/lib/python3.11/site-packages/airflow/example_dags/example_dag_decorator.py took 0.113 seconds
[2024-01-11T15:05:32.343-0300] {processor.py:157} INFO - Started process (PID=10153) to work on /home/felipe/.local/lib/python3.11/site-packages/airflow/example_dags/example_dag_decorator.py
[2024-01-11T15:05:32.384-0300] {processor.py:829} INFO - Processing file /home/felipe/.local/lib/python3.11/site-packages/airflow/example_dags/example_dag_decorator.py for tasks to queue
[2024-01-11T15:05:32.385-0300] {logging_mixin.py:154} INFO - [2024-01-11T15:05:32.384-0300] {dagbag.py:536} INFO - Filling up the DagBag from /home/felipe/.local/lib/python3.11/site-packages/airflow/example_dags/example_dag_decorator.py
[2024-01-11T15:05:32.392-0300] {processor.py:839} INFO - DAG(s) dict_keys(['example_dag_decorator']) retrieved from /home/felipe/.local/lib/python3.11/site-packages/airflow/example_dags/example_dag_decorator.py
[2024-01-11T15:05:32.443-0300] {logging_mixin.py:154} INFO - [2024-01-11T15:05:32.443-0300] {dag.py:2941} INFO - Sync 1 DAGs
[2024-01-11T15:05:32.448-0300] {logging_mixin.py:154} INFO - [2024-01-11T15:05:32.447-0300] {dag.py:3722} INFO - Setting next_dagrun for example_dag_decorator to None, run_after=None
[2024-01-11T15:05:32.465-0300] {processor.py:179} INFO - Processing /home/felipe/.local/lib/python3.11/site-packages/airflow/example_dags/example_dag_decorator.py took 0.123 seconds
[2024-01-11T15:06:47.678-0300] {processor.py:157} INFO - Started process (PID=10261) to work on /home/felipe/.local/lib/python3.11/site-packages/airflow/example_dags/example_dag_decorator.py
[2024-01-11T15:06:47.710-0300] {processor.py:829} INFO - Processing file /home/felipe/.local/lib/python3.11/site-packages/airflow/example_dags/example_dag_decorator.py for tasks to queue
[2024-01-11T15:06:47.710-0300] {logging_mixin.py:154} INFO - [2024-01-11T15:06:47.710-0300] {dagbag.py:536} INFO - Filling up the DagBag from /home/felipe/.local/lib/python3.11/site-packages/airflow/example_dags/example_dag_decorator.py
[2024-01-11T15:06:47.718-0300] {processor.py:839} INFO - DAG(s) dict_keys(['example_dag_decorator']) retrieved from /home/felipe/.local/lib/python3.11/site-packages/airflow/example_dags/example_dag_decorator.py
[2024-01-11T15:06:47.768-0300] {logging_mixin.py:154} INFO - [2024-01-11T15:06:47.767-0300] {dag.py:2941} INFO - Sync 1 DAGs
[2024-01-11T15:06:47.772-0300] {logging_mixin.py:154} INFO - [2024-01-11T15:06:47.772-0300] {dag.py:3722} INFO - Setting next_dagrun for example_dag_decorator to None, run_after=None
[2024-01-11T15:06:47.789-0300] {processor.py:179} INFO - Processing /home/felipe/.local/lib/python3.11/site-packages/airflow/example_dags/example_dag_decorator.py took 0.113 seconds
[2024-01-11T15:08:03.884-0300] {processor.py:157} INFO - Started process (PID=10423) to work on /home/felipe/.local/lib/python3.11/site-packages/airflow/example_dags/example_dag_decorator.py
[2024-01-11T15:08:03.916-0300] {processor.py:829} INFO - Processing file /home/felipe/.local/lib/python3.11/site-packages/airflow/example_dags/example_dag_decorator.py for tasks to queue
[2024-01-11T15:08:03.917-0300] {logging_mixin.py:154} INFO - [2024-01-11T15:08:03.916-0300] {dagbag.py:536} INFO - Filling up the DagBag from /home/felipe/.local/lib/python3.11/site-packages/airflow/example_dags/example_dag_decorator.py
[2024-01-11T15:08:03.924-0300] {processor.py:839} INFO - DAG(s) dict_keys(['example_dag_decorator']) retrieved from /home/felipe/.local/lib/python3.11/site-packages/airflow/example_dags/example_dag_decorator.py
[2024-01-11T15:08:03.975-0300] {logging_mixin.py:154} INFO - [2024-01-11T15:08:03.975-0300] {dag.py:2941} INFO - Sync 1 DAGs
[2024-01-11T15:08:03.979-0300] {logging_mixin.py:154} INFO - [2024-01-11T15:08:03.979-0300] {dag.py:3722} INFO - Setting next_dagrun for example_dag_decorator to None, run_after=None
[2024-01-11T15:08:03.996-0300] {processor.py:179} INFO - Processing /home/felipe/.local/lib/python3.11/site-packages/airflow/example_dags/example_dag_decorator.py took 0.115 seconds
