[2024-01-11T15:04:31.815-0300] {processor.py:157} INFO - Started process (PID=9993) to work on /home/felipe/.local/lib/python3.11/site-packages/airflow/example_dags/example_short_circuit_decorator.py
[2024-01-11T15:04:31.815-0300] {processor.py:829} INFO - Processing file /home/felipe/.local/lib/python3.11/site-packages/airflow/example_dags/example_short_circuit_decorator.py for tasks to queue
[2024-01-11T15:04:31.816-0300] {logging_mixin.py:154} INFO - [2024-01-11T15:04:31.816-0300] {dagbag.py:536} INFO - Filling up the DagBag from /home/felipe/.local/lib/python3.11/site-packages/airflow/example_dags/example_short_circuit_decorator.py
[2024-01-11T15:04:31.821-0300] {processor.py:839} INFO - DAG(s) dict_keys(['example_short_circuit_decorator']) retrieved from /home/felipe/.local/lib/python3.11/site-packages/airflow/example_dags/example_short_circuit_decorator.py
[2024-01-11T15:04:31.835-0300] {logging_mixin.py:154} INFO - [2024-01-11T15:04:31.835-0300] {dag.py:2941} INFO - Sync 1 DAGs
[2024-01-11T15:04:31.845-0300] {logging_mixin.py:154} INFO - [2024-01-11T15:04:31.845-0300] {dag.py:3722} INFO - Setting next_dagrun for example_short_circuit_decorator to 2024-01-10T18:04:31.845230+00:00, run_after=2024-01-11T18:04:31.845230+00:00
[2024-01-11T15:04:31.887-0300] {processor.py:179} INFO - Processing /home/felipe/.local/lib/python3.11/site-packages/airflow/example_dags/example_short_circuit_decorator.py took 0.074 seconds
[2024-01-11T15:05:46.109-0300] {processor.py:157} INFO - Started process (PID=10169) to work on /home/felipe/.local/lib/python3.11/site-packages/airflow/example_dags/example_short_circuit_decorator.py
[2024-01-11T15:05:46.141-0300] {processor.py:829} INFO - Processing file /home/felipe/.local/lib/python3.11/site-packages/airflow/example_dags/example_short_circuit_decorator.py for tasks to queue
[2024-01-11T15:05:46.142-0300] {logging_mixin.py:154} INFO - [2024-01-11T15:05:46.141-0300] {dagbag.py:536} INFO - Filling up the DagBag from /home/felipe/.local/lib/python3.11/site-packages/airflow/example_dags/example_short_circuit_decorator.py
[2024-01-11T15:05:46.148-0300] {processor.py:839} INFO - DAG(s) dict_keys(['example_short_circuit_decorator']) retrieved from /home/felipe/.local/lib/python3.11/site-packages/airflow/example_dags/example_short_circuit_decorator.py
[2024-01-11T15:05:46.158-0300] {logging_mixin.py:154} INFO - [2024-01-11T15:05:46.158-0300] {dag.py:2941} INFO - Sync 1 DAGs
[2024-01-11T15:05:46.167-0300] {logging_mixin.py:154} INFO - [2024-01-11T15:05:46.167-0300] {dag.py:3722} INFO - Setting next_dagrun for example_short_circuit_decorator to 2024-01-10T18:05:46.167703+00:00, run_after=2024-01-11T18:05:46.167703+00:00
[2024-01-11T15:05:46.184-0300] {processor.py:179} INFO - Processing /home/felipe/.local/lib/python3.11/site-packages/airflow/example_dags/example_short_circuit_decorator.py took 0.078 seconds
[2024-01-11T15:07:02.573-0300] {processor.py:157} INFO - Started process (PID=10290) to work on /home/felipe/.local/lib/python3.11/site-packages/airflow/example_dags/example_short_circuit_decorator.py
[2024-01-11T15:07:02.605-0300] {processor.py:829} INFO - Processing file /home/felipe/.local/lib/python3.11/site-packages/airflow/example_dags/example_short_circuit_decorator.py for tasks to queue
[2024-01-11T15:07:02.606-0300] {logging_mixin.py:154} INFO - [2024-01-11T15:07:02.605-0300] {dagbag.py:536} INFO - Filling up the DagBag from /home/felipe/.local/lib/python3.11/site-packages/airflow/example_dags/example_short_circuit_decorator.py
[2024-01-11T15:07:02.614-0300] {processor.py:839} INFO - DAG(s) dict_keys(['example_short_circuit_decorator']) retrieved from /home/felipe/.local/lib/python3.11/site-packages/airflow/example_dags/example_short_circuit_decorator.py
[2024-01-11T15:07:02.628-0300] {logging_mixin.py:154} INFO - [2024-01-11T15:07:02.628-0300] {dag.py:2941} INFO - Sync 1 DAGs
[2024-01-11T15:07:02.641-0300] {logging_mixin.py:154} INFO - [2024-01-11T15:07:02.641-0300] {dag.py:3722} INFO - Setting next_dagrun for example_short_circuit_decorator to 2024-01-10T18:07:02.641021+00:00, run_after=2024-01-11T18:07:02.641021+00:00
[2024-01-11T15:07:02.661-0300] {processor.py:179} INFO - Processing /home/felipe/.local/lib/python3.11/site-packages/airflow/example_dags/example_short_circuit_decorator.py took 0.090 seconds
[2024-01-11T15:08:18.853-0300] {processor.py:157} INFO - Started process (PID=10469) to work on /home/felipe/.local/lib/python3.11/site-packages/airflow/example_dags/example_short_circuit_decorator.py
[2024-01-11T15:08:18.859-0300] {processor.py:829} INFO - Processing file /home/felipe/.local/lib/python3.11/site-packages/airflow/example_dags/example_short_circuit_decorator.py for tasks to queue
[2024-01-11T15:08:18.860-0300] {logging_mixin.py:154} INFO - [2024-01-11T15:08:18.860-0300] {dagbag.py:536} INFO - Filling up the DagBag from /home/felipe/.local/lib/python3.11/site-packages/airflow/example_dags/example_short_circuit_decorator.py
[2024-01-11T15:08:18.866-0300] {processor.py:839} INFO - DAG(s) dict_keys(['example_short_circuit_decorator']) retrieved from /home/felipe/.local/lib/python3.11/site-packages/airflow/example_dags/example_short_circuit_decorator.py
[2024-01-11T15:08:18.876-0300] {logging_mixin.py:154} INFO - [2024-01-11T15:08:18.876-0300] {dag.py:2941} INFO - Sync 1 DAGs
[2024-01-11T15:08:18.885-0300] {logging_mixin.py:154} INFO - [2024-01-11T15:08:18.885-0300] {dag.py:3722} INFO - Setting next_dagrun for example_short_circuit_decorator to 2024-01-10T18:08:18.885613+00:00, run_after=2024-01-11T18:08:18.885613+00:00
[2024-01-11T15:08:18.896-0300] {processor.py:179} INFO - Processing /home/felipe/.local/lib/python3.11/site-packages/airflow/example_dags/example_short_circuit_decorator.py took 0.045 seconds
