[2024-01-11T15:04:37.294-0300] {processor.py:157} INFO - Started process (PID=10000) to work on /home/felipe/.local/lib/python3.11/site-packages/airflow/example_dags/example_xcom.py
[2024-01-11T15:04:37.294-0300] {processor.py:829} INFO - Processing file /home/felipe/.local/lib/python3.11/site-packages/airflow/example_dags/example_xcom.py for tasks to queue
[2024-01-11T15:04:37.295-0300] {logging_mixin.py:154} INFO - [2024-01-11T15:04:37.294-0300] {dagbag.py:536} INFO - Filling up the DagBag from /home/felipe/.local/lib/python3.11/site-packages/airflow/example_dags/example_xcom.py
[2024-01-11T15:04:37.299-0300] {processor.py:839} INFO - DAG(s) dict_keys(['example_xcom']) retrieved from /home/felipe/.local/lib/python3.11/site-packages/airflow/example_dags/example_xcom.py
[2024-01-11T15:04:37.310-0300] {logging_mixin.py:154} INFO - [2024-01-11T15:04:37.310-0300] {dag.py:2941} INFO - Sync 1 DAGs
[2024-01-11T15:04:37.320-0300] {logging_mixin.py:154} INFO - [2024-01-11T15:04:37.320-0300] {dag.py:3722} INFO - Setting next_dagrun for example_xcom to 2021-01-01T00:00:00+00:00, run_after=2021-01-01T00:00:00+00:00
[2024-01-11T15:04:37.362-0300] {processor.py:179} INFO - Processing /home/felipe/.local/lib/python3.11/site-packages/airflow/example_dags/example_xcom.py took 0.070 seconds
[2024-01-11T15:05:52.705-0300] {processor.py:157} INFO - Started process (PID=10178) to work on /home/felipe/.local/lib/python3.11/site-packages/airflow/example_dags/example_xcom.py
[2024-01-11T15:05:52.737-0300] {processor.py:829} INFO - Processing file /home/felipe/.local/lib/python3.11/site-packages/airflow/example_dags/example_xcom.py for tasks to queue
[2024-01-11T15:05:52.738-0300] {logging_mixin.py:154} INFO - [2024-01-11T15:05:52.737-0300] {dagbag.py:536} INFO - Filling up the DagBag from /home/felipe/.local/lib/python3.11/site-packages/airflow/example_dags/example_xcom.py
[2024-01-11T15:05:52.743-0300] {processor.py:839} INFO - DAG(s) dict_keys(['example_xcom']) retrieved from /home/felipe/.local/lib/python3.11/site-packages/airflow/example_dags/example_xcom.py
[2024-01-11T15:05:52.752-0300] {logging_mixin.py:154} INFO - [2024-01-11T15:05:52.752-0300] {dag.py:2941} INFO - Sync 1 DAGs
[2024-01-11T15:05:52.761-0300] {logging_mixin.py:154} INFO - [2024-01-11T15:05:52.761-0300] {dag.py:3722} INFO - Setting next_dagrun for example_xcom to 2021-01-01T00:00:00+00:00, run_after=2021-01-01T00:00:00+00:00
[2024-01-11T15:05:52.779-0300] {processor.py:179} INFO - Processing /home/felipe/.local/lib/python3.11/site-packages/airflow/example_dags/example_xcom.py took 0.076 seconds
[2024-01-11T15:07:08.317-0300] {processor.py:157} INFO - Started process (PID=10298) to work on /home/felipe/.local/lib/python3.11/site-packages/airflow/example_dags/example_xcom.py
[2024-01-11T15:07:08.349-0300] {processor.py:829} INFO - Processing file /home/felipe/.local/lib/python3.11/site-packages/airflow/example_dags/example_xcom.py for tasks to queue
[2024-01-11T15:07:08.350-0300] {logging_mixin.py:154} INFO - [2024-01-11T15:07:08.350-0300] {dagbag.py:536} INFO - Filling up the DagBag from /home/felipe/.local/lib/python3.11/site-packages/airflow/example_dags/example_xcom.py
[2024-01-11T15:07:08.355-0300] {processor.py:839} INFO - DAG(s) dict_keys(['example_xcom']) retrieved from /home/felipe/.local/lib/python3.11/site-packages/airflow/example_dags/example_xcom.py
[2024-01-11T15:07:08.365-0300] {logging_mixin.py:154} INFO - [2024-01-11T15:07:08.365-0300] {dag.py:2941} INFO - Sync 1 DAGs
[2024-01-11T15:07:08.376-0300] {logging_mixin.py:154} INFO - [2024-01-11T15:07:08.375-0300] {dag.py:3722} INFO - Setting next_dagrun for example_xcom to 2021-01-01T00:00:00+00:00, run_after=2021-01-01T00:00:00+00:00
[2024-01-11T15:07:08.393-0300] {processor.py:179} INFO - Processing /home/felipe/.local/lib/python3.11/site-packages/airflow/example_dags/example_xcom.py took 0.078 seconds
[2024-01-11T15:08:24.593-0300] {processor.py:157} INFO - Started process (PID=10477) to work on /home/felipe/.local/lib/python3.11/site-packages/airflow/example_dags/example_xcom.py
[2024-01-11T15:08:24.626-0300] {processor.py:829} INFO - Processing file /home/felipe/.local/lib/python3.11/site-packages/airflow/example_dags/example_xcom.py for tasks to queue
[2024-01-11T15:08:24.626-0300] {logging_mixin.py:154} INFO - [2024-01-11T15:08:24.626-0300] {dagbag.py:536} INFO - Filling up the DagBag from /home/felipe/.local/lib/python3.11/site-packages/airflow/example_dags/example_xcom.py
[2024-01-11T15:08:24.631-0300] {processor.py:839} INFO - DAG(s) dict_keys(['example_xcom']) retrieved from /home/felipe/.local/lib/python3.11/site-packages/airflow/example_dags/example_xcom.py
[2024-01-11T15:08:24.640-0300] {logging_mixin.py:154} INFO - [2024-01-11T15:08:24.640-0300] {dag.py:2941} INFO - Sync 1 DAGs
[2024-01-11T15:08:24.649-0300] {logging_mixin.py:154} INFO - [2024-01-11T15:08:24.649-0300] {dag.py:3722} INFO - Setting next_dagrun for example_xcom to 2021-01-01T00:00:00+00:00, run_after=2021-01-01T00:00:00+00:00
[2024-01-11T15:08:24.667-0300] {processor.py:179} INFO - Processing /home/felipe/.local/lib/python3.11/site-packages/airflow/example_dags/example_xcom.py took 0.075 seconds
