[2024-01-11T15:04:46.093-0300] {processor.py:157} INFO - Started process (PID=10061) to work on /home/felipe/.local/lib/python3.11/site-packages/airflow/example_dags/example_branch_operator_decorator.py
[2024-01-11T15:04:46.093-0300] {processor.py:829} INFO - Processing file /home/felipe/.local/lib/python3.11/site-packages/airflow/example_dags/example_branch_operator_decorator.py for tasks to queue
[2024-01-11T15:04:46.094-0300] {logging_mixin.py:154} INFO - [2024-01-11T15:04:46.093-0300] {dagbag.py:536} INFO - Filling up the DagBag from /home/felipe/.local/lib/python3.11/site-packages/airflow/example_dags/example_branch_operator_decorator.py
[2024-01-11T15:04:46.101-0300] {processor.py:839} INFO - DAG(s) dict_keys(['example_branch_python_operator_decorator']) retrieved from /home/felipe/.local/lib/python3.11/site-packages/airflow/example_dags/example_branch_operator_decorator.py
[2024-01-11T15:04:46.111-0300] {logging_mixin.py:154} INFO - [2024-01-11T15:04:46.111-0300] {dag.py:2941} INFO - Sync 1 DAGs
[2024-01-11T15:04:46.124-0300] {logging_mixin.py:154} INFO - [2024-01-11T15:04:46.124-0300] {dag.py:3722} INFO - Setting next_dagrun for example_branch_python_operator_decorator to 2024-01-10T00:00:00+00:00, run_after=2024-01-11T00:00:00+00:00
[2024-01-11T15:04:46.135-0300] {processor.py:179} INFO - Processing /home/felipe/.local/lib/python3.11/site-packages/airflow/example_dags/example_branch_operator_decorator.py took 0.044 seconds
[2024-01-11T15:06:01.569-0300] {processor.py:157} INFO - Started process (PID=10192) to work on /home/felipe/.local/lib/python3.11/site-packages/airflow/example_dags/example_branch_operator_decorator.py
[2024-01-11T15:06:01.570-0300] {processor.py:829} INFO - Processing file /home/felipe/.local/lib/python3.11/site-packages/airflow/example_dags/example_branch_operator_decorator.py for tasks to queue
[2024-01-11T15:06:01.570-0300] {logging_mixin.py:154} INFO - [2024-01-11T15:06:01.570-0300] {dagbag.py:536} INFO - Filling up the DagBag from /home/felipe/.local/lib/python3.11/site-packages/airflow/example_dags/example_branch_operator_decorator.py
[2024-01-11T15:06:01.577-0300] {processor.py:839} INFO - DAG(s) dict_keys(['example_branch_python_operator_decorator']) retrieved from /home/felipe/.local/lib/python3.11/site-packages/airflow/example_dags/example_branch_operator_decorator.py
[2024-01-11T15:06:01.587-0300] {logging_mixin.py:154} INFO - [2024-01-11T15:06:01.587-0300] {dag.py:2941} INFO - Sync 1 DAGs
[2024-01-11T15:06:01.597-0300] {logging_mixin.py:154} INFO - [2024-01-11T15:06:01.597-0300] {dag.py:3722} INFO - Setting next_dagrun for example_branch_python_operator_decorator to 2024-01-10T00:00:00+00:00, run_after=2024-01-11T00:00:00+00:00
[2024-01-11T15:06:01.607-0300] {processor.py:179} INFO - Processing /home/felipe/.local/lib/python3.11/site-packages/airflow/example_dags/example_branch_operator_decorator.py took 0.040 seconds
[2024-01-11T15:07:17.966-0300] {processor.py:157} INFO - Started process (PID=10307) to work on /home/felipe/.local/lib/python3.11/site-packages/airflow/example_dags/example_branch_operator_decorator.py
[2024-01-11T15:07:17.998-0300] {processor.py:829} INFO - Processing file /home/felipe/.local/lib/python3.11/site-packages/airflow/example_dags/example_branch_operator_decorator.py for tasks to queue
[2024-01-11T15:07:17.999-0300] {logging_mixin.py:154} INFO - [2024-01-11T15:07:17.998-0300] {dagbag.py:536} INFO - Filling up the DagBag from /home/felipe/.local/lib/python3.11/site-packages/airflow/example_dags/example_branch_operator_decorator.py
[2024-01-11T15:07:18.005-0300] {processor.py:839} INFO - DAG(s) dict_keys(['example_branch_python_operator_decorator']) retrieved from /home/felipe/.local/lib/python3.11/site-packages/airflow/example_dags/example_branch_operator_decorator.py
[2024-01-11T15:07:18.016-0300] {logging_mixin.py:154} INFO - [2024-01-11T15:07:18.016-0300] {dag.py:2941} INFO - Sync 1 DAGs
[2024-01-11T15:07:18.027-0300] {logging_mixin.py:154} INFO - [2024-01-11T15:07:18.027-0300] {dag.py:3722} INFO - Setting next_dagrun for example_branch_python_operator_decorator to 2024-01-10T00:00:00+00:00, run_after=2024-01-11T00:00:00+00:00
[2024-01-11T15:07:18.045-0300] {processor.py:179} INFO - Processing /home/felipe/.local/lib/python3.11/site-packages/airflow/example_dags/example_branch_operator_decorator.py took 0.081 seconds
