[2024-01-11T15:04:37.029-0300] {processor.py:157} INFO - Started process (PID=9999) to work on /home/felipe/.local/lib/python3.11/site-packages/airflow/example_dags/example_setup_teardown_taskflow.py
[2024-01-11T15:04:37.029-0300] {processor.py:829} INFO - Processing file /home/felipe/.local/lib/python3.11/site-packages/airflow/example_dags/example_setup_teardown_taskflow.py for tasks to queue
[2024-01-11T15:04:37.030-0300] {logging_mixin.py:154} INFO - [2024-01-11T15:04:37.029-0300] {dagbag.py:536} INFO - Filling up the DagBag from /home/felipe/.local/lib/python3.11/site-packages/airflow/example_dags/example_setup_teardown_taskflow.py
[2024-01-11T15:04:37.035-0300] {processor.py:839} INFO - DAG(s) dict_keys(['example_setup_teardown_taskflow']) retrieved from /home/felipe/.local/lib/python3.11/site-packages/airflow/example_dags/example_setup_teardown_taskflow.py
[2024-01-11T15:04:37.045-0300] {logging_mixin.py:154} INFO - [2024-01-11T15:04:37.045-0300] {dag.py:2941} INFO - Sync 1 DAGs
[2024-01-11T15:04:37.054-0300] {logging_mixin.py:154} INFO - [2024-01-11T15:04:37.054-0300] {dag.py:3722} INFO - Setting next_dagrun for example_setup_teardown_taskflow to 2024-01-10T18:04:37.054798+00:00, run_after=2024-01-11T18:04:37.054798+00:00
[2024-01-11T15:04:37.066-0300] {processor.py:179} INFO - Processing /home/felipe/.local/lib/python3.11/site-packages/airflow/example_dags/example_setup_teardown_taskflow.py took 0.039 seconds
[2024-01-11T15:05:52.371-0300] {processor.py:157} INFO - Started process (PID=10177) to work on /home/felipe/.local/lib/python3.11/site-packages/airflow/example_dags/example_setup_teardown_taskflow.py
[2024-01-11T15:05:52.403-0300] {processor.py:829} INFO - Processing file /home/felipe/.local/lib/python3.11/site-packages/airflow/example_dags/example_setup_teardown_taskflow.py for tasks to queue
[2024-01-11T15:05:52.404-0300] {logging_mixin.py:154} INFO - [2024-01-11T15:05:52.404-0300] {dagbag.py:536} INFO - Filling up the DagBag from /home/felipe/.local/lib/python3.11/site-packages/airflow/example_dags/example_setup_teardown_taskflow.py
[2024-01-11T15:05:52.410-0300] {processor.py:839} INFO - DAG(s) dict_keys(['example_setup_teardown_taskflow']) retrieved from /home/felipe/.local/lib/python3.11/site-packages/airflow/example_dags/example_setup_teardown_taskflow.py
[2024-01-11T15:05:52.420-0300] {logging_mixin.py:154} INFO - [2024-01-11T15:05:52.420-0300] {dag.py:2941} INFO - Sync 1 DAGs
[2024-01-11T15:05:52.430-0300] {logging_mixin.py:154} INFO - [2024-01-11T15:05:52.430-0300] {dag.py:3722} INFO - Setting next_dagrun for example_setup_teardown_taskflow to 2024-01-10T18:05:52.430136+00:00, run_after=2024-01-11T18:05:52.430136+00:00
[2024-01-11T15:05:52.448-0300] {processor.py:179} INFO - Processing /home/felipe/.local/lib/python3.11/site-packages/airflow/example_dags/example_setup_teardown_taskflow.py took 0.078 seconds
[2024-01-11T15:07:08.041-0300] {processor.py:157} INFO - Started process (PID=10297) to work on /home/felipe/.local/lib/python3.11/site-packages/airflow/example_dags/example_setup_teardown_taskflow.py
[2024-01-11T15:07:08.073-0300] {processor.py:829} INFO - Processing file /home/felipe/.local/lib/python3.11/site-packages/airflow/example_dags/example_setup_teardown_taskflow.py for tasks to queue
[2024-01-11T15:07:08.074-0300] {logging_mixin.py:154} INFO - [2024-01-11T15:07:08.074-0300] {dagbag.py:536} INFO - Filling up the DagBag from /home/felipe/.local/lib/python3.11/site-packages/airflow/example_dags/example_setup_teardown_taskflow.py
[2024-01-11T15:07:08.081-0300] {processor.py:839} INFO - DAG(s) dict_keys(['example_setup_teardown_taskflow']) retrieved from /home/felipe/.local/lib/python3.11/site-packages/airflow/example_dags/example_setup_teardown_taskflow.py
[2024-01-11T15:07:08.092-0300] {logging_mixin.py:154} INFO - [2024-01-11T15:07:08.091-0300] {dag.py:2941} INFO - Sync 1 DAGs
[2024-01-11T15:07:08.102-0300] {logging_mixin.py:154} INFO - [2024-01-11T15:07:08.102-0300] {dag.py:3722} INFO - Setting next_dagrun for example_setup_teardown_taskflow to 2024-01-10T18:07:08.101939+00:00, run_after=2024-01-11T18:07:08.101939+00:00
[2024-01-11T15:07:08.120-0300] {processor.py:179} INFO - Processing /home/felipe/.local/lib/python3.11/site-packages/airflow/example_dags/example_setup_teardown_taskflow.py took 0.081 seconds
[2024-01-11T15:08:24.322-0300] {processor.py:157} INFO - Started process (PID=10476) to work on /home/felipe/.local/lib/python3.11/site-packages/airflow/example_dags/example_setup_teardown_taskflow.py
[2024-01-11T15:08:24.354-0300] {processor.py:829} INFO - Processing file /home/felipe/.local/lib/python3.11/site-packages/airflow/example_dags/example_setup_teardown_taskflow.py for tasks to queue
[2024-01-11T15:08:24.354-0300] {logging_mixin.py:154} INFO - [2024-01-11T15:08:24.354-0300] {dagbag.py:536} INFO - Filling up the DagBag from /home/felipe/.local/lib/python3.11/site-packages/airflow/example_dags/example_setup_teardown_taskflow.py
[2024-01-11T15:08:24.360-0300] {processor.py:839} INFO - DAG(s) dict_keys(['example_setup_teardown_taskflow']) retrieved from /home/felipe/.local/lib/python3.11/site-packages/airflow/example_dags/example_setup_teardown_taskflow.py
[2024-01-11T15:08:24.369-0300] {logging_mixin.py:154} INFO - [2024-01-11T15:08:24.369-0300] {dag.py:2941} INFO - Sync 1 DAGs
[2024-01-11T15:08:24.379-0300] {logging_mixin.py:154} INFO - [2024-01-11T15:08:24.379-0300] {dag.py:3722} INFO - Setting next_dagrun for example_setup_teardown_taskflow to 2024-01-10T18:08:24.379047+00:00, run_after=2024-01-11T18:08:24.379047+00:00
[2024-01-11T15:08:24.395-0300] {processor.py:179} INFO - Processing /home/felipe/.local/lib/python3.11/site-packages/airflow/example_dags/example_setup_teardown_taskflow.py took 0.076 seconds
