[2024-01-11T15:04:30.687-0300] {processor.py:157} INFO - Started process (PID=9991) to work on /home/felipe/.local/lib/python3.11/site-packages/airflow/example_dags/example_subdag_operator.py
[2024-01-11T15:04:30.687-0300] {processor.py:829} INFO - Processing file /home/felipe/.local/lib/python3.11/site-packages/airflow/example_dags/example_subdag_operator.py for tasks to queue
[2024-01-11T15:04:30.688-0300] {logging_mixin.py:154} INFO - [2024-01-11T15:04:30.688-0300] {dagbag.py:536} INFO - Filling up the DagBag from /home/felipe/.local/lib/python3.11/site-packages/airflow/example_dags/example_subdag_operator.py
[2024-01-11T15:04:30.700-0300] {processor.py:839} INFO - DAG(s) dict_keys(['example_subdag_operator.section-1', 'example_subdag_operator.section-2', 'example_subdag_operator']) retrieved from /home/felipe/.local/lib/python3.11/site-packages/airflow/example_dags/example_subdag_operator.py
[2024-01-11T15:04:30.711-0300] {logging_mixin.py:154} INFO - [2024-01-11T15:04:30.711-0300] {dag.py:2941} INFO - Sync 3 DAGs
[2024-01-11T15:04:30.721-0300] {logging_mixin.py:154} INFO - [2024-01-11T15:04:30.721-0300] {dag.py:3722} INFO - Setting next_dagrun for example_subdag_operator to 2022-01-01T00:00:00+00:00, run_after=2022-01-01T00:00:00+00:00
[2024-01-11T15:04:30.722-0300] {logging_mixin.py:154} INFO - [2024-01-11T15:04:30.722-0300] {dag.py:3722} INFO - Setting next_dagrun for example_subdag_operator.section-1 to None, run_after=None
[2024-01-11T15:04:30.723-0300] {logging_mixin.py:154} INFO - [2024-01-11T15:04:30.723-0300] {dag.py:3722} INFO - Setting next_dagrun for example_subdag_operator.section-2 to None, run_after=None
[2024-01-11T15:04:30.725-0300] {logging_mixin.py:154} INFO - [2024-01-11T15:04:30.725-0300] {dag.py:2941} INFO - Sync 2 DAGs
[2024-01-11T15:04:30.727-0300] {logging_mixin.py:154} INFO - [2024-01-11T15:04:30.727-0300] {dag.py:3722} INFO - Setting next_dagrun for example_subdag_operator.section-1 to None, run_after=None
[2024-01-11T15:04:30.727-0300] {logging_mixin.py:154} INFO - [2024-01-11T15:04:30.727-0300] {dag.py:3722} INFO - Setting next_dagrun for example_subdag_operator.section-2 to None, run_after=None
[2024-01-11T15:04:30.766-0300] {processor.py:179} INFO - Processing /home/felipe/.local/lib/python3.11/site-packages/airflow/example_dags/example_subdag_operator.py took 0.081 seconds
[2024-01-11T15:05:44.978-0300] {processor.py:157} INFO - Started process (PID=10168) to work on /home/felipe/.local/lib/python3.11/site-packages/airflow/example_dags/example_subdag_operator.py
[2024-01-11T15:05:45.000-0300] {processor.py:829} INFO - Processing file /home/felipe/.local/lib/python3.11/site-packages/airflow/example_dags/example_subdag_operator.py for tasks to queue
[2024-01-11T15:05:45.001-0300] {logging_mixin.py:154} INFO - [2024-01-11T15:05:45.000-0300] {dagbag.py:536} INFO - Filling up the DagBag from /home/felipe/.local/lib/python3.11/site-packages/airflow/example_dags/example_subdag_operator.py
[2024-01-11T15:05:45.014-0300] {processor.py:839} INFO - DAG(s) dict_keys(['example_subdag_operator.section-1', 'example_subdag_operator.section-2', 'example_subdag_operator']) retrieved from /home/felipe/.local/lib/python3.11/site-packages/airflow/example_dags/example_subdag_operator.py
[2024-01-11T15:05:45.022-0300] {logging_mixin.py:154} INFO - [2024-01-11T15:05:45.022-0300] {dag.py:2941} INFO - Sync 3 DAGs
[2024-01-11T15:05:45.031-0300] {logging_mixin.py:154} INFO - [2024-01-11T15:05:45.031-0300] {dag.py:3722} INFO - Setting next_dagrun for example_subdag_operator to 2022-01-01T00:00:00+00:00, run_after=2022-01-01T00:00:00+00:00
[2024-01-11T15:05:45.032-0300] {logging_mixin.py:154} INFO - [2024-01-11T15:05:45.032-0300] {dag.py:3722} INFO - Setting next_dagrun for example_subdag_operator.section-1 to None, run_after=None
[2024-01-11T15:05:45.033-0300] {logging_mixin.py:154} INFO - [2024-01-11T15:05:45.033-0300] {dag.py:3722} INFO - Setting next_dagrun for example_subdag_operator.section-2 to None, run_after=None
[2024-01-11T15:05:45.035-0300] {logging_mixin.py:154} INFO - [2024-01-11T15:05:45.035-0300] {dag.py:2941} INFO - Sync 2 DAGs
[2024-01-11T15:05:45.037-0300] {logging_mixin.py:154} INFO - [2024-01-11T15:05:45.037-0300] {dag.py:3722} INFO - Setting next_dagrun for example_subdag_operator.section-1 to None, run_after=None
[2024-01-11T15:05:45.037-0300] {logging_mixin.py:154} INFO - [2024-01-11T15:05:45.037-0300] {dag.py:3722} INFO - Setting next_dagrun for example_subdag_operator.section-2 to None, run_after=None
[2024-01-11T15:05:45.044-0300] {processor.py:179} INFO - Processing /home/felipe/.local/lib/python3.11/site-packages/airflow/example_dags/example_subdag_operator.py took 0.068 seconds
[2024-01-11T15:07:01.440-0300] {processor.py:157} INFO - Started process (PID=10289) to work on /home/felipe/.local/lib/python3.11/site-packages/airflow/example_dags/example_subdag_operator.py
[2024-01-11T15:07:01.472-0300] {processor.py:829} INFO - Processing file /home/felipe/.local/lib/python3.11/site-packages/airflow/example_dags/example_subdag_operator.py for tasks to queue
[2024-01-11T15:07:01.473-0300] {logging_mixin.py:154} INFO - [2024-01-11T15:07:01.472-0300] {dagbag.py:536} INFO - Filling up the DagBag from /home/felipe/.local/lib/python3.11/site-packages/airflow/example_dags/example_subdag_operator.py
[2024-01-11T15:07:01.485-0300] {processor.py:839} INFO - DAG(s) dict_keys(['example_subdag_operator.section-1', 'example_subdag_operator.section-2', 'example_subdag_operator']) retrieved from /home/felipe/.local/lib/python3.11/site-packages/airflow/example_dags/example_subdag_operator.py
[2024-01-11T15:07:01.493-0300] {logging_mixin.py:154} INFO - [2024-01-11T15:07:01.493-0300] {dag.py:2941} INFO - Sync 3 DAGs
[2024-01-11T15:07:01.503-0300] {logging_mixin.py:154} INFO - [2024-01-11T15:07:01.503-0300] {dag.py:3722} INFO - Setting next_dagrun for example_subdag_operator to 2022-01-01T00:00:00+00:00, run_after=2022-01-01T00:00:00+00:00
[2024-01-11T15:07:01.505-0300] {logging_mixin.py:154} INFO - [2024-01-11T15:07:01.505-0300] {dag.py:3722} INFO - Setting next_dagrun for example_subdag_operator.section-1 to None, run_after=None
[2024-01-11T15:07:01.505-0300] {logging_mixin.py:154} INFO - [2024-01-11T15:07:01.505-0300] {dag.py:3722} INFO - Setting next_dagrun for example_subdag_operator.section-2 to None, run_after=None
[2024-01-11T15:07:01.508-0300] {logging_mixin.py:154} INFO - [2024-01-11T15:07:01.508-0300] {dag.py:2941} INFO - Sync 2 DAGs
[2024-01-11T15:07:01.510-0300] {logging_mixin.py:154} INFO - [2024-01-11T15:07:01.510-0300] {dag.py:3722} INFO - Setting next_dagrun for example_subdag_operator.section-1 to None, run_after=None
[2024-01-11T15:07:01.510-0300] {logging_mixin.py:154} INFO - [2024-01-11T15:07:01.510-0300] {dag.py:3722} INFO - Setting next_dagrun for example_subdag_operator.section-2 to None, run_after=None
[2024-01-11T15:07:01.518-0300] {processor.py:179} INFO - Processing /home/felipe/.local/lib/python3.11/site-packages/airflow/example_dags/example_subdag_operator.py took 0.079 seconds
[2024-01-11T15:08:17.726-0300] {processor.py:157} INFO - Started process (PID=10468) to work on /home/felipe/.local/lib/python3.11/site-packages/airflow/example_dags/example_subdag_operator.py
[2024-01-11T15:08:17.758-0300] {processor.py:829} INFO - Processing file /home/felipe/.local/lib/python3.11/site-packages/airflow/example_dags/example_subdag_operator.py for tasks to queue
[2024-01-11T15:08:17.759-0300] {logging_mixin.py:154} INFO - [2024-01-11T15:08:17.758-0300] {dagbag.py:536} INFO - Filling up the DagBag from /home/felipe/.local/lib/python3.11/site-packages/airflow/example_dags/example_subdag_operator.py
[2024-01-11T15:08:17.772-0300] {processor.py:839} INFO - DAG(s) dict_keys(['example_subdag_operator.section-1', 'example_subdag_operator.section-2', 'example_subdag_operator']) retrieved from /home/felipe/.local/lib/python3.11/site-packages/airflow/example_dags/example_subdag_operator.py
[2024-01-11T15:08:17.779-0300] {logging_mixin.py:154} INFO - [2024-01-11T15:08:17.779-0300] {dag.py:2941} INFO - Sync 3 DAGs
[2024-01-11T15:08:17.789-0300] {logging_mixin.py:154} INFO - [2024-01-11T15:08:17.789-0300] {dag.py:3722} INFO - Setting next_dagrun for example_subdag_operator to 2022-01-01T00:00:00+00:00, run_after=2022-01-01T00:00:00+00:00
[2024-01-11T15:08:17.790-0300] {logging_mixin.py:154} INFO - [2024-01-11T15:08:17.790-0300] {dag.py:3722} INFO - Setting next_dagrun for example_subdag_operator.section-1 to None, run_after=None
[2024-01-11T15:08:17.790-0300] {logging_mixin.py:154} INFO - [2024-01-11T15:08:17.790-0300] {dag.py:3722} INFO - Setting next_dagrun for example_subdag_operator.section-2 to None, run_after=None
[2024-01-11T15:08:17.793-0300] {logging_mixin.py:154} INFO - [2024-01-11T15:08:17.793-0300] {dag.py:2941} INFO - Sync 2 DAGs
[2024-01-11T15:08:17.795-0300] {logging_mixin.py:154} INFO - [2024-01-11T15:08:17.795-0300] {dag.py:3722} INFO - Setting next_dagrun for example_subdag_operator.section-1 to None, run_after=None
[2024-01-11T15:08:17.795-0300] {logging_mixin.py:154} INFO - [2024-01-11T15:08:17.795-0300] {dag.py:3722} INFO - Setting next_dagrun for example_subdag_operator.section-2 to None, run_after=None
[2024-01-11T15:08:17.809-0300] {processor.py:179} INFO - Processing /home/felipe/.local/lib/python3.11/site-packages/airflow/example_dags/example_subdag_operator.py took 0.086 seconds
