[2024-01-11T15:04:15.258-0300] {processor.py:157} INFO - Started process (PID=9973) to work on /home/felipe/.local/lib/python3.11/site-packages/airflow/example_dags/example_dynamic_task_mapping.py
[2024-01-11T15:04:15.258-0300] {processor.py:829} INFO - Processing file /home/felipe/.local/lib/python3.11/site-packages/airflow/example_dags/example_dynamic_task_mapping.py for tasks to queue
[2024-01-11T15:04:15.258-0300] {logging_mixin.py:154} INFO - [2024-01-11T15:04:15.258-0300] {dagbag.py:536} INFO - Filling up the DagBag from /home/felipe/.local/lib/python3.11/site-packages/airflow/example_dags/example_dynamic_task_mapping.py
[2024-01-11T15:04:15.264-0300] {processor.py:839} INFO - DAG(s) dict_keys(['example_dynamic_task_mapping']) retrieved from /home/felipe/.local/lib/python3.11/site-packages/airflow/example_dags/example_dynamic_task_mapping.py
[2024-01-11T15:04:15.277-0300] {logging_mixin.py:154} INFO - [2024-01-11T15:04:15.277-0300] {dag.py:2941} INFO - Sync 1 DAGs
[2024-01-11T15:04:15.287-0300] {logging_mixin.py:154} INFO - [2024-01-11T15:04:15.287-0300] {dag.py:3722} INFO - Setting next_dagrun for example_dynamic_task_mapping to 2022-03-04T00:00:00+00:00, run_after=2022-03-05T00:00:00+00:00
[2024-01-11T15:04:15.329-0300] {processor.py:179} INFO - Processing /home/felipe/.local/lib/python3.11/site-packages/airflow/example_dags/example_dynamic_task_mapping.py took 0.074 seconds
[2024-01-11T15:05:30.738-0300] {processor.py:157} INFO - Started process (PID=10151) to work on /home/felipe/.local/lib/python3.11/site-packages/airflow/example_dags/example_dynamic_task_mapping.py
[2024-01-11T15:05:30.770-0300] {processor.py:829} INFO - Processing file /home/felipe/.local/lib/python3.11/site-packages/airflow/example_dags/example_dynamic_task_mapping.py for tasks to queue
[2024-01-11T15:05:30.771-0300] {logging_mixin.py:154} INFO - [2024-01-11T15:05:30.771-0300] {dagbag.py:536} INFO - Filling up the DagBag from /home/felipe/.local/lib/python3.11/site-packages/airflow/example_dags/example_dynamic_task_mapping.py
[2024-01-11T15:05:30.775-0300] {processor.py:839} INFO - DAG(s) dict_keys(['example_dynamic_task_mapping']) retrieved from /home/felipe/.local/lib/python3.11/site-packages/airflow/example_dags/example_dynamic_task_mapping.py
[2024-01-11T15:05:30.784-0300] {logging_mixin.py:154} INFO - [2024-01-11T15:05:30.784-0300] {dag.py:2941} INFO - Sync 1 DAGs
[2024-01-11T15:05:30.794-0300] {logging_mixin.py:154} INFO - [2024-01-11T15:05:30.794-0300] {dag.py:3722} INFO - Setting next_dagrun for example_dynamic_task_mapping to 2022-03-04T00:00:00+00:00, run_after=2022-03-05T00:00:00+00:00
[2024-01-11T15:05:30.811-0300] {processor.py:179} INFO - Processing /home/felipe/.local/lib/python3.11/site-packages/airflow/example_dags/example_dynamic_task_mapping.py took 0.075 seconds
[2024-01-11T15:06:46.071-0300] {processor.py:157} INFO - Started process (PID=10259) to work on /home/felipe/.local/lib/python3.11/site-packages/airflow/example_dags/example_dynamic_task_mapping.py
[2024-01-11T15:06:46.103-0300] {processor.py:829} INFO - Processing file /home/felipe/.local/lib/python3.11/site-packages/airflow/example_dags/example_dynamic_task_mapping.py for tasks to queue
[2024-01-11T15:06:46.103-0300] {logging_mixin.py:154} INFO - [2024-01-11T15:06:46.103-0300] {dagbag.py:536} INFO - Filling up the DagBag from /home/felipe/.local/lib/python3.11/site-packages/airflow/example_dags/example_dynamic_task_mapping.py
[2024-01-11T15:06:46.108-0300] {processor.py:839} INFO - DAG(s) dict_keys(['example_dynamic_task_mapping']) retrieved from /home/felipe/.local/lib/python3.11/site-packages/airflow/example_dags/example_dynamic_task_mapping.py
[2024-01-11T15:06:46.116-0300] {logging_mixin.py:154} INFO - [2024-01-11T15:06:46.116-0300] {dag.py:2941} INFO - Sync 1 DAGs
[2024-01-11T15:06:46.126-0300] {logging_mixin.py:154} INFO - [2024-01-11T15:06:46.126-0300] {dag.py:3722} INFO - Setting next_dagrun for example_dynamic_task_mapping to 2022-03-04T00:00:00+00:00, run_after=2022-03-05T00:00:00+00:00
[2024-01-11T15:06:46.143-0300] {processor.py:179} INFO - Processing /home/felipe/.local/lib/python3.11/site-packages/airflow/example_dags/example_dynamic_task_mapping.py took 0.074 seconds
[2024-01-11T15:08:02.375-0300] {processor.py:157} INFO - Started process (PID=10421) to work on /home/felipe/.local/lib/python3.11/site-packages/airflow/example_dags/example_dynamic_task_mapping.py
[2024-01-11T15:08:02.407-0300] {processor.py:829} INFO - Processing file /home/felipe/.local/lib/python3.11/site-packages/airflow/example_dags/example_dynamic_task_mapping.py for tasks to queue
[2024-01-11T15:08:02.408-0300] {logging_mixin.py:154} INFO - [2024-01-11T15:08:02.407-0300] {dagbag.py:536} INFO - Filling up the DagBag from /home/felipe/.local/lib/python3.11/site-packages/airflow/example_dags/example_dynamic_task_mapping.py
[2024-01-11T15:08:02.413-0300] {processor.py:839} INFO - DAG(s) dict_keys(['example_dynamic_task_mapping']) retrieved from /home/felipe/.local/lib/python3.11/site-packages/airflow/example_dags/example_dynamic_task_mapping.py
[2024-01-11T15:08:02.422-0300] {logging_mixin.py:154} INFO - [2024-01-11T15:08:02.422-0300] {dag.py:2941} INFO - Sync 1 DAGs
[2024-01-11T15:08:02.431-0300] {logging_mixin.py:154} INFO - [2024-01-11T15:08:02.431-0300] {dag.py:3722} INFO - Setting next_dagrun for example_dynamic_task_mapping to 2022-03-04T00:00:00+00:00, run_after=2022-03-05T00:00:00+00:00
[2024-01-11T15:08:02.448-0300] {processor.py:179} INFO - Processing /home/felipe/.local/lib/python3.11/site-packages/airflow/example_dags/example_dynamic_task_mapping.py took 0.075 seconds
