[2024-01-11T15:04:12.997-0300] {processor.py:157} INFO - Started process (PID=9971) to work on /home/felipe/.local/lib/python3.11/site-packages/airflow/example_dags/example_latest_only.py
[2024-01-11T15:04:12.998-0300] {processor.py:829} INFO - Processing file /home/felipe/.local/lib/python3.11/site-packages/airflow/example_dags/example_latest_only.py for tasks to queue
[2024-01-11T15:04:12.998-0300] {logging_mixin.py:154} INFO - [2024-01-11T15:04:12.998-0300] {dagbag.py:536} INFO - Filling up the DagBag from /home/felipe/.local/lib/python3.11/site-packages/airflow/example_dags/example_latest_only.py
[2024-01-11T15:04:13.003-0300] {processor.py:839} INFO - DAG(s) dict_keys(['latest_only']) retrieved from /home/felipe/.local/lib/python3.11/site-packages/airflow/example_dags/example_latest_only.py
[2024-01-11T15:04:13.016-0300] {logging_mixin.py:154} INFO - [2024-01-11T15:04:13.016-0300] {dag.py:2941} INFO - Sync 1 DAGs
[2024-01-11T15:04:13.026-0300] {logging_mixin.py:154} INFO - [2024-01-11T15:04:13.026-0300] {dag.py:3722} INFO - Setting next_dagrun for latest_only to 2024-01-11T14:04:13.026127+00:00, run_after=2024-01-11T18:04:13.026127+00:00
[2024-01-11T15:04:13.067-0300] {processor.py:179} INFO - Processing /home/felipe/.local/lib/python3.11/site-packages/airflow/example_dags/example_latest_only.py took 0.072 seconds
[2024-01-11T15:05:28.479-0300] {processor.py:157} INFO - Started process (PID=10149) to work on /home/felipe/.local/lib/python3.11/site-packages/airflow/example_dags/example_latest_only.py
[2024-01-11T15:05:28.513-0300] {processor.py:829} INFO - Processing file /home/felipe/.local/lib/python3.11/site-packages/airflow/example_dags/example_latest_only.py for tasks to queue
[2024-01-11T15:05:28.514-0300] {logging_mixin.py:154} INFO - [2024-01-11T15:05:28.514-0300] {dagbag.py:536} INFO - Filling up the DagBag from /home/felipe/.local/lib/python3.11/site-packages/airflow/example_dags/example_latest_only.py
[2024-01-11T15:05:28.518-0300] {processor.py:839} INFO - DAG(s) dict_keys(['latest_only']) retrieved from /home/felipe/.local/lib/python3.11/site-packages/airflow/example_dags/example_latest_only.py
[2024-01-11T15:05:28.528-0300] {logging_mixin.py:154} INFO - [2024-01-11T15:05:28.528-0300] {dag.py:2941} INFO - Sync 1 DAGs
[2024-01-11T15:05:28.538-0300] {logging_mixin.py:154} INFO - [2024-01-11T15:05:28.538-0300] {dag.py:3722} INFO - Setting next_dagrun for latest_only to 2024-01-11T14:05:28.538765+00:00, run_after=2024-01-11T18:05:28.538765+00:00
[2024-01-11T15:05:28.556-0300] {processor.py:179} INFO - Processing /home/felipe/.local/lib/python3.11/site-packages/airflow/example_dags/example_latest_only.py took 0.079 seconds
[2024-01-11T15:06:43.812-0300] {processor.py:157} INFO - Started process (PID=10257) to work on /home/felipe/.local/lib/python3.11/site-packages/airflow/example_dags/example_latest_only.py
[2024-01-11T15:06:43.844-0300] {processor.py:829} INFO - Processing file /home/felipe/.local/lib/python3.11/site-packages/airflow/example_dags/example_latest_only.py for tasks to queue
[2024-01-11T15:06:43.844-0300] {logging_mixin.py:154} INFO - [2024-01-11T15:06:43.844-0300] {dagbag.py:536} INFO - Filling up the DagBag from /home/felipe/.local/lib/python3.11/site-packages/airflow/example_dags/example_latest_only.py
[2024-01-11T15:06:43.848-0300] {processor.py:839} INFO - DAG(s) dict_keys(['latest_only']) retrieved from /home/felipe/.local/lib/python3.11/site-packages/airflow/example_dags/example_latest_only.py
[2024-01-11T15:06:43.857-0300] {logging_mixin.py:154} INFO - [2024-01-11T15:06:43.856-0300] {dag.py:2941} INFO - Sync 1 DAGs
[2024-01-11T15:06:43.866-0300] {logging_mixin.py:154} INFO - [2024-01-11T15:06:43.866-0300] {dag.py:3722} INFO - Setting next_dagrun for latest_only to 2024-01-11T14:06:43.866400+00:00, run_after=2024-01-11T18:06:43.866400+00:00
[2024-01-11T15:06:43.883-0300] {processor.py:179} INFO - Processing /home/felipe/.local/lib/python3.11/site-packages/airflow/example_dags/example_latest_only.py took 0.073 seconds
[2024-01-11T15:08:00.013-0300] {processor.py:157} INFO - Started process (PID=10419) to work on /home/felipe/.local/lib/python3.11/site-packages/airflow/example_dags/example_latest_only.py
[2024-01-11T15:08:00.014-0300] {processor.py:829} INFO - Processing file /home/felipe/.local/lib/python3.11/site-packages/airflow/example_dags/example_latest_only.py for tasks to queue
[2024-01-11T15:08:00.014-0300] {logging_mixin.py:154} INFO - [2024-01-11T15:08:00.014-0300] {dagbag.py:536} INFO - Filling up the DagBag from /home/felipe/.local/lib/python3.11/site-packages/airflow/example_dags/example_latest_only.py
[2024-01-11T15:08:00.018-0300] {processor.py:839} INFO - DAG(s) dict_keys(['latest_only']) retrieved from /home/felipe/.local/lib/python3.11/site-packages/airflow/example_dags/example_latest_only.py
[2024-01-11T15:08:00.026-0300] {logging_mixin.py:154} INFO - [2024-01-11T15:08:00.026-0300] {dag.py:2941} INFO - Sync 1 DAGs
[2024-01-11T15:08:00.036-0300] {logging_mixin.py:154} INFO - [2024-01-11T15:08:00.036-0300] {dag.py:3722} INFO - Setting next_dagrun for latest_only to 2024-01-11T14:08:00.036314+00:00, run_after=2024-01-11T18:08:00.036314+00:00
[2024-01-11T15:08:00.046-0300] {processor.py:179} INFO - Processing /home/felipe/.local/lib/python3.11/site-packages/airflow/example_dags/example_latest_only.py took 0.035 seconds
