[2024-01-11T15:04:38.698-0300] {processor.py:157} INFO - Started process (PID=10002) to work on /home/felipe/.local/lib/python3.11/site-packages/airflow/example_dags/example_kubernetes_executor.py
[2024-01-11T15:04:38.698-0300] {processor.py:829} INFO - Processing file /home/felipe/.local/lib/python3.11/site-packages/airflow/example_dags/example_kubernetes_executor.py for tasks to queue
[2024-01-11T15:04:38.699-0300] {logging_mixin.py:154} INFO - [2024-01-11T15:04:38.698-0300] {dagbag.py:536} INFO - Filling up the DagBag from /home/felipe/.local/lib/python3.11/site-packages/airflow/example_dags/example_kubernetes_executor.py
[2024-01-11T15:04:38.700-0300] {logging_mixin.py:154} INFO - [2024-01-11T15:04:38.700-0300] {example_kubernetes_executor.py:38} WARNING - The example_kubernetes_executor example DAG requires the kubernetes provider. Please install it with: pip install apache-airflow[cncf.kubernetes]
[2024-01-11T15:04:38.701-0300] {processor.py:841} WARNING - No viable dags retrieved from /home/felipe/.local/lib/python3.11/site-packages/airflow/example_dags/example_kubernetes_executor.py
[2024-01-11T15:04:38.706-0300] {processor.py:179} INFO - Processing /home/felipe/.local/lib/python3.11/site-packages/airflow/example_dags/example_kubernetes_executor.py took 0.011 seconds
[2024-01-11T15:05:54.117-0300] {processor.py:157} INFO - Started process (PID=10181) to work on /home/felipe/.local/lib/python3.11/site-packages/airflow/example_dags/example_kubernetes_executor.py
[2024-01-11T15:05:54.149-0300] {processor.py:829} INFO - Processing file /home/felipe/.local/lib/python3.11/site-packages/airflow/example_dags/example_kubernetes_executor.py for tasks to queue
[2024-01-11T15:05:54.150-0300] {logging_mixin.py:154} INFO - [2024-01-11T15:05:54.150-0300] {dagbag.py:536} INFO - Filling up the DagBag from /home/felipe/.local/lib/python3.11/site-packages/airflow/example_dags/example_kubernetes_executor.py
[2024-01-11T15:05:54.152-0300] {logging_mixin.py:154} INFO - [2024-01-11T15:05:54.152-0300] {example_kubernetes_executor.py:38} WARNING - The example_kubernetes_executor example DAG requires the kubernetes provider. Please install it with: pip install apache-airflow[cncf.kubernetes]
[2024-01-11T15:05:54.152-0300] {processor.py:841} WARNING - No viable dags retrieved from /home/felipe/.local/lib/python3.11/site-packages/airflow/example_dags/example_kubernetes_executor.py
[2024-01-11T15:05:54.158-0300] {processor.py:179} INFO - Processing /home/felipe/.local/lib/python3.11/site-packages/airflow/example_dags/example_kubernetes_executor.py took 0.043 seconds
[2024-01-11T15:07:10.578-0300] {processor.py:157} INFO - Started process (PID=10300) to work on /home/felipe/.local/lib/python3.11/site-packages/airflow/example_dags/example_kubernetes_executor.py
[2024-01-11T15:07:10.631-0300] {processor.py:829} INFO - Processing file /home/felipe/.local/lib/python3.11/site-packages/airflow/example_dags/example_kubernetes_executor.py for tasks to queue
[2024-01-11T15:07:10.632-0300] {logging_mixin.py:154} INFO - [2024-01-11T15:07:10.632-0300] {dagbag.py:536} INFO - Filling up the DagBag from /home/felipe/.local/lib/python3.11/site-packages/airflow/example_dags/example_kubernetes_executor.py
[2024-01-11T15:07:10.634-0300] {logging_mixin.py:154} INFO - [2024-01-11T15:07:10.634-0300] {example_kubernetes_executor.py:38} WARNING - The example_kubernetes_executor example DAG requires the kubernetes provider. Please install it with: pip install apache-airflow[cncf.kubernetes]
[2024-01-11T15:07:10.634-0300] {processor.py:841} WARNING - No viable dags retrieved from /home/felipe/.local/lib/python3.11/site-packages/airflow/example_dags/example_kubernetes_executor.py
[2024-01-11T15:07:10.641-0300] {processor.py:179} INFO - Processing /home/felipe/.local/lib/python3.11/site-packages/airflow/example_dags/example_kubernetes_executor.py took 0.065 seconds
[2024-01-11T15:08:26.863-0300] {processor.py:157} INFO - Started process (PID=10479) to work on /home/felipe/.local/lib/python3.11/site-packages/airflow/example_dags/example_kubernetes_executor.py
[2024-01-11T15:08:26.864-0300] {processor.py:829} INFO - Processing file /home/felipe/.local/lib/python3.11/site-packages/airflow/example_dags/example_kubernetes_executor.py for tasks to queue
[2024-01-11T15:08:26.864-0300] {logging_mixin.py:154} INFO - [2024-01-11T15:08:26.864-0300] {dagbag.py:536} INFO - Filling up the DagBag from /home/felipe/.local/lib/python3.11/site-packages/airflow/example_dags/example_kubernetes_executor.py
[2024-01-11T15:08:26.866-0300] {logging_mixin.py:154} INFO - [2024-01-11T15:08:26.866-0300] {example_kubernetes_executor.py:38} WARNING - The example_kubernetes_executor example DAG requires the kubernetes provider. Please install it with: pip install apache-airflow[cncf.kubernetes]
[2024-01-11T15:08:26.866-0300] {processor.py:841} WARNING - No viable dags retrieved from /home/felipe/.local/lib/python3.11/site-packages/airflow/example_dags/example_kubernetes_executor.py
[2024-01-11T15:08:26.872-0300] {processor.py:179} INFO - Processing /home/felipe/.local/lib/python3.11/site-packages/airflow/example_dags/example_kubernetes_executor.py took 0.011 seconds
