[2024-01-11T15:04:28.427-0300] {processor.py:157} INFO - Started process (PID=9989) to work on /home/felipe/.local/lib/python3.11/site-packages/airflow/example_dags/example_task_group_decorator.py
[2024-01-11T15:04:28.428-0300] {processor.py:829} INFO - Processing file /home/felipe/.local/lib/python3.11/site-packages/airflow/example_dags/example_task_group_decorator.py for tasks to queue
[2024-01-11T15:04:28.428-0300] {logging_mixin.py:154} INFO - [2024-01-11T15:04:28.428-0300] {dagbag.py:536} INFO - Filling up the DagBag from /home/felipe/.local/lib/python3.11/site-packages/airflow/example_dags/example_task_group_decorator.py
[2024-01-11T15:04:28.438-0300] {processor.py:839} INFO - DAG(s) dict_keys(['example_task_group_decorator']) retrieved from /home/felipe/.local/lib/python3.11/site-packages/airflow/example_dags/example_task_group_decorator.py
[2024-01-11T15:04:28.451-0300] {logging_mixin.py:154} INFO - [2024-01-11T15:04:28.451-0300] {dag.py:2941} INFO - Sync 1 DAGs
[2024-01-11T15:04:28.461-0300] {logging_mixin.py:154} INFO - [2024-01-11T15:04:28.461-0300] {dag.py:3722} INFO - Setting next_dagrun for example_task_group_decorator to 2024-01-10T18:04:28.461385+00:00, run_after=2024-01-11T18:04:28.461385+00:00
[2024-01-11T15:04:28.503-0300] {processor.py:179} INFO - Processing /home/felipe/.local/lib/python3.11/site-packages/airflow/example_dags/example_task_group_decorator.py took 0.079 seconds
[2024-01-11T15:05:42.711-0300] {processor.py:157} INFO - Started process (PID=10166) to work on /home/felipe/.local/lib/python3.11/site-packages/airflow/example_dags/example_task_group_decorator.py
[2024-01-11T15:05:42.712-0300] {processor.py:829} INFO - Processing file /home/felipe/.local/lib/python3.11/site-packages/airflow/example_dags/example_task_group_decorator.py for tasks to queue
[2024-01-11T15:05:42.712-0300] {logging_mixin.py:154} INFO - [2024-01-11T15:05:42.712-0300] {dagbag.py:536} INFO - Filling up the DagBag from /home/felipe/.local/lib/python3.11/site-packages/airflow/example_dags/example_task_group_decorator.py
[2024-01-11T15:05:42.722-0300] {processor.py:839} INFO - DAG(s) dict_keys(['example_task_group_decorator']) retrieved from /home/felipe/.local/lib/python3.11/site-packages/airflow/example_dags/example_task_group_decorator.py
[2024-01-11T15:05:42.733-0300] {logging_mixin.py:154} INFO - [2024-01-11T15:05:42.733-0300] {dag.py:2941} INFO - Sync 1 DAGs
[2024-01-11T15:05:42.743-0300] {logging_mixin.py:154} INFO - [2024-01-11T15:05:42.743-0300] {dag.py:3722} INFO - Setting next_dagrun for example_task_group_decorator to 2024-01-10T18:05:42.742897+00:00, run_after=2024-01-11T18:05:42.742897+00:00
[2024-01-11T15:05:42.753-0300] {processor.py:179} INFO - Processing /home/felipe/.local/lib/python3.11/site-packages/airflow/example_dags/example_task_group_decorator.py took 0.043 seconds
[2024-01-11T15:06:59.181-0300] {processor.py:157} INFO - Started process (PID=10280) to work on /home/felipe/.local/lib/python3.11/site-packages/airflow/example_dags/example_task_group_decorator.py
[2024-01-11T15:06:59.213-0300] {processor.py:829} INFO - Processing file /home/felipe/.local/lib/python3.11/site-packages/airflow/example_dags/example_task_group_decorator.py for tasks to queue
[2024-01-11T15:06:59.214-0300] {logging_mixin.py:154} INFO - [2024-01-11T15:06:59.214-0300] {dagbag.py:536} INFO - Filling up the DagBag from /home/felipe/.local/lib/python3.11/site-packages/airflow/example_dags/example_task_group_decorator.py
[2024-01-11T15:06:59.223-0300] {processor.py:839} INFO - DAG(s) dict_keys(['example_task_group_decorator']) retrieved from /home/felipe/.local/lib/python3.11/site-packages/airflow/example_dags/example_task_group_decorator.py
[2024-01-11T15:06:59.234-0300] {logging_mixin.py:154} INFO - [2024-01-11T15:06:59.234-0300] {dag.py:2941} INFO - Sync 1 DAGs
[2024-01-11T15:06:59.244-0300] {logging_mixin.py:154} INFO - [2024-01-11T15:06:59.244-0300] {dag.py:3722} INFO - Setting next_dagrun for example_task_group_decorator to 2024-01-10T18:06:59.244299+00:00, run_after=2024-01-11T18:06:59.244299+00:00
[2024-01-11T15:06:59.261-0300] {processor.py:179} INFO - Processing /home/felipe/.local/lib/python3.11/site-packages/airflow/example_dags/example_task_group_decorator.py took 0.083 seconds
[2024-01-11T15:08:15.459-0300] {processor.py:157} INFO - Started process (PID=10460) to work on /home/felipe/.local/lib/python3.11/site-packages/airflow/example_dags/example_task_group_decorator.py
[2024-01-11T15:08:15.491-0300] {processor.py:829} INFO - Processing file /home/felipe/.local/lib/python3.11/site-packages/airflow/example_dags/example_task_group_decorator.py for tasks to queue
[2024-01-11T15:08:15.491-0300] {logging_mixin.py:154} INFO - [2024-01-11T15:08:15.491-0300] {dagbag.py:536} INFO - Filling up the DagBag from /home/felipe/.local/lib/python3.11/site-packages/airflow/example_dags/example_task_group_decorator.py
[2024-01-11T15:08:15.500-0300] {processor.py:839} INFO - DAG(s) dict_keys(['example_task_group_decorator']) retrieved from /home/felipe/.local/lib/python3.11/site-packages/airflow/example_dags/example_task_group_decorator.py
[2024-01-11T15:08:15.511-0300] {logging_mixin.py:154} INFO - [2024-01-11T15:08:15.510-0300] {dag.py:2941} INFO - Sync 1 DAGs
[2024-01-11T15:08:15.520-0300] {logging_mixin.py:154} INFO - [2024-01-11T15:08:15.520-0300] {dag.py:3722} INFO - Setting next_dagrun for example_task_group_decorator to 2024-01-10T18:08:15.520623+00:00, run_after=2024-01-11T18:08:15.520623+00:00
[2024-01-11T15:08:15.537-0300] {processor.py:179} INFO - Processing /home/felipe/.local/lib/python3.11/site-packages/airflow/example_dags/example_task_group_decorator.py took 0.080 seconds
