[2024-01-11T15:04:22.163-0300] {processor.py:157} INFO - Started process (PID=9982) to work on /home/felipe/.local/lib/python3.11/site-packages/airflow/example_dags/example_short_circuit_operator.py
[2024-01-11T15:04:22.164-0300] {processor.py:829} INFO - Processing file /home/felipe/.local/lib/python3.11/site-packages/airflow/example_dags/example_short_circuit_operator.py for tasks to queue
[2024-01-11T15:04:22.164-0300] {logging_mixin.py:154} INFO - [2024-01-11T15:04:22.164-0300] {dagbag.py:536} INFO - Filling up the DagBag from /home/felipe/.local/lib/python3.11/site-packages/airflow/example_dags/example_short_circuit_operator.py
[2024-01-11T15:04:22.172-0300] {processor.py:839} INFO - DAG(s) dict_keys(['example_short_circuit_operator']) retrieved from /home/felipe/.local/lib/python3.11/site-packages/airflow/example_dags/example_short_circuit_operator.py
[2024-01-11T15:04:22.185-0300] {logging_mixin.py:154} INFO - [2024-01-11T15:04:22.185-0300] {dag.py:2941} INFO - Sync 1 DAGs
[2024-01-11T15:04:22.194-0300] {logging_mixin.py:154} INFO - [2024-01-11T15:04:22.194-0300] {dag.py:3722} INFO - Setting next_dagrun for example_short_circuit_operator to 2024-01-10T18:04:22.194697+00:00, run_after=2024-01-11T18:04:22.194697+00:00
[2024-01-11T15:04:22.236-0300] {processor.py:179} INFO - Processing /home/felipe/.local/lib/python3.11/site-packages/airflow/example_dags/example_short_circuit_operator.py took 0.075 seconds
[2024-01-11T15:05:37.343-0300] {processor.py:157} INFO - Started process (PID=10159) to work on /home/felipe/.local/lib/python3.11/site-packages/airflow/example_dags/example_short_circuit_operator.py
[2024-01-11T15:05:37.375-0300] {processor.py:829} INFO - Processing file /home/felipe/.local/lib/python3.11/site-packages/airflow/example_dags/example_short_circuit_operator.py for tasks to queue
[2024-01-11T15:05:37.375-0300] {logging_mixin.py:154} INFO - [2024-01-11T15:05:37.375-0300] {dagbag.py:536} INFO - Filling up the DagBag from /home/felipe/.local/lib/python3.11/site-packages/airflow/example_dags/example_short_circuit_operator.py
[2024-01-11T15:05:37.380-0300] {processor.py:839} INFO - DAG(s) dict_keys(['example_short_circuit_operator']) retrieved from /home/felipe/.local/lib/python3.11/site-packages/airflow/example_dags/example_short_circuit_operator.py
[2024-01-11T15:05:37.390-0300] {logging_mixin.py:154} INFO - [2024-01-11T15:05:37.390-0300] {dag.py:2941} INFO - Sync 1 DAGs
[2024-01-11T15:05:37.401-0300] {logging_mixin.py:154} INFO - [2024-01-11T15:05:37.401-0300] {dag.py:3722} INFO - Setting next_dagrun for example_short_circuit_operator to 2024-01-10T18:05:37.400875+00:00, run_after=2024-01-11T18:05:37.400875+00:00
[2024-01-11T15:05:37.419-0300] {processor.py:179} INFO - Processing /home/felipe/.local/lib/python3.11/site-packages/airflow/example_dags/example_short_circuit_operator.py took 0.078 seconds
[2024-01-11T15:06:52.914-0300] {processor.py:157} INFO - Started process (PID=10269) to work on /home/felipe/.local/lib/python3.11/site-packages/airflow/example_dags/example_short_circuit_operator.py
[2024-01-11T15:06:52.946-0300] {processor.py:829} INFO - Processing file /home/felipe/.local/lib/python3.11/site-packages/airflow/example_dags/example_short_circuit_operator.py for tasks to queue
[2024-01-11T15:06:52.947-0300] {logging_mixin.py:154} INFO - [2024-01-11T15:06:52.946-0300] {dagbag.py:536} INFO - Filling up the DagBag from /home/felipe/.local/lib/python3.11/site-packages/airflow/example_dags/example_short_circuit_operator.py
[2024-01-11T15:06:52.953-0300] {processor.py:839} INFO - DAG(s) dict_keys(['example_short_circuit_operator']) retrieved from /home/felipe/.local/lib/python3.11/site-packages/airflow/example_dags/example_short_circuit_operator.py
[2024-01-11T15:06:52.964-0300] {logging_mixin.py:154} INFO - [2024-01-11T15:06:52.964-0300] {dag.py:2941} INFO - Sync 1 DAGs
[2024-01-11T15:06:52.975-0300] {logging_mixin.py:154} INFO - [2024-01-11T15:06:52.975-0300] {dag.py:3722} INFO - Setting next_dagrun for example_short_circuit_operator to 2024-01-10T18:06:52.975047+00:00, run_after=2024-01-11T18:06:52.975047+00:00
[2024-01-11T15:06:52.993-0300] {processor.py:179} INFO - Processing /home/felipe/.local/lib/python3.11/site-packages/airflow/example_dags/example_short_circuit_operator.py took 0.081 seconds
[2024-01-11T15:08:09.193-0300] {processor.py:157} INFO - Started process (PID=10453) to work on /home/felipe/.local/lib/python3.11/site-packages/airflow/example_dags/example_short_circuit_operator.py
[2024-01-11T15:08:09.225-0300] {processor.py:829} INFO - Processing file /home/felipe/.local/lib/python3.11/site-packages/airflow/example_dags/example_short_circuit_operator.py for tasks to queue
[2024-01-11T15:08:09.225-0300] {logging_mixin.py:154} INFO - [2024-01-11T15:08:09.225-0300] {dagbag.py:536} INFO - Filling up the DagBag from /home/felipe/.local/lib/python3.11/site-packages/airflow/example_dags/example_short_circuit_operator.py
[2024-01-11T15:08:09.230-0300] {processor.py:839} INFO - DAG(s) dict_keys(['example_short_circuit_operator']) retrieved from /home/felipe/.local/lib/python3.11/site-packages/airflow/example_dags/example_short_circuit_operator.py
[2024-01-11T15:08:09.240-0300] {logging_mixin.py:154} INFO - [2024-01-11T15:08:09.239-0300] {dag.py:2941} INFO - Sync 1 DAGs
[2024-01-11T15:08:09.249-0300] {logging_mixin.py:154} INFO - [2024-01-11T15:08:09.249-0300] {dag.py:3722} INFO - Setting next_dagrun for example_short_circuit_operator to 2024-01-10T18:08:09.249275+00:00, run_after=2024-01-11T18:08:09.249275+00:00
[2024-01-11T15:08:09.265-0300] {processor.py:179} INFO - Processing /home/felipe/.local/lib/python3.11/site-packages/airflow/example_dags/example_short_circuit_operator.py took 0.075 seconds
