[2024-01-24T15:37:28.320-0300] {processor.py:157} INFO - Started process (PID=19147) to work on /home/felipe/.local/lib/python3.11/site-packages/airflow/example_dags/subdags/subdag.py
[2024-01-24T15:37:28.321-0300] {processor.py:829} INFO - Processing file /home/felipe/.local/lib/python3.11/site-packages/airflow/example_dags/subdags/subdag.py for tasks to queue
[2024-01-24T15:37:28.321-0300] {logging_mixin.py:154} INFO - [2024-01-24T15:37:28.321-0300] {dagbag.py:536} INFO - Filling up the DagBag from /home/felipe/.local/lib/python3.11/site-packages/airflow/example_dags/subdags/subdag.py
[2024-01-24T15:37:28.323-0300] {processor.py:841} WARNING - No viable dags retrieved from /home/felipe/.local/lib/python3.11/site-packages/airflow/example_dags/subdags/subdag.py
[2024-01-24T15:37:28.329-0300] {processor.py:179} INFO - Processing /home/felipe/.local/lib/python3.11/site-packages/airflow/example_dags/subdags/subdag.py took 0.010 seconds
[2024-01-24T15:38:14.665-0300] {processor.py:157} INFO - Started process (PID=19400) to work on /home/felipe/.local/lib/python3.11/site-packages/airflow/example_dags/subdags/subdag.py
[2024-01-24T15:38:14.697-0300] {processor.py:829} INFO - Processing file /home/felipe/.local/lib/python3.11/site-packages/airflow/example_dags/subdags/subdag.py for tasks to queue
[2024-01-24T15:38:14.697-0300] {logging_mixin.py:154} INFO - [2024-01-24T15:38:14.697-0300] {dagbag.py:536} INFO - Filling up the DagBag from /home/felipe/.local/lib/python3.11/site-packages/airflow/example_dags/subdags/subdag.py
[2024-01-24T15:38:14.699-0300] {processor.py:841} WARNING - No viable dags retrieved from /home/felipe/.local/lib/python3.11/site-packages/airflow/example_dags/subdags/subdag.py
[2024-01-24T15:38:14.707-0300] {processor.py:179} INFO - Processing /home/felipe/.local/lib/python3.11/site-packages/airflow/example_dags/subdags/subdag.py took 0.044 seconds
[2024-01-24T15:39:42.860-0300] {processor.py:157} INFO - Started process (PID=19654) to work on /home/felipe/.local/lib/python3.11/site-packages/airflow/example_dags/subdags/subdag.py
[2024-01-24T15:39:42.861-0300] {processor.py:829} INFO - Processing file /home/felipe/.local/lib/python3.11/site-packages/airflow/example_dags/subdags/subdag.py for tasks to queue
[2024-01-24T15:39:42.862-0300] {logging_mixin.py:154} INFO - [2024-01-24T15:39:42.861-0300] {dagbag.py:536} INFO - Filling up the DagBag from /home/felipe/.local/lib/python3.11/site-packages/airflow/example_dags/subdags/subdag.py
[2024-01-24T15:39:42.863-0300] {processor.py:841} WARNING - No viable dags retrieved from /home/felipe/.local/lib/python3.11/site-packages/airflow/example_dags/subdags/subdag.py
[2024-01-24T15:39:42.870-0300] {processor.py:179} INFO - Processing /home/felipe/.local/lib/python3.11/site-packages/airflow/example_dags/subdags/subdag.py took 0.012 seconds
[2024-01-24T15:41:15.657-0300] {processor.py:157} INFO - Started process (PID=20121) to work on /home/felipe/.local/lib/python3.11/site-packages/airflow/example_dags/subdags/subdag.py
[2024-01-24T15:41:15.690-0300] {processor.py:829} INFO - Processing file /home/felipe/.local/lib/python3.11/site-packages/airflow/example_dags/subdags/subdag.py for tasks to queue
[2024-01-24T15:41:15.690-0300] {logging_mixin.py:154} INFO - [2024-01-24T15:41:15.690-0300] {dagbag.py:536} INFO - Filling up the DagBag from /home/felipe/.local/lib/python3.11/site-packages/airflow/example_dags/subdags/subdag.py
[2024-01-24T15:41:15.692-0300] {processor.py:841} WARNING - No viable dags retrieved from /home/felipe/.local/lib/python3.11/site-packages/airflow/example_dags/subdags/subdag.py
[2024-01-24T15:41:15.699-0300] {processor.py:179} INFO - Processing /home/felipe/.local/lib/python3.11/site-packages/airflow/example_dags/subdags/subdag.py took 0.043 seconds
[2024-01-24T15:42:09.893-0300] {processor.py:157} INFO - Started process (PID=20348) to work on /home/felipe/.local/lib/python3.11/site-packages/airflow/example_dags/subdags/subdag.py
[2024-01-24T15:42:09.893-0300] {processor.py:829} INFO - Processing file /home/felipe/.local/lib/python3.11/site-packages/airflow/example_dags/subdags/subdag.py for tasks to queue
[2024-01-24T15:42:09.894-0300] {logging_mixin.py:154} INFO - [2024-01-24T15:42:09.894-0300] {dagbag.py:536} INFO - Filling up the DagBag from /home/felipe/.local/lib/python3.11/site-packages/airflow/example_dags/subdags/subdag.py
[2024-01-24T15:42:09.895-0300] {processor.py:841} WARNING - No viable dags retrieved from /home/felipe/.local/lib/python3.11/site-packages/airflow/example_dags/subdags/subdag.py
[2024-01-24T15:42:09.901-0300] {processor.py:179} INFO - Processing /home/felipe/.local/lib/python3.11/site-packages/airflow/example_dags/subdags/subdag.py took 0.011 seconds
[2024-01-24T15:43:05.146-0300] {processor.py:157} INFO - Started process (PID=20593) to work on /home/felipe/.local/lib/python3.11/site-packages/airflow/example_dags/subdags/subdag.py
[2024-01-24T15:43:05.178-0300] {processor.py:829} INFO - Processing file /home/felipe/.local/lib/python3.11/site-packages/airflow/example_dags/subdags/subdag.py for tasks to queue
[2024-01-24T15:43:05.179-0300] {logging_mixin.py:154} INFO - [2024-01-24T15:43:05.179-0300] {dagbag.py:536} INFO - Filling up the DagBag from /home/felipe/.local/lib/python3.11/site-packages/airflow/example_dags/subdags/subdag.py
[2024-01-24T15:43:05.181-0300] {processor.py:841} WARNING - No viable dags retrieved from /home/felipe/.local/lib/python3.11/site-packages/airflow/example_dags/subdags/subdag.py
[2024-01-24T15:43:05.188-0300] {processor.py:179} INFO - Processing /home/felipe/.local/lib/python3.11/site-packages/airflow/example_dags/subdags/subdag.py took 0.044 seconds
[2024-01-24T15:43:52.909-0300] {processor.py:157} INFO - Started process (PID=21060) to work on /home/felipe/.local/lib/python3.11/site-packages/airflow/example_dags/subdags/subdag.py
[2024-01-24T15:43:52.967-0300] {processor.py:829} INFO - Processing file /home/felipe/.local/lib/python3.11/site-packages/airflow/example_dags/subdags/subdag.py for tasks to queue
[2024-01-24T15:43:52.967-0300] {logging_mixin.py:154} INFO - [2024-01-24T15:43:52.967-0300] {dagbag.py:536} INFO - Filling up the DagBag from /home/felipe/.local/lib/python3.11/site-packages/airflow/example_dags/subdags/subdag.py
[2024-01-24T15:43:52.969-0300] {processor.py:841} WARNING - No viable dags retrieved from /home/felipe/.local/lib/python3.11/site-packages/airflow/example_dags/subdags/subdag.py
[2024-01-24T15:43:52.975-0300] {processor.py:179} INFO - Processing /home/felipe/.local/lib/python3.11/site-packages/airflow/example_dags/subdags/subdag.py took 0.068 seconds
[2024-01-24T15:44:36.729-0300] {processor.py:157} INFO - Started process (PID=21257) to work on /home/felipe/.local/lib/python3.11/site-packages/airflow/example_dags/subdags/subdag.py
[2024-01-24T15:44:36.729-0300] {processor.py:829} INFO - Processing file /home/felipe/.local/lib/python3.11/site-packages/airflow/example_dags/subdags/subdag.py for tasks to queue
[2024-01-24T15:44:36.730-0300] {logging_mixin.py:154} INFO - [2024-01-24T15:44:36.730-0300] {dagbag.py:536} INFO - Filling up the DagBag from /home/felipe/.local/lib/python3.11/site-packages/airflow/example_dags/subdags/subdag.py
[2024-01-24T15:44:36.731-0300] {processor.py:841} WARNING - No viable dags retrieved from /home/felipe/.local/lib/python3.11/site-packages/airflow/example_dags/subdags/subdag.py
[2024-01-24T15:44:36.738-0300] {processor.py:179} INFO - Processing /home/felipe/.local/lib/python3.11/site-packages/airflow/example_dags/subdags/subdag.py took 0.011 seconds
[2024-01-24T15:48:05.760-0300] {processor.py:157} INFO - Started process (PID=21689) to work on /home/felipe/.local/lib/python3.11/site-packages/airflow/example_dags/subdags/subdag.py
[2024-01-24T15:48:05.792-0300] {processor.py:829} INFO - Processing file /home/felipe/.local/lib/python3.11/site-packages/airflow/example_dags/subdags/subdag.py for tasks to queue
[2024-01-24T15:48:05.792-0300] {logging_mixin.py:154} INFO - [2024-01-24T15:48:05.792-0300] {dagbag.py:536} INFO - Filling up the DagBag from /home/felipe/.local/lib/python3.11/site-packages/airflow/example_dags/subdags/subdag.py
[2024-01-24T15:48:05.794-0300] {processor.py:841} WARNING - No viable dags retrieved from /home/felipe/.local/lib/python3.11/site-packages/airflow/example_dags/subdags/subdag.py
[2024-01-24T15:48:05.801-0300] {processor.py:179} INFO - Processing /home/felipe/.local/lib/python3.11/site-packages/airflow/example_dags/subdags/subdag.py took 0.043 seconds
[2024-01-24T15:48:20.105-0300] {processor.py:157} INFO - Started process (PID=21789) to work on /home/felipe/.local/lib/python3.11/site-packages/airflow/example_dags/subdags/subdag.py
[2024-01-24T15:48:20.138-0300] {processor.py:829} INFO - Processing file /home/felipe/.local/lib/python3.11/site-packages/airflow/example_dags/subdags/subdag.py for tasks to queue
[2024-01-24T15:48:20.138-0300] {logging_mixin.py:154} INFO - [2024-01-24T15:48:20.138-0300] {dagbag.py:536} INFO - Filling up the DagBag from /home/felipe/.local/lib/python3.11/site-packages/airflow/example_dags/subdags/subdag.py
[2024-01-24T15:48:20.140-0300] {processor.py:841} WARNING - No viable dags retrieved from /home/felipe/.local/lib/python3.11/site-packages/airflow/example_dags/subdags/subdag.py
[2024-01-24T15:48:20.146-0300] {processor.py:179} INFO - Processing /home/felipe/.local/lib/python3.11/site-packages/airflow/example_dags/subdags/subdag.py took 0.042 seconds
[2024-01-24T15:49:51.640-0300] {processor.py:157} INFO - Started process (PID=22203) to work on /home/felipe/.local/lib/python3.11/site-packages/airflow/example_dags/subdags/subdag.py
[2024-01-24T15:49:51.672-0300] {processor.py:829} INFO - Processing file /home/felipe/.local/lib/python3.11/site-packages/airflow/example_dags/subdags/subdag.py for tasks to queue
[2024-01-24T15:49:51.673-0300] {logging_mixin.py:154} INFO - [2024-01-24T15:49:51.672-0300] {dagbag.py:536} INFO - Filling up the DagBag from /home/felipe/.local/lib/python3.11/site-packages/airflow/example_dags/subdags/subdag.py
[2024-01-24T15:49:51.674-0300] {processor.py:841} WARNING - No viable dags retrieved from /home/felipe/.local/lib/python3.11/site-packages/airflow/example_dags/subdags/subdag.py
[2024-01-24T15:49:51.681-0300] {processor.py:179} INFO - Processing /home/felipe/.local/lib/python3.11/site-packages/airflow/example_dags/subdags/subdag.py took 0.043 seconds
[2024-01-24T15:50:34.738-0300] {processor.py:157} INFO - Started process (PID=22319) to work on /home/felipe/.local/lib/python3.11/site-packages/airflow/example_dags/subdags/subdag.py
[2024-01-24T15:50:34.771-0300] {processor.py:829} INFO - Processing file /home/felipe/.local/lib/python3.11/site-packages/airflow/example_dags/subdags/subdag.py for tasks to queue
[2024-01-24T15:50:34.771-0300] {logging_mixin.py:154} INFO - [2024-01-24T15:50:34.771-0300] {dagbag.py:536} INFO - Filling up the DagBag from /home/felipe/.local/lib/python3.11/site-packages/airflow/example_dags/subdags/subdag.py
[2024-01-24T15:50:34.773-0300] {processor.py:841} WARNING - No viable dags retrieved from /home/felipe/.local/lib/python3.11/site-packages/airflow/example_dags/subdags/subdag.py
[2024-01-24T15:50:34.780-0300] {processor.py:179} INFO - Processing /home/felipe/.local/lib/python3.11/site-packages/airflow/example_dags/subdags/subdag.py took 0.044 seconds
[2024-01-24T15:51:17.598-0300] {processor.py:157} INFO - Started process (PID=22432) to work on /home/felipe/.local/lib/python3.11/site-packages/airflow/example_dags/subdags/subdag.py
[2024-01-24T15:51:17.648-0300] {processor.py:829} INFO - Processing file /home/felipe/.local/lib/python3.11/site-packages/airflow/example_dags/subdags/subdag.py for tasks to queue
[2024-01-24T15:51:17.649-0300] {logging_mixin.py:154} INFO - [2024-01-24T15:51:17.649-0300] {dagbag.py:536} INFO - Filling up the DagBag from /home/felipe/.local/lib/python3.11/site-packages/airflow/example_dags/subdags/subdag.py
[2024-01-24T15:51:17.651-0300] {processor.py:841} WARNING - No viable dags retrieved from /home/felipe/.local/lib/python3.11/site-packages/airflow/example_dags/subdags/subdag.py
[2024-01-24T15:51:17.659-0300] {processor.py:179} INFO - Processing /home/felipe/.local/lib/python3.11/site-packages/airflow/example_dags/subdags/subdag.py took 0.063 seconds
[2024-01-24T15:52:01.573-0300] {processor.py:157} INFO - Started process (PID=22596) to work on /home/felipe/.local/lib/python3.11/site-packages/airflow/example_dags/subdags/subdag.py
[2024-01-24T15:52:01.605-0300] {processor.py:829} INFO - Processing file /home/felipe/.local/lib/python3.11/site-packages/airflow/example_dags/subdags/subdag.py for tasks to queue
[2024-01-24T15:52:01.606-0300] {logging_mixin.py:154} INFO - [2024-01-24T15:52:01.605-0300] {dagbag.py:536} INFO - Filling up the DagBag from /home/felipe/.local/lib/python3.11/site-packages/airflow/example_dags/subdags/subdag.py
[2024-01-24T15:52:01.607-0300] {processor.py:841} WARNING - No viable dags retrieved from /home/felipe/.local/lib/python3.11/site-packages/airflow/example_dags/subdags/subdag.py
[2024-01-24T15:52:01.613-0300] {processor.py:179} INFO - Processing /home/felipe/.local/lib/python3.11/site-packages/airflow/example_dags/subdags/subdag.py took 0.042 seconds
[2024-01-24T15:52:42.534-0300] {processor.py:157} INFO - Started process (PID=22762) to work on /home/felipe/.local/lib/python3.11/site-packages/airflow/example_dags/subdags/subdag.py
[2024-01-24T15:52:42.534-0300] {processor.py:829} INFO - Processing file /home/felipe/.local/lib/python3.11/site-packages/airflow/example_dags/subdags/subdag.py for tasks to queue
[2024-01-24T15:52:42.535-0300] {logging_mixin.py:154} INFO - [2024-01-24T15:52:42.534-0300] {dagbag.py:536} INFO - Filling up the DagBag from /home/felipe/.local/lib/python3.11/site-packages/airflow/example_dags/subdags/subdag.py
[2024-01-24T15:52:42.536-0300] {processor.py:841} WARNING - No viable dags retrieved from /home/felipe/.local/lib/python3.11/site-packages/airflow/example_dags/subdags/subdag.py
[2024-01-24T15:52:42.542-0300] {processor.py:179} INFO - Processing /home/felipe/.local/lib/python3.11/site-packages/airflow/example_dags/subdags/subdag.py took 0.010 seconds
[2024-01-24T15:53:18.779-0300] {processor.py:157} INFO - Started process (PID=22879) to work on /home/felipe/.local/lib/python3.11/site-packages/airflow/example_dags/subdags/subdag.py
[2024-01-24T15:53:18.812-0300] {processor.py:829} INFO - Processing file /home/felipe/.local/lib/python3.11/site-packages/airflow/example_dags/subdags/subdag.py for tasks to queue
[2024-01-24T15:53:18.812-0300] {logging_mixin.py:154} INFO - [2024-01-24T15:53:18.812-0300] {dagbag.py:536} INFO - Filling up the DagBag from /home/felipe/.local/lib/python3.11/site-packages/airflow/example_dags/subdags/subdag.py
[2024-01-24T15:53:18.814-0300] {processor.py:841} WARNING - No viable dags retrieved from /home/felipe/.local/lib/python3.11/site-packages/airflow/example_dags/subdags/subdag.py
[2024-01-24T15:53:18.820-0300] {processor.py:179} INFO - Processing /home/felipe/.local/lib/python3.11/site-packages/airflow/example_dags/subdags/subdag.py took 0.043 seconds
[2024-01-24T15:53:58.551-0300] {processor.py:157} INFO - Started process (PID=22990) to work on /home/felipe/.local/lib/python3.11/site-packages/airflow/example_dags/subdags/subdag.py
[2024-01-24T15:53:58.583-0300] {processor.py:829} INFO - Processing file /home/felipe/.local/lib/python3.11/site-packages/airflow/example_dags/subdags/subdag.py for tasks to queue
[2024-01-24T15:53:58.584-0300] {logging_mixin.py:154} INFO - [2024-01-24T15:53:58.584-0300] {dagbag.py:536} INFO - Filling up the DagBag from /home/felipe/.local/lib/python3.11/site-packages/airflow/example_dags/subdags/subdag.py
[2024-01-24T15:53:58.585-0300] {processor.py:841} WARNING - No viable dags retrieved from /home/felipe/.local/lib/python3.11/site-packages/airflow/example_dags/subdags/subdag.py
[2024-01-24T15:53:58.592-0300] {processor.py:179} INFO - Processing /home/felipe/.local/lib/python3.11/site-packages/airflow/example_dags/subdags/subdag.py took 0.043 seconds
[2024-01-24T15:55:13.290-0300] {processor.py:157} INFO - Started process (PID=23224) to work on /home/felipe/.local/lib/python3.11/site-packages/airflow/example_dags/subdags/subdag.py
[2024-01-24T15:55:13.290-0300] {processor.py:829} INFO - Processing file /home/felipe/.local/lib/python3.11/site-packages/airflow/example_dags/subdags/subdag.py for tasks to queue
[2024-01-24T15:55:13.291-0300] {logging_mixin.py:154} INFO - [2024-01-24T15:55:13.291-0300] {dagbag.py:536} INFO - Filling up the DagBag from /home/felipe/.local/lib/python3.11/site-packages/airflow/example_dags/subdags/subdag.py
[2024-01-24T15:55:13.292-0300] {processor.py:841} WARNING - No viable dags retrieved from /home/felipe/.local/lib/python3.11/site-packages/airflow/example_dags/subdags/subdag.py
[2024-01-24T15:55:13.299-0300] {processor.py:179} INFO - Processing /home/felipe/.local/lib/python3.11/site-packages/airflow/example_dags/subdags/subdag.py took 0.011 seconds
[2024-01-24T15:56:22.793-0300] {processor.py:157} INFO - Started process (PID=23448) to work on /home/felipe/.local/lib/python3.11/site-packages/airflow/example_dags/subdags/subdag.py
[2024-01-24T15:56:22.849-0300] {processor.py:829} INFO - Processing file /home/felipe/.local/lib/python3.11/site-packages/airflow/example_dags/subdags/subdag.py for tasks to queue
[2024-01-24T15:56:22.849-0300] {logging_mixin.py:154} INFO - [2024-01-24T15:56:22.849-0300] {dagbag.py:536} INFO - Filling up the DagBag from /home/felipe/.local/lib/python3.11/site-packages/airflow/example_dags/subdags/subdag.py
[2024-01-24T15:56:22.851-0300] {processor.py:841} WARNING - No viable dags retrieved from /home/felipe/.local/lib/python3.11/site-packages/airflow/example_dags/subdags/subdag.py
[2024-01-24T15:56:22.858-0300] {processor.py:179} INFO - Processing /home/felipe/.local/lib/python3.11/site-packages/airflow/example_dags/subdags/subdag.py took 0.066 seconds
[2024-01-24T15:57:05.950-0300] {processor.py:157} INFO - Started process (PID=23612) to work on /home/felipe/.local/lib/python3.11/site-packages/airflow/example_dags/subdags/subdag.py
[2024-01-24T15:57:05.954-0300] {processor.py:829} INFO - Processing file /home/felipe/.local/lib/python3.11/site-packages/airflow/example_dags/subdags/subdag.py for tasks to queue
[2024-01-24T15:57:05.955-0300] {logging_mixin.py:154} INFO - [2024-01-24T15:57:05.954-0300] {dagbag.py:536} INFO - Filling up the DagBag from /home/felipe/.local/lib/python3.11/site-packages/airflow/example_dags/subdags/subdag.py
[2024-01-24T15:57:05.956-0300] {processor.py:841} WARNING - No viable dags retrieved from /home/felipe/.local/lib/python3.11/site-packages/airflow/example_dags/subdags/subdag.py
[2024-01-24T15:57:05.965-0300] {processor.py:179} INFO - Processing /home/felipe/.local/lib/python3.11/site-packages/airflow/example_dags/subdags/subdag.py took 0.016 seconds
[2024-01-24T15:57:45.930-0300] {processor.py:157} INFO - Started process (PID=23822) to work on /home/felipe/.local/lib/python3.11/site-packages/airflow/example_dags/subdags/subdag.py
[2024-01-24T15:57:45.967-0300] {processor.py:829} INFO - Processing file /home/felipe/.local/lib/python3.11/site-packages/airflow/example_dags/subdags/subdag.py for tasks to queue
[2024-01-24T15:57:45.968-0300] {logging_mixin.py:154} INFO - [2024-01-24T15:57:45.967-0300] {dagbag.py:536} INFO - Filling up the DagBag from /home/felipe/.local/lib/python3.11/site-packages/airflow/example_dags/subdags/subdag.py
[2024-01-24T15:57:45.969-0300] {processor.py:841} WARNING - No viable dags retrieved from /home/felipe/.local/lib/python3.11/site-packages/airflow/example_dags/subdags/subdag.py
[2024-01-24T15:57:45.976-0300] {processor.py:179} INFO - Processing /home/felipe/.local/lib/python3.11/site-packages/airflow/example_dags/subdags/subdag.py took 0.048 seconds
[2024-01-24T15:58:30.969-0300] {processor.py:157} INFO - Started process (PID=23930) to work on /home/felipe/.local/lib/python3.11/site-packages/airflow/example_dags/subdags/subdag.py
[2024-01-24T15:58:31.001-0300] {processor.py:829} INFO - Processing file /home/felipe/.local/lib/python3.11/site-packages/airflow/example_dags/subdags/subdag.py for tasks to queue
[2024-01-24T15:58:31.002-0300] {logging_mixin.py:154} INFO - [2024-01-24T15:58:31.002-0300] {dagbag.py:536} INFO - Filling up the DagBag from /home/felipe/.local/lib/python3.11/site-packages/airflow/example_dags/subdags/subdag.py
[2024-01-24T15:58:31.004-0300] {processor.py:841} WARNING - No viable dags retrieved from /home/felipe/.local/lib/python3.11/site-packages/airflow/example_dags/subdags/subdag.py
[2024-01-24T15:58:31.010-0300] {processor.py:179} INFO - Processing /home/felipe/.local/lib/python3.11/site-packages/airflow/example_dags/subdags/subdag.py took 0.043 seconds
[2024-01-24T15:59:14.917-0300] {processor.py:157} INFO - Started process (PID=24132) to work on /home/felipe/.local/lib/python3.11/site-packages/airflow/example_dags/subdags/subdag.py
[2024-01-24T15:59:14.949-0300] {processor.py:829} INFO - Processing file /home/felipe/.local/lib/python3.11/site-packages/airflow/example_dags/subdags/subdag.py for tasks to queue
[2024-01-24T15:59:14.950-0300] {logging_mixin.py:154} INFO - [2024-01-24T15:59:14.949-0300] {dagbag.py:536} INFO - Filling up the DagBag from /home/felipe/.local/lib/python3.11/site-packages/airflow/example_dags/subdags/subdag.py
[2024-01-24T15:59:14.951-0300] {processor.py:841} WARNING - No viable dags retrieved from /home/felipe/.local/lib/python3.11/site-packages/airflow/example_dags/subdags/subdag.py
[2024-01-24T15:59:14.958-0300] {processor.py:179} INFO - Processing /home/felipe/.local/lib/python3.11/site-packages/airflow/example_dags/subdags/subdag.py took 0.043 seconds
