[2023-12-27T11:26:59.398-0300] {processor.py:157} INFO - Started process (PID=13434) to work on /home/felipe/.local/lib/python3.11/site-packages/airflow/example_dags/example_trigger_target_dag.py
[2023-12-27T11:26:59.399-0300] {processor.py:829} INFO - Processing file /home/felipe/.local/lib/python3.11/site-packages/airflow/example_dags/example_trigger_target_dag.py for tasks to queue
[2023-12-27T11:26:59.400-0300] {logging_mixin.py:154} INFO - [2023-12-27T11:26:59.399-0300] {dagbag.py:536} INFO - Filling up the DagBag from /home/felipe/.local/lib/python3.11/site-packages/airflow/example_dags/example_trigger_target_dag.py
[2023-12-27T11:26:59.404-0300] {processor.py:839} INFO - DAG(s) dict_keys(['example_trigger_target_dag']) retrieved from /home/felipe/.local/lib/python3.11/site-packages/airflow/example_dags/example_trigger_target_dag.py
[2023-12-27T11:26:59.462-0300] {logging_mixin.py:154} INFO - [2023-12-27T11:26:59.462-0300] {manager.py:499} INFO - Created Permission View: %s
[2023-12-27T11:26:59.467-0300] {logging_mixin.py:154} INFO - [2023-12-27T11:26:59.467-0300] {manager.py:499} INFO - Created Permission View: %s
[2023-12-27T11:26:59.470-0300] {logging_mixin.py:154} INFO - [2023-12-27T11:26:59.470-0300] {manager.py:499} INFO - Created Permission View: %s
[2023-12-27T11:26:59.470-0300] {logging_mixin.py:154} INFO - [2023-12-27T11:26:59.470-0300] {dag.py:2941} INFO - Sync 1 DAGs
[2023-12-27T11:26:59.475-0300] {logging_mixin.py:154} INFO - [2023-12-27T11:26:59.475-0300] {dag.py:2963} INFO - Creating ORM DAG for example_trigger_target_dag
[2023-12-27T11:26:59.475-0300] {logging_mixin.py:154} INFO - [2023-12-27T11:26:59.475-0300] {dag.py:3722} INFO - Setting next_dagrun for example_trigger_target_dag to None, run_after=None
[2023-12-27T11:26:59.484-0300] {processor.py:179} INFO - Processing /home/felipe/.local/lib/python3.11/site-packages/airflow/example_dags/example_trigger_target_dag.py took 0.088 seconds
[2023-12-27T11:27:43.844-0300] {processor.py:157} INFO - Started process (PID=13552) to work on /home/felipe/.local/lib/python3.11/site-packages/airflow/example_dags/example_trigger_target_dag.py
[2023-12-27T11:27:43.876-0300] {processor.py:829} INFO - Processing file /home/felipe/.local/lib/python3.11/site-packages/airflow/example_dags/example_trigger_target_dag.py for tasks to queue
[2023-12-27T11:27:43.876-0300] {logging_mixin.py:154} INFO - [2023-12-27T11:27:43.876-0300] {dagbag.py:536} INFO - Filling up the DagBag from /home/felipe/.local/lib/python3.11/site-packages/airflow/example_dags/example_trigger_target_dag.py
[2023-12-27T11:27:43.880-0300] {processor.py:839} INFO - DAG(s) dict_keys(['example_trigger_target_dag']) retrieved from /home/felipe/.local/lib/python3.11/site-packages/airflow/example_dags/example_trigger_target_dag.py
[2023-12-27T11:27:43.890-0300] {logging_mixin.py:154} INFO - [2023-12-27T11:27:43.890-0300] {dag.py:2941} INFO - Sync 1 DAGs
[2023-12-27T11:27:43.895-0300] {logging_mixin.py:154} INFO - [2023-12-27T11:27:43.895-0300] {dag.py:3722} INFO - Setting next_dagrun for example_trigger_target_dag to None, run_after=None
[2023-12-27T11:27:43.912-0300] {processor.py:179} INFO - Processing /home/felipe/.local/lib/python3.11/site-packages/airflow/example_dags/example_trigger_target_dag.py took 0.070 seconds
[2023-12-27T11:28:28.727-0300] {processor.py:157} INFO - Started process (PID=13613) to work on /home/felipe/.local/lib/python3.11/site-packages/airflow/example_dags/example_trigger_target_dag.py
[2023-12-27T11:28:28.727-0300] {processor.py:829} INFO - Processing file /home/felipe/.local/lib/python3.11/site-packages/airflow/example_dags/example_trigger_target_dag.py for tasks to queue
[2023-12-27T11:28:28.728-0300] {logging_mixin.py:154} INFO - [2023-12-27T11:28:28.727-0300] {dagbag.py:536} INFO - Filling up the DagBag from /home/felipe/.local/lib/python3.11/site-packages/airflow/example_dags/example_trigger_target_dag.py
[2023-12-27T11:28:28.731-0300] {processor.py:839} INFO - DAG(s) dict_keys(['example_trigger_target_dag']) retrieved from /home/felipe/.local/lib/python3.11/site-packages/airflow/example_dags/example_trigger_target_dag.py
[2023-12-27T11:28:28.740-0300] {logging_mixin.py:154} INFO - [2023-12-27T11:28:28.740-0300] {dag.py:2941} INFO - Sync 1 DAGs
[2023-12-27T11:28:28.746-0300] {logging_mixin.py:154} INFO - [2023-12-27T11:28:28.746-0300] {dag.py:3722} INFO - Setting next_dagrun for example_trigger_target_dag to None, run_after=None
[2023-12-27T11:28:28.755-0300] {processor.py:179} INFO - Processing /home/felipe/.local/lib/python3.11/site-packages/airflow/example_dags/example_trigger_target_dag.py took 0.031 seconds
[2023-12-27T11:29:15.643-0300] {processor.py:157} INFO - Started process (PID=13673) to work on /home/felipe/.local/lib/python3.11/site-packages/airflow/example_dags/example_trigger_target_dag.py
[2023-12-27T11:29:15.675-0300] {processor.py:829} INFO - Processing file /home/felipe/.local/lib/python3.11/site-packages/airflow/example_dags/example_trigger_target_dag.py for tasks to queue
[2023-12-27T11:29:15.676-0300] {logging_mixin.py:154} INFO - [2023-12-27T11:29:15.675-0300] {dagbag.py:536} INFO - Filling up the DagBag from /home/felipe/.local/lib/python3.11/site-packages/airflow/example_dags/example_trigger_target_dag.py
[2023-12-27T11:29:15.679-0300] {processor.py:839} INFO - DAG(s) dict_keys(['example_trigger_target_dag']) retrieved from /home/felipe/.local/lib/python3.11/site-packages/airflow/example_dags/example_trigger_target_dag.py
[2023-12-27T11:29:15.689-0300] {logging_mixin.py:154} INFO - [2023-12-27T11:29:15.689-0300] {dag.py:2941} INFO - Sync 1 DAGs
[2023-12-27T11:29:15.695-0300] {logging_mixin.py:154} INFO - [2023-12-27T11:29:15.695-0300] {dag.py:3722} INFO - Setting next_dagrun for example_trigger_target_dag to None, run_after=None
[2023-12-27T11:29:15.712-0300] {processor.py:179} INFO - Processing /home/felipe/.local/lib/python3.11/site-packages/airflow/example_dags/example_trigger_target_dag.py took 0.071 seconds
[2023-12-27T11:30:03.265-0300] {processor.py:157} INFO - Started process (PID=13747) to work on /home/felipe/.local/lib/python3.11/site-packages/airflow/example_dags/example_trigger_target_dag.py
[2023-12-27T11:30:03.296-0300] {processor.py:829} INFO - Processing file /home/felipe/.local/lib/python3.11/site-packages/airflow/example_dags/example_trigger_target_dag.py for tasks to queue
[2023-12-27T11:30:03.297-0300] {logging_mixin.py:154} INFO - [2023-12-27T11:30:03.297-0300] {dagbag.py:536} INFO - Filling up the DagBag from /home/felipe/.local/lib/python3.11/site-packages/airflow/example_dags/example_trigger_target_dag.py
[2023-12-27T11:30:03.301-0300] {processor.py:839} INFO - DAG(s) dict_keys(['example_trigger_target_dag']) retrieved from /home/felipe/.local/lib/python3.11/site-packages/airflow/example_dags/example_trigger_target_dag.py
[2023-12-27T11:30:03.310-0300] {logging_mixin.py:154} INFO - [2023-12-27T11:30:03.310-0300] {dag.py:2941} INFO - Sync 1 DAGs
[2023-12-27T11:30:03.316-0300] {logging_mixin.py:154} INFO - [2023-12-27T11:30:03.316-0300] {dag.py:3722} INFO - Setting next_dagrun for example_trigger_target_dag to None, run_after=None
[2023-12-27T11:30:03.332-0300] {processor.py:179} INFO - Processing /home/felipe/.local/lib/python3.11/site-packages/airflow/example_dags/example_trigger_target_dag.py took 0.070 seconds
[2023-12-27T11:30:48.963-0300] {processor.py:157} INFO - Started process (PID=13810) to work on /home/felipe/.local/lib/python3.11/site-packages/airflow/example_dags/example_trigger_target_dag.py
[2023-12-27T11:30:48.988-0300] {processor.py:829} INFO - Processing file /home/felipe/.local/lib/python3.11/site-packages/airflow/example_dags/example_trigger_target_dag.py for tasks to queue
[2023-12-27T11:30:48.989-0300] {logging_mixin.py:154} INFO - [2023-12-27T11:30:48.989-0300] {dagbag.py:536} INFO - Filling up the DagBag from /home/felipe/.local/lib/python3.11/site-packages/airflow/example_dags/example_trigger_target_dag.py
[2023-12-27T11:30:48.993-0300] {processor.py:839} INFO - DAG(s) dict_keys(['example_trigger_target_dag']) retrieved from /home/felipe/.local/lib/python3.11/site-packages/airflow/example_dags/example_trigger_target_dag.py
[2023-12-27T11:30:49.002-0300] {logging_mixin.py:154} INFO - [2023-12-27T11:30:49.002-0300] {dag.py:2941} INFO - Sync 1 DAGs
[2023-12-27T11:30:49.008-0300] {logging_mixin.py:154} INFO - [2023-12-27T11:30:49.008-0300] {dag.py:3722} INFO - Setting next_dagrun for example_trigger_target_dag to None, run_after=None
[2023-12-27T11:30:49.023-0300] {processor.py:179} INFO - Processing /home/felipe/.local/lib/python3.11/site-packages/airflow/example_dags/example_trigger_target_dag.py took 0.062 seconds
[2023-12-27T11:31:31.807-0300] {processor.py:157} INFO - Started process (PID=13871) to work on /home/felipe/.local/lib/python3.11/site-packages/airflow/example_dags/example_trigger_target_dag.py
[2023-12-27T11:31:31.808-0300] {processor.py:829} INFO - Processing file /home/felipe/.local/lib/python3.11/site-packages/airflow/example_dags/example_trigger_target_dag.py for tasks to queue
[2023-12-27T11:31:31.808-0300] {logging_mixin.py:154} INFO - [2023-12-27T11:31:31.808-0300] {dagbag.py:536} INFO - Filling up the DagBag from /home/felipe/.local/lib/python3.11/site-packages/airflow/example_dags/example_trigger_target_dag.py
[2023-12-27T11:31:31.812-0300] {processor.py:839} INFO - DAG(s) dict_keys(['example_trigger_target_dag']) retrieved from /home/felipe/.local/lib/python3.11/site-packages/airflow/example_dags/example_trigger_target_dag.py
[2023-12-27T11:31:31.822-0300] {logging_mixin.py:154} INFO - [2023-12-27T11:31:31.822-0300] {dag.py:2941} INFO - Sync 1 DAGs
[2023-12-27T11:31:31.828-0300] {logging_mixin.py:154} INFO - [2023-12-27T11:31:31.828-0300] {dag.py:3722} INFO - Setting next_dagrun for example_trigger_target_dag to None, run_after=None
[2023-12-27T11:31:31.837-0300] {processor.py:179} INFO - Processing /home/felipe/.local/lib/python3.11/site-packages/airflow/example_dags/example_trigger_target_dag.py took 0.032 seconds
[2023-12-27T14:19:03.156-0300] {processor.py:157} INFO - Started process (PID=10747) to work on /home/felipe/.local/lib/python3.11/site-packages/airflow/example_dags/example_trigger_target_dag.py
[2023-12-27T14:19:03.171-0300] {processor.py:829} INFO - Processing file /home/felipe/.local/lib/python3.11/site-packages/airflow/example_dags/example_trigger_target_dag.py for tasks to queue
[2023-12-27T14:19:03.172-0300] {logging_mixin.py:154} INFO - [2023-12-27T14:19:03.171-0300] {dagbag.py:536} INFO - Filling up the DagBag from /home/felipe/.local/lib/python3.11/site-packages/airflow/example_dags/example_trigger_target_dag.py
[2023-12-27T14:19:03.177-0300] {processor.py:839} INFO - DAG(s) dict_keys(['example_trigger_target_dag']) retrieved from /home/felipe/.local/lib/python3.11/site-packages/airflow/example_dags/example_trigger_target_dag.py
[2023-12-27T14:19:03.191-0300] {logging_mixin.py:154} INFO - [2023-12-27T14:19:03.191-0300] {dag.py:2941} INFO - Sync 1 DAGs
[2023-12-27T14:19:03.196-0300] {logging_mixin.py:154} INFO - [2023-12-27T14:19:03.196-0300] {dag.py:3722} INFO - Setting next_dagrun for example_trigger_target_dag to None, run_after=None
[2023-12-27T14:19:03.205-0300] {processor.py:179} INFO - Processing /home/felipe/.local/lib/python3.11/site-packages/airflow/example_dags/example_trigger_target_dag.py took 0.051 seconds
[2023-12-27T14:19:53.917-0300] {processor.py:157} INFO - Started process (PID=10931) to work on /home/felipe/.local/lib/python3.11/site-packages/airflow/example_dags/example_trigger_target_dag.py
[2023-12-27T14:19:53.917-0300] {processor.py:829} INFO - Processing file /home/felipe/.local/lib/python3.11/site-packages/airflow/example_dags/example_trigger_target_dag.py for tasks to queue
[2023-12-27T14:19:53.918-0300] {logging_mixin.py:154} INFO - [2023-12-27T14:19:53.917-0300] {dagbag.py:536} INFO - Filling up the DagBag from /home/felipe/.local/lib/python3.11/site-packages/airflow/example_dags/example_trigger_target_dag.py
[2023-12-27T14:19:53.921-0300] {processor.py:839} INFO - DAG(s) dict_keys(['example_trigger_target_dag']) retrieved from /home/felipe/.local/lib/python3.11/site-packages/airflow/example_dags/example_trigger_target_dag.py
[2023-12-27T14:19:53.930-0300] {logging_mixin.py:154} INFO - [2023-12-27T14:19:53.930-0300] {dag.py:2941} INFO - Sync 1 DAGs
[2023-12-27T14:19:53.936-0300] {logging_mixin.py:154} INFO - [2023-12-27T14:19:53.936-0300] {dag.py:3722} INFO - Setting next_dagrun for example_trigger_target_dag to None, run_after=None
[2023-12-27T14:19:53.945-0300] {processor.py:179} INFO - Processing /home/felipe/.local/lib/python3.11/site-packages/airflow/example_dags/example_trigger_target_dag.py took 0.030 seconds
[2023-12-27T14:20:51.787-0300] {processor.py:157} INFO - Started process (PID=11129) to work on /home/felipe/.local/lib/python3.11/site-packages/airflow/example_dags/example_trigger_target_dag.py
[2023-12-27T14:20:51.819-0300] {processor.py:829} INFO - Processing file /home/felipe/.local/lib/python3.11/site-packages/airflow/example_dags/example_trigger_target_dag.py for tasks to queue
[2023-12-27T14:20:51.820-0300] {logging_mixin.py:154} INFO - [2023-12-27T14:20:51.820-0300] {dagbag.py:536} INFO - Filling up the DagBag from /home/felipe/.local/lib/python3.11/site-packages/airflow/example_dags/example_trigger_target_dag.py
[2023-12-27T14:20:51.824-0300] {processor.py:839} INFO - DAG(s) dict_keys(['example_trigger_target_dag']) retrieved from /home/felipe/.local/lib/python3.11/site-packages/airflow/example_dags/example_trigger_target_dag.py
[2023-12-27T14:20:51.836-0300] {logging_mixin.py:154} INFO - [2023-12-27T14:20:51.836-0300] {dag.py:2941} INFO - Sync 1 DAGs
[2023-12-27T14:20:51.842-0300] {logging_mixin.py:154} INFO - [2023-12-27T14:20:51.842-0300] {dag.py:3722} INFO - Setting next_dagrun for example_trigger_target_dag to None, run_after=None
[2023-12-27T14:20:51.854-0300] {processor.py:179} INFO - Processing /home/felipe/.local/lib/python3.11/site-packages/airflow/example_dags/example_trigger_target_dag.py took 0.069 seconds
[2023-12-27T14:21:55.737-0300] {processor.py:157} INFO - Started process (PID=11449) to work on /home/felipe/.local/lib/python3.11/site-packages/airflow/example_dags/example_trigger_target_dag.py
[2023-12-27T14:21:55.739-0300] {processor.py:829} INFO - Processing file /home/felipe/.local/lib/python3.11/site-packages/airflow/example_dags/example_trigger_target_dag.py for tasks to queue
[2023-12-27T14:21:55.739-0300] {logging_mixin.py:154} INFO - [2023-12-27T14:21:55.739-0300] {dagbag.py:536} INFO - Filling up the DagBag from /home/felipe/.local/lib/python3.11/site-packages/airflow/example_dags/example_trigger_target_dag.py
[2023-12-27T14:21:55.747-0300] {processor.py:839} INFO - DAG(s) dict_keys(['example_trigger_target_dag']) retrieved from /home/felipe/.local/lib/python3.11/site-packages/airflow/example_dags/example_trigger_target_dag.py
[2023-12-27T14:21:55.756-0300] {logging_mixin.py:154} INFO - [2023-12-27T14:21:55.756-0300] {dag.py:2941} INFO - Sync 1 DAGs
[2023-12-27T14:21:55.761-0300] {logging_mixin.py:154} INFO - [2023-12-27T14:21:55.761-0300] {dag.py:3722} INFO - Setting next_dagrun for example_trigger_target_dag to None, run_after=None
[2023-12-27T14:21:55.773-0300] {processor.py:179} INFO - Processing /home/felipe/.local/lib/python3.11/site-packages/airflow/example_dags/example_trigger_target_dag.py took 0.038 seconds
[2023-12-27T14:22:52.092-0300] {processor.py:157} INFO - Started process (PID=12475) to work on /home/felipe/.local/lib/python3.11/site-packages/airflow/example_dags/example_trigger_target_dag.py
[2023-12-27T14:22:52.092-0300] {processor.py:829} INFO - Processing file /home/felipe/.local/lib/python3.11/site-packages/airflow/example_dags/example_trigger_target_dag.py for tasks to queue
[2023-12-27T14:22:52.092-0300] {logging_mixin.py:154} INFO - [2023-12-27T14:22:52.092-0300] {dagbag.py:536} INFO - Filling up the DagBag from /home/felipe/.local/lib/python3.11/site-packages/airflow/example_dags/example_trigger_target_dag.py
[2023-12-27T14:22:52.096-0300] {processor.py:839} INFO - DAG(s) dict_keys(['example_trigger_target_dag']) retrieved from /home/felipe/.local/lib/python3.11/site-packages/airflow/example_dags/example_trigger_target_dag.py
[2023-12-27T14:22:52.105-0300] {logging_mixin.py:154} INFO - [2023-12-27T14:22:52.105-0300] {dag.py:2941} INFO - Sync 1 DAGs
[2023-12-27T14:22:52.111-0300] {logging_mixin.py:154} INFO - [2023-12-27T14:22:52.111-0300] {dag.py:3722} INFO - Setting next_dagrun for example_trigger_target_dag to None, run_after=None
[2023-12-27T14:22:52.127-0300] {processor.py:179} INFO - Processing /home/felipe/.local/lib/python3.11/site-packages/airflow/example_dags/example_trigger_target_dag.py took 0.037 seconds
[2023-12-27T14:24:15.693-0300] {processor.py:157} INFO - Started process (PID=12752) to work on /home/felipe/.local/lib/python3.11/site-packages/airflow/example_dags/example_trigger_target_dag.py
[2023-12-27T14:24:15.693-0300] {processor.py:829} INFO - Processing file /home/felipe/.local/lib/python3.11/site-packages/airflow/example_dags/example_trigger_target_dag.py for tasks to queue
[2023-12-27T14:24:15.694-0300] {logging_mixin.py:154} INFO - [2023-12-27T14:24:15.693-0300] {dagbag.py:536} INFO - Filling up the DagBag from /home/felipe/.local/lib/python3.11/site-packages/airflow/example_dags/example_trigger_target_dag.py
[2023-12-27T14:24:15.699-0300] {processor.py:839} INFO - DAG(s) dict_keys(['example_trigger_target_dag']) retrieved from /home/felipe/.local/lib/python3.11/site-packages/airflow/example_dags/example_trigger_target_dag.py
[2023-12-27T14:24:15.707-0300] {logging_mixin.py:154} INFO - [2023-12-27T14:24:15.707-0300] {dag.py:2941} INFO - Sync 1 DAGs
[2023-12-27T14:24:15.713-0300] {logging_mixin.py:154} INFO - [2023-12-27T14:24:15.713-0300] {dag.py:3722} INFO - Setting next_dagrun for example_trigger_target_dag to None, run_after=None
[2023-12-27T14:24:15.727-0300] {processor.py:179} INFO - Processing /home/felipe/.local/lib/python3.11/site-packages/airflow/example_dags/example_trigger_target_dag.py took 0.037 seconds
[2023-12-27T14:25:26.700-0300] {processor.py:157} INFO - Started process (PID=12850) to work on /home/felipe/.local/lib/python3.11/site-packages/airflow/example_dags/example_trigger_target_dag.py
[2023-12-27T14:25:26.732-0300] {processor.py:829} INFO - Processing file /home/felipe/.local/lib/python3.11/site-packages/airflow/example_dags/example_trigger_target_dag.py for tasks to queue
[2023-12-27T14:25:26.733-0300] {logging_mixin.py:154} INFO - [2023-12-27T14:25:26.733-0300] {dagbag.py:536} INFO - Filling up the DagBag from /home/felipe/.local/lib/python3.11/site-packages/airflow/example_dags/example_trigger_target_dag.py
[2023-12-27T14:25:26.737-0300] {processor.py:839} INFO - DAG(s) dict_keys(['example_trigger_target_dag']) retrieved from /home/felipe/.local/lib/python3.11/site-packages/airflow/example_dags/example_trigger_target_dag.py
[2023-12-27T14:25:26.745-0300] {logging_mixin.py:154} INFO - [2023-12-27T14:25:26.745-0300] {dag.py:2941} INFO - Sync 1 DAGs
[2023-12-27T14:25:26.751-0300] {logging_mixin.py:154} INFO - [2023-12-27T14:25:26.750-0300] {dag.py:3722} INFO - Setting next_dagrun for example_trigger_target_dag to None, run_after=None
[2023-12-27T14:25:26.767-0300] {processor.py:179} INFO - Processing /home/felipe/.local/lib/python3.11/site-packages/airflow/example_dags/example_trigger_target_dag.py took 0.069 seconds
