[2023-12-27T11:26:41.907-0300] {processor.py:157} INFO - Started process (PID=13385) to work on /home/felipe/.local/lib/python3.11/site-packages/airflow/example_dags/example_short_circuit_operator.py
[2023-12-27T11:26:41.908-0300] {processor.py:829} INFO - Processing file /home/felipe/.local/lib/python3.11/site-packages/airflow/example_dags/example_short_circuit_operator.py for tasks to queue
[2023-12-27T11:26:41.908-0300] {logging_mixin.py:154} INFO - [2023-12-27T11:26:41.908-0300] {dagbag.py:536} INFO - Filling up the DagBag from /home/felipe/.local/lib/python3.11/site-packages/airflow/example_dags/example_short_circuit_operator.py
[2023-12-27T11:26:41.916-0300] {processor.py:839} INFO - DAG(s) dict_keys(['example_short_circuit_operator']) retrieved from /home/felipe/.local/lib/python3.11/site-packages/airflow/example_dags/example_short_circuit_operator.py
[2023-12-27T11:26:42.002-0300] {logging_mixin.py:154} INFO - [2023-12-27T11:26:42.002-0300] {manager.py:499} INFO - Created Permission View: %s
[2023-12-27T11:26:42.007-0300] {logging_mixin.py:154} INFO - [2023-12-27T11:26:42.007-0300] {manager.py:499} INFO - Created Permission View: %s
[2023-12-27T11:26:42.010-0300] {logging_mixin.py:154} INFO - [2023-12-27T11:26:42.010-0300] {manager.py:499} INFO - Created Permission View: %s
[2023-12-27T11:26:42.010-0300] {logging_mixin.py:154} INFO - [2023-12-27T11:26:42.010-0300] {dag.py:2941} INFO - Sync 1 DAGs
[2023-12-27T11:26:42.015-0300] {logging_mixin.py:154} INFO - [2023-12-27T11:26:42.015-0300] {dag.py:2963} INFO - Creating ORM DAG for example_short_circuit_operator
[2023-12-27T11:26:42.019-0300] {logging_mixin.py:154} INFO - [2023-12-27T11:26:42.019-0300] {dag.py:3722} INFO - Setting next_dagrun for example_short_circuit_operator to 2023-12-26T14:26:42.019179+00:00, run_after=2023-12-27T14:26:42.019179+00:00
[2023-12-27T11:26:42.032-0300] {processor.py:179} INFO - Processing /home/felipe/.local/lib/python3.11/site-packages/airflow/example_dags/example_short_circuit_operator.py took 0.127 seconds
[2023-12-27T11:27:27.555-0300] {processor.py:157} INFO - Started process (PID=13517) to work on /home/felipe/.local/lib/python3.11/site-packages/airflow/example_dags/example_short_circuit_operator.py
[2023-12-27T11:27:27.587-0300] {processor.py:829} INFO - Processing file /home/felipe/.local/lib/python3.11/site-packages/airflow/example_dags/example_short_circuit_operator.py for tasks to queue
[2023-12-27T11:27:27.588-0300] {logging_mixin.py:154} INFO - [2023-12-27T11:27:27.587-0300] {dagbag.py:536} INFO - Filling up the DagBag from /home/felipe/.local/lib/python3.11/site-packages/airflow/example_dags/example_short_circuit_operator.py
[2023-12-27T11:27:27.593-0300] {processor.py:839} INFO - DAG(s) dict_keys(['example_short_circuit_operator']) retrieved from /home/felipe/.local/lib/python3.11/site-packages/airflow/example_dags/example_short_circuit_operator.py
[2023-12-27T11:27:27.603-0300] {logging_mixin.py:154} INFO - [2023-12-27T11:27:27.603-0300] {dag.py:2941} INFO - Sync 1 DAGs
[2023-12-27T11:27:27.613-0300] {logging_mixin.py:154} INFO - [2023-12-27T11:27:27.613-0300] {dag.py:3722} INFO - Setting next_dagrun for example_short_circuit_operator to 2023-12-26T14:27:27.613345+00:00, run_after=2023-12-27T14:27:27.613345+00:00
[2023-12-27T11:27:27.630-0300] {processor.py:179} INFO - Processing /home/felipe/.local/lib/python3.11/site-packages/airflow/example_dags/example_short_circuit_operator.py took 0.077 seconds
[2023-12-27T11:28:11.939-0300] {processor.py:157} INFO - Started process (PID=13594) to work on /home/felipe/.local/lib/python3.11/site-packages/airflow/example_dags/example_short_circuit_operator.py
[2023-12-27T11:28:11.971-0300] {processor.py:829} INFO - Processing file /home/felipe/.local/lib/python3.11/site-packages/airflow/example_dags/example_short_circuit_operator.py for tasks to queue
[2023-12-27T11:28:11.971-0300] {logging_mixin.py:154} INFO - [2023-12-27T11:28:11.971-0300] {dagbag.py:536} INFO - Filling up the DagBag from /home/felipe/.local/lib/python3.11/site-packages/airflow/example_dags/example_short_circuit_operator.py
[2023-12-27T11:28:11.976-0300] {processor.py:839} INFO - DAG(s) dict_keys(['example_short_circuit_operator']) retrieved from /home/felipe/.local/lib/python3.11/site-packages/airflow/example_dags/example_short_circuit_operator.py
[2023-12-27T11:28:11.986-0300] {logging_mixin.py:154} INFO - [2023-12-27T11:28:11.986-0300] {dag.py:2941} INFO - Sync 1 DAGs
[2023-12-27T11:28:11.996-0300] {logging_mixin.py:154} INFO - [2023-12-27T11:28:11.996-0300] {dag.py:3722} INFO - Setting next_dagrun for example_short_circuit_operator to 2023-12-26T14:28:11.996644+00:00, run_after=2023-12-27T14:28:11.996644+00:00
[2023-12-27T11:28:12.013-0300] {processor.py:179} INFO - Processing /home/felipe/.local/lib/python3.11/site-packages/airflow/example_dags/example_short_circuit_operator.py took 0.076 seconds
[2023-12-27T11:28:56.498-0300] {processor.py:157} INFO - Started process (PID=13654) to work on /home/felipe/.local/lib/python3.11/site-packages/airflow/example_dags/example_short_circuit_operator.py
[2023-12-27T11:28:56.530-0300] {processor.py:829} INFO - Processing file /home/felipe/.local/lib/python3.11/site-packages/airflow/example_dags/example_short_circuit_operator.py for tasks to queue
[2023-12-27T11:28:56.530-0300] {logging_mixin.py:154} INFO - [2023-12-27T11:28:56.530-0300] {dagbag.py:536} INFO - Filling up the DagBag from /home/felipe/.local/lib/python3.11/site-packages/airflow/example_dags/example_short_circuit_operator.py
[2023-12-27T11:28:56.535-0300] {processor.py:839} INFO - DAG(s) dict_keys(['example_short_circuit_operator']) retrieved from /home/felipe/.local/lib/python3.11/site-packages/airflow/example_dags/example_short_circuit_operator.py
[2023-12-27T11:28:56.545-0300] {logging_mixin.py:154} INFO - [2023-12-27T11:28:56.545-0300] {dag.py:2941} INFO - Sync 1 DAGs
[2023-12-27T11:28:56.555-0300] {logging_mixin.py:154} INFO - [2023-12-27T11:28:56.555-0300] {dag.py:3722} INFO - Setting next_dagrun for example_short_circuit_operator to 2023-12-26T14:28:56.554916+00:00, run_after=2023-12-27T14:28:56.554916+00:00
[2023-12-27T11:28:56.571-0300] {processor.py:179} INFO - Processing /home/felipe/.local/lib/python3.11/site-packages/airflow/example_dags/example_short_circuit_operator.py took 0.076 seconds
[2023-12-27T11:29:43.000-0300] {processor.py:157} INFO - Started process (PID=13712) to work on /home/felipe/.local/lib/python3.11/site-packages/airflow/example_dags/example_short_circuit_operator.py
[2023-12-27T11:29:43.032-0300] {processor.py:829} INFO - Processing file /home/felipe/.local/lib/python3.11/site-packages/airflow/example_dags/example_short_circuit_operator.py for tasks to queue
[2023-12-27T11:29:43.032-0300] {logging_mixin.py:154} INFO - [2023-12-27T11:29:43.032-0300] {dagbag.py:536} INFO - Filling up the DagBag from /home/felipe/.local/lib/python3.11/site-packages/airflow/example_dags/example_short_circuit_operator.py
[2023-12-27T11:29:43.037-0300] {processor.py:839} INFO - DAG(s) dict_keys(['example_short_circuit_operator']) retrieved from /home/felipe/.local/lib/python3.11/site-packages/airflow/example_dags/example_short_circuit_operator.py
[2023-12-27T11:29:43.047-0300] {logging_mixin.py:154} INFO - [2023-12-27T11:29:43.047-0300] {dag.py:2941} INFO - Sync 1 DAGs
[2023-12-27T11:29:43.057-0300] {logging_mixin.py:154} INFO - [2023-12-27T11:29:43.056-0300] {dag.py:3722} INFO - Setting next_dagrun for example_short_circuit_operator to 2023-12-26T14:29:43.056847+00:00, run_after=2023-12-27T14:29:43.056847+00:00
[2023-12-27T11:29:43.074-0300] {processor.py:179} INFO - Processing /home/felipe/.local/lib/python3.11/site-packages/airflow/example_dags/example_short_circuit_operator.py took 0.075 seconds
[2023-12-27T11:30:30.477-0300] {processor.py:157} INFO - Started process (PID=13787) to work on /home/felipe/.local/lib/python3.11/site-packages/airflow/example_dags/example_short_circuit_operator.py
[2023-12-27T11:30:30.509-0300] {processor.py:829} INFO - Processing file /home/felipe/.local/lib/python3.11/site-packages/airflow/example_dags/example_short_circuit_operator.py for tasks to queue
[2023-12-27T11:30:30.510-0300] {logging_mixin.py:154} INFO - [2023-12-27T11:30:30.509-0300] {dagbag.py:536} INFO - Filling up the DagBag from /home/felipe/.local/lib/python3.11/site-packages/airflow/example_dags/example_short_circuit_operator.py
[2023-12-27T11:30:30.515-0300] {processor.py:839} INFO - DAG(s) dict_keys(['example_short_circuit_operator']) retrieved from /home/felipe/.local/lib/python3.11/site-packages/airflow/example_dags/example_short_circuit_operator.py
[2023-12-27T11:30:30.525-0300] {logging_mixin.py:154} INFO - [2023-12-27T11:30:30.525-0300] {dag.py:2941} INFO - Sync 1 DAGs
[2023-12-27T11:30:30.535-0300] {logging_mixin.py:154} INFO - [2023-12-27T11:30:30.534-0300] {dag.py:3722} INFO - Setting next_dagrun for example_short_circuit_operator to 2023-12-26T14:30:30.534858+00:00, run_after=2023-12-27T14:30:30.534858+00:00
[2023-12-27T11:30:30.551-0300] {processor.py:179} INFO - Processing /home/felipe/.local/lib/python3.11/site-packages/airflow/example_dags/example_short_circuit_operator.py took 0.076 seconds
[2023-12-27T11:31:13.523-0300] {processor.py:157} INFO - Started process (PID=13849) to work on /home/felipe/.local/lib/python3.11/site-packages/airflow/example_dags/example_short_circuit_operator.py
[2023-12-27T11:31:13.554-0300] {processor.py:829} INFO - Processing file /home/felipe/.local/lib/python3.11/site-packages/airflow/example_dags/example_short_circuit_operator.py for tasks to queue
[2023-12-27T11:31:13.555-0300] {logging_mixin.py:154} INFO - [2023-12-27T11:31:13.555-0300] {dagbag.py:536} INFO - Filling up the DagBag from /home/felipe/.local/lib/python3.11/site-packages/airflow/example_dags/example_short_circuit_operator.py
[2023-12-27T11:31:13.560-0300] {processor.py:839} INFO - DAG(s) dict_keys(['example_short_circuit_operator']) retrieved from /home/felipe/.local/lib/python3.11/site-packages/airflow/example_dags/example_short_circuit_operator.py
[2023-12-27T11:31:13.571-0300] {logging_mixin.py:154} INFO - [2023-12-27T11:31:13.571-0300] {dag.py:2941} INFO - Sync 1 DAGs
[2023-12-27T11:31:13.581-0300] {logging_mixin.py:154} INFO - [2023-12-27T11:31:13.581-0300] {dag.py:3722} INFO - Setting next_dagrun for example_short_circuit_operator to 2023-12-26T14:31:13.581163+00:00, run_after=2023-12-27T14:31:13.581163+00:00
[2023-12-27T11:31:13.598-0300] {processor.py:179} INFO - Processing /home/felipe/.local/lib/python3.11/site-packages/airflow/example_dags/example_short_circuit_operator.py took 0.078 seconds
[2023-12-27T14:18:45.994-0300] {processor.py:157} INFO - Started process (PID=10703) to work on /home/felipe/.local/lib/python3.11/site-packages/airflow/example_dags/example_short_circuit_operator.py
[2023-12-27T14:18:45.994-0300] {processor.py:829} INFO - Processing file /home/felipe/.local/lib/python3.11/site-packages/airflow/example_dags/example_short_circuit_operator.py for tasks to queue
[2023-12-27T14:18:45.995-0300] {logging_mixin.py:154} INFO - [2023-12-27T14:18:45.994-0300] {dagbag.py:536} INFO - Filling up the DagBag from /home/felipe/.local/lib/python3.11/site-packages/airflow/example_dags/example_short_circuit_operator.py
[2023-12-27T14:18:46.002-0300] {processor.py:839} INFO - DAG(s) dict_keys(['example_short_circuit_operator']) retrieved from /home/felipe/.local/lib/python3.11/site-packages/airflow/example_dags/example_short_circuit_operator.py
[2023-12-27T14:18:46.007-0300] {logging_mixin.py:154} INFO - [2023-12-27T14:18:46.007-0300] {dag.py:2941} INFO - Sync 1 DAGs
[2023-12-27T14:18:46.017-0300] {logging_mixin.py:154} INFO - [2023-12-27T14:18:46.017-0300] {dag.py:3722} INFO - Setting next_dagrun for example_short_circuit_operator to 2023-12-26T17:18:46.017001+00:00, run_after=2023-12-27T17:18:46.017001+00:00
[2023-12-27T14:18:46.026-0300] {processor.py:179} INFO - Processing /home/felipe/.local/lib/python3.11/site-packages/airflow/example_dags/example_short_circuit_operator.py took 0.034 seconds
[2023-12-27T14:19:35.572-0300] {processor.py:157} INFO - Started process (PID=10880) to work on /home/felipe/.local/lib/python3.11/site-packages/airflow/example_dags/example_short_circuit_operator.py
[2023-12-27T14:19:35.604-0300] {processor.py:829} INFO - Processing file /home/felipe/.local/lib/python3.11/site-packages/airflow/example_dags/example_short_circuit_operator.py for tasks to queue
[2023-12-27T14:19:35.605-0300] {logging_mixin.py:154} INFO - [2023-12-27T14:19:35.604-0300] {dagbag.py:536} INFO - Filling up the DagBag from /home/felipe/.local/lib/python3.11/site-packages/airflow/example_dags/example_short_circuit_operator.py
[2023-12-27T14:19:35.609-0300] {processor.py:839} INFO - DAG(s) dict_keys(['example_short_circuit_operator']) retrieved from /home/felipe/.local/lib/python3.11/site-packages/airflow/example_dags/example_short_circuit_operator.py
[2023-12-27T14:19:35.619-0300] {logging_mixin.py:154} INFO - [2023-12-27T14:19:35.619-0300] {dag.py:2941} INFO - Sync 1 DAGs
[2023-12-27T14:19:35.630-0300] {logging_mixin.py:154} INFO - [2023-12-27T14:19:35.630-0300] {dag.py:3722} INFO - Setting next_dagrun for example_short_circuit_operator to 2023-12-26T17:19:35.630121+00:00, run_after=2023-12-27T17:19:35.630121+00:00
[2023-12-27T14:19:35.647-0300] {processor.py:179} INFO - Processing /home/felipe/.local/lib/python3.11/site-packages/airflow/example_dags/example_short_circuit_operator.py took 0.077 seconds
[2023-12-27T14:20:24.818-0300] {processor.py:157} INFO - Started process (PID=11059) to work on /home/felipe/.local/lib/python3.11/site-packages/airflow/example_dags/example_short_circuit_operator.py
[2023-12-27T14:20:24.838-0300] {processor.py:829} INFO - Processing file /home/felipe/.local/lib/python3.11/site-packages/airflow/example_dags/example_short_circuit_operator.py for tasks to queue
[2023-12-27T14:20:24.839-0300] {logging_mixin.py:154} INFO - [2023-12-27T14:20:24.838-0300] {dagbag.py:536} INFO - Filling up the DagBag from /home/felipe/.local/lib/python3.11/site-packages/airflow/example_dags/example_short_circuit_operator.py
[2023-12-27T14:20:24.843-0300] {processor.py:839} INFO - DAG(s) dict_keys(['example_short_circuit_operator']) retrieved from /home/felipe/.local/lib/python3.11/site-packages/airflow/example_dags/example_short_circuit_operator.py
[2023-12-27T14:20:24.853-0300] {logging_mixin.py:154} INFO - [2023-12-27T14:20:24.853-0300] {dag.py:2941} INFO - Sync 1 DAGs
[2023-12-27T14:20:24.862-0300] {logging_mixin.py:154} INFO - [2023-12-27T14:20:24.862-0300] {dag.py:3722} INFO - Setting next_dagrun for example_short_circuit_operator to 2023-12-26T17:20:24.862409+00:00, run_after=2023-12-27T17:20:24.862409+00:00
[2023-12-27T14:20:24.873-0300] {processor.py:179} INFO - Processing /home/felipe/.local/lib/python3.11/site-packages/airflow/example_dags/example_short_circuit_operator.py took 0.057 seconds
[2023-12-27T14:21:05.065-0300] {processor.py:157} INFO - Started process (PID=11165) to work on /home/felipe/.local/lib/python3.11/site-packages/airflow/example_dags/example_short_circuit_operator.py
[2023-12-27T14:21:05.065-0300] {processor.py:829} INFO - Processing file /home/felipe/.local/lib/python3.11/site-packages/airflow/example_dags/example_short_circuit_operator.py for tasks to queue
[2023-12-27T14:21:05.066-0300] {logging_mixin.py:154} INFO - [2023-12-27T14:21:05.066-0300] {dagbag.py:536} INFO - Filling up the DagBag from /home/felipe/.local/lib/python3.11/site-packages/airflow/example_dags/example_short_circuit_operator.py
[2023-12-27T14:21:05.072-0300] {processor.py:839} INFO - DAG(s) dict_keys(['example_short_circuit_operator']) retrieved from /home/felipe/.local/lib/python3.11/site-packages/airflow/example_dags/example_short_circuit_operator.py
[2023-12-27T14:21:05.082-0300] {logging_mixin.py:154} INFO - [2023-12-27T14:21:05.082-0300] {dag.py:2941} INFO - Sync 1 DAGs
[2023-12-27T14:21:05.092-0300] {logging_mixin.py:154} INFO - [2023-12-27T14:21:05.092-0300] {dag.py:3722} INFO - Setting next_dagrun for example_short_circuit_operator to 2023-12-26T17:21:05.091968+00:00, run_after=2023-12-27T17:21:05.091968+00:00
[2023-12-27T14:21:05.109-0300] {processor.py:179} INFO - Processing /home/felipe/.local/lib/python3.11/site-packages/airflow/example_dags/example_short_circuit_operator.py took 0.046 seconds
[2023-12-27T14:21:47.441-0300] {processor.py:157} INFO - Started process (PID=11431) to work on /home/felipe/.local/lib/python3.11/site-packages/airflow/example_dags/example_short_circuit_operator.py
[2023-12-27T14:21:47.442-0300] {processor.py:829} INFO - Processing file /home/felipe/.local/lib/python3.11/site-packages/airflow/example_dags/example_short_circuit_operator.py for tasks to queue
[2023-12-27T14:21:47.443-0300] {logging_mixin.py:154} INFO - [2023-12-27T14:21:47.442-0300] {dagbag.py:536} INFO - Filling up the DagBag from /home/felipe/.local/lib/python3.11/site-packages/airflow/example_dags/example_short_circuit_operator.py
[2023-12-27T14:21:47.448-0300] {processor.py:839} INFO - DAG(s) dict_keys(['example_short_circuit_operator']) retrieved from /home/felipe/.local/lib/python3.11/site-packages/airflow/example_dags/example_short_circuit_operator.py
[2023-12-27T14:21:47.460-0300] {logging_mixin.py:154} INFO - [2023-12-27T14:21:47.460-0300] {dag.py:2941} INFO - Sync 1 DAGs
[2023-12-27T14:21:47.472-0300] {logging_mixin.py:154} INFO - [2023-12-27T14:21:47.472-0300] {dag.py:3722} INFO - Setting next_dagrun for example_short_circuit_operator to 2023-12-26T17:21:47.472622+00:00, run_after=2023-12-27T17:21:47.472622+00:00
[2023-12-27T14:21:47.485-0300] {processor.py:179} INFO - Processing /home/felipe/.local/lib/python3.11/site-packages/airflow/example_dags/example_short_circuit_operator.py took 0.045 seconds
[2023-12-27T14:22:44.696-0300] {processor.py:157} INFO - Started process (PID=12391) to work on /home/felipe/.local/lib/python3.11/site-packages/airflow/example_dags/example_short_circuit_operator.py
[2023-12-27T14:22:44.697-0300] {processor.py:829} INFO - Processing file /home/felipe/.local/lib/python3.11/site-packages/airflow/example_dags/example_short_circuit_operator.py for tasks to queue
[2023-12-27T14:22:44.698-0300] {logging_mixin.py:154} INFO - [2023-12-27T14:22:44.697-0300] {dagbag.py:536} INFO - Filling up the DagBag from /home/felipe/.local/lib/python3.11/site-packages/airflow/example_dags/example_short_circuit_operator.py
[2023-12-27T14:22:44.706-0300] {processor.py:839} INFO - DAG(s) dict_keys(['example_short_circuit_operator']) retrieved from /home/felipe/.local/lib/python3.11/site-packages/airflow/example_dags/example_short_circuit_operator.py
[2023-12-27T14:22:44.719-0300] {logging_mixin.py:154} INFO - [2023-12-27T14:22:44.719-0300] {dag.py:2941} INFO - Sync 1 DAGs
[2023-12-27T14:22:44.734-0300] {logging_mixin.py:154} INFO - [2023-12-27T14:22:44.734-0300] {dag.py:3722} INFO - Setting next_dagrun for example_short_circuit_operator to 2023-12-26T17:22:44.734158+00:00, run_after=2023-12-27T17:22:44.734158+00:00
[2023-12-27T14:22:44.750-0300] {processor.py:179} INFO - Processing /home/felipe/.local/lib/python3.11/site-packages/airflow/example_dags/example_short_circuit_operator.py took 0.056 seconds
[2023-12-27T14:24:07.657-0300] {processor.py:157} INFO - Started process (PID=12742) to work on /home/felipe/.local/lib/python3.11/site-packages/airflow/example_dags/example_short_circuit_operator.py
[2023-12-27T14:24:07.658-0300] {processor.py:829} INFO - Processing file /home/felipe/.local/lib/python3.11/site-packages/airflow/example_dags/example_short_circuit_operator.py for tasks to queue
[2023-12-27T14:24:07.658-0300] {logging_mixin.py:154} INFO - [2023-12-27T14:24:07.658-0300] {dagbag.py:536} INFO - Filling up the DagBag from /home/felipe/.local/lib/python3.11/site-packages/airflow/example_dags/example_short_circuit_operator.py
[2023-12-27T14:24:07.664-0300] {processor.py:839} INFO - DAG(s) dict_keys(['example_short_circuit_operator']) retrieved from /home/felipe/.local/lib/python3.11/site-packages/airflow/example_dags/example_short_circuit_operator.py
[2023-12-27T14:24:07.674-0300] {logging_mixin.py:154} INFO - [2023-12-27T14:24:07.674-0300] {dag.py:2941} INFO - Sync 1 DAGs
[2023-12-27T14:24:07.684-0300] {logging_mixin.py:154} INFO - [2023-12-27T14:24:07.684-0300] {dag.py:3722} INFO - Setting next_dagrun for example_short_circuit_operator to 2023-12-26T17:24:07.684080+00:00, run_after=2023-12-27T17:24:07.684080+00:00
[2023-12-27T14:24:07.701-0300] {processor.py:179} INFO - Processing /home/felipe/.local/lib/python3.11/site-packages/airflow/example_dags/example_short_circuit_operator.py took 0.045 seconds
[2023-12-27T14:25:20.432-0300] {processor.py:157} INFO - Started process (PID=12842) to work on /home/felipe/.local/lib/python3.11/site-packages/airflow/example_dags/example_short_circuit_operator.py
[2023-12-27T14:25:20.464-0300] {processor.py:829} INFO - Processing file /home/felipe/.local/lib/python3.11/site-packages/airflow/example_dags/example_short_circuit_operator.py for tasks to queue
[2023-12-27T14:25:20.464-0300] {logging_mixin.py:154} INFO - [2023-12-27T14:25:20.464-0300] {dagbag.py:536} INFO - Filling up the DagBag from /home/felipe/.local/lib/python3.11/site-packages/airflow/example_dags/example_short_circuit_operator.py
[2023-12-27T14:25:20.469-0300] {processor.py:839} INFO - DAG(s) dict_keys(['example_short_circuit_operator']) retrieved from /home/felipe/.local/lib/python3.11/site-packages/airflow/example_dags/example_short_circuit_operator.py
[2023-12-27T14:25:20.478-0300] {logging_mixin.py:154} INFO - [2023-12-27T14:25:20.478-0300] {dag.py:2941} INFO - Sync 1 DAGs
[2023-12-27T14:25:20.488-0300] {logging_mixin.py:154} INFO - [2023-12-27T14:25:20.488-0300] {dag.py:3722} INFO - Setting next_dagrun for example_short_circuit_operator to 2023-12-26T17:25:20.487890+00:00, run_after=2023-12-27T17:25:20.487890+00:00
[2023-12-27T14:25:20.501-0300] {processor.py:179} INFO - Processing /home/felipe/.local/lib/python3.11/site-packages/airflow/example_dags/example_short_circuit_operator.py took 0.071 seconds
