[2023-12-27T11:26:34.417-0300] {processor.py:157} INFO - Started process (PID=13378) to work on /home/felipe/.local/lib/python3.11/site-packages/airflow/example_dags/example_xcomargs.py
[2023-12-27T11:26:34.417-0300] {processor.py:829} INFO - Processing file /home/felipe/.local/lib/python3.11/site-packages/airflow/example_dags/example_xcomargs.py for tasks to queue
[2023-12-27T11:26:34.418-0300] {logging_mixin.py:154} INFO - [2023-12-27T11:26:34.417-0300] {dagbag.py:536} INFO - Filling up the DagBag from /home/felipe/.local/lib/python3.11/site-packages/airflow/example_dags/example_xcomargs.py
[2023-12-27T11:26:34.424-0300] {processor.py:839} INFO - DAG(s) dict_keys(['example_xcom_args_with_operators', 'example_xcom_args']) retrieved from /home/felipe/.local/lib/python3.11/site-packages/airflow/example_dags/example_xcomargs.py
[2023-12-27T11:26:34.487-0300] {logging_mixin.py:154} INFO - [2023-12-27T11:26:34.486-0300] {manager.py:499} INFO - Created Permission View: %s
[2023-12-27T11:26:34.491-0300] {logging_mixin.py:154} INFO - [2023-12-27T11:26:34.491-0300] {manager.py:499} INFO - Created Permission View: %s
[2023-12-27T11:26:34.495-0300] {logging_mixin.py:154} INFO - [2023-12-27T11:26:34.495-0300] {manager.py:499} INFO - Created Permission View: %s
[2023-12-27T11:26:34.502-0300] {logging_mixin.py:154} INFO - [2023-12-27T11:26:34.502-0300] {manager.py:499} INFO - Created Permission View: %s
[2023-12-27T11:26:34.505-0300] {logging_mixin.py:154} INFO - [2023-12-27T11:26:34.505-0300] {manager.py:499} INFO - Created Permission View: %s
[2023-12-27T11:26:34.508-0300] {logging_mixin.py:154} INFO - [2023-12-27T11:26:34.508-0300] {manager.py:499} INFO - Created Permission View: %s
[2023-12-27T11:26:34.508-0300] {logging_mixin.py:154} INFO - [2023-12-27T11:26:34.508-0300] {dag.py:2941} INFO - Sync 2 DAGs
[2023-12-27T11:26:34.513-0300] {logging_mixin.py:154} INFO - [2023-12-27T11:26:34.513-0300] {dag.py:2963} INFO - Creating ORM DAG for example_xcom_args
[2023-12-27T11:26:34.513-0300] {logging_mixin.py:154} INFO - [2023-12-27T11:26:34.513-0300] {dag.py:2963} INFO - Creating ORM DAG for example_xcom_args_with_operators
[2023-12-27T11:26:34.513-0300] {logging_mixin.py:154} INFO - [2023-12-27T11:26:34.513-0300] {dag.py:3722} INFO - Setting next_dagrun for example_xcom_args to None, run_after=None
[2023-12-27T11:26:34.513-0300] {logging_mixin.py:154} INFO - [2023-12-27T11:26:34.513-0300] {dag.py:3722} INFO - Setting next_dagrun for example_xcom_args_with_operators to None, run_after=None
[2023-12-27T11:26:34.521-0300] {processor.py:179} INFO - Processing /home/felipe/.local/lib/python3.11/site-packages/airflow/example_dags/example_xcomargs.py took 0.107 seconds
[2023-12-27T11:27:21.350-0300] {processor.py:157} INFO - Started process (PID=13510) to work on /home/felipe/.local/lib/python3.11/site-packages/airflow/example_dags/example_xcomargs.py
[2023-12-27T11:27:21.387-0300] {processor.py:829} INFO - Processing file /home/felipe/.local/lib/python3.11/site-packages/airflow/example_dags/example_xcomargs.py for tasks to queue
[2023-12-27T11:27:21.387-0300] {logging_mixin.py:154} INFO - [2023-12-27T11:27:21.387-0300] {dagbag.py:536} INFO - Filling up the DagBag from /home/felipe/.local/lib/python3.11/site-packages/airflow/example_dags/example_xcomargs.py
[2023-12-27T11:27:21.393-0300] {processor.py:839} INFO - DAG(s) dict_keys(['example_xcom_args', 'example_xcom_args_with_operators']) retrieved from /home/felipe/.local/lib/python3.11/site-packages/airflow/example_dags/example_xcomargs.py
[2023-12-27T11:27:21.403-0300] {logging_mixin.py:154} INFO - [2023-12-27T11:27:21.403-0300] {dag.py:2941} INFO - Sync 2 DAGs
[2023-12-27T11:27:21.411-0300] {logging_mixin.py:154} INFO - [2023-12-27T11:27:21.411-0300] {dag.py:3722} INFO - Setting next_dagrun for example_xcom_args to None, run_after=None
[2023-12-27T11:27:21.412-0300] {logging_mixin.py:154} INFO - [2023-12-27T11:27:21.412-0300] {dag.py:3722} INFO - Setting next_dagrun for example_xcom_args_with_operators to None, run_after=None
[2023-12-27T11:27:21.422-0300] {processor.py:179} INFO - Processing /home/felipe/.local/lib/python3.11/site-packages/airflow/example_dags/example_xcomargs.py took 0.074 seconds
[2023-12-27T11:28:04.733-0300] {processor.py:157} INFO - Started process (PID=13586) to work on /home/felipe/.local/lib/python3.11/site-packages/airflow/example_dags/example_xcomargs.py
[2023-12-27T11:28:04.765-0300] {processor.py:829} INFO - Processing file /home/felipe/.local/lib/python3.11/site-packages/airflow/example_dags/example_xcomargs.py for tasks to queue
[2023-12-27T11:28:04.765-0300] {logging_mixin.py:154} INFO - [2023-12-27T11:28:04.765-0300] {dagbag.py:536} INFO - Filling up the DagBag from /home/felipe/.local/lib/python3.11/site-packages/airflow/example_dags/example_xcomargs.py
[2023-12-27T11:28:04.771-0300] {processor.py:839} INFO - DAG(s) dict_keys(['example_xcom_args_with_operators', 'example_xcom_args']) retrieved from /home/felipe/.local/lib/python3.11/site-packages/airflow/example_dags/example_xcomargs.py
[2023-12-27T11:28:04.781-0300] {logging_mixin.py:154} INFO - [2023-12-27T11:28:04.781-0300] {dag.py:2941} INFO - Sync 2 DAGs
[2023-12-27T11:28:04.787-0300] {logging_mixin.py:154} INFO - [2023-12-27T11:28:04.787-0300] {dag.py:3722} INFO - Setting next_dagrun for example_xcom_args to None, run_after=None
[2023-12-27T11:28:04.789-0300] {logging_mixin.py:154} INFO - [2023-12-27T11:28:04.789-0300] {dag.py:3722} INFO - Setting next_dagrun for example_xcom_args_with_operators to None, run_after=None
[2023-12-27T11:28:04.805-0300] {processor.py:179} INFO - Processing /home/felipe/.local/lib/python3.11/site-packages/airflow/example_dags/example_xcomargs.py took 0.074 seconds
[2023-12-27T11:28:48.956-0300] {processor.py:157} INFO - Started process (PID=13647) to work on /home/felipe/.local/lib/python3.11/site-packages/airflow/example_dags/example_xcomargs.py
[2023-12-27T11:28:48.988-0300] {processor.py:829} INFO - Processing file /home/felipe/.local/lib/python3.11/site-packages/airflow/example_dags/example_xcomargs.py for tasks to queue
[2023-12-27T11:28:48.989-0300] {logging_mixin.py:154} INFO - [2023-12-27T11:28:48.988-0300] {dagbag.py:536} INFO - Filling up the DagBag from /home/felipe/.local/lib/python3.11/site-packages/airflow/example_dags/example_xcomargs.py
[2023-12-27T11:28:48.994-0300] {processor.py:839} INFO - DAG(s) dict_keys(['example_xcom_args_with_operators', 'example_xcom_args']) retrieved from /home/felipe/.local/lib/python3.11/site-packages/airflow/example_dags/example_xcomargs.py
[2023-12-27T11:28:49.004-0300] {logging_mixin.py:154} INFO - [2023-12-27T11:28:49.004-0300] {dag.py:2941} INFO - Sync 2 DAGs
[2023-12-27T11:28:49.010-0300] {logging_mixin.py:154} INFO - [2023-12-27T11:28:49.010-0300] {dag.py:3722} INFO - Setting next_dagrun for example_xcom_args to None, run_after=None
[2023-12-27T11:28:49.012-0300] {logging_mixin.py:154} INFO - [2023-12-27T11:28:49.012-0300] {dag.py:3722} INFO - Setting next_dagrun for example_xcom_args_with_operators to None, run_after=None
[2023-12-27T11:28:49.022-0300] {processor.py:179} INFO - Processing /home/felipe/.local/lib/python3.11/site-packages/airflow/example_dags/example_xcomargs.py took 0.068 seconds
[2023-12-27T11:29:35.591-0300] {processor.py:157} INFO - Started process (PID=13705) to work on /home/felipe/.local/lib/python3.11/site-packages/airflow/example_dags/example_xcomargs.py
[2023-12-27T11:29:35.623-0300] {processor.py:829} INFO - Processing file /home/felipe/.local/lib/python3.11/site-packages/airflow/example_dags/example_xcomargs.py for tasks to queue
[2023-12-27T11:29:35.624-0300] {logging_mixin.py:154} INFO - [2023-12-27T11:29:35.623-0300] {dagbag.py:536} INFO - Filling up the DagBag from /home/felipe/.local/lib/python3.11/site-packages/airflow/example_dags/example_xcomargs.py
[2023-12-27T11:29:35.629-0300] {processor.py:839} INFO - DAG(s) dict_keys(['example_xcom_args_with_operators', 'example_xcom_args']) retrieved from /home/felipe/.local/lib/python3.11/site-packages/airflow/example_dags/example_xcomargs.py
[2023-12-27T11:29:35.639-0300] {logging_mixin.py:154} INFO - [2023-12-27T11:29:35.639-0300] {dag.py:2941} INFO - Sync 2 DAGs
[2023-12-27T11:29:35.645-0300] {logging_mixin.py:154} INFO - [2023-12-27T11:29:35.645-0300] {dag.py:3722} INFO - Setting next_dagrun for example_xcom_args to None, run_after=None
[2023-12-27T11:29:35.647-0300] {logging_mixin.py:154} INFO - [2023-12-27T11:29:35.647-0300] {dag.py:3722} INFO - Setting next_dagrun for example_xcom_args_with_operators to None, run_after=None
[2023-12-27T11:29:35.663-0300] {processor.py:179} INFO - Processing /home/felipe/.local/lib/python3.11/site-packages/airflow/example_dags/example_xcomargs.py took 0.073 seconds
[2023-12-27T11:30:23.744-0300] {processor.py:157} INFO - Started process (PID=13779) to work on /home/felipe/.local/lib/python3.11/site-packages/airflow/example_dags/example_xcomargs.py
[2023-12-27T11:30:23.776-0300] {processor.py:829} INFO - Processing file /home/felipe/.local/lib/python3.11/site-packages/airflow/example_dags/example_xcomargs.py for tasks to queue
[2023-12-27T11:30:23.777-0300] {logging_mixin.py:154} INFO - [2023-12-27T11:30:23.776-0300] {dagbag.py:536} INFO - Filling up the DagBag from /home/felipe/.local/lib/python3.11/site-packages/airflow/example_dags/example_xcomargs.py
[2023-12-27T11:30:23.782-0300] {processor.py:839} INFO - DAG(s) dict_keys(['example_xcom_args_with_operators', 'example_xcom_args']) retrieved from /home/felipe/.local/lib/python3.11/site-packages/airflow/example_dags/example_xcomargs.py
[2023-12-27T11:30:23.793-0300] {logging_mixin.py:154} INFO - [2023-12-27T11:30:23.793-0300] {dag.py:2941} INFO - Sync 2 DAGs
[2023-12-27T11:30:23.799-0300] {logging_mixin.py:154} INFO - [2023-12-27T11:30:23.799-0300] {dag.py:3722} INFO - Setting next_dagrun for example_xcom_args to None, run_after=None
[2023-12-27T11:30:23.800-0300] {logging_mixin.py:154} INFO - [2023-12-27T11:30:23.800-0300] {dag.py:3722} INFO - Setting next_dagrun for example_xcom_args_with_operators to None, run_after=None
[2023-12-27T11:30:23.816-0300] {processor.py:179} INFO - Processing /home/felipe/.local/lib/python3.11/site-packages/airflow/example_dags/example_xcomargs.py took 0.074 seconds
[2023-12-27T11:31:07.248-0300] {processor.py:157} INFO - Started process (PID=13841) to work on /home/felipe/.local/lib/python3.11/site-packages/airflow/example_dags/example_xcomargs.py
[2023-12-27T11:31:07.279-0300] {processor.py:829} INFO - Processing file /home/felipe/.local/lib/python3.11/site-packages/airflow/example_dags/example_xcomargs.py for tasks to queue
[2023-12-27T11:31:07.280-0300] {logging_mixin.py:154} INFO - [2023-12-27T11:31:07.280-0300] {dagbag.py:536} INFO - Filling up the DagBag from /home/felipe/.local/lib/python3.11/site-packages/airflow/example_dags/example_xcomargs.py
[2023-12-27T11:31:07.285-0300] {processor.py:839} INFO - DAG(s) dict_keys(['example_xcom_args_with_operators', 'example_xcom_args']) retrieved from /home/felipe/.local/lib/python3.11/site-packages/airflow/example_dags/example_xcomargs.py
[2023-12-27T11:31:07.295-0300] {logging_mixin.py:154} INFO - [2023-12-27T11:31:07.295-0300] {dag.py:2941} INFO - Sync 2 DAGs
[2023-12-27T11:31:07.301-0300] {logging_mixin.py:154} INFO - [2023-12-27T11:31:07.301-0300] {dag.py:3722} INFO - Setting next_dagrun for example_xcom_args to None, run_after=None
[2023-12-27T11:31:07.302-0300] {logging_mixin.py:154} INFO - [2023-12-27T11:31:07.302-0300] {dag.py:3722} INFO - Setting next_dagrun for example_xcom_args_with_operators to None, run_after=None
[2023-12-27T11:31:07.318-0300] {processor.py:179} INFO - Processing /home/felipe/.local/lib/python3.11/site-packages/airflow/example_dags/example_xcomargs.py took 0.072 seconds
[2023-12-27T11:31:46.856-0300] {processor.py:157} INFO - Started process (PID=13897) to work on /home/felipe/.local/lib/python3.11/site-packages/airflow/example_dags/example_xcomargs.py
[2023-12-27T11:31:46.888-0300] {processor.py:829} INFO - Processing file /home/felipe/.local/lib/python3.11/site-packages/airflow/example_dags/example_xcomargs.py for tasks to queue
[2023-12-27T11:31:46.888-0300] {logging_mixin.py:154} INFO - [2023-12-27T11:31:46.888-0300] {dagbag.py:536} INFO - Filling up the DagBag from /home/felipe/.local/lib/python3.11/site-packages/airflow/example_dags/example_xcomargs.py
[2023-12-27T11:31:46.894-0300] {processor.py:839} INFO - DAG(s) dict_keys(['example_xcom_args', 'example_xcom_args_with_operators']) retrieved from /home/felipe/.local/lib/python3.11/site-packages/airflow/example_dags/example_xcomargs.py
[2023-12-27T11:31:46.904-0300] {logging_mixin.py:154} INFO - [2023-12-27T11:31:46.904-0300] {dag.py:2941} INFO - Sync 2 DAGs
[2023-12-27T11:31:46.910-0300] {logging_mixin.py:154} INFO - [2023-12-27T11:31:46.910-0300] {dag.py:3722} INFO - Setting next_dagrun for example_xcom_args to None, run_after=None
[2023-12-27T11:31:46.911-0300] {logging_mixin.py:154} INFO - [2023-12-27T11:31:46.911-0300] {dag.py:3722} INFO - Setting next_dagrun for example_xcom_args_with_operators to None, run_after=None
[2023-12-27T11:31:46.927-0300] {processor.py:179} INFO - Processing /home/felipe/.local/lib/python3.11/site-packages/airflow/example_dags/example_xcomargs.py took 0.072 seconds
[2023-12-27T14:18:38.510-0300] {processor.py:157} INFO - Started process (PID=10676) to work on /home/felipe/.local/lib/python3.11/site-packages/airflow/example_dags/example_xcomargs.py
[2023-12-27T14:18:38.542-0300] {processor.py:829} INFO - Processing file /home/felipe/.local/lib/python3.11/site-packages/airflow/example_dags/example_xcomargs.py for tasks to queue
[2023-12-27T14:18:38.543-0300] {logging_mixin.py:154} INFO - [2023-12-27T14:18:38.543-0300] {dagbag.py:536} INFO - Filling up the DagBag from /home/felipe/.local/lib/python3.11/site-packages/airflow/example_dags/example_xcomargs.py
[2023-12-27T14:18:38.549-0300] {processor.py:839} INFO - DAG(s) dict_keys(['example_xcom_args_with_operators', 'example_xcom_args']) retrieved from /home/felipe/.local/lib/python3.11/site-packages/airflow/example_dags/example_xcomargs.py
[2023-12-27T14:18:38.554-0300] {logging_mixin.py:154} INFO - [2023-12-27T14:18:38.554-0300] {dag.py:2941} INFO - Sync 2 DAGs
[2023-12-27T14:18:38.561-0300] {logging_mixin.py:154} INFO - [2023-12-27T14:18:38.561-0300] {dag.py:3722} INFO - Setting next_dagrun for example_xcom_args to None, run_after=None
[2023-12-27T14:18:38.563-0300] {logging_mixin.py:154} INFO - [2023-12-27T14:18:38.562-0300] {dag.py:3722} INFO - Setting next_dagrun for example_xcom_args_with_operators to None, run_after=None
[2023-12-27T14:18:38.579-0300] {processor.py:179} INFO - Processing /home/felipe/.local/lib/python3.11/site-packages/airflow/example_dags/example_xcomargs.py took 0.071 seconds
[2023-12-27T14:19:28.231-0300] {processor.py:157} INFO - Started process (PID=10871) to work on /home/felipe/.local/lib/python3.11/site-packages/airflow/example_dags/example_xcomargs.py
[2023-12-27T14:19:28.263-0300] {processor.py:829} INFO - Processing file /home/felipe/.local/lib/python3.11/site-packages/airflow/example_dags/example_xcomargs.py for tasks to queue
[2023-12-27T14:19:28.264-0300] {logging_mixin.py:154} INFO - [2023-12-27T14:19:28.264-0300] {dagbag.py:536} INFO - Filling up the DagBag from /home/felipe/.local/lib/python3.11/site-packages/airflow/example_dags/example_xcomargs.py
[2023-12-27T14:19:28.269-0300] {processor.py:839} INFO - DAG(s) dict_keys(['example_xcom_args_with_operators', 'example_xcom_args']) retrieved from /home/felipe/.local/lib/python3.11/site-packages/airflow/example_dags/example_xcomargs.py
[2023-12-27T14:19:28.279-0300] {logging_mixin.py:154} INFO - [2023-12-27T14:19:28.279-0300] {dag.py:2941} INFO - Sync 2 DAGs
[2023-12-27T14:19:28.285-0300] {logging_mixin.py:154} INFO - [2023-12-27T14:19:28.285-0300] {dag.py:3722} INFO - Setting next_dagrun for example_xcom_args to None, run_after=None
[2023-12-27T14:19:28.286-0300] {logging_mixin.py:154} INFO - [2023-12-27T14:19:28.286-0300] {dag.py:3722} INFO - Setting next_dagrun for example_xcom_args_with_operators to None, run_after=None
[2023-12-27T14:19:28.297-0300] {processor.py:179} INFO - Processing /home/felipe/.local/lib/python3.11/site-packages/airflow/example_dags/example_xcomargs.py took 0.068 seconds
[2023-12-27T14:20:10.554-0300] {processor.py:157} INFO - Started process (PID=10989) to work on /home/felipe/.local/lib/python3.11/site-packages/airflow/example_dags/example_xcomargs.py
[2023-12-27T14:20:10.586-0300] {processor.py:829} INFO - Processing file /home/felipe/.local/lib/python3.11/site-packages/airflow/example_dags/example_xcomargs.py for tasks to queue
[2023-12-27T14:20:10.586-0300] {logging_mixin.py:154} INFO - [2023-12-27T14:20:10.586-0300] {dagbag.py:536} INFO - Filling up the DagBag from /home/felipe/.local/lib/python3.11/site-packages/airflow/example_dags/example_xcomargs.py
[2023-12-27T14:20:10.591-0300] {processor.py:839} INFO - DAG(s) dict_keys(['example_xcom_args_with_operators', 'example_xcom_args']) retrieved from /home/felipe/.local/lib/python3.11/site-packages/airflow/example_dags/example_xcomargs.py
[2023-12-27T14:20:10.602-0300] {logging_mixin.py:154} INFO - [2023-12-27T14:20:10.602-0300] {dag.py:2941} INFO - Sync 2 DAGs
[2023-12-27T14:20:10.608-0300] {logging_mixin.py:154} INFO - [2023-12-27T14:20:10.608-0300] {dag.py:3722} INFO - Setting next_dagrun for example_xcom_args to None, run_after=None
[2023-12-27T14:20:10.609-0300] {logging_mixin.py:154} INFO - [2023-12-27T14:20:10.609-0300] {dag.py:3722} INFO - Setting next_dagrun for example_xcom_args_with_operators to None, run_after=None
[2023-12-27T14:20:10.625-0300] {processor.py:179} INFO - Processing /home/felipe/.local/lib/python3.11/site-packages/airflow/example_dags/example_xcomargs.py took 0.074 seconds
[2023-12-27T14:20:57.648-0300] {processor.py:157} INFO - Started process (PID=11138) to work on /home/felipe/.local/lib/python3.11/site-packages/airflow/example_dags/example_xcomargs.py
[2023-12-27T14:20:57.649-0300] {processor.py:829} INFO - Processing file /home/felipe/.local/lib/python3.11/site-packages/airflow/example_dags/example_xcomargs.py for tasks to queue
[2023-12-27T14:20:57.650-0300] {logging_mixin.py:154} INFO - [2023-12-27T14:20:57.650-0300] {dagbag.py:536} INFO - Filling up the DagBag from /home/felipe/.local/lib/python3.11/site-packages/airflow/example_dags/example_xcomargs.py
[2023-12-27T14:20:57.656-0300] {processor.py:839} INFO - DAG(s) dict_keys(['example_xcom_args_with_operators', 'example_xcom_args']) retrieved from /home/felipe/.local/lib/python3.11/site-packages/airflow/example_dags/example_xcomargs.py
[2023-12-27T14:20:57.667-0300] {logging_mixin.py:154} INFO - [2023-12-27T14:20:57.667-0300] {dag.py:2941} INFO - Sync 2 DAGs
[2023-12-27T14:20:57.673-0300] {logging_mixin.py:154} INFO - [2023-12-27T14:20:57.673-0300] {dag.py:3722} INFO - Setting next_dagrun for example_xcom_args to None, run_after=None
[2023-12-27T14:20:57.674-0300] {logging_mixin.py:154} INFO - [2023-12-27T14:20:57.674-0300] {dag.py:3722} INFO - Setting next_dagrun for example_xcom_args_with_operators to None, run_after=None
[2023-12-27T14:20:57.690-0300] {processor.py:179} INFO - Processing /home/felipe/.local/lib/python3.11/site-packages/airflow/example_dags/example_xcomargs.py took 0.043 seconds
[2023-12-27T14:21:40.167-0300] {processor.py:157} INFO - Started process (PID=11408) to work on /home/felipe/.local/lib/python3.11/site-packages/airflow/example_dags/example_xcomargs.py
[2023-12-27T14:21:40.168-0300] {processor.py:829} INFO - Processing file /home/felipe/.local/lib/python3.11/site-packages/airflow/example_dags/example_xcomargs.py for tasks to queue
[2023-12-27T14:21:40.168-0300] {logging_mixin.py:154} INFO - [2023-12-27T14:21:40.168-0300] {dagbag.py:536} INFO - Filling up the DagBag from /home/felipe/.local/lib/python3.11/site-packages/airflow/example_dags/example_xcomargs.py
[2023-12-27T14:21:40.178-0300] {processor.py:839} INFO - DAG(s) dict_keys(['example_xcom_args', 'example_xcom_args_with_operators']) retrieved from /home/felipe/.local/lib/python3.11/site-packages/airflow/example_dags/example_xcomargs.py
[2023-12-27T14:21:40.190-0300] {logging_mixin.py:154} INFO - [2023-12-27T14:21:40.190-0300] {dag.py:2941} INFO - Sync 2 DAGs
[2023-12-27T14:21:40.196-0300] {logging_mixin.py:154} INFO - [2023-12-27T14:21:40.196-0300] {dag.py:3722} INFO - Setting next_dagrun for example_xcom_args to None, run_after=None
[2023-12-27T14:21:40.198-0300] {logging_mixin.py:154} INFO - [2023-12-27T14:21:40.198-0300] {dag.py:3722} INFO - Setting next_dagrun for example_xcom_args_with_operators to None, run_after=None
[2023-12-27T14:21:40.212-0300] {processor.py:179} INFO - Processing /home/felipe/.local/lib/python3.11/site-packages/airflow/example_dags/example_xcomargs.py took 0.046 seconds
[2023-12-27T14:22:37.851-0300] {processor.py:157} INFO - Started process (PID=12241) to work on /home/felipe/.local/lib/python3.11/site-packages/airflow/example_dags/example_xcomargs.py
[2023-12-27T14:22:37.851-0300] {processor.py:829} INFO - Processing file /home/felipe/.local/lib/python3.11/site-packages/airflow/example_dags/example_xcomargs.py for tasks to queue
[2023-12-27T14:22:37.852-0300] {logging_mixin.py:154} INFO - [2023-12-27T14:22:37.851-0300] {dagbag.py:536} INFO - Filling up the DagBag from /home/felipe/.local/lib/python3.11/site-packages/airflow/example_dags/example_xcomargs.py
[2023-12-27T14:22:37.864-0300] {processor.py:839} INFO - DAG(s) dict_keys(['example_xcom_args_with_operators', 'example_xcom_args']) retrieved from /home/felipe/.local/lib/python3.11/site-packages/airflow/example_dags/example_xcomargs.py
[2023-12-27T14:22:37.893-0300] {logging_mixin.py:154} INFO - [2023-12-27T14:22:37.893-0300] {dag.py:2941} INFO - Sync 2 DAGs
[2023-12-27T14:22:37.899-0300] {logging_mixin.py:154} INFO - [2023-12-27T14:22:37.899-0300] {dag.py:3722} INFO - Setting next_dagrun for example_xcom_args to None, run_after=None
[2023-12-27T14:22:37.900-0300] {logging_mixin.py:154} INFO - [2023-12-27T14:22:37.900-0300] {dag.py:3722} INFO - Setting next_dagrun for example_xcom_args_with_operators to None, run_after=None
[2023-12-27T14:22:37.914-0300] {processor.py:179} INFO - Processing /home/felipe/.local/lib/python3.11/site-packages/airflow/example_dags/example_xcomargs.py took 0.065 seconds
[2023-12-27T14:23:59.818-0300] {processor.py:157} INFO - Started process (PID=12731) to work on /home/felipe/.local/lib/python3.11/site-packages/airflow/example_dags/example_xcomargs.py
[2023-12-27T14:23:59.862-0300] {processor.py:829} INFO - Processing file /home/felipe/.local/lib/python3.11/site-packages/airflow/example_dags/example_xcomargs.py for tasks to queue
[2023-12-27T14:23:59.862-0300] {logging_mixin.py:154} INFO - [2023-12-27T14:23:59.862-0300] {dagbag.py:536} INFO - Filling up the DagBag from /home/felipe/.local/lib/python3.11/site-packages/airflow/example_dags/example_xcomargs.py
[2023-12-27T14:23:59.884-0300] {processor.py:839} INFO - DAG(s) dict_keys(['example_xcom_args', 'example_xcom_args_with_operators']) retrieved from /home/felipe/.local/lib/python3.11/site-packages/airflow/example_dags/example_xcomargs.py
[2023-12-27T14:23:59.933-0300] {logging_mixin.py:154} INFO - [2023-12-27T14:23:59.933-0300] {dag.py:2941} INFO - Sync 2 DAGs
[2023-12-27T14:23:59.944-0300] {logging_mixin.py:154} INFO - [2023-12-27T14:23:59.944-0300] {dag.py:3722} INFO - Setting next_dagrun for example_xcom_args to None, run_after=None
[2023-12-27T14:23:59.946-0300] {logging_mixin.py:154} INFO - [2023-12-27T14:23:59.946-0300] {dag.py:3722} INFO - Setting next_dagrun for example_xcom_args_with_operators to None, run_after=None
[2023-12-27T14:24:00.097-0300] {processor.py:179} INFO - Processing /home/felipe/.local/lib/python3.11/site-packages/airflow/example_dags/example_xcomargs.py took 0.281 seconds
[2023-12-27T14:25:14.967-0300] {processor.py:157} INFO - Started process (PID=12835) to work on /home/felipe/.local/lib/python3.11/site-packages/airflow/example_dags/example_xcomargs.py
[2023-12-27T14:25:14.989-0300] {processor.py:829} INFO - Processing file /home/felipe/.local/lib/python3.11/site-packages/airflow/example_dags/example_xcomargs.py for tasks to queue
[2023-12-27T14:25:14.990-0300] {logging_mixin.py:154} INFO - [2023-12-27T14:25:14.989-0300] {dagbag.py:536} INFO - Filling up the DagBag from /home/felipe/.local/lib/python3.11/site-packages/airflow/example_dags/example_xcomargs.py
[2023-12-27T14:25:14.995-0300] {processor.py:839} INFO - DAG(s) dict_keys(['example_xcom_args_with_operators', 'example_xcom_args']) retrieved from /home/felipe/.local/lib/python3.11/site-packages/airflow/example_dags/example_xcomargs.py
[2023-12-27T14:25:15.005-0300] {logging_mixin.py:154} INFO - [2023-12-27T14:25:15.005-0300] {dag.py:2941} INFO - Sync 2 DAGs
[2023-12-27T14:25:15.011-0300] {logging_mixin.py:154} INFO - [2023-12-27T14:25:15.011-0300] {dag.py:3722} INFO - Setting next_dagrun for example_xcom_args to None, run_after=None
[2023-12-27T14:25:15.012-0300] {logging_mixin.py:154} INFO - [2023-12-27T14:25:15.012-0300] {dag.py:3722} INFO - Setting next_dagrun for example_xcom_args_with_operators to None, run_after=None
[2023-12-27T14:25:15.028-0300] {processor.py:179} INFO - Processing /home/felipe/.local/lib/python3.11/site-packages/airflow/example_dags/example_xcomargs.py took 0.064 seconds
