[2023-12-27T11:26:57.319-0300] {processor.py:157} INFO - Started process (PID=13402) to work on /home/felipe/.local/lib/python3.11/site-packages/airflow/example_dags/example_setup_teardown_taskflow.py
[2023-12-27T11:26:57.319-0300] {processor.py:829} INFO - Processing file /home/felipe/.local/lib/python3.11/site-packages/airflow/example_dags/example_setup_teardown_taskflow.py for tasks to queue
[2023-12-27T11:26:57.320-0300] {logging_mixin.py:154} INFO - [2023-12-27T11:26:57.320-0300] {dagbag.py:536} INFO - Filling up the DagBag from /home/felipe/.local/lib/python3.11/site-packages/airflow/example_dags/example_setup_teardown_taskflow.py
[2023-12-27T11:26:57.326-0300] {processor.py:839} INFO - DAG(s) dict_keys(['example_setup_teardown_taskflow']) retrieved from /home/felipe/.local/lib/python3.11/site-packages/airflow/example_dags/example_setup_teardown_taskflow.py
[2023-12-27T11:26:57.397-0300] {logging_mixin.py:154} INFO - [2023-12-27T11:26:57.397-0300] {manager.py:499} INFO - Created Permission View: %s
[2023-12-27T11:26:57.401-0300] {logging_mixin.py:154} INFO - [2023-12-27T11:26:57.401-0300] {manager.py:499} INFO - Created Permission View: %s
[2023-12-27T11:26:57.405-0300] {logging_mixin.py:154} INFO - [2023-12-27T11:26:57.405-0300] {manager.py:499} INFO - Created Permission View: %s
[2023-12-27T11:26:57.405-0300] {logging_mixin.py:154} INFO - [2023-12-27T11:26:57.405-0300] {dag.py:2941} INFO - Sync 1 DAGs
[2023-12-27T11:26:57.409-0300] {logging_mixin.py:154} INFO - [2023-12-27T11:26:57.409-0300] {dag.py:2963} INFO - Creating ORM DAG for example_setup_teardown_taskflow
[2023-12-27T11:26:57.413-0300] {logging_mixin.py:154} INFO - [2023-12-27T11:26:57.413-0300] {dag.py:3722} INFO - Setting next_dagrun for example_setup_teardown_taskflow to 2023-12-26T14:26:57.413497+00:00, run_after=2023-12-27T14:26:57.413497+00:00
[2023-12-27T11:26:57.422-0300] {processor.py:179} INFO - Processing /home/felipe/.local/lib/python3.11/site-packages/airflow/example_dags/example_setup_teardown_taskflow.py took 0.105 seconds
[2023-12-27T11:27:41.918-0300] {processor.py:157} INFO - Started process (PID=13550) to work on /home/felipe/.local/lib/python3.11/site-packages/airflow/example_dags/example_setup_teardown_taskflow.py
[2023-12-27T11:27:41.950-0300] {processor.py:829} INFO - Processing file /home/felipe/.local/lib/python3.11/site-packages/airflow/example_dags/example_setup_teardown_taskflow.py for tasks to queue
[2023-12-27T11:27:41.951-0300] {logging_mixin.py:154} INFO - [2023-12-27T11:27:41.951-0300] {dagbag.py:536} INFO - Filling up the DagBag from /home/felipe/.local/lib/python3.11/site-packages/airflow/example_dags/example_setup_teardown_taskflow.py
[2023-12-27T11:27:41.957-0300] {processor.py:839} INFO - DAG(s) dict_keys(['example_setup_teardown_taskflow']) retrieved from /home/felipe/.local/lib/python3.11/site-packages/airflow/example_dags/example_setup_teardown_taskflow.py
[2023-12-27T11:27:41.967-0300] {logging_mixin.py:154} INFO - [2023-12-27T11:27:41.967-0300] {dag.py:2941} INFO - Sync 1 DAGs
[2023-12-27T11:27:41.976-0300] {logging_mixin.py:154} INFO - [2023-12-27T11:27:41.976-0300] {dag.py:3722} INFO - Setting next_dagrun for example_setup_teardown_taskflow to 2023-12-26T14:27:41.976403+00:00, run_after=2023-12-27T14:27:41.976403+00:00
[2023-12-27T11:27:41.994-0300] {processor.py:179} INFO - Processing /home/felipe/.local/lib/python3.11/site-packages/airflow/example_dags/example_setup_teardown_taskflow.py took 0.078 seconds
[2023-12-27T11:28:26.907-0300] {processor.py:157} INFO - Started process (PID=13611) to work on /home/felipe/.local/lib/python3.11/site-packages/airflow/example_dags/example_setup_teardown_taskflow.py
[2023-12-27T11:28:26.939-0300] {processor.py:829} INFO - Processing file /home/felipe/.local/lib/python3.11/site-packages/airflow/example_dags/example_setup_teardown_taskflow.py for tasks to queue
[2023-12-27T11:28:26.940-0300] {logging_mixin.py:154} INFO - [2023-12-27T11:28:26.939-0300] {dagbag.py:536} INFO - Filling up the DagBag from /home/felipe/.local/lib/python3.11/site-packages/airflow/example_dags/example_setup_teardown_taskflow.py
[2023-12-27T11:28:26.945-0300] {processor.py:839} INFO - DAG(s) dict_keys(['example_setup_teardown_taskflow']) retrieved from /home/felipe/.local/lib/python3.11/site-packages/airflow/example_dags/example_setup_teardown_taskflow.py
[2023-12-27T11:28:26.954-0300] {logging_mixin.py:154} INFO - [2023-12-27T11:28:26.954-0300] {dag.py:2941} INFO - Sync 1 DAGs
[2023-12-27T11:28:26.964-0300] {logging_mixin.py:154} INFO - [2023-12-27T11:28:26.964-0300] {dag.py:3722} INFO - Setting next_dagrun for example_setup_teardown_taskflow to 2023-12-26T14:28:26.964333+00:00, run_after=2023-12-27T14:28:26.964333+00:00
[2023-12-27T11:28:26.981-0300] {processor.py:179} INFO - Processing /home/felipe/.local/lib/python3.11/site-packages/airflow/example_dags/example_setup_teardown_taskflow.py took 0.076 seconds
[2023-12-27T11:29:13.374-0300] {processor.py:157} INFO - Started process (PID=13671) to work on /home/felipe/.local/lib/python3.11/site-packages/airflow/example_dags/example_setup_teardown_taskflow.py
[2023-12-27T11:29:13.406-0300] {processor.py:829} INFO - Processing file /home/felipe/.local/lib/python3.11/site-packages/airflow/example_dags/example_setup_teardown_taskflow.py for tasks to queue
[2023-12-27T11:29:13.406-0300] {logging_mixin.py:154} INFO - [2023-12-27T11:29:13.406-0300] {dagbag.py:536} INFO - Filling up the DagBag from /home/felipe/.local/lib/python3.11/site-packages/airflow/example_dags/example_setup_teardown_taskflow.py
[2023-12-27T11:29:13.412-0300] {processor.py:839} INFO - DAG(s) dict_keys(['example_setup_teardown_taskflow']) retrieved from /home/felipe/.local/lib/python3.11/site-packages/airflow/example_dags/example_setup_teardown_taskflow.py
[2023-12-27T11:29:13.422-0300] {logging_mixin.py:154} INFO - [2023-12-27T11:29:13.421-0300] {dag.py:2941} INFO - Sync 1 DAGs
[2023-12-27T11:29:13.431-0300] {logging_mixin.py:154} INFO - [2023-12-27T11:29:13.431-0300] {dag.py:3722} INFO - Setting next_dagrun for example_setup_teardown_taskflow to 2023-12-26T14:29:13.431338+00:00, run_after=2023-12-27T14:29:13.431338+00:00
[2023-12-27T11:29:13.448-0300] {processor.py:179} INFO - Processing /home/felipe/.local/lib/python3.11/site-packages/airflow/example_dags/example_setup_teardown_taskflow.py took 0.076 seconds
[2023-12-27T11:30:00.999-0300] {processor.py:157} INFO - Started process (PID=13743) to work on /home/felipe/.local/lib/python3.11/site-packages/airflow/example_dags/example_setup_teardown_taskflow.py
[2023-12-27T11:30:01.031-0300] {processor.py:829} INFO - Processing file /home/felipe/.local/lib/python3.11/site-packages/airflow/example_dags/example_setup_teardown_taskflow.py for tasks to queue
[2023-12-27T11:30:01.031-0300] {logging_mixin.py:154} INFO - [2023-12-27T11:30:01.031-0300] {dagbag.py:536} INFO - Filling up the DagBag from /home/felipe/.local/lib/python3.11/site-packages/airflow/example_dags/example_setup_teardown_taskflow.py
[2023-12-27T11:30:01.038-0300] {processor.py:839} INFO - DAG(s) dict_keys(['example_setup_teardown_taskflow']) retrieved from /home/felipe/.local/lib/python3.11/site-packages/airflow/example_dags/example_setup_teardown_taskflow.py
[2023-12-27T11:30:01.047-0300] {logging_mixin.py:154} INFO - [2023-12-27T11:30:01.047-0300] {dag.py:2941} INFO - Sync 1 DAGs
[2023-12-27T11:30:01.056-0300] {logging_mixin.py:154} INFO - [2023-12-27T11:30:01.056-0300] {dag.py:3722} INFO - Setting next_dagrun for example_setup_teardown_taskflow to 2023-12-26T14:30:01.056380+00:00, run_after=2023-12-27T14:30:01.056380+00:00
[2023-12-27T11:30:01.073-0300] {processor.py:179} INFO - Processing /home/felipe/.local/lib/python3.11/site-packages/airflow/example_dags/example_setup_teardown_taskflow.py took 0.075 seconds
[2023-12-27T11:30:46.696-0300] {processor.py:157} INFO - Started process (PID=13808) to work on /home/felipe/.local/lib/python3.11/site-packages/airflow/example_dags/example_setup_teardown_taskflow.py
[2023-12-27T11:30:46.728-0300] {processor.py:829} INFO - Processing file /home/felipe/.local/lib/python3.11/site-packages/airflow/example_dags/example_setup_teardown_taskflow.py for tasks to queue
[2023-12-27T11:30:46.728-0300] {logging_mixin.py:154} INFO - [2023-12-27T11:30:46.728-0300] {dagbag.py:536} INFO - Filling up the DagBag from /home/felipe/.local/lib/python3.11/site-packages/airflow/example_dags/example_setup_teardown_taskflow.py
[2023-12-27T11:30:46.734-0300] {processor.py:839} INFO - DAG(s) dict_keys(['example_setup_teardown_taskflow']) retrieved from /home/felipe/.local/lib/python3.11/site-packages/airflow/example_dags/example_setup_teardown_taskflow.py
[2023-12-27T11:30:46.743-0300] {logging_mixin.py:154} INFO - [2023-12-27T11:30:46.743-0300] {dag.py:2941} INFO - Sync 1 DAGs
[2023-12-27T11:30:46.753-0300] {logging_mixin.py:154} INFO - [2023-12-27T11:30:46.753-0300] {dag.py:3722} INFO - Setting next_dagrun for example_setup_teardown_taskflow to 2023-12-26T14:30:46.753381+00:00, run_after=2023-12-27T14:30:46.753381+00:00
[2023-12-27T11:30:46.771-0300] {processor.py:179} INFO - Processing /home/felipe/.local/lib/python3.11/site-packages/airflow/example_dags/example_setup_teardown_taskflow.py took 0.077 seconds
[2023-12-27T11:31:29.452-0300] {processor.py:157} INFO - Started process (PID=13867) to work on /home/felipe/.local/lib/python3.11/site-packages/airflow/example_dags/example_setup_teardown_taskflow.py
[2023-12-27T11:31:29.484-0300] {processor.py:829} INFO - Processing file /home/felipe/.local/lib/python3.11/site-packages/airflow/example_dags/example_setup_teardown_taskflow.py for tasks to queue
[2023-12-27T11:31:29.484-0300] {logging_mixin.py:154} INFO - [2023-12-27T11:31:29.484-0300] {dagbag.py:536} INFO - Filling up the DagBag from /home/felipe/.local/lib/python3.11/site-packages/airflow/example_dags/example_setup_teardown_taskflow.py
[2023-12-27T11:31:29.490-0300] {processor.py:839} INFO - DAG(s) dict_keys(['example_setup_teardown_taskflow']) retrieved from /home/felipe/.local/lib/python3.11/site-packages/airflow/example_dags/example_setup_teardown_taskflow.py
[2023-12-27T11:31:29.500-0300] {logging_mixin.py:154} INFO - [2023-12-27T11:31:29.500-0300] {dag.py:2941} INFO - Sync 1 DAGs
[2023-12-27T11:31:29.510-0300] {logging_mixin.py:154} INFO - [2023-12-27T11:31:29.510-0300] {dag.py:3722} INFO - Setting next_dagrun for example_setup_teardown_taskflow to 2023-12-26T14:31:29.509962+00:00, run_after=2023-12-27T14:31:29.509962+00:00
[2023-12-27T11:31:29.527-0300] {processor.py:179} INFO - Processing /home/felipe/.local/lib/python3.11/site-packages/airflow/example_dags/example_setup_teardown_taskflow.py took 0.076 seconds
[2023-12-27T14:19:01.413-0300] {processor.py:157} INFO - Started process (PID=10745) to work on /home/felipe/.local/lib/python3.11/site-packages/airflow/example_dags/example_setup_teardown_taskflow.py
[2023-12-27T14:19:01.414-0300] {processor.py:829} INFO - Processing file /home/felipe/.local/lib/python3.11/site-packages/airflow/example_dags/example_setup_teardown_taskflow.py for tasks to queue
[2023-12-27T14:19:01.414-0300] {logging_mixin.py:154} INFO - [2023-12-27T14:19:01.414-0300] {dagbag.py:536} INFO - Filling up the DagBag from /home/felipe/.local/lib/python3.11/site-packages/airflow/example_dags/example_setup_teardown_taskflow.py
[2023-12-27T14:19:01.420-0300] {processor.py:839} INFO - DAG(s) dict_keys(['example_setup_teardown_taskflow']) retrieved from /home/felipe/.local/lib/python3.11/site-packages/airflow/example_dags/example_setup_teardown_taskflow.py
[2023-12-27T14:19:01.431-0300] {logging_mixin.py:154} INFO - [2023-12-27T14:19:01.431-0300] {dag.py:2941} INFO - Sync 1 DAGs
[2023-12-27T14:19:01.440-0300] {logging_mixin.py:154} INFO - [2023-12-27T14:19:01.440-0300] {dag.py:3722} INFO - Setting next_dagrun for example_setup_teardown_taskflow to 2023-12-26T17:19:01.440322+00:00, run_after=2023-12-27T17:19:01.440322+00:00
[2023-12-27T14:19:01.449-0300] {processor.py:179} INFO - Processing /home/felipe/.local/lib/python3.11/site-packages/airflow/example_dags/example_setup_teardown_taskflow.py took 0.038 seconds
[2023-12-27T14:19:52.185-0300] {processor.py:157} INFO - Started process (PID=10929) to work on /home/felipe/.local/lib/python3.11/site-packages/airflow/example_dags/example_setup_teardown_taskflow.py
[2023-12-27T14:19:52.217-0300] {processor.py:829} INFO - Processing file /home/felipe/.local/lib/python3.11/site-packages/airflow/example_dags/example_setup_teardown_taskflow.py for tasks to queue
[2023-12-27T14:19:52.218-0300] {logging_mixin.py:154} INFO - [2023-12-27T14:19:52.217-0300] {dagbag.py:536} INFO - Filling up the DagBag from /home/felipe/.local/lib/python3.11/site-packages/airflow/example_dags/example_setup_teardown_taskflow.py
[2023-12-27T14:19:52.224-0300] {processor.py:839} INFO - DAG(s) dict_keys(['example_setup_teardown_taskflow']) retrieved from /home/felipe/.local/lib/python3.11/site-packages/airflow/example_dags/example_setup_teardown_taskflow.py
[2023-12-27T14:19:52.233-0300] {logging_mixin.py:154} INFO - [2023-12-27T14:19:52.233-0300] {dag.py:2941} INFO - Sync 1 DAGs
[2023-12-27T14:19:52.243-0300] {logging_mixin.py:154} INFO - [2023-12-27T14:19:52.243-0300] {dag.py:3722} INFO - Setting next_dagrun for example_setup_teardown_taskflow to 2023-12-26T17:19:52.243033+00:00, run_after=2023-12-27T17:19:52.243033+00:00
[2023-12-27T14:19:52.259-0300] {processor.py:179} INFO - Processing /home/felipe/.local/lib/python3.11/site-packages/airflow/example_dags/example_setup_teardown_taskflow.py took 0.076 seconds
[2023-12-27T14:20:49.522-0300] {processor.py:157} INFO - Started process (PID=11127) to work on /home/felipe/.local/lib/python3.11/site-packages/airflow/example_dags/example_setup_teardown_taskflow.py
[2023-12-27T14:20:49.554-0300] {processor.py:829} INFO - Processing file /home/felipe/.local/lib/python3.11/site-packages/airflow/example_dags/example_setup_teardown_taskflow.py for tasks to queue
[2023-12-27T14:20:49.555-0300] {logging_mixin.py:154} INFO - [2023-12-27T14:20:49.554-0300] {dagbag.py:536} INFO - Filling up the DagBag from /home/felipe/.local/lib/python3.11/site-packages/airflow/example_dags/example_setup_teardown_taskflow.py
[2023-12-27T14:20:49.560-0300] {processor.py:839} INFO - DAG(s) dict_keys(['example_setup_teardown_taskflow']) retrieved from /home/felipe/.local/lib/python3.11/site-packages/airflow/example_dags/example_setup_teardown_taskflow.py
[2023-12-27T14:20:49.570-0300] {logging_mixin.py:154} INFO - [2023-12-27T14:20:49.570-0300] {dag.py:2941} INFO - Sync 1 DAGs
[2023-12-27T14:20:49.579-0300] {logging_mixin.py:154} INFO - [2023-12-27T14:20:49.579-0300] {dag.py:3722} INFO - Setting next_dagrun for example_setup_teardown_taskflow to 2023-12-26T17:20:49.579457+00:00, run_after=2023-12-27T17:20:49.579457+00:00
[2023-12-27T14:20:49.596-0300] {processor.py:179} INFO - Processing /home/felipe/.local/lib/python3.11/site-packages/airflow/example_dags/example_setup_teardown_taskflow.py took 0.076 seconds
[2023-12-27T14:21:50.437-0300] {processor.py:157} INFO - Started process (PID=11435) to work on /home/felipe/.local/lib/python3.11/site-packages/airflow/example_dags/example_setup_teardown_taskflow.py
[2023-12-27T14:21:50.438-0300] {processor.py:829} INFO - Processing file /home/felipe/.local/lib/python3.11/site-packages/airflow/example_dags/example_setup_teardown_taskflow.py for tasks to queue
[2023-12-27T14:21:50.439-0300] {logging_mixin.py:154} INFO - [2023-12-27T14:21:50.438-0300] {dagbag.py:536} INFO - Filling up the DagBag from /home/felipe/.local/lib/python3.11/site-packages/airflow/example_dags/example_setup_teardown_taskflow.py
[2023-12-27T14:21:50.446-0300] {processor.py:839} INFO - DAG(s) dict_keys(['example_setup_teardown_taskflow']) retrieved from /home/felipe/.local/lib/python3.11/site-packages/airflow/example_dags/example_setup_teardown_taskflow.py
[2023-12-27T14:21:50.458-0300] {logging_mixin.py:154} INFO - [2023-12-27T14:21:50.457-0300] {dag.py:2941} INFO - Sync 1 DAGs
[2023-12-27T14:21:50.469-0300] {logging_mixin.py:154} INFO - [2023-12-27T14:21:50.469-0300] {dag.py:3722} INFO - Setting next_dagrun for example_setup_teardown_taskflow to 2023-12-26T17:21:50.468908+00:00, run_after=2023-12-27T17:21:50.468908+00:00
[2023-12-27T14:21:50.480-0300] {processor.py:179} INFO - Processing /home/felipe/.local/lib/python3.11/site-packages/airflow/example_dags/example_setup_teardown_taskflow.py took 0.044 seconds
[2023-12-27T14:22:49.829-0300] {processor.py:157} INFO - Started process (PID=12470) to work on /home/felipe/.local/lib/python3.11/site-packages/airflow/example_dags/example_setup_teardown_taskflow.py
[2023-12-27T14:22:49.829-0300] {processor.py:829} INFO - Processing file /home/felipe/.local/lib/python3.11/site-packages/airflow/example_dags/example_setup_teardown_taskflow.py for tasks to queue
[2023-12-27T14:22:49.830-0300] {logging_mixin.py:154} INFO - [2023-12-27T14:22:49.829-0300] {dagbag.py:536} INFO - Filling up the DagBag from /home/felipe/.local/lib/python3.11/site-packages/airflow/example_dags/example_setup_teardown_taskflow.py
[2023-12-27T14:22:49.837-0300] {processor.py:839} INFO - DAG(s) dict_keys(['example_setup_teardown_taskflow']) retrieved from /home/felipe/.local/lib/python3.11/site-packages/airflow/example_dags/example_setup_teardown_taskflow.py
[2023-12-27T14:22:49.846-0300] {logging_mixin.py:154} INFO - [2023-12-27T14:22:49.845-0300] {dag.py:2941} INFO - Sync 1 DAGs
[2023-12-27T14:22:49.854-0300] {logging_mixin.py:154} INFO - [2023-12-27T14:22:49.854-0300] {dag.py:3722} INFO - Setting next_dagrun for example_setup_teardown_taskflow to 2023-12-26T17:22:49.854734+00:00, run_after=2023-12-27T17:22:49.854734+00:00
[2023-12-27T14:22:49.864-0300] {processor.py:179} INFO - Processing /home/felipe/.local/lib/python3.11/site-packages/airflow/example_dags/example_setup_teardown_taskflow.py took 0.037 seconds
[2023-12-27T14:24:13.695-0300] {processor.py:157} INFO - Started process (PID=12750) to work on /home/felipe/.local/lib/python3.11/site-packages/airflow/example_dags/example_setup_teardown_taskflow.py
[2023-12-27T14:24:13.696-0300] {processor.py:829} INFO - Processing file /home/felipe/.local/lib/python3.11/site-packages/airflow/example_dags/example_setup_teardown_taskflow.py for tasks to queue
[2023-12-27T14:24:13.696-0300] {logging_mixin.py:154} INFO - [2023-12-27T14:24:13.696-0300] {dagbag.py:536} INFO - Filling up the DagBag from /home/felipe/.local/lib/python3.11/site-packages/airflow/example_dags/example_setup_teardown_taskflow.py
[2023-12-27T14:24:13.702-0300] {processor.py:839} INFO - DAG(s) dict_keys(['example_setup_teardown_taskflow']) retrieved from /home/felipe/.local/lib/python3.11/site-packages/airflow/example_dags/example_setup_teardown_taskflow.py
[2023-12-27T14:24:13.711-0300] {logging_mixin.py:154} INFO - [2023-12-27T14:24:13.711-0300] {dag.py:2941} INFO - Sync 1 DAGs
[2023-12-27T14:24:13.721-0300] {logging_mixin.py:154} INFO - [2023-12-27T14:24:13.721-0300] {dag.py:3722} INFO - Setting next_dagrun for example_setup_teardown_taskflow to 2023-12-26T17:24:13.721003+00:00, run_after=2023-12-27T17:24:13.721003+00:00
[2023-12-27T14:24:13.738-0300] {processor.py:179} INFO - Processing /home/felipe/.local/lib/python3.11/site-packages/airflow/example_dags/example_setup_teardown_taskflow.py took 0.045 seconds
[2023-12-27T14:25:25.288-0300] {processor.py:157} INFO - Started process (PID=12848) to work on /home/felipe/.local/lib/python3.11/site-packages/airflow/example_dags/example_setup_teardown_taskflow.py
[2023-12-27T14:25:25.288-0300] {processor.py:829} INFO - Processing file /home/felipe/.local/lib/python3.11/site-packages/airflow/example_dags/example_setup_teardown_taskflow.py for tasks to queue
[2023-12-27T14:25:25.289-0300] {logging_mixin.py:154} INFO - [2023-12-27T14:25:25.288-0300] {dagbag.py:536} INFO - Filling up the DagBag from /home/felipe/.local/lib/python3.11/site-packages/airflow/example_dags/example_setup_teardown_taskflow.py
[2023-12-27T14:25:25.294-0300] {processor.py:839} INFO - DAG(s) dict_keys(['example_setup_teardown_taskflow']) retrieved from /home/felipe/.local/lib/python3.11/site-packages/airflow/example_dags/example_setup_teardown_taskflow.py
[2023-12-27T14:25:25.303-0300] {logging_mixin.py:154} INFO - [2023-12-27T14:25:25.303-0300] {dag.py:2941} INFO - Sync 1 DAGs
[2023-12-27T14:25:25.313-0300] {logging_mixin.py:154} INFO - [2023-12-27T14:25:25.312-0300] {dag.py:3722} INFO - Setting next_dagrun for example_setup_teardown_taskflow to 2023-12-26T17:25:25.312800+00:00, run_after=2023-12-27T17:25:25.312800+00:00
[2023-12-27T14:25:25.329-0300] {processor.py:179} INFO - Processing /home/felipe/.local/lib/python3.11/site-packages/airflow/example_dags/example_setup_teardown_taskflow.py took 0.044 seconds
