[2023-12-27T11:26:51.324-0300] {processor.py:157} INFO - Started process (PID=13395) to work on /home/felipe/.local/lib/python3.11/site-packages/airflow/example_dags/example_subdag_operator.py
[2023-12-27T11:26:51.325-0300] {processor.py:829} INFO - Processing file /home/felipe/.local/lib/python3.11/site-packages/airflow/example_dags/example_subdag_operator.py for tasks to queue
[2023-12-27T11:26:51.325-0300] {logging_mixin.py:154} INFO - [2023-12-27T11:26:51.325-0300] {dagbag.py:536} INFO - Filling up the DagBag from /home/felipe/.local/lib/python3.11/site-packages/airflow/example_dags/example_subdag_operator.py
[2023-12-27T11:26:51.338-0300] {processor.py:839} INFO - DAG(s) dict_keys(['example_subdag_operator.section-1', 'example_subdag_operator.section-2', 'example_subdag_operator']) retrieved from /home/felipe/.local/lib/python3.11/site-packages/airflow/example_dags/example_subdag_operator.py
[2023-12-27T11:26:51.423-0300] {logging_mixin.py:154} INFO - [2023-12-27T11:26:51.423-0300] {manager.py:499} INFO - Created Permission View: %s
[2023-12-27T11:26:51.427-0300] {logging_mixin.py:154} INFO - [2023-12-27T11:26:51.427-0300] {manager.py:499} INFO - Created Permission View: %s
[2023-12-27T11:26:51.430-0300] {logging_mixin.py:154} INFO - [2023-12-27T11:26:51.430-0300] {manager.py:499} INFO - Created Permission View: %s
[2023-12-27T11:26:51.431-0300] {logging_mixin.py:154} INFO - [2023-12-27T11:26:51.431-0300] {dag.py:2941} INFO - Sync 3 DAGs
[2023-12-27T11:26:51.435-0300] {logging_mixin.py:154} INFO - [2023-12-27T11:26:51.435-0300] {dag.py:2963} INFO - Creating ORM DAG for example_subdag_operator.section-1
[2023-12-27T11:26:51.436-0300] {logging_mixin.py:154} INFO - [2023-12-27T11:26:51.435-0300] {dag.py:2963} INFO - Creating ORM DAG for example_subdag_operator
[2023-12-27T11:26:51.436-0300] {logging_mixin.py:154} INFO - [2023-12-27T11:26:51.436-0300] {dag.py:2963} INFO - Creating ORM DAG for example_subdag_operator.section-2
[2023-12-27T11:26:51.439-0300] {logging_mixin.py:154} INFO - [2023-12-27T11:26:51.439-0300] {dag.py:3722} INFO - Setting next_dagrun for example_subdag_operator to 2022-01-01T00:00:00+00:00, run_after=2022-01-01T00:00:00+00:00
[2023-12-27T11:26:51.440-0300] {logging_mixin.py:154} INFO - [2023-12-27T11:26:51.440-0300] {dag.py:3722} INFO - Setting next_dagrun for example_subdag_operator.section-1 to None, run_after=None
[2023-12-27T11:26:51.440-0300] {logging_mixin.py:154} INFO - [2023-12-27T11:26:51.440-0300] {dag.py:3722} INFO - Setting next_dagrun for example_subdag_operator.section-2 to None, run_after=None
[2023-12-27T11:26:51.443-0300] {logging_mixin.py:154} INFO - [2023-12-27T11:26:51.443-0300] {dag.py:2941} INFO - Sync 2 DAGs
[2023-12-27T11:26:51.445-0300] {logging_mixin.py:154} INFO - [2023-12-27T11:26:51.445-0300] {dag.py:3722} INFO - Setting next_dagrun for example_subdag_operator.section-1 to None, run_after=None
[2023-12-27T11:26:51.446-0300] {logging_mixin.py:154} INFO - [2023-12-27T11:26:51.446-0300] {dag.py:3722} INFO - Setting next_dagrun for example_subdag_operator.section-2 to None, run_after=None
[2023-12-27T11:26:51.452-0300] {processor.py:179} INFO - Processing /home/felipe/.local/lib/python3.11/site-packages/airflow/example_dags/example_subdag_operator.py took 0.130 seconds
[2023-12-27T11:27:35.640-0300] {processor.py:157} INFO - Started process (PID=13534) to work on /home/felipe/.local/lib/python3.11/site-packages/airflow/example_dags/example_subdag_operator.py
[2023-12-27T11:27:35.672-0300] {processor.py:829} INFO - Processing file /home/felipe/.local/lib/python3.11/site-packages/airflow/example_dags/example_subdag_operator.py for tasks to queue
[2023-12-27T11:27:35.672-0300] {logging_mixin.py:154} INFO - [2023-12-27T11:27:35.672-0300] {dagbag.py:536} INFO - Filling up the DagBag from /home/felipe/.local/lib/python3.11/site-packages/airflow/example_dags/example_subdag_operator.py
[2023-12-27T11:27:35.685-0300] {processor.py:839} INFO - DAG(s) dict_keys(['example_subdag_operator.section-1', 'example_subdag_operator.section-2', 'example_subdag_operator']) retrieved from /home/felipe/.local/lib/python3.11/site-packages/airflow/example_dags/example_subdag_operator.py
[2023-12-27T11:27:35.693-0300] {logging_mixin.py:154} INFO - [2023-12-27T11:27:35.693-0300] {dag.py:2941} INFO - Sync 3 DAGs
[2023-12-27T11:27:35.702-0300] {logging_mixin.py:154} INFO - [2023-12-27T11:27:35.702-0300] {dag.py:3722} INFO - Setting next_dagrun for example_subdag_operator to 2022-01-01T00:00:00+00:00, run_after=2022-01-01T00:00:00+00:00
[2023-12-27T11:27:35.703-0300] {logging_mixin.py:154} INFO - [2023-12-27T11:27:35.703-0300] {dag.py:3722} INFO - Setting next_dagrun for example_subdag_operator.section-1 to None, run_after=None
[2023-12-27T11:27:35.704-0300] {logging_mixin.py:154} INFO - [2023-12-27T11:27:35.704-0300] {dag.py:3722} INFO - Setting next_dagrun for example_subdag_operator.section-2 to None, run_after=None
[2023-12-27T11:27:35.706-0300] {logging_mixin.py:154} INFO - [2023-12-27T11:27:35.706-0300] {dag.py:2941} INFO - Sync 2 DAGs
[2023-12-27T11:27:35.708-0300] {logging_mixin.py:154} INFO - [2023-12-27T11:27:35.708-0300] {dag.py:3722} INFO - Setting next_dagrun for example_subdag_operator.section-1 to None, run_after=None
[2023-12-27T11:27:35.708-0300] {logging_mixin.py:154} INFO - [2023-12-27T11:27:35.708-0300] {dag.py:3722} INFO - Setting next_dagrun for example_subdag_operator.section-2 to None, run_after=None
[2023-12-27T11:27:35.721-0300] {processor.py:179} INFO - Processing /home/felipe/.local/lib/python3.11/site-packages/airflow/example_dags/example_subdag_operator.py took 0.083 seconds
[2023-12-27T11:28:20.860-0300] {processor.py:157} INFO - Started process (PID=13604) to work on /home/felipe/.local/lib/python3.11/site-packages/airflow/example_dags/example_subdag_operator.py
[2023-12-27T11:28:20.892-0300] {processor.py:829} INFO - Processing file /home/felipe/.local/lib/python3.11/site-packages/airflow/example_dags/example_subdag_operator.py for tasks to queue
[2023-12-27T11:28:20.892-0300] {logging_mixin.py:154} INFO - [2023-12-27T11:28:20.892-0300] {dagbag.py:536} INFO - Filling up the DagBag from /home/felipe/.local/lib/python3.11/site-packages/airflow/example_dags/example_subdag_operator.py
[2023-12-27T11:28:20.904-0300] {processor.py:839} INFO - DAG(s) dict_keys(['example_subdag_operator.section-1', 'example_subdag_operator.section-2', 'example_subdag_operator']) retrieved from /home/felipe/.local/lib/python3.11/site-packages/airflow/example_dags/example_subdag_operator.py
[2023-12-27T11:28:20.912-0300] {logging_mixin.py:154} INFO - [2023-12-27T11:28:20.912-0300] {dag.py:2941} INFO - Sync 3 DAGs
[2023-12-27T11:28:20.921-0300] {logging_mixin.py:154} INFO - [2023-12-27T11:28:20.921-0300] {dag.py:3722} INFO - Setting next_dagrun for example_subdag_operator to 2022-01-01T00:00:00+00:00, run_after=2022-01-01T00:00:00+00:00
[2023-12-27T11:28:20.922-0300] {logging_mixin.py:154} INFO - [2023-12-27T11:28:20.922-0300] {dag.py:3722} INFO - Setting next_dagrun for example_subdag_operator.section-1 to None, run_after=None
[2023-12-27T11:28:20.923-0300] {logging_mixin.py:154} INFO - [2023-12-27T11:28:20.923-0300] {dag.py:3722} INFO - Setting next_dagrun for example_subdag_operator.section-2 to None, run_after=None
[2023-12-27T11:28:20.926-0300] {logging_mixin.py:154} INFO - [2023-12-27T11:28:20.926-0300] {dag.py:2941} INFO - Sync 2 DAGs
[2023-12-27T11:28:20.927-0300] {logging_mixin.py:154} INFO - [2023-12-27T11:28:20.927-0300] {dag.py:3722} INFO - Setting next_dagrun for example_subdag_operator.section-1 to None, run_after=None
[2023-12-27T11:28:20.928-0300] {logging_mixin.py:154} INFO - [2023-12-27T11:28:20.927-0300] {dag.py:3722} INFO - Setting next_dagrun for example_subdag_operator.section-2 to None, run_after=None
[2023-12-27T11:28:20.941-0300] {processor.py:179} INFO - Processing /home/felipe/.local/lib/python3.11/site-packages/airflow/example_dags/example_subdag_operator.py took 0.082 seconds
[2023-12-27T11:29:06.775-0300] {processor.py:157} INFO - Started process (PID=13664) to work on /home/felipe/.local/lib/python3.11/site-packages/airflow/example_dags/example_subdag_operator.py
[2023-12-27T11:29:06.807-0300] {processor.py:829} INFO - Processing file /home/felipe/.local/lib/python3.11/site-packages/airflow/example_dags/example_subdag_operator.py for tasks to queue
[2023-12-27T11:29:06.808-0300] {logging_mixin.py:154} INFO - [2023-12-27T11:29:06.807-0300] {dagbag.py:536} INFO - Filling up the DagBag from /home/felipe/.local/lib/python3.11/site-packages/airflow/example_dags/example_subdag_operator.py
[2023-12-27T11:29:06.820-0300] {processor.py:839} INFO - DAG(s) dict_keys(['example_subdag_operator.section-1', 'example_subdag_operator.section-2', 'example_subdag_operator']) retrieved from /home/felipe/.local/lib/python3.11/site-packages/airflow/example_dags/example_subdag_operator.py
[2023-12-27T11:29:06.828-0300] {logging_mixin.py:154} INFO - [2023-12-27T11:29:06.828-0300] {dag.py:2941} INFO - Sync 3 DAGs
[2023-12-27T11:29:06.837-0300] {logging_mixin.py:154} INFO - [2023-12-27T11:29:06.837-0300] {dag.py:3722} INFO - Setting next_dagrun for example_subdag_operator to 2022-01-01T00:00:00+00:00, run_after=2022-01-01T00:00:00+00:00
[2023-12-27T11:29:06.838-0300] {logging_mixin.py:154} INFO - [2023-12-27T11:29:06.838-0300] {dag.py:3722} INFO - Setting next_dagrun for example_subdag_operator.section-1 to None, run_after=None
[2023-12-27T11:29:06.838-0300] {logging_mixin.py:154} INFO - [2023-12-27T11:29:06.838-0300] {dag.py:3722} INFO - Setting next_dagrun for example_subdag_operator.section-2 to None, run_after=None
[2023-12-27T11:29:06.841-0300] {logging_mixin.py:154} INFO - [2023-12-27T11:29:06.841-0300] {dag.py:2941} INFO - Sync 2 DAGs
[2023-12-27T11:29:06.843-0300] {logging_mixin.py:154} INFO - [2023-12-27T11:29:06.843-0300] {dag.py:3722} INFO - Setting next_dagrun for example_subdag_operator.section-1 to None, run_after=None
[2023-12-27T11:29:06.843-0300] {logging_mixin.py:154} INFO - [2023-12-27T11:29:06.843-0300] {dag.py:3722} INFO - Setting next_dagrun for example_subdag_operator.section-2 to None, run_after=None
[2023-12-27T11:29:06.856-0300] {processor.py:179} INFO - Processing /home/felipe/.local/lib/python3.11/site-packages/airflow/example_dags/example_subdag_operator.py took 0.083 seconds
[2023-12-27T11:29:54.101-0300] {processor.py:157} INFO - Started process (PID=13736) to work on /home/felipe/.local/lib/python3.11/site-packages/airflow/example_dags/example_subdag_operator.py
[2023-12-27T11:29:54.132-0300] {processor.py:829} INFO - Processing file /home/felipe/.local/lib/python3.11/site-packages/airflow/example_dags/example_subdag_operator.py for tasks to queue
[2023-12-27T11:29:54.133-0300] {logging_mixin.py:154} INFO - [2023-12-27T11:29:54.133-0300] {dagbag.py:536} INFO - Filling up the DagBag from /home/felipe/.local/lib/python3.11/site-packages/airflow/example_dags/example_subdag_operator.py
[2023-12-27T11:29:54.146-0300] {processor.py:839} INFO - DAG(s) dict_keys(['example_subdag_operator.section-1', 'example_subdag_operator.section-2', 'example_subdag_operator']) retrieved from /home/felipe/.local/lib/python3.11/site-packages/airflow/example_dags/example_subdag_operator.py
[2023-12-27T11:29:54.153-0300] {logging_mixin.py:154} INFO - [2023-12-27T11:29:54.153-0300] {dag.py:2941} INFO - Sync 3 DAGs
[2023-12-27T11:29:54.163-0300] {logging_mixin.py:154} INFO - [2023-12-27T11:29:54.163-0300] {dag.py:3722} INFO - Setting next_dagrun for example_subdag_operator to 2022-01-01T00:00:00+00:00, run_after=2022-01-01T00:00:00+00:00
[2023-12-27T11:29:54.164-0300] {logging_mixin.py:154} INFO - [2023-12-27T11:29:54.164-0300] {dag.py:3722} INFO - Setting next_dagrun for example_subdag_operator.section-1 to None, run_after=None
[2023-12-27T11:29:54.164-0300] {logging_mixin.py:154} INFO - [2023-12-27T11:29:54.164-0300] {dag.py:3722} INFO - Setting next_dagrun for example_subdag_operator.section-2 to None, run_after=None
[2023-12-27T11:29:54.167-0300] {logging_mixin.py:154} INFO - [2023-12-27T11:29:54.167-0300] {dag.py:2941} INFO - Sync 2 DAGs
[2023-12-27T11:29:54.169-0300] {logging_mixin.py:154} INFO - [2023-12-27T11:29:54.169-0300] {dag.py:3722} INFO - Setting next_dagrun for example_subdag_operator.section-1 to None, run_after=None
[2023-12-27T11:29:54.169-0300] {logging_mixin.py:154} INFO - [2023-12-27T11:29:54.169-0300] {dag.py:3722} INFO - Setting next_dagrun for example_subdag_operator.section-2 to None, run_after=None
[2023-12-27T11:29:54.182-0300] {processor.py:179} INFO - Processing /home/felipe/.local/lib/python3.11/site-packages/airflow/example_dags/example_subdag_operator.py took 0.084 seconds
[2023-12-27T11:30:40.611-0300] {processor.py:157} INFO - Started process (PID=13800) to work on /home/felipe/.local/lib/python3.11/site-packages/airflow/example_dags/example_subdag_operator.py
[2023-12-27T11:30:40.611-0300] {processor.py:829} INFO - Processing file /home/felipe/.local/lib/python3.11/site-packages/airflow/example_dags/example_subdag_operator.py for tasks to queue
[2023-12-27T11:30:40.612-0300] {logging_mixin.py:154} INFO - [2023-12-27T11:30:40.612-0300] {dagbag.py:536} INFO - Filling up the DagBag from /home/felipe/.local/lib/python3.11/site-packages/airflow/example_dags/example_subdag_operator.py
[2023-12-27T11:30:40.624-0300] {processor.py:839} INFO - DAG(s) dict_keys(['example_subdag_operator.section-1', 'example_subdag_operator.section-2', 'example_subdag_operator']) retrieved from /home/felipe/.local/lib/python3.11/site-packages/airflow/example_dags/example_subdag_operator.py
[2023-12-27T11:30:40.631-0300] {logging_mixin.py:154} INFO - [2023-12-27T11:30:40.631-0300] {dag.py:2941} INFO - Sync 3 DAGs
[2023-12-27T11:30:40.640-0300] {logging_mixin.py:154} INFO - [2023-12-27T11:30:40.640-0300] {dag.py:3722} INFO - Setting next_dagrun for example_subdag_operator to 2022-01-01T00:00:00+00:00, run_after=2022-01-01T00:00:00+00:00
[2023-12-27T11:30:40.642-0300] {logging_mixin.py:154} INFO - [2023-12-27T11:30:40.642-0300] {dag.py:3722} INFO - Setting next_dagrun for example_subdag_operator.section-1 to None, run_after=None
[2023-12-27T11:30:40.642-0300] {logging_mixin.py:154} INFO - [2023-12-27T11:30:40.642-0300] {dag.py:3722} INFO - Setting next_dagrun for example_subdag_operator.section-2 to None, run_after=None
[2023-12-27T11:30:40.645-0300] {logging_mixin.py:154} INFO - [2023-12-27T11:30:40.645-0300] {dag.py:2941} INFO - Sync 2 DAGs
[2023-12-27T11:30:40.646-0300] {logging_mixin.py:154} INFO - [2023-12-27T11:30:40.646-0300] {dag.py:3722} INFO - Setting next_dagrun for example_subdag_operator.section-1 to None, run_after=None
[2023-12-27T11:30:40.647-0300] {logging_mixin.py:154} INFO - [2023-12-27T11:30:40.647-0300] {dag.py:3722} INFO - Setting next_dagrun for example_subdag_operator.section-2 to None, run_after=None
[2023-12-27T11:30:40.653-0300] {processor.py:179} INFO - Processing /home/felipe/.local/lib/python3.11/site-packages/airflow/example_dags/example_subdag_operator.py took 0.044 seconds
[2023-12-27T11:31:23.809-0300] {processor.py:157} INFO - Started process (PID=13860) to work on /home/felipe/.local/lib/python3.11/site-packages/airflow/example_dags/example_subdag_operator.py
[2023-12-27T11:31:23.841-0300] {processor.py:829} INFO - Processing file /home/felipe/.local/lib/python3.11/site-packages/airflow/example_dags/example_subdag_operator.py for tasks to queue
[2023-12-27T11:31:23.841-0300] {logging_mixin.py:154} INFO - [2023-12-27T11:31:23.841-0300] {dagbag.py:536} INFO - Filling up the DagBag from /home/felipe/.local/lib/python3.11/site-packages/airflow/example_dags/example_subdag_operator.py
[2023-12-27T11:31:23.855-0300] {processor.py:839} INFO - DAG(s) dict_keys(['example_subdag_operator.section-1', 'example_subdag_operator.section-2', 'example_subdag_operator']) retrieved from /home/felipe/.local/lib/python3.11/site-packages/airflow/example_dags/example_subdag_operator.py
[2023-12-27T11:31:23.863-0300] {logging_mixin.py:154} INFO - [2023-12-27T11:31:23.863-0300] {dag.py:2941} INFO - Sync 3 DAGs
[2023-12-27T11:31:23.872-0300] {logging_mixin.py:154} INFO - [2023-12-27T11:31:23.872-0300] {dag.py:3722} INFO - Setting next_dagrun for example_subdag_operator to 2022-01-01T00:00:00+00:00, run_after=2022-01-01T00:00:00+00:00
[2023-12-27T11:31:23.874-0300] {logging_mixin.py:154} INFO - [2023-12-27T11:31:23.874-0300] {dag.py:3722} INFO - Setting next_dagrun for example_subdag_operator.section-1 to None, run_after=None
[2023-12-27T11:31:23.874-0300] {logging_mixin.py:154} INFO - [2023-12-27T11:31:23.874-0300] {dag.py:3722} INFO - Setting next_dagrun for example_subdag_operator.section-2 to None, run_after=None
[2023-12-27T11:31:23.877-0300] {logging_mixin.py:154} INFO - [2023-12-27T11:31:23.877-0300] {dag.py:2941} INFO - Sync 2 DAGs
[2023-12-27T11:31:23.878-0300] {logging_mixin.py:154} INFO - [2023-12-27T11:31:23.878-0300] {dag.py:3722} INFO - Setting next_dagrun for example_subdag_operator.section-1 to None, run_after=None
[2023-12-27T11:31:23.879-0300] {logging_mixin.py:154} INFO - [2023-12-27T11:31:23.879-0300] {dag.py:3722} INFO - Setting next_dagrun for example_subdag_operator.section-2 to None, run_after=None
[2023-12-27T11:31:23.892-0300] {processor.py:179} INFO - Processing /home/felipe/.local/lib/python3.11/site-packages/airflow/example_dags/example_subdag_operator.py took 0.086 seconds
[2023-12-27T14:18:53.867-0300] {processor.py:157} INFO - Started process (PID=10730) to work on /home/felipe/.local/lib/python3.11/site-packages/airflow/example_dags/example_subdag_operator.py
[2023-12-27T14:18:53.868-0300] {processor.py:829} INFO - Processing file /home/felipe/.local/lib/python3.11/site-packages/airflow/example_dags/example_subdag_operator.py for tasks to queue
[2023-12-27T14:18:53.868-0300] {logging_mixin.py:154} INFO - [2023-12-27T14:18:53.868-0300] {dagbag.py:536} INFO - Filling up the DagBag from /home/felipe/.local/lib/python3.11/site-packages/airflow/example_dags/example_subdag_operator.py
[2023-12-27T14:18:53.880-0300] {processor.py:839} INFO - DAG(s) dict_keys(['example_subdag_operator.section-1', 'example_subdag_operator.section-2', 'example_subdag_operator']) retrieved from /home/felipe/.local/lib/python3.11/site-packages/airflow/example_dags/example_subdag_operator.py
[2023-12-27T14:18:53.891-0300] {logging_mixin.py:154} INFO - [2023-12-27T14:18:53.891-0300] {dag.py:2941} INFO - Sync 3 DAGs
[2023-12-27T14:18:53.900-0300] {logging_mixin.py:154} INFO - [2023-12-27T14:18:53.900-0300] {dag.py:3722} INFO - Setting next_dagrun for example_subdag_operator to 2022-01-01T00:00:00+00:00, run_after=2022-01-01T00:00:00+00:00
[2023-12-27T14:18:53.901-0300] {logging_mixin.py:154} INFO - [2023-12-27T14:18:53.901-0300] {dag.py:3722} INFO - Setting next_dagrun for example_subdag_operator.section-1 to None, run_after=None
[2023-12-27T14:18:53.902-0300] {logging_mixin.py:154} INFO - [2023-12-27T14:18:53.902-0300] {dag.py:3722} INFO - Setting next_dagrun for example_subdag_operator.section-2 to None, run_after=None
[2023-12-27T14:18:53.904-0300] {logging_mixin.py:154} INFO - [2023-12-27T14:18:53.904-0300] {dag.py:2941} INFO - Sync 2 DAGs
[2023-12-27T14:18:53.906-0300] {logging_mixin.py:154} INFO - [2023-12-27T14:18:53.906-0300] {dag.py:3722} INFO - Setting next_dagrun for example_subdag_operator.section-1 to None, run_after=None
[2023-12-27T14:18:53.906-0300] {logging_mixin.py:154} INFO - [2023-12-27T14:18:53.906-0300] {dag.py:3722} INFO - Setting next_dagrun for example_subdag_operator.section-2 to None, run_after=None
[2023-12-27T14:18:53.912-0300] {processor.py:179} INFO - Processing /home/felipe/.local/lib/python3.11/site-packages/airflow/example_dags/example_subdag_operator.py took 0.047 seconds
[2023-12-27T14:19:44.572-0300] {processor.py:157} INFO - Started process (PID=10892) to work on /home/felipe/.local/lib/python3.11/site-packages/airflow/example_dags/example_subdag_operator.py
[2023-12-27T14:19:44.572-0300] {processor.py:829} INFO - Processing file /home/felipe/.local/lib/python3.11/site-packages/airflow/example_dags/example_subdag_operator.py for tasks to queue
[2023-12-27T14:19:44.573-0300] {logging_mixin.py:154} INFO - [2023-12-27T14:19:44.573-0300] {dagbag.py:536} INFO - Filling up the DagBag from /home/felipe/.local/lib/python3.11/site-packages/airflow/example_dags/example_subdag_operator.py
[2023-12-27T14:19:44.585-0300] {processor.py:839} INFO - DAG(s) dict_keys(['example_subdag_operator.section-1', 'example_subdag_operator.section-2', 'example_subdag_operator']) retrieved from /home/felipe/.local/lib/python3.11/site-packages/airflow/example_dags/example_subdag_operator.py
[2023-12-27T14:19:44.593-0300] {logging_mixin.py:154} INFO - [2023-12-27T14:19:44.593-0300] {dag.py:2941} INFO - Sync 3 DAGs
[2023-12-27T14:19:44.602-0300] {logging_mixin.py:154} INFO - [2023-12-27T14:19:44.602-0300] {dag.py:3722} INFO - Setting next_dagrun for example_subdag_operator to 2022-01-01T00:00:00+00:00, run_after=2022-01-01T00:00:00+00:00
[2023-12-27T14:19:44.603-0300] {logging_mixin.py:154} INFO - [2023-12-27T14:19:44.603-0300] {dag.py:3722} INFO - Setting next_dagrun for example_subdag_operator.section-1 to None, run_after=None
[2023-12-27T14:19:44.603-0300] {logging_mixin.py:154} INFO - [2023-12-27T14:19:44.603-0300] {dag.py:3722} INFO - Setting next_dagrun for example_subdag_operator.section-2 to None, run_after=None
[2023-12-27T14:19:44.606-0300] {logging_mixin.py:154} INFO - [2023-12-27T14:19:44.606-0300] {dag.py:2941} INFO - Sync 2 DAGs
[2023-12-27T14:19:44.608-0300] {logging_mixin.py:154} INFO - [2023-12-27T14:19:44.608-0300] {dag.py:3722} INFO - Setting next_dagrun for example_subdag_operator.section-1 to None, run_after=None
[2023-12-27T14:19:44.608-0300] {logging_mixin.py:154} INFO - [2023-12-27T14:19:44.608-0300] {dag.py:3722} INFO - Setting next_dagrun for example_subdag_operator.section-2 to None, run_after=None
[2023-12-27T14:19:44.614-0300] {processor.py:179} INFO - Processing /home/felipe/.local/lib/python3.11/site-packages/airflow/example_dags/example_subdag_operator.py took 0.044 seconds
[2023-12-27T14:20:33.355-0300] {processor.py:157} INFO - Started process (PID=11078) to work on /home/felipe/.local/lib/python3.11/site-packages/airflow/example_dags/example_subdag_operator.py
[2023-12-27T14:20:33.355-0300] {processor.py:829} INFO - Processing file /home/felipe/.local/lib/python3.11/site-packages/airflow/example_dags/example_subdag_operator.py for tasks to queue
[2023-12-27T14:20:33.356-0300] {logging_mixin.py:154} INFO - [2023-12-27T14:20:33.355-0300] {dagbag.py:536} INFO - Filling up the DagBag from /home/felipe/.local/lib/python3.11/site-packages/airflow/example_dags/example_subdag_operator.py
[2023-12-27T14:20:33.368-0300] {processor.py:839} INFO - DAG(s) dict_keys(['example_subdag_operator.section-1', 'example_subdag_operator.section-2', 'example_subdag_operator']) retrieved from /home/felipe/.local/lib/python3.11/site-packages/airflow/example_dags/example_subdag_operator.py
[2023-12-27T14:20:33.375-0300] {logging_mixin.py:154} INFO - [2023-12-27T14:20:33.375-0300] {dag.py:2941} INFO - Sync 3 DAGs
[2023-12-27T14:20:33.384-0300] {logging_mixin.py:154} INFO - [2023-12-27T14:20:33.384-0300] {dag.py:3722} INFO - Setting next_dagrun for example_subdag_operator to 2022-01-01T00:00:00+00:00, run_after=2022-01-01T00:00:00+00:00
[2023-12-27T14:20:33.385-0300] {logging_mixin.py:154} INFO - [2023-12-27T14:20:33.385-0300] {dag.py:3722} INFO - Setting next_dagrun for example_subdag_operator.section-1 to None, run_after=None
[2023-12-27T14:20:33.386-0300] {logging_mixin.py:154} INFO - [2023-12-27T14:20:33.386-0300] {dag.py:3722} INFO - Setting next_dagrun for example_subdag_operator.section-2 to None, run_after=None
[2023-12-27T14:20:33.388-0300] {logging_mixin.py:154} INFO - [2023-12-27T14:20:33.388-0300] {dag.py:2941} INFO - Sync 2 DAGs
[2023-12-27T14:20:33.390-0300] {logging_mixin.py:154} INFO - [2023-12-27T14:20:33.390-0300] {dag.py:3722} INFO - Setting next_dagrun for example_subdag_operator.section-1 to None, run_after=None
[2023-12-27T14:20:33.390-0300] {logging_mixin.py:154} INFO - [2023-12-27T14:20:33.390-0300] {dag.py:3722} INFO - Setting next_dagrun for example_subdag_operator.section-2 to None, run_after=None
[2023-12-27T14:20:33.396-0300] {processor.py:179} INFO - Processing /home/felipe/.local/lib/python3.11/site-packages/airflow/example_dags/example_subdag_operator.py took 0.043 seconds
[2023-12-27T14:21:31.089-0300] {processor.py:157} INFO - Started process (PID=11398) to work on /home/felipe/.local/lib/python3.11/site-packages/airflow/example_dags/example_subdag_operator.py
[2023-12-27T14:21:31.090-0300] {processor.py:829} INFO - Processing file /home/felipe/.local/lib/python3.11/site-packages/airflow/example_dags/example_subdag_operator.py for tasks to queue
[2023-12-27T14:21:31.090-0300] {logging_mixin.py:154} INFO - [2023-12-27T14:21:31.090-0300] {dagbag.py:536} INFO - Filling up the DagBag from /home/felipe/.local/lib/python3.11/site-packages/airflow/example_dags/example_subdag_operator.py
[2023-12-27T14:21:31.104-0300] {processor.py:839} INFO - DAG(s) dict_keys(['example_subdag_operator.section-1', 'example_subdag_operator.section-2', 'example_subdag_operator']) retrieved from /home/felipe/.local/lib/python3.11/site-packages/airflow/example_dags/example_subdag_operator.py
[2023-12-27T14:21:31.111-0300] {logging_mixin.py:154} INFO - [2023-12-27T14:21:31.111-0300] {dag.py:2941} INFO - Sync 3 DAGs
[2023-12-27T14:21:31.120-0300] {logging_mixin.py:154} INFO - [2023-12-27T14:21:31.120-0300] {dag.py:3722} INFO - Setting next_dagrun for example_subdag_operator to 2022-01-01T00:00:00+00:00, run_after=2022-01-01T00:00:00+00:00
[2023-12-27T14:21:31.121-0300] {logging_mixin.py:154} INFO - [2023-12-27T14:21:31.121-0300] {dag.py:3722} INFO - Setting next_dagrun for example_subdag_operator.section-1 to None, run_after=None
[2023-12-27T14:21:31.122-0300] {logging_mixin.py:154} INFO - [2023-12-27T14:21:31.122-0300] {dag.py:3722} INFO - Setting next_dagrun for example_subdag_operator.section-2 to None, run_after=None
[2023-12-27T14:21:31.124-0300] {logging_mixin.py:154} INFO - [2023-12-27T14:21:31.124-0300] {dag.py:2941} INFO - Sync 2 DAGs
[2023-12-27T14:21:31.126-0300] {logging_mixin.py:154} INFO - [2023-12-27T14:21:31.126-0300] {dag.py:3722} INFO - Setting next_dagrun for example_subdag_operator.section-1 to None, run_after=None
[2023-12-27T14:21:31.126-0300] {logging_mixin.py:154} INFO - [2023-12-27T14:21:31.126-0300] {dag.py:3722} INFO - Setting next_dagrun for example_subdag_operator.section-2 to None, run_after=None
[2023-12-27T14:21:31.139-0300] {processor.py:179} INFO - Processing /home/felipe/.local/lib/python3.11/site-packages/airflow/example_dags/example_subdag_operator.py took 0.052 seconds
[2023-12-27T14:22:23.907-0300] {processor.py:157} INFO - Started process (PID=12060) to work on /home/felipe/.local/lib/python3.11/site-packages/airflow/example_dags/example_subdag_operator.py
[2023-12-27T14:22:23.908-0300] {processor.py:829} INFO - Processing file /home/felipe/.local/lib/python3.11/site-packages/airflow/example_dags/example_subdag_operator.py for tasks to queue
[2023-12-27T14:22:23.908-0300] {logging_mixin.py:154} INFO - [2023-12-27T14:22:23.908-0300] {dagbag.py:536} INFO - Filling up the DagBag from /home/felipe/.local/lib/python3.11/site-packages/airflow/example_dags/example_subdag_operator.py
[2023-12-27T14:22:23.923-0300] {processor.py:839} INFO - DAG(s) dict_keys(['example_subdag_operator.section-1', 'example_subdag_operator.section-2', 'example_subdag_operator']) retrieved from /home/felipe/.local/lib/python3.11/site-packages/airflow/example_dags/example_subdag_operator.py
[2023-12-27T14:22:23.930-0300] {logging_mixin.py:154} INFO - [2023-12-27T14:22:23.930-0300] {dag.py:2941} INFO - Sync 3 DAGs
[2023-12-27T14:22:23.941-0300] {logging_mixin.py:154} INFO - [2023-12-27T14:22:23.940-0300] {dag.py:3722} INFO - Setting next_dagrun for example_subdag_operator to 2022-01-01T00:00:00+00:00, run_after=2022-01-01T00:00:00+00:00
[2023-12-27T14:22:23.942-0300] {logging_mixin.py:154} INFO - [2023-12-27T14:22:23.942-0300] {dag.py:3722} INFO - Setting next_dagrun for example_subdag_operator.section-1 to None, run_after=None
[2023-12-27T14:22:23.942-0300] {logging_mixin.py:154} INFO - [2023-12-27T14:22:23.942-0300] {dag.py:3722} INFO - Setting next_dagrun for example_subdag_operator.section-2 to None, run_after=None
[2023-12-27T14:22:23.945-0300] {logging_mixin.py:154} INFO - [2023-12-27T14:22:23.945-0300] {dag.py:2941} INFO - Sync 2 DAGs
[2023-12-27T14:22:23.947-0300] {logging_mixin.py:154} INFO - [2023-12-27T14:22:23.947-0300] {dag.py:3722} INFO - Setting next_dagrun for example_subdag_operator.section-1 to None, run_after=None
[2023-12-27T14:22:23.947-0300] {logging_mixin.py:154} INFO - [2023-12-27T14:22:23.947-0300] {dag.py:3722} INFO - Setting next_dagrun for example_subdag_operator.section-2 to None, run_after=None
[2023-12-27T14:22:23.953-0300] {processor.py:179} INFO - Processing /home/felipe/.local/lib/python3.11/site-packages/airflow/example_dags/example_subdag_operator.py took 0.048 seconds
[2023-12-27T14:23:37.728-0300] {processor.py:157} INFO - Started process (PID=12694) to work on /home/felipe/.local/lib/python3.11/site-packages/airflow/example_dags/example_subdag_operator.py
[2023-12-27T14:23:37.760-0300] {processor.py:829} INFO - Processing file /home/felipe/.local/lib/python3.11/site-packages/airflow/example_dags/example_subdag_operator.py for tasks to queue
[2023-12-27T14:23:37.761-0300] {logging_mixin.py:154} INFO - [2023-12-27T14:23:37.760-0300] {dagbag.py:536} INFO - Filling up the DagBag from /home/felipe/.local/lib/python3.11/site-packages/airflow/example_dags/example_subdag_operator.py
[2023-12-27T14:23:37.774-0300] {processor.py:839} INFO - DAG(s) dict_keys(['example_subdag_operator.section-1', 'example_subdag_operator.section-2', 'example_subdag_operator']) retrieved from /home/felipe/.local/lib/python3.11/site-packages/airflow/example_dags/example_subdag_operator.py
[2023-12-27T14:23:37.782-0300] {logging_mixin.py:154} INFO - [2023-12-27T14:23:37.782-0300] {dag.py:2941} INFO - Sync 3 DAGs
[2023-12-27T14:23:37.791-0300] {logging_mixin.py:154} INFO - [2023-12-27T14:23:37.791-0300] {dag.py:3722} INFO - Setting next_dagrun for example_subdag_operator to 2022-01-01T00:00:00+00:00, run_after=2022-01-01T00:00:00+00:00
[2023-12-27T14:23:37.792-0300] {logging_mixin.py:154} INFO - [2023-12-27T14:23:37.792-0300] {dag.py:3722} INFO - Setting next_dagrun for example_subdag_operator.section-1 to None, run_after=None
[2023-12-27T14:23:37.792-0300] {logging_mixin.py:154} INFO - [2023-12-27T14:23:37.792-0300] {dag.py:3722} INFO - Setting next_dagrun for example_subdag_operator.section-2 to None, run_after=None
[2023-12-27T14:23:37.795-0300] {logging_mixin.py:154} INFO - [2023-12-27T14:23:37.795-0300] {dag.py:2941} INFO - Sync 2 DAGs
[2023-12-27T14:23:37.797-0300] {logging_mixin.py:154} INFO - [2023-12-27T14:23:37.797-0300] {dag.py:3722} INFO - Setting next_dagrun for example_subdag_operator.section-1 to None, run_after=None
[2023-12-27T14:23:37.797-0300] {logging_mixin.py:154} INFO - [2023-12-27T14:23:37.797-0300] {dag.py:3722} INFO - Setting next_dagrun for example_subdag_operator.section-2 to None, run_after=None
[2023-12-27T14:23:37.811-0300] {processor.py:179} INFO - Processing /home/felipe/.local/lib/python3.11/site-packages/airflow/example_dags/example_subdag_operator.py took 0.086 seconds
[2023-12-27T14:25:08.513-0300] {processor.py:157} INFO - Started process (PID=12816) to work on /home/felipe/.local/lib/python3.11/site-packages/airflow/example_dags/example_subdag_operator.py
[2023-12-27T14:25:08.513-0300] {processor.py:829} INFO - Processing file /home/felipe/.local/lib/python3.11/site-packages/airflow/example_dags/example_subdag_operator.py for tasks to queue
[2023-12-27T14:25:08.514-0300] {logging_mixin.py:154} INFO - [2023-12-27T14:25:08.513-0300] {dagbag.py:536} INFO - Filling up the DagBag from /home/felipe/.local/lib/python3.11/site-packages/airflow/example_dags/example_subdag_operator.py
[2023-12-27T14:25:08.527-0300] {processor.py:839} INFO - DAG(s) dict_keys(['example_subdag_operator.section-1', 'example_subdag_operator.section-2', 'example_subdag_operator']) retrieved from /home/felipe/.local/lib/python3.11/site-packages/airflow/example_dags/example_subdag_operator.py
[2023-12-27T14:25:08.535-0300] {logging_mixin.py:154} INFO - [2023-12-27T14:25:08.535-0300] {dag.py:2941} INFO - Sync 3 DAGs
[2023-12-27T14:25:08.543-0300] {logging_mixin.py:154} INFO - [2023-12-27T14:25:08.543-0300] {dag.py:3722} INFO - Setting next_dagrun for example_subdag_operator to 2022-01-01T00:00:00+00:00, run_after=2022-01-01T00:00:00+00:00
[2023-12-27T14:25:08.545-0300] {logging_mixin.py:154} INFO - [2023-12-27T14:25:08.545-0300] {dag.py:3722} INFO - Setting next_dagrun for example_subdag_operator.section-1 to None, run_after=None
[2023-12-27T14:25:08.545-0300] {logging_mixin.py:154} INFO - [2023-12-27T14:25:08.545-0300] {dag.py:3722} INFO - Setting next_dagrun for example_subdag_operator.section-2 to None, run_after=None
[2023-12-27T14:25:08.548-0300] {logging_mixin.py:154} INFO - [2023-12-27T14:25:08.548-0300] {dag.py:2941} INFO - Sync 2 DAGs
[2023-12-27T14:25:08.550-0300] {logging_mixin.py:154} INFO - [2023-12-27T14:25:08.550-0300] {dag.py:3722} INFO - Setting next_dagrun for example_subdag_operator.section-1 to None, run_after=None
[2023-12-27T14:25:08.550-0300] {logging_mixin.py:154} INFO - [2023-12-27T14:25:08.550-0300] {dag.py:3722} INFO - Setting next_dagrun for example_subdag_operator.section-2 to None, run_after=None
[2023-12-27T14:25:08.563-0300] {processor.py:179} INFO - Processing /home/felipe/.local/lib/python3.11/site-packages/airflow/example_dags/example_subdag_operator.py took 0.052 seconds
