[2023-12-27T11:26:42.378-0300] {processor.py:157} INFO - Started process (PID=13386) to work on /home/felipe/.local/lib/python3.11/site-packages/airflow/example_dags/example_sla_dag.py
[2023-12-27T11:26:42.379-0300] {processor.py:829} INFO - Processing file /home/felipe/.local/lib/python3.11/site-packages/airflow/example_dags/example_sla_dag.py for tasks to queue
[2023-12-27T11:26:42.379-0300] {logging_mixin.py:154} INFO - [2023-12-27T11:26:42.379-0300] {dagbag.py:536} INFO - Filling up the DagBag from /home/felipe/.local/lib/python3.11/site-packages/airflow/example_dags/example_sla_dag.py
[2023-12-27T11:26:42.386-0300] {processor.py:839} INFO - DAG(s) dict_keys(['example_sla_dag']) retrieved from /home/felipe/.local/lib/python3.11/site-packages/airflow/example_dags/example_sla_dag.py
[2023-12-27T11:26:42.472-0300] {logging_mixin.py:154} INFO - [2023-12-27T11:26:42.472-0300] {manager.py:499} INFO - Created Permission View: %s
[2023-12-27T11:26:42.477-0300] {logging_mixin.py:154} INFO - [2023-12-27T11:26:42.477-0300] {manager.py:499} INFO - Created Permission View: %s
[2023-12-27T11:26:42.480-0300] {logging_mixin.py:154} INFO - [2023-12-27T11:26:42.480-0300] {manager.py:499} INFO - Created Permission View: %s
[2023-12-27T11:26:42.480-0300] {logging_mixin.py:154} INFO - [2023-12-27T11:26:42.480-0300] {dag.py:2941} INFO - Sync 1 DAGs
[2023-12-27T11:26:42.485-0300] {logging_mixin.py:154} INFO - [2023-12-27T11:26:42.485-0300] {dag.py:2963} INFO - Creating ORM DAG for example_sla_dag
[2023-12-27T11:26:42.490-0300] {logging_mixin.py:154} INFO - [2023-12-27T11:26:42.490-0300] {dag.py:3722} INFO - Setting next_dagrun for example_sla_dag to 2023-12-27T14:24:00+00:00, run_after=2023-12-27T14:26:00+00:00
[2023-12-27T11:26:42.502-0300] {processor.py:179} INFO - Processing /home/felipe/.local/lib/python3.11/site-packages/airflow/example_dags/example_sla_dag.py took 0.126 seconds
[2023-12-27T11:27:27.917-0300] {processor.py:157} INFO - Started process (PID=13518) to work on /home/felipe/.local/lib/python3.11/site-packages/airflow/example_dags/example_sla_dag.py
[2023-12-27T11:27:27.917-0300] {processor.py:829} INFO - Processing file /home/felipe/.local/lib/python3.11/site-packages/airflow/example_dags/example_sla_dag.py for tasks to queue
[2023-12-27T11:27:27.918-0300] {logging_mixin.py:154} INFO - [2023-12-27T11:27:27.917-0300] {dagbag.py:536} INFO - Filling up the DagBag from /home/felipe/.local/lib/python3.11/site-packages/airflow/example_dags/example_sla_dag.py
[2023-12-27T11:27:27.923-0300] {processor.py:839} INFO - DAG(s) dict_keys(['example_sla_dag']) retrieved from /home/felipe/.local/lib/python3.11/site-packages/airflow/example_dags/example_sla_dag.py
[2023-12-27T11:27:27.932-0300] {logging_mixin.py:154} INFO - [2023-12-27T11:27:27.932-0300] {dag.py:2941} INFO - Sync 1 DAGs
[2023-12-27T11:27:27.943-0300] {logging_mixin.py:154} INFO - [2023-12-27T11:27:27.943-0300] {dag.py:3722} INFO - Setting next_dagrun for example_sla_dag to 2023-12-27T14:24:00+00:00, run_after=2023-12-27T14:26:00+00:00
[2023-12-27T11:27:27.952-0300] {processor.py:179} INFO - Processing /home/felipe/.local/lib/python3.11/site-packages/airflow/example_dags/example_sla_dag.py took 0.038 seconds
[2023-12-27T11:28:12.984-0300] {processor.py:157} INFO - Started process (PID=13595) to work on /home/felipe/.local/lib/python3.11/site-packages/airflow/example_dags/example_sla_dag.py
[2023-12-27T11:28:13.015-0300] {processor.py:829} INFO - Processing file /home/felipe/.local/lib/python3.11/site-packages/airflow/example_dags/example_sla_dag.py for tasks to queue
[2023-12-27T11:28:13.016-0300] {logging_mixin.py:154} INFO - [2023-12-27T11:28:13.016-0300] {dagbag.py:536} INFO - Filling up the DagBag from /home/felipe/.local/lib/python3.11/site-packages/airflow/example_dags/example_sla_dag.py
[2023-12-27T11:28:13.021-0300] {processor.py:839} INFO - DAG(s) dict_keys(['example_sla_dag']) retrieved from /home/felipe/.local/lib/python3.11/site-packages/airflow/example_dags/example_sla_dag.py
[2023-12-27T11:28:13.030-0300] {logging_mixin.py:154} INFO - [2023-12-27T11:28:13.029-0300] {dag.py:2941} INFO - Sync 1 DAGs
[2023-12-27T11:28:13.041-0300] {logging_mixin.py:154} INFO - [2023-12-27T11:28:13.041-0300] {dag.py:3722} INFO - Setting next_dagrun for example_sla_dag to 2023-12-27T14:26:00+00:00, run_after=2023-12-27T14:28:00+00:00
[2023-12-27T11:28:13.057-0300] {processor.py:179} INFO - Processing /home/felipe/.local/lib/python3.11/site-packages/airflow/example_dags/example_sla_dag.py took 0.075 seconds
[2023-12-27T11:28:57.098-0300] {processor.py:157} INFO - Started process (PID=13655) to work on /home/felipe/.local/lib/python3.11/site-packages/airflow/example_dags/example_sla_dag.py
[2023-12-27T11:28:57.116-0300] {processor.py:829} INFO - Processing file /home/felipe/.local/lib/python3.11/site-packages/airflow/example_dags/example_sla_dag.py for tasks to queue
[2023-12-27T11:28:57.117-0300] {logging_mixin.py:154} INFO - [2023-12-27T11:28:57.117-0300] {dagbag.py:536} INFO - Filling up the DagBag from /home/felipe/.local/lib/python3.11/site-packages/airflow/example_dags/example_sla_dag.py
[2023-12-27T11:28:57.122-0300] {processor.py:839} INFO - DAG(s) dict_keys(['example_sla_dag']) retrieved from /home/felipe/.local/lib/python3.11/site-packages/airflow/example_dags/example_sla_dag.py
[2023-12-27T11:28:57.131-0300] {logging_mixin.py:154} INFO - [2023-12-27T11:28:57.131-0300] {dag.py:2941} INFO - Sync 1 DAGs
[2023-12-27T11:28:57.142-0300] {logging_mixin.py:154} INFO - [2023-12-27T11:28:57.142-0300] {dag.py:3722} INFO - Setting next_dagrun for example_sla_dag to 2023-12-27T14:26:00+00:00, run_after=2023-12-27T14:28:00+00:00
[2023-12-27T11:28:57.151-0300] {processor.py:179} INFO - Processing /home/felipe/.local/lib/python3.11/site-packages/airflow/example_dags/example_sla_dag.py took 0.056 seconds
[2023-12-27T11:29:43.596-0300] {processor.py:157} INFO - Started process (PID=13713) to work on /home/felipe/.local/lib/python3.11/site-packages/airflow/example_dags/example_sla_dag.py
[2023-12-27T11:29:43.627-0300] {processor.py:829} INFO - Processing file /home/felipe/.local/lib/python3.11/site-packages/airflow/example_dags/example_sla_dag.py for tasks to queue
[2023-12-27T11:29:43.628-0300] {logging_mixin.py:154} INFO - [2023-12-27T11:29:43.628-0300] {dagbag.py:536} INFO - Filling up the DagBag from /home/felipe/.local/lib/python3.11/site-packages/airflow/example_dags/example_sla_dag.py
[2023-12-27T11:29:43.633-0300] {processor.py:839} INFO - DAG(s) dict_keys(['example_sla_dag']) retrieved from /home/felipe/.local/lib/python3.11/site-packages/airflow/example_dags/example_sla_dag.py
[2023-12-27T11:29:43.641-0300] {logging_mixin.py:154} INFO - [2023-12-27T11:29:43.641-0300] {dag.py:2941} INFO - Sync 1 DAGs
[2023-12-27T11:29:43.652-0300] {logging_mixin.py:154} INFO - [2023-12-27T11:29:43.652-0300] {dag.py:3722} INFO - Setting next_dagrun for example_sla_dag to 2023-12-27T14:26:00+00:00, run_after=2023-12-27T14:28:00+00:00
[2023-12-27T11:29:43.671-0300] {processor.py:179} INFO - Processing /home/felipe/.local/lib/python3.11/site-packages/airflow/example_dags/example_sla_dag.py took 0.078 seconds
[2023-12-27T11:30:31.611-0300] {processor.py:157} INFO - Started process (PID=13788) to work on /home/felipe/.local/lib/python3.11/site-packages/airflow/example_dags/example_sla_dag.py
[2023-12-27T11:30:31.627-0300] {processor.py:829} INFO - Processing file /home/felipe/.local/lib/python3.11/site-packages/airflow/example_dags/example_sla_dag.py for tasks to queue
[2023-12-27T11:30:31.628-0300] {logging_mixin.py:154} INFO - [2023-12-27T11:30:31.628-0300] {dagbag.py:536} INFO - Filling up the DagBag from /home/felipe/.local/lib/python3.11/site-packages/airflow/example_dags/example_sla_dag.py
[2023-12-27T11:30:31.634-0300] {processor.py:839} INFO - DAG(s) dict_keys(['example_sla_dag']) retrieved from /home/felipe/.local/lib/python3.11/site-packages/airflow/example_dags/example_sla_dag.py
[2023-12-27T11:30:31.643-0300] {logging_mixin.py:154} INFO - [2023-12-27T11:30:31.643-0300] {dag.py:2941} INFO - Sync 1 DAGs
[2023-12-27T11:30:31.654-0300] {logging_mixin.py:154} INFO - [2023-12-27T11:30:31.654-0300] {dag.py:3722} INFO - Setting next_dagrun for example_sla_dag to 2023-12-27T14:28:00+00:00, run_after=2023-12-27T14:30:00+00:00
[2023-12-27T11:30:31.664-0300] {processor.py:179} INFO - Processing /home/felipe/.local/lib/python3.11/site-packages/airflow/example_dags/example_sla_dag.py took 0.054 seconds
[2023-12-27T11:31:14.383-0300] {processor.py:157} INFO - Started process (PID=13850) to work on /home/felipe/.local/lib/python3.11/site-packages/airflow/example_dags/example_sla_dag.py
[2023-12-27T11:31:14.415-0300] {processor.py:829} INFO - Processing file /home/felipe/.local/lib/python3.11/site-packages/airflow/example_dags/example_sla_dag.py for tasks to queue
[2023-12-27T11:31:14.416-0300] {logging_mixin.py:154} INFO - [2023-12-27T11:31:14.415-0300] {dagbag.py:536} INFO - Filling up the DagBag from /home/felipe/.local/lib/python3.11/site-packages/airflow/example_dags/example_sla_dag.py
[2023-12-27T11:31:14.421-0300] {processor.py:839} INFO - DAG(s) dict_keys(['example_sla_dag']) retrieved from /home/felipe/.local/lib/python3.11/site-packages/airflow/example_dags/example_sla_dag.py
[2023-12-27T11:31:14.430-0300] {logging_mixin.py:154} INFO - [2023-12-27T11:31:14.430-0300] {dag.py:2941} INFO - Sync 1 DAGs
[2023-12-27T11:31:14.442-0300] {logging_mixin.py:154} INFO - [2023-12-27T11:31:14.442-0300] {dag.py:3722} INFO - Setting next_dagrun for example_sla_dag to 2023-12-27T14:28:00+00:00, run_after=2023-12-27T14:30:00+00:00
[2023-12-27T11:31:14.458-0300] {processor.py:179} INFO - Processing /home/felipe/.local/lib/python3.11/site-packages/airflow/example_dags/example_sla_dag.py took 0.077 seconds
[2023-12-27T14:18:46.609-0300] {processor.py:157} INFO - Started process (PID=10704) to work on /home/felipe/.local/lib/python3.11/site-packages/airflow/example_dags/example_sla_dag.py
[2023-12-27T14:18:46.641-0300] {processor.py:829} INFO - Processing file /home/felipe/.local/lib/python3.11/site-packages/airflow/example_dags/example_sla_dag.py for tasks to queue
[2023-12-27T14:18:46.642-0300] {logging_mixin.py:154} INFO - [2023-12-27T14:18:46.641-0300] {dagbag.py:536} INFO - Filling up the DagBag from /home/felipe/.local/lib/python3.11/site-packages/airflow/example_dags/example_sla_dag.py
[2023-12-27T14:18:46.651-0300] {processor.py:839} INFO - DAG(s) dict_keys(['example_sla_dag']) retrieved from /home/felipe/.local/lib/python3.11/site-packages/airflow/example_dags/example_sla_dag.py
[2023-12-27T14:18:46.656-0300] {logging_mixin.py:154} INFO - [2023-12-27T14:18:46.655-0300] {dag.py:2941} INFO - Sync 1 DAGs
[2023-12-27T14:18:46.668-0300] {logging_mixin.py:154} INFO - [2023-12-27T14:18:46.668-0300] {dag.py:3722} INFO - Setting next_dagrun for example_sla_dag to 2023-12-27T17:16:00+00:00, run_after=2023-12-27T17:18:00+00:00
[2023-12-27T14:18:46.684-0300] {processor.py:179} INFO - Processing /home/felipe/.local/lib/python3.11/site-packages/airflow/example_dags/example_sla_dag.py took 0.078 seconds
[2023-12-27T14:19:36.700-0300] {processor.py:157} INFO - Started process (PID=10883) to work on /home/felipe/.local/lib/python3.11/site-packages/airflow/example_dags/example_sla_dag.py
[2023-12-27T14:19:36.732-0300] {processor.py:829} INFO - Processing file /home/felipe/.local/lib/python3.11/site-packages/airflow/example_dags/example_sla_dag.py for tasks to queue
[2023-12-27T14:19:36.732-0300] {logging_mixin.py:154} INFO - [2023-12-27T14:19:36.732-0300] {dagbag.py:536} INFO - Filling up the DagBag from /home/felipe/.local/lib/python3.11/site-packages/airflow/example_dags/example_sla_dag.py
[2023-12-27T14:19:36.738-0300] {processor.py:839} INFO - DAG(s) dict_keys(['example_sla_dag']) retrieved from /home/felipe/.local/lib/python3.11/site-packages/airflow/example_dags/example_sla_dag.py
[2023-12-27T14:19:36.747-0300] {logging_mixin.py:154} INFO - [2023-12-27T14:19:36.747-0300] {dag.py:2941} INFO - Sync 1 DAGs
[2023-12-27T14:19:36.759-0300] {logging_mixin.py:154} INFO - [2023-12-27T14:19:36.759-0300] {dag.py:3722} INFO - Setting next_dagrun for example_sla_dag to 2023-12-27T17:16:00+00:00, run_after=2023-12-27T17:18:00+00:00
[2023-12-27T14:19:36.775-0300] {processor.py:179} INFO - Processing /home/felipe/.local/lib/python3.11/site-packages/airflow/example_dags/example_sla_dag.py took 0.078 seconds
[2023-12-27T14:20:25.246-0300] {processor.py:157} INFO - Started process (PID=11060) to work on /home/felipe/.local/lib/python3.11/site-packages/airflow/example_dags/example_sla_dag.py
[2023-12-27T14:20:25.247-0300] {processor.py:829} INFO - Processing file /home/felipe/.local/lib/python3.11/site-packages/airflow/example_dags/example_sla_dag.py for tasks to queue
[2023-12-27T14:20:25.247-0300] {logging_mixin.py:154} INFO - [2023-12-27T14:20:25.247-0300] {dagbag.py:536} INFO - Filling up the DagBag from /home/felipe/.local/lib/python3.11/site-packages/airflow/example_dags/example_sla_dag.py
[2023-12-27T14:20:25.252-0300] {processor.py:839} INFO - DAG(s) dict_keys(['example_sla_dag']) retrieved from /home/felipe/.local/lib/python3.11/site-packages/airflow/example_dags/example_sla_dag.py
[2023-12-27T14:20:25.261-0300] {logging_mixin.py:154} INFO - [2023-12-27T14:20:25.261-0300] {dag.py:2941} INFO - Sync 1 DAGs
[2023-12-27T14:20:25.272-0300] {logging_mixin.py:154} INFO - [2023-12-27T14:20:25.272-0300] {dag.py:3722} INFO - Setting next_dagrun for example_sla_dag to 2023-12-27T17:18:00+00:00, run_after=2023-12-27T17:20:00+00:00
[2023-12-27T14:20:25.281-0300] {processor.py:179} INFO - Processing /home/felipe/.local/lib/python3.11/site-packages/airflow/example_dags/example_sla_dag.py took 0.037 seconds
[2023-12-27T14:21:05.889-0300] {processor.py:157} INFO - Started process (PID=11184) to work on /home/felipe/.local/lib/python3.11/site-packages/airflow/example_dags/example_sla_dag.py
[2023-12-27T14:21:05.890-0300] {processor.py:829} INFO - Processing file /home/felipe/.local/lib/python3.11/site-packages/airflow/example_dags/example_sla_dag.py for tasks to queue
[2023-12-27T14:21:05.890-0300] {logging_mixin.py:154} INFO - [2023-12-27T14:21:05.890-0300] {dagbag.py:536} INFO - Filling up the DagBag from /home/felipe/.local/lib/python3.11/site-packages/airflow/example_dags/example_sla_dag.py
[2023-12-27T14:21:05.897-0300] {processor.py:839} INFO - DAG(s) dict_keys(['example_sla_dag']) retrieved from /home/felipe/.local/lib/python3.11/site-packages/airflow/example_dags/example_sla_dag.py
[2023-12-27T14:21:05.909-0300] {logging_mixin.py:154} INFO - [2023-12-27T14:21:05.909-0300] {dag.py:2941} INFO - Sync 1 DAGs
[2023-12-27T14:21:05.924-0300] {logging_mixin.py:154} INFO - [2023-12-27T14:21:05.924-0300] {dag.py:3722} INFO - Setting next_dagrun for example_sla_dag to 2023-12-27T17:18:00+00:00, run_after=2023-12-27T17:20:00+00:00
[2023-12-27T14:21:05.936-0300] {processor.py:179} INFO - Processing /home/felipe/.local/lib/python3.11/site-packages/airflow/example_dags/example_sla_dag.py took 0.048 seconds
[2023-12-27T14:21:48.571-0300] {processor.py:157} INFO - Started process (PID=11432) to work on /home/felipe/.local/lib/python3.11/site-packages/airflow/example_dags/example_sla_dag.py
[2023-12-27T14:21:48.603-0300] {processor.py:829} INFO - Processing file /home/felipe/.local/lib/python3.11/site-packages/airflow/example_dags/example_sla_dag.py for tasks to queue
[2023-12-27T14:21:48.604-0300] {logging_mixin.py:154} INFO - [2023-12-27T14:21:48.604-0300] {dagbag.py:536} INFO - Filling up the DagBag from /home/felipe/.local/lib/python3.11/site-packages/airflow/example_dags/example_sla_dag.py
[2023-12-27T14:21:48.609-0300] {processor.py:839} INFO - DAG(s) dict_keys(['example_sla_dag']) retrieved from /home/felipe/.local/lib/python3.11/site-packages/airflow/example_dags/example_sla_dag.py
[2023-12-27T14:21:48.618-0300] {logging_mixin.py:154} INFO - [2023-12-27T14:21:48.618-0300] {dag.py:2941} INFO - Sync 1 DAGs
[2023-12-27T14:21:48.629-0300] {logging_mixin.py:154} INFO - [2023-12-27T14:21:48.629-0300] {dag.py:3722} INFO - Setting next_dagrun for example_sla_dag to 2023-12-27T17:18:00+00:00, run_after=2023-12-27T17:20:00+00:00
[2023-12-27T14:21:48.803-0300] {processor.py:179} INFO - Processing /home/felipe/.local/lib/python3.11/site-packages/airflow/example_dags/example_sla_dag.py took 0.234 seconds
[2023-12-27T14:22:45.826-0300] {processor.py:157} INFO - Started process (PID=12415) to work on /home/felipe/.local/lib/python3.11/site-packages/airflow/example_dags/example_sla_dag.py
[2023-12-27T14:22:45.826-0300] {processor.py:829} INFO - Processing file /home/felipe/.local/lib/python3.11/site-packages/airflow/example_dags/example_sla_dag.py for tasks to queue
[2023-12-27T14:22:45.827-0300] {logging_mixin.py:154} INFO - [2023-12-27T14:22:45.827-0300] {dagbag.py:536} INFO - Filling up the DagBag from /home/felipe/.local/lib/python3.11/site-packages/airflow/example_dags/example_sla_dag.py
[2023-12-27T14:22:45.833-0300] {processor.py:839} INFO - DAG(s) dict_keys(['example_sla_dag']) retrieved from /home/felipe/.local/lib/python3.11/site-packages/airflow/example_dags/example_sla_dag.py
[2023-12-27T14:22:45.844-0300] {logging_mixin.py:154} INFO - [2023-12-27T14:22:45.844-0300] {dag.py:2941} INFO - Sync 1 DAGs
[2023-12-27T14:22:45.855-0300] {logging_mixin.py:154} INFO - [2023-12-27T14:22:45.855-0300] {dag.py:3722} INFO - Setting next_dagrun for example_sla_dag to 2023-12-27T17:20:00+00:00, run_after=2023-12-27T17:22:00+00:00
[2023-12-27T14:22:45.865-0300] {processor.py:179} INFO - Processing /home/felipe/.local/lib/python3.11/site-packages/airflow/example_dags/example_sla_dag.py took 0.041 seconds
[2023-12-27T14:24:08.796-0300] {processor.py:157} INFO - Started process (PID=12743) to work on /home/felipe/.local/lib/python3.11/site-packages/airflow/example_dags/example_sla_dag.py
[2023-12-27T14:24:08.796-0300] {processor.py:829} INFO - Processing file /home/felipe/.local/lib/python3.11/site-packages/airflow/example_dags/example_sla_dag.py for tasks to queue
[2023-12-27T14:24:08.797-0300] {logging_mixin.py:154} INFO - [2023-12-27T14:24:08.796-0300] {dagbag.py:536} INFO - Filling up the DagBag from /home/felipe/.local/lib/python3.11/site-packages/airflow/example_dags/example_sla_dag.py
[2023-12-27T14:24:08.803-0300] {processor.py:839} INFO - DAG(s) dict_keys(['example_sla_dag']) retrieved from /home/felipe/.local/lib/python3.11/site-packages/airflow/example_dags/example_sla_dag.py
[2023-12-27T14:24:08.812-0300] {logging_mixin.py:154} INFO - [2023-12-27T14:24:08.812-0300] {dag.py:2941} INFO - Sync 1 DAGs
[2023-12-27T14:24:08.823-0300] {logging_mixin.py:154} INFO - [2023-12-27T14:24:08.823-0300] {dag.py:3722} INFO - Setting next_dagrun for example_sla_dag to 2023-12-27T17:22:00+00:00, run_after=2023-12-27T17:24:00+00:00
[2023-12-27T14:24:08.840-0300] {processor.py:179} INFO - Processing /home/felipe/.local/lib/python3.11/site-packages/airflow/example_dags/example_sla_dag.py took 0.046 seconds
[2023-12-27T14:25:21.566-0300] {processor.py:157} INFO - Started process (PID=12843) to work on /home/felipe/.local/lib/python3.11/site-packages/airflow/example_dags/example_sla_dag.py
[2023-12-27T14:25:21.598-0300] {processor.py:829} INFO - Processing file /home/felipe/.local/lib/python3.11/site-packages/airflow/example_dags/example_sla_dag.py for tasks to queue
[2023-12-27T14:25:21.599-0300] {logging_mixin.py:154} INFO - [2023-12-27T14:25:21.599-0300] {dagbag.py:536} INFO - Filling up the DagBag from /home/felipe/.local/lib/python3.11/site-packages/airflow/example_dags/example_sla_dag.py
[2023-12-27T14:25:21.604-0300] {processor.py:839} INFO - DAG(s) dict_keys(['example_sla_dag']) retrieved from /home/felipe/.local/lib/python3.11/site-packages/airflow/example_dags/example_sla_dag.py
[2023-12-27T14:25:21.612-0300] {logging_mixin.py:154} INFO - [2023-12-27T14:25:21.612-0300] {dag.py:2941} INFO - Sync 1 DAGs
[2023-12-27T14:25:21.623-0300] {logging_mixin.py:154} INFO - [2023-12-27T14:25:21.623-0300] {dag.py:3722} INFO - Setting next_dagrun for example_sla_dag to 2023-12-27T17:22:00+00:00, run_after=2023-12-27T17:24:00+00:00
[2023-12-27T14:25:21.640-0300] {processor.py:179} INFO - Processing /home/felipe/.local/lib/python3.11/site-packages/airflow/example_dags/example_sla_dag.py took 0.075 seconds
