[2023-12-27T11:27:07.550-0300] {processor.py:157} INFO - Started process (PID=13467) to work on /home/felipe/.local/lib/python3.11/site-packages/airflow/example_dags/example_branch_operator_decorator.py
[2023-12-27T11:27:07.550-0300] {processor.py:829} INFO - Processing file /home/felipe/.local/lib/python3.11/site-packages/airflow/example_dags/example_branch_operator_decorator.py for tasks to queue
[2023-12-27T11:27:07.551-0300] {logging_mixin.py:154} INFO - [2023-12-27T11:27:07.550-0300] {dagbag.py:536} INFO - Filling up the DagBag from /home/felipe/.local/lib/python3.11/site-packages/airflow/example_dags/example_branch_operator_decorator.py
[2023-12-27T11:27:07.557-0300] {processor.py:839} INFO - DAG(s) dict_keys(['example_branch_python_operator_decorator']) retrieved from /home/felipe/.local/lib/python3.11/site-packages/airflow/example_dags/example_branch_operator_decorator.py
[2023-12-27T11:27:07.628-0300] {logging_mixin.py:154} INFO - [2023-12-27T11:27:07.628-0300] {manager.py:499} INFO - Created Permission View: %s
[2023-12-27T11:27:07.632-0300] {logging_mixin.py:154} INFO - [2023-12-27T11:27:07.632-0300] {manager.py:499} INFO - Created Permission View: %s
[2023-12-27T11:27:07.635-0300] {logging_mixin.py:154} INFO - [2023-12-27T11:27:07.635-0300] {manager.py:499} INFO - Created Permission View: %s
[2023-12-27T11:27:07.636-0300] {logging_mixin.py:154} INFO - [2023-12-27T11:27:07.636-0300] {dag.py:2941} INFO - Sync 1 DAGs
[2023-12-27T11:27:07.640-0300] {logging_mixin.py:154} INFO - [2023-12-27T11:27:07.640-0300] {dag.py:2963} INFO - Creating ORM DAG for example_branch_python_operator_decorator
[2023-12-27T11:27:07.645-0300] {logging_mixin.py:154} INFO - [2023-12-27T11:27:07.645-0300] {dag.py:3722} INFO - Setting next_dagrun for example_branch_python_operator_decorator to 2023-12-26T00:00:00+00:00, run_after=2023-12-27T00:00:00+00:00
[2023-12-27T11:27:07.654-0300] {processor.py:179} INFO - Processing /home/felipe/.local/lib/python3.11/site-packages/airflow/example_dags/example_branch_operator_decorator.py took 0.106 seconds
[2023-12-27T11:27:52.195-0300] {processor.py:157} INFO - Started process (PID=13561) to work on /home/felipe/.local/lib/python3.11/site-packages/airflow/example_dags/example_branch_operator_decorator.py
[2023-12-27T11:27:52.227-0300] {processor.py:829} INFO - Processing file /home/felipe/.local/lib/python3.11/site-packages/airflow/example_dags/example_branch_operator_decorator.py for tasks to queue
[2023-12-27T11:27:52.228-0300] {logging_mixin.py:154} INFO - [2023-12-27T11:27:52.227-0300] {dagbag.py:536} INFO - Filling up the DagBag from /home/felipe/.local/lib/python3.11/site-packages/airflow/example_dags/example_branch_operator_decorator.py
[2023-12-27T11:27:52.234-0300] {processor.py:839} INFO - DAG(s) dict_keys(['example_branch_python_operator_decorator']) retrieved from /home/felipe/.local/lib/python3.11/site-packages/airflow/example_dags/example_branch_operator_decorator.py
[2023-12-27T11:27:52.244-0300] {logging_mixin.py:154} INFO - [2023-12-27T11:27:52.244-0300] {dag.py:2941} INFO - Sync 1 DAGs
[2023-12-27T11:27:52.255-0300] {logging_mixin.py:154} INFO - [2023-12-27T11:27:52.254-0300] {dag.py:3722} INFO - Setting next_dagrun for example_branch_python_operator_decorator to 2023-12-26T00:00:00+00:00, run_after=2023-12-27T00:00:00+00:00
[2023-12-27T11:27:52.271-0300] {processor.py:179} INFO - Processing /home/felipe/.local/lib/python3.11/site-packages/airflow/example_dags/example_branch_operator_decorator.py took 0.078 seconds
[2023-12-27T11:28:38.823-0300] {processor.py:157} INFO - Started process (PID=13635) to work on /home/felipe/.local/lib/python3.11/site-packages/airflow/example_dags/example_branch_operator_decorator.py
[2023-12-27T11:28:38.843-0300] {processor.py:829} INFO - Processing file /home/felipe/.local/lib/python3.11/site-packages/airflow/example_dags/example_branch_operator_decorator.py for tasks to queue
[2023-12-27T11:28:38.843-0300] {logging_mixin.py:154} INFO - [2023-12-27T11:28:38.843-0300] {dagbag.py:536} INFO - Filling up the DagBag from /home/felipe/.local/lib/python3.11/site-packages/airflow/example_dags/example_branch_operator_decorator.py
[2023-12-27T11:28:38.853-0300] {processor.py:839} INFO - DAG(s) dict_keys(['example_branch_python_operator_decorator']) retrieved from /home/felipe/.local/lib/python3.11/site-packages/airflow/example_dags/example_branch_operator_decorator.py
[2023-12-27T11:28:38.867-0300] {logging_mixin.py:154} INFO - [2023-12-27T11:28:38.867-0300] {dag.py:2941} INFO - Sync 1 DAGs
[2023-12-27T11:28:38.878-0300] {logging_mixin.py:154} INFO - [2023-12-27T11:28:38.878-0300] {dag.py:3722} INFO - Setting next_dagrun for example_branch_python_operator_decorator to 2023-12-26T00:00:00+00:00, run_after=2023-12-27T00:00:00+00:00
[2023-12-27T11:28:38.887-0300] {processor.py:179} INFO - Processing /home/felipe/.local/lib/python3.11/site-packages/airflow/example_dags/example_branch_operator_decorator.py took 0.066 seconds
[2023-12-27T11:29:26.485-0300] {processor.py:157} INFO - Started process (PID=13695) to work on /home/felipe/.local/lib/python3.11/site-packages/airflow/example_dags/example_branch_operator_decorator.py
[2023-12-27T11:29:26.517-0300] {processor.py:829} INFO - Processing file /home/felipe/.local/lib/python3.11/site-packages/airflow/example_dags/example_branch_operator_decorator.py for tasks to queue
[2023-12-27T11:29:26.518-0300] {logging_mixin.py:154} INFO - [2023-12-27T11:29:26.517-0300] {dagbag.py:536} INFO - Filling up the DagBag from /home/felipe/.local/lib/python3.11/site-packages/airflow/example_dags/example_branch_operator_decorator.py
[2023-12-27T11:29:26.524-0300] {processor.py:839} INFO - DAG(s) dict_keys(['example_branch_python_operator_decorator']) retrieved from /home/felipe/.local/lib/python3.11/site-packages/airflow/example_dags/example_branch_operator_decorator.py
[2023-12-27T11:29:26.534-0300] {logging_mixin.py:154} INFO - [2023-12-27T11:29:26.534-0300] {dag.py:2941} INFO - Sync 1 DAGs
[2023-12-27T11:29:26.544-0300] {logging_mixin.py:154} INFO - [2023-12-27T11:29:26.544-0300] {dag.py:3722} INFO - Setting next_dagrun for example_branch_python_operator_decorator to 2023-12-26T00:00:00+00:00, run_after=2023-12-27T00:00:00+00:00
[2023-12-27T11:29:26.561-0300] {processor.py:179} INFO - Processing /home/felipe/.local/lib/python3.11/site-packages/airflow/example_dags/example_branch_operator_decorator.py took 0.078 seconds
[2023-12-27T11:30:13.870-0300] {processor.py:157} INFO - Started process (PID=13758) to work on /home/felipe/.local/lib/python3.11/site-packages/airflow/example_dags/example_branch_operator_decorator.py
[2023-12-27T11:30:13.902-0300] {processor.py:829} INFO - Processing file /home/felipe/.local/lib/python3.11/site-packages/airflow/example_dags/example_branch_operator_decorator.py for tasks to queue
[2023-12-27T11:30:13.902-0300] {logging_mixin.py:154} INFO - [2023-12-27T11:30:13.902-0300] {dagbag.py:536} INFO - Filling up the DagBag from /home/felipe/.local/lib/python3.11/site-packages/airflow/example_dags/example_branch_operator_decorator.py
[2023-12-27T11:30:13.908-0300] {processor.py:839} INFO - DAG(s) dict_keys(['example_branch_python_operator_decorator']) retrieved from /home/felipe/.local/lib/python3.11/site-packages/airflow/example_dags/example_branch_operator_decorator.py
[2023-12-27T11:30:13.918-0300] {logging_mixin.py:154} INFO - [2023-12-27T11:30:13.918-0300] {dag.py:2941} INFO - Sync 1 DAGs
[2023-12-27T11:30:13.928-0300] {logging_mixin.py:154} INFO - [2023-12-27T11:30:13.928-0300] {dag.py:3722} INFO - Setting next_dagrun for example_branch_python_operator_decorator to 2023-12-26T00:00:00+00:00, run_after=2023-12-27T00:00:00+00:00
[2023-12-27T11:30:13.945-0300] {processor.py:179} INFO - Processing /home/felipe/.local/lib/python3.11/site-packages/airflow/example_dags/example_branch_operator_decorator.py took 0.077 seconds
[2023-12-27T11:30:58.112-0300] {processor.py:157} INFO - Started process (PID=13820) to work on /home/felipe/.local/lib/python3.11/site-packages/airflow/example_dags/example_branch_operator_decorator.py
[2023-12-27T11:30:58.144-0300] {processor.py:829} INFO - Processing file /home/felipe/.local/lib/python3.11/site-packages/airflow/example_dags/example_branch_operator_decorator.py for tasks to queue
[2023-12-27T11:30:58.145-0300] {logging_mixin.py:154} INFO - [2023-12-27T11:30:58.145-0300] {dagbag.py:536} INFO - Filling up the DagBag from /home/felipe/.local/lib/python3.11/site-packages/airflow/example_dags/example_branch_operator_decorator.py
[2023-12-27T11:30:58.151-0300] {processor.py:839} INFO - DAG(s) dict_keys(['example_branch_python_operator_decorator']) retrieved from /home/felipe/.local/lib/python3.11/site-packages/airflow/example_dags/example_branch_operator_decorator.py
[2023-12-27T11:30:58.162-0300] {logging_mixin.py:154} INFO - [2023-12-27T11:30:58.162-0300] {dag.py:2941} INFO - Sync 1 DAGs
[2023-12-27T11:30:58.172-0300] {logging_mixin.py:154} INFO - [2023-12-27T11:30:58.172-0300] {dag.py:3722} INFO - Setting next_dagrun for example_branch_python_operator_decorator to 2023-12-26T00:00:00+00:00, run_after=2023-12-27T00:00:00+00:00
[2023-12-27T11:30:58.189-0300] {processor.py:179} INFO - Processing /home/felipe/.local/lib/python3.11/site-packages/airflow/example_dags/example_branch_operator_decorator.py took 0.079 seconds
[2023-12-27T11:31:40.412-0300] {processor.py:157} INFO - Started process (PID=13879) to work on /home/felipe/.local/lib/python3.11/site-packages/airflow/example_dags/example_branch_operator_decorator.py
[2023-12-27T11:31:40.443-0300] {processor.py:829} INFO - Processing file /home/felipe/.local/lib/python3.11/site-packages/airflow/example_dags/example_branch_operator_decorator.py for tasks to queue
[2023-12-27T11:31:40.444-0300] {logging_mixin.py:154} INFO - [2023-12-27T11:31:40.444-0300] {dagbag.py:536} INFO - Filling up the DagBag from /home/felipe/.local/lib/python3.11/site-packages/airflow/example_dags/example_branch_operator_decorator.py
[2023-12-27T11:31:40.450-0300] {processor.py:839} INFO - DAG(s) dict_keys(['example_branch_python_operator_decorator']) retrieved from /home/felipe/.local/lib/python3.11/site-packages/airflow/example_dags/example_branch_operator_decorator.py
[2023-12-27T11:31:40.460-0300] {logging_mixin.py:154} INFO - [2023-12-27T11:31:40.460-0300] {dag.py:2941} INFO - Sync 1 DAGs
[2023-12-27T11:31:40.471-0300] {logging_mixin.py:154} INFO - [2023-12-27T11:31:40.470-0300] {dag.py:3722} INFO - Setting next_dagrun for example_branch_python_operator_decorator to 2023-12-26T00:00:00+00:00, run_after=2023-12-27T00:00:00+00:00
[2023-12-27T11:31:40.487-0300] {processor.py:179} INFO - Processing /home/felipe/.local/lib/python3.11/site-packages/airflow/example_dags/example_branch_operator_decorator.py took 0.077 seconds
[2023-12-27T14:19:11.052-0300] {processor.py:157} INFO - Started process (PID=10755) to work on /home/felipe/.local/lib/python3.11/site-packages/airflow/example_dags/example_branch_operator_decorator.py
[2023-12-27T14:19:11.084-0300] {processor.py:829} INFO - Processing file /home/felipe/.local/lib/python3.11/site-packages/airflow/example_dags/example_branch_operator_decorator.py for tasks to queue
[2023-12-27T14:19:11.084-0300] {logging_mixin.py:154} INFO - [2023-12-27T14:19:11.084-0300] {dagbag.py:536} INFO - Filling up the DagBag from /home/felipe/.local/lib/python3.11/site-packages/airflow/example_dags/example_branch_operator_decorator.py
[2023-12-27T14:19:11.091-0300] {processor.py:839} INFO - DAG(s) dict_keys(['example_branch_python_operator_decorator']) retrieved from /home/felipe/.local/lib/python3.11/site-packages/airflow/example_dags/example_branch_operator_decorator.py
[2023-12-27T14:19:11.101-0300] {logging_mixin.py:154} INFO - [2023-12-27T14:19:11.101-0300] {dag.py:2941} INFO - Sync 1 DAGs
[2023-12-27T14:19:11.111-0300] {logging_mixin.py:154} INFO - [2023-12-27T14:19:11.111-0300] {dag.py:3722} INFO - Setting next_dagrun for example_branch_python_operator_decorator to 2023-12-26T00:00:00+00:00, run_after=2023-12-27T00:00:00+00:00
[2023-12-27T14:19:11.128-0300] {processor.py:179} INFO - Processing /home/felipe/.local/lib/python3.11/site-packages/airflow/example_dags/example_branch_operator_decorator.py took 0.079 seconds
[2023-12-27T14:20:14.041-0300] {processor.py:157} INFO - Started process (PID=11011) to work on /home/felipe/.local/lib/python3.11/site-packages/airflow/example_dags/example_branch_operator_decorator.py
[2023-12-27T14:20:14.073-0300] {processor.py:829} INFO - Processing file /home/felipe/.local/lib/python3.11/site-packages/airflow/example_dags/example_branch_operator_decorator.py for tasks to queue
[2023-12-27T14:20:14.074-0300] {logging_mixin.py:154} INFO - [2023-12-27T14:20:14.074-0300] {dagbag.py:536} INFO - Filling up the DagBag from /home/felipe/.local/lib/python3.11/site-packages/airflow/example_dags/example_branch_operator_decorator.py
[2023-12-27T14:20:14.080-0300] {processor.py:839} INFO - DAG(s) dict_keys(['example_branch_python_operator_decorator']) retrieved from /home/felipe/.local/lib/python3.11/site-packages/airflow/example_dags/example_branch_operator_decorator.py
[2023-12-27T14:20:14.090-0300] {logging_mixin.py:154} INFO - [2023-12-27T14:20:14.090-0300] {dag.py:2941} INFO - Sync 1 DAGs
[2023-12-27T14:20:14.100-0300] {logging_mixin.py:154} INFO - [2023-12-27T14:20:14.100-0300] {dag.py:3722} INFO - Setting next_dagrun for example_branch_python_operator_decorator to 2023-12-26T00:00:00+00:00, run_after=2023-12-27T00:00:00+00:00
[2023-12-27T14:20:14.117-0300] {processor.py:179} INFO - Processing /home/felipe/.local/lib/python3.11/site-packages/airflow/example_dags/example_branch_operator_decorator.py took 0.077 seconds
[2023-12-27T14:21:09.080-0300] {processor.py:157} INFO - Started process (PID=11226) to work on /home/felipe/.local/lib/python3.11/site-packages/airflow/example_dags/example_branch_operator_decorator.py
[2023-12-27T14:21:09.081-0300] {processor.py:829} INFO - Processing file /home/felipe/.local/lib/python3.11/site-packages/airflow/example_dags/example_branch_operator_decorator.py for tasks to queue
[2023-12-27T14:21:09.081-0300] {logging_mixin.py:154} INFO - [2023-12-27T14:21:09.081-0300] {dagbag.py:536} INFO - Filling up the DagBag from /home/felipe/.local/lib/python3.11/site-packages/airflow/example_dags/example_branch_operator_decorator.py
[2023-12-27T14:21:09.092-0300] {processor.py:839} INFO - DAG(s) dict_keys(['example_branch_python_operator_decorator']) retrieved from /home/felipe/.local/lib/python3.11/site-packages/airflow/example_dags/example_branch_operator_decorator.py
[2023-12-27T14:21:09.104-0300] {logging_mixin.py:154} INFO - [2023-12-27T14:21:09.104-0300] {dag.py:2941} INFO - Sync 1 DAGs
[2023-12-27T14:21:09.116-0300] {logging_mixin.py:154} INFO - [2023-12-27T14:21:09.116-0300] {dag.py:3722} INFO - Setting next_dagrun for example_branch_python_operator_decorator to 2023-12-26T00:00:00+00:00, run_after=2023-12-27T00:00:00+00:00
[2023-12-27T14:21:09.128-0300] {processor.py:179} INFO - Processing /home/felipe/.local/lib/python3.11/site-packages/airflow/example_dags/example_branch_operator_decorator.py took 0.050 seconds
[2023-12-27T14:22:27.887-0300] {processor.py:157} INFO - Started process (PID=12070) to work on /home/felipe/.local/lib/python3.11/site-packages/airflow/example_dags/example_branch_operator_decorator.py
[2023-12-27T14:22:27.888-0300] {processor.py:829} INFO - Processing file /home/felipe/.local/lib/python3.11/site-packages/airflow/example_dags/example_branch_operator_decorator.py for tasks to queue
[2023-12-27T14:22:27.888-0300] {logging_mixin.py:154} INFO - [2023-12-27T14:22:27.888-0300] {dagbag.py:536} INFO - Filling up the DagBag from /home/felipe/.local/lib/python3.11/site-packages/airflow/example_dags/example_branch_operator_decorator.py
[2023-12-27T14:22:27.898-0300] {processor.py:839} INFO - DAG(s) dict_keys(['example_branch_python_operator_decorator']) retrieved from /home/felipe/.local/lib/python3.11/site-packages/airflow/example_dags/example_branch_operator_decorator.py
[2023-12-27T14:22:27.910-0300] {logging_mixin.py:154} INFO - [2023-12-27T14:22:27.910-0300] {dag.py:2941} INFO - Sync 1 DAGs
[2023-12-27T14:22:27.924-0300] {logging_mixin.py:154} INFO - [2023-12-27T14:22:27.924-0300] {dag.py:3722} INFO - Setting next_dagrun for example_branch_python_operator_decorator to 2023-12-26T00:00:00+00:00, run_after=2023-12-27T00:00:00+00:00
[2023-12-27T14:22:27.947-0300] {processor.py:179} INFO - Processing /home/felipe/.local/lib/python3.11/site-packages/airflow/example_dags/example_branch_operator_decorator.py took 0.062 seconds
[2023-12-27T14:23:41.581-0300] {processor.py:157} INFO - Started process (PID=12699) to work on /home/felipe/.local/lib/python3.11/site-packages/airflow/example_dags/example_branch_operator_decorator.py
[2023-12-27T14:23:41.592-0300] {processor.py:829} INFO - Processing file /home/felipe/.local/lib/python3.11/site-packages/airflow/example_dags/example_branch_operator_decorator.py for tasks to queue
[2023-12-27T14:23:41.592-0300] {logging_mixin.py:154} INFO - [2023-12-27T14:23:41.592-0300] {dagbag.py:536} INFO - Filling up the DagBag from /home/felipe/.local/lib/python3.11/site-packages/airflow/example_dags/example_branch_operator_decorator.py
[2023-12-27T14:23:41.619-0300] {processor.py:839} INFO - DAG(s) dict_keys(['example_branch_python_operator_decorator']) retrieved from /home/felipe/.local/lib/python3.11/site-packages/airflow/example_dags/example_branch_operator_decorator.py
[2023-12-27T14:23:41.638-0300] {logging_mixin.py:154} INFO - [2023-12-27T14:23:41.638-0300] {dag.py:2941} INFO - Sync 1 DAGs
[2023-12-27T14:23:41.656-0300] {logging_mixin.py:154} INFO - [2023-12-27T14:23:41.656-0300] {dag.py:3722} INFO - Setting next_dagrun for example_branch_python_operator_decorator to 2023-12-26T00:00:00+00:00, run_after=2023-12-27T00:00:00+00:00
[2023-12-27T14:23:41.672-0300] {processor.py:179} INFO - Processing /home/felipe/.local/lib/python3.11/site-packages/airflow/example_dags/example_branch_operator_decorator.py took 0.093 seconds
[2023-12-27T14:25:11.332-0300] {processor.py:157} INFO - Started process (PID=12820) to work on /home/felipe/.local/lib/python3.11/site-packages/airflow/example_dags/example_branch_operator_decorator.py
[2023-12-27T14:25:11.333-0300] {processor.py:829} INFO - Processing file /home/felipe/.local/lib/python3.11/site-packages/airflow/example_dags/example_branch_operator_decorator.py for tasks to queue
[2023-12-27T14:25:11.334-0300] {logging_mixin.py:154} INFO - [2023-12-27T14:25:11.333-0300] {dagbag.py:536} INFO - Filling up the DagBag from /home/felipe/.local/lib/python3.11/site-packages/airflow/example_dags/example_branch_operator_decorator.py
[2023-12-27T14:25:11.341-0300] {processor.py:839} INFO - DAG(s) dict_keys(['example_branch_python_operator_decorator']) retrieved from /home/felipe/.local/lib/python3.11/site-packages/airflow/example_dags/example_branch_operator_decorator.py
[2023-12-27T14:25:11.351-0300] {logging_mixin.py:154} INFO - [2023-12-27T14:25:11.351-0300] {dag.py:2941} INFO - Sync 1 DAGs
[2023-12-27T14:25:11.362-0300] {logging_mixin.py:154} INFO - [2023-12-27T14:25:11.362-0300] {dag.py:3722} INFO - Setting next_dagrun for example_branch_python_operator_decorator to 2023-12-26T00:00:00+00:00, run_after=2023-12-27T00:00:00+00:00
[2023-12-27T14:25:11.378-0300] {processor.py:179} INFO - Processing /home/felipe/.local/lib/python3.11/site-packages/airflow/example_dags/example_branch_operator_decorator.py took 0.048 seconds
