[2023-12-27T11:27:00.525-0300] {processor.py:157} INFO - Started process (PID=13458) to work on /home/felipe/.local/lib/python3.11/site-packages/airflow/example_dags/example_kubernetes_executor.py
[2023-12-27T11:27:00.526-0300] {processor.py:829} INFO - Processing file /home/felipe/.local/lib/python3.11/site-packages/airflow/example_dags/example_kubernetes_executor.py for tasks to queue
[2023-12-27T11:27:00.526-0300] {logging_mixin.py:154} INFO - [2023-12-27T11:27:00.526-0300] {dagbag.py:536} INFO - Filling up the DagBag from /home/felipe/.local/lib/python3.11/site-packages/airflow/example_dags/example_kubernetes_executor.py
[2023-12-27T11:27:00.529-0300] {logging_mixin.py:154} INFO - [2023-12-27T11:27:00.529-0300] {example_kubernetes_executor.py:38} WARNING - The example_kubernetes_executor example DAG requires the kubernetes provider. Please install it with: pip install apache-airflow[cncf.kubernetes]
[2023-12-27T11:27:00.529-0300] {processor.py:841} WARNING - No viable dags retrieved from /home/felipe/.local/lib/python3.11/site-packages/airflow/example_dags/example_kubernetes_executor.py
[2023-12-27T11:27:00.536-0300] {processor.py:179} INFO - Processing /home/felipe/.local/lib/python3.11/site-packages/airflow/example_dags/example_kubernetes_executor.py took 0.013 seconds
[2023-12-27T11:27:44.782-0300] {processor.py:157} INFO - Started process (PID=13553) to work on /home/felipe/.local/lib/python3.11/site-packages/airflow/example_dags/example_kubernetes_executor.py
[2023-12-27T11:27:44.814-0300] {processor.py:829} INFO - Processing file /home/felipe/.local/lib/python3.11/site-packages/airflow/example_dags/example_kubernetes_executor.py for tasks to queue
[2023-12-27T11:27:44.815-0300] {logging_mixin.py:154} INFO - [2023-12-27T11:27:44.814-0300] {dagbag.py:536} INFO - Filling up the DagBag from /home/felipe/.local/lib/python3.11/site-packages/airflow/example_dags/example_kubernetes_executor.py
[2023-12-27T11:27:44.816-0300] {logging_mixin.py:154} INFO - [2023-12-27T11:27:44.816-0300] {example_kubernetes_executor.py:38} WARNING - The example_kubernetes_executor example DAG requires the kubernetes provider. Please install it with: pip install apache-airflow[cncf.kubernetes]
[2023-12-27T11:27:44.817-0300] {processor.py:841} WARNING - No viable dags retrieved from /home/felipe/.local/lib/python3.11/site-packages/airflow/example_dags/example_kubernetes_executor.py
[2023-12-27T11:27:44.823-0300] {processor.py:179} INFO - Processing /home/felipe/.local/lib/python3.11/site-packages/airflow/example_dags/example_kubernetes_executor.py took 0.043 seconds
[2023-12-27T11:28:31.405-0300] {processor.py:157} INFO - Started process (PID=13627) to work on /home/felipe/.local/lib/python3.11/site-packages/airflow/example_dags/example_kubernetes_executor.py
[2023-12-27T11:28:31.445-0300] {processor.py:829} INFO - Processing file /home/felipe/.local/lib/python3.11/site-packages/airflow/example_dags/example_kubernetes_executor.py for tasks to queue
[2023-12-27T11:28:31.445-0300] {logging_mixin.py:154} INFO - [2023-12-27T11:28:31.445-0300] {dagbag.py:536} INFO - Filling up the DagBag from /home/felipe/.local/lib/python3.11/site-packages/airflow/example_dags/example_kubernetes_executor.py
[2023-12-27T11:28:31.447-0300] {logging_mixin.py:154} INFO - [2023-12-27T11:28:31.447-0300] {example_kubernetes_executor.py:38} WARNING - The example_kubernetes_executor example DAG requires the kubernetes provider. Please install it with: pip install apache-airflow[cncf.kubernetes]
[2023-12-27T11:28:31.447-0300] {processor.py:841} WARNING - No viable dags retrieved from /home/felipe/.local/lib/python3.11/site-packages/airflow/example_dags/example_kubernetes_executor.py
[2023-12-27T11:28:31.453-0300] {processor.py:179} INFO - Processing /home/felipe/.local/lib/python3.11/site-packages/airflow/example_dags/example_kubernetes_executor.py took 0.050 seconds
[2023-12-27T11:29:19.363-0300] {processor.py:157} INFO - Started process (PID=13688) to work on /home/felipe/.local/lib/python3.11/site-packages/airflow/example_dags/example_kubernetes_executor.py
[2023-12-27T11:29:19.395-0300] {processor.py:829} INFO - Processing file /home/felipe/.local/lib/python3.11/site-packages/airflow/example_dags/example_kubernetes_executor.py for tasks to queue
[2023-12-27T11:29:19.396-0300] {logging_mixin.py:154} INFO - [2023-12-27T11:29:19.396-0300] {dagbag.py:536} INFO - Filling up the DagBag from /home/felipe/.local/lib/python3.11/site-packages/airflow/example_dags/example_kubernetes_executor.py
[2023-12-27T11:29:19.398-0300] {logging_mixin.py:154} INFO - [2023-12-27T11:29:19.397-0300] {example_kubernetes_executor.py:38} WARNING - The example_kubernetes_executor example DAG requires the kubernetes provider. Please install it with: pip install apache-airflow[cncf.kubernetes]
[2023-12-27T11:29:19.398-0300] {processor.py:841} WARNING - No viable dags retrieved from /home/felipe/.local/lib/python3.11/site-packages/airflow/example_dags/example_kubernetes_executor.py
[2023-12-27T11:29:19.403-0300] {processor.py:179} INFO - Processing /home/felipe/.local/lib/python3.11/site-packages/airflow/example_dags/example_kubernetes_executor.py took 0.042 seconds
[2023-12-27T11:30:07.792-0300] {processor.py:157} INFO - Started process (PID=13751) to work on /home/felipe/.local/lib/python3.11/site-packages/airflow/example_dags/example_kubernetes_executor.py
[2023-12-27T11:30:07.824-0300] {processor.py:829} INFO - Processing file /home/felipe/.local/lib/python3.11/site-packages/airflow/example_dags/example_kubernetes_executor.py for tasks to queue
[2023-12-27T11:30:07.824-0300] {logging_mixin.py:154} INFO - [2023-12-27T11:30:07.824-0300] {dagbag.py:536} INFO - Filling up the DagBag from /home/felipe/.local/lib/python3.11/site-packages/airflow/example_dags/example_kubernetes_executor.py
[2023-12-27T11:30:07.826-0300] {logging_mixin.py:154} INFO - [2023-12-27T11:30:07.826-0300] {example_kubernetes_executor.py:38} WARNING - The example_kubernetes_executor example DAG requires the kubernetes provider. Please install it with: pip install apache-airflow[cncf.kubernetes]
[2023-12-27T11:30:07.826-0300] {processor.py:841} WARNING - No viable dags retrieved from /home/felipe/.local/lib/python3.11/site-packages/airflow/example_dags/example_kubernetes_executor.py
[2023-12-27T11:30:07.832-0300] {processor.py:179} INFO - Processing /home/felipe/.local/lib/python3.11/site-packages/airflow/example_dags/example_kubernetes_executor.py took 0.042 seconds
[2023-12-27T11:30:50.693-0300] {processor.py:157} INFO - Started process (PID=13812) to work on /home/felipe/.local/lib/python3.11/site-packages/airflow/example_dags/example_kubernetes_executor.py
[2023-12-27T11:30:50.725-0300] {processor.py:829} INFO - Processing file /home/felipe/.local/lib/python3.11/site-packages/airflow/example_dags/example_kubernetes_executor.py for tasks to queue
[2023-12-27T11:30:50.725-0300] {logging_mixin.py:154} INFO - [2023-12-27T11:30:50.725-0300] {dagbag.py:536} INFO - Filling up the DagBag from /home/felipe/.local/lib/python3.11/site-packages/airflow/example_dags/example_kubernetes_executor.py
[2023-12-27T11:30:50.727-0300] {logging_mixin.py:154} INFO - [2023-12-27T11:30:50.727-0300] {example_kubernetes_executor.py:38} WARNING - The example_kubernetes_executor example DAG requires the kubernetes provider. Please install it with: pip install apache-airflow[cncf.kubernetes]
[2023-12-27T11:30:50.727-0300] {processor.py:841} WARNING - No viable dags retrieved from /home/felipe/.local/lib/python3.11/site-packages/airflow/example_dags/example_kubernetes_executor.py
[2023-12-27T11:30:50.733-0300] {processor.py:179} INFO - Processing /home/felipe/.local/lib/python3.11/site-packages/airflow/example_dags/example_kubernetes_executor.py took 0.042 seconds
[2023-12-27T11:31:32.949-0300] {processor.py:157} INFO - Started process (PID=13872) to work on /home/felipe/.local/lib/python3.11/site-packages/airflow/example_dags/example_kubernetes_executor.py
[2023-12-27T11:31:32.980-0300] {processor.py:829} INFO - Processing file /home/felipe/.local/lib/python3.11/site-packages/airflow/example_dags/example_kubernetes_executor.py for tasks to queue
[2023-12-27T11:31:32.981-0300] {logging_mixin.py:154} INFO - [2023-12-27T11:31:32.981-0300] {dagbag.py:536} INFO - Filling up the DagBag from /home/felipe/.local/lib/python3.11/site-packages/airflow/example_dags/example_kubernetes_executor.py
[2023-12-27T11:31:32.983-0300] {logging_mixin.py:154} INFO - [2023-12-27T11:31:32.983-0300] {example_kubernetes_executor.py:38} WARNING - The example_kubernetes_executor example DAG requires the kubernetes provider. Please install it with: pip install apache-airflow[cncf.kubernetes]
[2023-12-27T11:31:32.983-0300] {processor.py:841} WARNING - No viable dags retrieved from /home/felipe/.local/lib/python3.11/site-packages/airflow/example_dags/example_kubernetes_executor.py
[2023-12-27T11:31:32.989-0300] {processor.py:179} INFO - Processing /home/felipe/.local/lib/python3.11/site-packages/airflow/example_dags/example_kubernetes_executor.py took 0.042 seconds
[2023-12-27T14:19:04.017-0300] {processor.py:157} INFO - Started process (PID=10748) to work on /home/felipe/.local/lib/python3.11/site-packages/airflow/example_dags/example_kubernetes_executor.py
[2023-12-27T14:19:04.080-0300] {processor.py:829} INFO - Processing file /home/felipe/.local/lib/python3.11/site-packages/airflow/example_dags/example_kubernetes_executor.py for tasks to queue
[2023-12-27T14:19:04.081-0300] {logging_mixin.py:154} INFO - [2023-12-27T14:19:04.080-0300] {dagbag.py:536} INFO - Filling up the DagBag from /home/felipe/.local/lib/python3.11/site-packages/airflow/example_dags/example_kubernetes_executor.py
[2023-12-27T14:19:04.082-0300] {logging_mixin.py:154} INFO - [2023-12-27T14:19:04.082-0300] {example_kubernetes_executor.py:38} WARNING - The example_kubernetes_executor example DAG requires the kubernetes provider. Please install it with: pip install apache-airflow[cncf.kubernetes]
[2023-12-27T14:19:04.083-0300] {processor.py:841} WARNING - No viable dags retrieved from /home/felipe/.local/lib/python3.11/site-packages/airflow/example_dags/example_kubernetes_executor.py
[2023-12-27T14:19:04.088-0300] {processor.py:179} INFO - Processing /home/felipe/.local/lib/python3.11/site-packages/airflow/example_dags/example_kubernetes_executor.py took 0.074 seconds
[2023-12-27T14:19:54.389-0300] {processor.py:157} INFO - Started process (PID=10932) to work on /home/felipe/.local/lib/python3.11/site-packages/airflow/example_dags/example_kubernetes_executor.py
[2023-12-27T14:19:54.421-0300] {processor.py:829} INFO - Processing file /home/felipe/.local/lib/python3.11/site-packages/airflow/example_dags/example_kubernetes_executor.py for tasks to queue
[2023-12-27T14:19:54.422-0300] {logging_mixin.py:154} INFO - [2023-12-27T14:19:54.422-0300] {dagbag.py:536} INFO - Filling up the DagBag from /home/felipe/.local/lib/python3.11/site-packages/airflow/example_dags/example_kubernetes_executor.py
[2023-12-27T14:19:54.424-0300] {logging_mixin.py:154} INFO - [2023-12-27T14:19:54.424-0300] {example_kubernetes_executor.py:38} WARNING - The example_kubernetes_executor example DAG requires the kubernetes provider. Please install it with: pip install apache-airflow[cncf.kubernetes]
[2023-12-27T14:19:54.424-0300] {processor.py:841} WARNING - No viable dags retrieved from /home/felipe/.local/lib/python3.11/site-packages/airflow/example_dags/example_kubernetes_executor.py
[2023-12-27T14:19:54.430-0300] {processor.py:179} INFO - Processing /home/felipe/.local/lib/python3.11/site-packages/airflow/example_dags/example_kubernetes_executor.py took 0.042 seconds
[2023-12-27T14:20:52.394-0300] {processor.py:157} INFO - Started process (PID=11130) to work on /home/felipe/.local/lib/python3.11/site-packages/airflow/example_dags/example_kubernetes_executor.py
[2023-12-27T14:20:52.394-0300] {processor.py:829} INFO - Processing file /home/felipe/.local/lib/python3.11/site-packages/airflow/example_dags/example_kubernetes_executor.py for tasks to queue
[2023-12-27T14:20:52.395-0300] {logging_mixin.py:154} INFO - [2023-12-27T14:20:52.395-0300] {dagbag.py:536} INFO - Filling up the DagBag from /home/felipe/.local/lib/python3.11/site-packages/airflow/example_dags/example_kubernetes_executor.py
[2023-12-27T14:20:52.397-0300] {logging_mixin.py:154} INFO - [2023-12-27T14:20:52.397-0300] {example_kubernetes_executor.py:38} WARNING - The example_kubernetes_executor example DAG requires the kubernetes provider. Please install it with: pip install apache-airflow[cncf.kubernetes]
[2023-12-27T14:20:52.397-0300] {processor.py:841} WARNING - No viable dags retrieved from /home/felipe/.local/lib/python3.11/site-packages/airflow/example_dags/example_kubernetes_executor.py
[2023-12-27T14:20:52.403-0300] {processor.py:179} INFO - Processing /home/felipe/.local/lib/python3.11/site-packages/airflow/example_dags/example_kubernetes_executor.py took 0.011 seconds
[2023-12-27T14:21:56.447-0300] {processor.py:157} INFO - Started process (PID=11466) to work on /home/felipe/.local/lib/python3.11/site-packages/airflow/example_dags/example_kubernetes_executor.py
[2023-12-27T14:21:56.448-0300] {processor.py:829} INFO - Processing file /home/felipe/.local/lib/python3.11/site-packages/airflow/example_dags/example_kubernetes_executor.py for tasks to queue
[2023-12-27T14:21:56.448-0300] {logging_mixin.py:154} INFO - [2023-12-27T14:21:56.448-0300] {dagbag.py:536} INFO - Filling up the DagBag from /home/felipe/.local/lib/python3.11/site-packages/airflow/example_dags/example_kubernetes_executor.py
[2023-12-27T14:21:56.469-0300] {logging_mixin.py:154} INFO - [2023-12-27T14:21:56.469-0300] {example_kubernetes_executor.py:38} WARNING - The example_kubernetes_executor example DAG requires the kubernetes provider. Please install it with: pip install apache-airflow[cncf.kubernetes]
[2023-12-27T14:21:56.469-0300] {processor.py:841} WARNING - No viable dags retrieved from /home/felipe/.local/lib/python3.11/site-packages/airflow/example_dags/example_kubernetes_executor.py
[2023-12-27T14:21:56.475-0300] {processor.py:179} INFO - Processing /home/felipe/.local/lib/python3.11/site-packages/airflow/example_dags/example_kubernetes_executor.py took 0.031 seconds
[2023-12-27T14:22:53.219-0300] {processor.py:157} INFO - Started process (PID=12476) to work on /home/felipe/.local/lib/python3.11/site-packages/airflow/example_dags/example_kubernetes_executor.py
[2023-12-27T14:22:53.219-0300] {processor.py:829} INFO - Processing file /home/felipe/.local/lib/python3.11/site-packages/airflow/example_dags/example_kubernetes_executor.py for tasks to queue
[2023-12-27T14:22:53.219-0300] {logging_mixin.py:154} INFO - [2023-12-27T14:22:53.219-0300] {dagbag.py:536} INFO - Filling up the DagBag from /home/felipe/.local/lib/python3.11/site-packages/airflow/example_dags/example_kubernetes_executor.py
[2023-12-27T14:22:53.221-0300] {logging_mixin.py:154} INFO - [2023-12-27T14:22:53.221-0300] {example_kubernetes_executor.py:38} WARNING - The example_kubernetes_executor example DAG requires the kubernetes provider. Please install it with: pip install apache-airflow[cncf.kubernetes]
[2023-12-27T14:22:53.222-0300] {processor.py:841} WARNING - No viable dags retrieved from /home/felipe/.local/lib/python3.11/site-packages/airflow/example_dags/example_kubernetes_executor.py
[2023-12-27T14:22:53.228-0300] {processor.py:179} INFO - Processing /home/felipe/.local/lib/python3.11/site-packages/airflow/example_dags/example_kubernetes_executor.py took 0.011 seconds
[2023-12-27T14:24:16.861-0300] {processor.py:157} INFO - Started process (PID=12753) to work on /home/felipe/.local/lib/python3.11/site-packages/airflow/example_dags/example_kubernetes_executor.py
[2023-12-27T14:24:16.862-0300] {processor.py:829} INFO - Processing file /home/felipe/.local/lib/python3.11/site-packages/airflow/example_dags/example_kubernetes_executor.py for tasks to queue
[2023-12-27T14:24:16.862-0300] {logging_mixin.py:154} INFO - [2023-12-27T14:24:16.862-0300] {dagbag.py:536} INFO - Filling up the DagBag from /home/felipe/.local/lib/python3.11/site-packages/airflow/example_dags/example_kubernetes_executor.py
[2023-12-27T14:24:16.865-0300] {logging_mixin.py:154} INFO - [2023-12-27T14:24:16.865-0300] {example_kubernetes_executor.py:38} WARNING - The example_kubernetes_executor example DAG requires the kubernetes provider. Please install it with: pip install apache-airflow[cncf.kubernetes]
[2023-12-27T14:24:16.865-0300] {processor.py:841} WARNING - No viable dags retrieved from /home/felipe/.local/lib/python3.11/site-packages/airflow/example_dags/example_kubernetes_executor.py
[2023-12-27T14:24:16.871-0300] {processor.py:179} INFO - Processing /home/felipe/.local/lib/python3.11/site-packages/airflow/example_dags/example_kubernetes_executor.py took 0.012 seconds
[2023-12-27T14:25:27.837-0300] {processor.py:157} INFO - Started process (PID=12851) to work on /home/felipe/.local/lib/python3.11/site-packages/airflow/example_dags/example_kubernetes_executor.py
[2023-12-27T14:25:27.879-0300] {processor.py:829} INFO - Processing file /home/felipe/.local/lib/python3.11/site-packages/airflow/example_dags/example_kubernetes_executor.py for tasks to queue
[2023-12-27T14:25:27.880-0300] {logging_mixin.py:154} INFO - [2023-12-27T14:25:27.880-0300] {dagbag.py:536} INFO - Filling up the DagBag from /home/felipe/.local/lib/python3.11/site-packages/airflow/example_dags/example_kubernetes_executor.py
[2023-12-27T14:25:27.882-0300] {logging_mixin.py:154} INFO - [2023-12-27T14:25:27.882-0300] {example_kubernetes_executor.py:38} WARNING - The example_kubernetes_executor example DAG requires the kubernetes provider. Please install it with: pip install apache-airflow[cncf.kubernetes]
[2023-12-27T14:25:27.882-0300] {processor.py:841} WARNING - No viable dags retrieved from /home/felipe/.local/lib/python3.11/site-packages/airflow/example_dags/example_kubernetes_executor.py
[2023-12-27T14:25:27.888-0300] {processor.py:179} INFO - Processing /home/felipe/.local/lib/python3.11/site-packages/airflow/example_dags/example_kubernetes_executor.py took 0.052 seconds
