[2023-12-27T11:27:01.658-0300] {processor.py:157} INFO - Started process (PID=13459) to work on /home/felipe/.local/lib/python3.11/site-packages/airflow/example_dags/example_external_task_marker_dag.py
[2023-12-27T11:27:01.659-0300] {processor.py:829} INFO - Processing file /home/felipe/.local/lib/python3.11/site-packages/airflow/example_dags/example_external_task_marker_dag.py for tasks to queue
[2023-12-27T11:27:01.659-0300] {logging_mixin.py:154} INFO - [2023-12-27T11:27:01.659-0300] {dagbag.py:536} INFO - Filling up the DagBag from /home/felipe/.local/lib/python3.11/site-packages/airflow/example_dags/example_external_task_marker_dag.py
[2023-12-27T11:27:01.663-0300] {processor.py:839} INFO - DAG(s) dict_keys(['example_external_task_marker_parent', 'example_external_task_marker_child']) retrieved from /home/felipe/.local/lib/python3.11/site-packages/airflow/example_dags/example_external_task_marker_dag.py
[2023-12-27T11:27:01.718-0300] {logging_mixin.py:154} INFO - [2023-12-27T11:27:01.718-0300] {manager.py:499} INFO - Created Permission View: %s
[2023-12-27T11:27:01.723-0300] {logging_mixin.py:154} INFO - [2023-12-27T11:27:01.723-0300] {manager.py:499} INFO - Created Permission View: %s
[2023-12-27T11:27:01.732-0300] {logging_mixin.py:154} INFO - [2023-12-27T11:27:01.732-0300] {manager.py:499} INFO - Created Permission View: %s
[2023-12-27T11:27:01.742-0300] {logging_mixin.py:154} INFO - [2023-12-27T11:27:01.741-0300] {manager.py:499} INFO - Created Permission View: %s
[2023-12-27T11:27:01.745-0300] {logging_mixin.py:154} INFO - [2023-12-27T11:27:01.745-0300] {manager.py:499} INFO - Created Permission View: %s
[2023-12-27T11:27:01.749-0300] {logging_mixin.py:154} INFO - [2023-12-27T11:27:01.749-0300] {manager.py:499} INFO - Created Permission View: %s
[2023-12-27T11:27:01.749-0300] {logging_mixin.py:154} INFO - [2023-12-27T11:27:01.749-0300] {dag.py:2941} INFO - Sync 2 DAGs
[2023-12-27T11:27:01.756-0300] {logging_mixin.py:154} INFO - [2023-12-27T11:27:01.756-0300] {dag.py:2963} INFO - Creating ORM DAG for example_external_task_marker_parent
[2023-12-27T11:27:01.756-0300] {logging_mixin.py:154} INFO - [2023-12-27T11:27:01.756-0300] {dag.py:2963} INFO - Creating ORM DAG for example_external_task_marker_child
[2023-12-27T11:27:01.757-0300] {logging_mixin.py:154} INFO - [2023-12-27T11:27:01.757-0300] {dag.py:3722} INFO - Setting next_dagrun for example_external_task_marker_child to None, run_after=None
[2023-12-27T11:27:01.757-0300] {logging_mixin.py:154} INFO - [2023-12-27T11:27:01.757-0300] {dag.py:3722} INFO - Setting next_dagrun for example_external_task_marker_parent to None, run_after=None
[2023-12-27T11:27:01.768-0300] {processor.py:179} INFO - Processing /home/felipe/.local/lib/python3.11/site-packages/airflow/example_dags/example_external_task_marker_dag.py took 0.112 seconds
[2023-12-27T11:27:45.918-0300] {processor.py:157} INFO - Started process (PID=13555) to work on /home/felipe/.local/lib/python3.11/site-packages/airflow/example_dags/example_external_task_marker_dag.py
[2023-12-27T11:27:45.949-0300] {processor.py:829} INFO - Processing file /home/felipe/.local/lib/python3.11/site-packages/airflow/example_dags/example_external_task_marker_dag.py for tasks to queue
[2023-12-27T11:27:45.950-0300] {logging_mixin.py:154} INFO - [2023-12-27T11:27:45.950-0300] {dagbag.py:536} INFO - Filling up the DagBag from /home/felipe/.local/lib/python3.11/site-packages/airflow/example_dags/example_external_task_marker_dag.py
[2023-12-27T11:27:45.954-0300] {processor.py:839} INFO - DAG(s) dict_keys(['example_external_task_marker_child', 'example_external_task_marker_parent']) retrieved from /home/felipe/.local/lib/python3.11/site-packages/airflow/example_dags/example_external_task_marker_dag.py
[2023-12-27T11:27:45.966-0300] {logging_mixin.py:154} INFO - [2023-12-27T11:27:45.966-0300] {dag.py:2941} INFO - Sync 2 DAGs
[2023-12-27T11:27:45.972-0300] {logging_mixin.py:154} INFO - [2023-12-27T11:27:45.972-0300] {dag.py:3722} INFO - Setting next_dagrun for example_external_task_marker_child to None, run_after=None
[2023-12-27T11:27:45.973-0300] {logging_mixin.py:154} INFO - [2023-12-27T11:27:45.973-0300] {dag.py:3722} INFO - Setting next_dagrun for example_external_task_marker_parent to None, run_after=None
[2023-12-27T11:27:45.989-0300] {processor.py:179} INFO - Processing /home/felipe/.local/lib/python3.11/site-packages/airflow/example_dags/example_external_task_marker_dag.py took 0.074 seconds
[2023-12-27T11:28:32.551-0300] {processor.py:157} INFO - Started process (PID=13628) to work on /home/felipe/.local/lib/python3.11/site-packages/airflow/example_dags/example_external_task_marker_dag.py
[2023-12-27T11:28:32.583-0300] {processor.py:829} INFO - Processing file /home/felipe/.local/lib/python3.11/site-packages/airflow/example_dags/example_external_task_marker_dag.py for tasks to queue
[2023-12-27T11:28:32.583-0300] {logging_mixin.py:154} INFO - [2023-12-27T11:28:32.583-0300] {dagbag.py:536} INFO - Filling up the DagBag from /home/felipe/.local/lib/python3.11/site-packages/airflow/example_dags/example_external_task_marker_dag.py
[2023-12-27T11:28:32.587-0300] {processor.py:839} INFO - DAG(s) dict_keys(['example_external_task_marker_parent', 'example_external_task_marker_child']) retrieved from /home/felipe/.local/lib/python3.11/site-packages/airflow/example_dags/example_external_task_marker_dag.py
[2023-12-27T11:28:32.598-0300] {logging_mixin.py:154} INFO - [2023-12-27T11:28:32.598-0300] {dag.py:2941} INFO - Sync 2 DAGs
[2023-12-27T11:28:32.604-0300] {logging_mixin.py:154} INFO - [2023-12-27T11:28:32.604-0300] {dag.py:3722} INFO - Setting next_dagrun for example_external_task_marker_child to None, run_after=None
[2023-12-27T11:28:32.605-0300] {logging_mixin.py:154} INFO - [2023-12-27T11:28:32.605-0300] {dag.py:3722} INFO - Setting next_dagrun for example_external_task_marker_parent to None, run_after=None
[2023-12-27T11:28:32.621-0300] {processor.py:179} INFO - Processing /home/felipe/.local/lib/python3.11/site-packages/airflow/example_dags/example_external_task_marker_dag.py took 0.072 seconds
[2023-12-27T11:29:20.498-0300] {processor.py:157} INFO - Started process (PID=13689) to work on /home/felipe/.local/lib/python3.11/site-packages/airflow/example_dags/example_external_task_marker_dag.py
[2023-12-27T11:29:20.530-0300] {processor.py:829} INFO - Processing file /home/felipe/.local/lib/python3.11/site-packages/airflow/example_dags/example_external_task_marker_dag.py for tasks to queue
[2023-12-27T11:29:20.531-0300] {logging_mixin.py:154} INFO - [2023-12-27T11:29:20.530-0300] {dagbag.py:536} INFO - Filling up the DagBag from /home/felipe/.local/lib/python3.11/site-packages/airflow/example_dags/example_external_task_marker_dag.py
[2023-12-27T11:29:20.534-0300] {processor.py:839} INFO - DAG(s) dict_keys(['example_external_task_marker_child', 'example_external_task_marker_parent']) retrieved from /home/felipe/.local/lib/python3.11/site-packages/airflow/example_dags/example_external_task_marker_dag.py
[2023-12-27T11:29:20.545-0300] {logging_mixin.py:154} INFO - [2023-12-27T11:29:20.545-0300] {dag.py:2941} INFO - Sync 2 DAGs
[2023-12-27T11:29:20.552-0300] {logging_mixin.py:154} INFO - [2023-12-27T11:29:20.552-0300] {dag.py:3722} INFO - Setting next_dagrun for example_external_task_marker_child to None, run_after=None
[2023-12-27T11:29:20.553-0300] {logging_mixin.py:154} INFO - [2023-12-27T11:29:20.553-0300] {dag.py:3722} INFO - Setting next_dagrun for example_external_task_marker_parent to None, run_after=None
[2023-12-27T11:29:20.569-0300] {processor.py:179} INFO - Processing /home/felipe/.local/lib/python3.11/site-packages/airflow/example_dags/example_external_task_marker_dag.py took 0.073 seconds
[2023-12-27T11:30:08.925-0300] {processor.py:157} INFO - Started process (PID=13752) to work on /home/felipe/.local/lib/python3.11/site-packages/airflow/example_dags/example_external_task_marker_dag.py
[2023-12-27T11:30:08.956-0300] {processor.py:829} INFO - Processing file /home/felipe/.local/lib/python3.11/site-packages/airflow/example_dags/example_external_task_marker_dag.py for tasks to queue
[2023-12-27T11:30:08.957-0300] {logging_mixin.py:154} INFO - [2023-12-27T11:30:08.957-0300] {dagbag.py:536} INFO - Filling up the DagBag from /home/felipe/.local/lib/python3.11/site-packages/airflow/example_dags/example_external_task_marker_dag.py
[2023-12-27T11:30:08.961-0300] {processor.py:839} INFO - DAG(s) dict_keys(['example_external_task_marker_child', 'example_external_task_marker_parent']) retrieved from /home/felipe/.local/lib/python3.11/site-packages/airflow/example_dags/example_external_task_marker_dag.py
[2023-12-27T11:30:08.971-0300] {logging_mixin.py:154} INFO - [2023-12-27T11:30:08.971-0300] {dag.py:2941} INFO - Sync 2 DAGs
[2023-12-27T11:30:08.977-0300] {logging_mixin.py:154} INFO - [2023-12-27T11:30:08.977-0300] {dag.py:3722} INFO - Setting next_dagrun for example_external_task_marker_child to None, run_after=None
[2023-12-27T11:30:08.979-0300] {logging_mixin.py:154} INFO - [2023-12-27T11:30:08.979-0300] {dag.py:3722} INFO - Setting next_dagrun for example_external_task_marker_parent to None, run_after=None
[2023-12-27T11:30:08.995-0300] {processor.py:179} INFO - Processing /home/felipe/.local/lib/python3.11/site-packages/airflow/example_dags/example_external_task_marker_dag.py took 0.072 seconds
[2023-12-27T11:30:51.839-0300] {processor.py:157} INFO - Started process (PID=13813) to work on /home/felipe/.local/lib/python3.11/site-packages/airflow/example_dags/example_external_task_marker_dag.py
[2023-12-27T11:30:51.871-0300] {processor.py:829} INFO - Processing file /home/felipe/.local/lib/python3.11/site-packages/airflow/example_dags/example_external_task_marker_dag.py for tasks to queue
[2023-12-27T11:30:51.871-0300] {logging_mixin.py:154} INFO - [2023-12-27T11:30:51.871-0300] {dagbag.py:536} INFO - Filling up the DagBag from /home/felipe/.local/lib/python3.11/site-packages/airflow/example_dags/example_external_task_marker_dag.py
[2023-12-27T11:30:51.875-0300] {processor.py:839} INFO - DAG(s) dict_keys(['example_external_task_marker_parent', 'example_external_task_marker_child']) retrieved from /home/felipe/.local/lib/python3.11/site-packages/airflow/example_dags/example_external_task_marker_dag.py
[2023-12-27T11:30:51.886-0300] {logging_mixin.py:154} INFO - [2023-12-27T11:30:51.886-0300] {dag.py:2941} INFO - Sync 2 DAGs
[2023-12-27T11:30:51.893-0300] {logging_mixin.py:154} INFO - [2023-12-27T11:30:51.893-0300] {dag.py:3722} INFO - Setting next_dagrun for example_external_task_marker_child to None, run_after=None
[2023-12-27T11:30:51.894-0300] {logging_mixin.py:154} INFO - [2023-12-27T11:30:51.894-0300] {dag.py:3722} INFO - Setting next_dagrun for example_external_task_marker_parent to None, run_after=None
[2023-12-27T11:30:51.910-0300] {processor.py:179} INFO - Processing /home/felipe/.local/lib/python3.11/site-packages/airflow/example_dags/example_external_task_marker_dag.py took 0.073 seconds
[2023-12-27T11:31:34.084-0300] {processor.py:157} INFO - Started process (PID=13873) to work on /home/felipe/.local/lib/python3.11/site-packages/airflow/example_dags/example_external_task_marker_dag.py
[2023-12-27T11:31:34.116-0300] {processor.py:829} INFO - Processing file /home/felipe/.local/lib/python3.11/site-packages/airflow/example_dags/example_external_task_marker_dag.py for tasks to queue
[2023-12-27T11:31:34.117-0300] {logging_mixin.py:154} INFO - [2023-12-27T11:31:34.117-0300] {dagbag.py:536} INFO - Filling up the DagBag from /home/felipe/.local/lib/python3.11/site-packages/airflow/example_dags/example_external_task_marker_dag.py
[2023-12-27T11:31:34.121-0300] {processor.py:839} INFO - DAG(s) dict_keys(['example_external_task_marker_child', 'example_external_task_marker_parent']) retrieved from /home/felipe/.local/lib/python3.11/site-packages/airflow/example_dags/example_external_task_marker_dag.py
[2023-12-27T11:31:34.132-0300] {logging_mixin.py:154} INFO - [2023-12-27T11:31:34.132-0300] {dag.py:2941} INFO - Sync 2 DAGs
[2023-12-27T11:31:34.137-0300] {logging_mixin.py:154} INFO - [2023-12-27T11:31:34.137-0300] {dag.py:3722} INFO - Setting next_dagrun for example_external_task_marker_child to None, run_after=None
[2023-12-27T11:31:34.139-0300] {logging_mixin.py:154} INFO - [2023-12-27T11:31:34.139-0300] {dag.py:3722} INFO - Setting next_dagrun for example_external_task_marker_parent to None, run_after=None
[2023-12-27T11:31:34.155-0300] {processor.py:179} INFO - Processing /home/felipe/.local/lib/python3.11/site-packages/airflow/example_dags/example_external_task_marker_dag.py took 0.072 seconds
[2023-12-27T14:19:05.153-0300] {processor.py:157} INFO - Started process (PID=10749) to work on /home/felipe/.local/lib/python3.11/site-packages/airflow/example_dags/example_external_task_marker_dag.py
[2023-12-27T14:19:05.185-0300] {processor.py:829} INFO - Processing file /home/felipe/.local/lib/python3.11/site-packages/airflow/example_dags/example_external_task_marker_dag.py for tasks to queue
[2023-12-27T14:19:05.185-0300] {logging_mixin.py:154} INFO - [2023-12-27T14:19:05.185-0300] {dagbag.py:536} INFO - Filling up the DagBag from /home/felipe/.local/lib/python3.11/site-packages/airflow/example_dags/example_external_task_marker_dag.py
[2023-12-27T14:19:05.189-0300] {processor.py:839} INFO - DAG(s) dict_keys(['example_external_task_marker_parent', 'example_external_task_marker_child']) retrieved from /home/felipe/.local/lib/python3.11/site-packages/airflow/example_dags/example_external_task_marker_dag.py
[2023-12-27T14:19:05.199-0300] {logging_mixin.py:154} INFO - [2023-12-27T14:19:05.199-0300] {dag.py:2941} INFO - Sync 2 DAGs
[2023-12-27T14:19:05.205-0300] {logging_mixin.py:154} INFO - [2023-12-27T14:19:05.204-0300] {dag.py:3722} INFO - Setting next_dagrun for example_external_task_marker_child to None, run_after=None
[2023-12-27T14:19:05.206-0300] {logging_mixin.py:154} INFO - [2023-12-27T14:19:05.206-0300] {dag.py:3722} INFO - Setting next_dagrun for example_external_task_marker_parent to None, run_after=None
[2023-12-27T14:19:05.222-0300] {processor.py:179} INFO - Processing /home/felipe/.local/lib/python3.11/site-packages/airflow/example_dags/example_external_task_marker_dag.py took 0.071 seconds
[2023-12-27T14:19:54.724-0300] {processor.py:157} INFO - Started process (PID=10933) to work on /home/felipe/.local/lib/python3.11/site-packages/airflow/example_dags/example_external_task_marker_dag.py
[2023-12-27T14:19:54.729-0300] {processor.py:829} INFO - Processing file /home/felipe/.local/lib/python3.11/site-packages/airflow/example_dags/example_external_task_marker_dag.py for tasks to queue
[2023-12-27T14:19:54.730-0300] {logging_mixin.py:154} INFO - [2023-12-27T14:19:54.729-0300] {dagbag.py:536} INFO - Filling up the DagBag from /home/felipe/.local/lib/python3.11/site-packages/airflow/example_dags/example_external_task_marker_dag.py
[2023-12-27T14:19:54.733-0300] {processor.py:839} INFO - DAG(s) dict_keys(['example_external_task_marker_child', 'example_external_task_marker_parent']) retrieved from /home/felipe/.local/lib/python3.11/site-packages/airflow/example_dags/example_external_task_marker_dag.py
[2023-12-27T14:19:54.744-0300] {logging_mixin.py:154} INFO - [2023-12-27T14:19:54.744-0300] {dag.py:2941} INFO - Sync 2 DAGs
[2023-12-27T14:19:54.749-0300] {logging_mixin.py:154} INFO - [2023-12-27T14:19:54.749-0300] {dag.py:3722} INFO - Setting next_dagrun for example_external_task_marker_child to None, run_after=None
[2023-12-27T14:19:54.751-0300] {logging_mixin.py:154} INFO - [2023-12-27T14:19:54.751-0300] {dag.py:3722} INFO - Setting next_dagrun for example_external_task_marker_parent to None, run_after=None
[2023-12-27T14:19:54.759-0300] {processor.py:179} INFO - Processing /home/felipe/.local/lib/python3.11/site-packages/airflow/example_dags/example_external_task_marker_dag.py took 0.038 seconds
[2023-12-27T14:20:53.606-0300] {processor.py:157} INFO - Started process (PID=11131) to work on /home/felipe/.local/lib/python3.11/site-packages/airflow/example_dags/example_external_task_marker_dag.py
[2023-12-27T14:20:53.638-0300] {processor.py:829} INFO - Processing file /home/felipe/.local/lib/python3.11/site-packages/airflow/example_dags/example_external_task_marker_dag.py for tasks to queue
[2023-12-27T14:20:53.639-0300] {logging_mixin.py:154} INFO - [2023-12-27T14:20:53.639-0300] {dagbag.py:536} INFO - Filling up the DagBag from /home/felipe/.local/lib/python3.11/site-packages/airflow/example_dags/example_external_task_marker_dag.py
[2023-12-27T14:20:53.643-0300] {processor.py:839} INFO - DAG(s) dict_keys(['example_external_task_marker_child', 'example_external_task_marker_parent']) retrieved from /home/felipe/.local/lib/python3.11/site-packages/airflow/example_dags/example_external_task_marker_dag.py
[2023-12-27T14:20:53.655-0300] {logging_mixin.py:154} INFO - [2023-12-27T14:20:53.655-0300] {dag.py:2941} INFO - Sync 2 DAGs
[2023-12-27T14:20:53.662-0300] {logging_mixin.py:154} INFO - [2023-12-27T14:20:53.662-0300] {dag.py:3722} INFO - Setting next_dagrun for example_external_task_marker_child to None, run_after=None
[2023-12-27T14:20:53.663-0300] {logging_mixin.py:154} INFO - [2023-12-27T14:20:53.663-0300] {dag.py:3722} INFO - Setting next_dagrun for example_external_task_marker_parent to None, run_after=None
[2023-12-27T14:20:53.680-0300] {processor.py:179} INFO - Processing /home/felipe/.local/lib/python3.11/site-packages/airflow/example_dags/example_external_task_marker_dag.py took 0.076 seconds
[2023-12-27T14:21:57.584-0300] {processor.py:157} INFO - Started process (PID=11469) to work on /home/felipe/.local/lib/python3.11/site-packages/airflow/example_dags/example_external_task_marker_dag.py
[2023-12-27T14:21:57.585-0300] {processor.py:829} INFO - Processing file /home/felipe/.local/lib/python3.11/site-packages/airflow/example_dags/example_external_task_marker_dag.py for tasks to queue
[2023-12-27T14:21:57.585-0300] {logging_mixin.py:154} INFO - [2023-12-27T14:21:57.585-0300] {dagbag.py:536} INFO - Filling up the DagBag from /home/felipe/.local/lib/python3.11/site-packages/airflow/example_dags/example_external_task_marker_dag.py
[2023-12-27T14:21:57.590-0300] {processor.py:839} INFO - DAG(s) dict_keys(['example_external_task_marker_child', 'example_external_task_marker_parent']) retrieved from /home/felipe/.local/lib/python3.11/site-packages/airflow/example_dags/example_external_task_marker_dag.py
[2023-12-27T14:21:57.601-0300] {logging_mixin.py:154} INFO - [2023-12-27T14:21:57.601-0300] {dag.py:2941} INFO - Sync 2 DAGs
[2023-12-27T14:21:57.606-0300] {logging_mixin.py:154} INFO - [2023-12-27T14:21:57.606-0300] {dag.py:3722} INFO - Setting next_dagrun for example_external_task_marker_child to None, run_after=None
[2023-12-27T14:21:57.608-0300] {logging_mixin.py:154} INFO - [2023-12-27T14:21:57.608-0300] {dag.py:3722} INFO - Setting next_dagrun for example_external_task_marker_parent to None, run_after=None
[2023-12-27T14:21:57.616-0300] {processor.py:179} INFO - Processing /home/felipe/.local/lib/python3.11/site-packages/airflow/example_dags/example_external_task_marker_dag.py took 0.034 seconds
[2023-12-27T14:22:53.828-0300] {processor.py:157} INFO - Started process (PID=12480) to work on /home/felipe/.local/lib/python3.11/site-packages/airflow/example_dags/example_external_task_marker_dag.py
[2023-12-27T14:22:53.829-0300] {processor.py:829} INFO - Processing file /home/felipe/.local/lib/python3.11/site-packages/airflow/example_dags/example_external_task_marker_dag.py for tasks to queue
[2023-12-27T14:22:53.830-0300] {logging_mixin.py:154} INFO - [2023-12-27T14:22:53.829-0300] {dagbag.py:536} INFO - Filling up the DagBag from /home/felipe/.local/lib/python3.11/site-packages/airflow/example_dags/example_external_task_marker_dag.py
[2023-12-27T14:22:53.834-0300] {processor.py:839} INFO - DAG(s) dict_keys(['example_external_task_marker_parent', 'example_external_task_marker_child']) retrieved from /home/felipe/.local/lib/python3.11/site-packages/airflow/example_dags/example_external_task_marker_dag.py
[2023-12-27T14:22:53.848-0300] {logging_mixin.py:154} INFO - [2023-12-27T14:22:53.848-0300] {dag.py:2941} INFO - Sync 2 DAGs
[2023-12-27T14:22:53.856-0300] {logging_mixin.py:154} INFO - [2023-12-27T14:22:53.856-0300] {dag.py:3722} INFO - Setting next_dagrun for example_external_task_marker_child to None, run_after=None
[2023-12-27T14:22:53.858-0300] {logging_mixin.py:154} INFO - [2023-12-27T14:22:53.858-0300] {dag.py:3722} INFO - Setting next_dagrun for example_external_task_marker_parent to None, run_after=None
[2023-12-27T14:22:53.874-0300] {processor.py:179} INFO - Processing /home/felipe/.local/lib/python3.11/site-packages/airflow/example_dags/example_external_task_marker_dag.py took 0.048 seconds
[2023-12-27T14:24:18.029-0300] {processor.py:157} INFO - Started process (PID=12754) to work on /home/felipe/.local/lib/python3.11/site-packages/airflow/example_dags/example_external_task_marker_dag.py
[2023-12-27T14:24:18.030-0300] {processor.py:829} INFO - Processing file /home/felipe/.local/lib/python3.11/site-packages/airflow/example_dags/example_external_task_marker_dag.py for tasks to queue
[2023-12-27T14:24:18.031-0300] {logging_mixin.py:154} INFO - [2023-12-27T14:24:18.031-0300] {dagbag.py:536} INFO - Filling up the DagBag from /home/felipe/.local/lib/python3.11/site-packages/airflow/example_dags/example_external_task_marker_dag.py
[2023-12-27T14:24:18.034-0300] {processor.py:839} INFO - DAG(s) dict_keys(['example_external_task_marker_parent', 'example_external_task_marker_child']) retrieved from /home/felipe/.local/lib/python3.11/site-packages/airflow/example_dags/example_external_task_marker_dag.py
[2023-12-27T14:24:18.045-0300] {logging_mixin.py:154} INFO - [2023-12-27T14:24:18.045-0300] {dag.py:2941} INFO - Sync 2 DAGs
[2023-12-27T14:24:18.051-0300] {logging_mixin.py:154} INFO - [2023-12-27T14:24:18.051-0300] {dag.py:3722} INFO - Setting next_dagrun for example_external_task_marker_child to None, run_after=None
[2023-12-27T14:24:18.053-0300] {logging_mixin.py:154} INFO - [2023-12-27T14:24:18.053-0300] {dag.py:3722} INFO - Setting next_dagrun for example_external_task_marker_parent to None, run_after=None
[2023-12-27T14:24:18.069-0300] {processor.py:179} INFO - Processing /home/felipe/.local/lib/python3.11/site-packages/airflow/example_dags/example_external_task_marker_dag.py took 0.041 seconds
[2023-12-27T14:25:28.969-0300] {processor.py:157} INFO - Started process (PID=12852) to work on /home/felipe/.local/lib/python3.11/site-packages/airflow/example_dags/example_external_task_marker_dag.py
[2023-12-27T14:25:29.001-0300] {processor.py:829} INFO - Processing file /home/felipe/.local/lib/python3.11/site-packages/airflow/example_dags/example_external_task_marker_dag.py for tasks to queue
[2023-12-27T14:25:29.001-0300] {logging_mixin.py:154} INFO - [2023-12-27T14:25:29.001-0300] {dagbag.py:536} INFO - Filling up the DagBag from /home/felipe/.local/lib/python3.11/site-packages/airflow/example_dags/example_external_task_marker_dag.py
[2023-12-27T14:25:29.005-0300] {processor.py:839} INFO - DAG(s) dict_keys(['example_external_task_marker_parent', 'example_external_task_marker_child']) retrieved from /home/felipe/.local/lib/python3.11/site-packages/airflow/example_dags/example_external_task_marker_dag.py
[2023-12-27T14:25:29.015-0300] {logging_mixin.py:154} INFO - [2023-12-27T14:25:29.015-0300] {dag.py:2941} INFO - Sync 2 DAGs
[2023-12-27T14:25:29.021-0300] {logging_mixin.py:154} INFO - [2023-12-27T14:25:29.021-0300] {dag.py:3722} INFO - Setting next_dagrun for example_external_task_marker_child to None, run_after=None
[2023-12-27T14:25:29.022-0300] {logging_mixin.py:154} INFO - [2023-12-27T14:25:29.022-0300] {dag.py:3722} INFO - Setting next_dagrun for example_external_task_marker_parent to None, run_after=None
[2023-12-27T14:25:29.038-0300] {processor.py:179} INFO - Processing /home/felipe/.local/lib/python3.11/site-packages/airflow/example_dags/example_external_task_marker_dag.py took 0.071 seconds
