[2023-12-27T11:26:46.127-0300] {processor.py:157} INFO - Started process (PID=13390) to work on /home/felipe/.local/lib/python3.11/site-packages/airflow/example_dags/example_sensors.py
[2023-12-27T11:26:46.128-0300] {processor.py:829} INFO - Processing file /home/felipe/.local/lib/python3.11/site-packages/airflow/example_dags/example_sensors.py for tasks to queue
[2023-12-27T11:26:46.128-0300] {logging_mixin.py:154} INFO - [2023-12-27T11:26:46.128-0300] {dagbag.py:536} INFO - Filling up the DagBag from /home/felipe/.local/lib/python3.11/site-packages/airflow/example_dags/example_sensors.py
[2023-12-27T11:26:46.135-0300] {processor.py:839} INFO - DAG(s) dict_keys(['example_sensors']) retrieved from /home/felipe/.local/lib/python3.11/site-packages/airflow/example_dags/example_sensors.py
[2023-12-27T11:26:46.202-0300] {logging_mixin.py:154} INFO - [2023-12-27T11:26:46.202-0300] {manager.py:499} INFO - Created Permission View: %s
[2023-12-27T11:26:46.207-0300] {logging_mixin.py:154} INFO - [2023-12-27T11:26:46.207-0300] {manager.py:499} INFO - Created Permission View: %s
[2023-12-27T11:26:46.210-0300] {logging_mixin.py:154} INFO - [2023-12-27T11:26:46.210-0300] {manager.py:499} INFO - Created Permission View: %s
[2023-12-27T11:26:46.210-0300] {logging_mixin.py:154} INFO - [2023-12-27T11:26:46.210-0300] {dag.py:2941} INFO - Sync 1 DAGs
[2023-12-27T11:26:46.215-0300] {logging_mixin.py:154} INFO - [2023-12-27T11:26:46.215-0300] {dag.py:2963} INFO - Creating ORM DAG for example_sensors
[2023-12-27T11:26:46.215-0300] {logging_mixin.py:154} INFO - [2023-12-27T11:26:46.215-0300] {dag.py:3722} INFO - Setting next_dagrun for example_sensors to None, run_after=None
[2023-12-27T11:26:46.223-0300] {processor.py:179} INFO - Processing /home/felipe/.local/lib/python3.11/site-packages/airflow/example_dags/example_sensors.py took 0.098 seconds
[2023-12-27T11:27:30.503-0300] {processor.py:157} INFO - Started process (PID=13528) to work on /home/felipe/.local/lib/python3.11/site-packages/airflow/example_dags/example_sensors.py
[2023-12-27T11:27:30.535-0300] {processor.py:829} INFO - Processing file /home/felipe/.local/lib/python3.11/site-packages/airflow/example_dags/example_sensors.py for tasks to queue
[2023-12-27T11:27:30.536-0300] {logging_mixin.py:154} INFO - [2023-12-27T11:27:30.536-0300] {dagbag.py:536} INFO - Filling up the DagBag from /home/felipe/.local/lib/python3.11/site-packages/airflow/example_dags/example_sensors.py
[2023-12-27T11:27:30.543-0300] {processor.py:839} INFO - DAG(s) dict_keys(['example_sensors']) retrieved from /home/felipe/.local/lib/python3.11/site-packages/airflow/example_dags/example_sensors.py
[2023-12-27T11:27:30.556-0300] {logging_mixin.py:154} INFO - [2023-12-27T11:27:30.556-0300] {dag.py:2941} INFO - Sync 1 DAGs
[2023-12-27T11:27:30.562-0300] {logging_mixin.py:154} INFO - [2023-12-27T11:27:30.562-0300] {dag.py:3722} INFO - Setting next_dagrun for example_sensors to None, run_after=None
[2023-12-27T11:27:30.578-0300] {processor.py:179} INFO - Processing /home/felipe/.local/lib/python3.11/site-packages/airflow/example_dags/example_sensors.py took 0.077 seconds
[2023-12-27T11:28:15.939-0300] {processor.py:157} INFO - Started process (PID=13599) to work on /home/felipe/.local/lib/python3.11/site-packages/airflow/example_dags/example_sensors.py
[2023-12-27T11:28:15.940-0300] {processor.py:829} INFO - Processing file /home/felipe/.local/lib/python3.11/site-packages/airflow/example_dags/example_sensors.py for tasks to queue
[2023-12-27T11:28:15.940-0300] {logging_mixin.py:154} INFO - [2023-12-27T11:28:15.940-0300] {dagbag.py:536} INFO - Filling up the DagBag from /home/felipe/.local/lib/python3.11/site-packages/airflow/example_dags/example_sensors.py
[2023-12-27T11:28:15.946-0300] {processor.py:839} INFO - DAG(s) dict_keys(['example_sensors']) retrieved from /home/felipe/.local/lib/python3.11/site-packages/airflow/example_dags/example_sensors.py
[2023-12-27T11:28:15.957-0300] {logging_mixin.py:154} INFO - [2023-12-27T11:28:15.957-0300] {dag.py:2941} INFO - Sync 1 DAGs
[2023-12-27T11:28:15.963-0300] {logging_mixin.py:154} INFO - [2023-12-27T11:28:15.963-0300] {dag.py:3722} INFO - Setting next_dagrun for example_sensors to None, run_after=None
[2023-12-27T11:28:15.973-0300] {processor.py:179} INFO - Processing /home/felipe/.local/lib/python3.11/site-packages/airflow/example_dags/example_sensors.py took 0.035 seconds
[2023-12-27T11:29:01.366-0300] {processor.py:157} INFO - Started process (PID=13659) to work on /home/felipe/.local/lib/python3.11/site-packages/airflow/example_dags/example_sensors.py
[2023-12-27T11:29:01.398-0300] {processor.py:829} INFO - Processing file /home/felipe/.local/lib/python3.11/site-packages/airflow/example_dags/example_sensors.py for tasks to queue
[2023-12-27T11:29:01.398-0300] {logging_mixin.py:154} INFO - [2023-12-27T11:29:01.398-0300] {dagbag.py:536} INFO - Filling up the DagBag from /home/felipe/.local/lib/python3.11/site-packages/airflow/example_dags/example_sensors.py
[2023-12-27T11:29:01.404-0300] {processor.py:839} INFO - DAG(s) dict_keys(['example_sensors']) retrieved from /home/felipe/.local/lib/python3.11/site-packages/airflow/example_dags/example_sensors.py
[2023-12-27T11:29:01.415-0300] {logging_mixin.py:154} INFO - [2023-12-27T11:29:01.415-0300] {dag.py:2941} INFO - Sync 1 DAGs
[2023-12-27T11:29:01.421-0300] {logging_mixin.py:154} INFO - [2023-12-27T11:29:01.421-0300] {dag.py:3722} INFO - Setting next_dagrun for example_sensors to None, run_after=None
[2023-12-27T11:29:01.437-0300] {processor.py:179} INFO - Processing /home/felipe/.local/lib/python3.11/site-packages/airflow/example_dags/example_sensors.py took 0.074 seconds
[2023-12-27T11:29:47.000-0300] {processor.py:157} INFO - Started process (PID=13717) to work on /home/felipe/.local/lib/python3.11/site-packages/airflow/example_dags/example_sensors.py
[2023-12-27T11:29:47.032-0300] {processor.py:829} INFO - Processing file /home/felipe/.local/lib/python3.11/site-packages/airflow/example_dags/example_sensors.py for tasks to queue
[2023-12-27T11:29:47.033-0300] {logging_mixin.py:154} INFO - [2023-12-27T11:29:47.032-0300] {dagbag.py:536} INFO - Filling up the DagBag from /home/felipe/.local/lib/python3.11/site-packages/airflow/example_dags/example_sensors.py
[2023-12-27T11:29:47.038-0300] {processor.py:839} INFO - DAG(s) dict_keys(['example_sensors']) retrieved from /home/felipe/.local/lib/python3.11/site-packages/airflow/example_dags/example_sensors.py
[2023-12-27T11:29:47.049-0300] {logging_mixin.py:154} INFO - [2023-12-27T11:29:47.049-0300] {dag.py:2941} INFO - Sync 1 DAGs
[2023-12-27T11:29:47.054-0300] {logging_mixin.py:154} INFO - [2023-12-27T11:29:47.054-0300] {dag.py:3722} INFO - Setting next_dagrun for example_sensors to None, run_after=None
[2023-12-27T11:29:47.071-0300] {processor.py:179} INFO - Processing /home/felipe/.local/lib/python3.11/site-packages/airflow/example_dags/example_sensors.py took 0.072 seconds
[2023-12-27T11:30:35.015-0300] {processor.py:157} INFO - Started process (PID=13791) to work on /home/felipe/.local/lib/python3.11/site-packages/airflow/example_dags/example_sensors.py
[2023-12-27T11:30:35.047-0300] {processor.py:829} INFO - Processing file /home/felipe/.local/lib/python3.11/site-packages/airflow/example_dags/example_sensors.py for tasks to queue
[2023-12-27T11:30:35.047-0300] {logging_mixin.py:154} INFO - [2023-12-27T11:30:35.047-0300] {dagbag.py:536} INFO - Filling up the DagBag from /home/felipe/.local/lib/python3.11/site-packages/airflow/example_dags/example_sensors.py
[2023-12-27T11:30:35.053-0300] {processor.py:839} INFO - DAG(s) dict_keys(['example_sensors']) retrieved from /home/felipe/.local/lib/python3.11/site-packages/airflow/example_dags/example_sensors.py
[2023-12-27T11:30:35.064-0300] {logging_mixin.py:154} INFO - [2023-12-27T11:30:35.064-0300] {dag.py:2941} INFO - Sync 1 DAGs
[2023-12-27T11:30:35.070-0300] {logging_mixin.py:154} INFO - [2023-12-27T11:30:35.070-0300] {dag.py:3722} INFO - Setting next_dagrun for example_sensors to None, run_after=None
[2023-12-27T11:30:35.087-0300] {processor.py:179} INFO - Processing /home/felipe/.local/lib/python3.11/site-packages/airflow/example_dags/example_sensors.py took 0.074 seconds
[2023-12-27T11:31:19.799-0300] {processor.py:157} INFO - Started process (PID=13855) to work on /home/felipe/.local/lib/python3.11/site-packages/airflow/example_dags/example_sensors.py
[2023-12-27T11:31:19.831-0300] {processor.py:829} INFO - Processing file /home/felipe/.local/lib/python3.11/site-packages/airflow/example_dags/example_sensors.py for tasks to queue
[2023-12-27T11:31:19.831-0300] {logging_mixin.py:154} INFO - [2023-12-27T11:31:19.831-0300] {dagbag.py:536} INFO - Filling up the DagBag from /home/felipe/.local/lib/python3.11/site-packages/airflow/example_dags/example_sensors.py
[2023-12-27T11:31:19.837-0300] {processor.py:839} INFO - DAG(s) dict_keys(['example_sensors']) retrieved from /home/felipe/.local/lib/python3.11/site-packages/airflow/example_dags/example_sensors.py
[2023-12-27T11:31:19.848-0300] {logging_mixin.py:154} INFO - [2023-12-27T11:31:19.848-0300] {dag.py:2941} INFO - Sync 1 DAGs
[2023-12-27T11:31:19.854-0300] {logging_mixin.py:154} INFO - [2023-12-27T11:31:19.854-0300] {dag.py:3722} INFO - Setting next_dagrun for example_sensors to None, run_after=None
[2023-12-27T11:31:19.871-0300] {processor.py:179} INFO - Processing /home/felipe/.local/lib/python3.11/site-packages/airflow/example_dags/example_sensors.py took 0.074 seconds
[2023-12-27T14:18:50.112-0300] {processor.py:157} INFO - Started process (PID=10723) to work on /home/felipe/.local/lib/python3.11/site-packages/airflow/example_dags/example_sensors.py
[2023-12-27T14:18:50.144-0300] {processor.py:829} INFO - Processing file /home/felipe/.local/lib/python3.11/site-packages/airflow/example_dags/example_sensors.py for tasks to queue
[2023-12-27T14:18:50.144-0300] {logging_mixin.py:154} INFO - [2023-12-27T14:18:50.144-0300] {dagbag.py:536} INFO - Filling up the DagBag from /home/felipe/.local/lib/python3.11/site-packages/airflow/example_dags/example_sensors.py
[2023-12-27T14:18:50.151-0300] {processor.py:839} INFO - DAG(s) dict_keys(['example_sensors']) retrieved from /home/felipe/.local/lib/python3.11/site-packages/airflow/example_dags/example_sensors.py
[2023-12-27T14:18:50.155-0300] {logging_mixin.py:154} INFO - [2023-12-27T14:18:50.155-0300] {dag.py:2941} INFO - Sync 1 DAGs
[2023-12-27T14:18:50.161-0300] {logging_mixin.py:154} INFO - [2023-12-27T14:18:50.161-0300] {dag.py:3722} INFO - Setting next_dagrun for example_sensors to None, run_after=None
[2023-12-27T14:18:50.178-0300] {processor.py:179} INFO - Processing /home/felipe/.local/lib/python3.11/site-packages/airflow/example_dags/example_sensors.py took 0.069 seconds
[2023-12-27T14:19:39.253-0300] {processor.py:157} INFO - Started process (PID=10887) to work on /home/felipe/.local/lib/python3.11/site-packages/airflow/example_dags/example_sensors.py
[2023-12-27T14:19:39.285-0300] {processor.py:829} INFO - Processing file /home/felipe/.local/lib/python3.11/site-packages/airflow/example_dags/example_sensors.py for tasks to queue
[2023-12-27T14:19:39.286-0300] {logging_mixin.py:154} INFO - [2023-12-27T14:19:39.286-0300] {dagbag.py:536} INFO - Filling up the DagBag from /home/felipe/.local/lib/python3.11/site-packages/airflow/example_dags/example_sensors.py
[2023-12-27T14:19:39.292-0300] {processor.py:839} INFO - DAG(s) dict_keys(['example_sensors']) retrieved from /home/felipe/.local/lib/python3.11/site-packages/airflow/example_dags/example_sensors.py
[2023-12-27T14:19:39.303-0300] {logging_mixin.py:154} INFO - [2023-12-27T14:19:39.303-0300] {dag.py:2941} INFO - Sync 1 DAGs
[2023-12-27T14:19:39.308-0300] {logging_mixin.py:154} INFO - [2023-12-27T14:19:39.308-0300] {dag.py:3722} INFO - Setting next_dagrun for example_sensors to None, run_after=None
[2023-12-27T14:19:39.325-0300] {processor.py:179} INFO - Processing /home/felipe/.local/lib/python3.11/site-packages/airflow/example_dags/example_sensors.py took 0.073 seconds
[2023-12-27T14:20:28.645-0300] {processor.py:157} INFO - Started process (PID=11073) to work on /home/felipe/.local/lib/python3.11/site-packages/airflow/example_dags/example_sensors.py
[2023-12-27T14:20:28.677-0300] {processor.py:829} INFO - Processing file /home/felipe/.local/lib/python3.11/site-packages/airflow/example_dags/example_sensors.py for tasks to queue
[2023-12-27T14:20:28.677-0300] {logging_mixin.py:154} INFO - [2023-12-27T14:20:28.677-0300] {dagbag.py:536} INFO - Filling up the DagBag from /home/felipe/.local/lib/python3.11/site-packages/airflow/example_dags/example_sensors.py
[2023-12-27T14:20:28.683-0300] {processor.py:839} INFO - DAG(s) dict_keys(['example_sensors']) retrieved from /home/felipe/.local/lib/python3.11/site-packages/airflow/example_dags/example_sensors.py
[2023-12-27T14:20:28.693-0300] {logging_mixin.py:154} INFO - [2023-12-27T14:20:28.693-0300] {dag.py:2941} INFO - Sync 1 DAGs
[2023-12-27T14:20:28.699-0300] {logging_mixin.py:154} INFO - [2023-12-27T14:20:28.699-0300] {dag.py:3722} INFO - Setting next_dagrun for example_sensors to None, run_after=None
[2023-12-27T14:20:28.716-0300] {processor.py:179} INFO - Processing /home/felipe/.local/lib/python3.11/site-packages/airflow/example_dags/example_sensors.py took 0.073 seconds
[2023-12-27T14:21:26.186-0300] {processor.py:157} INFO - Started process (PID=11392) to work on /home/felipe/.local/lib/python3.11/site-packages/airflow/example_dags/example_sensors.py
[2023-12-27T14:21:26.187-0300] {processor.py:829} INFO - Processing file /home/felipe/.local/lib/python3.11/site-packages/airflow/example_dags/example_sensors.py for tasks to queue
[2023-12-27T14:21:26.187-0300] {logging_mixin.py:154} INFO - [2023-12-27T14:21:26.187-0300] {dagbag.py:536} INFO - Filling up the DagBag from /home/felipe/.local/lib/python3.11/site-packages/airflow/example_dags/example_sensors.py
[2023-12-27T14:21:26.195-0300] {processor.py:839} INFO - DAG(s) dict_keys(['example_sensors']) retrieved from /home/felipe/.local/lib/python3.11/site-packages/airflow/example_dags/example_sensors.py
[2023-12-27T14:21:26.206-0300] {logging_mixin.py:154} INFO - [2023-12-27T14:21:26.206-0300] {dag.py:2941} INFO - Sync 1 DAGs
[2023-12-27T14:21:26.211-0300] {logging_mixin.py:154} INFO - [2023-12-27T14:21:26.211-0300] {dag.py:3722} INFO - Setting next_dagrun for example_sensors to None, run_after=None
[2023-12-27T14:21:26.225-0300] {processor.py:179} INFO - Processing /home/felipe/.local/lib/python3.11/site-packages/airflow/example_dags/example_sensors.py took 0.040 seconds
[2023-12-27T14:22:20.057-0300] {processor.py:157} INFO - Started process (PID=12053) to work on /home/felipe/.local/lib/python3.11/site-packages/airflow/example_dags/example_sensors.py
[2023-12-27T14:22:20.057-0300] {processor.py:829} INFO - Processing file /home/felipe/.local/lib/python3.11/site-packages/airflow/example_dags/example_sensors.py for tasks to queue
[2023-12-27T14:22:20.058-0300] {logging_mixin.py:154} INFO - [2023-12-27T14:22:20.057-0300] {dagbag.py:536} INFO - Filling up the DagBag from /home/felipe/.local/lib/python3.11/site-packages/airflow/example_dags/example_sensors.py
[2023-12-27T14:22:20.064-0300] {processor.py:839} INFO - DAG(s) dict_keys(['example_sensors']) retrieved from /home/felipe/.local/lib/python3.11/site-packages/airflow/example_dags/example_sensors.py
[2023-12-27T14:22:20.076-0300] {logging_mixin.py:154} INFO - [2023-12-27T14:22:20.076-0300] {dag.py:2941} INFO - Sync 1 DAGs
[2023-12-27T14:22:20.082-0300] {logging_mixin.py:154} INFO - [2023-12-27T14:22:20.082-0300] {dag.py:3722} INFO - Setting next_dagrun for example_sensors to None, run_after=None
[2023-12-27T14:22:20.101-0300] {processor.py:179} INFO - Processing /home/felipe/.local/lib/python3.11/site-packages/airflow/example_dags/example_sensors.py took 0.047 seconds
[2023-12-27T14:23:32.713-0300] {processor.py:157} INFO - Started process (PID=12681) to work on /home/felipe/.local/lib/python3.11/site-packages/airflow/example_dags/example_sensors.py
[2023-12-27T14:23:32.745-0300] {processor.py:829} INFO - Processing file /home/felipe/.local/lib/python3.11/site-packages/airflow/example_dags/example_sensors.py for tasks to queue
[2023-12-27T14:23:32.745-0300] {logging_mixin.py:154} INFO - [2023-12-27T14:23:32.745-0300] {dagbag.py:536} INFO - Filling up the DagBag from /home/felipe/.local/lib/python3.11/site-packages/airflow/example_dags/example_sensors.py
[2023-12-27T14:23:32.751-0300] {processor.py:839} INFO - DAG(s) dict_keys(['example_sensors']) retrieved from /home/felipe/.local/lib/python3.11/site-packages/airflow/example_dags/example_sensors.py
[2023-12-27T14:23:32.762-0300] {logging_mixin.py:154} INFO - [2023-12-27T14:23:32.762-0300] {dag.py:2941} INFO - Sync 1 DAGs
[2023-12-27T14:23:32.768-0300] {logging_mixin.py:154} INFO - [2023-12-27T14:23:32.768-0300] {dag.py:3722} INFO - Setting next_dagrun for example_sensors to None, run_after=None
[2023-12-27T14:23:32.788-0300] {processor.py:179} INFO - Processing /home/felipe/.local/lib/python3.11/site-packages/airflow/example_dags/example_sensors.py took 0.077 seconds
[2023-12-27T14:25:03.458-0300] {processor.py:157} INFO - Started process (PID=12811) to work on /home/felipe/.local/lib/python3.11/site-packages/airflow/example_dags/example_sensors.py
[2023-12-27T14:25:03.458-0300] {processor.py:829} INFO - Processing file /home/felipe/.local/lib/python3.11/site-packages/airflow/example_dags/example_sensors.py for tasks to queue
[2023-12-27T14:25:03.459-0300] {logging_mixin.py:154} INFO - [2023-12-27T14:25:03.458-0300] {dagbag.py:536} INFO - Filling up the DagBag from /home/felipe/.local/lib/python3.11/site-packages/airflow/example_dags/example_sensors.py
[2023-12-27T14:25:03.466-0300] {processor.py:839} INFO - DAG(s) dict_keys(['example_sensors']) retrieved from /home/felipe/.local/lib/python3.11/site-packages/airflow/example_dags/example_sensors.py
[2023-12-27T14:25:03.477-0300] {logging_mixin.py:154} INFO - [2023-12-27T14:25:03.477-0300] {dag.py:2941} INFO - Sync 1 DAGs
[2023-12-27T14:25:03.483-0300] {logging_mixin.py:154} INFO - [2023-12-27T14:25:03.482-0300] {dag.py:3722} INFO - Setting next_dagrun for example_sensors to None, run_after=None
[2023-12-27T14:25:03.499-0300] {processor.py:179} INFO - Processing /home/felipe/.local/lib/python3.11/site-packages/airflow/example_dags/example_sensors.py took 0.043 seconds
