[2023-12-27T11:26:39.604-0300] {processor.py:157} INFO - Started process (PID=13383) to work on /home/felipe/.local/lib/python3.11/site-packages/airflow/example_dags/example_datasets.py
[2023-12-27T11:26:39.605-0300] {processor.py:829} INFO - Processing file /home/felipe/.local/lib/python3.11/site-packages/airflow/example_dags/example_datasets.py for tasks to queue
[2023-12-27T11:26:39.605-0300] {logging_mixin.py:154} INFO - [2023-12-27T11:26:39.605-0300] {dagbag.py:536} INFO - Filling up the DagBag from /home/felipe/.local/lib/python3.11/site-packages/airflow/example_dags/example_datasets.py
[2023-12-27T11:26:39.614-0300] {processor.py:839} INFO - DAG(s) dict_keys(['dataset_produces_1', 'dataset_consumes_1_and_2', 'dataset_consumes_unknown_never_scheduled', 'dataset_consumes_1', 'dataset_consumes_1_never_scheduled', 'dataset_produces_2']) retrieved from /home/felipe/.local/lib/python3.11/site-packages/airflow/example_dags/example_datasets.py
[2023-12-27T11:26:39.700-0300] {logging_mixin.py:154} INFO - [2023-12-27T11:26:39.700-0300] {manager.py:499} INFO - Created Permission View: %s
[2023-12-27T11:26:39.705-0300] {logging_mixin.py:154} INFO - [2023-12-27T11:26:39.704-0300] {manager.py:499} INFO - Created Permission View: %s
[2023-12-27T11:26:39.708-0300] {logging_mixin.py:154} INFO - [2023-12-27T11:26:39.708-0300] {manager.py:499} INFO - Created Permission View: %s
[2023-12-27T11:26:39.715-0300] {logging_mixin.py:154} INFO - [2023-12-27T11:26:39.714-0300] {manager.py:499} INFO - Created Permission View: %s
[2023-12-27T11:26:39.718-0300] {logging_mixin.py:154} INFO - [2023-12-27T11:26:39.718-0300] {manager.py:499} INFO - Created Permission View: %s
[2023-12-27T11:26:39.726-0300] {logging_mixin.py:154} INFO - [2023-12-27T11:26:39.726-0300] {manager.py:499} INFO - Created Permission View: %s
[2023-12-27T11:26:39.732-0300] {logging_mixin.py:154} INFO - [2023-12-27T11:26:39.732-0300] {manager.py:499} INFO - Created Permission View: %s
[2023-12-27T11:26:39.735-0300] {logging_mixin.py:154} INFO - [2023-12-27T11:26:39.735-0300] {manager.py:499} INFO - Created Permission View: %s
[2023-12-27T11:26:39.739-0300] {logging_mixin.py:154} INFO - [2023-12-27T11:26:39.738-0300] {manager.py:499} INFO - Created Permission View: %s
[2023-12-27T11:26:39.745-0300] {logging_mixin.py:154} INFO - [2023-12-27T11:26:39.745-0300] {manager.py:499} INFO - Created Permission View: %s
[2023-12-27T11:26:39.748-0300] {logging_mixin.py:154} INFO - [2023-12-27T11:26:39.748-0300] {manager.py:499} INFO - Created Permission View: %s
[2023-12-27T11:26:39.751-0300] {logging_mixin.py:154} INFO - [2023-12-27T11:26:39.751-0300] {manager.py:499} INFO - Created Permission View: %s
[2023-12-27T11:26:39.757-0300] {logging_mixin.py:154} INFO - [2023-12-27T11:26:39.757-0300] {manager.py:499} INFO - Created Permission View: %s
[2023-12-27T11:26:39.760-0300] {logging_mixin.py:154} INFO - [2023-12-27T11:26:39.760-0300] {manager.py:499} INFO - Created Permission View: %s
[2023-12-27T11:26:39.763-0300] {logging_mixin.py:154} INFO - [2023-12-27T11:26:39.763-0300] {manager.py:499} INFO - Created Permission View: %s
[2023-12-27T11:26:39.769-0300] {logging_mixin.py:154} INFO - [2023-12-27T11:26:39.769-0300] {manager.py:499} INFO - Created Permission View: %s
[2023-12-27T11:26:39.772-0300] {logging_mixin.py:154} INFO - [2023-12-27T11:26:39.772-0300] {manager.py:499} INFO - Created Permission View: %s
[2023-12-27T11:26:39.775-0300] {logging_mixin.py:154} INFO - [2023-12-27T11:26:39.775-0300] {manager.py:499} INFO - Created Permission View: %s
[2023-12-27T11:26:39.775-0300] {logging_mixin.py:154} INFO - [2023-12-27T11:26:39.775-0300] {dag.py:2941} INFO - Sync 6 DAGs
[2023-12-27T11:26:39.780-0300] {logging_mixin.py:154} INFO - [2023-12-27T11:26:39.780-0300] {dag.py:2963} INFO - Creating ORM DAG for dataset_consumes_1
[2023-12-27T11:26:39.780-0300] {logging_mixin.py:154} INFO - [2023-12-27T11:26:39.780-0300] {dag.py:2963} INFO - Creating ORM DAG for dataset_produces_1
[2023-12-27T11:26:39.780-0300] {logging_mixin.py:154} INFO - [2023-12-27T11:26:39.780-0300] {dag.py:2963} INFO - Creating ORM DAG for dataset_consumes_unknown_never_scheduled
[2023-12-27T11:26:39.780-0300] {logging_mixin.py:154} INFO - [2023-12-27T11:26:39.780-0300] {dag.py:2963} INFO - Creating ORM DAG for dataset_consumes_1_never_scheduled
[2023-12-27T11:26:39.781-0300] {logging_mixin.py:154} INFO - [2023-12-27T11:26:39.781-0300] {dag.py:2963} INFO - Creating ORM DAG for dataset_consumes_1_and_2
[2023-12-27T11:26:39.781-0300] {logging_mixin.py:154} INFO - [2023-12-27T11:26:39.781-0300] {dag.py:2963} INFO - Creating ORM DAG for dataset_produces_2
[2023-12-27T11:26:39.784-0300] {logging_mixin.py:154} INFO - [2023-12-27T11:26:39.784-0300] {dag.py:3722} INFO - Setting next_dagrun for dataset_consumes_1 to None, run_after=None
[2023-12-27T11:26:39.785-0300] {logging_mixin.py:154} INFO - [2023-12-27T11:26:39.785-0300] {dag.py:3722} INFO - Setting next_dagrun for dataset_consumes_1_and_2 to None, run_after=None
[2023-12-27T11:26:39.785-0300] {logging_mixin.py:154} INFO - [2023-12-27T11:26:39.785-0300] {dag.py:3722} INFO - Setting next_dagrun for dataset_consumes_1_never_scheduled to None, run_after=None
[2023-12-27T11:26:39.785-0300] {logging_mixin.py:154} INFO - [2023-12-27T11:26:39.785-0300] {dag.py:3722} INFO - Setting next_dagrun for dataset_consumes_unknown_never_scheduled to None, run_after=None
[2023-12-27T11:26:39.786-0300] {logging_mixin.py:154} INFO - [2023-12-27T11:26:39.786-0300] {dag.py:3722} INFO - Setting next_dagrun for dataset_produces_1 to 2023-12-26T00:00:00+00:00, run_after=2023-12-27T00:00:00+00:00
[2023-12-27T11:26:39.787-0300] {logging_mixin.py:154} INFO - [2023-12-27T11:26:39.787-0300] {dag.py:3722} INFO - Setting next_dagrun for dataset_produces_2 to None, run_after=None
[2023-12-27T11:26:39.800-0300] {processor.py:179} INFO - Processing /home/felipe/.local/lib/python3.11/site-packages/airflow/example_dags/example_datasets.py took 0.198 seconds
[2023-12-27T11:27:26.487-0300] {processor.py:157} INFO - Started process (PID=13515) to work on /home/felipe/.local/lib/python3.11/site-packages/airflow/example_dags/example_datasets.py
[2023-12-27T11:27:26.519-0300] {processor.py:829} INFO - Processing file /home/felipe/.local/lib/python3.11/site-packages/airflow/example_dags/example_datasets.py for tasks to queue
[2023-12-27T11:27:26.519-0300] {logging_mixin.py:154} INFO - [2023-12-27T11:27:26.519-0300] {dagbag.py:536} INFO - Filling up the DagBag from /home/felipe/.local/lib/python3.11/site-packages/airflow/example_dags/example_datasets.py
[2023-12-27T11:27:26.525-0300] {processor.py:839} INFO - DAG(s) dict_keys(['dataset_produces_2', 'dataset_consumes_1', 'dataset_consumes_unknown_never_scheduled', 'dataset_produces_1', 'dataset_consumes_1_never_scheduled', 'dataset_consumes_1_and_2']) retrieved from /home/felipe/.local/lib/python3.11/site-packages/airflow/example_dags/example_datasets.py
[2023-12-27T11:27:26.539-0300] {logging_mixin.py:154} INFO - [2023-12-27T11:27:26.539-0300] {dag.py:2941} INFO - Sync 6 DAGs
[2023-12-27T11:27:26.549-0300] {logging_mixin.py:154} INFO - [2023-12-27T11:27:26.549-0300] {dag.py:3722} INFO - Setting next_dagrun for dataset_consumes_1 to None, run_after=None
[2023-12-27T11:27:26.550-0300] {logging_mixin.py:154} INFO - [2023-12-27T11:27:26.550-0300] {dag.py:3722} INFO - Setting next_dagrun for dataset_consumes_1_and_2 to None, run_after=None
[2023-12-27T11:27:26.551-0300] {logging_mixin.py:154} INFO - [2023-12-27T11:27:26.551-0300] {dag.py:3722} INFO - Setting next_dagrun for dataset_consumes_1_never_scheduled to None, run_after=None
[2023-12-27T11:27:26.551-0300] {logging_mixin.py:154} INFO - [2023-12-27T11:27:26.551-0300] {dag.py:3722} INFO - Setting next_dagrun for dataset_consumes_unknown_never_scheduled to None, run_after=None
[2023-12-27T11:27:26.552-0300] {logging_mixin.py:154} INFO - [2023-12-27T11:27:26.552-0300] {dag.py:3722} INFO - Setting next_dagrun for dataset_produces_1 to 2023-12-26T00:00:00+00:00, run_after=2023-12-27T00:00:00+00:00
[2023-12-27T11:27:26.553-0300] {logging_mixin.py:154} INFO - [2023-12-27T11:27:26.553-0300] {dag.py:3722} INFO - Setting next_dagrun for dataset_produces_2 to None, run_after=None
[2023-12-27T11:27:26.573-0300] {processor.py:179} INFO - Processing /home/felipe/.local/lib/python3.11/site-packages/airflow/example_dags/example_datasets.py took 0.088 seconds
[2023-12-27T11:28:09.594-0300] {processor.py:157} INFO - Started process (PID=13592) to work on /home/felipe/.local/lib/python3.11/site-packages/airflow/example_dags/example_datasets.py
[2023-12-27T11:28:09.626-0300] {processor.py:829} INFO - Processing file /home/felipe/.local/lib/python3.11/site-packages/airflow/example_dags/example_datasets.py for tasks to queue
[2023-12-27T11:28:09.627-0300] {logging_mixin.py:154} INFO - [2023-12-27T11:28:09.626-0300] {dagbag.py:536} INFO - Filling up the DagBag from /home/felipe/.local/lib/python3.11/site-packages/airflow/example_dags/example_datasets.py
[2023-12-27T11:28:09.632-0300] {processor.py:839} INFO - DAG(s) dict_keys(['dataset_consumes_unknown_never_scheduled', 'dataset_produces_2', 'dataset_consumes_1_never_scheduled', 'dataset_produces_1', 'dataset_consumes_1', 'dataset_consumes_1_and_2']) retrieved from /home/felipe/.local/lib/python3.11/site-packages/airflow/example_dags/example_datasets.py
[2023-12-27T11:28:09.647-0300] {logging_mixin.py:154} INFO - [2023-12-27T11:28:09.647-0300] {dag.py:2941} INFO - Sync 6 DAGs
[2023-12-27T11:28:09.657-0300] {logging_mixin.py:154} INFO - [2023-12-27T11:28:09.657-0300] {dag.py:3722} INFO - Setting next_dagrun for dataset_consumes_1 to None, run_after=None
[2023-12-27T11:28:09.658-0300] {logging_mixin.py:154} INFO - [2023-12-27T11:28:09.658-0300] {dag.py:3722} INFO - Setting next_dagrun for dataset_consumes_1_and_2 to None, run_after=None
[2023-12-27T11:28:09.658-0300] {logging_mixin.py:154} INFO - [2023-12-27T11:28:09.658-0300] {dag.py:3722} INFO - Setting next_dagrun for dataset_consumes_1_never_scheduled to None, run_after=None
[2023-12-27T11:28:09.659-0300] {logging_mixin.py:154} INFO - [2023-12-27T11:28:09.659-0300] {dag.py:3722} INFO - Setting next_dagrun for dataset_consumes_unknown_never_scheduled to None, run_after=None
[2023-12-27T11:28:09.660-0300] {logging_mixin.py:154} INFO - [2023-12-27T11:28:09.660-0300] {dag.py:3722} INFO - Setting next_dagrun for dataset_produces_1 to 2023-12-26T00:00:00+00:00, run_after=2023-12-27T00:00:00+00:00
[2023-12-27T11:28:09.660-0300] {logging_mixin.py:154} INFO - [2023-12-27T11:28:09.660-0300] {dag.py:3722} INFO - Setting next_dagrun for dataset_produces_2 to None, run_after=None
[2023-12-27T11:28:09.681-0300] {processor.py:179} INFO - Processing /home/felipe/.local/lib/python3.11/site-packages/airflow/example_dags/example_datasets.py took 0.089 seconds
[2023-12-27T11:28:54.231-0300] {processor.py:157} INFO - Started process (PID=13652) to work on /home/felipe/.local/lib/python3.11/site-packages/airflow/example_dags/example_datasets.py
[2023-12-27T11:28:54.263-0300] {processor.py:829} INFO - Processing file /home/felipe/.local/lib/python3.11/site-packages/airflow/example_dags/example_datasets.py for tasks to queue
[2023-12-27T11:28:54.264-0300] {logging_mixin.py:154} INFO - [2023-12-27T11:28:54.263-0300] {dagbag.py:536} INFO - Filling up the DagBag from /home/felipe/.local/lib/python3.11/site-packages/airflow/example_dags/example_datasets.py
[2023-12-27T11:28:54.269-0300] {processor.py:839} INFO - DAG(s) dict_keys(['dataset_consumes_1_and_2', 'dataset_consumes_1_never_scheduled', 'dataset_consumes_unknown_never_scheduled', 'dataset_produces_2', 'dataset_consumes_1', 'dataset_produces_1']) retrieved from /home/felipe/.local/lib/python3.11/site-packages/airflow/example_dags/example_datasets.py
[2023-12-27T11:28:54.284-0300] {logging_mixin.py:154} INFO - [2023-12-27T11:28:54.284-0300] {dag.py:2941} INFO - Sync 6 DAGs
[2023-12-27T11:28:54.295-0300] {logging_mixin.py:154} INFO - [2023-12-27T11:28:54.295-0300] {dag.py:3722} INFO - Setting next_dagrun for dataset_consumes_1 to None, run_after=None
[2023-12-27T11:28:54.296-0300] {logging_mixin.py:154} INFO - [2023-12-27T11:28:54.296-0300] {dag.py:3722} INFO - Setting next_dagrun for dataset_consumes_1_and_2 to None, run_after=None
[2023-12-27T11:28:54.296-0300] {logging_mixin.py:154} INFO - [2023-12-27T11:28:54.296-0300] {dag.py:3722} INFO - Setting next_dagrun for dataset_consumes_1_never_scheduled to None, run_after=None
[2023-12-27T11:28:54.297-0300] {logging_mixin.py:154} INFO - [2023-12-27T11:28:54.297-0300] {dag.py:3722} INFO - Setting next_dagrun for dataset_consumes_unknown_never_scheduled to None, run_after=None
[2023-12-27T11:28:54.298-0300] {logging_mixin.py:154} INFO - [2023-12-27T11:28:54.298-0300] {dag.py:3722} INFO - Setting next_dagrun for dataset_produces_1 to 2023-12-26T00:00:00+00:00, run_after=2023-12-27T00:00:00+00:00
[2023-12-27T11:28:54.298-0300] {logging_mixin.py:154} INFO - [2023-12-27T11:28:54.298-0300] {dag.py:3722} INFO - Setting next_dagrun for dataset_produces_2 to None, run_after=None
[2023-12-27T11:28:54.319-0300] {processor.py:179} INFO - Processing /home/felipe/.local/lib/python3.11/site-packages/airflow/example_dags/example_datasets.py took 0.089 seconds
[2023-12-27T11:29:40.732-0300] {processor.py:157} INFO - Started process (PID=13710) to work on /home/felipe/.local/lib/python3.11/site-packages/airflow/example_dags/example_datasets.py
[2023-12-27T11:29:40.764-0300] {processor.py:829} INFO - Processing file /home/felipe/.local/lib/python3.11/site-packages/airflow/example_dags/example_datasets.py for tasks to queue
[2023-12-27T11:29:40.764-0300] {logging_mixin.py:154} INFO - [2023-12-27T11:29:40.764-0300] {dagbag.py:536} INFO - Filling up the DagBag from /home/felipe/.local/lib/python3.11/site-packages/airflow/example_dags/example_datasets.py
[2023-12-27T11:29:40.770-0300] {processor.py:839} INFO - DAG(s) dict_keys(['dataset_consumes_1_never_scheduled', 'dataset_produces_2', 'dataset_consumes_1', 'dataset_produces_1', 'dataset_consumes_unknown_never_scheduled', 'dataset_consumes_1_and_2']) retrieved from /home/felipe/.local/lib/python3.11/site-packages/airflow/example_dags/example_datasets.py
[2023-12-27T11:29:40.783-0300] {logging_mixin.py:154} INFO - [2023-12-27T11:29:40.783-0300] {dag.py:2941} INFO - Sync 6 DAGs
[2023-12-27T11:29:40.794-0300] {logging_mixin.py:154} INFO - [2023-12-27T11:29:40.794-0300] {dag.py:3722} INFO - Setting next_dagrun for dataset_consumes_1 to None, run_after=None
[2023-12-27T11:29:40.795-0300] {logging_mixin.py:154} INFO - [2023-12-27T11:29:40.795-0300] {dag.py:3722} INFO - Setting next_dagrun for dataset_consumes_1_and_2 to None, run_after=None
[2023-12-27T11:29:40.795-0300] {logging_mixin.py:154} INFO - [2023-12-27T11:29:40.795-0300] {dag.py:3722} INFO - Setting next_dagrun for dataset_consumes_1_never_scheduled to None, run_after=None
[2023-12-27T11:29:40.796-0300] {logging_mixin.py:154} INFO - [2023-12-27T11:29:40.796-0300] {dag.py:3722} INFO - Setting next_dagrun for dataset_consumes_unknown_never_scheduled to None, run_after=None
[2023-12-27T11:29:40.797-0300] {logging_mixin.py:154} INFO - [2023-12-27T11:29:40.797-0300] {dag.py:3722} INFO - Setting next_dagrun for dataset_produces_1 to 2023-12-26T00:00:00+00:00, run_after=2023-12-27T00:00:00+00:00
[2023-12-27T11:29:40.797-0300] {logging_mixin.py:154} INFO - [2023-12-27T11:29:40.797-0300] {dag.py:3722} INFO - Setting next_dagrun for dataset_produces_2 to None, run_after=None
[2023-12-27T11:29:40.818-0300] {processor.py:179} INFO - Processing /home/felipe/.local/lib/python3.11/site-packages/airflow/example_dags/example_datasets.py took 0.087 seconds
[2023-12-27T11:30:29.007-0300] {processor.py:157} INFO - Started process (PID=13785) to work on /home/felipe/.local/lib/python3.11/site-packages/airflow/example_dags/example_datasets.py
[2023-12-27T11:30:29.039-0300] {processor.py:829} INFO - Processing file /home/felipe/.local/lib/python3.11/site-packages/airflow/example_dags/example_datasets.py for tasks to queue
[2023-12-27T11:30:29.040-0300] {logging_mixin.py:154} INFO - [2023-12-27T11:30:29.039-0300] {dagbag.py:536} INFO - Filling up the DagBag from /home/felipe/.local/lib/python3.11/site-packages/airflow/example_dags/example_datasets.py
[2023-12-27T11:30:29.045-0300] {processor.py:839} INFO - DAG(s) dict_keys(['dataset_produces_1', 'dataset_consumes_1_and_2', 'dataset_consumes_1', 'dataset_consumes_unknown_never_scheduled', 'dataset_consumes_1_never_scheduled', 'dataset_produces_2']) retrieved from /home/felipe/.local/lib/python3.11/site-packages/airflow/example_dags/example_datasets.py
[2023-12-27T11:30:29.059-0300] {logging_mixin.py:154} INFO - [2023-12-27T11:30:29.059-0300] {dag.py:2941} INFO - Sync 6 DAGs
[2023-12-27T11:30:29.069-0300] {logging_mixin.py:154} INFO - [2023-12-27T11:30:29.069-0300] {dag.py:3722} INFO - Setting next_dagrun for dataset_consumes_1 to None, run_after=None
[2023-12-27T11:30:29.070-0300] {logging_mixin.py:154} INFO - [2023-12-27T11:30:29.070-0300] {dag.py:3722} INFO - Setting next_dagrun for dataset_consumes_1_and_2 to None, run_after=None
[2023-12-27T11:30:29.071-0300] {logging_mixin.py:154} INFO - [2023-12-27T11:30:29.071-0300] {dag.py:3722} INFO - Setting next_dagrun for dataset_consumes_1_never_scheduled to None, run_after=None
[2023-12-27T11:30:29.071-0300] {logging_mixin.py:154} INFO - [2023-12-27T11:30:29.071-0300] {dag.py:3722} INFO - Setting next_dagrun for dataset_consumes_unknown_never_scheduled to None, run_after=None
[2023-12-27T11:30:29.072-0300] {logging_mixin.py:154} INFO - [2023-12-27T11:30:29.072-0300] {dag.py:3722} INFO - Setting next_dagrun for dataset_produces_1 to 2023-12-26T00:00:00+00:00, run_after=2023-12-27T00:00:00+00:00
[2023-12-27T11:30:29.073-0300] {logging_mixin.py:154} INFO - [2023-12-27T11:30:29.073-0300] {dag.py:3722} INFO - Setting next_dagrun for dataset_produces_2 to None, run_after=None
[2023-12-27T11:30:29.093-0300] {processor.py:179} INFO - Processing /home/felipe/.local/lib/python3.11/site-packages/airflow/example_dags/example_datasets.py took 0.087 seconds
[2023-12-27T11:31:11.247-0300] {processor.py:157} INFO - Started process (PID=13847) to work on /home/felipe/.local/lib/python3.11/site-packages/airflow/example_dags/example_datasets.py
[2023-12-27T11:31:11.260-0300] {processor.py:829} INFO - Processing file /home/felipe/.local/lib/python3.11/site-packages/airflow/example_dags/example_datasets.py for tasks to queue
[2023-12-27T11:31:11.261-0300] {logging_mixin.py:154} INFO - [2023-12-27T11:31:11.261-0300] {dagbag.py:536} INFO - Filling up the DagBag from /home/felipe/.local/lib/python3.11/site-packages/airflow/example_dags/example_datasets.py
[2023-12-27T11:31:11.267-0300] {processor.py:839} INFO - DAG(s) dict_keys(['dataset_consumes_1_never_scheduled', 'dataset_consumes_1_and_2', 'dataset_consumes_unknown_never_scheduled', 'dataset_produces_2', 'dataset_consumes_1', 'dataset_produces_1']) retrieved from /home/felipe/.local/lib/python3.11/site-packages/airflow/example_dags/example_datasets.py
[2023-12-27T11:31:11.281-0300] {logging_mixin.py:154} INFO - [2023-12-27T11:31:11.281-0300] {dag.py:2941} INFO - Sync 6 DAGs
[2023-12-27T11:31:11.291-0300] {logging_mixin.py:154} INFO - [2023-12-27T11:31:11.291-0300] {dag.py:3722} INFO - Setting next_dagrun for dataset_consumes_1 to None, run_after=None
[2023-12-27T11:31:11.292-0300] {logging_mixin.py:154} INFO - [2023-12-27T11:31:11.292-0300] {dag.py:3722} INFO - Setting next_dagrun for dataset_consumes_1_and_2 to None, run_after=None
[2023-12-27T11:31:11.293-0300] {logging_mixin.py:154} INFO - [2023-12-27T11:31:11.293-0300] {dag.py:3722} INFO - Setting next_dagrun for dataset_consumes_1_never_scheduled to None, run_after=None
[2023-12-27T11:31:11.293-0300] {logging_mixin.py:154} INFO - [2023-12-27T11:31:11.293-0300] {dag.py:3722} INFO - Setting next_dagrun for dataset_consumes_unknown_never_scheduled to None, run_after=None
[2023-12-27T11:31:11.294-0300] {logging_mixin.py:154} INFO - [2023-12-27T11:31:11.294-0300] {dag.py:3722} INFO - Setting next_dagrun for dataset_produces_1 to 2023-12-26T00:00:00+00:00, run_after=2023-12-27T00:00:00+00:00
[2023-12-27T11:31:11.295-0300] {logging_mixin.py:154} INFO - [2023-12-27T11:31:11.295-0300] {dag.py:3722} INFO - Setting next_dagrun for dataset_produces_2 to None, run_after=None
[2023-12-27T11:31:11.307-0300] {processor.py:179} INFO - Processing /home/felipe/.local/lib/python3.11/site-packages/airflow/example_dags/example_datasets.py took 0.062 seconds
[2023-12-27T11:31:51.611-0300] {processor.py:157} INFO - Started process (PID=13956) to work on /home/felipe/.local/lib/python3.11/site-packages/airflow/example_dags/example_datasets.py
[2023-12-27T11:31:51.643-0300] {processor.py:829} INFO - Processing file /home/felipe/.local/lib/python3.11/site-packages/airflow/example_dags/example_datasets.py for tasks to queue
[2023-12-27T11:31:51.644-0300] {logging_mixin.py:154} INFO - [2023-12-27T11:31:51.643-0300] {dagbag.py:536} INFO - Filling up the DagBag from /home/felipe/.local/lib/python3.11/site-packages/airflow/example_dags/example_datasets.py
[2023-12-27T11:31:51.650-0300] {processor.py:839} INFO - DAG(s) dict_keys(['dataset_consumes_1', 'dataset_consumes_1_and_2', 'dataset_consumes_1_never_scheduled', 'dataset_consumes_unknown_never_scheduled', 'dataset_produces_1', 'dataset_produces_2']) retrieved from /home/felipe/.local/lib/python3.11/site-packages/airflow/example_dags/example_datasets.py
[2023-12-27T11:31:51.665-0300] {logging_mixin.py:154} INFO - [2023-12-27T11:31:51.665-0300] {dag.py:2941} INFO - Sync 6 DAGs
[2023-12-27T11:31:51.676-0300] {logging_mixin.py:154} INFO - [2023-12-27T11:31:51.676-0300] {dag.py:3722} INFO - Setting next_dagrun for dataset_consumes_1 to None, run_after=None
[2023-12-27T11:31:51.677-0300] {logging_mixin.py:154} INFO - [2023-12-27T11:31:51.677-0300] {dag.py:3722} INFO - Setting next_dagrun for dataset_consumes_1_and_2 to None, run_after=None
[2023-12-27T11:31:51.678-0300] {logging_mixin.py:154} INFO - [2023-12-27T11:31:51.678-0300] {dag.py:3722} INFO - Setting next_dagrun for dataset_consumes_1_never_scheduled to None, run_after=None
[2023-12-27T11:31:51.678-0300] {logging_mixin.py:154} INFO - [2023-12-27T11:31:51.678-0300] {dag.py:3722} INFO - Setting next_dagrun for dataset_consumes_unknown_never_scheduled to None, run_after=None
[2023-12-27T11:31:51.679-0300] {logging_mixin.py:154} INFO - [2023-12-27T11:31:51.679-0300] {dag.py:3722} INFO - Setting next_dagrun for dataset_produces_1 to 2023-12-26T00:00:00+00:00, run_after=2023-12-27T00:00:00+00:00
[2023-12-27T11:31:51.680-0300] {logging_mixin.py:154} INFO - [2023-12-27T11:31:51.680-0300] {dag.py:3722} INFO - Setting next_dagrun for dataset_produces_2 to None, run_after=None
[2023-12-27T11:31:51.700-0300] {processor.py:179} INFO - Processing /home/felipe/.local/lib/python3.11/site-packages/airflow/example_dags/example_datasets.py took 0.091 seconds
[2023-12-27T14:18:43.736-0300] {processor.py:157} INFO - Started process (PID=10701) to work on /home/felipe/.local/lib/python3.11/site-packages/airflow/example_dags/example_datasets.py
[2023-12-27T14:18:43.737-0300] {processor.py:829} INFO - Processing file /home/felipe/.local/lib/python3.11/site-packages/airflow/example_dags/example_datasets.py for tasks to queue
[2023-12-27T14:18:43.738-0300] {logging_mixin.py:154} INFO - [2023-12-27T14:18:43.737-0300] {dagbag.py:536} INFO - Filling up the DagBag from /home/felipe/.local/lib/python3.11/site-packages/airflow/example_dags/example_datasets.py
[2023-12-27T14:18:43.745-0300] {processor.py:839} INFO - DAG(s) dict_keys(['dataset_produces_1', 'dataset_produces_2', 'dataset_consumes_unknown_never_scheduled', 'dataset_consumes_1_never_scheduled', 'dataset_consumes_1_and_2', 'dataset_consumes_1']) retrieved from /home/felipe/.local/lib/python3.11/site-packages/airflow/example_dags/example_datasets.py
[2023-12-27T14:18:43.751-0300] {logging_mixin.py:154} INFO - [2023-12-27T14:18:43.751-0300] {dag.py:2941} INFO - Sync 6 DAGs
[2023-12-27T14:18:43.761-0300] {logging_mixin.py:154} INFO - [2023-12-27T14:18:43.761-0300] {dag.py:3722} INFO - Setting next_dagrun for dataset_consumes_1 to None, run_after=None
[2023-12-27T14:18:43.762-0300] {logging_mixin.py:154} INFO - [2023-12-27T14:18:43.762-0300] {dag.py:3722} INFO - Setting next_dagrun for dataset_consumes_1_and_2 to None, run_after=None
[2023-12-27T14:18:43.763-0300] {logging_mixin.py:154} INFO - [2023-12-27T14:18:43.763-0300] {dag.py:3722} INFO - Setting next_dagrun for dataset_consumes_1_never_scheduled to None, run_after=None
[2023-12-27T14:18:43.763-0300] {logging_mixin.py:154} INFO - [2023-12-27T14:18:43.763-0300] {dag.py:3722} INFO - Setting next_dagrun for dataset_consumes_unknown_never_scheduled to None, run_after=None
[2023-12-27T14:18:43.764-0300] {logging_mixin.py:154} INFO - [2023-12-27T14:18:43.764-0300] {dag.py:3722} INFO - Setting next_dagrun for dataset_produces_1 to 2023-12-26T00:00:00+00:00, run_after=2023-12-27T00:00:00+00:00
[2023-12-27T14:18:43.765-0300] {logging_mixin.py:154} INFO - [2023-12-27T14:18:43.765-0300] {dag.py:3722} INFO - Setting next_dagrun for dataset_produces_2 to None, run_after=None
[2023-12-27T14:18:43.779-0300] {processor.py:179} INFO - Processing /home/felipe/.local/lib/python3.11/site-packages/airflow/example_dags/example_datasets.py took 0.044 seconds
[2023-12-27T14:19:33.361-0300] {processor.py:157} INFO - Started process (PID=10878) to work on /home/felipe/.local/lib/python3.11/site-packages/airflow/example_dags/example_datasets.py
[2023-12-27T14:19:33.394-0300] {processor.py:829} INFO - Processing file /home/felipe/.local/lib/python3.11/site-packages/airflow/example_dags/example_datasets.py for tasks to queue
[2023-12-27T14:19:33.394-0300] {logging_mixin.py:154} INFO - [2023-12-27T14:19:33.394-0300] {dagbag.py:536} INFO - Filling up the DagBag from /home/felipe/.local/lib/python3.11/site-packages/airflow/example_dags/example_datasets.py
[2023-12-27T14:19:33.400-0300] {processor.py:839} INFO - DAG(s) dict_keys(['dataset_consumes_1', 'dataset_produces_2', 'dataset_consumes_1_and_2', 'dataset_consumes_1_never_scheduled', 'dataset_consumes_unknown_never_scheduled', 'dataset_produces_1']) retrieved from /home/felipe/.local/lib/python3.11/site-packages/airflow/example_dags/example_datasets.py
[2023-12-27T14:19:33.415-0300] {logging_mixin.py:154} INFO - [2023-12-27T14:19:33.415-0300] {dag.py:2941} INFO - Sync 6 DAGs
[2023-12-27T14:19:33.426-0300] {logging_mixin.py:154} INFO - [2023-12-27T14:19:33.426-0300] {dag.py:3722} INFO - Setting next_dagrun for dataset_consumes_1 to None, run_after=None
[2023-12-27T14:19:33.427-0300] {logging_mixin.py:154} INFO - [2023-12-27T14:19:33.427-0300] {dag.py:3722} INFO - Setting next_dagrun for dataset_consumes_1_and_2 to None, run_after=None
[2023-12-27T14:19:33.427-0300] {logging_mixin.py:154} INFO - [2023-12-27T14:19:33.427-0300] {dag.py:3722} INFO - Setting next_dagrun for dataset_consumes_1_never_scheduled to None, run_after=None
[2023-12-27T14:19:33.428-0300] {logging_mixin.py:154} INFO - [2023-12-27T14:19:33.428-0300] {dag.py:3722} INFO - Setting next_dagrun for dataset_consumes_unknown_never_scheduled to None, run_after=None
[2023-12-27T14:19:33.429-0300] {logging_mixin.py:154} INFO - [2023-12-27T14:19:33.429-0300] {dag.py:3722} INFO - Setting next_dagrun for dataset_produces_1 to 2023-12-26T00:00:00+00:00, run_after=2023-12-27T00:00:00+00:00
[2023-12-27T14:19:33.429-0300] {logging_mixin.py:154} INFO - [2023-12-27T14:19:33.429-0300] {dag.py:3722} INFO - Setting next_dagrun for dataset_produces_2 to None, run_after=None
[2023-12-27T14:19:33.450-0300] {processor.py:179} INFO - Processing /home/felipe/.local/lib/python3.11/site-packages/airflow/example_dags/example_datasets.py took 0.090 seconds
[2023-12-27T14:20:23.639-0300] {processor.py:157} INFO - Started process (PID=11057) to work on /home/felipe/.local/lib/python3.11/site-packages/airflow/example_dags/example_datasets.py
[2023-12-27T14:20:23.640-0300] {processor.py:829} INFO - Processing file /home/felipe/.local/lib/python3.11/site-packages/airflow/example_dags/example_datasets.py for tasks to queue
[2023-12-27T14:20:23.640-0300] {logging_mixin.py:154} INFO - [2023-12-27T14:20:23.640-0300] {dagbag.py:536} INFO - Filling up the DagBag from /home/felipe/.local/lib/python3.11/site-packages/airflow/example_dags/example_datasets.py
[2023-12-27T14:20:23.646-0300] {processor.py:839} INFO - DAG(s) dict_keys(['dataset_consumes_1_and_2', 'dataset_produces_2', 'dataset_consumes_1_never_scheduled', 'dataset_produces_1', 'dataset_consumes_1', 'dataset_consumes_unknown_never_scheduled']) retrieved from /home/felipe/.local/lib/python3.11/site-packages/airflow/example_dags/example_datasets.py
[2023-12-27T14:20:23.660-0300] {logging_mixin.py:154} INFO - [2023-12-27T14:20:23.660-0300] {dag.py:2941} INFO - Sync 6 DAGs
[2023-12-27T14:20:23.670-0300] {logging_mixin.py:154} INFO - [2023-12-27T14:20:23.670-0300] {dag.py:3722} INFO - Setting next_dagrun for dataset_consumes_1 to None, run_after=None
[2023-12-27T14:20:23.672-0300] {logging_mixin.py:154} INFO - [2023-12-27T14:20:23.671-0300] {dag.py:3722} INFO - Setting next_dagrun for dataset_consumes_1_and_2 to None, run_after=None
[2023-12-27T14:20:23.672-0300] {logging_mixin.py:154} INFO - [2023-12-27T14:20:23.672-0300] {dag.py:3722} INFO - Setting next_dagrun for dataset_consumes_1_never_scheduled to None, run_after=None
[2023-12-27T14:20:23.672-0300] {logging_mixin.py:154} INFO - [2023-12-27T14:20:23.672-0300] {dag.py:3722} INFO - Setting next_dagrun for dataset_consumes_unknown_never_scheduled to None, run_after=None
[2023-12-27T14:20:23.674-0300] {logging_mixin.py:154} INFO - [2023-12-27T14:20:23.674-0300] {dag.py:3722} INFO - Setting next_dagrun for dataset_produces_1 to 2023-12-26T00:00:00+00:00, run_after=2023-12-27T00:00:00+00:00
[2023-12-27T14:20:23.674-0300] {logging_mixin.py:154} INFO - [2023-12-27T14:20:23.674-0300] {dag.py:3722} INFO - Setting next_dagrun for dataset_produces_2 to None, run_after=None
[2023-12-27T14:20:23.687-0300] {processor.py:179} INFO - Processing /home/felipe/.local/lib/python3.11/site-packages/airflow/example_dags/example_datasets.py took 0.050 seconds
[2023-12-27T14:21:02.796-0300] {processor.py:157} INFO - Started process (PID=11145) to work on /home/felipe/.local/lib/python3.11/site-packages/airflow/example_dags/example_datasets.py
[2023-12-27T14:21:02.800-0300] {processor.py:829} INFO - Processing file /home/felipe/.local/lib/python3.11/site-packages/airflow/example_dags/example_datasets.py for tasks to queue
[2023-12-27T14:21:02.801-0300] {logging_mixin.py:154} INFO - [2023-12-27T14:21:02.800-0300] {dagbag.py:536} INFO - Filling up the DagBag from /home/felipe/.local/lib/python3.11/site-packages/airflow/example_dags/example_datasets.py
[2023-12-27T14:21:02.812-0300] {processor.py:839} INFO - DAG(s) dict_keys(['dataset_consumes_1_and_2', 'dataset_produces_2', 'dataset_produces_1', 'dataset_consumes_unknown_never_scheduled', 'dataset_consumes_1_never_scheduled', 'dataset_consumes_1']) retrieved from /home/felipe/.local/lib/python3.11/site-packages/airflow/example_dags/example_datasets.py
[2023-12-27T14:21:02.828-0300] {logging_mixin.py:154} INFO - [2023-12-27T14:21:02.828-0300] {dag.py:2941} INFO - Sync 6 DAGs
[2023-12-27T14:21:02.839-0300] {logging_mixin.py:154} INFO - [2023-12-27T14:21:02.839-0300] {dag.py:3722} INFO - Setting next_dagrun for dataset_consumes_1 to None, run_after=None
[2023-12-27T14:21:02.840-0300] {logging_mixin.py:154} INFO - [2023-12-27T14:21:02.840-0300] {dag.py:3722} INFO - Setting next_dagrun for dataset_consumes_1_and_2 to None, run_after=None
[2023-12-27T14:21:02.840-0300] {logging_mixin.py:154} INFO - [2023-12-27T14:21:02.840-0300] {dag.py:3722} INFO - Setting next_dagrun for dataset_consumes_1_never_scheduled to None, run_after=None
[2023-12-27T14:21:02.841-0300] {logging_mixin.py:154} INFO - [2023-12-27T14:21:02.841-0300] {dag.py:3722} INFO - Setting next_dagrun for dataset_consumes_unknown_never_scheduled to None, run_after=None
[2023-12-27T14:21:02.842-0300] {logging_mixin.py:154} INFO - [2023-12-27T14:21:02.842-0300] {dag.py:3722} INFO - Setting next_dagrun for dataset_produces_1 to 2023-12-26T00:00:00+00:00, run_after=2023-12-27T00:00:00+00:00
[2023-12-27T14:21:02.842-0300] {logging_mixin.py:154} INFO - [2023-12-27T14:21:02.842-0300] {dag.py:3722} INFO - Setting next_dagrun for dataset_produces_2 to None, run_after=None
[2023-12-27T14:21:02.868-0300] {processor.py:179} INFO - Processing /home/felipe/.local/lib/python3.11/site-packages/airflow/example_dags/example_datasets.py took 0.074 seconds
[2023-12-27T14:21:45.181-0300] {processor.py:157} INFO - Started process (PID=11429) to work on /home/felipe/.local/lib/python3.11/site-packages/airflow/example_dags/example_datasets.py
[2023-12-27T14:21:45.214-0300] {processor.py:829} INFO - Processing file /home/felipe/.local/lib/python3.11/site-packages/airflow/example_dags/example_datasets.py for tasks to queue
[2023-12-27T14:21:45.215-0300] {logging_mixin.py:154} INFO - [2023-12-27T14:21:45.214-0300] {dagbag.py:536} INFO - Filling up the DagBag from /home/felipe/.local/lib/python3.11/site-packages/airflow/example_dags/example_datasets.py
[2023-12-27T14:21:45.221-0300] {processor.py:839} INFO - DAG(s) dict_keys(['dataset_consumes_1_and_2', 'dataset_consumes_1_never_scheduled', 'dataset_produces_1', 'dataset_consumes_1', 'dataset_produces_2', 'dataset_consumes_unknown_never_scheduled']) retrieved from /home/felipe/.local/lib/python3.11/site-packages/airflow/example_dags/example_datasets.py
[2023-12-27T14:21:45.236-0300] {logging_mixin.py:154} INFO - [2023-12-27T14:21:45.235-0300] {dag.py:2941} INFO - Sync 6 DAGs
[2023-12-27T14:21:45.245-0300] {logging_mixin.py:154} INFO - [2023-12-27T14:21:45.245-0300] {dag.py:3722} INFO - Setting next_dagrun for dataset_consumes_1 to None, run_after=None
[2023-12-27T14:21:45.247-0300] {logging_mixin.py:154} INFO - [2023-12-27T14:21:45.247-0300] {dag.py:3722} INFO - Setting next_dagrun for dataset_consumes_1_and_2 to None, run_after=None
[2023-12-27T14:21:45.247-0300] {logging_mixin.py:154} INFO - [2023-12-27T14:21:45.247-0300] {dag.py:3722} INFO - Setting next_dagrun for dataset_consumes_1_never_scheduled to None, run_after=None
[2023-12-27T14:21:45.247-0300] {logging_mixin.py:154} INFO - [2023-12-27T14:21:45.247-0300] {dag.py:3722} INFO - Setting next_dagrun for dataset_consumes_unknown_never_scheduled to None, run_after=None
[2023-12-27T14:21:45.249-0300] {logging_mixin.py:154} INFO - [2023-12-27T14:21:45.249-0300] {dag.py:3722} INFO - Setting next_dagrun for dataset_produces_1 to 2023-12-26T00:00:00+00:00, run_after=2023-12-27T00:00:00+00:00
[2023-12-27T14:21:45.249-0300] {logging_mixin.py:154} INFO - [2023-12-27T14:21:45.249-0300] {dag.py:3722} INFO - Setting next_dagrun for dataset_produces_2 to None, run_after=None
[2023-12-27T14:21:45.265-0300] {processor.py:179} INFO - Processing /home/felipe/.local/lib/python3.11/site-packages/airflow/example_dags/example_datasets.py took 0.086 seconds
[2023-12-27T14:22:43.015-0300] {processor.py:157} INFO - Started process (PID=12333) to work on /home/felipe/.local/lib/python3.11/site-packages/airflow/example_dags/example_datasets.py
[2023-12-27T14:22:43.016-0300] {processor.py:829} INFO - Processing file /home/felipe/.local/lib/python3.11/site-packages/airflow/example_dags/example_datasets.py for tasks to queue
[2023-12-27T14:22:43.016-0300] {logging_mixin.py:154} INFO - [2023-12-27T14:22:43.016-0300] {dagbag.py:536} INFO - Filling up the DagBag from /home/felipe/.local/lib/python3.11/site-packages/airflow/example_dags/example_datasets.py
[2023-12-27T14:22:43.023-0300] {processor.py:839} INFO - DAG(s) dict_keys(['dataset_produces_2', 'dataset_consumes_unknown_never_scheduled', 'dataset_consumes_1', 'dataset_produces_1', 'dataset_consumes_1_never_scheduled', 'dataset_consumes_1_and_2']) retrieved from /home/felipe/.local/lib/python3.11/site-packages/airflow/example_dags/example_datasets.py
[2023-12-27T14:22:43.049-0300] {logging_mixin.py:154} INFO - [2023-12-27T14:22:43.048-0300] {dag.py:2941} INFO - Sync 6 DAGs
[2023-12-27T14:22:43.061-0300] {logging_mixin.py:154} INFO - [2023-12-27T14:22:43.060-0300] {dag.py:3722} INFO - Setting next_dagrun for dataset_consumes_1 to None, run_after=None
[2023-12-27T14:22:43.062-0300] {logging_mixin.py:154} INFO - [2023-12-27T14:22:43.062-0300] {dag.py:3722} INFO - Setting next_dagrun for dataset_consumes_1_and_2 to None, run_after=None
[2023-12-27T14:22:43.063-0300] {logging_mixin.py:154} INFO - [2023-12-27T14:22:43.063-0300] {dag.py:3722} INFO - Setting next_dagrun for dataset_consumes_1_never_scheduled to None, run_after=None
[2023-12-27T14:22:43.063-0300] {logging_mixin.py:154} INFO - [2023-12-27T14:22:43.063-0300] {dag.py:3722} INFO - Setting next_dagrun for dataset_consumes_unknown_never_scheduled to None, run_after=None
[2023-12-27T14:22:43.065-0300] {logging_mixin.py:154} INFO - [2023-12-27T14:22:43.065-0300] {dag.py:3722} INFO - Setting next_dagrun for dataset_produces_1 to 2023-12-26T00:00:00+00:00, run_after=2023-12-27T00:00:00+00:00
[2023-12-27T14:22:43.065-0300] {logging_mixin.py:154} INFO - [2023-12-27T14:22:43.065-0300] {dag.py:3722} INFO - Setting next_dagrun for dataset_produces_2 to None, run_after=None
[2023-12-27T14:22:43.087-0300] {processor.py:179} INFO - Processing /home/felipe/.local/lib/python3.11/site-packages/airflow/example_dags/example_datasets.py took 0.074 seconds
[2023-12-27T14:24:05.353-0300] {processor.py:157} INFO - Started process (PID=12738) to work on /home/felipe/.local/lib/python3.11/site-packages/airflow/example_dags/example_datasets.py
[2023-12-27T14:24:05.354-0300] {processor.py:829} INFO - Processing file /home/felipe/.local/lib/python3.11/site-packages/airflow/example_dags/example_datasets.py for tasks to queue
[2023-12-27T14:24:05.354-0300] {logging_mixin.py:154} INFO - [2023-12-27T14:24:05.354-0300] {dagbag.py:536} INFO - Filling up the DagBag from /home/felipe/.local/lib/python3.11/site-packages/airflow/example_dags/example_datasets.py
[2023-12-27T14:24:05.361-0300] {processor.py:839} INFO - DAG(s) dict_keys(['dataset_consumes_1_never_scheduled', 'dataset_consumes_unknown_never_scheduled', 'dataset_consumes_1_and_2', 'dataset_consumes_1', 'dataset_produces_1', 'dataset_produces_2']) retrieved from /home/felipe/.local/lib/python3.11/site-packages/airflow/example_dags/example_datasets.py
[2023-12-27T14:24:05.375-0300] {logging_mixin.py:154} INFO - [2023-12-27T14:24:05.375-0300] {dag.py:2941} INFO - Sync 6 DAGs
[2023-12-27T14:24:05.385-0300] {logging_mixin.py:154} INFO - [2023-12-27T14:24:05.384-0300] {dag.py:3722} INFO - Setting next_dagrun for dataset_consumes_1 to None, run_after=None
[2023-12-27T14:24:05.386-0300] {logging_mixin.py:154} INFO - [2023-12-27T14:24:05.386-0300] {dag.py:3722} INFO - Setting next_dagrun for dataset_consumes_1_and_2 to None, run_after=None
[2023-12-27T14:24:05.387-0300] {logging_mixin.py:154} INFO - [2023-12-27T14:24:05.387-0300] {dag.py:3722} INFO - Setting next_dagrun for dataset_consumes_1_never_scheduled to None, run_after=None
[2023-12-27T14:24:05.387-0300] {logging_mixin.py:154} INFO - [2023-12-27T14:24:05.387-0300] {dag.py:3722} INFO - Setting next_dagrun for dataset_consumes_unknown_never_scheduled to None, run_after=None
[2023-12-27T14:24:05.388-0300] {logging_mixin.py:154} INFO - [2023-12-27T14:24:05.388-0300] {dag.py:3722} INFO - Setting next_dagrun for dataset_produces_1 to 2023-12-26T00:00:00+00:00, run_after=2023-12-27T00:00:00+00:00
[2023-12-27T14:24:05.389-0300] {logging_mixin.py:154} INFO - [2023-12-27T14:24:05.389-0300] {dag.py:3722} INFO - Setting next_dagrun for dataset_produces_2 to None, run_after=None
[2023-12-27T14:24:05.401-0300] {processor.py:179} INFO - Processing /home/felipe/.local/lib/python3.11/site-packages/airflow/example_dags/example_datasets.py took 0.050 seconds
[2023-12-27T14:25:18.696-0300] {processor.py:157} INFO - Started process (PID=12840) to work on /home/felipe/.local/lib/python3.11/site-packages/airflow/example_dags/example_datasets.py
[2023-12-27T14:25:18.728-0300] {processor.py:829} INFO - Processing file /home/felipe/.local/lib/python3.11/site-packages/airflow/example_dags/example_datasets.py for tasks to queue
[2023-12-27T14:25:18.729-0300] {logging_mixin.py:154} INFO - [2023-12-27T14:25:18.729-0300] {dagbag.py:536} INFO - Filling up the DagBag from /home/felipe/.local/lib/python3.11/site-packages/airflow/example_dags/example_datasets.py
[2023-12-27T14:25:18.734-0300] {processor.py:839} INFO - DAG(s) dict_keys(['dataset_produces_1', 'dataset_consumes_unknown_never_scheduled', 'dataset_consumes_1_never_scheduled', 'dataset_produces_2', 'dataset_consumes_1', 'dataset_consumes_1_and_2']) retrieved from /home/felipe/.local/lib/python3.11/site-packages/airflow/example_dags/example_datasets.py
[2023-12-27T14:25:18.748-0300] {logging_mixin.py:154} INFO - [2023-12-27T14:25:18.748-0300] {dag.py:2941} INFO - Sync 6 DAGs
[2023-12-27T14:25:18.758-0300] {logging_mixin.py:154} INFO - [2023-12-27T14:25:18.758-0300] {dag.py:3722} INFO - Setting next_dagrun for dataset_consumes_1 to None, run_after=None
[2023-12-27T14:25:18.759-0300] {logging_mixin.py:154} INFO - [2023-12-27T14:25:18.759-0300] {dag.py:3722} INFO - Setting next_dagrun for dataset_consumes_1_and_2 to None, run_after=None
[2023-12-27T14:25:18.760-0300] {logging_mixin.py:154} INFO - [2023-12-27T14:25:18.759-0300] {dag.py:3722} INFO - Setting next_dagrun for dataset_consumes_1_never_scheduled to None, run_after=None
[2023-12-27T14:25:18.760-0300] {logging_mixin.py:154} INFO - [2023-12-27T14:25:18.760-0300] {dag.py:3722} INFO - Setting next_dagrun for dataset_consumes_unknown_never_scheduled to None, run_after=None
[2023-12-27T14:25:18.761-0300] {logging_mixin.py:154} INFO - [2023-12-27T14:25:18.761-0300] {dag.py:3722} INFO - Setting next_dagrun for dataset_produces_1 to 2023-12-26T00:00:00+00:00, run_after=2023-12-27T00:00:00+00:00
[2023-12-27T14:25:18.762-0300] {logging_mixin.py:154} INFO - [2023-12-27T14:25:18.761-0300] {dag.py:3722} INFO - Setting next_dagrun for dataset_produces_2 to None, run_after=None
[2023-12-27T14:25:18.782-0300] {processor.py:179} INFO - Processing /home/felipe/.local/lib/python3.11/site-packages/airflow/example_dags/example_datasets.py took 0.087 seconds
