[2023-12-27T11:26:37.143-0300] {processor.py:157} INFO - Started process (PID=13381) to work on /home/felipe/.local/lib/python3.11/site-packages/airflow/example_dags/example_params_ui_tutorial.py
[2023-12-27T11:26:37.143-0300] {processor.py:829} INFO - Processing file /home/felipe/.local/lib/python3.11/site-packages/airflow/example_dags/example_params_ui_tutorial.py for tasks to queue
[2023-12-27T11:26:37.144-0300] {logging_mixin.py:154} INFO - [2023-12-27T11:26:37.143-0300] {dagbag.py:536} INFO - Filling up the DagBag from /home/felipe/.local/lib/python3.11/site-packages/airflow/example_dags/example_params_ui_tutorial.py
[2023-12-27T11:26:37.160-0300] {processor.py:839} INFO - DAG(s) dict_keys(['example_params_ui_tutorial']) retrieved from /home/felipe/.local/lib/python3.11/site-packages/airflow/example_dags/example_params_ui_tutorial.py
[2023-12-27T11:26:37.256-0300] {logging_mixin.py:154} INFO - [2023-12-27T11:26:37.256-0300] {manager.py:499} INFO - Created Permission View: %s
[2023-12-27T11:26:37.261-0300] {logging_mixin.py:154} INFO - [2023-12-27T11:26:37.261-0300] {manager.py:499} INFO - Created Permission View: %s
[2023-12-27T11:26:37.264-0300] {logging_mixin.py:154} INFO - [2023-12-27T11:26:37.264-0300] {manager.py:499} INFO - Created Permission View: %s
[2023-12-27T11:26:37.264-0300] {logging_mixin.py:154} INFO - [2023-12-27T11:26:37.264-0300] {dag.py:2941} INFO - Sync 1 DAGs
[2023-12-27T11:26:37.269-0300] {logging_mixin.py:154} INFO - [2023-12-27T11:26:37.269-0300] {dag.py:2963} INFO - Creating ORM DAG for example_params_ui_tutorial
[2023-12-27T11:26:37.269-0300] {logging_mixin.py:154} INFO - [2023-12-27T11:26:37.269-0300] {dag.py:3722} INFO - Setting next_dagrun for example_params_ui_tutorial to None, run_after=None
[2023-12-27T11:26:37.277-0300] {processor.py:179} INFO - Processing /home/felipe/.local/lib/python3.11/site-packages/airflow/example_dags/example_params_ui_tutorial.py took 0.136 seconds
[2023-12-27T11:27:24.224-0300] {processor.py:157} INFO - Started process (PID=13513) to work on /home/felipe/.local/lib/python3.11/site-packages/airflow/example_dags/example_params_ui_tutorial.py
[2023-12-27T11:27:24.225-0300] {processor.py:829} INFO - Processing file /home/felipe/.local/lib/python3.11/site-packages/airflow/example_dags/example_params_ui_tutorial.py for tasks to queue
[2023-12-27T11:27:24.225-0300] {logging_mixin.py:154} INFO - [2023-12-27T11:27:24.225-0300] {dagbag.py:536} INFO - Filling up the DagBag from /home/felipe/.local/lib/python3.11/site-packages/airflow/example_dags/example_params_ui_tutorial.py
[2023-12-27T11:27:24.239-0300] {processor.py:839} INFO - DAG(s) dict_keys(['example_params_ui_tutorial']) retrieved from /home/felipe/.local/lib/python3.11/site-packages/airflow/example_dags/example_params_ui_tutorial.py
[2023-12-27T11:27:24.259-0300] {logging_mixin.py:154} INFO - [2023-12-27T11:27:24.259-0300] {dag.py:2941} INFO - Sync 1 DAGs
[2023-12-27T11:27:24.265-0300] {logging_mixin.py:154} INFO - [2023-12-27T11:27:24.265-0300] {dag.py:3722} INFO - Setting next_dagrun for example_params_ui_tutorial to None, run_after=None
[2023-12-27T11:27:24.274-0300] {processor.py:179} INFO - Processing /home/felipe/.local/lib/python3.11/site-packages/airflow/example_dags/example_params_ui_tutorial.py took 0.052 seconds
[2023-12-27T11:28:07.767-0300] {processor.py:157} INFO - Started process (PID=13590) to work on /home/felipe/.local/lib/python3.11/site-packages/airflow/example_dags/example_params_ui_tutorial.py
[2023-12-27T11:28:07.768-0300] {processor.py:829} INFO - Processing file /home/felipe/.local/lib/python3.11/site-packages/airflow/example_dags/example_params_ui_tutorial.py for tasks to queue
[2023-12-27T11:28:07.768-0300] {logging_mixin.py:154} INFO - [2023-12-27T11:28:07.768-0300] {dagbag.py:536} INFO - Filling up the DagBag from /home/felipe/.local/lib/python3.11/site-packages/airflow/example_dags/example_params_ui_tutorial.py
[2023-12-27T11:28:07.782-0300] {processor.py:839} INFO - DAG(s) dict_keys(['example_params_ui_tutorial']) retrieved from /home/felipe/.local/lib/python3.11/site-packages/airflow/example_dags/example_params_ui_tutorial.py
[2023-12-27T11:28:07.802-0300] {logging_mixin.py:154} INFO - [2023-12-27T11:28:07.802-0300] {dag.py:2941} INFO - Sync 1 DAGs
[2023-12-27T11:28:07.808-0300] {logging_mixin.py:154} INFO - [2023-12-27T11:28:07.807-0300] {dag.py:3722} INFO - Setting next_dagrun for example_params_ui_tutorial to None, run_after=None
[2023-12-27T11:28:07.818-0300] {processor.py:179} INFO - Processing /home/felipe/.local/lib/python3.11/site-packages/airflow/example_dags/example_params_ui_tutorial.py took 0.053 seconds
[2023-12-27T11:28:51.960-0300] {processor.py:157} INFO - Started process (PID=13650) to work on /home/felipe/.local/lib/python3.11/site-packages/airflow/example_dags/example_params_ui_tutorial.py
[2023-12-27T11:28:51.992-0300] {processor.py:829} INFO - Processing file /home/felipe/.local/lib/python3.11/site-packages/airflow/example_dags/example_params_ui_tutorial.py for tasks to queue
[2023-12-27T11:28:51.993-0300] {logging_mixin.py:154} INFO - [2023-12-27T11:28:51.993-0300] {dagbag.py:536} INFO - Filling up the DagBag from /home/felipe/.local/lib/python3.11/site-packages/airflow/example_dags/example_params_ui_tutorial.py
[2023-12-27T11:28:52.007-0300] {processor.py:839} INFO - DAG(s) dict_keys(['example_params_ui_tutorial']) retrieved from /home/felipe/.local/lib/python3.11/site-packages/airflow/example_dags/example_params_ui_tutorial.py
[2023-12-27T11:28:52.029-0300] {logging_mixin.py:154} INFO - [2023-12-27T11:28:52.029-0300] {dag.py:2941} INFO - Sync 1 DAGs
[2023-12-27T11:28:52.035-0300] {logging_mixin.py:154} INFO - [2023-12-27T11:28:52.035-0300] {dag.py:3722} INFO - Setting next_dagrun for example_params_ui_tutorial to None, run_after=None
[2023-12-27T11:28:52.045-0300] {processor.py:179} INFO - Processing /home/felipe/.local/lib/python3.11/site-packages/airflow/example_dags/example_params_ui_tutorial.py took 0.086 seconds
[2023-12-27T11:29:38.459-0300] {processor.py:157} INFO - Started process (PID=13708) to work on /home/felipe/.local/lib/python3.11/site-packages/airflow/example_dags/example_params_ui_tutorial.py
[2023-12-27T11:29:38.491-0300] {processor.py:829} INFO - Processing file /home/felipe/.local/lib/python3.11/site-packages/airflow/example_dags/example_params_ui_tutorial.py for tasks to queue
[2023-12-27T11:29:38.491-0300] {logging_mixin.py:154} INFO - [2023-12-27T11:29:38.491-0300] {dagbag.py:536} INFO - Filling up the DagBag from /home/felipe/.local/lib/python3.11/site-packages/airflow/example_dags/example_params_ui_tutorial.py
[2023-12-27T11:29:38.505-0300] {processor.py:839} INFO - DAG(s) dict_keys(['example_params_ui_tutorial']) retrieved from /home/felipe/.local/lib/python3.11/site-packages/airflow/example_dags/example_params_ui_tutorial.py
[2023-12-27T11:29:38.525-0300] {logging_mixin.py:154} INFO - [2023-12-27T11:29:38.525-0300] {dag.py:2941} INFO - Sync 1 DAGs
[2023-12-27T11:29:38.530-0300] {logging_mixin.py:154} INFO - [2023-12-27T11:29:38.530-0300] {dag.py:3722} INFO - Setting next_dagrun for example_params_ui_tutorial to None, run_after=None
[2023-12-27T11:29:38.547-0300] {processor.py:179} INFO - Processing /home/felipe/.local/lib/python3.11/site-packages/airflow/example_dags/example_params_ui_tutorial.py took 0.090 seconds
[2023-12-27T11:30:27.045-0300] {processor.py:157} INFO - Started process (PID=13783) to work on /home/felipe/.local/lib/python3.11/site-packages/airflow/example_dags/example_params_ui_tutorial.py
[2023-12-27T11:30:27.077-0300] {processor.py:829} INFO - Processing file /home/felipe/.local/lib/python3.11/site-packages/airflow/example_dags/example_params_ui_tutorial.py for tasks to queue
[2023-12-27T11:30:27.078-0300] {logging_mixin.py:154} INFO - [2023-12-27T11:30:27.077-0300] {dagbag.py:536} INFO - Filling up the DagBag from /home/felipe/.local/lib/python3.11/site-packages/airflow/example_dags/example_params_ui_tutorial.py
[2023-12-27T11:30:27.092-0300] {processor.py:839} INFO - DAG(s) dict_keys(['example_params_ui_tutorial']) retrieved from /home/felipe/.local/lib/python3.11/site-packages/airflow/example_dags/example_params_ui_tutorial.py
[2023-12-27T11:30:27.112-0300] {logging_mixin.py:154} INFO - [2023-12-27T11:30:27.112-0300] {dag.py:2941} INFO - Sync 1 DAGs
[2023-12-27T11:30:27.118-0300] {logging_mixin.py:154} INFO - [2023-12-27T11:30:27.118-0300] {dag.py:3722} INFO - Setting next_dagrun for example_params_ui_tutorial to None, run_after=None
[2023-12-27T11:30:27.135-0300] {processor.py:179} INFO - Processing /home/felipe/.local/lib/python3.11/site-packages/airflow/example_dags/example_params_ui_tutorial.py took 0.092 seconds
[2023-12-27T11:31:10.751-0300] {processor.py:157} INFO - Started process (PID=13845) to work on /home/felipe/.local/lib/python3.11/site-packages/airflow/example_dags/example_params_ui_tutorial.py
[2023-12-27T11:31:10.783-0300] {processor.py:829} INFO - Processing file /home/felipe/.local/lib/python3.11/site-packages/airflow/example_dags/example_params_ui_tutorial.py for tasks to queue
[2023-12-27T11:31:10.784-0300] {logging_mixin.py:154} INFO - [2023-12-27T11:31:10.783-0300] {dagbag.py:536} INFO - Filling up the DagBag from /home/felipe/.local/lib/python3.11/site-packages/airflow/example_dags/example_params_ui_tutorial.py
[2023-12-27T11:31:10.798-0300] {processor.py:839} INFO - DAG(s) dict_keys(['example_params_ui_tutorial']) retrieved from /home/felipe/.local/lib/python3.11/site-packages/airflow/example_dags/example_params_ui_tutorial.py
[2023-12-27T11:31:10.818-0300] {logging_mixin.py:154} INFO - [2023-12-27T11:31:10.818-0300] {dag.py:2941} INFO - Sync 1 DAGs
[2023-12-27T11:31:10.824-0300] {logging_mixin.py:154} INFO - [2023-12-27T11:31:10.824-0300] {dag.py:3722} INFO - Setting next_dagrun for example_params_ui_tutorial to None, run_after=None
[2023-12-27T11:31:10.833-0300] {processor.py:179} INFO - Processing /home/felipe/.local/lib/python3.11/site-packages/airflow/example_dags/example_params_ui_tutorial.py took 0.084 seconds
[2023-12-27T11:31:49.717-0300] {processor.py:157} INFO - Started process (PID=13954) to work on /home/felipe/.local/lib/python3.11/site-packages/airflow/example_dags/example_params_ui_tutorial.py
[2023-12-27T11:31:49.718-0300] {processor.py:829} INFO - Processing file /home/felipe/.local/lib/python3.11/site-packages/airflow/example_dags/example_params_ui_tutorial.py for tasks to queue
[2023-12-27T11:31:49.718-0300] {logging_mixin.py:154} INFO - [2023-12-27T11:31:49.718-0300] {dagbag.py:536} INFO - Filling up the DagBag from /home/felipe/.local/lib/python3.11/site-packages/airflow/example_dags/example_params_ui_tutorial.py
[2023-12-27T11:31:49.736-0300] {processor.py:839} INFO - DAG(s) dict_keys(['example_params_ui_tutorial']) retrieved from /home/felipe/.local/lib/python3.11/site-packages/airflow/example_dags/example_params_ui_tutorial.py
[2023-12-27T11:31:49.757-0300] {logging_mixin.py:154} INFO - [2023-12-27T11:31:49.757-0300] {dag.py:2941} INFO - Sync 1 DAGs
[2023-12-27T11:31:49.763-0300] {logging_mixin.py:154} INFO - [2023-12-27T11:31:49.763-0300] {dag.py:3722} INFO - Setting next_dagrun for example_params_ui_tutorial to None, run_after=None
[2023-12-27T11:31:49.774-0300] {processor.py:179} INFO - Processing /home/felipe/.local/lib/python3.11/site-packages/airflow/example_dags/example_params_ui_tutorial.py took 0.059 seconds
[2023-12-27T14:18:41.477-0300] {processor.py:157} INFO - Started process (PID=10694) to work on /home/felipe/.local/lib/python3.11/site-packages/airflow/example_dags/example_params_ui_tutorial.py
[2023-12-27T14:18:41.484-0300] {processor.py:829} INFO - Processing file /home/felipe/.local/lib/python3.11/site-packages/airflow/example_dags/example_params_ui_tutorial.py for tasks to queue
[2023-12-27T14:18:41.485-0300] {logging_mixin.py:154} INFO - [2023-12-27T14:18:41.484-0300] {dagbag.py:536} INFO - Filling up the DagBag from /home/felipe/.local/lib/python3.11/site-packages/airflow/example_dags/example_params_ui_tutorial.py
[2023-12-27T14:18:41.501-0300] {processor.py:839} INFO - DAG(s) dict_keys(['example_params_ui_tutorial']) retrieved from /home/felipe/.local/lib/python3.11/site-packages/airflow/example_dags/example_params_ui_tutorial.py
[2023-12-27T14:18:41.506-0300] {logging_mixin.py:154} INFO - [2023-12-27T14:18:41.506-0300] {dag.py:2941} INFO - Sync 1 DAGs
[2023-12-27T14:18:41.512-0300] {logging_mixin.py:154} INFO - [2023-12-27T14:18:41.512-0300] {dag.py:3722} INFO - Setting next_dagrun for example_params_ui_tutorial to None, run_after=None
[2023-12-27T14:18:41.523-0300] {processor.py:179} INFO - Processing /home/felipe/.local/lib/python3.11/site-packages/airflow/example_dags/example_params_ui_tutorial.py took 0.048 seconds
[2023-12-27T14:19:31.618-0300] {processor.py:157} INFO - Started process (PID=10876) to work on /home/felipe/.local/lib/python3.11/site-packages/airflow/example_dags/example_params_ui_tutorial.py
[2023-12-27T14:19:31.650-0300] {processor.py:829} INFO - Processing file /home/felipe/.local/lib/python3.11/site-packages/airflow/example_dags/example_params_ui_tutorial.py for tasks to queue
[2023-12-27T14:19:31.651-0300] {logging_mixin.py:154} INFO - [2023-12-27T14:19:31.650-0300] {dagbag.py:536} INFO - Filling up the DagBag from /home/felipe/.local/lib/python3.11/site-packages/airflow/example_dags/example_params_ui_tutorial.py
[2023-12-27T14:19:31.664-0300] {processor.py:839} INFO - DAG(s) dict_keys(['example_params_ui_tutorial']) retrieved from /home/felipe/.local/lib/python3.11/site-packages/airflow/example_dags/example_params_ui_tutorial.py
[2023-12-27T14:19:31.684-0300] {logging_mixin.py:154} INFO - [2023-12-27T14:19:31.684-0300] {dag.py:2941} INFO - Sync 1 DAGs
[2023-12-27T14:19:31.689-0300] {logging_mixin.py:154} INFO - [2023-12-27T14:19:31.689-0300] {dag.py:3722} INFO - Setting next_dagrun for example_params_ui_tutorial to None, run_after=None
[2023-12-27T14:19:31.706-0300] {processor.py:179} INFO - Processing /home/felipe/.local/lib/python3.11/site-packages/airflow/example_dags/example_params_ui_tutorial.py took 0.090 seconds
[2023-12-27T14:20:23.080-0300] {processor.py:157} INFO - Started process (PID=11046) to work on /home/felipe/.local/lib/python3.11/site-packages/airflow/example_dags/example_params_ui_tutorial.py
[2023-12-27T14:20:23.080-0300] {processor.py:829} INFO - Processing file /home/felipe/.local/lib/python3.11/site-packages/airflow/example_dags/example_params_ui_tutorial.py for tasks to queue
[2023-12-27T14:20:23.081-0300] {logging_mixin.py:154} INFO - [2023-12-27T14:20:23.081-0300] {dagbag.py:536} INFO - Filling up the DagBag from /home/felipe/.local/lib/python3.11/site-packages/airflow/example_dags/example_params_ui_tutorial.py
[2023-12-27T14:20:23.095-0300] {processor.py:839} INFO - DAG(s) dict_keys(['example_params_ui_tutorial']) retrieved from /home/felipe/.local/lib/python3.11/site-packages/airflow/example_dags/example_params_ui_tutorial.py
[2023-12-27T14:20:23.115-0300] {logging_mixin.py:154} INFO - [2023-12-27T14:20:23.115-0300] {dag.py:2941} INFO - Sync 1 DAGs
[2023-12-27T14:20:23.121-0300] {logging_mixin.py:154} INFO - [2023-12-27T14:20:23.121-0300] {dag.py:3722} INFO - Setting next_dagrun for example_params_ui_tutorial to None, run_after=None
[2023-12-27T14:20:23.130-0300] {processor.py:179} INFO - Processing /home/felipe/.local/lib/python3.11/site-packages/airflow/example_dags/example_params_ui_tutorial.py took 0.052 seconds
[2023-12-27T14:21:01.389-0300] {processor.py:157} INFO - Started process (PID=11142) to work on /home/felipe/.local/lib/python3.11/site-packages/airflow/example_dags/example_params_ui_tutorial.py
[2023-12-27T14:21:01.390-0300] {processor.py:829} INFO - Processing file /home/felipe/.local/lib/python3.11/site-packages/airflow/example_dags/example_params_ui_tutorial.py for tasks to queue
[2023-12-27T14:21:01.390-0300] {logging_mixin.py:154} INFO - [2023-12-27T14:21:01.390-0300] {dagbag.py:536} INFO - Filling up the DagBag from /home/felipe/.local/lib/python3.11/site-packages/airflow/example_dags/example_params_ui_tutorial.py
[2023-12-27T14:21:01.432-0300] {processor.py:839} INFO - DAG(s) dict_keys(['example_params_ui_tutorial']) retrieved from /home/felipe/.local/lib/python3.11/site-packages/airflow/example_dags/example_params_ui_tutorial.py
[2023-12-27T14:21:01.454-0300] {logging_mixin.py:154} INFO - [2023-12-27T14:21:01.454-0300] {dag.py:2941} INFO - Sync 1 DAGs
[2023-12-27T14:21:01.461-0300] {logging_mixin.py:154} INFO - [2023-12-27T14:21:01.461-0300] {dag.py:3722} INFO - Setting next_dagrun for example_params_ui_tutorial to None, run_after=None
[2023-12-27T14:21:01.481-0300] {processor.py:179} INFO - Processing /home/felipe/.local/lib/python3.11/site-packages/airflow/example_dags/example_params_ui_tutorial.py took 0.094 seconds
[2023-12-27T14:21:42.918-0300] {processor.py:157} INFO - Started process (PID=11416) to work on /home/felipe/.local/lib/python3.11/site-packages/airflow/example_dags/example_params_ui_tutorial.py
[2023-12-27T14:21:42.931-0300] {processor.py:829} INFO - Processing file /home/felipe/.local/lib/python3.11/site-packages/airflow/example_dags/example_params_ui_tutorial.py for tasks to queue
[2023-12-27T14:21:42.932-0300] {logging_mixin.py:154} INFO - [2023-12-27T14:21:42.931-0300] {dagbag.py:536} INFO - Filling up the DagBag from /home/felipe/.local/lib/python3.11/site-packages/airflow/example_dags/example_params_ui_tutorial.py
[2023-12-27T14:21:42.946-0300] {processor.py:839} INFO - DAG(s) dict_keys(['example_params_ui_tutorial']) retrieved from /home/felipe/.local/lib/python3.11/site-packages/airflow/example_dags/example_params_ui_tutorial.py
[2023-12-27T14:21:42.966-0300] {logging_mixin.py:154} INFO - [2023-12-27T14:21:42.966-0300] {dag.py:2941} INFO - Sync 1 DAGs
[2023-12-27T14:21:42.972-0300] {logging_mixin.py:154} INFO - [2023-12-27T14:21:42.972-0300] {dag.py:3722} INFO - Setting next_dagrun for example_params_ui_tutorial to None, run_after=None
[2023-12-27T14:21:42.989-0300] {processor.py:179} INFO - Processing /home/felipe/.local/lib/python3.11/site-packages/airflow/example_dags/example_params_ui_tutorial.py took 0.073 seconds
[2023-12-27T14:22:40.727-0300] {processor.py:157} INFO - Started process (PID=12264) to work on /home/felipe/.local/lib/python3.11/site-packages/airflow/example_dags/example_params_ui_tutorial.py
[2023-12-27T14:22:40.728-0300] {processor.py:829} INFO - Processing file /home/felipe/.local/lib/python3.11/site-packages/airflow/example_dags/example_params_ui_tutorial.py for tasks to queue
[2023-12-27T14:22:40.728-0300] {logging_mixin.py:154} INFO - [2023-12-27T14:22:40.728-0300] {dagbag.py:536} INFO - Filling up the DagBag from /home/felipe/.local/lib/python3.11/site-packages/airflow/example_dags/example_params_ui_tutorial.py
[2023-12-27T14:22:40.744-0300] {processor.py:839} INFO - DAG(s) dict_keys(['example_params_ui_tutorial']) retrieved from /home/felipe/.local/lib/python3.11/site-packages/airflow/example_dags/example_params_ui_tutorial.py
[2023-12-27T14:22:40.766-0300] {logging_mixin.py:154} INFO - [2023-12-27T14:22:40.766-0300] {dag.py:2941} INFO - Sync 1 DAGs
[2023-12-27T14:22:40.772-0300] {logging_mixin.py:154} INFO - [2023-12-27T14:22:40.772-0300] {dag.py:3722} INFO - Setting next_dagrun for example_params_ui_tutorial to None, run_after=None
[2023-12-27T14:22:40.782-0300] {processor.py:179} INFO - Processing /home/felipe/.local/lib/python3.11/site-packages/airflow/example_dags/example_params_ui_tutorial.py took 0.057 seconds
[2023-12-27T14:24:03.906-0300] {processor.py:157} INFO - Started process (PID=12736) to work on /home/felipe/.local/lib/python3.11/site-packages/airflow/example_dags/example_params_ui_tutorial.py
[2023-12-27T14:24:03.906-0300] {processor.py:829} INFO - Processing file /home/felipe/.local/lib/python3.11/site-packages/airflow/example_dags/example_params_ui_tutorial.py for tasks to queue
[2023-12-27T14:24:03.907-0300] {logging_mixin.py:154} INFO - [2023-12-27T14:24:03.907-0300] {dagbag.py:536} INFO - Filling up the DagBag from /home/felipe/.local/lib/python3.11/site-packages/airflow/example_dags/example_params_ui_tutorial.py
[2023-12-27T14:24:03.923-0300] {processor.py:839} INFO - DAG(s) dict_keys(['example_params_ui_tutorial']) retrieved from /home/felipe/.local/lib/python3.11/site-packages/airflow/example_dags/example_params_ui_tutorial.py
[2023-12-27T14:24:03.943-0300] {logging_mixin.py:154} INFO - [2023-12-27T14:24:03.943-0300] {dag.py:2941} INFO - Sync 1 DAGs
[2023-12-27T14:24:03.949-0300] {logging_mixin.py:154} INFO - [2023-12-27T14:24:03.949-0300] {dag.py:3722} INFO - Setting next_dagrun for example_params_ui_tutorial to None, run_after=None
[2023-12-27T14:24:03.966-0300] {processor.py:179} INFO - Processing /home/felipe/.local/lib/python3.11/site-packages/airflow/example_dags/example_params_ui_tutorial.py took 0.062 seconds
[2023-12-27T14:25:16.433-0300] {processor.py:157} INFO - Started process (PID=12838) to work on /home/felipe/.local/lib/python3.11/site-packages/airflow/example_dags/example_params_ui_tutorial.py
[2023-12-27T14:25:16.465-0300] {processor.py:829} INFO - Processing file /home/felipe/.local/lib/python3.11/site-packages/airflow/example_dags/example_params_ui_tutorial.py for tasks to queue
[2023-12-27T14:25:16.465-0300] {logging_mixin.py:154} INFO - [2023-12-27T14:25:16.465-0300] {dagbag.py:536} INFO - Filling up the DagBag from /home/felipe/.local/lib/python3.11/site-packages/airflow/example_dags/example_params_ui_tutorial.py
[2023-12-27T14:25:16.480-0300] {processor.py:839} INFO - DAG(s) dict_keys(['example_params_ui_tutorial']) retrieved from /home/felipe/.local/lib/python3.11/site-packages/airflow/example_dags/example_params_ui_tutorial.py
[2023-12-27T14:25:16.500-0300] {logging_mixin.py:154} INFO - [2023-12-27T14:25:16.500-0300] {dag.py:2941} INFO - Sync 1 DAGs
[2023-12-27T14:25:16.505-0300] {logging_mixin.py:154} INFO - [2023-12-27T14:25:16.505-0300] {dag.py:3722} INFO - Setting next_dagrun for example_params_ui_tutorial to None, run_after=None
[2023-12-27T14:25:16.522-0300] {processor.py:179} INFO - Processing /home/felipe/.local/lib/python3.11/site-packages/airflow/example_dags/example_params_ui_tutorial.py took 0.091 seconds
