[2023-12-27T11:26:47.611-0300] {processor.py:157} INFO - Started process (PID=13392) to work on /home/felipe/.local/lib/python3.11/site-packages/airflow/example_dags/example_latest_only_with_trigger.py
[2023-12-27T11:26:47.612-0300] {processor.py:829} INFO - Processing file /home/felipe/.local/lib/python3.11/site-packages/airflow/example_dags/example_latest_only_with_trigger.py for tasks to queue
[2023-12-27T11:26:47.612-0300] {logging_mixin.py:154} INFO - [2023-12-27T11:26:47.612-0300] {dagbag.py:536} INFO - Filling up the DagBag from /home/felipe/.local/lib/python3.11/site-packages/airflow/example_dags/example_latest_only_with_trigger.py
[2023-12-27T11:26:47.618-0300] {processor.py:839} INFO - DAG(s) dict_keys(['latest_only_with_trigger']) retrieved from /home/felipe/.local/lib/python3.11/site-packages/airflow/example_dags/example_latest_only_with_trigger.py
[2023-12-27T11:26:47.704-0300] {logging_mixin.py:154} INFO - [2023-12-27T11:26:47.704-0300] {manager.py:499} INFO - Created Permission View: %s
[2023-12-27T11:26:47.709-0300] {logging_mixin.py:154} INFO - [2023-12-27T11:26:47.709-0300] {manager.py:499} INFO - Created Permission View: %s
[2023-12-27T11:26:47.712-0300] {logging_mixin.py:154} INFO - [2023-12-27T11:26:47.712-0300] {manager.py:499} INFO - Created Permission View: %s
[2023-12-27T11:26:47.712-0300] {logging_mixin.py:154} INFO - [2023-12-27T11:26:47.712-0300] {dag.py:2941} INFO - Sync 1 DAGs
[2023-12-27T11:26:47.717-0300] {logging_mixin.py:154} INFO - [2023-12-27T11:26:47.717-0300] {dag.py:2963} INFO - Creating ORM DAG for latest_only_with_trigger
[2023-12-27T11:26:47.721-0300] {logging_mixin.py:154} INFO - [2023-12-27T11:26:47.721-0300] {dag.py:3722} INFO - Setting next_dagrun for latest_only_with_trigger to 2023-12-27T10:26:47.720886+00:00, run_after=2023-12-27T14:26:47.720886+00:00
[2023-12-27T11:26:47.734-0300] {processor.py:179} INFO - Processing /home/felipe/.local/lib/python3.11/site-packages/airflow/example_dags/example_latest_only_with_trigger.py took 0.125 seconds
[2023-12-27T11:27:32.763-0300] {processor.py:157} INFO - Started process (PID=13531) to work on /home/felipe/.local/lib/python3.11/site-packages/airflow/example_dags/example_latest_only_with_trigger.py
[2023-12-27T11:27:32.795-0300] {processor.py:829} INFO - Processing file /home/felipe/.local/lib/python3.11/site-packages/airflow/example_dags/example_latest_only_with_trigger.py for tasks to queue
[2023-12-27T11:27:32.795-0300] {logging_mixin.py:154} INFO - [2023-12-27T11:27:32.795-0300] {dagbag.py:536} INFO - Filling up the DagBag from /home/felipe/.local/lib/python3.11/site-packages/airflow/example_dags/example_latest_only_with_trigger.py
[2023-12-27T11:27:32.799-0300] {processor.py:839} INFO - DAG(s) dict_keys(['latest_only_with_trigger']) retrieved from /home/felipe/.local/lib/python3.11/site-packages/airflow/example_dags/example_latest_only_with_trigger.py
[2023-12-27T11:27:32.809-0300] {logging_mixin.py:154} INFO - [2023-12-27T11:27:32.809-0300] {dag.py:2941} INFO - Sync 1 DAGs
[2023-12-27T11:27:32.819-0300] {logging_mixin.py:154} INFO - [2023-12-27T11:27:32.819-0300] {dag.py:3722} INFO - Setting next_dagrun for latest_only_with_trigger to 2023-12-27T10:27:32.819054+00:00, run_after=2023-12-27T14:27:32.819054+00:00
[2023-12-27T11:27:32.836-0300] {processor.py:179} INFO - Processing /home/felipe/.local/lib/python3.11/site-packages/airflow/example_dags/example_latest_only_with_trigger.py took 0.074 seconds
[2023-12-27T11:28:18.210-0300] {processor.py:157} INFO - Started process (PID=13601) to work on /home/felipe/.local/lib/python3.11/site-packages/airflow/example_dags/example_latest_only_with_trigger.py
[2023-12-27T11:28:18.210-0300] {processor.py:829} INFO - Processing file /home/felipe/.local/lib/python3.11/site-packages/airflow/example_dags/example_latest_only_with_trigger.py for tasks to queue
[2023-12-27T11:28:18.211-0300] {logging_mixin.py:154} INFO - [2023-12-27T11:28:18.211-0300] {dagbag.py:536} INFO - Filling up the DagBag from /home/felipe/.local/lib/python3.11/site-packages/airflow/example_dags/example_latest_only_with_trigger.py
[2023-12-27T11:28:18.215-0300] {processor.py:839} INFO - DAG(s) dict_keys(['latest_only_with_trigger']) retrieved from /home/felipe/.local/lib/python3.11/site-packages/airflow/example_dags/example_latest_only_with_trigger.py
[2023-12-27T11:28:18.224-0300] {logging_mixin.py:154} INFO - [2023-12-27T11:28:18.224-0300] {dag.py:2941} INFO - Sync 1 DAGs
[2023-12-27T11:28:18.234-0300] {logging_mixin.py:154} INFO - [2023-12-27T11:28:18.233-0300] {dag.py:3722} INFO - Setting next_dagrun for latest_only_with_trigger to 2023-12-27T10:28:18.233813+00:00, run_after=2023-12-27T14:28:18.233813+00:00
[2023-12-27T11:28:18.244-0300] {processor.py:179} INFO - Processing /home/felipe/.local/lib/python3.11/site-packages/airflow/example_dags/example_latest_only_with_trigger.py took 0.036 seconds
[2023-12-27T11:29:03.376-0300] {processor.py:157} INFO - Started process (PID=13661) to work on /home/felipe/.local/lib/python3.11/site-packages/airflow/example_dags/example_latest_only_with_trigger.py
[2023-12-27T11:29:03.407-0300] {processor.py:829} INFO - Processing file /home/felipe/.local/lib/python3.11/site-packages/airflow/example_dags/example_latest_only_with_trigger.py for tasks to queue
[2023-12-27T11:29:03.408-0300] {logging_mixin.py:154} INFO - [2023-12-27T11:29:03.408-0300] {dagbag.py:536} INFO - Filling up the DagBag from /home/felipe/.local/lib/python3.11/site-packages/airflow/example_dags/example_latest_only_with_trigger.py
[2023-12-27T11:29:03.412-0300] {processor.py:839} INFO - DAG(s) dict_keys(['latest_only_with_trigger']) retrieved from /home/felipe/.local/lib/python3.11/site-packages/airflow/example_dags/example_latest_only_with_trigger.py
[2023-12-27T11:29:03.422-0300] {logging_mixin.py:154} INFO - [2023-12-27T11:29:03.422-0300] {dag.py:2941} INFO - Sync 1 DAGs
[2023-12-27T11:29:03.431-0300] {logging_mixin.py:154} INFO - [2023-12-27T11:29:03.431-0300] {dag.py:3722} INFO - Setting next_dagrun for latest_only_with_trigger to 2023-12-27T10:29:03.431346+00:00, run_after=2023-12-27T14:29:03.431346+00:00
[2023-12-27T11:29:03.448-0300] {processor.py:179} INFO - Processing /home/felipe/.local/lib/python3.11/site-packages/airflow/example_dags/example_latest_only_with_trigger.py took 0.074 seconds
[2023-12-27T11:29:50.864-0300] {processor.py:157} INFO - Started process (PID=13732) to work on /home/felipe/.local/lib/python3.11/site-packages/airflow/example_dags/example_latest_only_with_trigger.py
[2023-12-27T11:29:50.896-0300] {processor.py:829} INFO - Processing file /home/felipe/.local/lib/python3.11/site-packages/airflow/example_dags/example_latest_only_with_trigger.py for tasks to queue
[2023-12-27T11:29:50.897-0300] {logging_mixin.py:154} INFO - [2023-12-27T11:29:50.896-0300] {dagbag.py:536} INFO - Filling up the DagBag from /home/felipe/.local/lib/python3.11/site-packages/airflow/example_dags/example_latest_only_with_trigger.py
[2023-12-27T11:29:50.900-0300] {processor.py:839} INFO - DAG(s) dict_keys(['latest_only_with_trigger']) retrieved from /home/felipe/.local/lib/python3.11/site-packages/airflow/example_dags/example_latest_only_with_trigger.py
[2023-12-27T11:29:50.910-0300] {logging_mixin.py:154} INFO - [2023-12-27T11:29:50.910-0300] {dag.py:2941} INFO - Sync 1 DAGs
[2023-12-27T11:29:50.920-0300] {logging_mixin.py:154} INFO - [2023-12-27T11:29:50.920-0300] {dag.py:3722} INFO - Setting next_dagrun for latest_only_with_trigger to 2023-12-27T10:29:50.920097+00:00, run_after=2023-12-27T14:29:50.920097+00:00
[2023-12-27T11:29:50.936-0300] {processor.py:179} INFO - Processing /home/felipe/.local/lib/python3.11/site-packages/airflow/example_dags/example_latest_only_with_trigger.py took 0.074 seconds
[2023-12-27T11:30:38.684-0300] {processor.py:157} INFO - Started process (PID=13797) to work on /home/felipe/.local/lib/python3.11/site-packages/airflow/example_dags/example_latest_only_with_trigger.py
[2023-12-27T11:30:38.716-0300] {processor.py:829} INFO - Processing file /home/felipe/.local/lib/python3.11/site-packages/airflow/example_dags/example_latest_only_with_trigger.py for tasks to queue
[2023-12-27T11:30:38.716-0300] {logging_mixin.py:154} INFO - [2023-12-27T11:30:38.716-0300] {dagbag.py:536} INFO - Filling up the DagBag from /home/felipe/.local/lib/python3.11/site-packages/airflow/example_dags/example_latest_only_with_trigger.py
[2023-12-27T11:30:38.720-0300] {processor.py:839} INFO - DAG(s) dict_keys(['latest_only_with_trigger']) retrieved from /home/felipe/.local/lib/python3.11/site-packages/airflow/example_dags/example_latest_only_with_trigger.py
[2023-12-27T11:30:38.730-0300] {logging_mixin.py:154} INFO - [2023-12-27T11:30:38.730-0300] {dag.py:2941} INFO - Sync 1 DAGs
[2023-12-27T11:30:38.739-0300] {logging_mixin.py:154} INFO - [2023-12-27T11:30:38.739-0300] {dag.py:3722} INFO - Setting next_dagrun for latest_only_with_trigger to 2023-12-27T10:30:38.739680+00:00, run_after=2023-12-27T14:30:38.739680+00:00
[2023-12-27T11:30:38.756-0300] {processor.py:179} INFO - Processing /home/felipe/.local/lib/python3.11/site-packages/airflow/example_dags/example_latest_only_with_trigger.py took 0.074 seconds
[2023-12-27T11:31:21.107-0300] {processor.py:157} INFO - Started process (PID=13857) to work on /home/felipe/.local/lib/python3.11/site-packages/airflow/example_dags/example_latest_only_with_trigger.py
[2023-12-27T11:31:21.169-0300] {processor.py:829} INFO - Processing file /home/felipe/.local/lib/python3.11/site-packages/airflow/example_dags/example_latest_only_with_trigger.py for tasks to queue
[2023-12-27T11:31:21.169-0300] {logging_mixin.py:154} INFO - [2023-12-27T11:31:21.169-0300] {dagbag.py:536} INFO - Filling up the DagBag from /home/felipe/.local/lib/python3.11/site-packages/airflow/example_dags/example_latest_only_with_trigger.py
[2023-12-27T11:31:21.173-0300] {processor.py:839} INFO - DAG(s) dict_keys(['latest_only_with_trigger']) retrieved from /home/felipe/.local/lib/python3.11/site-packages/airflow/example_dags/example_latest_only_with_trigger.py
[2023-12-27T11:31:21.182-0300] {logging_mixin.py:154} INFO - [2023-12-27T11:31:21.182-0300] {dag.py:2941} INFO - Sync 1 DAGs
[2023-12-27T11:31:21.192-0300] {logging_mixin.py:154} INFO - [2023-12-27T11:31:21.192-0300] {dag.py:3722} INFO - Setting next_dagrun for latest_only_with_trigger to 2023-12-27T10:31:21.192537+00:00, run_after=2023-12-27T14:31:21.192537+00:00
[2023-12-27T11:31:21.209-0300] {processor.py:179} INFO - Processing /home/felipe/.local/lib/python3.11/site-packages/airflow/example_dags/example_latest_only_with_trigger.py took 0.104 seconds
[2023-12-27T14:18:51.743-0300] {processor.py:157} INFO - Started process (PID=10727) to work on /home/felipe/.local/lib/python3.11/site-packages/airflow/example_dags/example_latest_only_with_trigger.py
[2023-12-27T14:18:51.770-0300] {processor.py:829} INFO - Processing file /home/felipe/.local/lib/python3.11/site-packages/airflow/example_dags/example_latest_only_with_trigger.py for tasks to queue
[2023-12-27T14:18:51.770-0300] {logging_mixin.py:154} INFO - [2023-12-27T14:18:51.770-0300] {dagbag.py:536} INFO - Filling up the DagBag from /home/felipe/.local/lib/python3.11/site-packages/airflow/example_dags/example_latest_only_with_trigger.py
[2023-12-27T14:18:51.775-0300] {processor.py:839} INFO - DAG(s) dict_keys(['latest_only_with_trigger']) retrieved from /home/felipe/.local/lib/python3.11/site-packages/airflow/example_dags/example_latest_only_with_trigger.py
[2023-12-27T14:18:51.788-0300] {logging_mixin.py:154} INFO - [2023-12-27T14:18:51.788-0300] {dag.py:2941} INFO - Sync 1 DAGs
[2023-12-27T14:18:51.797-0300] {logging_mixin.py:154} INFO - [2023-12-27T14:18:51.797-0300] {dag.py:3722} INFO - Setting next_dagrun for latest_only_with_trigger to 2023-12-27T13:18:51.796996+00:00, run_after=2023-12-27T17:18:51.796996+00:00
[2023-12-27T14:18:51.806-0300] {processor.py:179} INFO - Processing /home/felipe/.local/lib/python3.11/site-packages/airflow/example_dags/example_latest_only_with_trigger.py took 0.065 seconds
[2023-12-27T14:19:41.518-0300] {processor.py:157} INFO - Started process (PID=10889) to work on /home/felipe/.local/lib/python3.11/site-packages/airflow/example_dags/example_latest_only_with_trigger.py
[2023-12-27T14:19:41.550-0300] {processor.py:829} INFO - Processing file /home/felipe/.local/lib/python3.11/site-packages/airflow/example_dags/example_latest_only_with_trigger.py for tasks to queue
[2023-12-27T14:19:41.550-0300] {logging_mixin.py:154} INFO - [2023-12-27T14:19:41.550-0300] {dagbag.py:536} INFO - Filling up the DagBag from /home/felipe/.local/lib/python3.11/site-packages/airflow/example_dags/example_latest_only_with_trigger.py
[2023-12-27T14:19:41.554-0300] {processor.py:839} INFO - DAG(s) dict_keys(['latest_only_with_trigger']) retrieved from /home/felipe/.local/lib/python3.11/site-packages/airflow/example_dags/example_latest_only_with_trigger.py
[2023-12-27T14:19:41.564-0300] {logging_mixin.py:154} INFO - [2023-12-27T14:19:41.564-0300] {dag.py:2941} INFO - Sync 1 DAGs
[2023-12-27T14:19:41.573-0300] {logging_mixin.py:154} INFO - [2023-12-27T14:19:41.573-0300] {dag.py:3722} INFO - Setting next_dagrun for latest_only_with_trigger to 2023-12-27T13:19:41.573634+00:00, run_after=2023-12-27T17:19:41.573634+00:00
[2023-12-27T14:19:41.590-0300] {processor.py:179} INFO - Processing /home/felipe/.local/lib/python3.11/site-packages/airflow/example_dags/example_latest_only_with_trigger.py took 0.075 seconds
[2023-12-27T14:20:29.958-0300] {processor.py:157} INFO - Started process (PID=11075) to work on /home/felipe/.local/lib/python3.11/site-packages/airflow/example_dags/example_latest_only_with_trigger.py
[2023-12-27T14:20:29.958-0300] {processor.py:829} INFO - Processing file /home/felipe/.local/lib/python3.11/site-packages/airflow/example_dags/example_latest_only_with_trigger.py for tasks to queue
[2023-12-27T14:20:29.959-0300] {logging_mixin.py:154} INFO - [2023-12-27T14:20:29.958-0300] {dagbag.py:536} INFO - Filling up the DagBag from /home/felipe/.local/lib/python3.11/site-packages/airflow/example_dags/example_latest_only_with_trigger.py
[2023-12-27T14:20:29.962-0300] {processor.py:839} INFO - DAG(s) dict_keys(['latest_only_with_trigger']) retrieved from /home/felipe/.local/lib/python3.11/site-packages/airflow/example_dags/example_latest_only_with_trigger.py
[2023-12-27T14:20:29.971-0300] {logging_mixin.py:154} INFO - [2023-12-27T14:20:29.971-0300] {dag.py:2941} INFO - Sync 1 DAGs
[2023-12-27T14:20:29.981-0300] {logging_mixin.py:154} INFO - [2023-12-27T14:20:29.980-0300] {dag.py:3722} INFO - Setting next_dagrun for latest_only_with_trigger to 2023-12-27T13:20:29.980801+00:00, run_after=2023-12-27T17:20:29.980801+00:00
[2023-12-27T14:20:29.990-0300] {processor.py:179} INFO - Processing /home/felipe/.local/lib/python3.11/site-packages/airflow/example_dags/example_latest_only_with_trigger.py took 0.034 seconds
[2023-12-27T14:21:28.494-0300] {processor.py:157} INFO - Started process (PID=11395) to work on /home/felipe/.local/lib/python3.11/site-packages/airflow/example_dags/example_latest_only_with_trigger.py
[2023-12-27T14:21:28.494-0300] {processor.py:829} INFO - Processing file /home/felipe/.local/lib/python3.11/site-packages/airflow/example_dags/example_latest_only_with_trigger.py for tasks to queue
[2023-12-27T14:21:28.495-0300] {logging_mixin.py:154} INFO - [2023-12-27T14:21:28.494-0300] {dagbag.py:536} INFO - Filling up the DagBag from /home/felipe/.local/lib/python3.11/site-packages/airflow/example_dags/example_latest_only_with_trigger.py
[2023-12-27T14:21:28.499-0300] {processor.py:839} INFO - DAG(s) dict_keys(['latest_only_with_trigger']) retrieved from /home/felipe/.local/lib/python3.11/site-packages/airflow/example_dags/example_latest_only_with_trigger.py
[2023-12-27T14:21:28.508-0300] {logging_mixin.py:154} INFO - [2023-12-27T14:21:28.508-0300] {dag.py:2941} INFO - Sync 1 DAGs
[2023-12-27T14:21:28.518-0300] {logging_mixin.py:154} INFO - [2023-12-27T14:21:28.518-0300] {dag.py:3722} INFO - Setting next_dagrun for latest_only_with_trigger to 2023-12-27T13:21:28.518015+00:00, run_after=2023-12-27T17:21:28.518015+00:00
[2023-12-27T14:21:28.527-0300] {processor.py:179} INFO - Processing /home/felipe/.local/lib/python3.11/site-packages/airflow/example_dags/example_latest_only_with_trigger.py took 0.035 seconds
[2023-12-27T14:22:22.352-0300] {processor.py:157} INFO - Started process (PID=12057) to work on /home/felipe/.local/lib/python3.11/site-packages/airflow/example_dags/example_latest_only_with_trigger.py
[2023-12-27T14:22:22.353-0300] {processor.py:829} INFO - Processing file /home/felipe/.local/lib/python3.11/site-packages/airflow/example_dags/example_latest_only_with_trigger.py for tasks to queue
[2023-12-27T14:22:22.353-0300] {logging_mixin.py:154} INFO - [2023-12-27T14:22:22.353-0300] {dagbag.py:536} INFO - Filling up the DagBag from /home/felipe/.local/lib/python3.11/site-packages/airflow/example_dags/example_latest_only_with_trigger.py
[2023-12-27T14:22:22.359-0300] {processor.py:839} INFO - DAG(s) dict_keys(['latest_only_with_trigger']) retrieved from /home/felipe/.local/lib/python3.11/site-packages/airflow/example_dags/example_latest_only_with_trigger.py
[2023-12-27T14:22:22.369-0300] {logging_mixin.py:154} INFO - [2023-12-27T14:22:22.369-0300] {dag.py:2941} INFO - Sync 1 DAGs
[2023-12-27T14:22:22.379-0300] {logging_mixin.py:154} INFO - [2023-12-27T14:22:22.379-0300] {dag.py:3722} INFO - Setting next_dagrun for latest_only_with_trigger to 2023-12-27T13:22:22.379178+00:00, run_after=2023-12-27T17:22:22.379178+00:00
[2023-12-27T14:22:22.389-0300] {processor.py:179} INFO - Processing /home/felipe/.local/lib/python3.11/site-packages/airflow/example_dags/example_latest_only_with_trigger.py took 0.039 seconds
[2023-12-27T14:23:34.980-0300] {processor.py:157} INFO - Started process (PID=12691) to work on /home/felipe/.local/lib/python3.11/site-packages/airflow/example_dags/example_latest_only_with_trigger.py
[2023-12-27T14:23:35.012-0300] {processor.py:829} INFO - Processing file /home/felipe/.local/lib/python3.11/site-packages/airflow/example_dags/example_latest_only_with_trigger.py for tasks to queue
[2023-12-27T14:23:35.013-0300] {logging_mixin.py:154} INFO - [2023-12-27T14:23:35.013-0300] {dagbag.py:536} INFO - Filling up the DagBag from /home/felipe/.local/lib/python3.11/site-packages/airflow/example_dags/example_latest_only_with_trigger.py
[2023-12-27T14:23:35.016-0300] {processor.py:839} INFO - DAG(s) dict_keys(['latest_only_with_trigger']) retrieved from /home/felipe/.local/lib/python3.11/site-packages/airflow/example_dags/example_latest_only_with_trigger.py
[2023-12-27T14:23:35.025-0300] {logging_mixin.py:154} INFO - [2023-12-27T14:23:35.025-0300] {dag.py:2941} INFO - Sync 1 DAGs
[2023-12-27T14:23:35.034-0300] {logging_mixin.py:154} INFO - [2023-12-27T14:23:35.034-0300] {dag.py:3722} INFO - Setting next_dagrun for latest_only_with_trigger to 2023-12-27T13:23:35.034613+00:00, run_after=2023-12-27T17:23:35.034613+00:00
[2023-12-27T14:23:35.052-0300] {processor.py:179} INFO - Processing /home/felipe/.local/lib/python3.11/site-packages/airflow/example_dags/example_latest_only_with_trigger.py took 0.074 seconds
[2023-12-27T14:25:05.021-0300] {processor.py:157} INFO - Started process (PID=12813) to work on /home/felipe/.local/lib/python3.11/site-packages/airflow/example_dags/example_latest_only_with_trigger.py
[2023-12-27T14:25:05.022-0300] {processor.py:829} INFO - Processing file /home/felipe/.local/lib/python3.11/site-packages/airflow/example_dags/example_latest_only_with_trigger.py for tasks to queue
[2023-12-27T14:25:05.022-0300] {logging_mixin.py:154} INFO - [2023-12-27T14:25:05.022-0300] {dagbag.py:536} INFO - Filling up the DagBag from /home/felipe/.local/lib/python3.11/site-packages/airflow/example_dags/example_latest_only_with_trigger.py
[2023-12-27T14:25:05.027-0300] {processor.py:839} INFO - DAG(s) dict_keys(['latest_only_with_trigger']) retrieved from /home/felipe/.local/lib/python3.11/site-packages/airflow/example_dags/example_latest_only_with_trigger.py
[2023-12-27T14:25:05.036-0300] {logging_mixin.py:154} INFO - [2023-12-27T14:25:05.036-0300] {dag.py:2941} INFO - Sync 1 DAGs
[2023-12-27T14:25:05.045-0300] {logging_mixin.py:154} INFO - [2023-12-27T14:25:05.045-0300] {dag.py:3722} INFO - Setting next_dagrun for latest_only_with_trigger to 2023-12-27T13:25:05.045393+00:00, run_after=2023-12-27T17:25:05.045393+00:00
[2023-12-27T14:25:05.062-0300] {processor.py:179} INFO - Processing /home/felipe/.local/lib/python3.11/site-packages/airflow/example_dags/example_latest_only_with_trigger.py took 0.042 seconds
