[2023-12-27T11:26:50.084-0300] {processor.py:157} INFO - Started process (PID=13394) to work on /home/felipe/.local/lib/python3.11/site-packages/airflow/example_dags/example_sensor_decorator.py
[2023-12-27T11:26:50.085-0300] {processor.py:829} INFO - Processing file /home/felipe/.local/lib/python3.11/site-packages/airflow/example_dags/example_sensor_decorator.py for tasks to queue
[2023-12-27T11:26:50.085-0300] {logging_mixin.py:154} INFO - [2023-12-27T11:26:50.085-0300] {dagbag.py:536} INFO - Filling up the DagBag from /home/felipe/.local/lib/python3.11/site-packages/airflow/example_dags/example_sensor_decorator.py
[2023-12-27T11:26:50.091-0300] {processor.py:839} INFO - DAG(s) dict_keys(['example_sensor_decorator']) retrieved from /home/felipe/.local/lib/python3.11/site-packages/airflow/example_dags/example_sensor_decorator.py
[2023-12-27T11:26:50.176-0300] {logging_mixin.py:154} INFO - [2023-12-27T11:26:50.176-0300] {manager.py:499} INFO - Created Permission View: %s
[2023-12-27T11:26:50.181-0300] {logging_mixin.py:154} INFO - [2023-12-27T11:26:50.181-0300] {manager.py:499} INFO - Created Permission View: %s
[2023-12-27T11:26:50.184-0300] {logging_mixin.py:154} INFO - [2023-12-27T11:26:50.184-0300] {manager.py:499} INFO - Created Permission View: %s
[2023-12-27T11:26:50.184-0300] {logging_mixin.py:154} INFO - [2023-12-27T11:26:50.184-0300] {dag.py:2941} INFO - Sync 1 DAGs
[2023-12-27T11:26:50.189-0300] {logging_mixin.py:154} INFO - [2023-12-27T11:26:50.189-0300] {dag.py:2963} INFO - Creating ORM DAG for example_sensor_decorator
[2023-12-27T11:26:50.189-0300] {logging_mixin.py:154} INFO - [2023-12-27T11:26:50.189-0300] {dag.py:3722} INFO - Setting next_dagrun for example_sensor_decorator to None, run_after=None
[2023-12-27T11:26:50.198-0300] {processor.py:179} INFO - Processing /home/felipe/.local/lib/python3.11/site-packages/airflow/example_dags/example_sensor_decorator.py took 0.115 seconds
[2023-12-27T11:27:34.497-0300] {processor.py:157} INFO - Started process (PID=13533) to work on /home/felipe/.local/lib/python3.11/site-packages/airflow/example_dags/example_sensor_decorator.py
[2023-12-27T11:27:34.497-0300] {processor.py:829} INFO - Processing file /home/felipe/.local/lib/python3.11/site-packages/airflow/example_dags/example_sensor_decorator.py for tasks to queue
[2023-12-27T11:27:34.498-0300] {logging_mixin.py:154} INFO - [2023-12-27T11:27:34.498-0300] {dagbag.py:536} INFO - Filling up the DagBag from /home/felipe/.local/lib/python3.11/site-packages/airflow/example_dags/example_sensor_decorator.py
[2023-12-27T11:27:34.502-0300] {processor.py:839} INFO - DAG(s) dict_keys(['example_sensor_decorator']) retrieved from /home/felipe/.local/lib/python3.11/site-packages/airflow/example_dags/example_sensor_decorator.py
[2023-12-27T11:27:34.511-0300] {logging_mixin.py:154} INFO - [2023-12-27T11:27:34.511-0300] {dag.py:2941} INFO - Sync 1 DAGs
[2023-12-27T11:27:34.517-0300] {logging_mixin.py:154} INFO - [2023-12-27T11:27:34.517-0300] {dag.py:3722} INFO - Setting next_dagrun for example_sensor_decorator to None, run_after=None
[2023-12-27T11:27:34.527-0300] {processor.py:179} INFO - Processing /home/felipe/.local/lib/python3.11/site-packages/airflow/example_dags/example_sensor_decorator.py took 0.032 seconds
[2023-12-27T11:28:19.727-0300] {processor.py:157} INFO - Started process (PID=13603) to work on /home/felipe/.local/lib/python3.11/site-packages/airflow/example_dags/example_sensor_decorator.py
[2023-12-27T11:28:19.759-0300] {processor.py:829} INFO - Processing file /home/felipe/.local/lib/python3.11/site-packages/airflow/example_dags/example_sensor_decorator.py for tasks to queue
[2023-12-27T11:28:19.760-0300] {logging_mixin.py:154} INFO - [2023-12-27T11:28:19.760-0300] {dagbag.py:536} INFO - Filling up the DagBag from /home/felipe/.local/lib/python3.11/site-packages/airflow/example_dags/example_sensor_decorator.py
[2023-12-27T11:28:19.764-0300] {processor.py:839} INFO - DAG(s) dict_keys(['example_sensor_decorator']) retrieved from /home/felipe/.local/lib/python3.11/site-packages/airflow/example_dags/example_sensor_decorator.py
[2023-12-27T11:28:19.774-0300] {logging_mixin.py:154} INFO - [2023-12-27T11:28:19.773-0300] {dag.py:2941} INFO - Sync 1 DAGs
[2023-12-27T11:28:19.780-0300] {logging_mixin.py:154} INFO - [2023-12-27T11:28:19.780-0300] {dag.py:3722} INFO - Setting next_dagrun for example_sensor_decorator to None, run_after=None
[2023-12-27T11:28:19.797-0300] {processor.py:179} INFO - Processing /home/felipe/.local/lib/python3.11/site-packages/airflow/example_dags/example_sensor_decorator.py took 0.071 seconds
[2023-12-27T11:29:05.641-0300] {processor.py:157} INFO - Started process (PID=13663) to work on /home/felipe/.local/lib/python3.11/site-packages/airflow/example_dags/example_sensor_decorator.py
[2023-12-27T11:29:05.672-0300] {processor.py:829} INFO - Processing file /home/felipe/.local/lib/python3.11/site-packages/airflow/example_dags/example_sensor_decorator.py for tasks to queue
[2023-12-27T11:29:05.673-0300] {logging_mixin.py:154} INFO - [2023-12-27T11:29:05.673-0300] {dagbag.py:536} INFO - Filling up the DagBag from /home/felipe/.local/lib/python3.11/site-packages/airflow/example_dags/example_sensor_decorator.py
[2023-12-27T11:29:05.677-0300] {processor.py:839} INFO - DAG(s) dict_keys(['example_sensor_decorator']) retrieved from /home/felipe/.local/lib/python3.11/site-packages/airflow/example_dags/example_sensor_decorator.py
[2023-12-27T11:29:05.687-0300] {logging_mixin.py:154} INFO - [2023-12-27T11:29:05.686-0300] {dag.py:2941} INFO - Sync 1 DAGs
[2023-12-27T11:29:05.692-0300] {logging_mixin.py:154} INFO - [2023-12-27T11:29:05.692-0300] {dag.py:3722} INFO - Setting next_dagrun for example_sensor_decorator to None, run_after=None
[2023-12-27T11:29:05.709-0300] {processor.py:179} INFO - Processing /home/felipe/.local/lib/python3.11/site-packages/airflow/example_dags/example_sensor_decorator.py took 0.070 seconds
[2023-12-27T11:29:53.127-0300] {processor.py:157} INFO - Started process (PID=13734) to work on /home/felipe/.local/lib/python3.11/site-packages/airflow/example_dags/example_sensor_decorator.py
[2023-12-27T11:29:53.159-0300] {processor.py:829} INFO - Processing file /home/felipe/.local/lib/python3.11/site-packages/airflow/example_dags/example_sensor_decorator.py for tasks to queue
[2023-12-27T11:29:53.159-0300] {logging_mixin.py:154} INFO - [2023-12-27T11:29:53.159-0300] {dagbag.py:536} INFO - Filling up the DagBag from /home/felipe/.local/lib/python3.11/site-packages/airflow/example_dags/example_sensor_decorator.py
[2023-12-27T11:29:53.163-0300] {processor.py:839} INFO - DAG(s) dict_keys(['example_sensor_decorator']) retrieved from /home/felipe/.local/lib/python3.11/site-packages/airflow/example_dags/example_sensor_decorator.py
[2023-12-27T11:29:53.172-0300] {logging_mixin.py:154} INFO - [2023-12-27T11:29:53.172-0300] {dag.py:2941} INFO - Sync 1 DAGs
[2023-12-27T11:29:53.178-0300] {logging_mixin.py:154} INFO - [2023-12-27T11:29:53.178-0300] {dag.py:3722} INFO - Setting next_dagrun for example_sensor_decorator to None, run_after=None
[2023-12-27T11:29:53.195-0300] {processor.py:179} INFO - Processing /home/felipe/.local/lib/python3.11/site-packages/airflow/example_dags/example_sensor_decorator.py took 0.069 seconds
[2023-12-27T11:30:40.419-0300] {processor.py:157} INFO - Started process (PID=13799) to work on /home/felipe/.local/lib/python3.11/site-packages/airflow/example_dags/example_sensor_decorator.py
[2023-12-27T11:30:40.424-0300] {processor.py:829} INFO - Processing file /home/felipe/.local/lib/python3.11/site-packages/airflow/example_dags/example_sensor_decorator.py for tasks to queue
[2023-12-27T11:30:40.424-0300] {logging_mixin.py:154} INFO - [2023-12-27T11:30:40.424-0300] {dagbag.py:536} INFO - Filling up the DagBag from /home/felipe/.local/lib/python3.11/site-packages/airflow/example_dags/example_sensor_decorator.py
[2023-12-27T11:30:40.428-0300] {processor.py:839} INFO - DAG(s) dict_keys(['example_sensor_decorator']) retrieved from /home/felipe/.local/lib/python3.11/site-packages/airflow/example_dags/example_sensor_decorator.py
[2023-12-27T11:30:40.437-0300] {logging_mixin.py:154} INFO - [2023-12-27T11:30:40.437-0300] {dag.py:2941} INFO - Sync 1 DAGs
[2023-12-27T11:30:40.443-0300] {logging_mixin.py:154} INFO - [2023-12-27T11:30:40.443-0300] {dag.py:3722} INFO - Setting next_dagrun for example_sensor_decorator to None, run_after=None
[2023-12-27T11:30:40.452-0300] {processor.py:179} INFO - Processing /home/felipe/.local/lib/python3.11/site-packages/airflow/example_dags/example_sensor_decorator.py took 0.035 seconds
[2023-12-27T11:31:22.668-0300] {processor.py:157} INFO - Started process (PID=13859) to work on /home/felipe/.local/lib/python3.11/site-packages/airflow/example_dags/example_sensor_decorator.py
[2023-12-27T11:31:22.700-0300] {processor.py:829} INFO - Processing file /home/felipe/.local/lib/python3.11/site-packages/airflow/example_dags/example_sensor_decorator.py for tasks to queue
[2023-12-27T11:31:22.700-0300] {logging_mixin.py:154} INFO - [2023-12-27T11:31:22.700-0300] {dagbag.py:536} INFO - Filling up the DagBag from /home/felipe/.local/lib/python3.11/site-packages/airflow/example_dags/example_sensor_decorator.py
[2023-12-27T11:31:22.704-0300] {processor.py:839} INFO - DAG(s) dict_keys(['example_sensor_decorator']) retrieved from /home/felipe/.local/lib/python3.11/site-packages/airflow/example_dags/example_sensor_decorator.py
[2023-12-27T11:31:22.714-0300] {logging_mixin.py:154} INFO - [2023-12-27T11:31:22.714-0300] {dag.py:2941} INFO - Sync 1 DAGs
[2023-12-27T11:31:22.719-0300] {logging_mixin.py:154} INFO - [2023-12-27T11:31:22.719-0300] {dag.py:3722} INFO - Setting next_dagrun for example_sensor_decorator to None, run_after=None
[2023-12-27T11:31:22.736-0300] {processor.py:179} INFO - Processing /home/felipe/.local/lib/python3.11/site-packages/airflow/example_dags/example_sensor_decorator.py took 0.070 seconds
[2023-12-27T14:18:53.645-0300] {processor.py:157} INFO - Started process (PID=10729) to work on /home/felipe/.local/lib/python3.11/site-packages/airflow/example_dags/example_sensor_decorator.py
[2023-12-27T14:18:53.677-0300] {processor.py:829} INFO - Processing file /home/felipe/.local/lib/python3.11/site-packages/airflow/example_dags/example_sensor_decorator.py for tasks to queue
[2023-12-27T14:18:53.678-0300] {logging_mixin.py:154} INFO - [2023-12-27T14:18:53.678-0300] {dagbag.py:536} INFO - Filling up the DagBag from /home/felipe/.local/lib/python3.11/site-packages/airflow/example_dags/example_sensor_decorator.py
[2023-12-27T14:18:53.683-0300] {processor.py:839} INFO - DAG(s) dict_keys(['example_sensor_decorator']) retrieved from /home/felipe/.local/lib/python3.11/site-packages/airflow/example_dags/example_sensor_decorator.py
[2023-12-27T14:18:53.695-0300] {logging_mixin.py:154} INFO - [2023-12-27T14:18:53.695-0300] {dag.py:2941} INFO - Sync 1 DAGs
[2023-12-27T14:18:53.700-0300] {logging_mixin.py:154} INFO - [2023-12-27T14:18:53.700-0300] {dag.py:3722} INFO - Setting next_dagrun for example_sensor_decorator to None, run_after=None
[2023-12-27T14:18:53.717-0300] {processor.py:179} INFO - Processing /home/felipe/.local/lib/python3.11/site-packages/airflow/example_dags/example_sensor_decorator.py took 0.074 seconds
[2023-12-27T14:19:43.637-0300] {processor.py:157} INFO - Started process (PID=10891) to work on /home/felipe/.local/lib/python3.11/site-packages/airflow/example_dags/example_sensor_decorator.py
[2023-12-27T14:19:43.669-0300] {processor.py:829} INFO - Processing file /home/felipe/.local/lib/python3.11/site-packages/airflow/example_dags/example_sensor_decorator.py for tasks to queue
[2023-12-27T14:19:43.670-0300] {logging_mixin.py:154} INFO - [2023-12-27T14:19:43.669-0300] {dagbag.py:536} INFO - Filling up the DagBag from /home/felipe/.local/lib/python3.11/site-packages/airflow/example_dags/example_sensor_decorator.py
[2023-12-27T14:19:43.673-0300] {processor.py:839} INFO - DAG(s) dict_keys(['example_sensor_decorator']) retrieved from /home/felipe/.local/lib/python3.11/site-packages/airflow/example_dags/example_sensor_decorator.py
[2023-12-27T14:19:43.683-0300] {logging_mixin.py:154} INFO - [2023-12-27T14:19:43.683-0300] {dag.py:2941} INFO - Sync 1 DAGs
[2023-12-27T14:19:43.689-0300] {logging_mixin.py:154} INFO - [2023-12-27T14:19:43.689-0300] {dag.py:3722} INFO - Setting next_dagrun for example_sensor_decorator to None, run_after=None
[2023-12-27T14:19:43.706-0300] {processor.py:179} INFO - Processing /home/felipe/.local/lib/python3.11/site-packages/airflow/example_dags/example_sensor_decorator.py took 0.071 seconds
[2023-12-27T14:20:32.224-0300] {processor.py:157} INFO - Started process (PID=11077) to work on /home/felipe/.local/lib/python3.11/site-packages/airflow/example_dags/example_sensor_decorator.py
[2023-12-27T14:20:32.257-0300] {processor.py:829} INFO - Processing file /home/felipe/.local/lib/python3.11/site-packages/airflow/example_dags/example_sensor_decorator.py for tasks to queue
[2023-12-27T14:20:32.257-0300] {logging_mixin.py:154} INFO - [2023-12-27T14:20:32.257-0300] {dagbag.py:536} INFO - Filling up the DagBag from /home/felipe/.local/lib/python3.11/site-packages/airflow/example_dags/example_sensor_decorator.py
[2023-12-27T14:20:32.261-0300] {processor.py:839} INFO - DAG(s) dict_keys(['example_sensor_decorator']) retrieved from /home/felipe/.local/lib/python3.11/site-packages/airflow/example_dags/example_sensor_decorator.py
[2023-12-27T14:20:32.270-0300] {logging_mixin.py:154} INFO - [2023-12-27T14:20:32.270-0300] {dag.py:2941} INFO - Sync 1 DAGs
[2023-12-27T14:20:32.276-0300] {logging_mixin.py:154} INFO - [2023-12-27T14:20:32.276-0300] {dag.py:3722} INFO - Setting next_dagrun for example_sensor_decorator to None, run_after=None
[2023-12-27T14:20:32.293-0300] {processor.py:179} INFO - Processing /home/felipe/.local/lib/python3.11/site-packages/airflow/example_dags/example_sensor_decorator.py took 0.070 seconds
[2023-12-27T14:21:29.897-0300] {processor.py:157} INFO - Started process (PID=11397) to work on /home/felipe/.local/lib/python3.11/site-packages/airflow/example_dags/example_sensor_decorator.py
[2023-12-27T14:21:29.898-0300] {processor.py:829} INFO - Processing file /home/felipe/.local/lib/python3.11/site-packages/airflow/example_dags/example_sensor_decorator.py for tasks to queue
[2023-12-27T14:21:29.898-0300] {logging_mixin.py:154} INFO - [2023-12-27T14:21:29.898-0300] {dagbag.py:536} INFO - Filling up the DagBag from /home/felipe/.local/lib/python3.11/site-packages/airflow/example_dags/example_sensor_decorator.py
[2023-12-27T14:21:29.903-0300] {processor.py:839} INFO - DAG(s) dict_keys(['example_sensor_decorator']) retrieved from /home/felipe/.local/lib/python3.11/site-packages/airflow/example_dags/example_sensor_decorator.py
[2023-12-27T14:21:29.912-0300] {logging_mixin.py:154} INFO - [2023-12-27T14:21:29.912-0300] {dag.py:2941} INFO - Sync 1 DAGs
[2023-12-27T14:21:29.918-0300] {logging_mixin.py:154} INFO - [2023-12-27T14:21:29.918-0300] {dag.py:3722} INFO - Setting next_dagrun for example_sensor_decorator to None, run_after=None
[2023-12-27T14:21:29.935-0300] {processor.py:179} INFO - Processing /home/felipe/.local/lib/python3.11/site-packages/airflow/example_dags/example_sensor_decorator.py took 0.039 seconds
[2023-12-27T14:22:23.670-0300] {processor.py:157} INFO - Started process (PID=12059) to work on /home/felipe/.local/lib/python3.11/site-packages/airflow/example_dags/example_sensor_decorator.py
[2023-12-27T14:22:23.671-0300] {processor.py:829} INFO - Processing file /home/felipe/.local/lib/python3.11/site-packages/airflow/example_dags/example_sensor_decorator.py for tasks to queue
[2023-12-27T14:22:23.671-0300] {logging_mixin.py:154} INFO - [2023-12-27T14:22:23.671-0300] {dagbag.py:536} INFO - Filling up the DagBag from /home/felipe/.local/lib/python3.11/site-packages/airflow/example_dags/example_sensor_decorator.py
[2023-12-27T14:22:23.677-0300] {processor.py:839} INFO - DAG(s) dict_keys(['example_sensor_decorator']) retrieved from /home/felipe/.local/lib/python3.11/site-packages/airflow/example_dags/example_sensor_decorator.py
[2023-12-27T14:22:23.686-0300] {logging_mixin.py:154} INFO - [2023-12-27T14:22:23.686-0300] {dag.py:2941} INFO - Sync 1 DAGs
[2023-12-27T14:22:23.692-0300] {logging_mixin.py:154} INFO - [2023-12-27T14:22:23.692-0300] {dag.py:3722} INFO - Setting next_dagrun for example_sensor_decorator to None, run_after=None
[2023-12-27T14:22:23.710-0300] {processor.py:179} INFO - Processing /home/felipe/.local/lib/python3.11/site-packages/airflow/example_dags/example_sensor_decorator.py took 0.041 seconds
[2023-12-27T14:23:36.570-0300] {processor.py:157} INFO - Started process (PID=12693) to work on /home/felipe/.local/lib/python3.11/site-packages/airflow/example_dags/example_sensor_decorator.py
[2023-12-27T14:23:36.602-0300] {processor.py:829} INFO - Processing file /home/felipe/.local/lib/python3.11/site-packages/airflow/example_dags/example_sensor_decorator.py for tasks to queue
[2023-12-27T14:23:36.602-0300] {logging_mixin.py:154} INFO - [2023-12-27T14:23:36.602-0300] {dagbag.py:536} INFO - Filling up the DagBag from /home/felipe/.local/lib/python3.11/site-packages/airflow/example_dags/example_sensor_decorator.py
[2023-12-27T14:23:36.606-0300] {processor.py:839} INFO - DAG(s) dict_keys(['example_sensor_decorator']) retrieved from /home/felipe/.local/lib/python3.11/site-packages/airflow/example_dags/example_sensor_decorator.py
[2023-12-27T14:23:36.615-0300] {logging_mixin.py:154} INFO - [2023-12-27T14:23:36.615-0300] {dag.py:2941} INFO - Sync 1 DAGs
[2023-12-27T14:23:36.620-0300] {logging_mixin.py:154} INFO - [2023-12-27T14:23:36.620-0300] {dag.py:3722} INFO - Setting next_dagrun for example_sensor_decorator to None, run_after=None
[2023-12-27T14:23:36.641-0300] {processor.py:179} INFO - Processing /home/felipe/.local/lib/python3.11/site-packages/airflow/example_dags/example_sensor_decorator.py took 0.073 seconds
[2023-12-27T14:25:07.329-0300] {processor.py:157} INFO - Started process (PID=12815) to work on /home/felipe/.local/lib/python3.11/site-packages/airflow/example_dags/example_sensor_decorator.py
[2023-12-27T14:25:07.329-0300] {processor.py:829} INFO - Processing file /home/felipe/.local/lib/python3.11/site-packages/airflow/example_dags/example_sensor_decorator.py for tasks to queue
[2023-12-27T14:25:07.330-0300] {logging_mixin.py:154} INFO - [2023-12-27T14:25:07.330-0300] {dagbag.py:536} INFO - Filling up the DagBag from /home/felipe/.local/lib/python3.11/site-packages/airflow/example_dags/example_sensor_decorator.py
[2023-12-27T14:25:07.335-0300] {processor.py:839} INFO - DAG(s) dict_keys(['example_sensor_decorator']) retrieved from /home/felipe/.local/lib/python3.11/site-packages/airflow/example_dags/example_sensor_decorator.py
[2023-12-27T14:25:07.344-0300] {logging_mixin.py:154} INFO - [2023-12-27T14:25:07.344-0300] {dag.py:2941} INFO - Sync 1 DAGs
[2023-12-27T14:25:07.349-0300] {logging_mixin.py:154} INFO - [2023-12-27T14:25:07.349-0300] {dag.py:3722} INFO - Setting next_dagrun for example_sensor_decorator to None, run_after=None
[2023-12-27T14:25:07.359-0300] {processor.py:179} INFO - Processing /home/felipe/.local/lib/python3.11/site-packages/airflow/example_dags/example_sensor_decorator.py took 0.032 seconds
