[2023-12-27T11:27:03.400-0300] {processor.py:157} INFO - Started process (PID=13463) to work on /home/felipe/.local/lib/python3.11/site-packages/airflow/example_dags/example_setup_teardown.py
[2023-12-27T11:27:03.401-0300] {processor.py:829} INFO - Processing file /home/felipe/.local/lib/python3.11/site-packages/airflow/example_dags/example_setup_teardown.py for tasks to queue
[2023-12-27T11:27:03.401-0300] {logging_mixin.py:154} INFO - [2023-12-27T11:27:03.401-0300] {dagbag.py:536} INFO - Filling up the DagBag from /home/felipe/.local/lib/python3.11/site-packages/airflow/example_dags/example_setup_teardown.py
[2023-12-27T11:27:03.406-0300] {processor.py:839} INFO - DAG(s) dict_keys(['example_setup_teardown']) retrieved from /home/felipe/.local/lib/python3.11/site-packages/airflow/example_dags/example_setup_teardown.py
[2023-12-27T11:27:03.527-0300] {logging_mixin.py:154} INFO - [2023-12-27T11:27:03.527-0300] {manager.py:499} INFO - Created Permission View: %s
[2023-12-27T11:27:03.532-0300] {logging_mixin.py:154} INFO - [2023-12-27T11:27:03.532-0300] {manager.py:499} INFO - Created Permission View: %s
[2023-12-27T11:27:03.535-0300] {logging_mixin.py:154} INFO - [2023-12-27T11:27:03.535-0300] {manager.py:499} INFO - Created Permission View: %s
[2023-12-27T11:27:03.535-0300] {logging_mixin.py:154} INFO - [2023-12-27T11:27:03.535-0300] {dag.py:2941} INFO - Sync 1 DAGs
[2023-12-27T11:27:03.540-0300] {logging_mixin.py:154} INFO - [2023-12-27T11:27:03.540-0300] {dag.py:2963} INFO - Creating ORM DAG for example_setup_teardown
[2023-12-27T11:27:03.545-0300] {logging_mixin.py:154} INFO - [2023-12-27T11:27:03.545-0300] {dag.py:3722} INFO - Setting next_dagrun for example_setup_teardown to 2023-12-26T14:27:03.544901+00:00, run_after=2023-12-27T14:27:03.544901+00:00
[2023-12-27T11:27:03.556-0300] {processor.py:179} INFO - Processing /home/felipe/.local/lib/python3.11/site-packages/airflow/example_dags/example_setup_teardown.py took 0.157 seconds
[2023-12-27T11:27:48.186-0300] {processor.py:157} INFO - Started process (PID=13557) to work on /home/felipe/.local/lib/python3.11/site-packages/airflow/example_dags/example_setup_teardown.py
[2023-12-27T11:27:48.186-0300] {processor.py:829} INFO - Processing file /home/felipe/.local/lib/python3.11/site-packages/airflow/example_dags/example_setup_teardown.py for tasks to queue
[2023-12-27T11:27:48.187-0300] {logging_mixin.py:154} INFO - [2023-12-27T11:27:48.186-0300] {dagbag.py:536} INFO - Filling up the DagBag from /home/felipe/.local/lib/python3.11/site-packages/airflow/example_dags/example_setup_teardown.py
[2023-12-27T11:27:48.192-0300] {processor.py:839} INFO - DAG(s) dict_keys(['example_setup_teardown']) retrieved from /home/felipe/.local/lib/python3.11/site-packages/airflow/example_dags/example_setup_teardown.py
[2023-12-27T11:27:48.201-0300] {logging_mixin.py:154} INFO - [2023-12-27T11:27:48.201-0300] {dag.py:2941} INFO - Sync 1 DAGs
[2023-12-27T11:27:48.211-0300] {logging_mixin.py:154} INFO - [2023-12-27T11:27:48.211-0300] {dag.py:3722} INFO - Setting next_dagrun for example_setup_teardown to 2023-12-26T14:27:48.211637+00:00, run_after=2023-12-27T14:27:48.211637+00:00
[2023-12-27T11:27:48.221-0300] {processor.py:179} INFO - Processing /home/felipe/.local/lib/python3.11/site-packages/airflow/example_dags/example_setup_teardown.py took 0.038 seconds
[2023-12-27T11:28:34.819-0300] {processor.py:157} INFO - Started process (PID=13631) to work on /home/felipe/.local/lib/python3.11/site-packages/airflow/example_dags/example_setup_teardown.py
[2023-12-27T11:28:34.851-0300] {processor.py:829} INFO - Processing file /home/felipe/.local/lib/python3.11/site-packages/airflow/example_dags/example_setup_teardown.py for tasks to queue
[2023-12-27T11:28:34.852-0300] {logging_mixin.py:154} INFO - [2023-12-27T11:28:34.851-0300] {dagbag.py:536} INFO - Filling up the DagBag from /home/felipe/.local/lib/python3.11/site-packages/airflow/example_dags/example_setup_teardown.py
[2023-12-27T11:28:34.856-0300] {processor.py:839} INFO - DAG(s) dict_keys(['example_setup_teardown']) retrieved from /home/felipe/.local/lib/python3.11/site-packages/airflow/example_dags/example_setup_teardown.py
[2023-12-27T11:28:34.865-0300] {logging_mixin.py:154} INFO - [2023-12-27T11:28:34.865-0300] {dag.py:2941} INFO - Sync 1 DAGs
[2023-12-27T11:28:34.875-0300] {logging_mixin.py:154} INFO - [2023-12-27T11:28:34.875-0300] {dag.py:3722} INFO - Setting next_dagrun for example_setup_teardown to 2023-12-26T14:28:34.875556+00:00, run_after=2023-12-27T14:28:34.875556+00:00
[2023-12-27T11:28:34.892-0300] {processor.py:179} INFO - Processing /home/felipe/.local/lib/python3.11/site-packages/airflow/example_dags/example_setup_teardown.py took 0.075 seconds
[2023-12-27T11:29:22.764-0300] {processor.py:157} INFO - Started process (PID=13691) to work on /home/felipe/.local/lib/python3.11/site-packages/airflow/example_dags/example_setup_teardown.py
[2023-12-27T11:29:22.796-0300] {processor.py:829} INFO - Processing file /home/felipe/.local/lib/python3.11/site-packages/airflow/example_dags/example_setup_teardown.py for tasks to queue
[2023-12-27T11:29:22.797-0300] {logging_mixin.py:154} INFO - [2023-12-27T11:29:22.796-0300] {dagbag.py:536} INFO - Filling up the DagBag from /home/felipe/.local/lib/python3.11/site-packages/airflow/example_dags/example_setup_teardown.py
[2023-12-27T11:29:22.801-0300] {processor.py:839} INFO - DAG(s) dict_keys(['example_setup_teardown']) retrieved from /home/felipe/.local/lib/python3.11/site-packages/airflow/example_dags/example_setup_teardown.py
[2023-12-27T11:29:22.810-0300] {logging_mixin.py:154} INFO - [2023-12-27T11:29:22.810-0300] {dag.py:2941} INFO - Sync 1 DAGs
[2023-12-27T11:29:22.819-0300] {logging_mixin.py:154} INFO - [2023-12-27T11:29:22.819-0300] {dag.py:3722} INFO - Setting next_dagrun for example_setup_teardown to 2023-12-26T14:29:22.819583+00:00, run_after=2023-12-27T14:29:22.819583+00:00
[2023-12-27T11:29:22.836-0300] {processor.py:179} INFO - Processing /home/felipe/.local/lib/python3.11/site-packages/airflow/example_dags/example_setup_teardown.py took 0.073 seconds
[2023-12-27T11:30:10.001-0300] {processor.py:157} INFO - Started process (PID=13754) to work on /home/felipe/.local/lib/python3.11/site-packages/airflow/example_dags/example_setup_teardown.py
[2023-12-27T11:30:10.033-0300] {processor.py:829} INFO - Processing file /home/felipe/.local/lib/python3.11/site-packages/airflow/example_dags/example_setup_teardown.py for tasks to queue
[2023-12-27T11:30:10.033-0300] {logging_mixin.py:154} INFO - [2023-12-27T11:30:10.033-0300] {dagbag.py:536} INFO - Filling up the DagBag from /home/felipe/.local/lib/python3.11/site-packages/airflow/example_dags/example_setup_teardown.py
[2023-12-27T11:30:10.038-0300] {processor.py:839} INFO - DAG(s) dict_keys(['example_setup_teardown']) retrieved from /home/felipe/.local/lib/python3.11/site-packages/airflow/example_dags/example_setup_teardown.py
[2023-12-27T11:30:10.047-0300] {logging_mixin.py:154} INFO - [2023-12-27T11:30:10.046-0300] {dag.py:2941} INFO - Sync 1 DAGs
[2023-12-27T11:30:10.056-0300] {logging_mixin.py:154} INFO - [2023-12-27T11:30:10.056-0300] {dag.py:3722} INFO - Setting next_dagrun for example_setup_teardown to 2023-12-26T14:30:10.056284+00:00, run_after=2023-12-27T14:30:10.056284+00:00
[2023-12-27T11:30:10.068-0300] {processor.py:179} INFO - Processing /home/felipe/.local/lib/python3.11/site-packages/airflow/example_dags/example_setup_teardown.py took 0.069 seconds
[2023-12-27T11:30:54.105-0300] {processor.py:157} INFO - Started process (PID=13816) to work on /home/felipe/.local/lib/python3.11/site-packages/airflow/example_dags/example_setup_teardown.py
[2023-12-27T11:30:54.137-0300] {processor.py:829} INFO - Processing file /home/felipe/.local/lib/python3.11/site-packages/airflow/example_dags/example_setup_teardown.py for tasks to queue
[2023-12-27T11:30:54.137-0300] {logging_mixin.py:154} INFO - [2023-12-27T11:30:54.137-0300] {dagbag.py:536} INFO - Filling up the DagBag from /home/felipe/.local/lib/python3.11/site-packages/airflow/example_dags/example_setup_teardown.py
[2023-12-27T11:30:54.142-0300] {processor.py:839} INFO - DAG(s) dict_keys(['example_setup_teardown']) retrieved from /home/felipe/.local/lib/python3.11/site-packages/airflow/example_dags/example_setup_teardown.py
[2023-12-27T11:30:54.151-0300] {logging_mixin.py:154} INFO - [2023-12-27T11:30:54.151-0300] {dag.py:2941} INFO - Sync 1 DAGs
[2023-12-27T11:30:54.161-0300] {logging_mixin.py:154} INFO - [2023-12-27T11:30:54.161-0300] {dag.py:3722} INFO - Setting next_dagrun for example_setup_teardown to 2023-12-26T14:30:54.161114+00:00, run_after=2023-12-27T14:30:54.161114+00:00
[2023-12-27T11:30:54.178-0300] {processor.py:179} INFO - Processing /home/felipe/.local/lib/python3.11/site-packages/airflow/example_dags/example_setup_teardown.py took 0.075 seconds
[2023-12-27T11:31:36.352-0300] {processor.py:157} INFO - Started process (PID=13875) to work on /home/felipe/.local/lib/python3.11/site-packages/airflow/example_dags/example_setup_teardown.py
[2023-12-27T11:31:36.384-0300] {processor.py:829} INFO - Processing file /home/felipe/.local/lib/python3.11/site-packages/airflow/example_dags/example_setup_teardown.py for tasks to queue
[2023-12-27T11:31:36.385-0300] {logging_mixin.py:154} INFO - [2023-12-27T11:31:36.384-0300] {dagbag.py:536} INFO - Filling up the DagBag from /home/felipe/.local/lib/python3.11/site-packages/airflow/example_dags/example_setup_teardown.py
[2023-12-27T11:31:36.389-0300] {processor.py:839} INFO - DAG(s) dict_keys(['example_setup_teardown']) retrieved from /home/felipe/.local/lib/python3.11/site-packages/airflow/example_dags/example_setup_teardown.py
[2023-12-27T11:31:36.398-0300] {logging_mixin.py:154} INFO - [2023-12-27T11:31:36.398-0300] {dag.py:2941} INFO - Sync 1 DAGs
[2023-12-27T11:31:36.407-0300] {logging_mixin.py:154} INFO - [2023-12-27T11:31:36.407-0300] {dag.py:3722} INFO - Setting next_dagrun for example_setup_teardown to 2023-12-26T14:31:36.407729+00:00, run_after=2023-12-27T14:31:36.407729+00:00
[2023-12-27T11:31:36.424-0300] {processor.py:179} INFO - Processing /home/felipe/.local/lib/python3.11/site-packages/airflow/example_dags/example_setup_teardown.py took 0.074 seconds
[2023-12-27T14:19:07.153-0300] {processor.py:157} INFO - Started process (PID=10751) to work on /home/felipe/.local/lib/python3.11/site-packages/airflow/example_dags/example_setup_teardown.py
[2023-12-27T14:19:07.185-0300] {processor.py:829} INFO - Processing file /home/felipe/.local/lib/python3.11/site-packages/airflow/example_dags/example_setup_teardown.py for tasks to queue
[2023-12-27T14:19:07.186-0300] {logging_mixin.py:154} INFO - [2023-12-27T14:19:07.185-0300] {dagbag.py:536} INFO - Filling up the DagBag from /home/felipe/.local/lib/python3.11/site-packages/airflow/example_dags/example_setup_teardown.py
[2023-12-27T14:19:07.190-0300] {processor.py:839} INFO - DAG(s) dict_keys(['example_setup_teardown']) retrieved from /home/felipe/.local/lib/python3.11/site-packages/airflow/example_dags/example_setup_teardown.py
[2023-12-27T14:19:07.199-0300] {logging_mixin.py:154} INFO - [2023-12-27T14:19:07.199-0300] {dag.py:2941} INFO - Sync 1 DAGs
[2023-12-27T14:19:07.209-0300] {logging_mixin.py:154} INFO - [2023-12-27T14:19:07.209-0300] {dag.py:3722} INFO - Setting next_dagrun for example_setup_teardown to 2023-12-26T17:19:07.208963+00:00, run_after=2023-12-27T17:19:07.208963+00:00
[2023-12-27T14:19:07.227-0300] {processor.py:179} INFO - Processing /home/felipe/.local/lib/python3.11/site-packages/airflow/example_dags/example_setup_teardown.py took 0.076 seconds
[2023-12-27T14:19:56.993-0300] {processor.py:157} INFO - Started process (PID=10935) to work on /home/felipe/.local/lib/python3.11/site-packages/airflow/example_dags/example_setup_teardown.py
[2023-12-27T14:19:57.025-0300] {processor.py:829} INFO - Processing file /home/felipe/.local/lib/python3.11/site-packages/airflow/example_dags/example_setup_teardown.py for tasks to queue
[2023-12-27T14:19:57.026-0300] {logging_mixin.py:154} INFO - [2023-12-27T14:19:57.025-0300] {dagbag.py:536} INFO - Filling up the DagBag from /home/felipe/.local/lib/python3.11/site-packages/airflow/example_dags/example_setup_teardown.py
[2023-12-27T14:19:57.030-0300] {processor.py:839} INFO - DAG(s) dict_keys(['example_setup_teardown']) retrieved from /home/felipe/.local/lib/python3.11/site-packages/airflow/example_dags/example_setup_teardown.py
[2023-12-27T14:19:57.039-0300] {logging_mixin.py:154} INFO - [2023-12-27T14:19:57.039-0300] {dag.py:2941} INFO - Sync 1 DAGs
[2023-12-27T14:19:57.049-0300] {logging_mixin.py:154} INFO - [2023-12-27T14:19:57.049-0300] {dag.py:3722} INFO - Setting next_dagrun for example_setup_teardown to 2023-12-26T17:19:57.048888+00:00, run_after=2023-12-27T17:19:57.048888+00:00
[2023-12-27T14:19:57.059-0300] {processor.py:179} INFO - Processing /home/felipe/.local/lib/python3.11/site-packages/airflow/example_dags/example_setup_teardown.py took 0.068 seconds
[2023-12-27T14:20:55.125-0300] {processor.py:157} INFO - Started process (PID=11135) to work on /home/felipe/.local/lib/python3.11/site-packages/airflow/example_dags/example_setup_teardown.py
[2023-12-27T14:20:55.125-0300] {processor.py:829} INFO - Processing file /home/felipe/.local/lib/python3.11/site-packages/airflow/example_dags/example_setup_teardown.py for tasks to queue
[2023-12-27T14:20:55.126-0300] {logging_mixin.py:154} INFO - [2023-12-27T14:20:55.126-0300] {dagbag.py:536} INFO - Filling up the DagBag from /home/felipe/.local/lib/python3.11/site-packages/airflow/example_dags/example_setup_teardown.py
[2023-12-27T14:20:55.144-0300] {processor.py:839} INFO - DAG(s) dict_keys(['example_setup_teardown']) retrieved from /home/felipe/.local/lib/python3.11/site-packages/airflow/example_dags/example_setup_teardown.py
[2023-12-27T14:20:55.164-0300] {logging_mixin.py:154} INFO - [2023-12-27T14:20:55.164-0300] {dag.py:2941} INFO - Sync 1 DAGs
[2023-12-27T14:20:55.182-0300] {logging_mixin.py:154} INFO - [2023-12-27T14:20:55.182-0300] {dag.py:3722} INFO - Setting next_dagrun for example_setup_teardown to 2023-12-26T17:20:55.182089+00:00, run_after=2023-12-27T17:20:55.182089+00:00
[2023-12-27T14:20:55.201-0300] {processor.py:179} INFO - Processing /home/felipe/.local/lib/python3.11/site-packages/airflow/example_dags/example_setup_teardown.py took 0.080 seconds
[2023-12-27T14:21:59.766-0300] {processor.py:157} INFO - Started process (PID=11471) to work on /home/felipe/.local/lib/python3.11/site-packages/airflow/example_dags/example_setup_teardown.py
[2023-12-27T14:21:59.766-0300] {processor.py:829} INFO - Processing file /home/felipe/.local/lib/python3.11/site-packages/airflow/example_dags/example_setup_teardown.py for tasks to queue
[2023-12-27T14:21:59.767-0300] {logging_mixin.py:154} INFO - [2023-12-27T14:21:59.766-0300] {dagbag.py:536} INFO - Filling up the DagBag from /home/felipe/.local/lib/python3.11/site-packages/airflow/example_dags/example_setup_teardown.py
[2023-12-27T14:21:59.772-0300] {processor.py:839} INFO - DAG(s) dict_keys(['example_setup_teardown']) retrieved from /home/felipe/.local/lib/python3.11/site-packages/airflow/example_dags/example_setup_teardown.py
[2023-12-27T14:21:59.781-0300] {logging_mixin.py:154} INFO - [2023-12-27T14:21:59.781-0300] {dag.py:2941} INFO - Sync 1 DAGs
[2023-12-27T14:21:59.790-0300] {logging_mixin.py:154} INFO - [2023-12-27T14:21:59.790-0300] {dag.py:3722} INFO - Setting next_dagrun for example_setup_teardown to 2023-12-26T17:21:59.790773+00:00, run_after=2023-12-27T17:21:59.790773+00:00
[2023-12-27T14:21:59.808-0300] {processor.py:179} INFO - Processing /home/felipe/.local/lib/python3.11/site-packages/airflow/example_dags/example_setup_teardown.py took 0.044 seconds
[2023-12-27T14:22:56.089-0300] {processor.py:157} INFO - Started process (PID=12482) to work on /home/felipe/.local/lib/python3.11/site-packages/airflow/example_dags/example_setup_teardown.py
[2023-12-27T14:22:56.121-0300] {processor.py:829} INFO - Processing file /home/felipe/.local/lib/python3.11/site-packages/airflow/example_dags/example_setup_teardown.py for tasks to queue
[2023-12-27T14:22:56.122-0300] {logging_mixin.py:154} INFO - [2023-12-27T14:22:56.122-0300] {dagbag.py:536} INFO - Filling up the DagBag from /home/felipe/.local/lib/python3.11/site-packages/airflow/example_dags/example_setup_teardown.py
[2023-12-27T14:22:56.126-0300] {processor.py:839} INFO - DAG(s) dict_keys(['example_setup_teardown']) retrieved from /home/felipe/.local/lib/python3.11/site-packages/airflow/example_dags/example_setup_teardown.py
[2023-12-27T14:22:56.135-0300] {logging_mixin.py:154} INFO - [2023-12-27T14:22:56.135-0300] {dag.py:2941} INFO - Sync 1 DAGs
[2023-12-27T14:22:56.144-0300] {logging_mixin.py:154} INFO - [2023-12-27T14:22:56.144-0300] {dag.py:3722} INFO - Setting next_dagrun for example_setup_teardown to 2023-12-26T17:22:56.144079+00:00, run_after=2023-12-27T17:22:56.144079+00:00
[2023-12-27T14:22:56.156-0300] {processor.py:179} INFO - Processing /home/felipe/.local/lib/python3.11/site-packages/airflow/example_dags/example_setup_teardown.py took 0.068 seconds
[2023-12-27T14:24:20.363-0300] {processor.py:157} INFO - Started process (PID=12756) to work on /home/felipe/.local/lib/python3.11/site-packages/airflow/example_dags/example_setup_teardown.py
[2023-12-27T14:24:20.363-0300] {processor.py:829} INFO - Processing file /home/felipe/.local/lib/python3.11/site-packages/airflow/example_dags/example_setup_teardown.py for tasks to queue
[2023-12-27T14:24:20.364-0300] {logging_mixin.py:154} INFO - [2023-12-27T14:24:20.364-0300] {dagbag.py:536} INFO - Filling up the DagBag from /home/felipe/.local/lib/python3.11/site-packages/airflow/example_dags/example_setup_teardown.py
[2023-12-27T14:24:20.368-0300] {processor.py:839} INFO - DAG(s) dict_keys(['example_setup_teardown']) retrieved from /home/felipe/.local/lib/python3.11/site-packages/airflow/example_dags/example_setup_teardown.py
[2023-12-27T14:24:20.377-0300] {logging_mixin.py:154} INFO - [2023-12-27T14:24:20.377-0300] {dag.py:2941} INFO - Sync 1 DAGs
[2023-12-27T14:24:20.387-0300] {logging_mixin.py:154} INFO - [2023-12-27T14:24:20.387-0300] {dag.py:3722} INFO - Setting next_dagrun for example_setup_teardown to 2023-12-26T17:24:20.387357+00:00, run_after=2023-12-27T17:24:20.387357+00:00
[2023-12-27T14:24:20.404-0300] {processor.py:179} INFO - Processing /home/felipe/.local/lib/python3.11/site-packages/airflow/example_dags/example_setup_teardown.py took 0.044 seconds
[2023-12-27T14:25:30.701-0300] {processor.py:157} INFO - Started process (PID=12854) to work on /home/felipe/.local/lib/python3.11/site-packages/airflow/example_dags/example_setup_teardown.py
[2023-12-27T14:25:30.733-0300] {processor.py:829} INFO - Processing file /home/felipe/.local/lib/python3.11/site-packages/airflow/example_dags/example_setup_teardown.py for tasks to queue
[2023-12-27T14:25:30.733-0300] {logging_mixin.py:154} INFO - [2023-12-27T14:25:30.733-0300] {dagbag.py:536} INFO - Filling up the DagBag from /home/felipe/.local/lib/python3.11/site-packages/airflow/example_dags/example_setup_teardown.py
[2023-12-27T14:25:30.737-0300] {processor.py:839} INFO - DAG(s) dict_keys(['example_setup_teardown']) retrieved from /home/felipe/.local/lib/python3.11/site-packages/airflow/example_dags/example_setup_teardown.py
[2023-12-27T14:25:30.746-0300] {logging_mixin.py:154} INFO - [2023-12-27T14:25:30.746-0300] {dag.py:2941} INFO - Sync 1 DAGs
[2023-12-27T14:25:30.755-0300] {logging_mixin.py:154} INFO - [2023-12-27T14:25:30.755-0300] {dag.py:3722} INFO - Setting next_dagrun for example_setup_teardown to 2023-12-26T17:25:30.755469+00:00, run_after=2023-12-27T17:25:30.755469+00:00
[2023-12-27T14:25:30.770-0300] {processor.py:179} INFO - Processing /home/felipe/.local/lib/python3.11/site-packages/airflow/example_dags/example_setup_teardown.py took 0.071 seconds
