[2023-12-27T11:27:09.952-0300] {processor.py:157} INFO - Started process (PID=13469) to work on /home/felipe/.local/lib/python3.11/site-packages/airflow/example_dags/example_branch_python_dop_operator_3.py
[2023-12-27T11:27:09.952-0300] {processor.py:829} INFO - Processing file /home/felipe/.local/lib/python3.11/site-packages/airflow/example_dags/example_branch_python_dop_operator_3.py for tasks to queue
[2023-12-27T11:27:09.953-0300] {logging_mixin.py:154} INFO - [2023-12-27T11:27:09.953-0300] {dagbag.py:536} INFO - Filling up the DagBag from /home/felipe/.local/lib/python3.11/site-packages/airflow/example_dags/example_branch_python_dop_operator_3.py
[2023-12-27T11:27:09.958-0300] {processor.py:839} INFO - DAG(s) dict_keys(['example_branch_dop_operator_v3']) retrieved from /home/felipe/.local/lib/python3.11/site-packages/airflow/example_dags/example_branch_python_dop_operator_3.py
[2023-12-27T11:27:10.044-0300] {logging_mixin.py:154} INFO - [2023-12-27T11:27:10.043-0300] {manager.py:499} INFO - Created Permission View: %s
[2023-12-27T11:27:10.049-0300] {logging_mixin.py:154} INFO - [2023-12-27T11:27:10.048-0300] {manager.py:499} INFO - Created Permission View: %s
[2023-12-27T11:27:10.052-0300] {logging_mixin.py:154} INFO - [2023-12-27T11:27:10.052-0300] {manager.py:499} INFO - Created Permission View: %s
[2023-12-27T11:27:10.052-0300] {logging_mixin.py:154} INFO - [2023-12-27T11:27:10.052-0300] {dag.py:2941} INFO - Sync 1 DAGs
[2023-12-27T11:27:10.057-0300] {logging_mixin.py:154} INFO - [2023-12-27T11:27:10.057-0300] {dag.py:2963} INFO - Creating ORM DAG for example_branch_dop_operator_v3
[2023-12-27T11:27:10.064-0300] {logging_mixin.py:154} INFO - [2023-12-27T11:27:10.064-0300] {dag.py:3722} INFO - Setting next_dagrun for example_branch_dop_operator_v3 to 2023-12-27T14:26:00+00:00, run_after=2023-12-27T14:27:00+00:00
[2023-12-27T11:27:10.073-0300] {processor.py:179} INFO - Processing /home/felipe/.local/lib/python3.11/site-packages/airflow/example_dags/example_branch_python_dop_operator_3.py took 0.123 seconds
[2023-12-27T11:27:54.459-0300] {processor.py:157} INFO - Started process (PID=13563) to work on /home/felipe/.local/lib/python3.11/site-packages/airflow/example_dags/example_branch_python_dop_operator_3.py
[2023-12-27T11:27:54.490-0300] {processor.py:829} INFO - Processing file /home/felipe/.local/lib/python3.11/site-packages/airflow/example_dags/example_branch_python_dop_operator_3.py for tasks to queue
[2023-12-27T11:27:54.491-0300] {logging_mixin.py:154} INFO - [2023-12-27T11:27:54.491-0300] {dagbag.py:536} INFO - Filling up the DagBag from /home/felipe/.local/lib/python3.11/site-packages/airflow/example_dags/example_branch_python_dop_operator_3.py
[2023-12-27T11:27:54.496-0300] {processor.py:839} INFO - DAG(s) dict_keys(['example_branch_dop_operator_v3']) retrieved from /home/felipe/.local/lib/python3.11/site-packages/airflow/example_dags/example_branch_python_dop_operator_3.py
[2023-12-27T11:27:54.505-0300] {logging_mixin.py:154} INFO - [2023-12-27T11:27:54.505-0300] {dag.py:2941} INFO - Sync 1 DAGs
[2023-12-27T11:27:54.517-0300] {logging_mixin.py:154} INFO - [2023-12-27T11:27:54.517-0300] {dag.py:3722} INFO - Setting next_dagrun for example_branch_dop_operator_v3 to 2023-12-27T14:26:00+00:00, run_after=2023-12-27T14:27:00+00:00
[2023-12-27T11:27:54.533-0300] {processor.py:179} INFO - Processing /home/felipe/.local/lib/python3.11/site-packages/airflow/example_dags/example_branch_python_dop_operator_3.py took 0.076 seconds
[2023-12-27T11:28:41.090-0300] {processor.py:157} INFO - Started process (PID=13637) to work on /home/felipe/.local/lib/python3.11/site-packages/airflow/example_dags/example_branch_python_dop_operator_3.py
[2023-12-27T11:28:41.122-0300] {processor.py:829} INFO - Processing file /home/felipe/.local/lib/python3.11/site-packages/airflow/example_dags/example_branch_python_dop_operator_3.py for tasks to queue
[2023-12-27T11:28:41.122-0300] {logging_mixin.py:154} INFO - [2023-12-27T11:28:41.122-0300] {dagbag.py:536} INFO - Filling up the DagBag from /home/felipe/.local/lib/python3.11/site-packages/airflow/example_dags/example_branch_python_dop_operator_3.py
[2023-12-27T11:28:41.128-0300] {processor.py:839} INFO - DAG(s) dict_keys(['example_branch_dop_operator_v3']) retrieved from /home/felipe/.local/lib/python3.11/site-packages/airflow/example_dags/example_branch_python_dop_operator_3.py
[2023-12-27T11:28:41.137-0300] {logging_mixin.py:154} INFO - [2023-12-27T11:28:41.137-0300] {dag.py:2941} INFO - Sync 1 DAGs
[2023-12-27T11:28:41.149-0300] {logging_mixin.py:154} INFO - [2023-12-27T11:28:41.149-0300] {dag.py:3722} INFO - Setting next_dagrun for example_branch_dop_operator_v3 to 2023-12-27T14:27:00+00:00, run_after=2023-12-27T14:28:00+00:00
[2023-12-27T11:28:41.166-0300] {processor.py:179} INFO - Processing /home/felipe/.local/lib/python3.11/site-packages/airflow/example_dags/example_branch_python_dop_operator_3.py took 0.078 seconds
[2023-12-27T11:29:28.184-0300] {processor.py:157} INFO - Started process (PID=13697) to work on /home/felipe/.local/lib/python3.11/site-packages/airflow/example_dags/example_branch_python_dop_operator_3.py
[2023-12-27T11:29:28.184-0300] {processor.py:829} INFO - Processing file /home/felipe/.local/lib/python3.11/site-packages/airflow/example_dags/example_branch_python_dop_operator_3.py for tasks to queue
[2023-12-27T11:29:28.185-0300] {logging_mixin.py:154} INFO - [2023-12-27T11:29:28.184-0300] {dagbag.py:536} INFO - Filling up the DagBag from /home/felipe/.local/lib/python3.11/site-packages/airflow/example_dags/example_branch_python_dop_operator_3.py
[2023-12-27T11:29:28.190-0300] {processor.py:839} INFO - DAG(s) dict_keys(['example_branch_dop_operator_v3']) retrieved from /home/felipe/.local/lib/python3.11/site-packages/airflow/example_dags/example_branch_python_dop_operator_3.py
[2023-12-27T11:29:28.199-0300] {logging_mixin.py:154} INFO - [2023-12-27T11:29:28.199-0300] {dag.py:2941} INFO - Sync 1 DAGs
[2023-12-27T11:29:28.211-0300] {logging_mixin.py:154} INFO - [2023-12-27T11:29:28.211-0300] {dag.py:3722} INFO - Setting next_dagrun for example_branch_dop_operator_v3 to 2023-12-27T14:28:00+00:00, run_after=2023-12-27T14:29:00+00:00
[2023-12-27T11:29:28.220-0300] {processor.py:179} INFO - Processing /home/felipe/.local/lib/python3.11/site-packages/airflow/example_dags/example_branch_python_dop_operator_3.py took 0.039 seconds
[2023-12-27T11:30:15.794-0300] {processor.py:157} INFO - Started process (PID=13760) to work on /home/felipe/.local/lib/python3.11/site-packages/airflow/example_dags/example_branch_python_dop_operator_3.py
[2023-12-27T11:30:15.826-0300] {processor.py:829} INFO - Processing file /home/felipe/.local/lib/python3.11/site-packages/airflow/example_dags/example_branch_python_dop_operator_3.py for tasks to queue
[2023-12-27T11:30:15.826-0300] {logging_mixin.py:154} INFO - [2023-12-27T11:30:15.826-0300] {dagbag.py:536} INFO - Filling up the DagBag from /home/felipe/.local/lib/python3.11/site-packages/airflow/example_dags/example_branch_python_dop_operator_3.py
[2023-12-27T11:30:15.832-0300] {processor.py:839} INFO - DAG(s) dict_keys(['example_branch_dop_operator_v3']) retrieved from /home/felipe/.local/lib/python3.11/site-packages/airflow/example_dags/example_branch_python_dop_operator_3.py
[2023-12-27T11:30:15.840-0300] {logging_mixin.py:154} INFO - [2023-12-27T11:30:15.840-0300] {dag.py:2941} INFO - Sync 1 DAGs
[2023-12-27T11:30:15.852-0300] {logging_mixin.py:154} INFO - [2023-12-27T11:30:15.852-0300] {dag.py:3722} INFO - Setting next_dagrun for example_branch_dop_operator_v3 to 2023-12-27T14:29:00+00:00, run_after=2023-12-27T14:30:00+00:00
[2023-12-27T11:30:15.869-0300] {processor.py:179} INFO - Processing /home/felipe/.local/lib/python3.11/site-packages/airflow/example_dags/example_branch_python_dop_operator_3.py took 0.077 seconds
[2023-12-27T11:31:00.383-0300] {processor.py:157} INFO - Started process (PID=13822) to work on /home/felipe/.local/lib/python3.11/site-packages/airflow/example_dags/example_branch_python_dop_operator_3.py
[2023-12-27T11:31:00.415-0300] {processor.py:829} INFO - Processing file /home/felipe/.local/lib/python3.11/site-packages/airflow/example_dags/example_branch_python_dop_operator_3.py for tasks to queue
[2023-12-27T11:31:00.416-0300] {logging_mixin.py:154} INFO - [2023-12-27T11:31:00.415-0300] {dagbag.py:536} INFO - Filling up the DagBag from /home/felipe/.local/lib/python3.11/site-packages/airflow/example_dags/example_branch_python_dop_operator_3.py
[2023-12-27T11:31:00.421-0300] {processor.py:839} INFO - DAG(s) dict_keys(['example_branch_dop_operator_v3']) retrieved from /home/felipe/.local/lib/python3.11/site-packages/airflow/example_dags/example_branch_python_dop_operator_3.py
[2023-12-27T11:31:00.430-0300] {logging_mixin.py:154} INFO - [2023-12-27T11:31:00.430-0300] {dag.py:2941} INFO - Sync 1 DAGs
[2023-12-27T11:31:00.442-0300] {logging_mixin.py:154} INFO - [2023-12-27T11:31:00.442-0300] {dag.py:3722} INFO - Setting next_dagrun for example_branch_dop_operator_v3 to 2023-12-27T14:30:00+00:00, run_after=2023-12-27T14:31:00+00:00
[2023-12-27T11:31:00.459-0300] {processor.py:179} INFO - Processing /home/felipe/.local/lib/python3.11/site-packages/airflow/example_dags/example_branch_python_dop_operator_3.py took 0.077 seconds
[2023-12-27T11:31:42.148-0300] {processor.py:157} INFO - Started process (PID=13881) to work on /home/felipe/.local/lib/python3.11/site-packages/airflow/example_dags/example_branch_python_dop_operator_3.py
[2023-12-27T11:31:42.180-0300] {processor.py:829} INFO - Processing file /home/felipe/.local/lib/python3.11/site-packages/airflow/example_dags/example_branch_python_dop_operator_3.py for tasks to queue
[2023-12-27T11:31:42.180-0300] {logging_mixin.py:154} INFO - [2023-12-27T11:31:42.180-0300] {dagbag.py:536} INFO - Filling up the DagBag from /home/felipe/.local/lib/python3.11/site-packages/airflow/example_dags/example_branch_python_dop_operator_3.py
[2023-12-27T11:31:42.186-0300] {processor.py:839} INFO - DAG(s) dict_keys(['example_branch_dop_operator_v3']) retrieved from /home/felipe/.local/lib/python3.11/site-packages/airflow/example_dags/example_branch_python_dop_operator_3.py
[2023-12-27T11:31:42.195-0300] {logging_mixin.py:154} INFO - [2023-12-27T11:31:42.195-0300] {dag.py:2941} INFO - Sync 1 DAGs
[2023-12-27T11:31:42.206-0300] {logging_mixin.py:154} INFO - [2023-12-27T11:31:42.206-0300] {dag.py:3722} INFO - Setting next_dagrun for example_branch_dop_operator_v3 to 2023-12-27T14:30:00+00:00, run_after=2023-12-27T14:31:00+00:00
[2023-12-27T11:31:42.223-0300] {processor.py:179} INFO - Processing /home/felipe/.local/lib/python3.11/site-packages/airflow/example_dags/example_branch_python_dop_operator_3.py took 0.077 seconds
[2023-12-27T14:19:13.318-0300] {processor.py:157} INFO - Started process (PID=10758) to work on /home/felipe/.local/lib/python3.11/site-packages/airflow/example_dags/example_branch_python_dop_operator_3.py
[2023-12-27T14:19:13.350-0300] {processor.py:829} INFO - Processing file /home/felipe/.local/lib/python3.11/site-packages/airflow/example_dags/example_branch_python_dop_operator_3.py for tasks to queue
[2023-12-27T14:19:13.351-0300] {logging_mixin.py:154} INFO - [2023-12-27T14:19:13.350-0300] {dagbag.py:536} INFO - Filling up the DagBag from /home/felipe/.local/lib/python3.11/site-packages/airflow/example_dags/example_branch_python_dop_operator_3.py
[2023-12-27T14:19:13.356-0300] {processor.py:839} INFO - DAG(s) dict_keys(['example_branch_dop_operator_v3']) retrieved from /home/felipe/.local/lib/python3.11/site-packages/airflow/example_dags/example_branch_python_dop_operator_3.py
[2023-12-27T14:19:13.365-0300] {logging_mixin.py:154} INFO - [2023-12-27T14:19:13.365-0300] {dag.py:2941} INFO - Sync 1 DAGs
[2023-12-27T14:19:13.377-0300] {logging_mixin.py:154} INFO - [2023-12-27T14:19:13.376-0300] {dag.py:3722} INFO - Setting next_dagrun for example_branch_dop_operator_v3 to 2023-12-27T17:18:00+00:00, run_after=2023-12-27T17:19:00+00:00
[2023-12-27T14:19:13.392-0300] {processor.py:179} INFO - Processing /home/felipe/.local/lib/python3.11/site-packages/airflow/example_dags/example_branch_python_dop_operator_3.py took 0.076 seconds
[2023-12-27T14:20:15.109-0300] {processor.py:157} INFO - Started process (PID=11013) to work on /home/felipe/.local/lib/python3.11/site-packages/airflow/example_dags/example_branch_python_dop_operator_3.py
[2023-12-27T14:20:15.110-0300] {processor.py:829} INFO - Processing file /home/felipe/.local/lib/python3.11/site-packages/airflow/example_dags/example_branch_python_dop_operator_3.py for tasks to queue
[2023-12-27T14:20:15.110-0300] {logging_mixin.py:154} INFO - [2023-12-27T14:20:15.110-0300] {dagbag.py:536} INFO - Filling up the DagBag from /home/felipe/.local/lib/python3.11/site-packages/airflow/example_dags/example_branch_python_dop_operator_3.py
[2023-12-27T14:20:15.115-0300] {processor.py:839} INFO - DAG(s) dict_keys(['example_branch_dop_operator_v3']) retrieved from /home/felipe/.local/lib/python3.11/site-packages/airflow/example_dags/example_branch_python_dop_operator_3.py
[2023-12-27T14:20:15.124-0300] {logging_mixin.py:154} INFO - [2023-12-27T14:20:15.124-0300] {dag.py:2941} INFO - Sync 1 DAGs
[2023-12-27T14:20:15.135-0300] {logging_mixin.py:154} INFO - [2023-12-27T14:20:15.135-0300] {dag.py:3722} INFO - Setting next_dagrun for example_branch_dop_operator_v3 to 2023-12-27T17:19:00+00:00, run_after=2023-12-27T17:20:00+00:00
[2023-12-27T14:20:15.144-0300] {processor.py:179} INFO - Processing /home/felipe/.local/lib/python3.11/site-packages/airflow/example_dags/example_branch_python_dop_operator_3.py took 0.037 seconds
[2023-12-27T14:21:11.402-0300] {processor.py:157} INFO - Started process (PID=11255) to work on /home/felipe/.local/lib/python3.11/site-packages/airflow/example_dags/example_branch_python_dop_operator_3.py
[2023-12-27T14:21:11.406-0300] {processor.py:829} INFO - Processing file /home/felipe/.local/lib/python3.11/site-packages/airflow/example_dags/example_branch_python_dop_operator_3.py for tasks to queue
[2023-12-27T14:21:11.407-0300] {logging_mixin.py:154} INFO - [2023-12-27T14:21:11.407-0300] {dagbag.py:536} INFO - Filling up the DagBag from /home/felipe/.local/lib/python3.11/site-packages/airflow/example_dags/example_branch_python_dop_operator_3.py
[2023-12-27T14:21:11.415-0300] {processor.py:839} INFO - DAG(s) dict_keys(['example_branch_dop_operator_v3']) retrieved from /home/felipe/.local/lib/python3.11/site-packages/airflow/example_dags/example_branch_python_dop_operator_3.py
[2023-12-27T14:21:11.429-0300] {logging_mixin.py:154} INFO - [2023-12-27T14:21:11.428-0300] {dag.py:2941} INFO - Sync 1 DAGs
[2023-12-27T14:21:11.441-0300] {logging_mixin.py:154} INFO - [2023-12-27T14:21:11.441-0300] {dag.py:3722} INFO - Setting next_dagrun for example_branch_dop_operator_v3 to 2023-12-27T17:20:00+00:00, run_after=2023-12-27T17:21:00+00:00
[2023-12-27T14:21:11.459-0300] {processor.py:179} INFO - Processing /home/felipe/.local/lib/python3.11/site-packages/airflow/example_dags/example_branch_python_dop_operator_3.py took 0.059 seconds
[2023-12-27T14:22:29.198-0300] {processor.py:157} INFO - Started process (PID=12072) to work on /home/felipe/.local/lib/python3.11/site-packages/airflow/example_dags/example_branch_python_dop_operator_3.py
[2023-12-27T14:22:29.199-0300] {processor.py:829} INFO - Processing file /home/felipe/.local/lib/python3.11/site-packages/airflow/example_dags/example_branch_python_dop_operator_3.py for tasks to queue
[2023-12-27T14:22:29.199-0300] {logging_mixin.py:154} INFO - [2023-12-27T14:22:29.199-0300] {dagbag.py:536} INFO - Filling up the DagBag from /home/felipe/.local/lib/python3.11/site-packages/airflow/example_dags/example_branch_python_dop_operator_3.py
[2023-12-27T14:22:29.207-0300] {processor.py:839} INFO - DAG(s) dict_keys(['example_branch_dop_operator_v3']) retrieved from /home/felipe/.local/lib/python3.11/site-packages/airflow/example_dags/example_branch_python_dop_operator_3.py
[2023-12-27T14:22:29.217-0300] {logging_mixin.py:154} INFO - [2023-12-27T14:22:29.217-0300] {dag.py:2941} INFO - Sync 1 DAGs
[2023-12-27T14:22:29.230-0300] {logging_mixin.py:154} INFO - [2023-12-27T14:22:29.230-0300] {dag.py:3722} INFO - Setting next_dagrun for example_branch_dop_operator_v3 to 2023-12-27T17:21:00+00:00, run_after=2023-12-27T17:22:00+00:00
[2023-12-27T14:22:29.241-0300] {processor.py:179} INFO - Processing /home/felipe/.local/lib/python3.11/site-packages/airflow/example_dags/example_branch_python_dop_operator_3.py took 0.045 seconds
[2023-12-27T14:24:23.839-0300] {processor.py:157} INFO - Started process (PID=12760) to work on /home/felipe/.local/lib/python3.11/site-packages/airflow/example_dags/example_branch_python_dop_operator_3.py
[2023-12-27T14:24:23.839-0300] {processor.py:829} INFO - Processing file /home/felipe/.local/lib/python3.11/site-packages/airflow/example_dags/example_branch_python_dop_operator_3.py for tasks to queue
[2023-12-27T14:24:23.840-0300] {logging_mixin.py:154} INFO - [2023-12-27T14:24:23.839-0300] {dagbag.py:536} INFO - Filling up the DagBag from /home/felipe/.local/lib/python3.11/site-packages/airflow/example_dags/example_branch_python_dop_operator_3.py
[2023-12-27T14:24:23.846-0300] {processor.py:839} INFO - DAG(s) dict_keys(['example_branch_dop_operator_v3']) retrieved from /home/felipe/.local/lib/python3.11/site-packages/airflow/example_dags/example_branch_python_dop_operator_3.py
[2023-12-27T14:24:23.855-0300] {logging_mixin.py:154} INFO - [2023-12-27T14:24:23.855-0300] {dag.py:2941} INFO - Sync 1 DAGs
[2023-12-27T14:24:23.867-0300] {logging_mixin.py:154} INFO - [2023-12-27T14:24:23.867-0300] {dag.py:3722} INFO - Setting next_dagrun for example_branch_dop_operator_v3 to 2023-12-27T17:23:00+00:00, run_after=2023-12-27T17:24:00+00:00
[2023-12-27T14:24:23.883-0300] {processor.py:179} INFO - Processing /home/felipe/.local/lib/python3.11/site-packages/airflow/example_dags/example_branch_python_dop_operator_3.py took 0.047 seconds
[2023-12-27T14:25:35.237-0300] {processor.py:157} INFO - Started process (PID=12858) to work on /home/felipe/.local/lib/python3.11/site-packages/airflow/example_dags/example_branch_python_dop_operator_3.py
[2023-12-27T14:25:35.269-0300] {processor.py:829} INFO - Processing file /home/felipe/.local/lib/python3.11/site-packages/airflow/example_dags/example_branch_python_dop_operator_3.py for tasks to queue
[2023-12-27T14:25:35.269-0300] {logging_mixin.py:154} INFO - [2023-12-27T14:25:35.269-0300] {dagbag.py:536} INFO - Filling up the DagBag from /home/felipe/.local/lib/python3.11/site-packages/airflow/example_dags/example_branch_python_dop_operator_3.py
[2023-12-27T14:25:35.274-0300] {processor.py:839} INFO - DAG(s) dict_keys(['example_branch_dop_operator_v3']) retrieved from /home/felipe/.local/lib/python3.11/site-packages/airflow/example_dags/example_branch_python_dop_operator_3.py
[2023-12-27T14:25:35.283-0300] {logging_mixin.py:154} INFO - [2023-12-27T14:25:35.283-0300] {dag.py:2941} INFO - Sync 1 DAGs
[2023-12-27T14:25:35.294-0300] {logging_mixin.py:154} INFO - [2023-12-27T14:25:35.294-0300] {dag.py:3722} INFO - Setting next_dagrun for example_branch_dop_operator_v3 to 2023-12-27T17:24:00+00:00, run_after=2023-12-27T17:25:00+00:00
[2023-12-27T14:25:35.311-0300] {processor.py:179} INFO - Processing /home/felipe/.local/lib/python3.11/site-packages/airflow/example_dags/example_branch_python_dop_operator_3.py took 0.076 seconds
