[2023-12-27T11:26:38.375-0300] {processor.py:157} INFO - Started process (PID=13382) to work on /home/felipe/.local/lib/python3.11/site-packages/airflow/example_dags/example_nested_branch_dag.py
[2023-12-27T11:26:38.376-0300] {processor.py:829} INFO - Processing file /home/felipe/.local/lib/python3.11/site-packages/airflow/example_dags/example_nested_branch_dag.py for tasks to queue
[2023-12-27T11:26:38.376-0300] {logging_mixin.py:154} INFO - [2023-12-27T11:26:38.376-0300] {dagbag.py:536} INFO - Filling up the DagBag from /home/felipe/.local/lib/python3.11/site-packages/airflow/example_dags/example_nested_branch_dag.py
[2023-12-27T11:26:38.429-0300] {processor.py:839} INFO - DAG(s) dict_keys(['example_nested_branch_dag']) retrieved from /home/felipe/.local/lib/python3.11/site-packages/airflow/example_dags/example_nested_branch_dag.py
[2023-12-27T11:26:38.492-0300] {logging_mixin.py:154} INFO - [2023-12-27T11:26:38.492-0300] {manager.py:499} INFO - Created Permission View: %s
[2023-12-27T11:26:38.497-0300] {logging_mixin.py:154} INFO - [2023-12-27T11:26:38.497-0300] {manager.py:499} INFO - Created Permission View: %s
[2023-12-27T11:26:38.500-0300] {logging_mixin.py:154} INFO - [2023-12-27T11:26:38.500-0300] {manager.py:499} INFO - Created Permission View: %s
[2023-12-27T11:26:38.500-0300] {logging_mixin.py:154} INFO - [2023-12-27T11:26:38.500-0300] {dag.py:2941} INFO - Sync 1 DAGs
[2023-12-27T11:26:38.506-0300] {logging_mixin.py:154} INFO - [2023-12-27T11:26:38.506-0300] {dag.py:2963} INFO - Creating ORM DAG for example_nested_branch_dag
[2023-12-27T11:26:38.511-0300] {logging_mixin.py:154} INFO - [2023-12-27T11:26:38.511-0300] {dag.py:3722} INFO - Setting next_dagrun for example_nested_branch_dag to 2023-12-26T00:00:00+00:00, run_after=2023-12-27T00:00:00+00:00
[2023-12-27T11:26:38.520-0300] {processor.py:179} INFO - Processing /home/felipe/.local/lib/python3.11/site-packages/airflow/example_dags/example_nested_branch_dag.py took 0.146 seconds
[2023-12-27T11:27:25.358-0300] {processor.py:157} INFO - Started process (PID=13514) to work on /home/felipe/.local/lib/python3.11/site-packages/airflow/example_dags/example_nested_branch_dag.py
[2023-12-27T11:27:25.390-0300] {processor.py:829} INFO - Processing file /home/felipe/.local/lib/python3.11/site-packages/airflow/example_dags/example_nested_branch_dag.py for tasks to queue
[2023-12-27T11:27:25.390-0300] {logging_mixin.py:154} INFO - [2023-12-27T11:27:25.390-0300] {dagbag.py:536} INFO - Filling up the DagBag from /home/felipe/.local/lib/python3.11/site-packages/airflow/example_dags/example_nested_branch_dag.py
[2023-12-27T11:27:25.396-0300] {processor.py:839} INFO - DAG(s) dict_keys(['example_nested_branch_dag']) retrieved from /home/felipe/.local/lib/python3.11/site-packages/airflow/example_dags/example_nested_branch_dag.py
[2023-12-27T11:27:25.406-0300] {logging_mixin.py:154} INFO - [2023-12-27T11:27:25.406-0300] {dag.py:2941} INFO - Sync 1 DAGs
[2023-12-27T11:27:25.416-0300] {logging_mixin.py:154} INFO - [2023-12-27T11:27:25.416-0300] {dag.py:3722} INFO - Setting next_dagrun for example_nested_branch_dag to 2023-12-26T00:00:00+00:00, run_after=2023-12-27T00:00:00+00:00
[2023-12-27T11:27:25.433-0300] {processor.py:179} INFO - Processing /home/felipe/.local/lib/python3.11/site-packages/airflow/example_dags/example_nested_branch_dag.py took 0.077 seconds
[2023-12-27T11:28:08.459-0300] {processor.py:157} INFO - Started process (PID=13591) to work on /home/felipe/.local/lib/python3.11/site-packages/airflow/example_dags/example_nested_branch_dag.py
[2023-12-27T11:28:08.460-0300] {processor.py:829} INFO - Processing file /home/felipe/.local/lib/python3.11/site-packages/airflow/example_dags/example_nested_branch_dag.py for tasks to queue
[2023-12-27T11:28:08.460-0300] {logging_mixin.py:154} INFO - [2023-12-27T11:28:08.460-0300] {dagbag.py:536} INFO - Filling up the DagBag from /home/felipe/.local/lib/python3.11/site-packages/airflow/example_dags/example_nested_branch_dag.py
[2023-12-27T11:28:08.466-0300] {processor.py:839} INFO - DAG(s) dict_keys(['example_nested_branch_dag']) retrieved from /home/felipe/.local/lib/python3.11/site-packages/airflow/example_dags/example_nested_branch_dag.py
[2023-12-27T11:28:08.475-0300] {logging_mixin.py:154} INFO - [2023-12-27T11:28:08.475-0300] {dag.py:2941} INFO - Sync 1 DAGs
[2023-12-27T11:28:08.486-0300] {logging_mixin.py:154} INFO - [2023-12-27T11:28:08.486-0300] {dag.py:3722} INFO - Setting next_dagrun for example_nested_branch_dag to 2023-12-26T00:00:00+00:00, run_after=2023-12-27T00:00:00+00:00
[2023-12-27T11:28:08.495-0300] {processor.py:179} INFO - Processing /home/felipe/.local/lib/python3.11/site-packages/airflow/example_dags/example_nested_branch_dag.py took 0.038 seconds
[2023-12-27T11:28:53.098-0300] {processor.py:157} INFO - Started process (PID=13651) to work on /home/felipe/.local/lib/python3.11/site-packages/airflow/example_dags/example_nested_branch_dag.py
[2023-12-27T11:28:53.130-0300] {processor.py:829} INFO - Processing file /home/felipe/.local/lib/python3.11/site-packages/airflow/example_dags/example_nested_branch_dag.py for tasks to queue
[2023-12-27T11:28:53.131-0300] {logging_mixin.py:154} INFO - [2023-12-27T11:28:53.131-0300] {dagbag.py:536} INFO - Filling up the DagBag from /home/felipe/.local/lib/python3.11/site-packages/airflow/example_dags/example_nested_branch_dag.py
[2023-12-27T11:28:53.137-0300] {processor.py:839} INFO - DAG(s) dict_keys(['example_nested_branch_dag']) retrieved from /home/felipe/.local/lib/python3.11/site-packages/airflow/example_dags/example_nested_branch_dag.py
[2023-12-27T11:28:53.147-0300] {logging_mixin.py:154} INFO - [2023-12-27T11:28:53.147-0300] {dag.py:2941} INFO - Sync 1 DAGs
[2023-12-27T11:28:53.157-0300] {logging_mixin.py:154} INFO - [2023-12-27T11:28:53.157-0300] {dag.py:3722} INFO - Setting next_dagrun for example_nested_branch_dag to 2023-12-26T00:00:00+00:00, run_after=2023-12-27T00:00:00+00:00
[2023-12-27T11:28:53.174-0300] {processor.py:179} INFO - Processing /home/felipe/.local/lib/python3.11/site-packages/airflow/example_dags/example_nested_branch_dag.py took 0.078 seconds
[2023-12-27T11:29:39.596-0300] {processor.py:157} INFO - Started process (PID=13709) to work on /home/felipe/.local/lib/python3.11/site-packages/airflow/example_dags/example_nested_branch_dag.py
[2023-12-27T11:29:39.612-0300] {processor.py:829} INFO - Processing file /home/felipe/.local/lib/python3.11/site-packages/airflow/example_dags/example_nested_branch_dag.py for tasks to queue
[2023-12-27T11:29:39.613-0300] {logging_mixin.py:154} INFO - [2023-12-27T11:29:39.613-0300] {dagbag.py:536} INFO - Filling up the DagBag from /home/felipe/.local/lib/python3.11/site-packages/airflow/example_dags/example_nested_branch_dag.py
[2023-12-27T11:29:39.619-0300] {processor.py:839} INFO - DAG(s) dict_keys(['example_nested_branch_dag']) retrieved from /home/felipe/.local/lib/python3.11/site-packages/airflow/example_dags/example_nested_branch_dag.py
[2023-12-27T11:29:39.632-0300] {logging_mixin.py:154} INFO - [2023-12-27T11:29:39.632-0300] {dag.py:2941} INFO - Sync 1 DAGs
[2023-12-27T11:29:39.642-0300] {logging_mixin.py:154} INFO - [2023-12-27T11:29:39.642-0300] {dag.py:3722} INFO - Setting next_dagrun for example_nested_branch_dag to 2023-12-26T00:00:00+00:00, run_after=2023-12-27T00:00:00+00:00
[2023-12-27T11:29:39.652-0300] {processor.py:179} INFO - Processing /home/felipe/.local/lib/python3.11/site-packages/airflow/example_dags/example_nested_branch_dag.py took 0.057 seconds
[2023-12-27T11:30:28.183-0300] {processor.py:157} INFO - Started process (PID=13784) to work on /home/felipe/.local/lib/python3.11/site-packages/airflow/example_dags/example_nested_branch_dag.py
[2023-12-27T11:30:28.215-0300] {processor.py:829} INFO - Processing file /home/felipe/.local/lib/python3.11/site-packages/airflow/example_dags/example_nested_branch_dag.py for tasks to queue
[2023-12-27T11:30:28.216-0300] {logging_mixin.py:154} INFO - [2023-12-27T11:30:28.215-0300] {dagbag.py:536} INFO - Filling up the DagBag from /home/felipe/.local/lib/python3.11/site-packages/airflow/example_dags/example_nested_branch_dag.py
[2023-12-27T11:30:28.222-0300] {processor.py:839} INFO - DAG(s) dict_keys(['example_nested_branch_dag']) retrieved from /home/felipe/.local/lib/python3.11/site-packages/airflow/example_dags/example_nested_branch_dag.py
[2023-12-27T11:30:28.233-0300] {logging_mixin.py:154} INFO - [2023-12-27T11:30:28.233-0300] {dag.py:2941} INFO - Sync 1 DAGs
[2023-12-27T11:30:28.243-0300] {logging_mixin.py:154} INFO - [2023-12-27T11:30:28.243-0300] {dag.py:3722} INFO - Setting next_dagrun for example_nested_branch_dag to 2023-12-26T00:00:00+00:00, run_after=2023-12-27T00:00:00+00:00
[2023-12-27T11:30:28.260-0300] {processor.py:179} INFO - Processing /home/felipe/.local/lib/python3.11/site-packages/airflow/example_dags/example_nested_branch_dag.py took 0.079 seconds
[2023-12-27T11:31:10.972-0300] {processor.py:157} INFO - Started process (PID=13846) to work on /home/felipe/.local/lib/python3.11/site-packages/airflow/example_dags/example_nested_branch_dag.py
[2023-12-27T11:31:11.007-0300] {processor.py:829} INFO - Processing file /home/felipe/.local/lib/python3.11/site-packages/airflow/example_dags/example_nested_branch_dag.py for tasks to queue
[2023-12-27T11:31:11.008-0300] {logging_mixin.py:154} INFO - [2023-12-27T11:31:11.008-0300] {dagbag.py:536} INFO - Filling up the DagBag from /home/felipe/.local/lib/python3.11/site-packages/airflow/example_dags/example_nested_branch_dag.py
[2023-12-27T11:31:11.014-0300] {processor.py:839} INFO - DAG(s) dict_keys(['example_nested_branch_dag']) retrieved from /home/felipe/.local/lib/python3.11/site-packages/airflow/example_dags/example_nested_branch_dag.py
[2023-12-27T11:31:11.024-0300] {logging_mixin.py:154} INFO - [2023-12-27T11:31:11.024-0300] {dag.py:2941} INFO - Sync 1 DAGs
[2023-12-27T11:31:11.034-0300] {logging_mixin.py:154} INFO - [2023-12-27T11:31:11.034-0300] {dag.py:3722} INFO - Setting next_dagrun for example_nested_branch_dag to 2023-12-26T00:00:00+00:00, run_after=2023-12-27T00:00:00+00:00
[2023-12-27T11:31:11.051-0300] {processor.py:179} INFO - Processing /home/felipe/.local/lib/python3.11/site-packages/airflow/example_dags/example_nested_branch_dag.py took 0.080 seconds
[2023-12-27T11:31:50.848-0300] {processor.py:157} INFO - Started process (PID=13955) to work on /home/felipe/.local/lib/python3.11/site-packages/airflow/example_dags/example_nested_branch_dag.py
[2023-12-27T11:31:50.849-0300] {processor.py:829} INFO - Processing file /home/felipe/.local/lib/python3.11/site-packages/airflow/example_dags/example_nested_branch_dag.py for tasks to queue
[2023-12-27T11:31:50.849-0300] {logging_mixin.py:154} INFO - [2023-12-27T11:31:50.849-0300] {dagbag.py:536} INFO - Filling up the DagBag from /home/felipe/.local/lib/python3.11/site-packages/airflow/example_dags/example_nested_branch_dag.py
[2023-12-27T11:31:50.856-0300] {processor.py:839} INFO - DAG(s) dict_keys(['example_nested_branch_dag']) retrieved from /home/felipe/.local/lib/python3.11/site-packages/airflow/example_dags/example_nested_branch_dag.py
[2023-12-27T11:31:50.866-0300] {logging_mixin.py:154} INFO - [2023-12-27T11:31:50.866-0300] {dag.py:2941} INFO - Sync 1 DAGs
[2023-12-27T11:31:50.877-0300] {logging_mixin.py:154} INFO - [2023-12-27T11:31:50.876-0300] {dag.py:3722} INFO - Setting next_dagrun for example_nested_branch_dag to 2023-12-26T00:00:00+00:00, run_after=2023-12-27T00:00:00+00:00
[2023-12-27T11:31:50.886-0300] {processor.py:179} INFO - Processing /home/felipe/.local/lib/python3.11/site-packages/airflow/example_dags/example_nested_branch_dag.py took 0.040 seconds
[2023-12-27T14:18:42.608-0300] {processor.py:157} INFO - Started process (PID=10695) to work on /home/felipe/.local/lib/python3.11/site-packages/airflow/example_dags/example_nested_branch_dag.py
[2023-12-27T14:18:42.640-0300] {processor.py:829} INFO - Processing file /home/felipe/.local/lib/python3.11/site-packages/airflow/example_dags/example_nested_branch_dag.py for tasks to queue
[2023-12-27T14:18:42.641-0300] {logging_mixin.py:154} INFO - [2023-12-27T14:18:42.641-0300] {dagbag.py:536} INFO - Filling up the DagBag from /home/felipe/.local/lib/python3.11/site-packages/airflow/example_dags/example_nested_branch_dag.py
[2023-12-27T14:18:42.651-0300] {processor.py:839} INFO - DAG(s) dict_keys(['example_nested_branch_dag']) retrieved from /home/felipe/.local/lib/python3.11/site-packages/airflow/example_dags/example_nested_branch_dag.py
[2023-12-27T14:18:42.657-0300] {logging_mixin.py:154} INFO - [2023-12-27T14:18:42.657-0300] {dag.py:2941} INFO - Sync 1 DAGs
[2023-12-27T14:18:42.670-0300] {logging_mixin.py:154} INFO - [2023-12-27T14:18:42.670-0300] {dag.py:3722} INFO - Setting next_dagrun for example_nested_branch_dag to 2023-12-26T00:00:00+00:00, run_after=2023-12-27T00:00:00+00:00
[2023-12-27T14:18:42.681-0300] {processor.py:179} INFO - Processing /home/felipe/.local/lib/python3.11/site-packages/airflow/example_dags/example_nested_branch_dag.py took 0.076 seconds
[2023-12-27T14:19:32.748-0300] {processor.py:157} INFO - Started process (PID=10877) to work on /home/felipe/.local/lib/python3.11/site-packages/airflow/example_dags/example_nested_branch_dag.py
[2023-12-27T14:19:32.780-0300] {processor.py:829} INFO - Processing file /home/felipe/.local/lib/python3.11/site-packages/airflow/example_dags/example_nested_branch_dag.py for tasks to queue
[2023-12-27T14:19:32.780-0300] {logging_mixin.py:154} INFO - [2023-12-27T14:19:32.780-0300] {dagbag.py:536} INFO - Filling up the DagBag from /home/felipe/.local/lib/python3.11/site-packages/airflow/example_dags/example_nested_branch_dag.py
[2023-12-27T14:19:32.786-0300] {processor.py:839} INFO - DAG(s) dict_keys(['example_nested_branch_dag']) retrieved from /home/felipe/.local/lib/python3.11/site-packages/airflow/example_dags/example_nested_branch_dag.py
[2023-12-27T14:19:32.795-0300] {logging_mixin.py:154} INFO - [2023-12-27T14:19:32.795-0300] {dag.py:2941} INFO - Sync 1 DAGs
[2023-12-27T14:19:32.806-0300] {logging_mixin.py:154} INFO - [2023-12-27T14:19:32.805-0300] {dag.py:3722} INFO - Setting next_dagrun for example_nested_branch_dag to 2023-12-26T00:00:00+00:00, run_after=2023-12-27T00:00:00+00:00
[2023-12-27T14:19:32.822-0300] {processor.py:179} INFO - Processing /home/felipe/.local/lib/python3.11/site-packages/airflow/example_dags/example_nested_branch_dag.py took 0.077 seconds
[2023-12-27T14:20:23.508-0300] {processor.py:157} INFO - Started process (PID=11056) to work on /home/felipe/.local/lib/python3.11/site-packages/airflow/example_dags/example_nested_branch_dag.py
[2023-12-27T14:20:23.532-0300] {processor.py:829} INFO - Processing file /home/felipe/.local/lib/python3.11/site-packages/airflow/example_dags/example_nested_branch_dag.py for tasks to queue
[2023-12-27T14:20:23.533-0300] {logging_mixin.py:154} INFO - [2023-12-27T14:20:23.533-0300] {dagbag.py:536} INFO - Filling up the DagBag from /home/felipe/.local/lib/python3.11/site-packages/airflow/example_dags/example_nested_branch_dag.py
[2023-12-27T14:20:23.539-0300] {processor.py:839} INFO - DAG(s) dict_keys(['example_nested_branch_dag']) retrieved from /home/felipe/.local/lib/python3.11/site-packages/airflow/example_dags/example_nested_branch_dag.py
[2023-12-27T14:20:23.549-0300] {logging_mixin.py:154} INFO - [2023-12-27T14:20:23.549-0300] {dag.py:2941} INFO - Sync 1 DAGs
[2023-12-27T14:20:23.560-0300] {logging_mixin.py:154} INFO - [2023-12-27T14:20:23.560-0300] {dag.py:3722} INFO - Setting next_dagrun for example_nested_branch_dag to 2023-12-26T00:00:00+00:00, run_after=2023-12-27T00:00:00+00:00
[2023-12-27T14:20:23.570-0300] {processor.py:179} INFO - Processing /home/felipe/.local/lib/python3.11/site-packages/airflow/example_dags/example_nested_branch_dag.py took 0.064 seconds
[2023-12-27T14:21:02.525-0300] {processor.py:157} INFO - Started process (PID=11143) to work on /home/felipe/.local/lib/python3.11/site-packages/airflow/example_dags/example_nested_branch_dag.py
[2023-12-27T14:21:02.526-0300] {processor.py:829} INFO - Processing file /home/felipe/.local/lib/python3.11/site-packages/airflow/example_dags/example_nested_branch_dag.py for tasks to queue
[2023-12-27T14:21:02.526-0300] {logging_mixin.py:154} INFO - [2023-12-27T14:21:02.526-0300] {dagbag.py:536} INFO - Filling up the DagBag from /home/felipe/.local/lib/python3.11/site-packages/airflow/example_dags/example_nested_branch_dag.py
[2023-12-27T14:21:02.543-0300] {processor.py:839} INFO - DAG(s) dict_keys(['example_nested_branch_dag']) retrieved from /home/felipe/.local/lib/python3.11/site-packages/airflow/example_dags/example_nested_branch_dag.py
[2023-12-27T14:21:02.560-0300] {logging_mixin.py:154} INFO - [2023-12-27T14:21:02.560-0300] {dag.py:2941} INFO - Sync 1 DAGs
[2023-12-27T14:21:02.572-0300] {logging_mixin.py:154} INFO - [2023-12-27T14:21:02.571-0300] {dag.py:3722} INFO - Setting next_dagrun for example_nested_branch_dag to 2023-12-26T00:00:00+00:00, run_after=2023-12-27T00:00:00+00:00
[2023-12-27T14:21:02.602-0300] {processor.py:179} INFO - Processing /home/felipe/.local/lib/python3.11/site-packages/airflow/example_dags/example_nested_branch_dag.py took 0.080 seconds
[2023-12-27T14:21:44.049-0300] {processor.py:157} INFO - Started process (PID=11426) to work on /home/felipe/.local/lib/python3.11/site-packages/airflow/example_dags/example_nested_branch_dag.py
[2023-12-27T14:21:44.051-0300] {processor.py:829} INFO - Processing file /home/felipe/.local/lib/python3.11/site-packages/airflow/example_dags/example_nested_branch_dag.py for tasks to queue
[2023-12-27T14:21:44.052-0300] {logging_mixin.py:154} INFO - [2023-12-27T14:21:44.051-0300] {dagbag.py:536} INFO - Filling up the DagBag from /home/felipe/.local/lib/python3.11/site-packages/airflow/example_dags/example_nested_branch_dag.py
[2023-12-27T14:21:44.058-0300] {processor.py:839} INFO - DAG(s) dict_keys(['example_nested_branch_dag']) retrieved from /home/felipe/.local/lib/python3.11/site-packages/airflow/example_dags/example_nested_branch_dag.py
[2023-12-27T14:21:44.070-0300] {logging_mixin.py:154} INFO - [2023-12-27T14:21:44.070-0300] {dag.py:2941} INFO - Sync 1 DAGs
[2023-12-27T14:21:44.081-0300] {logging_mixin.py:154} INFO - [2023-12-27T14:21:44.081-0300] {dag.py:3722} INFO - Setting next_dagrun for example_nested_branch_dag to 2023-12-26T00:00:00+00:00, run_after=2023-12-27T00:00:00+00:00
[2023-12-27T14:21:44.097-0300] {processor.py:179} INFO - Processing /home/felipe/.local/lib/python3.11/site-packages/airflow/example_dags/example_nested_branch_dag.py took 0.050 seconds
[2023-12-27T14:22:41.886-0300] {processor.py:157} INFO - Started process (PID=12309) to work on /home/felipe/.local/lib/python3.11/site-packages/airflow/example_dags/example_nested_branch_dag.py
[2023-12-27T14:22:41.887-0300] {processor.py:829} INFO - Processing file /home/felipe/.local/lib/python3.11/site-packages/airflow/example_dags/example_nested_branch_dag.py for tasks to queue
[2023-12-27T14:22:41.887-0300] {logging_mixin.py:154} INFO - [2023-12-27T14:22:41.887-0300] {dagbag.py:536} INFO - Filling up the DagBag from /home/felipe/.local/lib/python3.11/site-packages/airflow/example_dags/example_nested_branch_dag.py
[2023-12-27T14:22:41.894-0300] {processor.py:839} INFO - DAG(s) dict_keys(['example_nested_branch_dag']) retrieved from /home/felipe/.local/lib/python3.11/site-packages/airflow/example_dags/example_nested_branch_dag.py
[2023-12-27T14:22:41.913-0300] {logging_mixin.py:154} INFO - [2023-12-27T14:22:41.913-0300] {dag.py:2941} INFO - Sync 1 DAGs
[2023-12-27T14:22:41.926-0300] {logging_mixin.py:154} INFO - [2023-12-27T14:22:41.926-0300] {dag.py:3722} INFO - Setting next_dagrun for example_nested_branch_dag to 2023-12-26T00:00:00+00:00, run_after=2023-12-27T00:00:00+00:00
[2023-12-27T14:22:41.939-0300] {processor.py:179} INFO - Processing /home/felipe/.local/lib/python3.11/site-packages/airflow/example_dags/example_nested_branch_dag.py took 0.054 seconds
[2023-12-27T14:24:04.807-0300] {processor.py:157} INFO - Started process (PID=12737) to work on /home/felipe/.local/lib/python3.11/site-packages/airflow/example_dags/example_nested_branch_dag.py
[2023-12-27T14:24:04.808-0300] {processor.py:829} INFO - Processing file /home/felipe/.local/lib/python3.11/site-packages/airflow/example_dags/example_nested_branch_dag.py for tasks to queue
[2023-12-27T14:24:04.808-0300] {logging_mixin.py:154} INFO - [2023-12-27T14:24:04.808-0300] {dagbag.py:536} INFO - Filling up the DagBag from /home/felipe/.local/lib/python3.11/site-packages/airflow/example_dags/example_nested_branch_dag.py
[2023-12-27T14:24:04.818-0300] {processor.py:839} INFO - DAG(s) dict_keys(['example_nested_branch_dag']) retrieved from /home/felipe/.local/lib/python3.11/site-packages/airflow/example_dags/example_nested_branch_dag.py
[2023-12-27T14:24:04.828-0300] {logging_mixin.py:154} INFO - [2023-12-27T14:24:04.828-0300] {dag.py:2941} INFO - Sync 1 DAGs
[2023-12-27T14:24:04.838-0300] {logging_mixin.py:154} INFO - [2023-12-27T14:24:04.838-0300] {dag.py:3722} INFO - Setting next_dagrun for example_nested_branch_dag to 2023-12-26T00:00:00+00:00, run_after=2023-12-27T00:00:00+00:00
[2023-12-27T14:24:04.855-0300] {processor.py:179} INFO - Processing /home/felipe/.local/lib/python3.11/site-packages/airflow/example_dags/example_nested_branch_dag.py took 0.050 seconds
[2023-12-27T14:25:17.564-0300] {processor.py:157} INFO - Started process (PID=12839) to work on /home/felipe/.local/lib/python3.11/site-packages/airflow/example_dags/example_nested_branch_dag.py
[2023-12-27T14:25:17.565-0300] {processor.py:829} INFO - Processing file /home/felipe/.local/lib/python3.11/site-packages/airflow/example_dags/example_nested_branch_dag.py for tasks to queue
[2023-12-27T14:25:17.565-0300] {logging_mixin.py:154} INFO - [2023-12-27T14:25:17.565-0300] {dagbag.py:536} INFO - Filling up the DagBag from /home/felipe/.local/lib/python3.11/site-packages/airflow/example_dags/example_nested_branch_dag.py
[2023-12-27T14:25:17.571-0300] {processor.py:839} INFO - DAG(s) dict_keys(['example_nested_branch_dag']) retrieved from /home/felipe/.local/lib/python3.11/site-packages/airflow/example_dags/example_nested_branch_dag.py
[2023-12-27T14:25:17.581-0300] {logging_mixin.py:154} INFO - [2023-12-27T14:25:17.581-0300] {dag.py:2941} INFO - Sync 1 DAGs
[2023-12-27T14:25:17.591-0300] {logging_mixin.py:154} INFO - [2023-12-27T14:25:17.591-0300] {dag.py:3722} INFO - Setting next_dagrun for example_nested_branch_dag to 2023-12-26T00:00:00+00:00, run_after=2023-12-27T00:00:00+00:00
[2023-12-27T14:25:17.607-0300] {processor.py:179} INFO - Processing /home/felipe/.local/lib/python3.11/site-packages/airflow/example_dags/example_nested_branch_dag.py took 0.045 seconds
