[2023-12-27T11:26:52.558-0300] {processor.py:157} INFO - Started process (PID=13396) to work on /home/felipe/.local/lib/python3.11/site-packages/airflow/example_dags/example_short_circuit_decorator.py
[2023-12-27T11:26:52.559-0300] {processor.py:829} INFO - Processing file /home/felipe/.local/lib/python3.11/site-packages/airflow/example_dags/example_short_circuit_decorator.py for tasks to queue
[2023-12-27T11:26:52.559-0300] {logging_mixin.py:154} INFO - [2023-12-27T11:26:52.559-0300] {dagbag.py:536} INFO - Filling up the DagBag from /home/felipe/.local/lib/python3.11/site-packages/airflow/example_dags/example_short_circuit_decorator.py
[2023-12-27T11:26:52.565-0300] {processor.py:839} INFO - DAG(s) dict_keys(['example_short_circuit_decorator']) retrieved from /home/felipe/.local/lib/python3.11/site-packages/airflow/example_dags/example_short_circuit_decorator.py
[2023-12-27T11:26:52.652-0300] {logging_mixin.py:154} INFO - [2023-12-27T11:26:52.652-0300] {manager.py:499} INFO - Created Permission View: %s
[2023-12-27T11:26:52.657-0300] {logging_mixin.py:154} INFO - [2023-12-27T11:26:52.657-0300] {manager.py:499} INFO - Created Permission View: %s
[2023-12-27T11:26:52.661-0300] {logging_mixin.py:154} INFO - [2023-12-27T11:26:52.661-0300] {manager.py:499} INFO - Created Permission View: %s
[2023-12-27T11:26:52.661-0300] {logging_mixin.py:154} INFO - [2023-12-27T11:26:52.661-0300] {dag.py:2941} INFO - Sync 1 DAGs
[2023-12-27T11:26:52.666-0300] {logging_mixin.py:154} INFO - [2023-12-27T11:26:52.666-0300] {dag.py:2963} INFO - Creating ORM DAG for example_short_circuit_decorator
[2023-12-27T11:26:52.670-0300] {logging_mixin.py:154} INFO - [2023-12-27T11:26:52.670-0300] {dag.py:3722} INFO - Setting next_dagrun for example_short_circuit_decorator to 2023-12-26T14:26:52.670222+00:00, run_after=2023-12-27T14:26:52.670222+00:00
[2023-12-27T11:26:52.682-0300] {processor.py:179} INFO - Processing /home/felipe/.local/lib/python3.11/site-packages/airflow/example_dags/example_short_circuit_decorator.py took 0.126 seconds
[2023-12-27T11:27:36.773-0300] {processor.py:157} INFO - Started process (PID=13537) to work on /home/felipe/.local/lib/python3.11/site-packages/airflow/example_dags/example_short_circuit_decorator.py
[2023-12-27T11:27:36.804-0300] {processor.py:829} INFO - Processing file /home/felipe/.local/lib/python3.11/site-packages/airflow/example_dags/example_short_circuit_decorator.py for tasks to queue
[2023-12-27T11:27:36.805-0300] {logging_mixin.py:154} INFO - [2023-12-27T11:27:36.805-0300] {dagbag.py:536} INFO - Filling up the DagBag from /home/felipe/.local/lib/python3.11/site-packages/airflow/example_dags/example_short_circuit_decorator.py
[2023-12-27T11:27:36.811-0300] {processor.py:839} INFO - DAG(s) dict_keys(['example_short_circuit_decorator']) retrieved from /home/felipe/.local/lib/python3.11/site-packages/airflow/example_dags/example_short_circuit_decorator.py
[2023-12-27T11:27:36.822-0300] {logging_mixin.py:154} INFO - [2023-12-27T11:27:36.822-0300] {dag.py:2941} INFO - Sync 1 DAGs
[2023-12-27T11:27:36.831-0300] {logging_mixin.py:154} INFO - [2023-12-27T11:27:36.831-0300] {dag.py:3722} INFO - Setting next_dagrun for example_short_circuit_decorator to 2023-12-26T14:27:36.831411+00:00, run_after=2023-12-27T14:27:36.831411+00:00
[2023-12-27T11:27:36.848-0300] {processor.py:179} INFO - Processing /home/felipe/.local/lib/python3.11/site-packages/airflow/example_dags/example_short_circuit_decorator.py took 0.077 seconds
[2023-12-27T11:28:21.076-0300] {processor.py:157} INFO - Started process (PID=13605) to work on /home/felipe/.local/lib/python3.11/site-packages/airflow/example_dags/example_short_circuit_decorator.py
[2023-12-27T11:28:21.076-0300] {processor.py:829} INFO - Processing file /home/felipe/.local/lib/python3.11/site-packages/airflow/example_dags/example_short_circuit_decorator.py for tasks to queue
[2023-12-27T11:28:21.077-0300] {logging_mixin.py:154} INFO - [2023-12-27T11:28:21.077-0300] {dagbag.py:536} INFO - Filling up the DagBag from /home/felipe/.local/lib/python3.11/site-packages/airflow/example_dags/example_short_circuit_decorator.py
[2023-12-27T11:28:21.082-0300] {processor.py:839} INFO - DAG(s) dict_keys(['example_short_circuit_decorator']) retrieved from /home/felipe/.local/lib/python3.11/site-packages/airflow/example_dags/example_short_circuit_decorator.py
[2023-12-27T11:28:21.092-0300] {logging_mixin.py:154} INFO - [2023-12-27T11:28:21.092-0300] {dag.py:2941} INFO - Sync 1 DAGs
[2023-12-27T11:28:21.102-0300] {logging_mixin.py:154} INFO - [2023-12-27T11:28:21.102-0300] {dag.py:3722} INFO - Setting next_dagrun for example_short_circuit_decorator to 2023-12-26T14:28:21.102196+00:00, run_after=2023-12-27T14:28:21.102196+00:00
[2023-12-27T11:28:21.112-0300] {processor.py:179} INFO - Processing /home/felipe/.local/lib/python3.11/site-packages/airflow/example_dags/example_short_circuit_decorator.py took 0.038 seconds
[2023-12-27T11:29:07.374-0300] {processor.py:157} INFO - Started process (PID=13665) to work on /home/felipe/.local/lib/python3.11/site-packages/airflow/example_dags/example_short_circuit_decorator.py
[2023-12-27T11:29:07.375-0300] {processor.py:829} INFO - Processing file /home/felipe/.local/lib/python3.11/site-packages/airflow/example_dags/example_short_circuit_decorator.py for tasks to queue
[2023-12-27T11:29:07.375-0300] {logging_mixin.py:154} INFO - [2023-12-27T11:29:07.375-0300] {dagbag.py:536} INFO - Filling up the DagBag from /home/felipe/.local/lib/python3.11/site-packages/airflow/example_dags/example_short_circuit_decorator.py
[2023-12-27T11:29:07.381-0300] {processor.py:839} INFO - DAG(s) dict_keys(['example_short_circuit_decorator']) retrieved from /home/felipe/.local/lib/python3.11/site-packages/airflow/example_dags/example_short_circuit_decorator.py
[2023-12-27T11:29:07.391-0300] {logging_mixin.py:154} INFO - [2023-12-27T11:29:07.391-0300] {dag.py:2941} INFO - Sync 1 DAGs
[2023-12-27T11:29:07.401-0300] {logging_mixin.py:154} INFO - [2023-12-27T11:29:07.401-0300] {dag.py:3722} INFO - Setting next_dagrun for example_short_circuit_decorator to 2023-12-26T14:29:07.401051+00:00, run_after=2023-12-27T14:29:07.401051+00:00
[2023-12-27T11:29:07.410-0300] {processor.py:179} INFO - Processing /home/felipe/.local/lib/python3.11/site-packages/airflow/example_dags/example_short_circuit_decorator.py took 0.038 seconds
[2023-12-27T11:29:55.239-0300] {processor.py:157} INFO - Started process (PID=13737) to work on /home/felipe/.local/lib/python3.11/site-packages/airflow/example_dags/example_short_circuit_decorator.py
[2023-12-27T11:29:55.306-0300] {processor.py:829} INFO - Processing file /home/felipe/.local/lib/python3.11/site-packages/airflow/example_dags/example_short_circuit_decorator.py for tasks to queue
[2023-12-27T11:29:55.306-0300] {logging_mixin.py:154} INFO - [2023-12-27T11:29:55.306-0300] {dagbag.py:536} INFO - Filling up the DagBag from /home/felipe/.local/lib/python3.11/site-packages/airflow/example_dags/example_short_circuit_decorator.py
[2023-12-27T11:29:55.312-0300] {processor.py:839} INFO - DAG(s) dict_keys(['example_short_circuit_decorator']) retrieved from /home/felipe/.local/lib/python3.11/site-packages/airflow/example_dags/example_short_circuit_decorator.py
[2023-12-27T11:29:55.322-0300] {logging_mixin.py:154} INFO - [2023-12-27T11:29:55.322-0300] {dag.py:2941} INFO - Sync 1 DAGs
[2023-12-27T11:29:55.331-0300] {logging_mixin.py:154} INFO - [2023-12-27T11:29:55.331-0300] {dag.py:3722} INFO - Setting next_dagrun for example_short_circuit_decorator to 2023-12-26T14:29:55.331528+00:00, run_after=2023-12-27T14:29:55.331528+00:00
[2023-12-27T11:29:55.348-0300] {processor.py:179} INFO - Processing /home/felipe/.local/lib/python3.11/site-packages/airflow/example_dags/example_short_circuit_decorator.py took 0.111 seconds
[2023-12-27T11:30:41.749-0300] {processor.py:157} INFO - Started process (PID=13801) to work on /home/felipe/.local/lib/python3.11/site-packages/airflow/example_dags/example_short_circuit_decorator.py
[2023-12-27T11:30:41.781-0300] {processor.py:829} INFO - Processing file /home/felipe/.local/lib/python3.11/site-packages/airflow/example_dags/example_short_circuit_decorator.py for tasks to queue
[2023-12-27T11:30:41.782-0300] {logging_mixin.py:154} INFO - [2023-12-27T11:30:41.782-0300] {dagbag.py:536} INFO - Filling up the DagBag from /home/felipe/.local/lib/python3.11/site-packages/airflow/example_dags/example_short_circuit_decorator.py
[2023-12-27T11:30:41.788-0300] {processor.py:839} INFO - DAG(s) dict_keys(['example_short_circuit_decorator']) retrieved from /home/felipe/.local/lib/python3.11/site-packages/airflow/example_dags/example_short_circuit_decorator.py
[2023-12-27T11:30:41.798-0300] {logging_mixin.py:154} INFO - [2023-12-27T11:30:41.798-0300] {dag.py:2941} INFO - Sync 1 DAGs
[2023-12-27T11:30:41.808-0300] {logging_mixin.py:154} INFO - [2023-12-27T11:30:41.808-0300] {dag.py:3722} INFO - Setting next_dagrun for example_short_circuit_decorator to 2023-12-26T14:30:41.808431+00:00, run_after=2023-12-27T14:30:41.808431+00:00
[2023-12-27T11:30:41.825-0300] {processor.py:179} INFO - Processing /home/felipe/.local/lib/python3.11/site-packages/airflow/example_dags/example_short_circuit_decorator.py took 0.078 seconds
[2023-12-27T11:31:24.933-0300] {processor.py:157} INFO - Started process (PID=13861) to work on /home/felipe/.local/lib/python3.11/site-packages/airflow/example_dags/example_short_circuit_decorator.py
[2023-12-27T11:31:24.965-0300] {processor.py:829} INFO - Processing file /home/felipe/.local/lib/python3.11/site-packages/airflow/example_dags/example_short_circuit_decorator.py for tasks to queue
[2023-12-27T11:31:24.965-0300] {logging_mixin.py:154} INFO - [2023-12-27T11:31:24.965-0300] {dagbag.py:536} INFO - Filling up the DagBag from /home/felipe/.local/lib/python3.11/site-packages/airflow/example_dags/example_short_circuit_decorator.py
[2023-12-27T11:31:24.971-0300] {processor.py:839} INFO - DAG(s) dict_keys(['example_short_circuit_decorator']) retrieved from /home/felipe/.local/lib/python3.11/site-packages/airflow/example_dags/example_short_circuit_decorator.py
[2023-12-27T11:31:24.981-0300] {logging_mixin.py:154} INFO - [2023-12-27T11:31:24.981-0300] {dag.py:2941} INFO - Sync 1 DAGs
[2023-12-27T11:31:24.991-0300] {logging_mixin.py:154} INFO - [2023-12-27T11:31:24.991-0300] {dag.py:3722} INFO - Setting next_dagrun for example_short_circuit_decorator to 2023-12-26T14:31:24.990967+00:00, run_after=2023-12-27T14:31:24.990967+00:00
[2023-12-27T11:31:25.007-0300] {processor.py:179} INFO - Processing /home/felipe/.local/lib/python3.11/site-packages/airflow/example_dags/example_short_circuit_decorator.py took 0.076 seconds
[2023-12-27T14:18:55.014-0300] {processor.py:157} INFO - Started process (PID=10731) to work on /home/felipe/.local/lib/python3.11/site-packages/airflow/example_dags/example_short_circuit_decorator.py
[2023-12-27T14:18:55.046-0300] {processor.py:829} INFO - Processing file /home/felipe/.local/lib/python3.11/site-packages/airflow/example_dags/example_short_circuit_decorator.py for tasks to queue
[2023-12-27T14:18:55.047-0300] {logging_mixin.py:154} INFO - [2023-12-27T14:18:55.046-0300] {dagbag.py:536} INFO - Filling up the DagBag from /home/felipe/.local/lib/python3.11/site-packages/airflow/example_dags/example_short_circuit_decorator.py
[2023-12-27T14:18:55.052-0300] {processor.py:839} INFO - DAG(s) dict_keys(['example_short_circuit_decorator']) retrieved from /home/felipe/.local/lib/python3.11/site-packages/airflow/example_dags/example_short_circuit_decorator.py
[2023-12-27T14:18:55.066-0300] {logging_mixin.py:154} INFO - [2023-12-27T14:18:55.066-0300] {dag.py:2941} INFO - Sync 1 DAGs
[2023-12-27T14:18:55.075-0300] {logging_mixin.py:154} INFO - [2023-12-27T14:18:55.075-0300] {dag.py:3722} INFO - Setting next_dagrun for example_short_circuit_decorator to 2023-12-26T17:18:55.075432+00:00, run_after=2023-12-27T17:18:55.075432+00:00
[2023-12-27T14:18:55.092-0300] {processor.py:179} INFO - Processing /home/felipe/.local/lib/python3.11/site-packages/airflow/example_dags/example_short_circuit_decorator.py took 0.080 seconds
[2023-12-27T14:19:45.705-0300] {processor.py:157} INFO - Started process (PID=10894) to work on /home/felipe/.local/lib/python3.11/site-packages/airflow/example_dags/example_short_circuit_decorator.py
[2023-12-27T14:19:45.705-0300] {processor.py:829} INFO - Processing file /home/felipe/.local/lib/python3.11/site-packages/airflow/example_dags/example_short_circuit_decorator.py for tasks to queue
[2023-12-27T14:19:45.706-0300] {logging_mixin.py:154} INFO - [2023-12-27T14:19:45.706-0300] {dagbag.py:536} INFO - Filling up the DagBag from /home/felipe/.local/lib/python3.11/site-packages/airflow/example_dags/example_short_circuit_decorator.py
[2023-12-27T14:19:45.711-0300] {processor.py:839} INFO - DAG(s) dict_keys(['example_short_circuit_decorator']) retrieved from /home/felipe/.local/lib/python3.11/site-packages/airflow/example_dags/example_short_circuit_decorator.py
[2023-12-27T14:19:45.722-0300] {logging_mixin.py:154} INFO - [2023-12-27T14:19:45.722-0300] {dag.py:2941} INFO - Sync 1 DAGs
[2023-12-27T14:19:45.731-0300] {logging_mixin.py:154} INFO - [2023-12-27T14:19:45.731-0300] {dag.py:3722} INFO - Setting next_dagrun for example_short_circuit_decorator to 2023-12-26T17:19:45.731310+00:00, run_after=2023-12-27T17:19:45.731310+00:00
[2023-12-27T14:19:45.740-0300] {processor.py:179} INFO - Processing /home/felipe/.local/lib/python3.11/site-packages/airflow/example_dags/example_short_circuit_decorator.py took 0.037 seconds
[2023-12-27T14:20:34.489-0300] {processor.py:157} INFO - Started process (PID=11079) to work on /home/felipe/.local/lib/python3.11/site-packages/airflow/example_dags/example_short_circuit_decorator.py
[2023-12-27T14:20:34.522-0300] {processor.py:829} INFO - Processing file /home/felipe/.local/lib/python3.11/site-packages/airflow/example_dags/example_short_circuit_decorator.py for tasks to queue
[2023-12-27T14:20:34.522-0300] {logging_mixin.py:154} INFO - [2023-12-27T14:20:34.522-0300] {dagbag.py:536} INFO - Filling up the DagBag from /home/felipe/.local/lib/python3.11/site-packages/airflow/example_dags/example_short_circuit_decorator.py
[2023-12-27T14:20:34.528-0300] {processor.py:839} INFO - DAG(s) dict_keys(['example_short_circuit_decorator']) retrieved from /home/felipe/.local/lib/python3.11/site-packages/airflow/example_dags/example_short_circuit_decorator.py
[2023-12-27T14:20:34.538-0300] {logging_mixin.py:154} INFO - [2023-12-27T14:20:34.538-0300] {dag.py:2941} INFO - Sync 1 DAGs
[2023-12-27T14:20:34.547-0300] {logging_mixin.py:154} INFO - [2023-12-27T14:20:34.547-0300] {dag.py:3722} INFO - Setting next_dagrun for example_short_circuit_decorator to 2023-12-26T17:20:34.547445+00:00, run_after=2023-12-27T17:20:34.547445+00:00
[2023-12-27T14:20:34.565-0300] {processor.py:179} INFO - Processing /home/felipe/.local/lib/python3.11/site-packages/airflow/example_dags/example_short_circuit_decorator.py took 0.077 seconds
[2023-12-27T14:21:32.255-0300] {processor.py:157} INFO - Started process (PID=11399) to work on /home/felipe/.local/lib/python3.11/site-packages/airflow/example_dags/example_short_circuit_decorator.py
[2023-12-27T14:21:32.256-0300] {processor.py:829} INFO - Processing file /home/felipe/.local/lib/python3.11/site-packages/airflow/example_dags/example_short_circuit_decorator.py for tasks to queue
[2023-12-27T14:21:32.256-0300] {logging_mixin.py:154} INFO - [2023-12-27T14:21:32.256-0300] {dagbag.py:536} INFO - Filling up the DagBag from /home/felipe/.local/lib/python3.11/site-packages/airflow/example_dags/example_short_circuit_decorator.py
[2023-12-27T14:21:32.263-0300] {processor.py:839} INFO - DAG(s) dict_keys(['example_short_circuit_decorator']) retrieved from /home/felipe/.local/lib/python3.11/site-packages/airflow/example_dags/example_short_circuit_decorator.py
[2023-12-27T14:21:32.273-0300] {logging_mixin.py:154} INFO - [2023-12-27T14:21:32.272-0300] {dag.py:2941} INFO - Sync 1 DAGs
[2023-12-27T14:21:32.282-0300] {logging_mixin.py:154} INFO - [2023-12-27T14:21:32.281-0300] {dag.py:3722} INFO - Setting next_dagrun for example_short_circuit_decorator to 2023-12-26T17:21:32.281812+00:00, run_after=2023-12-27T17:21:32.281812+00:00
[2023-12-27T14:21:32.298-0300] {processor.py:179} INFO - Processing /home/felipe/.local/lib/python3.11/site-packages/airflow/example_dags/example_short_circuit_decorator.py took 0.045 seconds
[2023-12-27T14:22:25.078-0300] {processor.py:157} INFO - Started process (PID=12064) to work on /home/felipe/.local/lib/python3.11/site-packages/airflow/example_dags/example_short_circuit_decorator.py
[2023-12-27T14:22:25.079-0300] {processor.py:829} INFO - Processing file /home/felipe/.local/lib/python3.11/site-packages/airflow/example_dags/example_short_circuit_decorator.py for tasks to queue
[2023-12-27T14:22:25.079-0300] {logging_mixin.py:154} INFO - [2023-12-27T14:22:25.079-0300] {dagbag.py:536} INFO - Filling up the DagBag from /home/felipe/.local/lib/python3.11/site-packages/airflow/example_dags/example_short_circuit_decorator.py
[2023-12-27T14:22:25.088-0300] {processor.py:839} INFO - DAG(s) dict_keys(['example_short_circuit_decorator']) retrieved from /home/felipe/.local/lib/python3.11/site-packages/airflow/example_dags/example_short_circuit_decorator.py
[2023-12-27T14:22:25.101-0300] {logging_mixin.py:154} INFO - [2023-12-27T14:22:25.101-0300] {dag.py:2941} INFO - Sync 1 DAGs
[2023-12-27T14:22:25.113-0300] {logging_mixin.py:154} INFO - [2023-12-27T14:22:25.113-0300] {dag.py:3722} INFO - Setting next_dagrun for example_short_circuit_decorator to 2023-12-26T17:22:25.113570+00:00, run_after=2023-12-27T17:22:25.113570+00:00
[2023-12-27T14:22:25.132-0300] {processor.py:179} INFO - Processing /home/felipe/.local/lib/python3.11/site-packages/airflow/example_dags/example_short_circuit_decorator.py took 0.056 seconds
[2023-12-27T14:23:38.856-0300] {processor.py:157} INFO - Started process (PID=12695) to work on /home/felipe/.local/lib/python3.11/site-packages/airflow/example_dags/example_short_circuit_decorator.py
[2023-12-27T14:23:38.888-0300] {processor.py:829} INFO - Processing file /home/felipe/.local/lib/python3.11/site-packages/airflow/example_dags/example_short_circuit_decorator.py for tasks to queue
[2023-12-27T14:23:38.889-0300] {logging_mixin.py:154} INFO - [2023-12-27T14:23:38.888-0300] {dagbag.py:536} INFO - Filling up the DagBag from /home/felipe/.local/lib/python3.11/site-packages/airflow/example_dags/example_short_circuit_decorator.py
[2023-12-27T14:23:38.894-0300] {processor.py:839} INFO - DAG(s) dict_keys(['example_short_circuit_decorator']) retrieved from /home/felipe/.local/lib/python3.11/site-packages/airflow/example_dags/example_short_circuit_decorator.py
[2023-12-27T14:23:38.904-0300] {logging_mixin.py:154} INFO - [2023-12-27T14:23:38.904-0300] {dag.py:2941} INFO - Sync 1 DAGs
[2023-12-27T14:23:38.913-0300] {logging_mixin.py:154} INFO - [2023-12-27T14:23:38.913-0300] {dag.py:3722} INFO - Setting next_dagrun for example_short_circuit_decorator to 2023-12-26T17:23:38.913637+00:00, run_after=2023-12-27T17:23:38.913637+00:00
[2023-12-27T14:23:38.931-0300] {processor.py:179} INFO - Processing /home/felipe/.local/lib/python3.11/site-packages/airflow/example_dags/example_short_circuit_decorator.py took 0.077 seconds
[2023-12-27T14:25:09.677-0300] {processor.py:157} INFO - Started process (PID=12817) to work on /home/felipe/.local/lib/python3.11/site-packages/airflow/example_dags/example_short_circuit_decorator.py
[2023-12-27T14:25:09.677-0300] {processor.py:829} INFO - Processing file /home/felipe/.local/lib/python3.11/site-packages/airflow/example_dags/example_short_circuit_decorator.py for tasks to queue
[2023-12-27T14:25:09.678-0300] {logging_mixin.py:154} INFO - [2023-12-27T14:25:09.677-0300] {dagbag.py:536} INFO - Filling up the DagBag from /home/felipe/.local/lib/python3.11/site-packages/airflow/example_dags/example_short_circuit_decorator.py
[2023-12-27T14:25:09.684-0300] {processor.py:839} INFO - DAG(s) dict_keys(['example_short_circuit_decorator']) retrieved from /home/felipe/.local/lib/python3.11/site-packages/airflow/example_dags/example_short_circuit_decorator.py
[2023-12-27T14:25:09.694-0300] {logging_mixin.py:154} INFO - [2023-12-27T14:25:09.694-0300] {dag.py:2941} INFO - Sync 1 DAGs
[2023-12-27T14:25:09.703-0300] {logging_mixin.py:154} INFO - [2023-12-27T14:25:09.703-0300] {dag.py:3722} INFO - Setting next_dagrun for example_short_circuit_decorator to 2023-12-26T17:25:09.703703+00:00, run_after=2023-12-27T17:25:09.703703+00:00
[2023-12-27T14:25:09.720-0300] {processor.py:179} INFO - Processing /home/felipe/.local/lib/python3.11/site-packages/airflow/example_dags/example_short_circuit_decorator.py took 0.045 seconds
