[2023-12-27T11:26:55.319-0300] {processor.py:157} INFO - Started process (PID=13399) to work on /home/felipe/.local/lib/python3.11/site-packages/airflow/example_dags/example_task_group.py
[2023-12-27T11:26:55.320-0300] {processor.py:829} INFO - Processing file /home/felipe/.local/lib/python3.11/site-packages/airflow/example_dags/example_task_group.py for tasks to queue
[2023-12-27T11:26:55.320-0300] {logging_mixin.py:154} INFO - [2023-12-27T11:26:55.320-0300] {dagbag.py:536} INFO - Filling up the DagBag from /home/felipe/.local/lib/python3.11/site-packages/airflow/example_dags/example_task_group.py
[2023-12-27T11:26:55.325-0300] {processor.py:839} INFO - DAG(s) dict_keys(['example_task_group']) retrieved from /home/felipe/.local/lib/python3.11/site-packages/airflow/example_dags/example_task_group.py
[2023-12-27T11:26:55.452-0300] {logging_mixin.py:154} INFO - [2023-12-27T11:26:55.452-0300] {manager.py:499} INFO - Created Permission View: %s
[2023-12-27T11:26:55.457-0300] {logging_mixin.py:154} INFO - [2023-12-27T11:26:55.457-0300] {manager.py:499} INFO - Created Permission View: %s
[2023-12-27T11:26:55.460-0300] {logging_mixin.py:154} INFO - [2023-12-27T11:26:55.460-0300] {manager.py:499} INFO - Created Permission View: %s
[2023-12-27T11:26:55.460-0300] {logging_mixin.py:154} INFO - [2023-12-27T11:26:55.460-0300] {dag.py:2941} INFO - Sync 1 DAGs
[2023-12-27T11:26:55.465-0300] {logging_mixin.py:154} INFO - [2023-12-27T11:26:55.465-0300] {dag.py:2963} INFO - Creating ORM DAG for example_task_group
[2023-12-27T11:26:55.469-0300] {logging_mixin.py:154} INFO - [2023-12-27T11:26:55.469-0300] {dag.py:3722} INFO - Setting next_dagrun for example_task_group to 2023-12-26T14:26:55.468911+00:00, run_after=2023-12-27T14:26:55.468911+00:00
[2023-12-27T11:26:55.482-0300] {processor.py:179} INFO - Processing /home/felipe/.local/lib/python3.11/site-packages/airflow/example_dags/example_task_group.py took 0.164 seconds
[2023-12-27T11:27:39.189-0300] {processor.py:157} INFO - Started process (PID=13540) to work on /home/felipe/.local/lib/python3.11/site-packages/airflow/example_dags/example_task_group.py
[2023-12-27T11:27:39.221-0300] {processor.py:829} INFO - Processing file /home/felipe/.local/lib/python3.11/site-packages/airflow/example_dags/example_task_group.py for tasks to queue
[2023-12-27T11:27:39.222-0300] {logging_mixin.py:154} INFO - [2023-12-27T11:27:39.221-0300] {dagbag.py:536} INFO - Filling up the DagBag from /home/felipe/.local/lib/python3.11/site-packages/airflow/example_dags/example_task_group.py
[2023-12-27T11:27:39.227-0300] {processor.py:839} INFO - DAG(s) dict_keys(['example_task_group']) retrieved from /home/felipe/.local/lib/python3.11/site-packages/airflow/example_dags/example_task_group.py
[2023-12-27T11:27:39.236-0300] {logging_mixin.py:154} INFO - [2023-12-27T11:27:39.236-0300] {dag.py:2941} INFO - Sync 1 DAGs
[2023-12-27T11:27:39.246-0300] {logging_mixin.py:154} INFO - [2023-12-27T11:27:39.246-0300] {dag.py:3722} INFO - Setting next_dagrun for example_task_group to 2023-12-26T14:27:39.246580+00:00, run_after=2023-12-27T14:27:39.246580+00:00
[2023-12-27T11:27:39.263-0300] {processor.py:179} INFO - Processing /home/felipe/.local/lib/python3.11/site-packages/airflow/example_dags/example_task_group.py took 0.077 seconds
[2023-12-27T11:28:24.480-0300] {processor.py:157} INFO - Started process (PID=13608) to work on /home/felipe/.local/lib/python3.11/site-packages/airflow/example_dags/example_task_group.py
[2023-12-27T11:28:24.512-0300] {processor.py:829} INFO - Processing file /home/felipe/.local/lib/python3.11/site-packages/airflow/example_dags/example_task_group.py for tasks to queue
[2023-12-27T11:28:24.512-0300] {logging_mixin.py:154} INFO - [2023-12-27T11:28:24.512-0300] {dagbag.py:536} INFO - Filling up the DagBag from /home/felipe/.local/lib/python3.11/site-packages/airflow/example_dags/example_task_group.py
[2023-12-27T11:28:24.517-0300] {processor.py:839} INFO - DAG(s) dict_keys(['example_task_group']) retrieved from /home/felipe/.local/lib/python3.11/site-packages/airflow/example_dags/example_task_group.py
[2023-12-27T11:28:24.526-0300] {logging_mixin.py:154} INFO - [2023-12-27T11:28:24.526-0300] {dag.py:2941} INFO - Sync 1 DAGs
[2023-12-27T11:28:24.536-0300] {logging_mixin.py:154} INFO - [2023-12-27T11:28:24.536-0300] {dag.py:3722} INFO - Setting next_dagrun for example_task_group to 2023-12-26T14:28:24.535947+00:00, run_after=2023-12-27T14:28:24.535947+00:00
[2023-12-27T11:28:24.553-0300] {processor.py:179} INFO - Processing /home/felipe/.local/lib/python3.11/site-packages/airflow/example_dags/example_task_group.py took 0.075 seconds
[2023-12-27T11:29:10.363-0300] {processor.py:157} INFO - Started process (PID=13668) to work on /home/felipe/.local/lib/python3.11/site-packages/airflow/example_dags/example_task_group.py
[2023-12-27T11:29:10.395-0300] {processor.py:829} INFO - Processing file /home/felipe/.local/lib/python3.11/site-packages/airflow/example_dags/example_task_group.py for tasks to queue
[2023-12-27T11:29:10.395-0300] {logging_mixin.py:154} INFO - [2023-12-27T11:29:10.395-0300] {dagbag.py:536} INFO - Filling up the DagBag from /home/felipe/.local/lib/python3.11/site-packages/airflow/example_dags/example_task_group.py
[2023-12-27T11:29:10.400-0300] {processor.py:839} INFO - DAG(s) dict_keys(['example_task_group']) retrieved from /home/felipe/.local/lib/python3.11/site-packages/airflow/example_dags/example_task_group.py
[2023-12-27T11:29:10.409-0300] {logging_mixin.py:154} INFO - [2023-12-27T11:29:10.409-0300] {dag.py:2941} INFO - Sync 1 DAGs
[2023-12-27T11:29:10.419-0300] {logging_mixin.py:154} INFO - [2023-12-27T11:29:10.418-0300] {dag.py:3722} INFO - Setting next_dagrun for example_task_group to 2023-12-26T14:29:10.418821+00:00, run_after=2023-12-27T14:29:10.418821+00:00
[2023-12-27T11:29:10.435-0300] {processor.py:179} INFO - Processing /home/felipe/.local/lib/python3.11/site-packages/airflow/example_dags/example_task_group.py took 0.074 seconds
[2023-12-27T11:29:58.732-0300] {processor.py:157} INFO - Started process (PID=13740) to work on /home/felipe/.local/lib/python3.11/site-packages/airflow/example_dags/example_task_group.py
[2023-12-27T11:29:58.764-0300] {processor.py:829} INFO - Processing file /home/felipe/.local/lib/python3.11/site-packages/airflow/example_dags/example_task_group.py for tasks to queue
[2023-12-27T11:29:58.764-0300] {logging_mixin.py:154} INFO - [2023-12-27T11:29:58.764-0300] {dagbag.py:536} INFO - Filling up the DagBag from /home/felipe/.local/lib/python3.11/site-packages/airflow/example_dags/example_task_group.py
[2023-12-27T11:29:58.769-0300] {processor.py:839} INFO - DAG(s) dict_keys(['example_task_group']) retrieved from /home/felipe/.local/lib/python3.11/site-packages/airflow/example_dags/example_task_group.py
[2023-12-27T11:29:58.779-0300] {logging_mixin.py:154} INFO - [2023-12-27T11:29:58.779-0300] {dag.py:2941} INFO - Sync 1 DAGs
[2023-12-27T11:29:58.788-0300] {logging_mixin.py:154} INFO - [2023-12-27T11:29:58.788-0300] {dag.py:3722} INFO - Setting next_dagrun for example_task_group to 2023-12-26T14:29:58.788554+00:00, run_after=2023-12-27T14:29:58.788554+00:00
[2023-12-27T11:29:58.805-0300] {processor.py:179} INFO - Processing /home/felipe/.local/lib/python3.11/site-packages/airflow/example_dags/example_task_group.py took 0.075 seconds
[2023-12-27T11:30:44.142-0300] {processor.py:157} INFO - Started process (PID=13804) to work on /home/felipe/.local/lib/python3.11/site-packages/airflow/example_dags/example_task_group.py
[2023-12-27T11:30:44.143-0300] {processor.py:829} INFO - Processing file /home/felipe/.local/lib/python3.11/site-packages/airflow/example_dags/example_task_group.py for tasks to queue
[2023-12-27T11:30:44.143-0300] {logging_mixin.py:154} INFO - [2023-12-27T11:30:44.143-0300] {dagbag.py:536} INFO - Filling up the DagBag from /home/felipe/.local/lib/python3.11/site-packages/airflow/example_dags/example_task_group.py
[2023-12-27T11:30:44.148-0300] {processor.py:839} INFO - DAG(s) dict_keys(['example_task_group']) retrieved from /home/felipe/.local/lib/python3.11/site-packages/airflow/example_dags/example_task_group.py
[2023-12-27T11:30:44.157-0300] {logging_mixin.py:154} INFO - [2023-12-27T11:30:44.157-0300] {dag.py:2941} INFO - Sync 1 DAGs
[2023-12-27T11:30:44.167-0300] {logging_mixin.py:154} INFO - [2023-12-27T11:30:44.167-0300] {dag.py:3722} INFO - Setting next_dagrun for example_task_group to 2023-12-26T14:30:44.167341+00:00, run_after=2023-12-27T14:30:44.167341+00:00
[2023-12-27T11:30:44.177-0300] {processor.py:179} INFO - Processing /home/felipe/.local/lib/python3.11/site-packages/airflow/example_dags/example_task_group.py took 0.036 seconds
[2023-12-27T11:31:26.931-0300] {processor.py:157} INFO - Started process (PID=13864) to work on /home/felipe/.local/lib/python3.11/site-packages/airflow/example_dags/example_task_group.py
[2023-12-27T11:31:26.968-0300] {processor.py:829} INFO - Processing file /home/felipe/.local/lib/python3.11/site-packages/airflow/example_dags/example_task_group.py for tasks to queue
[2023-12-27T11:31:26.968-0300] {logging_mixin.py:154} INFO - [2023-12-27T11:31:26.968-0300] {dagbag.py:536} INFO - Filling up the DagBag from /home/felipe/.local/lib/python3.11/site-packages/airflow/example_dags/example_task_group.py
[2023-12-27T11:31:26.973-0300] {processor.py:839} INFO - DAG(s) dict_keys(['example_task_group']) retrieved from /home/felipe/.local/lib/python3.11/site-packages/airflow/example_dags/example_task_group.py
[2023-12-27T11:31:26.982-0300] {logging_mixin.py:154} INFO - [2023-12-27T11:31:26.982-0300] {dag.py:2941} INFO - Sync 1 DAGs
[2023-12-27T11:31:26.992-0300] {logging_mixin.py:154} INFO - [2023-12-27T11:31:26.992-0300] {dag.py:3722} INFO - Setting next_dagrun for example_task_group to 2023-12-26T14:31:26.992229+00:00, run_after=2023-12-27T14:31:26.992229+00:00
[2023-12-27T11:31:27.009-0300] {processor.py:179} INFO - Processing /home/felipe/.local/lib/python3.11/site-packages/airflow/example_dags/example_task_group.py took 0.080 seconds
[2023-12-27T14:18:58.020-0300] {processor.py:157} INFO - Started process (PID=10736) to work on /home/felipe/.local/lib/python3.11/site-packages/airflow/example_dags/example_task_group.py
[2023-12-27T14:18:58.020-0300] {processor.py:829} INFO - Processing file /home/felipe/.local/lib/python3.11/site-packages/airflow/example_dags/example_task_group.py for tasks to queue
[2023-12-27T14:18:58.021-0300] {logging_mixin.py:154} INFO - [2023-12-27T14:18:58.021-0300] {dagbag.py:536} INFO - Filling up the DagBag from /home/felipe/.local/lib/python3.11/site-packages/airflow/example_dags/example_task_group.py
[2023-12-27T14:18:58.026-0300] {processor.py:839} INFO - DAG(s) dict_keys(['example_task_group']) retrieved from /home/felipe/.local/lib/python3.11/site-packages/airflow/example_dags/example_task_group.py
[2023-12-27T14:18:58.039-0300] {logging_mixin.py:154} INFO - [2023-12-27T14:18:58.039-0300] {dag.py:2941} INFO - Sync 1 DAGs
[2023-12-27T14:18:58.049-0300] {logging_mixin.py:154} INFO - [2023-12-27T14:18:58.049-0300] {dag.py:3722} INFO - Setting next_dagrun for example_task_group to 2023-12-26T17:18:58.049437+00:00, run_after=2023-12-27T17:18:58.049437+00:00
[2023-12-27T14:18:58.059-0300] {processor.py:179} INFO - Processing /home/felipe/.local/lib/python3.11/site-packages/airflow/example_dags/example_task_group.py took 0.041 seconds
[2023-12-27T14:19:48.774-0300] {processor.py:157} INFO - Started process (PID=10918) to work on /home/felipe/.local/lib/python3.11/site-packages/airflow/example_dags/example_task_group.py
[2023-12-27T14:19:48.775-0300] {processor.py:829} INFO - Processing file /home/felipe/.local/lib/python3.11/site-packages/airflow/example_dags/example_task_group.py for tasks to queue
[2023-12-27T14:19:48.775-0300] {logging_mixin.py:154} INFO - [2023-12-27T14:19:48.775-0300] {dagbag.py:536} INFO - Filling up the DagBag from /home/felipe/.local/lib/python3.11/site-packages/airflow/example_dags/example_task_group.py
[2023-12-27T14:19:48.780-0300] {processor.py:839} INFO - DAG(s) dict_keys(['example_task_group']) retrieved from /home/felipe/.local/lib/python3.11/site-packages/airflow/example_dags/example_task_group.py
[2023-12-27T14:19:48.789-0300] {logging_mixin.py:154} INFO - [2023-12-27T14:19:48.789-0300] {dag.py:2941} INFO - Sync 1 DAGs
[2023-12-27T14:19:48.799-0300] {logging_mixin.py:154} INFO - [2023-12-27T14:19:48.798-0300] {dag.py:3722} INFO - Setting next_dagrun for example_task_group to 2023-12-26T17:19:48.798845+00:00, run_after=2023-12-27T17:19:48.798845+00:00
[2023-12-27T14:19:48.808-0300] {processor.py:179} INFO - Processing /home/felipe/.local/lib/python3.11/site-packages/airflow/example_dags/example_task_group.py took 0.035 seconds
[2023-12-27T14:20:36.609-0300] {processor.py:157} INFO - Started process (PID=11082) to work on /home/felipe/.local/lib/python3.11/site-packages/airflow/example_dags/example_task_group.py
[2023-12-27T14:20:36.641-0300] {processor.py:829} INFO - Processing file /home/felipe/.local/lib/python3.11/site-packages/airflow/example_dags/example_task_group.py for tasks to queue
[2023-12-27T14:20:36.642-0300] {logging_mixin.py:154} INFO - [2023-12-27T14:20:36.642-0300] {dagbag.py:536} INFO - Filling up the DagBag from /home/felipe/.local/lib/python3.11/site-packages/airflow/example_dags/example_task_group.py
[2023-12-27T14:20:36.647-0300] {processor.py:839} INFO - DAG(s) dict_keys(['example_task_group']) retrieved from /home/felipe/.local/lib/python3.11/site-packages/airflow/example_dags/example_task_group.py
[2023-12-27T14:20:36.657-0300] {logging_mixin.py:154} INFO - [2023-12-27T14:20:36.657-0300] {dag.py:2941} INFO - Sync 1 DAGs
[2023-12-27T14:20:36.667-0300] {logging_mixin.py:154} INFO - [2023-12-27T14:20:36.667-0300] {dag.py:3722} INFO - Setting next_dagrun for example_task_group to 2023-12-26T17:20:36.667028+00:00, run_after=2023-12-27T17:20:36.667028+00:00
[2023-12-27T14:20:36.684-0300] {processor.py:179} INFO - Processing /home/felipe/.local/lib/python3.11/site-packages/airflow/example_dags/example_task_group.py took 0.077 seconds
[2023-12-27T14:21:35.032-0300] {processor.py:157} INFO - Started process (PID=11402) to work on /home/felipe/.local/lib/python3.11/site-packages/airflow/example_dags/example_task_group.py
[2023-12-27T14:21:35.032-0300] {processor.py:829} INFO - Processing file /home/felipe/.local/lib/python3.11/site-packages/airflow/example_dags/example_task_group.py for tasks to queue
[2023-12-27T14:21:35.033-0300] {logging_mixin.py:154} INFO - [2023-12-27T14:21:35.033-0300] {dagbag.py:536} INFO - Filling up the DagBag from /home/felipe/.local/lib/python3.11/site-packages/airflow/example_dags/example_task_group.py
[2023-12-27T14:21:35.039-0300] {processor.py:839} INFO - DAG(s) dict_keys(['example_task_group']) retrieved from /home/felipe/.local/lib/python3.11/site-packages/airflow/example_dags/example_task_group.py
[2023-12-27T14:21:35.049-0300] {logging_mixin.py:154} INFO - [2023-12-27T14:21:35.049-0300] {dag.py:2941} INFO - Sync 1 DAGs
[2023-12-27T14:21:35.059-0300] {logging_mixin.py:154} INFO - [2023-12-27T14:21:35.059-0300] {dag.py:3722} INFO - Setting next_dagrun for example_task_group to 2023-12-26T17:21:35.059130+00:00, run_after=2023-12-27T17:21:35.059130+00:00
[2023-12-27T14:21:35.077-0300] {processor.py:179} INFO - Processing /home/felipe/.local/lib/python3.11/site-packages/airflow/example_dags/example_task_group.py took 0.047 seconds
[2023-12-27T14:22:48.088-0300] {processor.py:157} INFO - Started process (PID=12452) to work on /home/felipe/.local/lib/python3.11/site-packages/airflow/example_dags/example_task_group.py
[2023-12-27T14:22:48.089-0300] {processor.py:829} INFO - Processing file /home/felipe/.local/lib/python3.11/site-packages/airflow/example_dags/example_task_group.py for tasks to queue
[2023-12-27T14:22:48.089-0300] {logging_mixin.py:154} INFO - [2023-12-27T14:22:48.089-0300] {dagbag.py:536} INFO - Filling up the DagBag from /home/felipe/.local/lib/python3.11/site-packages/airflow/example_dags/example_task_group.py
[2023-12-27T14:22:48.096-0300] {processor.py:839} INFO - DAG(s) dict_keys(['example_task_group']) retrieved from /home/felipe/.local/lib/python3.11/site-packages/airflow/example_dags/example_task_group.py
[2023-12-27T14:22:48.109-0300] {logging_mixin.py:154} INFO - [2023-12-27T14:22:48.109-0300] {dag.py:2941} INFO - Sync 1 DAGs
[2023-12-27T14:22:48.121-0300] {logging_mixin.py:154} INFO - [2023-12-27T14:22:48.120-0300] {dag.py:3722} INFO - Setting next_dagrun for example_task_group to 2023-12-26T17:22:48.120759+00:00, run_after=2023-12-27T17:22:48.120759+00:00
[2023-12-27T14:22:48.132-0300] {processor.py:179} INFO - Processing /home/felipe/.local/lib/python3.11/site-packages/airflow/example_dags/example_task_group.py took 0.045 seconds
[2023-12-27T14:24:10.521-0300] {processor.py:157} INFO - Started process (PID=12745) to work on /home/felipe/.local/lib/python3.11/site-packages/airflow/example_dags/example_task_group.py
[2023-12-27T14:24:10.522-0300] {processor.py:829} INFO - Processing file /home/felipe/.local/lib/python3.11/site-packages/airflow/example_dags/example_task_group.py for tasks to queue
[2023-12-27T14:24:10.522-0300] {logging_mixin.py:154} INFO - [2023-12-27T14:24:10.522-0300] {dagbag.py:536} INFO - Filling up the DagBag from /home/felipe/.local/lib/python3.11/site-packages/airflow/example_dags/example_task_group.py
[2023-12-27T14:24:10.528-0300] {processor.py:839} INFO - DAG(s) dict_keys(['example_task_group']) retrieved from /home/felipe/.local/lib/python3.11/site-packages/airflow/example_dags/example_task_group.py
[2023-12-27T14:24:10.537-0300] {logging_mixin.py:154} INFO - [2023-12-27T14:24:10.537-0300] {dag.py:2941} INFO - Sync 1 DAGs
[2023-12-27T14:24:10.547-0300] {logging_mixin.py:154} INFO - [2023-12-27T14:24:10.546-0300] {dag.py:3722} INFO - Setting next_dagrun for example_task_group to 2023-12-26T17:24:10.546848+00:00, run_after=2023-12-27T17:24:10.546848+00:00
[2023-12-27T14:24:10.564-0300] {processor.py:179} INFO - Processing /home/felipe/.local/lib/python3.11/site-packages/airflow/example_dags/example_task_group.py took 0.044 seconds
[2023-12-27T14:25:23.829-0300] {processor.py:157} INFO - Started process (PID=12845) to work on /home/felipe/.local/lib/python3.11/site-packages/airflow/example_dags/example_task_group.py
[2023-12-27T14:25:23.861-0300] {processor.py:829} INFO - Processing file /home/felipe/.local/lib/python3.11/site-packages/airflow/example_dags/example_task_group.py for tasks to queue
[2023-12-27T14:25:23.862-0300] {logging_mixin.py:154} INFO - [2023-12-27T14:25:23.862-0300] {dagbag.py:536} INFO - Filling up the DagBag from /home/felipe/.local/lib/python3.11/site-packages/airflow/example_dags/example_task_group.py
[2023-12-27T14:25:23.866-0300] {processor.py:839} INFO - DAG(s) dict_keys(['example_task_group']) retrieved from /home/felipe/.local/lib/python3.11/site-packages/airflow/example_dags/example_task_group.py
[2023-12-27T14:25:23.875-0300] {logging_mixin.py:154} INFO - [2023-12-27T14:25:23.875-0300] {dag.py:2941} INFO - Sync 1 DAGs
[2023-12-27T14:25:23.885-0300] {logging_mixin.py:154} INFO - [2023-12-27T14:25:23.885-0300] {dag.py:3722} INFO - Setting next_dagrun for example_task_group to 2023-12-26T17:25:23.885040+00:00, run_after=2023-12-27T17:25:23.885040+00:00
[2023-12-27T14:25:23.901-0300] {processor.py:179} INFO - Processing /home/felipe/.local/lib/python3.11/site-packages/airflow/example_dags/example_task_group.py took 0.074 seconds
