[2024-01-08T11:09:00.232-0300] {processor.py:157} INFO - Started process (PID=11976) to work on /home/felipe/.local/lib/python3.11/site-packages/airflow/example_dags/plugins/event_listener.py
[2024-01-08T11:09:00.233-0300] {processor.py:829} INFO - Processing file /home/felipe/.local/lib/python3.11/site-packages/airflow/example_dags/plugins/event_listener.py for tasks to queue
[2024-01-08T11:09:00.233-0300] {logging_mixin.py:154} INFO - [2024-01-08T11:09:00.233-0300] {dagbag.py:536} INFO - Filling up the DagBag from /home/felipe/.local/lib/python3.11/site-packages/airflow/example_dags/plugins/event_listener.py
[2024-01-08T11:09:00.234-0300] {processor.py:841} WARNING - No viable dags retrieved from /home/felipe/.local/lib/python3.11/site-packages/airflow/example_dags/plugins/event_listener.py
[2024-01-08T11:09:00.240-0300] {processor.py:179} INFO - Processing /home/felipe/.local/lib/python3.11/site-packages/airflow/example_dags/plugins/event_listener.py took 0.009 seconds
[2024-01-08T11:10:04.891-0300] {processor.py:157} INFO - Started process (PID=12068) to work on /home/felipe/.local/lib/python3.11/site-packages/airflow/example_dags/plugins/event_listener.py
[2024-01-08T11:10:04.923-0300] {processor.py:829} INFO - Processing file /home/felipe/.local/lib/python3.11/site-packages/airflow/example_dags/plugins/event_listener.py for tasks to queue
[2024-01-08T11:10:04.923-0300] {logging_mixin.py:154} INFO - [2024-01-08T11:10:04.923-0300] {dagbag.py:536} INFO - Filling up the DagBag from /home/felipe/.local/lib/python3.11/site-packages/airflow/example_dags/plugins/event_listener.py
[2024-01-08T11:10:04.925-0300] {processor.py:841} WARNING - No viable dags retrieved from /home/felipe/.local/lib/python3.11/site-packages/airflow/example_dags/plugins/event_listener.py
[2024-01-08T11:10:04.930-0300] {processor.py:179} INFO - Processing /home/felipe/.local/lib/python3.11/site-packages/airflow/example_dags/plugins/event_listener.py took 0.042 seconds
[2024-01-08T11:15:44.612-0300] {processor.py:157} INFO - Started process (PID=12561) to work on /home/felipe/.local/lib/python3.11/site-packages/airflow/example_dags/plugins/event_listener.py
[2024-01-08T11:15:44.644-0300] {processor.py:829} INFO - Processing file /home/felipe/.local/lib/python3.11/site-packages/airflow/example_dags/plugins/event_listener.py for tasks to queue
[2024-01-08T11:15:44.645-0300] {logging_mixin.py:154} INFO - [2024-01-08T11:15:44.644-0300] {dagbag.py:536} INFO - Filling up the DagBag from /home/felipe/.local/lib/python3.11/site-packages/airflow/example_dags/plugins/event_listener.py
[2024-01-08T11:15:44.646-0300] {processor.py:841} WARNING - No viable dags retrieved from /home/felipe/.local/lib/python3.11/site-packages/airflow/example_dags/plugins/event_listener.py
[2024-01-08T11:15:44.652-0300] {processor.py:179} INFO - Processing /home/felipe/.local/lib/python3.11/site-packages/airflow/example_dags/plugins/event_listener.py took 0.042 seconds
[2024-01-08T11:16:51.495-0300] {processor.py:157} INFO - Started process (PID=12729) to work on /home/felipe/.local/lib/python3.11/site-packages/airflow/example_dags/plugins/event_listener.py
[2024-01-08T11:16:51.528-0300] {processor.py:829} INFO - Processing file /home/felipe/.local/lib/python3.11/site-packages/airflow/example_dags/plugins/event_listener.py for tasks to queue
[2024-01-08T11:16:51.528-0300] {logging_mixin.py:154} INFO - [2024-01-08T11:16:51.528-0300] {dagbag.py:536} INFO - Filling up the DagBag from /home/felipe/.local/lib/python3.11/site-packages/airflow/example_dags/plugins/event_listener.py
[2024-01-08T11:16:51.530-0300] {processor.py:841} WARNING - No viable dags retrieved from /home/felipe/.local/lib/python3.11/site-packages/airflow/example_dags/plugins/event_listener.py
[2024-01-08T11:16:51.536-0300] {processor.py:179} INFO - Processing /home/felipe/.local/lib/python3.11/site-packages/airflow/example_dags/plugins/event_listener.py took 0.043 seconds
[2024-01-08T11:17:57.895-0300] {processor.py:157} INFO - Started process (PID=13147) to work on /home/felipe/.local/lib/python3.11/site-packages/airflow/example_dags/plugins/event_listener.py
[2024-01-08T11:17:57.895-0300] {processor.py:829} INFO - Processing file /home/felipe/.local/lib/python3.11/site-packages/airflow/example_dags/plugins/event_listener.py for tasks to queue
[2024-01-08T11:17:57.896-0300] {logging_mixin.py:154} INFO - [2024-01-08T11:17:57.896-0300] {dagbag.py:536} INFO - Filling up the DagBag from /home/felipe/.local/lib/python3.11/site-packages/airflow/example_dags/plugins/event_listener.py
[2024-01-08T11:17:57.897-0300] {processor.py:841} WARNING - No viable dags retrieved from /home/felipe/.local/lib/python3.11/site-packages/airflow/example_dags/plugins/event_listener.py
[2024-01-08T11:17:57.903-0300] {processor.py:179} INFO - Processing /home/felipe/.local/lib/python3.11/site-packages/airflow/example_dags/plugins/event_listener.py took 0.011 seconds
[2024-01-08T11:18:59.916-0300] {processor.py:157} INFO - Started process (PID=13299) to work on /home/felipe/.local/lib/python3.11/site-packages/airflow/example_dags/plugins/event_listener.py
[2024-01-08T11:18:59.948-0300] {processor.py:829} INFO - Processing file /home/felipe/.local/lib/python3.11/site-packages/airflow/example_dags/plugins/event_listener.py for tasks to queue
[2024-01-08T11:18:59.948-0300] {logging_mixin.py:154} INFO - [2024-01-08T11:18:59.948-0300] {dagbag.py:536} INFO - Filling up the DagBag from /home/felipe/.local/lib/python3.11/site-packages/airflow/example_dags/plugins/event_listener.py
[2024-01-08T11:18:59.950-0300] {processor.py:841} WARNING - No viable dags retrieved from /home/felipe/.local/lib/python3.11/site-packages/airflow/example_dags/plugins/event_listener.py
[2024-01-08T11:18:59.955-0300] {processor.py:179} INFO - Processing /home/felipe/.local/lib/python3.11/site-packages/airflow/example_dags/plugins/event_listener.py took 0.041 seconds
[2024-01-08T11:20:08.112-0300] {processor.py:157} INFO - Started process (PID=13473) to work on /home/felipe/.local/lib/python3.11/site-packages/airflow/example_dags/plugins/event_listener.py
[2024-01-08T11:20:08.144-0300] {processor.py:829} INFO - Processing file /home/felipe/.local/lib/python3.11/site-packages/airflow/example_dags/plugins/event_listener.py for tasks to queue
[2024-01-08T11:20:08.145-0300] {logging_mixin.py:154} INFO - [2024-01-08T11:20:08.144-0300] {dagbag.py:536} INFO - Filling up the DagBag from /home/felipe/.local/lib/python3.11/site-packages/airflow/example_dags/plugins/event_listener.py
[2024-01-08T11:20:08.146-0300] {processor.py:841} WARNING - No viable dags retrieved from /home/felipe/.local/lib/python3.11/site-packages/airflow/example_dags/plugins/event_listener.py
[2024-01-08T11:20:08.152-0300] {processor.py:179} INFO - Processing /home/felipe/.local/lib/python3.11/site-packages/airflow/example_dags/plugins/event_listener.py took 0.041 seconds
[2024-01-08T11:34:40.447-0300] {processor.py:157} INFO - Started process (PID=16271) to work on /home/felipe/.local/lib/python3.11/site-packages/airflow/example_dags/plugins/event_listener.py
[2024-01-08T11:34:40.479-0300] {processor.py:829} INFO - Processing file /home/felipe/.local/lib/python3.11/site-packages/airflow/example_dags/plugins/event_listener.py for tasks to queue
[2024-01-08T11:34:40.480-0300] {logging_mixin.py:154} INFO - [2024-01-08T11:34:40.480-0300] {dagbag.py:536} INFO - Filling up the DagBag from /home/felipe/.local/lib/python3.11/site-packages/airflow/example_dags/plugins/event_listener.py
[2024-01-08T11:34:40.481-0300] {processor.py:841} WARNING - No viable dags retrieved from /home/felipe/.local/lib/python3.11/site-packages/airflow/example_dags/plugins/event_listener.py
[2024-01-08T11:34:40.487-0300] {processor.py:179} INFO - Processing /home/felipe/.local/lib/python3.11/site-packages/airflow/example_dags/plugins/event_listener.py took 0.041 seconds
[2024-01-08T11:35:43.998-0300] {processor.py:157} INFO - Started process (PID=16452) to work on /home/felipe/.local/lib/python3.11/site-packages/airflow/example_dags/plugins/event_listener.py
[2024-01-08T11:35:43.999-0300] {processor.py:829} INFO - Processing file /home/felipe/.local/lib/python3.11/site-packages/airflow/example_dags/plugins/event_listener.py for tasks to queue
[2024-01-08T11:35:43.999-0300] {logging_mixin.py:154} INFO - [2024-01-08T11:35:43.999-0300] {dagbag.py:536} INFO - Filling up the DagBag from /home/felipe/.local/lib/python3.11/site-packages/airflow/example_dags/plugins/event_listener.py
[2024-01-08T11:35:44.001-0300] {processor.py:841} WARNING - No viable dags retrieved from /home/felipe/.local/lib/python3.11/site-packages/airflow/example_dags/plugins/event_listener.py
[2024-01-08T11:35:44.007-0300] {processor.py:179} INFO - Processing /home/felipe/.local/lib/python3.11/site-packages/airflow/example_dags/plugins/event_listener.py took 0.010 seconds
[2024-01-08T11:36:48.306-0300] {processor.py:157} INFO - Started process (PID=16623) to work on /home/felipe/.local/lib/python3.11/site-packages/airflow/example_dags/plugins/event_listener.py
[2024-01-08T11:36:48.319-0300] {processor.py:829} INFO - Processing file /home/felipe/.local/lib/python3.11/site-packages/airflow/example_dags/plugins/event_listener.py for tasks to queue
[2024-01-08T11:36:48.320-0300] {logging_mixin.py:154} INFO - [2024-01-08T11:36:48.320-0300] {dagbag.py:536} INFO - Filling up the DagBag from /home/felipe/.local/lib/python3.11/site-packages/airflow/example_dags/plugins/event_listener.py
[2024-01-08T11:36:48.321-0300] {processor.py:841} WARNING - No viable dags retrieved from /home/felipe/.local/lib/python3.11/site-packages/airflow/example_dags/plugins/event_listener.py
[2024-01-08T11:36:48.327-0300] {processor.py:179} INFO - Processing /home/felipe/.local/lib/python3.11/site-packages/airflow/example_dags/plugins/event_listener.py took 0.023 seconds
