[2024-01-08T11:09:00.960-0300] {processor.py:157} INFO - Started process (PID=11977) to work on /home/felipe/.local/lib/python3.11/site-packages/airflow/example_dags/plugins/listener_plugin.py
[2024-01-08T11:09:00.960-0300] {processor.py:829} INFO - Processing file /home/felipe/.local/lib/python3.11/site-packages/airflow/example_dags/plugins/listener_plugin.py for tasks to queue
[2024-01-08T11:09:00.960-0300] {logging_mixin.py:154} INFO - [2024-01-08T11:09:00.960-0300] {dagbag.py:536} INFO - Filling up the DagBag from /home/felipe/.local/lib/python3.11/site-packages/airflow/example_dags/plugins/listener_plugin.py
[2024-01-08T11:09:00.962-0300] {processor.py:841} WARNING - No viable dags retrieved from /home/felipe/.local/lib/python3.11/site-packages/airflow/example_dags/plugins/listener_plugin.py
[2024-01-08T11:09:00.967-0300] {processor.py:179} INFO - Processing /home/felipe/.local/lib/python3.11/site-packages/airflow/example_dags/plugins/listener_plugin.py took 0.009 seconds
[2024-01-08T11:10:06.022-0300] {processor.py:157} INFO - Started process (PID=12069) to work on /home/felipe/.local/lib/python3.11/site-packages/airflow/example_dags/plugins/listener_plugin.py
[2024-01-08T11:10:06.054-0300] {processor.py:829} INFO - Processing file /home/felipe/.local/lib/python3.11/site-packages/airflow/example_dags/plugins/listener_plugin.py for tasks to queue
[2024-01-08T11:10:06.055-0300] {logging_mixin.py:154} INFO - [2024-01-08T11:10:06.055-0300] {dagbag.py:536} INFO - Filling up the DagBag from /home/felipe/.local/lib/python3.11/site-packages/airflow/example_dags/plugins/listener_plugin.py
[2024-01-08T11:10:06.057-0300] {processor.py:841} WARNING - No viable dags retrieved from /home/felipe/.local/lib/python3.11/site-packages/airflow/example_dags/plugins/listener_plugin.py
[2024-01-08T11:10:06.063-0300] {processor.py:179} INFO - Processing /home/felipe/.local/lib/python3.11/site-packages/airflow/example_dags/plugins/listener_plugin.py took 0.043 seconds
[2024-01-08T11:15:45.744-0300] {processor.py:157} INFO - Started process (PID=12562) to work on /home/felipe/.local/lib/python3.11/site-packages/airflow/example_dags/plugins/listener_plugin.py
[2024-01-08T11:15:45.748-0300] {processor.py:829} INFO - Processing file /home/felipe/.local/lib/python3.11/site-packages/airflow/example_dags/plugins/listener_plugin.py for tasks to queue
[2024-01-08T11:15:45.748-0300] {logging_mixin.py:154} INFO - [2024-01-08T11:15:45.748-0300] {dagbag.py:536} INFO - Filling up the DagBag from /home/felipe/.local/lib/python3.11/site-packages/airflow/example_dags/plugins/listener_plugin.py
[2024-01-08T11:15:45.750-0300] {processor.py:841} WARNING - No viable dags retrieved from /home/felipe/.local/lib/python3.11/site-packages/airflow/example_dags/plugins/listener_plugin.py
[2024-01-08T11:15:45.755-0300] {processor.py:179} INFO - Processing /home/felipe/.local/lib/python3.11/site-packages/airflow/example_dags/plugins/listener_plugin.py took 0.013 seconds
[2024-01-08T11:16:51.959-0300] {processor.py:157} INFO - Started process (PID=12732) to work on /home/felipe/.local/lib/python3.11/site-packages/airflow/example_dags/plugins/listener_plugin.py
[2024-01-08T11:16:51.991-0300] {processor.py:829} INFO - Processing file /home/felipe/.local/lib/python3.11/site-packages/airflow/example_dags/plugins/listener_plugin.py for tasks to queue
[2024-01-08T11:16:51.992-0300] {logging_mixin.py:154} INFO - [2024-01-08T11:16:51.991-0300] {dagbag.py:536} INFO - Filling up the DagBag from /home/felipe/.local/lib/python3.11/site-packages/airflow/example_dags/plugins/listener_plugin.py
[2024-01-08T11:16:51.994-0300] {processor.py:841} WARNING - No viable dags retrieved from /home/felipe/.local/lib/python3.11/site-packages/airflow/example_dags/plugins/listener_plugin.py
[2024-01-08T11:16:52.001-0300] {processor.py:179} INFO - Processing /home/felipe/.local/lib/python3.11/site-packages/airflow/example_dags/plugins/listener_plugin.py took 0.044 seconds
[2024-01-08T11:17:59.025-0300] {processor.py:157} INFO - Started process (PID=13171) to work on /home/felipe/.local/lib/python3.11/site-packages/airflow/example_dags/plugins/listener_plugin.py
[2024-01-08T11:17:59.057-0300] {processor.py:829} INFO - Processing file /home/felipe/.local/lib/python3.11/site-packages/airflow/example_dags/plugins/listener_plugin.py for tasks to queue
[2024-01-08T11:17:59.058-0300] {logging_mixin.py:154} INFO - [2024-01-08T11:17:59.057-0300] {dagbag.py:536} INFO - Filling up the DagBag from /home/felipe/.local/lib/python3.11/site-packages/airflow/example_dags/plugins/listener_plugin.py
[2024-01-08T11:17:59.059-0300] {processor.py:841} WARNING - No viable dags retrieved from /home/felipe/.local/lib/python3.11/site-packages/airflow/example_dags/plugins/listener_plugin.py
[2024-01-08T11:17:59.065-0300] {processor.py:179} INFO - Processing /home/felipe/.local/lib/python3.11/site-packages/airflow/example_dags/plugins/listener_plugin.py took 0.043 seconds
[2024-01-08T11:19:01.060-0300] {processor.py:157} INFO - Started process (PID=13300) to work on /home/felipe/.local/lib/python3.11/site-packages/airflow/example_dags/plugins/listener_plugin.py
[2024-01-08T11:19:01.092-0300] {processor.py:829} INFO - Processing file /home/felipe/.local/lib/python3.11/site-packages/airflow/example_dags/plugins/listener_plugin.py for tasks to queue
[2024-01-08T11:19:01.092-0300] {logging_mixin.py:154} INFO - [2024-01-08T11:19:01.092-0300] {dagbag.py:536} INFO - Filling up the DagBag from /home/felipe/.local/lib/python3.11/site-packages/airflow/example_dags/plugins/listener_plugin.py
[2024-01-08T11:19:01.094-0300] {processor.py:841} WARNING - No viable dags retrieved from /home/felipe/.local/lib/python3.11/site-packages/airflow/example_dags/plugins/listener_plugin.py
[2024-01-08T11:19:01.100-0300] {processor.py:179} INFO - Processing /home/felipe/.local/lib/python3.11/site-packages/airflow/example_dags/plugins/listener_plugin.py took 0.042 seconds
[2024-01-08T11:20:09.242-0300] {processor.py:157} INFO - Started process (PID=13474) to work on /home/felipe/.local/lib/python3.11/site-packages/airflow/example_dags/plugins/listener_plugin.py
[2024-01-08T11:20:09.275-0300] {processor.py:829} INFO - Processing file /home/felipe/.local/lib/python3.11/site-packages/airflow/example_dags/plugins/listener_plugin.py for tasks to queue
[2024-01-08T11:20:09.275-0300] {logging_mixin.py:154} INFO - [2024-01-08T11:20:09.275-0300] {dagbag.py:536} INFO - Filling up the DagBag from /home/felipe/.local/lib/python3.11/site-packages/airflow/example_dags/plugins/listener_plugin.py
[2024-01-08T11:20:09.277-0300] {processor.py:841} WARNING - No viable dags retrieved from /home/felipe/.local/lib/python3.11/site-packages/airflow/example_dags/plugins/listener_plugin.py
[2024-01-08T11:20:09.283-0300] {processor.py:179} INFO - Processing /home/felipe/.local/lib/python3.11/site-packages/airflow/example_dags/plugins/listener_plugin.py took 0.042 seconds
[2024-01-08T11:34:41.582-0300] {processor.py:157} INFO - Started process (PID=16273) to work on /home/felipe/.local/lib/python3.11/site-packages/airflow/example_dags/plugins/listener_plugin.py
[2024-01-08T11:34:41.614-0300] {processor.py:829} INFO - Processing file /home/felipe/.local/lib/python3.11/site-packages/airflow/example_dags/plugins/listener_plugin.py for tasks to queue
[2024-01-08T11:34:41.615-0300] {logging_mixin.py:154} INFO - [2024-01-08T11:34:41.615-0300] {dagbag.py:536} INFO - Filling up the DagBag from /home/felipe/.local/lib/python3.11/site-packages/airflow/example_dags/plugins/listener_plugin.py
[2024-01-08T11:34:41.617-0300] {processor.py:841} WARNING - No viable dags retrieved from /home/felipe/.local/lib/python3.11/site-packages/airflow/example_dags/plugins/listener_plugin.py
[2024-01-08T11:34:41.623-0300] {processor.py:179} INFO - Processing /home/felipe/.local/lib/python3.11/site-packages/airflow/example_dags/plugins/listener_plugin.py took 0.043 seconds
[2024-01-08T11:35:45.208-0300] {processor.py:157} INFO - Started process (PID=16453) to work on /home/felipe/.local/lib/python3.11/site-packages/airflow/example_dags/plugins/listener_plugin.py
[2024-01-08T11:35:45.240-0300] {processor.py:829} INFO - Processing file /home/felipe/.local/lib/python3.11/site-packages/airflow/example_dags/plugins/listener_plugin.py for tasks to queue
[2024-01-08T11:35:45.240-0300] {logging_mixin.py:154} INFO - [2024-01-08T11:35:45.240-0300] {dagbag.py:536} INFO - Filling up the DagBag from /home/felipe/.local/lib/python3.11/site-packages/airflow/example_dags/plugins/listener_plugin.py
[2024-01-08T11:35:45.242-0300] {processor.py:841} WARNING - No viable dags retrieved from /home/felipe/.local/lib/python3.11/site-packages/airflow/example_dags/plugins/listener_plugin.py
[2024-01-08T11:35:45.248-0300] {processor.py:179} INFO - Processing /home/felipe/.local/lib/python3.11/site-packages/airflow/example_dags/plugins/listener_plugin.py took 0.042 seconds
[2024-01-08T11:36:49.442-0300] {processor.py:157} INFO - Started process (PID=16624) to work on /home/felipe/.local/lib/python3.11/site-packages/airflow/example_dags/plugins/listener_plugin.py
[2024-01-08T11:36:49.474-0300] {processor.py:829} INFO - Processing file /home/felipe/.local/lib/python3.11/site-packages/airflow/example_dags/plugins/listener_plugin.py for tasks to queue
[2024-01-08T11:36:49.475-0300] {logging_mixin.py:154} INFO - [2024-01-08T11:36:49.475-0300] {dagbag.py:536} INFO - Filling up the DagBag from /home/felipe/.local/lib/python3.11/site-packages/airflow/example_dags/plugins/listener_plugin.py
[2024-01-08T11:36:49.476-0300] {processor.py:841} WARNING - No viable dags retrieved from /home/felipe/.local/lib/python3.11/site-packages/airflow/example_dags/plugins/listener_plugin.py
[2024-01-08T11:36:49.482-0300] {processor.py:179} INFO - Processing /home/felipe/.local/lib/python3.11/site-packages/airflow/example_dags/plugins/listener_plugin.py took 0.043 seconds
