[2024-01-05T10:30:13.387-0300] {processor.py:157} INFO - Started process (PID=11258) to work on /home/felipe/.local/lib/python3.11/site-packages/airflow/example_dags/example_branch_day_of_week_operator.py
[2024-01-05T10:30:13.387-0300] {processor.py:829} INFO - Processing file /home/felipe/.local/lib/python3.11/site-packages/airflow/example_dags/example_branch_day_of_week_operator.py for tasks to queue
[2024-01-05T10:30:13.388-0300] {logging_mixin.py:154} INFO - [2024-01-05T10:30:13.387-0300] {dagbag.py:536} INFO - Filling up the DagBag from /home/felipe/.local/lib/python3.11/site-packages/airflow/example_dags/example_branch_day_of_week_operator.py
[2024-01-05T10:30:13.392-0300] {processor.py:839} INFO - DAG(s) dict_keys(['example_weekday_branch_operator']) retrieved from /home/felipe/.local/lib/python3.11/site-packages/airflow/example_dags/example_branch_day_of_week_operator.py
[2024-01-05T10:30:13.401-0300] {logging_mixin.py:154} INFO - [2024-01-05T10:30:13.401-0300] {dag.py:2941} INFO - Sync 1 DAGs
[2024-01-05T10:30:13.412-0300] {logging_mixin.py:154} INFO - [2024-01-05T10:30:13.412-0300] {dag.py:3722} INFO - Setting next_dagrun for example_weekday_branch_operator to 2024-01-04T00:00:00+00:00, run_after=2024-01-05T00:00:00+00:00
[2024-01-05T10:30:13.453-0300] {processor.py:179} INFO - Processing /home/felipe/.local/lib/python3.11/site-packages/airflow/example_dags/example_branch_day_of_week_operator.py took 0.068 seconds
[2024-01-05T10:31:29.874-0300] {processor.py:157} INFO - Started process (PID=11410) to work on /home/felipe/.local/lib/python3.11/site-packages/airflow/example_dags/example_branch_day_of_week_operator.py
[2024-01-05T10:31:29.878-0300] {processor.py:829} INFO - Processing file /home/felipe/.local/lib/python3.11/site-packages/airflow/example_dags/example_branch_day_of_week_operator.py for tasks to queue
[2024-01-05T10:31:29.879-0300] {logging_mixin.py:154} INFO - [2024-01-05T10:31:29.878-0300] {dagbag.py:536} INFO - Filling up the DagBag from /home/felipe/.local/lib/python3.11/site-packages/airflow/example_dags/example_branch_day_of_week_operator.py
[2024-01-05T10:31:29.883-0300] {processor.py:839} INFO - DAG(s) dict_keys(['example_weekday_branch_operator']) retrieved from /home/felipe/.local/lib/python3.11/site-packages/airflow/example_dags/example_branch_day_of_week_operator.py
[2024-01-05T10:31:29.893-0300] {logging_mixin.py:154} INFO - [2024-01-05T10:31:29.893-0300] {dag.py:2941} INFO - Sync 1 DAGs
[2024-01-05T10:31:29.904-0300] {logging_mixin.py:154} INFO - [2024-01-05T10:31:29.904-0300] {dag.py:3722} INFO - Setting next_dagrun for example_weekday_branch_operator to 2024-01-04T00:00:00+00:00, run_after=2024-01-05T00:00:00+00:00
[2024-01-05T10:31:29.922-0300] {processor.py:179} INFO - Processing /home/felipe/.local/lib/python3.11/site-packages/airflow/example_dags/example_branch_day_of_week_operator.py took 0.050 seconds
[2024-01-05T10:32:48.412-0300] {processor.py:157} INFO - Started process (PID=11513) to work on /home/felipe/.local/lib/python3.11/site-packages/airflow/example_dags/example_branch_day_of_week_operator.py
[2024-01-05T10:32:48.444-0300] {processor.py:829} INFO - Processing file /home/felipe/.local/lib/python3.11/site-packages/airflow/example_dags/example_branch_day_of_week_operator.py for tasks to queue
[2024-01-05T10:32:48.445-0300] {logging_mixin.py:154} INFO - [2024-01-05T10:32:48.444-0300] {dagbag.py:536} INFO - Filling up the DagBag from /home/felipe/.local/lib/python3.11/site-packages/airflow/example_dags/example_branch_day_of_week_operator.py
[2024-01-05T10:32:48.449-0300] {processor.py:839} INFO - DAG(s) dict_keys(['example_weekday_branch_operator']) retrieved from /home/felipe/.local/lib/python3.11/site-packages/airflow/example_dags/example_branch_day_of_week_operator.py
[2024-01-05T10:32:48.460-0300] {logging_mixin.py:154} INFO - [2024-01-05T10:32:48.460-0300] {dag.py:2941} INFO - Sync 1 DAGs
[2024-01-05T10:32:48.470-0300] {logging_mixin.py:154} INFO - [2024-01-05T10:32:48.470-0300] {dag.py:3722} INFO - Setting next_dagrun for example_weekday_branch_operator to 2024-01-04T00:00:00+00:00, run_after=2024-01-05T00:00:00+00:00
[2024-01-05T10:32:48.487-0300] {processor.py:179} INFO - Processing /home/felipe/.local/lib/python3.11/site-packages/airflow/example_dags/example_branch_day_of_week_operator.py took 0.077 seconds
[2024-01-05T10:34:36.641-0300] {processor.py:157} INFO - Started process (PID=11654) to work on /home/felipe/.local/lib/python3.11/site-packages/airflow/example_dags/example_branch_day_of_week_operator.py
[2024-01-05T10:34:36.673-0300] {processor.py:829} INFO - Processing file /home/felipe/.local/lib/python3.11/site-packages/airflow/example_dags/example_branch_day_of_week_operator.py for tasks to queue
[2024-01-05T10:34:36.674-0300] {logging_mixin.py:154} INFO - [2024-01-05T10:34:36.673-0300] {dagbag.py:536} INFO - Filling up the DagBag from /home/felipe/.local/lib/python3.11/site-packages/airflow/example_dags/example_branch_day_of_week_operator.py
[2024-01-05T10:34:36.679-0300] {processor.py:839} INFO - DAG(s) dict_keys(['example_weekday_branch_operator']) retrieved from /home/felipe/.local/lib/python3.11/site-packages/airflow/example_dags/example_branch_day_of_week_operator.py
[2024-01-05T10:34:36.690-0300] {logging_mixin.py:154} INFO - [2024-01-05T10:34:36.690-0300] {dag.py:2941} INFO - Sync 1 DAGs
[2024-01-05T10:34:36.705-0300] {logging_mixin.py:154} INFO - [2024-01-05T10:34:36.705-0300] {dag.py:3722} INFO - Setting next_dagrun for example_weekday_branch_operator to 2024-01-04T00:00:00+00:00, run_after=2024-01-05T00:00:00+00:00
[2024-01-05T10:34:36.722-0300] {processor.py:179} INFO - Processing /home/felipe/.local/lib/python3.11/site-packages/airflow/example_dags/example_branch_day_of_week_operator.py took 0.084 seconds
[2024-01-05T10:35:53.471-0300] {processor.py:157} INFO - Started process (PID=11743) to work on /home/felipe/.local/lib/python3.11/site-packages/airflow/example_dags/example_branch_day_of_week_operator.py
[2024-01-05T10:35:53.503-0300] {processor.py:829} INFO - Processing file /home/felipe/.local/lib/python3.11/site-packages/airflow/example_dags/example_branch_day_of_week_operator.py for tasks to queue
[2024-01-05T10:35:53.504-0300] {logging_mixin.py:154} INFO - [2024-01-05T10:35:53.503-0300] {dagbag.py:536} INFO - Filling up the DagBag from /home/felipe/.local/lib/python3.11/site-packages/airflow/example_dags/example_branch_day_of_week_operator.py
[2024-01-05T10:35:53.508-0300] {processor.py:839} INFO - DAG(s) dict_keys(['example_weekday_branch_operator']) retrieved from /home/felipe/.local/lib/python3.11/site-packages/airflow/example_dags/example_branch_day_of_week_operator.py
[2024-01-05T10:35:53.518-0300] {logging_mixin.py:154} INFO - [2024-01-05T10:35:53.518-0300] {dag.py:2941} INFO - Sync 1 DAGs
[2024-01-05T10:35:53.528-0300] {logging_mixin.py:154} INFO - [2024-01-05T10:35:53.528-0300] {dag.py:3722} INFO - Setting next_dagrun for example_weekday_branch_operator to 2024-01-04T00:00:00+00:00, run_after=2024-01-05T00:00:00+00:00
[2024-01-05T10:35:53.545-0300] {processor.py:179} INFO - Processing /home/felipe/.local/lib/python3.11/site-packages/airflow/example_dags/example_branch_day_of_week_operator.py took 0.076 seconds
[2024-01-05T10:37:11.005-0300] {processor.py:157} INFO - Started process (PID=11967) to work on /home/felipe/.local/lib/python3.11/site-packages/airflow/example_dags/example_branch_day_of_week_operator.py
[2024-01-05T10:37:11.037-0300] {processor.py:829} INFO - Processing file /home/felipe/.local/lib/python3.11/site-packages/airflow/example_dags/example_branch_day_of_week_operator.py for tasks to queue
[2024-01-05T10:37:11.038-0300] {logging_mixin.py:154} INFO - [2024-01-05T10:37:11.037-0300] {dagbag.py:536} INFO - Filling up the DagBag from /home/felipe/.local/lib/python3.11/site-packages/airflow/example_dags/example_branch_day_of_week_operator.py
[2024-01-05T10:37:11.042-0300] {processor.py:839} INFO - DAG(s) dict_keys(['example_weekday_branch_operator']) retrieved from /home/felipe/.local/lib/python3.11/site-packages/airflow/example_dags/example_branch_day_of_week_operator.py
[2024-01-05T10:37:11.052-0300] {logging_mixin.py:154} INFO - [2024-01-05T10:37:11.052-0300] {dag.py:2941} INFO - Sync 1 DAGs
[2024-01-05T10:37:11.062-0300] {logging_mixin.py:154} INFO - [2024-01-05T10:37:11.062-0300] {dag.py:3722} INFO - Setting next_dagrun for example_weekday_branch_operator to 2024-01-04T00:00:00+00:00, run_after=2024-01-05T00:00:00+00:00
[2024-01-05T10:37:11.080-0300] {processor.py:179} INFO - Processing /home/felipe/.local/lib/python3.11/site-packages/airflow/example_dags/example_branch_day_of_week_operator.py took 0.077 seconds
[2024-01-05T10:43:31.135-0300] {processor.py:157} INFO - Started process (PID=12615) to work on /home/felipe/.local/lib/python3.11/site-packages/airflow/example_dags/example_branch_day_of_week_operator.py
[2024-01-05T10:43:31.167-0300] {processor.py:829} INFO - Processing file /home/felipe/.local/lib/python3.11/site-packages/airflow/example_dags/example_branch_day_of_week_operator.py for tasks to queue
[2024-01-05T10:43:31.168-0300] {logging_mixin.py:154} INFO - [2024-01-05T10:43:31.168-0300] {dagbag.py:536} INFO - Filling up the DagBag from /home/felipe/.local/lib/python3.11/site-packages/airflow/example_dags/example_branch_day_of_week_operator.py
[2024-01-05T10:43:31.172-0300] {processor.py:839} INFO - DAG(s) dict_keys(['example_weekday_branch_operator']) retrieved from /home/felipe/.local/lib/python3.11/site-packages/airflow/example_dags/example_branch_day_of_week_operator.py
[2024-01-05T10:43:31.182-0300] {logging_mixin.py:154} INFO - [2024-01-05T10:43:31.182-0300] {dag.py:2941} INFO - Sync 1 DAGs
[2024-01-05T10:43:31.192-0300] {logging_mixin.py:154} INFO - [2024-01-05T10:43:31.192-0300] {dag.py:3722} INFO - Setting next_dagrun for example_weekday_branch_operator to 2024-01-04T00:00:00+00:00, run_after=2024-01-05T00:00:00+00:00
[2024-01-05T10:43:31.203-0300] {processor.py:179} INFO - Processing /home/felipe/.local/lib/python3.11/site-packages/airflow/example_dags/example_branch_day_of_week_operator.py took 0.070 seconds
[2024-01-05T10:44:49.775-0300] {processor.py:157} INFO - Started process (PID=12797) to work on /home/felipe/.local/lib/python3.11/site-packages/airflow/example_dags/example_branch_day_of_week_operator.py
[2024-01-05T10:44:49.807-0300] {processor.py:829} INFO - Processing file /home/felipe/.local/lib/python3.11/site-packages/airflow/example_dags/example_branch_day_of_week_operator.py for tasks to queue
[2024-01-05T10:44:49.808-0300] {logging_mixin.py:154} INFO - [2024-01-05T10:44:49.808-0300] {dagbag.py:536} INFO - Filling up the DagBag from /home/felipe/.local/lib/python3.11/site-packages/airflow/example_dags/example_branch_day_of_week_operator.py
[2024-01-05T10:44:49.813-0300] {processor.py:839} INFO - DAG(s) dict_keys(['example_weekday_branch_operator']) retrieved from /home/felipe/.local/lib/python3.11/site-packages/airflow/example_dags/example_branch_day_of_week_operator.py
[2024-01-05T10:44:49.824-0300] {logging_mixin.py:154} INFO - [2024-01-05T10:44:49.824-0300] {dag.py:2941} INFO - Sync 1 DAGs
[2024-01-05T10:44:49.835-0300] {logging_mixin.py:154} INFO - [2024-01-05T10:44:49.835-0300] {dag.py:3722} INFO - Setting next_dagrun for example_weekday_branch_operator to 2024-01-04T00:00:00+00:00, run_after=2024-01-05T00:00:00+00:00
[2024-01-05T10:44:49.852-0300] {processor.py:179} INFO - Processing /home/felipe/.local/lib/python3.11/site-packages/airflow/example_dags/example_branch_day_of_week_operator.py took 0.079 seconds
[2024-01-05T10:45:59.743-0300] {processor.py:157} INFO - Started process (PID=12960) to work on /home/felipe/.local/lib/python3.11/site-packages/airflow/example_dags/example_branch_day_of_week_operator.py
[2024-01-05T10:45:59.775-0300] {processor.py:829} INFO - Processing file /home/felipe/.local/lib/python3.11/site-packages/airflow/example_dags/example_branch_day_of_week_operator.py for tasks to queue
[2024-01-05T10:45:59.775-0300] {logging_mixin.py:154} INFO - [2024-01-05T10:45:59.775-0300] {dagbag.py:536} INFO - Filling up the DagBag from /home/felipe/.local/lib/python3.11/site-packages/airflow/example_dags/example_branch_day_of_week_operator.py
[2024-01-05T10:45:59.780-0300] {processor.py:839} INFO - DAG(s) dict_keys(['example_weekday_branch_operator']) retrieved from /home/felipe/.local/lib/python3.11/site-packages/airflow/example_dags/example_branch_day_of_week_operator.py
[2024-01-05T10:45:59.790-0300] {logging_mixin.py:154} INFO - [2024-01-05T10:45:59.790-0300] {dag.py:2941} INFO - Sync 1 DAGs
[2024-01-05T10:45:59.801-0300] {logging_mixin.py:154} INFO - [2024-01-05T10:45:59.801-0300] {dag.py:3722} INFO - Setting next_dagrun for example_weekday_branch_operator to 2024-01-04T00:00:00+00:00, run_after=2024-01-05T00:00:00+00:00
[2024-01-05T10:45:59.818-0300] {processor.py:179} INFO - Processing /home/felipe/.local/lib/python3.11/site-packages/airflow/example_dags/example_branch_day_of_week_operator.py took 0.077 seconds
[2024-01-05T10:52:21.507-0300] {processor.py:157} INFO - Started process (PID=13523) to work on /home/felipe/.local/lib/python3.11/site-packages/airflow/example_dags/example_branch_day_of_week_operator.py
[2024-01-05T10:52:21.539-0300] {processor.py:829} INFO - Processing file /home/felipe/.local/lib/python3.11/site-packages/airflow/example_dags/example_branch_day_of_week_operator.py for tasks to queue
[2024-01-05T10:52:21.540-0300] {logging_mixin.py:154} INFO - [2024-01-05T10:52:21.540-0300] {dagbag.py:536} INFO - Filling up the DagBag from /home/felipe/.local/lib/python3.11/site-packages/airflow/example_dags/example_branch_day_of_week_operator.py
[2024-01-05T10:52:21.545-0300] {processor.py:839} INFO - DAG(s) dict_keys(['example_weekday_branch_operator']) retrieved from /home/felipe/.local/lib/python3.11/site-packages/airflow/example_dags/example_branch_day_of_week_operator.py
[2024-01-05T10:52:21.556-0300] {logging_mixin.py:154} INFO - [2024-01-05T10:52:21.556-0300] {dag.py:2941} INFO - Sync 1 DAGs
[2024-01-05T10:52:21.567-0300] {logging_mixin.py:154} INFO - [2024-01-05T10:52:21.567-0300] {dag.py:3722} INFO - Setting next_dagrun for example_weekday_branch_operator to 2024-01-04T00:00:00+00:00, run_after=2024-01-05T00:00:00+00:00
[2024-01-05T10:52:21.588-0300] {processor.py:179} INFO - Processing /home/felipe/.local/lib/python3.11/site-packages/airflow/example_dags/example_branch_day_of_week_operator.py took 0.083 seconds
[2024-01-05T10:53:22.305-0300] {processor.py:157} INFO - Started process (PID=13686) to work on /home/felipe/.local/lib/python3.11/site-packages/airflow/example_dags/example_branch_day_of_week_operator.py
[2024-01-05T10:53:22.337-0300] {processor.py:829} INFO - Processing file /home/felipe/.local/lib/python3.11/site-packages/airflow/example_dags/example_branch_day_of_week_operator.py for tasks to queue
[2024-01-05T10:53:22.338-0300] {logging_mixin.py:154} INFO - [2024-01-05T10:53:22.338-0300] {dagbag.py:536} INFO - Filling up the DagBag from /home/felipe/.local/lib/python3.11/site-packages/airflow/example_dags/example_branch_day_of_week_operator.py
[2024-01-05T10:53:22.344-0300] {processor.py:839} INFO - DAG(s) dict_keys(['example_weekday_branch_operator']) retrieved from /home/felipe/.local/lib/python3.11/site-packages/airflow/example_dags/example_branch_day_of_week_operator.py
[2024-01-05T10:53:22.357-0300] {logging_mixin.py:154} INFO - [2024-01-05T10:53:22.357-0300] {dag.py:2941} INFO - Sync 1 DAGs
[2024-01-05T10:53:22.368-0300] {logging_mixin.py:154} INFO - [2024-01-05T10:53:22.368-0300] {dag.py:3722} INFO - Setting next_dagrun for example_weekday_branch_operator to 2024-01-04T00:00:00+00:00, run_after=2024-01-05T00:00:00+00:00
[2024-01-05T10:53:22.386-0300] {processor.py:179} INFO - Processing /home/felipe/.local/lib/python3.11/site-packages/airflow/example_dags/example_branch_day_of_week_operator.py took 0.082 seconds
[2024-01-05T10:54:25.481-0300] {processor.py:157} INFO - Started process (PID=13837) to work on /home/felipe/.local/lib/python3.11/site-packages/airflow/example_dags/example_branch_day_of_week_operator.py
[2024-01-05T10:54:25.514-0300] {processor.py:829} INFO - Processing file /home/felipe/.local/lib/python3.11/site-packages/airflow/example_dags/example_branch_day_of_week_operator.py for tasks to queue
[2024-01-05T10:54:25.514-0300] {logging_mixin.py:154} INFO - [2024-01-05T10:54:25.514-0300] {dagbag.py:536} INFO - Filling up the DagBag from /home/felipe/.local/lib/python3.11/site-packages/airflow/example_dags/example_branch_day_of_week_operator.py
[2024-01-05T10:54:25.519-0300] {processor.py:839} INFO - DAG(s) dict_keys(['example_weekday_branch_operator']) retrieved from /home/felipe/.local/lib/python3.11/site-packages/airflow/example_dags/example_branch_day_of_week_operator.py
[2024-01-05T10:54:25.528-0300] {logging_mixin.py:154} INFO - [2024-01-05T10:54:25.528-0300] {dag.py:2941} INFO - Sync 1 DAGs
[2024-01-05T10:54:25.539-0300] {logging_mixin.py:154} INFO - [2024-01-05T10:54:25.539-0300] {dag.py:3722} INFO - Setting next_dagrun for example_weekday_branch_operator to 2024-01-04T00:00:00+00:00, run_after=2024-01-05T00:00:00+00:00
[2024-01-05T10:54:25.556-0300] {processor.py:179} INFO - Processing /home/felipe/.local/lib/python3.11/site-packages/airflow/example_dags/example_branch_day_of_week_operator.py took 0.077 seconds
[2024-01-05T10:55:28.796-0300] {processor.py:157} INFO - Started process (PID=13970) to work on /home/felipe/.local/lib/python3.11/site-packages/airflow/example_dags/example_branch_day_of_week_operator.py
[2024-01-05T10:55:28.828-0300] {processor.py:829} INFO - Processing file /home/felipe/.local/lib/python3.11/site-packages/airflow/example_dags/example_branch_day_of_week_operator.py for tasks to queue
[2024-01-05T10:55:28.829-0300] {logging_mixin.py:154} INFO - [2024-01-05T10:55:28.828-0300] {dagbag.py:536} INFO - Filling up the DagBag from /home/felipe/.local/lib/python3.11/site-packages/airflow/example_dags/example_branch_day_of_week_operator.py
[2024-01-05T10:55:28.833-0300] {processor.py:839} INFO - DAG(s) dict_keys(['example_weekday_branch_operator']) retrieved from /home/felipe/.local/lib/python3.11/site-packages/airflow/example_dags/example_branch_day_of_week_operator.py
[2024-01-05T10:55:28.844-0300] {logging_mixin.py:154} INFO - [2024-01-05T10:55:28.844-0300] {dag.py:2941} INFO - Sync 1 DAGs
[2024-01-05T10:55:28.855-0300] {logging_mixin.py:154} INFO - [2024-01-05T10:55:28.854-0300] {dag.py:3722} INFO - Setting next_dagrun for example_weekday_branch_operator to 2024-01-04T00:00:00+00:00, run_after=2024-01-05T00:00:00+00:00
[2024-01-05T10:55:28.873-0300] {processor.py:179} INFO - Processing /home/felipe/.local/lib/python3.11/site-packages/airflow/example_dags/example_branch_day_of_week_operator.py took 0.079 seconds
[2024-01-05T10:56:27.123-0300] {processor.py:157} INFO - Started process (PID=14063) to work on /home/felipe/.local/lib/python3.11/site-packages/airflow/example_dags/example_branch_day_of_week_operator.py
[2024-01-05T10:56:27.155-0300] {processor.py:829} INFO - Processing file /home/felipe/.local/lib/python3.11/site-packages/airflow/example_dags/example_branch_day_of_week_operator.py for tasks to queue
[2024-01-05T10:56:27.156-0300] {logging_mixin.py:154} INFO - [2024-01-05T10:56:27.155-0300] {dagbag.py:536} INFO - Filling up the DagBag from /home/felipe/.local/lib/python3.11/site-packages/airflow/example_dags/example_branch_day_of_week_operator.py
[2024-01-05T10:56:27.161-0300] {processor.py:839} INFO - DAG(s) dict_keys(['example_weekday_branch_operator']) retrieved from /home/felipe/.local/lib/python3.11/site-packages/airflow/example_dags/example_branch_day_of_week_operator.py
[2024-01-05T10:56:27.171-0300] {logging_mixin.py:154} INFO - [2024-01-05T10:56:27.171-0300] {dag.py:2941} INFO - Sync 1 DAGs
[2024-01-05T10:56:27.181-0300] {logging_mixin.py:154} INFO - [2024-01-05T10:56:27.181-0300] {dag.py:3722} INFO - Setting next_dagrun for example_weekday_branch_operator to 2024-01-04T00:00:00+00:00, run_after=2024-01-05T00:00:00+00:00
[2024-01-05T10:56:27.191-0300] {processor.py:179} INFO - Processing /home/felipe/.local/lib/python3.11/site-packages/airflow/example_dags/example_branch_day_of_week_operator.py took 0.070 seconds
[2024-01-05T10:57:28.931-0300] {processor.py:157} INFO - Started process (PID=14211) to work on /home/felipe/.local/lib/python3.11/site-packages/airflow/example_dags/example_branch_day_of_week_operator.py
[2024-01-05T10:57:28.963-0300] {processor.py:829} INFO - Processing file /home/felipe/.local/lib/python3.11/site-packages/airflow/example_dags/example_branch_day_of_week_operator.py for tasks to queue
[2024-01-05T10:57:28.963-0300] {logging_mixin.py:154} INFO - [2024-01-05T10:57:28.963-0300] {dagbag.py:536} INFO - Filling up the DagBag from /home/felipe/.local/lib/python3.11/site-packages/airflow/example_dags/example_branch_day_of_week_operator.py
[2024-01-05T10:57:28.968-0300] {processor.py:839} INFO - DAG(s) dict_keys(['example_weekday_branch_operator']) retrieved from /home/felipe/.local/lib/python3.11/site-packages/airflow/example_dags/example_branch_day_of_week_operator.py
[2024-01-05T10:57:28.978-0300] {logging_mixin.py:154} INFO - [2024-01-05T10:57:28.978-0300] {dag.py:2941} INFO - Sync 1 DAGs
[2024-01-05T10:57:28.988-0300] {logging_mixin.py:154} INFO - [2024-01-05T10:57:28.988-0300] {dag.py:3722} INFO - Setting next_dagrun for example_weekday_branch_operator to 2024-01-04T00:00:00+00:00, run_after=2024-01-05T00:00:00+00:00
[2024-01-05T10:57:29.005-0300] {processor.py:179} INFO - Processing /home/felipe/.local/lib/python3.11/site-packages/airflow/example_dags/example_branch_day_of_week_operator.py took 0.076 seconds
[2024-01-05T10:58:31.808-0300] {processor.py:157} INFO - Started process (PID=14313) to work on /home/felipe/.local/lib/python3.11/site-packages/airflow/example_dags/example_branch_day_of_week_operator.py
[2024-01-05T10:58:31.840-0300] {processor.py:829} INFO - Processing file /home/felipe/.local/lib/python3.11/site-packages/airflow/example_dags/example_branch_day_of_week_operator.py for tasks to queue
[2024-01-05T10:58:31.840-0300] {logging_mixin.py:154} INFO - [2024-01-05T10:58:31.840-0300] {dagbag.py:536} INFO - Filling up the DagBag from /home/felipe/.local/lib/python3.11/site-packages/airflow/example_dags/example_branch_day_of_week_operator.py
[2024-01-05T10:58:31.845-0300] {processor.py:839} INFO - DAG(s) dict_keys(['example_weekday_branch_operator']) retrieved from /home/felipe/.local/lib/python3.11/site-packages/airflow/example_dags/example_branch_day_of_week_operator.py
[2024-01-05T10:58:31.855-0300] {logging_mixin.py:154} INFO - [2024-01-05T10:58:31.855-0300] {dag.py:2941} INFO - Sync 1 DAGs
[2024-01-05T10:58:31.866-0300] {logging_mixin.py:154} INFO - [2024-01-05T10:58:31.866-0300] {dag.py:3722} INFO - Setting next_dagrun for example_weekday_branch_operator to 2024-01-04T00:00:00+00:00, run_after=2024-01-05T00:00:00+00:00
[2024-01-05T10:58:31.876-0300] {processor.py:179} INFO - Processing /home/felipe/.local/lib/python3.11/site-packages/airflow/example_dags/example_branch_day_of_week_operator.py took 0.071 seconds
[2024-01-05T10:59:31.672-0300] {processor.py:157} INFO - Started process (PID=14427) to work on /home/felipe/.local/lib/python3.11/site-packages/airflow/example_dags/example_branch_day_of_week_operator.py
[2024-01-05T10:59:31.704-0300] {processor.py:829} INFO - Processing file /home/felipe/.local/lib/python3.11/site-packages/airflow/example_dags/example_branch_day_of_week_operator.py for tasks to queue
[2024-01-05T10:59:31.705-0300] {logging_mixin.py:154} INFO - [2024-01-05T10:59:31.704-0300] {dagbag.py:536} INFO - Filling up the DagBag from /home/felipe/.local/lib/python3.11/site-packages/airflow/example_dags/example_branch_day_of_week_operator.py
[2024-01-05T10:59:31.709-0300] {processor.py:839} INFO - DAG(s) dict_keys(['example_weekday_branch_operator']) retrieved from /home/felipe/.local/lib/python3.11/site-packages/airflow/example_dags/example_branch_day_of_week_operator.py
[2024-01-05T10:59:31.719-0300] {logging_mixin.py:154} INFO - [2024-01-05T10:59:31.719-0300] {dag.py:2941} INFO - Sync 1 DAGs
[2024-01-05T10:59:31.730-0300] {logging_mixin.py:154} INFO - [2024-01-05T10:59:31.730-0300] {dag.py:3722} INFO - Setting next_dagrun for example_weekday_branch_operator to 2024-01-04T00:00:00+00:00, run_after=2024-01-05T00:00:00+00:00
[2024-01-05T10:59:31.746-0300] {processor.py:179} INFO - Processing /home/felipe/.local/lib/python3.11/site-packages/airflow/example_dags/example_branch_day_of_week_operator.py took 0.076 seconds
[2024-01-05T11:00:36.713-0300] {processor.py:157} INFO - Started process (PID=14546) to work on /home/felipe/.local/lib/python3.11/site-packages/airflow/example_dags/example_branch_day_of_week_operator.py
[2024-01-05T11:00:36.714-0300] {processor.py:829} INFO - Processing file /home/felipe/.local/lib/python3.11/site-packages/airflow/example_dags/example_branch_day_of_week_operator.py for tasks to queue
[2024-01-05T11:00:36.714-0300] {logging_mixin.py:154} INFO - [2024-01-05T11:00:36.714-0300] {dagbag.py:536} INFO - Filling up the DagBag from /home/felipe/.local/lib/python3.11/site-packages/airflow/example_dags/example_branch_day_of_week_operator.py
[2024-01-05T11:00:36.719-0300] {processor.py:839} INFO - DAG(s) dict_keys(['example_weekday_branch_operator']) retrieved from /home/felipe/.local/lib/python3.11/site-packages/airflow/example_dags/example_branch_day_of_week_operator.py
[2024-01-05T11:00:36.729-0300] {logging_mixin.py:154} INFO - [2024-01-05T11:00:36.729-0300] {dag.py:2941} INFO - Sync 1 DAGs
[2024-01-05T11:00:36.739-0300] {logging_mixin.py:154} INFO - [2024-01-05T11:00:36.739-0300] {dag.py:3722} INFO - Setting next_dagrun for example_weekday_branch_operator to 2024-01-04T00:00:00+00:00, run_after=2024-01-05T00:00:00+00:00
[2024-01-05T11:00:36.749-0300] {processor.py:179} INFO - Processing /home/felipe/.local/lib/python3.11/site-packages/airflow/example_dags/example_branch_day_of_week_operator.py took 0.038 seconds
[2024-01-05T11:01:38.947-0300] {processor.py:157} INFO - Started process (PID=14661) to work on /home/felipe/.local/lib/python3.11/site-packages/airflow/example_dags/example_branch_day_of_week_operator.py
[2024-01-05T11:01:38.979-0300] {processor.py:829} INFO - Processing file /home/felipe/.local/lib/python3.11/site-packages/airflow/example_dags/example_branch_day_of_week_operator.py for tasks to queue
[2024-01-05T11:01:38.979-0300] {logging_mixin.py:154} INFO - [2024-01-05T11:01:38.979-0300] {dagbag.py:536} INFO - Filling up the DagBag from /home/felipe/.local/lib/python3.11/site-packages/airflow/example_dags/example_branch_day_of_week_operator.py
[2024-01-05T11:01:38.984-0300] {processor.py:839} INFO - DAG(s) dict_keys(['example_weekday_branch_operator']) retrieved from /home/felipe/.local/lib/python3.11/site-packages/airflow/example_dags/example_branch_day_of_week_operator.py
[2024-01-05T11:01:38.994-0300] {logging_mixin.py:154} INFO - [2024-01-05T11:01:38.994-0300] {dag.py:2941} INFO - Sync 1 DAGs
[2024-01-05T11:01:39.006-0300] {logging_mixin.py:154} INFO - [2024-01-05T11:01:39.005-0300] {dag.py:3722} INFO - Setting next_dagrun for example_weekday_branch_operator to 2024-01-04T00:00:00+00:00, run_after=2024-01-05T00:00:00+00:00
[2024-01-05T11:01:39.022-0300] {processor.py:179} INFO - Processing /home/felipe/.local/lib/python3.11/site-packages/airflow/example_dags/example_branch_day_of_week_operator.py took 0.078 seconds
[2024-01-05T11:02:50.283-0300] {processor.py:157} INFO - Started process (PID=14774) to work on /home/felipe/.local/lib/python3.11/site-packages/airflow/example_dags/example_branch_day_of_week_operator.py
[2024-01-05T11:02:50.315-0300] {processor.py:829} INFO - Processing file /home/felipe/.local/lib/python3.11/site-packages/airflow/example_dags/example_branch_day_of_week_operator.py for tasks to queue
[2024-01-05T11:02:50.315-0300] {logging_mixin.py:154} INFO - [2024-01-05T11:02:50.315-0300] {dagbag.py:536} INFO - Filling up the DagBag from /home/felipe/.local/lib/python3.11/site-packages/airflow/example_dags/example_branch_day_of_week_operator.py
[2024-01-05T11:02:50.320-0300] {processor.py:839} INFO - DAG(s) dict_keys(['example_weekday_branch_operator']) retrieved from /home/felipe/.local/lib/python3.11/site-packages/airflow/example_dags/example_branch_day_of_week_operator.py
[2024-01-05T11:02:50.330-0300] {logging_mixin.py:154} INFO - [2024-01-05T11:02:50.330-0300] {dag.py:2941} INFO - Sync 1 DAGs
[2024-01-05T11:02:50.341-0300] {logging_mixin.py:154} INFO - [2024-01-05T11:02:50.341-0300] {dag.py:3722} INFO - Setting next_dagrun for example_weekday_branch_operator to 2024-01-04T00:00:00+00:00, run_after=2024-01-05T00:00:00+00:00
[2024-01-05T11:02:50.358-0300] {processor.py:179} INFO - Processing /home/felipe/.local/lib/python3.11/site-packages/airflow/example_dags/example_branch_day_of_week_operator.py took 0.078 seconds
[2024-01-05T11:03:59.466-0300] {processor.py:157} INFO - Started process (PID=14899) to work on /home/felipe/.local/lib/python3.11/site-packages/airflow/example_dags/example_branch_day_of_week_operator.py
[2024-01-05T11:03:59.499-0300] {processor.py:829} INFO - Processing file /home/felipe/.local/lib/python3.11/site-packages/airflow/example_dags/example_branch_day_of_week_operator.py for tasks to queue
[2024-01-05T11:03:59.500-0300] {logging_mixin.py:154} INFO - [2024-01-05T11:03:59.499-0300] {dagbag.py:536} INFO - Filling up the DagBag from /home/felipe/.local/lib/python3.11/site-packages/airflow/example_dags/example_branch_day_of_week_operator.py
[2024-01-05T11:03:59.506-0300] {processor.py:839} INFO - DAG(s) dict_keys(['example_weekday_branch_operator']) retrieved from /home/felipe/.local/lib/python3.11/site-packages/airflow/example_dags/example_branch_day_of_week_operator.py
[2024-01-05T11:03:59.516-0300] {logging_mixin.py:154} INFO - [2024-01-05T11:03:59.516-0300] {dag.py:2941} INFO - Sync 1 DAGs
[2024-01-05T11:03:59.527-0300] {logging_mixin.py:154} INFO - [2024-01-05T11:03:59.527-0300] {dag.py:3722} INFO - Setting next_dagrun for example_weekday_branch_operator to 2024-01-04T00:00:00+00:00, run_after=2024-01-05T00:00:00+00:00
[2024-01-05T11:03:59.537-0300] {processor.py:179} INFO - Processing /home/felipe/.local/lib/python3.11/site-packages/airflow/example_dags/example_branch_day_of_week_operator.py took 0.073 seconds
[2024-01-05T11:05:06.069-0300] {processor.py:157} INFO - Started process (PID=15031) to work on /home/felipe/.local/lib/python3.11/site-packages/airflow/example_dags/example_branch_day_of_week_operator.py
[2024-01-05T11:05:06.069-0300] {processor.py:829} INFO - Processing file /home/felipe/.local/lib/python3.11/site-packages/airflow/example_dags/example_branch_day_of_week_operator.py for tasks to queue
[2024-01-05T11:05:06.070-0300] {logging_mixin.py:154} INFO - [2024-01-05T11:05:06.069-0300] {dagbag.py:536} INFO - Filling up the DagBag from /home/felipe/.local/lib/python3.11/site-packages/airflow/example_dags/example_branch_day_of_week_operator.py
[2024-01-05T11:05:06.075-0300] {processor.py:839} INFO - DAG(s) dict_keys(['example_weekday_branch_operator']) retrieved from /home/felipe/.local/lib/python3.11/site-packages/airflow/example_dags/example_branch_day_of_week_operator.py
[2024-01-05T11:05:06.085-0300] {logging_mixin.py:154} INFO - [2024-01-05T11:05:06.085-0300] {dag.py:2941} INFO - Sync 1 DAGs
[2024-01-05T11:05:06.096-0300] {logging_mixin.py:154} INFO - [2024-01-05T11:05:06.096-0300] {dag.py:3722} INFO - Setting next_dagrun for example_weekday_branch_operator to 2024-01-04T00:00:00+00:00, run_after=2024-01-05T00:00:00+00:00
[2024-01-05T11:05:06.106-0300] {processor.py:179} INFO - Processing /home/felipe/.local/lib/python3.11/site-packages/airflow/example_dags/example_branch_day_of_week_operator.py took 0.040 seconds
[2024-01-05T11:06:16.168-0300] {processor.py:157} INFO - Started process (PID=15162) to work on /home/felipe/.local/lib/python3.11/site-packages/airflow/example_dags/example_branch_day_of_week_operator.py
[2024-01-05T11:06:16.200-0300] {processor.py:829} INFO - Processing file /home/felipe/.local/lib/python3.11/site-packages/airflow/example_dags/example_branch_day_of_week_operator.py for tasks to queue
[2024-01-05T11:06:16.201-0300] {logging_mixin.py:154} INFO - [2024-01-05T11:06:16.200-0300] {dagbag.py:536} INFO - Filling up the DagBag from /home/felipe/.local/lib/python3.11/site-packages/airflow/example_dags/example_branch_day_of_week_operator.py
[2024-01-05T11:06:16.206-0300] {processor.py:839} INFO - DAG(s) dict_keys(['example_weekday_branch_operator']) retrieved from /home/felipe/.local/lib/python3.11/site-packages/airflow/example_dags/example_branch_day_of_week_operator.py
[2024-01-05T11:06:16.216-0300] {logging_mixin.py:154} INFO - [2024-01-05T11:06:16.216-0300] {dag.py:2941} INFO - Sync 1 DAGs
[2024-01-05T11:06:16.227-0300] {logging_mixin.py:154} INFO - [2024-01-05T11:06:16.227-0300] {dag.py:3722} INFO - Setting next_dagrun for example_weekday_branch_operator to 2024-01-04T00:00:00+00:00, run_after=2024-01-05T00:00:00+00:00
[2024-01-05T11:06:16.244-0300] {processor.py:179} INFO - Processing /home/felipe/.local/lib/python3.11/site-packages/airflow/example_dags/example_branch_day_of_week_operator.py took 0.078 seconds
[2024-01-05T11:07:24.759-0300] {processor.py:157} INFO - Started process (PID=15273) to work on /home/felipe/.local/lib/python3.11/site-packages/airflow/example_dags/example_branch_day_of_week_operator.py
[2024-01-05T11:07:24.791-0300] {processor.py:829} INFO - Processing file /home/felipe/.local/lib/python3.11/site-packages/airflow/example_dags/example_branch_day_of_week_operator.py for tasks to queue
[2024-01-05T11:07:24.792-0300] {logging_mixin.py:154} INFO - [2024-01-05T11:07:24.791-0300] {dagbag.py:536} INFO - Filling up the DagBag from /home/felipe/.local/lib/python3.11/site-packages/airflow/example_dags/example_branch_day_of_week_operator.py
[2024-01-05T11:07:24.796-0300] {processor.py:839} INFO - DAG(s) dict_keys(['example_weekday_branch_operator']) retrieved from /home/felipe/.local/lib/python3.11/site-packages/airflow/example_dags/example_branch_day_of_week_operator.py
[2024-01-05T11:07:24.807-0300] {logging_mixin.py:154} INFO - [2024-01-05T11:07:24.807-0300] {dag.py:2941} INFO - Sync 1 DAGs
[2024-01-05T11:07:24.818-0300] {logging_mixin.py:154} INFO - [2024-01-05T11:07:24.818-0300] {dag.py:3722} INFO - Setting next_dagrun for example_weekday_branch_operator to 2024-01-04T00:00:00+00:00, run_after=2024-01-05T00:00:00+00:00
[2024-01-05T11:07:24.835-0300] {processor.py:179} INFO - Processing /home/felipe/.local/lib/python3.11/site-packages/airflow/example_dags/example_branch_day_of_week_operator.py took 0.078 seconds
[2024-01-05T11:08:29.919-0300] {processor.py:157} INFO - Started process (PID=15396) to work on /home/felipe/.local/lib/python3.11/site-packages/airflow/example_dags/example_branch_day_of_week_operator.py
[2024-01-05T11:08:29.920-0300] {processor.py:829} INFO - Processing file /home/felipe/.local/lib/python3.11/site-packages/airflow/example_dags/example_branch_day_of_week_operator.py for tasks to queue
[2024-01-05T11:08:29.920-0300] {logging_mixin.py:154} INFO - [2024-01-05T11:08:29.920-0300] {dagbag.py:536} INFO - Filling up the DagBag from /home/felipe/.local/lib/python3.11/site-packages/airflow/example_dags/example_branch_day_of_week_operator.py
[2024-01-05T11:08:29.925-0300] {processor.py:839} INFO - DAG(s) dict_keys(['example_weekday_branch_operator']) retrieved from /home/felipe/.local/lib/python3.11/site-packages/airflow/example_dags/example_branch_day_of_week_operator.py
[2024-01-05T11:08:29.935-0300] {logging_mixin.py:154} INFO - [2024-01-05T11:08:29.935-0300] {dag.py:2941} INFO - Sync 1 DAGs
[2024-01-05T11:08:29.946-0300] {logging_mixin.py:154} INFO - [2024-01-05T11:08:29.946-0300] {dag.py:3722} INFO - Setting next_dagrun for example_weekday_branch_operator to 2024-01-04T00:00:00+00:00, run_after=2024-01-05T00:00:00+00:00
[2024-01-05T11:08:29.970-0300] {processor.py:179} INFO - Processing /home/felipe/.local/lib/python3.11/site-packages/airflow/example_dags/example_branch_day_of_week_operator.py took 0.053 seconds
[2024-01-05T11:09:33.267-0300] {processor.py:157} INFO - Started process (PID=15517) to work on /home/felipe/.local/lib/python3.11/site-packages/airflow/example_dags/example_branch_day_of_week_operator.py
[2024-01-05T11:09:33.299-0300] {processor.py:829} INFO - Processing file /home/felipe/.local/lib/python3.11/site-packages/airflow/example_dags/example_branch_day_of_week_operator.py for tasks to queue
[2024-01-05T11:09:33.300-0300] {logging_mixin.py:154} INFO - [2024-01-05T11:09:33.300-0300] {dagbag.py:536} INFO - Filling up the DagBag from /home/felipe/.local/lib/python3.11/site-packages/airflow/example_dags/example_branch_day_of_week_operator.py
[2024-01-05T11:09:33.304-0300] {processor.py:839} INFO - DAG(s) dict_keys(['example_weekday_branch_operator']) retrieved from /home/felipe/.local/lib/python3.11/site-packages/airflow/example_dags/example_branch_day_of_week_operator.py
[2024-01-05T11:09:33.315-0300] {logging_mixin.py:154} INFO - [2024-01-05T11:09:33.315-0300] {dag.py:2941} INFO - Sync 1 DAGs
[2024-01-05T11:09:33.325-0300] {logging_mixin.py:154} INFO - [2024-01-05T11:09:33.325-0300] {dag.py:3722} INFO - Setting next_dagrun for example_weekday_branch_operator to 2024-01-04T00:00:00+00:00, run_after=2024-01-05T00:00:00+00:00
[2024-01-05T11:09:33.342-0300] {processor.py:179} INFO - Processing /home/felipe/.local/lib/python3.11/site-packages/airflow/example_dags/example_branch_day_of_week_operator.py took 0.077 seconds
[2024-01-05T11:10:37.771-0300] {processor.py:157} INFO - Started process (PID=15652) to work on /home/felipe/.local/lib/python3.11/site-packages/airflow/example_dags/example_branch_day_of_week_operator.py
[2024-01-05T11:10:37.803-0300] {processor.py:829} INFO - Processing file /home/felipe/.local/lib/python3.11/site-packages/airflow/example_dags/example_branch_day_of_week_operator.py for tasks to queue
[2024-01-05T11:10:37.803-0300] {logging_mixin.py:154} INFO - [2024-01-05T11:10:37.803-0300] {dagbag.py:536} INFO - Filling up the DagBag from /home/felipe/.local/lib/python3.11/site-packages/airflow/example_dags/example_branch_day_of_week_operator.py
[2024-01-05T11:10:37.808-0300] {processor.py:839} INFO - DAG(s) dict_keys(['example_weekday_branch_operator']) retrieved from /home/felipe/.local/lib/python3.11/site-packages/airflow/example_dags/example_branch_day_of_week_operator.py
[2024-01-05T11:10:37.818-0300] {logging_mixin.py:154} INFO - [2024-01-05T11:10:37.818-0300] {dag.py:2941} INFO - Sync 1 DAGs
[2024-01-05T11:10:37.828-0300] {logging_mixin.py:154} INFO - [2024-01-05T11:10:37.828-0300] {dag.py:3722} INFO - Setting next_dagrun for example_weekday_branch_operator to 2024-01-04T00:00:00+00:00, run_after=2024-01-05T00:00:00+00:00
[2024-01-05T11:10:37.845-0300] {processor.py:179} INFO - Processing /home/felipe/.local/lib/python3.11/site-packages/airflow/example_dags/example_branch_day_of_week_operator.py took 0.076 seconds
[2024-01-05T11:11:41.354-0300] {processor.py:157} INFO - Started process (PID=15763) to work on /home/felipe/.local/lib/python3.11/site-packages/airflow/example_dags/example_branch_day_of_week_operator.py
[2024-01-05T11:11:41.361-0300] {processor.py:829} INFO - Processing file /home/felipe/.local/lib/python3.11/site-packages/airflow/example_dags/example_branch_day_of_week_operator.py for tasks to queue
[2024-01-05T11:11:41.362-0300] {logging_mixin.py:154} INFO - [2024-01-05T11:11:41.362-0300] {dagbag.py:536} INFO - Filling up the DagBag from /home/felipe/.local/lib/python3.11/site-packages/airflow/example_dags/example_branch_day_of_week_operator.py
[2024-01-05T11:11:41.367-0300] {processor.py:839} INFO - DAG(s) dict_keys(['example_weekday_branch_operator']) retrieved from /home/felipe/.local/lib/python3.11/site-packages/airflow/example_dags/example_branch_day_of_week_operator.py
[2024-01-05T11:11:41.377-0300] {logging_mixin.py:154} INFO - [2024-01-05T11:11:41.377-0300] {dag.py:2941} INFO - Sync 1 DAGs
[2024-01-05T11:11:41.388-0300] {logging_mixin.py:154} INFO - [2024-01-05T11:11:41.388-0300] {dag.py:3722} INFO - Setting next_dagrun for example_weekday_branch_operator to 2024-01-04T00:00:00+00:00, run_after=2024-01-05T00:00:00+00:00
[2024-01-05T11:11:41.397-0300] {processor.py:179} INFO - Processing /home/felipe/.local/lib/python3.11/site-packages/airflow/example_dags/example_branch_day_of_week_operator.py took 0.045 seconds
[2024-01-05T11:12:35.314-0300] {processor.py:157} INFO - Started process (PID=17189) to work on /home/felipe/.local/lib/python3.11/site-packages/airflow/example_dags/example_branch_day_of_week_operator.py
[2024-01-05T11:12:35.347-0300] {processor.py:829} INFO - Processing file /home/felipe/.local/lib/python3.11/site-packages/airflow/example_dags/example_branch_day_of_week_operator.py for tasks to queue
[2024-01-05T11:12:35.347-0300] {logging_mixin.py:154} INFO - [2024-01-05T11:12:35.347-0300] {dagbag.py:536} INFO - Filling up the DagBag from /home/felipe/.local/lib/python3.11/site-packages/airflow/example_dags/example_branch_day_of_week_operator.py
[2024-01-05T11:12:35.352-0300] {processor.py:839} INFO - DAG(s) dict_keys(['example_weekday_branch_operator']) retrieved from /home/felipe/.local/lib/python3.11/site-packages/airflow/example_dags/example_branch_day_of_week_operator.py
[2024-01-05T11:12:35.362-0300] {logging_mixin.py:154} INFO - [2024-01-05T11:12:35.362-0300] {dag.py:2941} INFO - Sync 1 DAGs
[2024-01-05T11:12:35.372-0300] {logging_mixin.py:154} INFO - [2024-01-05T11:12:35.372-0300] {dag.py:3722} INFO - Setting next_dagrun for example_weekday_branch_operator to 2024-01-04T00:00:00+00:00, run_after=2024-01-05T00:00:00+00:00
[2024-01-05T11:12:35.389-0300] {processor.py:179} INFO - Processing /home/felipe/.local/lib/python3.11/site-packages/airflow/example_dags/example_branch_day_of_week_operator.py took 0.076 seconds
[2024-01-05T11:13:41.115-0300] {processor.py:157} INFO - Started process (PID=17312) to work on /home/felipe/.local/lib/python3.11/site-packages/airflow/example_dags/example_branch_day_of_week_operator.py
[2024-01-05T11:13:41.147-0300] {processor.py:829} INFO - Processing file /home/felipe/.local/lib/python3.11/site-packages/airflow/example_dags/example_branch_day_of_week_operator.py for tasks to queue
[2024-01-05T11:13:41.148-0300] {logging_mixin.py:154} INFO - [2024-01-05T11:13:41.148-0300] {dagbag.py:536} INFO - Filling up the DagBag from /home/felipe/.local/lib/python3.11/site-packages/airflow/example_dags/example_branch_day_of_week_operator.py
[2024-01-05T11:13:41.153-0300] {processor.py:839} INFO - DAG(s) dict_keys(['example_weekday_branch_operator']) retrieved from /home/felipe/.local/lib/python3.11/site-packages/airflow/example_dags/example_branch_day_of_week_operator.py
[2024-01-05T11:13:41.164-0300] {logging_mixin.py:154} INFO - [2024-01-05T11:13:41.164-0300] {dag.py:2941} INFO - Sync 1 DAGs
[2024-01-05T11:13:41.174-0300] {logging_mixin.py:154} INFO - [2024-01-05T11:13:41.174-0300] {dag.py:3722} INFO - Setting next_dagrun for example_weekday_branch_operator to 2024-01-04T00:00:00+00:00, run_after=2024-01-05T00:00:00+00:00
[2024-01-05T11:13:41.191-0300] {processor.py:179} INFO - Processing /home/felipe/.local/lib/python3.11/site-packages/airflow/example_dags/example_branch_day_of_week_operator.py took 0.078 seconds
[2024-01-05T11:14:41.094-0300] {processor.py:157} INFO - Started process (PID=17426) to work on /home/felipe/.local/lib/python3.11/site-packages/airflow/example_dags/example_branch_day_of_week_operator.py
[2024-01-05T11:14:41.095-0300] {processor.py:829} INFO - Processing file /home/felipe/.local/lib/python3.11/site-packages/airflow/example_dags/example_branch_day_of_week_operator.py for tasks to queue
[2024-01-05T11:14:41.096-0300] {logging_mixin.py:154} INFO - [2024-01-05T11:14:41.095-0300] {dagbag.py:536} INFO - Filling up the DagBag from /home/felipe/.local/lib/python3.11/site-packages/airflow/example_dags/example_branch_day_of_week_operator.py
[2024-01-05T11:14:41.100-0300] {processor.py:839} INFO - DAG(s) dict_keys(['example_weekday_branch_operator']) retrieved from /home/felipe/.local/lib/python3.11/site-packages/airflow/example_dags/example_branch_day_of_week_operator.py
[2024-01-05T11:14:41.110-0300] {logging_mixin.py:154} INFO - [2024-01-05T11:14:41.110-0300] {dag.py:2941} INFO - Sync 1 DAGs
[2024-01-05T11:14:41.121-0300] {logging_mixin.py:154} INFO - [2024-01-05T11:14:41.121-0300] {dag.py:3722} INFO - Setting next_dagrun for example_weekday_branch_operator to 2024-01-04T00:00:00+00:00, run_after=2024-01-05T00:00:00+00:00
[2024-01-05T11:14:41.146-0300] {processor.py:179} INFO - Processing /home/felipe/.local/lib/python3.11/site-packages/airflow/example_dags/example_branch_day_of_week_operator.py took 0.054 seconds
[2024-01-05T11:15:43.503-0300] {processor.py:157} INFO - Started process (PID=17537) to work on /home/felipe/.local/lib/python3.11/site-packages/airflow/example_dags/example_branch_day_of_week_operator.py
[2024-01-05T11:15:43.536-0300] {processor.py:829} INFO - Processing file /home/felipe/.local/lib/python3.11/site-packages/airflow/example_dags/example_branch_day_of_week_operator.py for tasks to queue
[2024-01-05T11:15:43.536-0300] {logging_mixin.py:154} INFO - [2024-01-05T11:15:43.536-0300] {dagbag.py:536} INFO - Filling up the DagBag from /home/felipe/.local/lib/python3.11/site-packages/airflow/example_dags/example_branch_day_of_week_operator.py
[2024-01-05T11:15:43.541-0300] {processor.py:839} INFO - DAG(s) dict_keys(['example_weekday_branch_operator']) retrieved from /home/felipe/.local/lib/python3.11/site-packages/airflow/example_dags/example_branch_day_of_week_operator.py
[2024-01-05T11:15:43.550-0300] {logging_mixin.py:154} INFO - [2024-01-05T11:15:43.550-0300] {dag.py:2941} INFO - Sync 1 DAGs
[2024-01-05T11:15:43.561-0300] {logging_mixin.py:154} INFO - [2024-01-05T11:15:43.561-0300] {dag.py:3722} INFO - Setting next_dagrun for example_weekday_branch_operator to 2024-01-04T00:00:00+00:00, run_after=2024-01-05T00:00:00+00:00
[2024-01-05T11:15:43.578-0300] {processor.py:179} INFO - Processing /home/felipe/.local/lib/python3.11/site-packages/airflow/example_dags/example_branch_day_of_week_operator.py took 0.076 seconds
[2024-01-05T11:16:43.637-0300] {processor.py:157} INFO - Started process (PID=17668) to work on /home/felipe/.local/lib/python3.11/site-packages/airflow/example_dags/example_branch_day_of_week_operator.py
[2024-01-05T11:16:43.669-0300] {processor.py:829} INFO - Processing file /home/felipe/.local/lib/python3.11/site-packages/airflow/example_dags/example_branch_day_of_week_operator.py for tasks to queue
[2024-01-05T11:16:43.669-0300] {logging_mixin.py:154} INFO - [2024-01-05T11:16:43.669-0300] {dagbag.py:536} INFO - Filling up the DagBag from /home/felipe/.local/lib/python3.11/site-packages/airflow/example_dags/example_branch_day_of_week_operator.py
[2024-01-05T11:16:43.674-0300] {processor.py:839} INFO - DAG(s) dict_keys(['example_weekday_branch_operator']) retrieved from /home/felipe/.local/lib/python3.11/site-packages/airflow/example_dags/example_branch_day_of_week_operator.py
[2024-01-05T11:16:43.683-0300] {logging_mixin.py:154} INFO - [2024-01-05T11:16:43.683-0300] {dag.py:2941} INFO - Sync 1 DAGs
[2024-01-05T11:16:43.693-0300] {logging_mixin.py:154} INFO - [2024-01-05T11:16:43.693-0300] {dag.py:3722} INFO - Setting next_dagrun for example_weekday_branch_operator to 2024-01-04T00:00:00+00:00, run_after=2024-01-05T00:00:00+00:00
[2024-01-05T11:16:43.709-0300] {processor.py:179} INFO - Processing /home/felipe/.local/lib/python3.11/site-packages/airflow/example_dags/example_branch_day_of_week_operator.py took 0.075 seconds
[2024-01-05T11:17:52.758-0300] {processor.py:157} INFO - Started process (PID=17784) to work on /home/felipe/.local/lib/python3.11/site-packages/airflow/example_dags/example_branch_day_of_week_operator.py
[2024-01-05T11:17:52.790-0300] {processor.py:829} INFO - Processing file /home/felipe/.local/lib/python3.11/site-packages/airflow/example_dags/example_branch_day_of_week_operator.py for tasks to queue
[2024-01-05T11:17:52.791-0300] {logging_mixin.py:154} INFO - [2024-01-05T11:17:52.790-0300] {dagbag.py:536} INFO - Filling up the DagBag from /home/felipe/.local/lib/python3.11/site-packages/airflow/example_dags/example_branch_day_of_week_operator.py
[2024-01-05T11:17:52.795-0300] {processor.py:839} INFO - DAG(s) dict_keys(['example_weekday_branch_operator']) retrieved from /home/felipe/.local/lib/python3.11/site-packages/airflow/example_dags/example_branch_day_of_week_operator.py
[2024-01-05T11:17:52.805-0300] {logging_mixin.py:154} INFO - [2024-01-05T11:17:52.805-0300] {dag.py:2941} INFO - Sync 1 DAGs
[2024-01-05T11:17:52.815-0300] {logging_mixin.py:154} INFO - [2024-01-05T11:17:52.815-0300] {dag.py:3722} INFO - Setting next_dagrun for example_weekday_branch_operator to 2024-01-04T00:00:00+00:00, run_after=2024-01-05T00:00:00+00:00
[2024-01-05T11:17:52.833-0300] {processor.py:179} INFO - Processing /home/felipe/.local/lib/python3.11/site-packages/airflow/example_dags/example_branch_day_of_week_operator.py took 0.077 seconds
[2024-01-05T11:19:06.086-0300] {processor.py:157} INFO - Started process (PID=17910) to work on /home/felipe/.local/lib/python3.11/site-packages/airflow/example_dags/example_branch_day_of_week_operator.py
[2024-01-05T11:19:06.090-0300] {processor.py:829} INFO - Processing file /home/felipe/.local/lib/python3.11/site-packages/airflow/example_dags/example_branch_day_of_week_operator.py for tasks to queue
[2024-01-05T11:19:06.091-0300] {logging_mixin.py:154} INFO - [2024-01-05T11:19:06.091-0300] {dagbag.py:536} INFO - Filling up the DagBag from /home/felipe/.local/lib/python3.11/site-packages/airflow/example_dags/example_branch_day_of_week_operator.py
[2024-01-05T11:19:06.096-0300] {processor.py:839} INFO - DAG(s) dict_keys(['example_weekday_branch_operator']) retrieved from /home/felipe/.local/lib/python3.11/site-packages/airflow/example_dags/example_branch_day_of_week_operator.py
[2024-01-05T11:19:06.105-0300] {logging_mixin.py:154} INFO - [2024-01-05T11:19:06.105-0300] {dag.py:2941} INFO - Sync 1 DAGs
[2024-01-05T11:19:06.116-0300] {logging_mixin.py:154} INFO - [2024-01-05T11:19:06.116-0300] {dag.py:3722} INFO - Setting next_dagrun for example_weekday_branch_operator to 2024-01-04T00:00:00+00:00, run_after=2024-01-05T00:00:00+00:00
[2024-01-05T11:19:06.130-0300] {processor.py:179} INFO - Processing /home/felipe/.local/lib/python3.11/site-packages/airflow/example_dags/example_branch_day_of_week_operator.py took 0.046 seconds
[2024-01-05T11:20:15.632-0300] {processor.py:157} INFO - Started process (PID=18024) to work on /home/felipe/.local/lib/python3.11/site-packages/airflow/example_dags/example_branch_day_of_week_operator.py
[2024-01-05T11:20:15.652-0300] {processor.py:829} INFO - Processing file /home/felipe/.local/lib/python3.11/site-packages/airflow/example_dags/example_branch_day_of_week_operator.py for tasks to queue
[2024-01-05T11:20:15.652-0300] {logging_mixin.py:154} INFO - [2024-01-05T11:20:15.652-0300] {dagbag.py:536} INFO - Filling up the DagBag from /home/felipe/.local/lib/python3.11/site-packages/airflow/example_dags/example_branch_day_of_week_operator.py
[2024-01-05T11:20:15.657-0300] {processor.py:839} INFO - DAG(s) dict_keys(['example_weekday_branch_operator']) retrieved from /home/felipe/.local/lib/python3.11/site-packages/airflow/example_dags/example_branch_day_of_week_operator.py
[2024-01-05T11:20:15.667-0300] {logging_mixin.py:154} INFO - [2024-01-05T11:20:15.667-0300] {dag.py:2941} INFO - Sync 1 DAGs
[2024-01-05T11:20:15.678-0300] {logging_mixin.py:154} INFO - [2024-01-05T11:20:15.678-0300] {dag.py:3722} INFO - Setting next_dagrun for example_weekday_branch_operator to 2024-01-04T00:00:00+00:00, run_after=2024-01-05T00:00:00+00:00
[2024-01-05T11:20:15.691-0300] {processor.py:179} INFO - Processing /home/felipe/.local/lib/python3.11/site-packages/airflow/example_dags/example_branch_day_of_week_operator.py took 0.062 seconds
[2024-01-05T11:21:20.315-0300] {processor.py:157} INFO - Started process (PID=18141) to work on /home/felipe/.local/lib/python3.11/site-packages/airflow/example_dags/example_branch_day_of_week_operator.py
[2024-01-05T11:21:20.347-0300] {processor.py:829} INFO - Processing file /home/felipe/.local/lib/python3.11/site-packages/airflow/example_dags/example_branch_day_of_week_operator.py for tasks to queue
[2024-01-05T11:21:20.348-0300] {logging_mixin.py:154} INFO - [2024-01-05T11:21:20.348-0300] {dagbag.py:536} INFO - Filling up the DagBag from /home/felipe/.local/lib/python3.11/site-packages/airflow/example_dags/example_branch_day_of_week_operator.py
[2024-01-05T11:21:20.353-0300] {processor.py:839} INFO - DAG(s) dict_keys(['example_weekday_branch_operator']) retrieved from /home/felipe/.local/lib/python3.11/site-packages/airflow/example_dags/example_branch_day_of_week_operator.py
[2024-01-05T11:21:20.363-0300] {logging_mixin.py:154} INFO - [2024-01-05T11:21:20.363-0300] {dag.py:2941} INFO - Sync 1 DAGs
[2024-01-05T11:21:20.374-0300] {logging_mixin.py:154} INFO - [2024-01-05T11:21:20.374-0300] {dag.py:3722} INFO - Setting next_dagrun for example_weekday_branch_operator to 2024-01-04T00:00:00+00:00, run_after=2024-01-05T00:00:00+00:00
[2024-01-05T11:21:20.390-0300] {processor.py:179} INFO - Processing /home/felipe/.local/lib/python3.11/site-packages/airflow/example_dags/example_branch_day_of_week_operator.py took 0.077 seconds
[2024-01-05T11:22:16.988-0300] {processor.py:157} INFO - Started process (PID=18244) to work on /home/felipe/.local/lib/python3.11/site-packages/airflow/example_dags/example_branch_day_of_week_operator.py
[2024-01-05T11:22:16.991-0300] {processor.py:829} INFO - Processing file /home/felipe/.local/lib/python3.11/site-packages/airflow/example_dags/example_branch_day_of_week_operator.py for tasks to queue
[2024-01-05T11:22:16.992-0300] {logging_mixin.py:154} INFO - [2024-01-05T11:22:16.992-0300] {dagbag.py:536} INFO - Filling up the DagBag from /home/felipe/.local/lib/python3.11/site-packages/airflow/example_dags/example_branch_day_of_week_operator.py
[2024-01-05T11:22:16.997-0300] {processor.py:839} INFO - DAG(s) dict_keys(['example_weekday_branch_operator']) retrieved from /home/felipe/.local/lib/python3.11/site-packages/airflow/example_dags/example_branch_day_of_week_operator.py
[2024-01-05T11:22:17.007-0300] {logging_mixin.py:154} INFO - [2024-01-05T11:22:17.007-0300] {dag.py:2941} INFO - Sync 1 DAGs
[2024-01-05T11:22:17.017-0300] {logging_mixin.py:154} INFO - [2024-01-05T11:22:17.017-0300] {dag.py:3722} INFO - Setting next_dagrun for example_weekday_branch_operator to 2024-01-04T00:00:00+00:00, run_after=2024-01-05T00:00:00+00:00
[2024-01-05T11:22:17.031-0300] {processor.py:179} INFO - Processing /home/felipe/.local/lib/python3.11/site-packages/airflow/example_dags/example_branch_day_of_week_operator.py took 0.045 seconds
[2024-01-05T11:23:25.762-0300] {processor.py:157} INFO - Started process (PID=18371) to work on /home/felipe/.local/lib/python3.11/site-packages/airflow/example_dags/example_branch_day_of_week_operator.py
[2024-01-05T11:23:25.794-0300] {processor.py:829} INFO - Processing file /home/felipe/.local/lib/python3.11/site-packages/airflow/example_dags/example_branch_day_of_week_operator.py for tasks to queue
[2024-01-05T11:23:25.795-0300] {logging_mixin.py:154} INFO - [2024-01-05T11:23:25.795-0300] {dagbag.py:536} INFO - Filling up the DagBag from /home/felipe/.local/lib/python3.11/site-packages/airflow/example_dags/example_branch_day_of_week_operator.py
[2024-01-05T11:23:25.799-0300] {processor.py:839} INFO - DAG(s) dict_keys(['example_weekday_branch_operator']) retrieved from /home/felipe/.local/lib/python3.11/site-packages/airflow/example_dags/example_branch_day_of_week_operator.py
[2024-01-05T11:23:25.810-0300] {logging_mixin.py:154} INFO - [2024-01-05T11:23:25.810-0300] {dag.py:2941} INFO - Sync 1 DAGs
[2024-01-05T11:23:25.821-0300] {logging_mixin.py:154} INFO - [2024-01-05T11:23:25.821-0300] {dag.py:3722} INFO - Setting next_dagrun for example_weekday_branch_operator to 2024-01-04T00:00:00+00:00, run_after=2024-01-05T00:00:00+00:00
[2024-01-05T11:23:25.838-0300] {processor.py:179} INFO - Processing /home/felipe/.local/lib/python3.11/site-packages/airflow/example_dags/example_branch_day_of_week_operator.py took 0.078 seconds
[2024-01-05T11:24:31.361-0300] {processor.py:157} INFO - Started process (PID=18482) to work on /home/felipe/.local/lib/python3.11/site-packages/airflow/example_dags/example_branch_day_of_week_operator.py
[2024-01-05T11:24:31.393-0300] {processor.py:829} INFO - Processing file /home/felipe/.local/lib/python3.11/site-packages/airflow/example_dags/example_branch_day_of_week_operator.py for tasks to queue
[2024-01-05T11:24:31.394-0300] {logging_mixin.py:154} INFO - [2024-01-05T11:24:31.394-0300] {dagbag.py:536} INFO - Filling up the DagBag from /home/felipe/.local/lib/python3.11/site-packages/airflow/example_dags/example_branch_day_of_week_operator.py
[2024-01-05T11:24:31.398-0300] {processor.py:839} INFO - DAG(s) dict_keys(['example_weekday_branch_operator']) retrieved from /home/felipe/.local/lib/python3.11/site-packages/airflow/example_dags/example_branch_day_of_week_operator.py
[2024-01-05T11:24:31.408-0300] {logging_mixin.py:154} INFO - [2024-01-05T11:24:31.408-0300] {dag.py:2941} INFO - Sync 1 DAGs
[2024-01-05T11:24:31.419-0300] {logging_mixin.py:154} INFO - [2024-01-05T11:24:31.419-0300] {dag.py:3722} INFO - Setting next_dagrun for example_weekday_branch_operator to 2024-01-04T00:00:00+00:00, run_after=2024-01-05T00:00:00+00:00
[2024-01-05T11:24:31.434-0300] {processor.py:179} INFO - Processing /home/felipe/.local/lib/python3.11/site-packages/airflow/example_dags/example_branch_day_of_week_operator.py took 0.075 seconds
[2024-01-05T11:25:42.905-0300] {processor.py:157} INFO - Started process (PID=18645) to work on /home/felipe/.local/lib/python3.11/site-packages/airflow/example_dags/example_branch_day_of_week_operator.py
[2024-01-05T11:25:42.957-0300] {processor.py:829} INFO - Processing file /home/felipe/.local/lib/python3.11/site-packages/airflow/example_dags/example_branch_day_of_week_operator.py for tasks to queue
[2024-01-05T11:25:42.958-0300] {logging_mixin.py:154} INFO - [2024-01-05T11:25:42.958-0300] {dagbag.py:536} INFO - Filling up the DagBag from /home/felipe/.local/lib/python3.11/site-packages/airflow/example_dags/example_branch_day_of_week_operator.py
[2024-01-05T11:25:42.963-0300] {processor.py:839} INFO - DAG(s) dict_keys(['example_weekday_branch_operator']) retrieved from /home/felipe/.local/lib/python3.11/site-packages/airflow/example_dags/example_branch_day_of_week_operator.py
[2024-01-05T11:25:42.975-0300] {logging_mixin.py:154} INFO - [2024-01-05T11:25:42.974-0300] {dag.py:2941} INFO - Sync 1 DAGs
[2024-01-05T11:25:42.986-0300] {logging_mixin.py:154} INFO - [2024-01-05T11:25:42.985-0300] {dag.py:3722} INFO - Setting next_dagrun for example_weekday_branch_operator to 2024-01-04T00:00:00+00:00, run_after=2024-01-05T00:00:00+00:00
[2024-01-05T11:25:42.995-0300] {processor.py:179} INFO - Processing /home/felipe/.local/lib/python3.11/site-packages/airflow/example_dags/example_branch_day_of_week_operator.py took 0.093 seconds
[2024-01-05T11:26:48.787-0300] {processor.py:157} INFO - Started process (PID=18763) to work on /home/felipe/.local/lib/python3.11/site-packages/airflow/example_dags/example_branch_day_of_week_operator.py
[2024-01-05T11:26:48.819-0300] {processor.py:829} INFO - Processing file /home/felipe/.local/lib/python3.11/site-packages/airflow/example_dags/example_branch_day_of_week_operator.py for tasks to queue
[2024-01-05T11:26:48.820-0300] {logging_mixin.py:154} INFO - [2024-01-05T11:26:48.820-0300] {dagbag.py:536} INFO - Filling up the DagBag from /home/felipe/.local/lib/python3.11/site-packages/airflow/example_dags/example_branch_day_of_week_operator.py
[2024-01-05T11:26:48.824-0300] {processor.py:839} INFO - DAG(s) dict_keys(['example_weekday_branch_operator']) retrieved from /home/felipe/.local/lib/python3.11/site-packages/airflow/example_dags/example_branch_day_of_week_operator.py
[2024-01-05T11:26:48.834-0300] {logging_mixin.py:154} INFO - [2024-01-05T11:26:48.834-0300] {dag.py:2941} INFO - Sync 1 DAGs
[2024-01-05T11:26:48.844-0300] {logging_mixin.py:154} INFO - [2024-01-05T11:26:48.844-0300] {dag.py:3722} INFO - Setting next_dagrun for example_weekday_branch_operator to 2024-01-04T00:00:00+00:00, run_after=2024-01-05T00:00:00+00:00
[2024-01-05T11:26:48.861-0300] {processor.py:179} INFO - Processing /home/felipe/.local/lib/python3.11/site-packages/airflow/example_dags/example_branch_day_of_week_operator.py took 0.076 seconds
[2024-01-05T11:27:44.571-0300] {processor.py:157} INFO - Started process (PID=18847) to work on /home/felipe/.local/lib/python3.11/site-packages/airflow/example_dags/example_branch_day_of_week_operator.py
[2024-01-05T11:27:44.603-0300] {processor.py:829} INFO - Processing file /home/felipe/.local/lib/python3.11/site-packages/airflow/example_dags/example_branch_day_of_week_operator.py for tasks to queue
[2024-01-05T11:27:44.604-0300] {logging_mixin.py:154} INFO - [2024-01-05T11:27:44.604-0300] {dagbag.py:536} INFO - Filling up the DagBag from /home/felipe/.local/lib/python3.11/site-packages/airflow/example_dags/example_branch_day_of_week_operator.py
[2024-01-05T11:27:44.609-0300] {processor.py:839} INFO - DAG(s) dict_keys(['example_weekday_branch_operator']) retrieved from /home/felipe/.local/lib/python3.11/site-packages/airflow/example_dags/example_branch_day_of_week_operator.py
[2024-01-05T11:27:44.618-0300] {logging_mixin.py:154} INFO - [2024-01-05T11:27:44.618-0300] {dag.py:2941} INFO - Sync 1 DAGs
[2024-01-05T11:27:44.629-0300] {logging_mixin.py:154} INFO - [2024-01-05T11:27:44.628-0300] {dag.py:3722} INFO - Setting next_dagrun for example_weekday_branch_operator to 2024-01-04T00:00:00+00:00, run_after=2024-01-05T00:00:00+00:00
[2024-01-05T11:27:44.645-0300] {processor.py:179} INFO - Processing /home/felipe/.local/lib/python3.11/site-packages/airflow/example_dags/example_branch_day_of_week_operator.py took 0.076 seconds
[2024-01-05T11:29:01.542-0300] {processor.py:157} INFO - Started process (PID=18973) to work on /home/felipe/.local/lib/python3.11/site-packages/airflow/example_dags/example_branch_day_of_week_operator.py
[2024-01-05T11:29:01.574-0300] {processor.py:829} INFO - Processing file /home/felipe/.local/lib/python3.11/site-packages/airflow/example_dags/example_branch_day_of_week_operator.py for tasks to queue
[2024-01-05T11:29:01.575-0300] {logging_mixin.py:154} INFO - [2024-01-05T11:29:01.574-0300] {dagbag.py:536} INFO - Filling up the DagBag from /home/felipe/.local/lib/python3.11/site-packages/airflow/example_dags/example_branch_day_of_week_operator.py
[2024-01-05T11:29:01.579-0300] {processor.py:839} INFO - DAG(s) dict_keys(['example_weekday_branch_operator']) retrieved from /home/felipe/.local/lib/python3.11/site-packages/airflow/example_dags/example_branch_day_of_week_operator.py
[2024-01-05T11:29:01.589-0300] {logging_mixin.py:154} INFO - [2024-01-05T11:29:01.589-0300] {dag.py:2941} INFO - Sync 1 DAGs
[2024-01-05T11:29:01.600-0300] {logging_mixin.py:154} INFO - [2024-01-05T11:29:01.600-0300] {dag.py:3722} INFO - Setting next_dagrun for example_weekday_branch_operator to 2024-01-04T00:00:00+00:00, run_after=2024-01-05T00:00:00+00:00
[2024-01-05T11:29:01.616-0300] {processor.py:179} INFO - Processing /home/felipe/.local/lib/python3.11/site-packages/airflow/example_dags/example_branch_day_of_week_operator.py took 0.076 seconds
[2024-01-05T11:30:14.353-0300] {processor.py:157} INFO - Started process (PID=19093) to work on /home/felipe/.local/lib/python3.11/site-packages/airflow/example_dags/example_branch_day_of_week_operator.py
[2024-01-05T11:30:14.386-0300] {processor.py:829} INFO - Processing file /home/felipe/.local/lib/python3.11/site-packages/airflow/example_dags/example_branch_day_of_week_operator.py for tasks to queue
[2024-01-05T11:30:14.386-0300] {logging_mixin.py:154} INFO - [2024-01-05T11:30:14.386-0300] {dagbag.py:536} INFO - Filling up the DagBag from /home/felipe/.local/lib/python3.11/site-packages/airflow/example_dags/example_branch_day_of_week_operator.py
[2024-01-05T11:30:14.391-0300] {processor.py:839} INFO - DAG(s) dict_keys(['example_weekday_branch_operator']) retrieved from /home/felipe/.local/lib/python3.11/site-packages/airflow/example_dags/example_branch_day_of_week_operator.py
[2024-01-05T11:30:14.401-0300] {logging_mixin.py:154} INFO - [2024-01-05T11:30:14.401-0300] {dag.py:2941} INFO - Sync 1 DAGs
[2024-01-05T11:30:14.411-0300] {logging_mixin.py:154} INFO - [2024-01-05T11:30:14.411-0300] {dag.py:3722} INFO - Setting next_dagrun for example_weekday_branch_operator to 2024-01-04T00:00:00+00:00, run_after=2024-01-05T00:00:00+00:00
[2024-01-05T11:30:14.428-0300] {processor.py:179} INFO - Processing /home/felipe/.local/lib/python3.11/site-packages/airflow/example_dags/example_branch_day_of_week_operator.py took 0.077 seconds
[2024-01-05T11:31:13.919-0300] {processor.py:157} INFO - Started process (PID=19225) to work on /home/felipe/.local/lib/python3.11/site-packages/airflow/example_dags/example_branch_day_of_week_operator.py
[2024-01-05T11:31:13.951-0300] {processor.py:829} INFO - Processing file /home/felipe/.local/lib/python3.11/site-packages/airflow/example_dags/example_branch_day_of_week_operator.py for tasks to queue
[2024-01-05T11:31:13.951-0300] {logging_mixin.py:154} INFO - [2024-01-05T11:31:13.951-0300] {dagbag.py:536} INFO - Filling up the DagBag from /home/felipe/.local/lib/python3.11/site-packages/airflow/example_dags/example_branch_day_of_week_operator.py
[2024-01-05T11:31:13.956-0300] {processor.py:839} INFO - DAG(s) dict_keys(['example_weekday_branch_operator']) retrieved from /home/felipe/.local/lib/python3.11/site-packages/airflow/example_dags/example_branch_day_of_week_operator.py
[2024-01-05T11:31:13.966-0300] {logging_mixin.py:154} INFO - [2024-01-05T11:31:13.966-0300] {dag.py:2941} INFO - Sync 1 DAGs
[2024-01-05T11:31:13.976-0300] {logging_mixin.py:154} INFO - [2024-01-05T11:31:13.976-0300] {dag.py:3722} INFO - Setting next_dagrun for example_weekday_branch_operator to 2024-01-04T00:00:00+00:00, run_after=2024-01-05T00:00:00+00:00
[2024-01-05T11:31:13.993-0300] {processor.py:179} INFO - Processing /home/felipe/.local/lib/python3.11/site-packages/airflow/example_dags/example_branch_day_of_week_operator.py took 0.076 seconds
[2024-01-05T11:32:18.959-0300] {processor.py:157} INFO - Started process (PID=19338) to work on /home/felipe/.local/lib/python3.11/site-packages/airflow/example_dags/example_branch_day_of_week_operator.py
[2024-01-05T11:32:18.991-0300] {processor.py:829} INFO - Processing file /home/felipe/.local/lib/python3.11/site-packages/airflow/example_dags/example_branch_day_of_week_operator.py for tasks to queue
[2024-01-05T11:32:18.992-0300] {logging_mixin.py:154} INFO - [2024-01-05T11:32:18.992-0300] {dagbag.py:536} INFO - Filling up the DagBag from /home/felipe/.local/lib/python3.11/site-packages/airflow/example_dags/example_branch_day_of_week_operator.py
[2024-01-05T11:32:18.996-0300] {processor.py:839} INFO - DAG(s) dict_keys(['example_weekday_branch_operator']) retrieved from /home/felipe/.local/lib/python3.11/site-packages/airflow/example_dags/example_branch_day_of_week_operator.py
[2024-01-05T11:32:19.006-0300] {logging_mixin.py:154} INFO - [2024-01-05T11:32:19.006-0300] {dag.py:2941} INFO - Sync 1 DAGs
[2024-01-05T11:32:19.017-0300] {logging_mixin.py:154} INFO - [2024-01-05T11:32:19.017-0300] {dag.py:3722} INFO - Setting next_dagrun for example_weekday_branch_operator to 2024-01-04T00:00:00+00:00, run_after=2024-01-05T00:00:00+00:00
[2024-01-05T11:32:19.034-0300] {processor.py:179} INFO - Processing /home/felipe/.local/lib/python3.11/site-packages/airflow/example_dags/example_branch_day_of_week_operator.py took 0.076 seconds
[2024-01-05T11:33:33.879-0300] {processor.py:157} INFO - Started process (PID=19467) to work on /home/felipe/.local/lib/python3.11/site-packages/airflow/example_dags/example_branch_day_of_week_operator.py
[2024-01-05T11:33:33.911-0300] {processor.py:829} INFO - Processing file /home/felipe/.local/lib/python3.11/site-packages/airflow/example_dags/example_branch_day_of_week_operator.py for tasks to queue
[2024-01-05T11:33:33.912-0300] {logging_mixin.py:154} INFO - [2024-01-05T11:33:33.911-0300] {dagbag.py:536} INFO - Filling up the DagBag from /home/felipe/.local/lib/python3.11/site-packages/airflow/example_dags/example_branch_day_of_week_operator.py
[2024-01-05T11:33:33.916-0300] {processor.py:839} INFO - DAG(s) dict_keys(['example_weekday_branch_operator']) retrieved from /home/felipe/.local/lib/python3.11/site-packages/airflow/example_dags/example_branch_day_of_week_operator.py
[2024-01-05T11:33:33.927-0300] {logging_mixin.py:154} INFO - [2024-01-05T11:33:33.927-0300] {dag.py:2941} INFO - Sync 1 DAGs
[2024-01-05T11:33:33.937-0300] {logging_mixin.py:154} INFO - [2024-01-05T11:33:33.937-0300] {dag.py:3722} INFO - Setting next_dagrun for example_weekday_branch_operator to 2024-01-04T00:00:00+00:00, run_after=2024-01-05T00:00:00+00:00
[2024-01-05T11:33:33.954-0300] {processor.py:179} INFO - Processing /home/felipe/.local/lib/python3.11/site-packages/airflow/example_dags/example_branch_day_of_week_operator.py took 0.077 seconds
[2024-01-05T11:34:50.170-0300] {processor.py:157} INFO - Started process (PID=19617) to work on /home/felipe/.local/lib/python3.11/site-packages/airflow/example_dags/example_branch_day_of_week_operator.py
[2024-01-05T11:34:50.202-0300] {processor.py:829} INFO - Processing file /home/felipe/.local/lib/python3.11/site-packages/airflow/example_dags/example_branch_day_of_week_operator.py for tasks to queue
[2024-01-05T11:34:50.202-0300] {logging_mixin.py:154} INFO - [2024-01-05T11:34:50.202-0300] {dagbag.py:536} INFO - Filling up the DagBag from /home/felipe/.local/lib/python3.11/site-packages/airflow/example_dags/example_branch_day_of_week_operator.py
[2024-01-05T11:34:50.207-0300] {processor.py:839} INFO - DAG(s) dict_keys(['example_weekday_branch_operator']) retrieved from /home/felipe/.local/lib/python3.11/site-packages/airflow/example_dags/example_branch_day_of_week_operator.py
[2024-01-05T11:34:50.216-0300] {logging_mixin.py:154} INFO - [2024-01-05T11:34:50.216-0300] {dag.py:2941} INFO - Sync 1 DAGs
[2024-01-05T11:34:50.226-0300] {logging_mixin.py:154} INFO - [2024-01-05T11:34:50.226-0300] {dag.py:3722} INFO - Setting next_dagrun for example_weekday_branch_operator to 2024-01-04T00:00:00+00:00, run_after=2024-01-05T00:00:00+00:00
[2024-01-05T11:34:50.242-0300] {processor.py:179} INFO - Processing /home/felipe/.local/lib/python3.11/site-packages/airflow/example_dags/example_branch_day_of_week_operator.py took 0.075 seconds
[2024-01-05T11:36:01.100-0300] {processor.py:157} INFO - Started process (PID=19761) to work on /home/felipe/.local/lib/python3.11/site-packages/airflow/example_dags/example_branch_day_of_week_operator.py
[2024-01-05T11:36:01.101-0300] {processor.py:829} INFO - Processing file /home/felipe/.local/lib/python3.11/site-packages/airflow/example_dags/example_branch_day_of_week_operator.py for tasks to queue
[2024-01-05T11:36:01.101-0300] {logging_mixin.py:154} INFO - [2024-01-05T11:36:01.101-0300] {dagbag.py:536} INFO - Filling up the DagBag from /home/felipe/.local/lib/python3.11/site-packages/airflow/example_dags/example_branch_day_of_week_operator.py
[2024-01-05T11:36:01.106-0300] {processor.py:839} INFO - DAG(s) dict_keys(['example_weekday_branch_operator']) retrieved from /home/felipe/.local/lib/python3.11/site-packages/airflow/example_dags/example_branch_day_of_week_operator.py
[2024-01-05T11:36:01.116-0300] {logging_mixin.py:154} INFO - [2024-01-05T11:36:01.116-0300] {dag.py:2941} INFO - Sync 1 DAGs
[2024-01-05T11:36:01.126-0300] {logging_mixin.py:154} INFO - [2024-01-05T11:36:01.126-0300] {dag.py:3722} INFO - Setting next_dagrun for example_weekday_branch_operator to 2024-01-04T00:00:00+00:00, run_after=2024-01-05T00:00:00+00:00
[2024-01-05T11:36:01.145-0300] {processor.py:179} INFO - Processing /home/felipe/.local/lib/python3.11/site-packages/airflow/example_dags/example_branch_day_of_week_operator.py took 0.047 seconds
[2024-01-05T11:37:19.031-0300] {processor.py:157} INFO - Started process (PID=19902) to work on /home/felipe/.local/lib/python3.11/site-packages/airflow/example_dags/example_branch_day_of_week_operator.py
[2024-01-05T11:37:19.063-0300] {processor.py:829} INFO - Processing file /home/felipe/.local/lib/python3.11/site-packages/airflow/example_dags/example_branch_day_of_week_operator.py for tasks to queue
[2024-01-05T11:37:19.064-0300] {logging_mixin.py:154} INFO - [2024-01-05T11:37:19.064-0300] {dagbag.py:536} INFO - Filling up the DagBag from /home/felipe/.local/lib/python3.11/site-packages/airflow/example_dags/example_branch_day_of_week_operator.py
[2024-01-05T11:37:19.069-0300] {processor.py:839} INFO - DAG(s) dict_keys(['example_weekday_branch_operator']) retrieved from /home/felipe/.local/lib/python3.11/site-packages/airflow/example_dags/example_branch_day_of_week_operator.py
[2024-01-05T11:37:19.078-0300] {logging_mixin.py:154} INFO - [2024-01-05T11:37:19.078-0300] {dag.py:2941} INFO - Sync 1 DAGs
[2024-01-05T11:37:19.089-0300] {logging_mixin.py:154} INFO - [2024-01-05T11:37:19.089-0300] {dag.py:3722} INFO - Setting next_dagrun for example_weekday_branch_operator to 2024-01-04T00:00:00+00:00, run_after=2024-01-05T00:00:00+00:00
[2024-01-05T11:37:19.105-0300] {processor.py:179} INFO - Processing /home/felipe/.local/lib/python3.11/site-packages/airflow/example_dags/example_branch_day_of_week_operator.py took 0.076 seconds
[2024-01-05T11:38:25.497-0300] {processor.py:157} INFO - Started process (PID=20033) to work on /home/felipe/.local/lib/python3.11/site-packages/airflow/example_dags/example_branch_day_of_week_operator.py
[2024-01-05T11:38:25.529-0300] {processor.py:829} INFO - Processing file /home/felipe/.local/lib/python3.11/site-packages/airflow/example_dags/example_branch_day_of_week_operator.py for tasks to queue
[2024-01-05T11:38:25.530-0300] {logging_mixin.py:154} INFO - [2024-01-05T11:38:25.530-0300] {dagbag.py:536} INFO - Filling up the DagBag from /home/felipe/.local/lib/python3.11/site-packages/airflow/example_dags/example_branch_day_of_week_operator.py
[2024-01-05T11:38:25.535-0300] {processor.py:839} INFO - DAG(s) dict_keys(['example_weekday_branch_operator']) retrieved from /home/felipe/.local/lib/python3.11/site-packages/airflow/example_dags/example_branch_day_of_week_operator.py
[2024-01-05T11:38:25.545-0300] {logging_mixin.py:154} INFO - [2024-01-05T11:38:25.545-0300] {dag.py:2941} INFO - Sync 1 DAGs
[2024-01-05T11:38:25.555-0300] {logging_mixin.py:154} INFO - [2024-01-05T11:38:25.555-0300] {dag.py:3722} INFO - Setting next_dagrun for example_weekday_branch_operator to 2024-01-04T00:00:00+00:00, run_after=2024-01-05T00:00:00+00:00
[2024-01-05T11:38:25.573-0300] {processor.py:179} INFO - Processing /home/felipe/.local/lib/python3.11/site-packages/airflow/example_dags/example_branch_day_of_week_operator.py took 0.077 seconds
[2024-01-05T11:39:24.775-0300] {processor.py:157} INFO - Started process (PID=20138) to work on /home/felipe/.local/lib/python3.11/site-packages/airflow/example_dags/example_branch_day_of_week_operator.py
[2024-01-05T11:39:24.807-0300] {processor.py:829} INFO - Processing file /home/felipe/.local/lib/python3.11/site-packages/airflow/example_dags/example_branch_day_of_week_operator.py for tasks to queue
[2024-01-05T11:39:24.808-0300] {logging_mixin.py:154} INFO - [2024-01-05T11:39:24.808-0300] {dagbag.py:536} INFO - Filling up the DagBag from /home/felipe/.local/lib/python3.11/site-packages/airflow/example_dags/example_branch_day_of_week_operator.py
[2024-01-05T11:39:24.812-0300] {processor.py:839} INFO - DAG(s) dict_keys(['example_weekday_branch_operator']) retrieved from /home/felipe/.local/lib/python3.11/site-packages/airflow/example_dags/example_branch_day_of_week_operator.py
[2024-01-05T11:39:24.823-0300] {logging_mixin.py:154} INFO - [2024-01-05T11:39:24.823-0300] {dag.py:2941} INFO - Sync 1 DAGs
[2024-01-05T11:39:24.833-0300] {logging_mixin.py:154} INFO - [2024-01-05T11:39:24.833-0300] {dag.py:3722} INFO - Setting next_dagrun for example_weekday_branch_operator to 2024-01-04T00:00:00+00:00, run_after=2024-01-05T00:00:00+00:00
[2024-01-05T11:39:24.850-0300] {processor.py:179} INFO - Processing /home/felipe/.local/lib/python3.11/site-packages/airflow/example_dags/example_branch_day_of_week_operator.py took 0.077 seconds
[2024-01-05T11:40:27.040-0300] {processor.py:157} INFO - Started process (PID=20256) to work on /home/felipe/.local/lib/python3.11/site-packages/airflow/example_dags/example_branch_day_of_week_operator.py
[2024-01-05T11:40:27.041-0300] {processor.py:829} INFO - Processing file /home/felipe/.local/lib/python3.11/site-packages/airflow/example_dags/example_branch_day_of_week_operator.py for tasks to queue
[2024-01-05T11:40:27.041-0300] {logging_mixin.py:154} INFO - [2024-01-05T11:40:27.041-0300] {dagbag.py:536} INFO - Filling up the DagBag from /home/felipe/.local/lib/python3.11/site-packages/airflow/example_dags/example_branch_day_of_week_operator.py
[2024-01-05T11:40:27.046-0300] {processor.py:839} INFO - DAG(s) dict_keys(['example_weekday_branch_operator']) retrieved from /home/felipe/.local/lib/python3.11/site-packages/airflow/example_dags/example_branch_day_of_week_operator.py
[2024-01-05T11:40:27.057-0300] {logging_mixin.py:154} INFO - [2024-01-05T11:40:27.057-0300] {dag.py:2941} INFO - Sync 1 DAGs
[2024-01-05T11:40:27.068-0300] {logging_mixin.py:154} INFO - [2024-01-05T11:40:27.068-0300] {dag.py:3722} INFO - Setting next_dagrun for example_weekday_branch_operator to 2024-01-04T00:00:00+00:00, run_after=2024-01-05T00:00:00+00:00
[2024-01-05T11:40:27.077-0300] {processor.py:179} INFO - Processing /home/felipe/.local/lib/python3.11/site-packages/airflow/example_dags/example_branch_day_of_week_operator.py took 0.039 seconds
[2024-01-05T11:41:42.199-0300] {processor.py:157} INFO - Started process (PID=20371) to work on /home/felipe/.local/lib/python3.11/site-packages/airflow/example_dags/example_branch_day_of_week_operator.py
[2024-01-05T11:41:42.231-0300] {processor.py:829} INFO - Processing file /home/felipe/.local/lib/python3.11/site-packages/airflow/example_dags/example_branch_day_of_week_operator.py for tasks to queue
[2024-01-05T11:41:42.232-0300] {logging_mixin.py:154} INFO - [2024-01-05T11:41:42.231-0300] {dagbag.py:536} INFO - Filling up the DagBag from /home/felipe/.local/lib/python3.11/site-packages/airflow/example_dags/example_branch_day_of_week_operator.py
[2024-01-05T11:41:42.236-0300] {processor.py:839} INFO - DAG(s) dict_keys(['example_weekday_branch_operator']) retrieved from /home/felipe/.local/lib/python3.11/site-packages/airflow/example_dags/example_branch_day_of_week_operator.py
[2024-01-05T11:41:42.246-0300] {logging_mixin.py:154} INFO - [2024-01-05T11:41:42.246-0300] {dag.py:2941} INFO - Sync 1 DAGs
[2024-01-05T11:41:42.257-0300] {logging_mixin.py:154} INFO - [2024-01-05T11:41:42.257-0300] {dag.py:3722} INFO - Setting next_dagrun for example_weekday_branch_operator to 2024-01-04T00:00:00+00:00, run_after=2024-01-05T00:00:00+00:00
[2024-01-05T11:41:42.274-0300] {processor.py:179} INFO - Processing /home/felipe/.local/lib/python3.11/site-packages/airflow/example_dags/example_branch_day_of_week_operator.py took 0.077 seconds
[2024-01-05T11:42:47.333-0300] {processor.py:157} INFO - Started process (PID=20489) to work on /home/felipe/.local/lib/python3.11/site-packages/airflow/example_dags/example_branch_day_of_week_operator.py
[2024-01-05T11:42:47.365-0300] {processor.py:829} INFO - Processing file /home/felipe/.local/lib/python3.11/site-packages/airflow/example_dags/example_branch_day_of_week_operator.py for tasks to queue
[2024-01-05T11:42:47.366-0300] {logging_mixin.py:154} INFO - [2024-01-05T11:42:47.365-0300] {dagbag.py:536} INFO - Filling up the DagBag from /home/felipe/.local/lib/python3.11/site-packages/airflow/example_dags/example_branch_day_of_week_operator.py
[2024-01-05T11:42:47.370-0300] {processor.py:839} INFO - DAG(s) dict_keys(['example_weekday_branch_operator']) retrieved from /home/felipe/.local/lib/python3.11/site-packages/airflow/example_dags/example_branch_day_of_week_operator.py
[2024-01-05T11:42:47.380-0300] {logging_mixin.py:154} INFO - [2024-01-05T11:42:47.380-0300] {dag.py:2941} INFO - Sync 1 DAGs
[2024-01-05T11:42:47.391-0300] {logging_mixin.py:154} INFO - [2024-01-05T11:42:47.391-0300] {dag.py:3722} INFO - Setting next_dagrun for example_weekday_branch_operator to 2024-01-04T00:00:00+00:00, run_after=2024-01-05T00:00:00+00:00
[2024-01-05T11:42:47.407-0300] {processor.py:179} INFO - Processing /home/felipe/.local/lib/python3.11/site-packages/airflow/example_dags/example_branch_day_of_week_operator.py took 0.077 seconds
[2024-01-05T11:43:46.540-0300] {processor.py:157} INFO - Started process (PID=20600) to work on /home/felipe/.local/lib/python3.11/site-packages/airflow/example_dags/example_branch_day_of_week_operator.py
[2024-01-05T11:43:46.572-0300] {processor.py:829} INFO - Processing file /home/felipe/.local/lib/python3.11/site-packages/airflow/example_dags/example_branch_day_of_week_operator.py for tasks to queue
[2024-01-05T11:43:46.572-0300] {logging_mixin.py:154} INFO - [2024-01-05T11:43:46.572-0300] {dagbag.py:536} INFO - Filling up the DagBag from /home/felipe/.local/lib/python3.11/site-packages/airflow/example_dags/example_branch_day_of_week_operator.py
[2024-01-05T11:43:46.577-0300] {processor.py:839} INFO - DAG(s) dict_keys(['example_weekday_branch_operator']) retrieved from /home/felipe/.local/lib/python3.11/site-packages/airflow/example_dags/example_branch_day_of_week_operator.py
[2024-01-05T11:43:46.587-0300] {logging_mixin.py:154} INFO - [2024-01-05T11:43:46.587-0300] {dag.py:2941} INFO - Sync 1 DAGs
[2024-01-05T11:43:46.598-0300] {logging_mixin.py:154} INFO - [2024-01-05T11:43:46.598-0300] {dag.py:3722} INFO - Setting next_dagrun for example_weekday_branch_operator to 2024-01-04T00:00:00+00:00, run_after=2024-01-05T00:00:00+00:00
[2024-01-05T11:43:46.615-0300] {processor.py:179} INFO - Processing /home/felipe/.local/lib/python3.11/site-packages/airflow/example_dags/example_branch_day_of_week_operator.py took 0.077 seconds
[2024-01-05T11:44:56.987-0300] {processor.py:157} INFO - Started process (PID=20718) to work on /home/felipe/.local/lib/python3.11/site-packages/airflow/example_dags/example_branch_day_of_week_operator.py
[2024-01-05T11:44:57.019-0300] {processor.py:829} INFO - Processing file /home/felipe/.local/lib/python3.11/site-packages/airflow/example_dags/example_branch_day_of_week_operator.py for tasks to queue
[2024-01-05T11:44:57.020-0300] {logging_mixin.py:154} INFO - [2024-01-05T11:44:57.020-0300] {dagbag.py:536} INFO - Filling up the DagBag from /home/felipe/.local/lib/python3.11/site-packages/airflow/example_dags/example_branch_day_of_week_operator.py
[2024-01-05T11:44:57.025-0300] {processor.py:839} INFO - DAG(s) dict_keys(['example_weekday_branch_operator']) retrieved from /home/felipe/.local/lib/python3.11/site-packages/airflow/example_dags/example_branch_day_of_week_operator.py
[2024-01-05T11:44:57.035-0300] {logging_mixin.py:154} INFO - [2024-01-05T11:44:57.035-0300] {dag.py:2941} INFO - Sync 1 DAGs
[2024-01-05T11:44:57.045-0300] {logging_mixin.py:154} INFO - [2024-01-05T11:44:57.045-0300] {dag.py:3722} INFO - Setting next_dagrun for example_weekday_branch_operator to 2024-01-04T00:00:00+00:00, run_after=2024-01-05T00:00:00+00:00
[2024-01-05T11:44:57.062-0300] {processor.py:179} INFO - Processing /home/felipe/.local/lib/python3.11/site-packages/airflow/example_dags/example_branch_day_of_week_operator.py took 0.077 seconds
[2024-01-05T11:46:03.635-0300] {processor.py:157} INFO - Started process (PID=20832) to work on /home/felipe/.local/lib/python3.11/site-packages/airflow/example_dags/example_branch_day_of_week_operator.py
[2024-01-05T11:46:03.667-0300] {processor.py:829} INFO - Processing file /home/felipe/.local/lib/python3.11/site-packages/airflow/example_dags/example_branch_day_of_week_operator.py for tasks to queue
[2024-01-05T11:46:03.667-0300] {logging_mixin.py:154} INFO - [2024-01-05T11:46:03.667-0300] {dagbag.py:536} INFO - Filling up the DagBag from /home/felipe/.local/lib/python3.11/site-packages/airflow/example_dags/example_branch_day_of_week_operator.py
[2024-01-05T11:46:03.672-0300] {processor.py:839} INFO - DAG(s) dict_keys(['example_weekday_branch_operator']) retrieved from /home/felipe/.local/lib/python3.11/site-packages/airflow/example_dags/example_branch_day_of_week_operator.py
[2024-01-05T11:46:03.682-0300] {logging_mixin.py:154} INFO - [2024-01-05T11:46:03.682-0300] {dag.py:2941} INFO - Sync 1 DAGs
[2024-01-05T11:46:03.693-0300] {logging_mixin.py:154} INFO - [2024-01-05T11:46:03.692-0300] {dag.py:3722} INFO - Setting next_dagrun for example_weekday_branch_operator to 2024-01-04T00:00:00+00:00, run_after=2024-01-05T00:00:00+00:00
[2024-01-05T11:46:03.710-0300] {processor.py:179} INFO - Processing /home/felipe/.local/lib/python3.11/site-packages/airflow/example_dags/example_branch_day_of_week_operator.py took 0.077 seconds
[2024-01-05T11:47:20.113-0300] {processor.py:157} INFO - Started process (PID=20952) to work on /home/felipe/.local/lib/python3.11/site-packages/airflow/example_dags/example_branch_day_of_week_operator.py
[2024-01-05T11:47:20.151-0300] {processor.py:829} INFO - Processing file /home/felipe/.local/lib/python3.11/site-packages/airflow/example_dags/example_branch_day_of_week_operator.py for tasks to queue
[2024-01-05T11:47:20.152-0300] {logging_mixin.py:154} INFO - [2024-01-05T11:47:20.152-0300] {dagbag.py:536} INFO - Filling up the DagBag from /home/felipe/.local/lib/python3.11/site-packages/airflow/example_dags/example_branch_day_of_week_operator.py
[2024-01-05T11:47:20.156-0300] {processor.py:839} INFO - DAG(s) dict_keys(['example_weekday_branch_operator']) retrieved from /home/felipe/.local/lib/python3.11/site-packages/airflow/example_dags/example_branch_day_of_week_operator.py
[2024-01-05T11:47:20.166-0300] {logging_mixin.py:154} INFO - [2024-01-05T11:47:20.166-0300] {dag.py:2941} INFO - Sync 1 DAGs
[2024-01-05T11:47:20.176-0300] {logging_mixin.py:154} INFO - [2024-01-05T11:47:20.176-0300] {dag.py:3722} INFO - Setting next_dagrun for example_weekday_branch_operator to 2024-01-04T00:00:00+00:00, run_after=2024-01-05T00:00:00+00:00
[2024-01-05T11:47:20.193-0300] {processor.py:179} INFO - Processing /home/felipe/.local/lib/python3.11/site-packages/airflow/example_dags/example_branch_day_of_week_operator.py took 0.083 seconds
[2024-01-05T11:48:44.891-0300] {processor.py:157} INFO - Started process (PID=21083) to work on /home/felipe/.local/lib/python3.11/site-packages/airflow/example_dags/example_branch_day_of_week_operator.py
[2024-01-05T11:48:44.923-0300] {processor.py:829} INFO - Processing file /home/felipe/.local/lib/python3.11/site-packages/airflow/example_dags/example_branch_day_of_week_operator.py for tasks to queue
[2024-01-05T11:48:44.923-0300] {logging_mixin.py:154} INFO - [2024-01-05T11:48:44.923-0300] {dagbag.py:536} INFO - Filling up the DagBag from /home/felipe/.local/lib/python3.11/site-packages/airflow/example_dags/example_branch_day_of_week_operator.py
[2024-01-05T11:48:44.928-0300] {processor.py:839} INFO - DAG(s) dict_keys(['example_weekday_branch_operator']) retrieved from /home/felipe/.local/lib/python3.11/site-packages/airflow/example_dags/example_branch_day_of_week_operator.py
[2024-01-05T11:48:44.939-0300] {logging_mixin.py:154} INFO - [2024-01-05T11:48:44.939-0300] {dag.py:2941} INFO - Sync 1 DAGs
[2024-01-05T11:48:44.950-0300] {logging_mixin.py:154} INFO - [2024-01-05T11:48:44.949-0300] {dag.py:3722} INFO - Setting next_dagrun for example_weekday_branch_operator to 2024-01-04T00:00:00+00:00, run_after=2024-01-05T00:00:00+00:00
[2024-01-05T11:48:44.970-0300] {processor.py:179} INFO - Processing /home/felipe/.local/lib/python3.11/site-packages/airflow/example_dags/example_branch_day_of_week_operator.py took 0.081 seconds
[2024-01-05T11:49:56.909-0300] {processor.py:157} INFO - Started process (PID=21220) to work on /home/felipe/.local/lib/python3.11/site-packages/airflow/example_dags/example_branch_day_of_week_operator.py
[2024-01-05T11:49:56.941-0300] {processor.py:829} INFO - Processing file /home/felipe/.local/lib/python3.11/site-packages/airflow/example_dags/example_branch_day_of_week_operator.py for tasks to queue
[2024-01-05T11:49:56.941-0300] {logging_mixin.py:154} INFO - [2024-01-05T11:49:56.941-0300] {dagbag.py:536} INFO - Filling up the DagBag from /home/felipe/.local/lib/python3.11/site-packages/airflow/example_dags/example_branch_day_of_week_operator.py
[2024-01-05T11:49:56.946-0300] {processor.py:839} INFO - DAG(s) dict_keys(['example_weekday_branch_operator']) retrieved from /home/felipe/.local/lib/python3.11/site-packages/airflow/example_dags/example_branch_day_of_week_operator.py
[2024-01-05T11:49:56.956-0300] {logging_mixin.py:154} INFO - [2024-01-05T11:49:56.956-0300] {dag.py:2941} INFO - Sync 1 DAGs
[2024-01-05T11:49:56.966-0300] {logging_mixin.py:154} INFO - [2024-01-05T11:49:56.966-0300] {dag.py:3722} INFO - Setting next_dagrun for example_weekday_branch_operator to 2024-01-04T00:00:00+00:00, run_after=2024-01-05T00:00:00+00:00
[2024-01-05T11:49:56.982-0300] {processor.py:179} INFO - Processing /home/felipe/.local/lib/python3.11/site-packages/airflow/example_dags/example_branch_day_of_week_operator.py took 0.076 seconds
[2024-01-05T11:51:04.379-0300] {processor.py:157} INFO - Started process (PID=21321) to work on /home/felipe/.local/lib/python3.11/site-packages/airflow/example_dags/example_branch_day_of_week_operator.py
[2024-01-05T11:51:04.411-0300] {processor.py:829} INFO - Processing file /home/felipe/.local/lib/python3.11/site-packages/airflow/example_dags/example_branch_day_of_week_operator.py for tasks to queue
[2024-01-05T11:51:04.412-0300] {logging_mixin.py:154} INFO - [2024-01-05T11:51:04.411-0300] {dagbag.py:536} INFO - Filling up the DagBag from /home/felipe/.local/lib/python3.11/site-packages/airflow/example_dags/example_branch_day_of_week_operator.py
[2024-01-05T11:51:04.416-0300] {processor.py:839} INFO - DAG(s) dict_keys(['example_weekday_branch_operator']) retrieved from /home/felipe/.local/lib/python3.11/site-packages/airflow/example_dags/example_branch_day_of_week_operator.py
[2024-01-05T11:51:04.425-0300] {logging_mixin.py:154} INFO - [2024-01-05T11:51:04.425-0300] {dag.py:2941} INFO - Sync 1 DAGs
[2024-01-05T11:51:04.435-0300] {logging_mixin.py:154} INFO - [2024-01-05T11:51:04.435-0300] {dag.py:3722} INFO - Setting next_dagrun for example_weekday_branch_operator to 2024-01-04T00:00:00+00:00, run_after=2024-01-05T00:00:00+00:00
[2024-01-05T11:51:04.452-0300] {processor.py:179} INFO - Processing /home/felipe/.local/lib/python3.11/site-packages/airflow/example_dags/example_branch_day_of_week_operator.py took 0.074 seconds
[2024-01-05T11:52:10.723-0300] {processor.py:157} INFO - Started process (PID=21524) to work on /home/felipe/.local/lib/python3.11/site-packages/airflow/example_dags/example_branch_day_of_week_operator.py
[2024-01-05T11:52:10.755-0300] {processor.py:829} INFO - Processing file /home/felipe/.local/lib/python3.11/site-packages/airflow/example_dags/example_branch_day_of_week_operator.py for tasks to queue
[2024-01-05T11:52:10.756-0300] {logging_mixin.py:154} INFO - [2024-01-05T11:52:10.755-0300] {dagbag.py:536} INFO - Filling up the DagBag from /home/felipe/.local/lib/python3.11/site-packages/airflow/example_dags/example_branch_day_of_week_operator.py
[2024-01-05T11:52:10.760-0300] {processor.py:839} INFO - DAG(s) dict_keys(['example_weekday_branch_operator']) retrieved from /home/felipe/.local/lib/python3.11/site-packages/airflow/example_dags/example_branch_day_of_week_operator.py
[2024-01-05T11:52:10.769-0300] {logging_mixin.py:154} INFO - [2024-01-05T11:52:10.769-0300] {dag.py:2941} INFO - Sync 1 DAGs
[2024-01-05T11:52:10.779-0300] {logging_mixin.py:154} INFO - [2024-01-05T11:52:10.779-0300] {dag.py:3722} INFO - Setting next_dagrun for example_weekday_branch_operator to 2024-01-04T00:00:00+00:00, run_after=2024-01-05T00:00:00+00:00
[2024-01-05T11:52:10.796-0300] {processor.py:179} INFO - Processing /home/felipe/.local/lib/python3.11/site-packages/airflow/example_dags/example_branch_day_of_week_operator.py took 0.075 seconds
