[2024-01-05T10:29:59.705-0300] {processor.py:157} INFO - Started process (PID=11227) to work on /home/felipe/.local/lib/python3.11/site-packages/airflow/example_dags/example_xcom.py
[2024-01-05T10:29:59.705-0300] {processor.py:829} INFO - Processing file /home/felipe/.local/lib/python3.11/site-packages/airflow/example_dags/example_xcom.py for tasks to queue
[2024-01-05T10:29:59.706-0300] {logging_mixin.py:154} INFO - [2024-01-05T10:29:59.705-0300] {dagbag.py:536} INFO - Filling up the DagBag from /home/felipe/.local/lib/python3.11/site-packages/airflow/example_dags/example_xcom.py
[2024-01-05T10:29:59.710-0300] {processor.py:839} INFO - DAG(s) dict_keys(['example_xcom']) retrieved from /home/felipe/.local/lib/python3.11/site-packages/airflow/example_dags/example_xcom.py
[2024-01-05T10:29:59.721-0300] {logging_mixin.py:154} INFO - [2024-01-05T10:29:59.721-0300] {dag.py:2941} INFO - Sync 1 DAGs
[2024-01-05T10:29:59.731-0300] {logging_mixin.py:154} INFO - [2024-01-05T10:29:59.731-0300] {dag.py:3722} INFO - Setting next_dagrun for example_xcom to 2021-01-01T00:00:00+00:00, run_after=2021-01-01T00:00:00+00:00
[2024-01-05T10:29:59.741-0300] {processor.py:179} INFO - Processing /home/felipe/.local/lib/python3.11/site-packages/airflow/example_dags/example_xcom.py took 0.039 seconds
[2024-01-05T10:31:17.858-0300] {processor.py:157} INFO - Started process (PID=11388) to work on /home/felipe/.local/lib/python3.11/site-packages/airflow/example_dags/example_xcom.py
[2024-01-05T10:31:17.912-0300] {processor.py:829} INFO - Processing file /home/felipe/.local/lib/python3.11/site-packages/airflow/example_dags/example_xcom.py for tasks to queue
[2024-01-05T10:31:17.912-0300] {logging_mixin.py:154} INFO - [2024-01-05T10:31:17.912-0300] {dagbag.py:536} INFO - Filling up the DagBag from /home/felipe/.local/lib/python3.11/site-packages/airflow/example_dags/example_xcom.py
[2024-01-05T10:31:17.917-0300] {processor.py:839} INFO - DAG(s) dict_keys(['example_xcom']) retrieved from /home/felipe/.local/lib/python3.11/site-packages/airflow/example_dags/example_xcom.py
[2024-01-05T10:31:17.927-0300] {logging_mixin.py:154} INFO - [2024-01-05T10:31:17.926-0300] {dag.py:2941} INFO - Sync 1 DAGs
[2024-01-05T10:31:17.936-0300] {logging_mixin.py:154} INFO - [2024-01-05T10:31:17.936-0300] {dag.py:3722} INFO - Setting next_dagrun for example_xcom to 2021-01-01T00:00:00+00:00, run_after=2021-01-01T00:00:00+00:00
[2024-01-05T10:31:17.946-0300] {processor.py:179} INFO - Processing /home/felipe/.local/lib/python3.11/site-packages/airflow/example_dags/example_xcom.py took 0.089 seconds
[2024-01-05T10:32:33.874-0300] {processor.py:157} INFO - Started process (PID=11499) to work on /home/felipe/.local/lib/python3.11/site-packages/airflow/example_dags/example_xcom.py
[2024-01-05T10:32:33.875-0300] {processor.py:829} INFO - Processing file /home/felipe/.local/lib/python3.11/site-packages/airflow/example_dags/example_xcom.py for tasks to queue
[2024-01-05T10:32:33.875-0300] {logging_mixin.py:154} INFO - [2024-01-05T10:32:33.875-0300] {dagbag.py:536} INFO - Filling up the DagBag from /home/felipe/.local/lib/python3.11/site-packages/airflow/example_dags/example_xcom.py
[2024-01-05T10:32:33.880-0300] {processor.py:839} INFO - DAG(s) dict_keys(['example_xcom']) retrieved from /home/felipe/.local/lib/python3.11/site-packages/airflow/example_dags/example_xcom.py
[2024-01-05T10:32:33.889-0300] {logging_mixin.py:154} INFO - [2024-01-05T10:32:33.889-0300] {dag.py:2941} INFO - Sync 1 DAGs
[2024-01-05T10:32:33.898-0300] {logging_mixin.py:154} INFO - [2024-01-05T10:32:33.898-0300] {dag.py:3722} INFO - Setting next_dagrun for example_xcom to 2021-01-01T00:00:00+00:00, run_after=2021-01-01T00:00:00+00:00
[2024-01-05T10:32:33.908-0300] {processor.py:179} INFO - Processing /home/felipe/.local/lib/python3.11/site-packages/airflow/example_dags/example_xcom.py took 0.036 seconds
[2024-01-05T10:34:22.901-0300] {processor.py:157} INFO - Started process (PID=11639) to work on /home/felipe/.local/lib/python3.11/site-packages/airflow/example_dags/example_xcom.py
[2024-01-05T10:34:22.902-0300] {processor.py:829} INFO - Processing file /home/felipe/.local/lib/python3.11/site-packages/airflow/example_dags/example_xcom.py for tasks to queue
[2024-01-05T10:34:22.902-0300] {logging_mixin.py:154} INFO - [2024-01-05T10:34:22.902-0300] {dagbag.py:536} INFO - Filling up the DagBag from /home/felipe/.local/lib/python3.11/site-packages/airflow/example_dags/example_xcom.py
[2024-01-05T10:34:22.907-0300] {processor.py:839} INFO - DAG(s) dict_keys(['example_xcom']) retrieved from /home/felipe/.local/lib/python3.11/site-packages/airflow/example_dags/example_xcom.py
[2024-01-05T10:34:22.915-0300] {logging_mixin.py:154} INFO - [2024-01-05T10:34:22.915-0300] {dag.py:2941} INFO - Sync 1 DAGs
[2024-01-05T10:34:22.925-0300] {logging_mixin.py:154} INFO - [2024-01-05T10:34:22.924-0300] {dag.py:3722} INFO - Setting next_dagrun for example_xcom to 2021-01-01T00:00:00+00:00, run_after=2021-01-01T00:00:00+00:00
[2024-01-05T10:34:22.934-0300] {processor.py:179} INFO - Processing /home/felipe/.local/lib/python3.11/site-packages/airflow/example_dags/example_xcom.py took 0.034 seconds
[2024-01-05T10:35:39.125-0300] {processor.py:157} INFO - Started process (PID=11729) to work on /home/felipe/.local/lib/python3.11/site-packages/airflow/example_dags/example_xcom.py
[2024-01-05T10:35:39.157-0300] {processor.py:829} INFO - Processing file /home/felipe/.local/lib/python3.11/site-packages/airflow/example_dags/example_xcom.py for tasks to queue
[2024-01-05T10:35:39.157-0300] {logging_mixin.py:154} INFO - [2024-01-05T10:35:39.157-0300] {dagbag.py:536} INFO - Filling up the DagBag from /home/felipe/.local/lib/python3.11/site-packages/airflow/example_dags/example_xcom.py
[2024-01-05T10:35:39.162-0300] {processor.py:839} INFO - DAG(s) dict_keys(['example_xcom']) retrieved from /home/felipe/.local/lib/python3.11/site-packages/airflow/example_dags/example_xcom.py
[2024-01-05T10:35:39.171-0300] {logging_mixin.py:154} INFO - [2024-01-05T10:35:39.171-0300] {dag.py:2941} INFO - Sync 1 DAGs
[2024-01-05T10:35:39.181-0300] {logging_mixin.py:154} INFO - [2024-01-05T10:35:39.181-0300] {dag.py:3722} INFO - Setting next_dagrun for example_xcom to 2021-01-01T00:00:00+00:00, run_after=2021-01-01T00:00:00+00:00
[2024-01-05T10:35:39.198-0300] {processor.py:179} INFO - Processing /home/felipe/.local/lib/python3.11/site-packages/airflow/example_dags/example_xcom.py took 0.076 seconds
[2024-01-05T10:36:56.491-0300] {processor.py:157} INFO - Started process (PID=11945) to work on /home/felipe/.local/lib/python3.11/site-packages/airflow/example_dags/example_xcom.py
[2024-01-05T10:36:56.492-0300] {processor.py:829} INFO - Processing file /home/felipe/.local/lib/python3.11/site-packages/airflow/example_dags/example_xcom.py for tasks to queue
[2024-01-05T10:36:56.493-0300] {logging_mixin.py:154} INFO - [2024-01-05T10:36:56.493-0300] {dagbag.py:536} INFO - Filling up the DagBag from /home/felipe/.local/lib/python3.11/site-packages/airflow/example_dags/example_xcom.py
[2024-01-05T10:36:56.498-0300] {processor.py:839} INFO - DAG(s) dict_keys(['example_xcom']) retrieved from /home/felipe/.local/lib/python3.11/site-packages/airflow/example_dags/example_xcom.py
[2024-01-05T10:36:56.507-0300] {logging_mixin.py:154} INFO - [2024-01-05T10:36:56.507-0300] {dag.py:2941} INFO - Sync 1 DAGs
[2024-01-05T10:36:56.517-0300] {logging_mixin.py:154} INFO - [2024-01-05T10:36:56.517-0300] {dag.py:3722} INFO - Setting next_dagrun for example_xcom to 2021-01-01T00:00:00+00:00, run_after=2021-01-01T00:00:00+00:00
[2024-01-05T10:36:56.527-0300] {processor.py:179} INFO - Processing /home/felipe/.local/lib/python3.11/site-packages/airflow/example_dags/example_xcom.py took 0.038 seconds
[2024-01-05T10:43:16.755-0300] {processor.py:157} INFO - Started process (PID=12590) to work on /home/felipe/.local/lib/python3.11/site-packages/airflow/example_dags/example_xcom.py
[2024-01-05T10:43:16.787-0300] {processor.py:829} INFO - Processing file /home/felipe/.local/lib/python3.11/site-packages/airflow/example_dags/example_xcom.py for tasks to queue
[2024-01-05T10:43:16.788-0300] {logging_mixin.py:154} INFO - [2024-01-05T10:43:16.788-0300] {dagbag.py:536} INFO - Filling up the DagBag from /home/felipe/.local/lib/python3.11/site-packages/airflow/example_dags/example_xcom.py
[2024-01-05T10:43:16.793-0300] {processor.py:839} INFO - DAG(s) dict_keys(['example_xcom']) retrieved from /home/felipe/.local/lib/python3.11/site-packages/airflow/example_dags/example_xcom.py
[2024-01-05T10:43:16.805-0300] {logging_mixin.py:154} INFO - [2024-01-05T10:43:16.805-0300] {dag.py:2941} INFO - Sync 1 DAGs
[2024-01-05T10:43:16.815-0300] {logging_mixin.py:154} INFO - [2024-01-05T10:43:16.815-0300] {dag.py:3722} INFO - Setting next_dagrun for example_xcom to 2021-01-01T00:00:00+00:00, run_after=2021-01-01T00:00:00+00:00
[2024-01-05T10:43:16.832-0300] {processor.py:179} INFO - Processing /home/felipe/.local/lib/python3.11/site-packages/airflow/example_dags/example_xcom.py took 0.079 seconds
[2024-01-05T10:44:13.859-0300] {processor.py:157} INFO - Started process (PID=12717) to work on /home/felipe/.local/lib/python3.11/site-packages/airflow/example_dags/example_xcom.py
[2024-01-05T10:44:13.885-0300] {processor.py:829} INFO - Processing file /home/felipe/.local/lib/python3.11/site-packages/airflow/example_dags/example_xcom.py for tasks to queue
[2024-01-05T10:44:13.885-0300] {logging_mixin.py:154} INFO - [2024-01-05T10:44:13.885-0300] {dagbag.py:536} INFO - Filling up the DagBag from /home/felipe/.local/lib/python3.11/site-packages/airflow/example_dags/example_xcom.py
[2024-01-05T10:44:13.890-0300] {processor.py:839} INFO - DAG(s) dict_keys(['example_xcom']) retrieved from /home/felipe/.local/lib/python3.11/site-packages/airflow/example_dags/example_xcom.py
[2024-01-05T10:44:13.901-0300] {logging_mixin.py:154} INFO - [2024-01-05T10:44:13.901-0300] {dag.py:2941} INFO - Sync 1 DAGs
[2024-01-05T10:44:13.911-0300] {logging_mixin.py:154} INFO - [2024-01-05T10:44:13.910-0300] {dag.py:3722} INFO - Setting next_dagrun for example_xcom to 2021-01-01T00:00:00+00:00, run_after=2021-01-01T00:00:00+00:00
[2024-01-05T10:44:13.921-0300] {processor.py:179} INFO - Processing /home/felipe/.local/lib/python3.11/site-packages/airflow/example_dags/example_xcom.py took 0.064 seconds
[2024-01-05T10:45:07.440-0300] {processor.py:157} INFO - Started process (PID=12828) to work on /home/felipe/.local/lib/python3.11/site-packages/airflow/example_dags/example_xcom.py
[2024-01-05T10:45:07.472-0300] {processor.py:829} INFO - Processing file /home/felipe/.local/lib/python3.11/site-packages/airflow/example_dags/example_xcom.py for tasks to queue
[2024-01-05T10:45:07.473-0300] {logging_mixin.py:154} INFO - [2024-01-05T10:45:07.473-0300] {dagbag.py:536} INFO - Filling up the DagBag from /home/felipe/.local/lib/python3.11/site-packages/airflow/example_dags/example_xcom.py
[2024-01-05T10:45:07.478-0300] {processor.py:839} INFO - DAG(s) dict_keys(['example_xcom']) retrieved from /home/felipe/.local/lib/python3.11/site-packages/airflow/example_dags/example_xcom.py
[2024-01-05T10:45:07.489-0300] {logging_mixin.py:154} INFO - [2024-01-05T10:45:07.488-0300] {dag.py:2941} INFO - Sync 1 DAGs
[2024-01-05T10:45:07.498-0300] {logging_mixin.py:154} INFO - [2024-01-05T10:45:07.498-0300] {dag.py:3722} INFO - Setting next_dagrun for example_xcom to 2021-01-01T00:00:00+00:00, run_after=2021-01-01T00:00:00+00:00
[2024-01-05T10:45:07.515-0300] {processor.py:179} INFO - Processing /home/felipe/.local/lib/python3.11/site-packages/airflow/example_dags/example_xcom.py took 0.077 seconds
[2024-01-05T10:45:57.485-0300] {processor.py:157} INFO - Started process (PID=12958) to work on /home/felipe/.local/lib/python3.11/site-packages/airflow/example_dags/example_xcom.py
[2024-01-05T10:45:57.514-0300] {processor.py:829} INFO - Processing file /home/felipe/.local/lib/python3.11/site-packages/airflow/example_dags/example_xcom.py for tasks to queue
[2024-01-05T10:45:57.515-0300] {logging_mixin.py:154} INFO - [2024-01-05T10:45:57.514-0300] {dagbag.py:536} INFO - Filling up the DagBag from /home/felipe/.local/lib/python3.11/site-packages/airflow/example_dags/example_xcom.py
[2024-01-05T10:45:57.519-0300] {processor.py:839} INFO - DAG(s) dict_keys(['example_xcom']) retrieved from /home/felipe/.local/lib/python3.11/site-packages/airflow/example_dags/example_xcom.py
[2024-01-05T10:45:57.529-0300] {logging_mixin.py:154} INFO - [2024-01-05T10:45:57.529-0300] {dag.py:2941} INFO - Sync 1 DAGs
[2024-01-05T10:45:57.539-0300] {logging_mixin.py:154} INFO - [2024-01-05T10:45:57.539-0300] {dag.py:3722} INFO - Setting next_dagrun for example_xcom to 2021-01-01T00:00:00+00:00, run_after=2021-01-01T00:00:00+00:00
[2024-01-05T10:45:57.549-0300] {processor.py:179} INFO - Processing /home/felipe/.local/lib/python3.11/site-packages/airflow/example_dags/example_xcom.py took 0.066 seconds
[2024-01-05T10:47:08.869-0300] {processor.py:157} INFO - Started process (PID=13112) to work on /home/felipe/.local/lib/python3.11/site-packages/airflow/example_dags/example_xcom.py
[2024-01-05T10:47:08.869-0300] {processor.py:829} INFO - Processing file /home/felipe/.local/lib/python3.11/site-packages/airflow/example_dags/example_xcom.py for tasks to queue
[2024-01-05T10:47:08.870-0300] {logging_mixin.py:154} INFO - [2024-01-05T10:47:08.870-0300] {dagbag.py:536} INFO - Filling up the DagBag from /home/felipe/.local/lib/python3.11/site-packages/airflow/example_dags/example_xcom.py
[2024-01-05T10:47:08.875-0300] {processor.py:839} INFO - DAG(s) dict_keys(['example_xcom']) retrieved from /home/felipe/.local/lib/python3.11/site-packages/airflow/example_dags/example_xcom.py
[2024-01-05T10:47:08.884-0300] {logging_mixin.py:154} INFO - [2024-01-05T10:47:08.884-0300] {dag.py:2941} INFO - Sync 1 DAGs
[2024-01-05T10:47:08.894-0300] {logging_mixin.py:154} INFO - [2024-01-05T10:47:08.894-0300] {dag.py:3722} INFO - Setting next_dagrun for example_xcom to 2021-01-01T00:00:00+00:00, run_after=2021-01-01T00:00:00+00:00
[2024-01-05T10:47:08.905-0300] {processor.py:179} INFO - Processing /home/felipe/.local/lib/python3.11/site-packages/airflow/example_dags/example_xcom.py took 0.038 seconds
[2024-01-05T10:52:08.526-0300] {processor.py:157} INFO - Started process (PID=13503) to work on /home/felipe/.local/lib/python3.11/site-packages/airflow/example_dags/example_xcom.py
[2024-01-05T10:52:08.558-0300] {processor.py:829} INFO - Processing file /home/felipe/.local/lib/python3.11/site-packages/airflow/example_dags/example_xcom.py for tasks to queue
[2024-01-05T10:52:08.559-0300] {logging_mixin.py:154} INFO - [2024-01-05T10:52:08.559-0300] {dagbag.py:536} INFO - Filling up the DagBag from /home/felipe/.local/lib/python3.11/site-packages/airflow/example_dags/example_xcom.py
[2024-01-05T10:52:08.563-0300] {processor.py:839} INFO - DAG(s) dict_keys(['example_xcom']) retrieved from /home/felipe/.local/lib/python3.11/site-packages/airflow/example_dags/example_xcom.py
[2024-01-05T10:52:08.573-0300] {logging_mixin.py:154} INFO - [2024-01-05T10:52:08.573-0300] {dag.py:2941} INFO - Sync 1 DAGs
[2024-01-05T10:52:08.583-0300] {logging_mixin.py:154} INFO - [2024-01-05T10:52:08.582-0300] {dag.py:3722} INFO - Setting next_dagrun for example_xcom to 2021-01-01T00:00:00+00:00, run_after=2021-01-01T00:00:00+00:00
[2024-01-05T10:52:08.599-0300] {processor.py:179} INFO - Processing /home/felipe/.local/lib/python3.11/site-packages/airflow/example_dags/example_xcom.py took 0.075 seconds
[2024-01-05T10:52:58.398-0300] {processor.py:157} INFO - Started process (PID=13610) to work on /home/felipe/.local/lib/python3.11/site-packages/airflow/example_dags/example_xcom.py
[2024-01-05T10:52:58.430-0300] {processor.py:829} INFO - Processing file /home/felipe/.local/lib/python3.11/site-packages/airflow/example_dags/example_xcom.py for tasks to queue
[2024-01-05T10:52:58.431-0300] {logging_mixin.py:154} INFO - [2024-01-05T10:52:58.430-0300] {dagbag.py:536} INFO - Filling up the DagBag from /home/felipe/.local/lib/python3.11/site-packages/airflow/example_dags/example_xcom.py
[2024-01-05T10:52:58.435-0300] {processor.py:839} INFO - DAG(s) dict_keys(['example_xcom']) retrieved from /home/felipe/.local/lib/python3.11/site-packages/airflow/example_dags/example_xcom.py
[2024-01-05T10:52:58.445-0300] {logging_mixin.py:154} INFO - [2024-01-05T10:52:58.445-0300] {dag.py:2941} INFO - Sync 1 DAGs
[2024-01-05T10:52:58.454-0300] {logging_mixin.py:154} INFO - [2024-01-05T10:52:58.454-0300] {dag.py:3722} INFO - Setting next_dagrun for example_xcom to 2021-01-01T00:00:00+00:00, run_after=2021-01-01T00:00:00+00:00
[2024-01-05T10:52:58.472-0300] {processor.py:179} INFO - Processing /home/felipe/.local/lib/python3.11/site-packages/airflow/example_dags/example_xcom.py took 0.076 seconds
[2024-01-05T10:53:58.748-0300] {processor.py:157} INFO - Started process (PID=13798) to work on /home/felipe/.local/lib/python3.11/site-packages/airflow/example_dags/example_xcom.py
[2024-01-05T10:53:58.780-0300] {processor.py:829} INFO - Processing file /home/felipe/.local/lib/python3.11/site-packages/airflow/example_dags/example_xcom.py for tasks to queue
[2024-01-05T10:53:58.780-0300] {logging_mixin.py:154} INFO - [2024-01-05T10:53:58.780-0300] {dagbag.py:536} INFO - Filling up the DagBag from /home/felipe/.local/lib/python3.11/site-packages/airflow/example_dags/example_xcom.py
[2024-01-05T10:53:58.785-0300] {processor.py:839} INFO - DAG(s) dict_keys(['example_xcom']) retrieved from /home/felipe/.local/lib/python3.11/site-packages/airflow/example_dags/example_xcom.py
[2024-01-05T10:53:58.795-0300] {logging_mixin.py:154} INFO - [2024-01-05T10:53:58.795-0300] {dag.py:2941} INFO - Sync 1 DAGs
[2024-01-05T10:53:58.805-0300] {logging_mixin.py:154} INFO - [2024-01-05T10:53:58.805-0300] {dag.py:3722} INFO - Setting next_dagrun for example_xcom to 2021-01-01T00:00:00+00:00, run_after=2021-01-01T00:00:00+00:00
[2024-01-05T10:53:58.823-0300] {processor.py:179} INFO - Processing /home/felipe/.local/lib/python3.11/site-packages/airflow/example_dags/example_xcom.py took 0.077 seconds
[2024-01-05T10:55:03.451-0300] {processor.py:157} INFO - Started process (PID=13908) to work on /home/felipe/.local/lib/python3.11/site-packages/airflow/example_dags/example_xcom.py
[2024-01-05T10:55:03.483-0300] {processor.py:829} INFO - Processing file /home/felipe/.local/lib/python3.11/site-packages/airflow/example_dags/example_xcom.py for tasks to queue
[2024-01-05T10:55:03.484-0300] {logging_mixin.py:154} INFO - [2024-01-05T10:55:03.484-0300] {dagbag.py:536} INFO - Filling up the DagBag from /home/felipe/.local/lib/python3.11/site-packages/airflow/example_dags/example_xcom.py
[2024-01-05T10:55:03.489-0300] {processor.py:839} INFO - DAG(s) dict_keys(['example_xcom']) retrieved from /home/felipe/.local/lib/python3.11/site-packages/airflow/example_dags/example_xcom.py
[2024-01-05T10:55:03.499-0300] {logging_mixin.py:154} INFO - [2024-01-05T10:55:03.499-0300] {dag.py:2941} INFO - Sync 1 DAGs
[2024-01-05T10:55:03.509-0300] {logging_mixin.py:154} INFO - [2024-01-05T10:55:03.509-0300] {dag.py:3722} INFO - Setting next_dagrun for example_xcom to 2021-01-01T00:00:00+00:00, run_after=2021-01-01T00:00:00+00:00
[2024-01-05T10:55:03.526-0300] {processor.py:179} INFO - Processing /home/felipe/.local/lib/python3.11/site-packages/airflow/example_dags/example_xcom.py took 0.077 seconds
[2024-01-05T10:56:01.300-0300] {processor.py:157} INFO - Started process (PID=14033) to work on /home/felipe/.local/lib/python3.11/site-packages/airflow/example_dags/example_xcom.py
[2024-01-05T10:56:01.316-0300] {processor.py:829} INFO - Processing file /home/felipe/.local/lib/python3.11/site-packages/airflow/example_dags/example_xcom.py for tasks to queue
[2024-01-05T10:56:01.317-0300] {logging_mixin.py:154} INFO - [2024-01-05T10:56:01.316-0300] {dagbag.py:536} INFO - Filling up the DagBag from /home/felipe/.local/lib/python3.11/site-packages/airflow/example_dags/example_xcom.py
[2024-01-05T10:56:01.321-0300] {processor.py:839} INFO - DAG(s) dict_keys(['example_xcom']) retrieved from /home/felipe/.local/lib/python3.11/site-packages/airflow/example_dags/example_xcom.py
[2024-01-05T10:56:01.331-0300] {logging_mixin.py:154} INFO - [2024-01-05T10:56:01.331-0300] {dag.py:2941} INFO - Sync 1 DAGs
[2024-01-05T10:56:01.342-0300] {logging_mixin.py:154} INFO - [2024-01-05T10:56:01.341-0300] {dag.py:3722} INFO - Setting next_dagrun for example_xcom to 2021-01-01T00:00:00+00:00, run_after=2021-01-01T00:00:00+00:00
[2024-01-05T10:56:01.354-0300] {processor.py:179} INFO - Processing /home/felipe/.local/lib/python3.11/site-packages/airflow/example_dags/example_xcom.py took 0.056 seconds
[2024-01-05T10:57:03.729-0300] {processor.py:157} INFO - Started process (PID=14147) to work on /home/felipe/.local/lib/python3.11/site-packages/airflow/example_dags/example_xcom.py
[2024-01-05T10:57:03.761-0300] {processor.py:829} INFO - Processing file /home/felipe/.local/lib/python3.11/site-packages/airflow/example_dags/example_xcom.py for tasks to queue
[2024-01-05T10:57:03.762-0300] {logging_mixin.py:154} INFO - [2024-01-05T10:57:03.762-0300] {dagbag.py:536} INFO - Filling up the DagBag from /home/felipe/.local/lib/python3.11/site-packages/airflow/example_dags/example_xcom.py
[2024-01-05T10:57:03.767-0300] {processor.py:839} INFO - DAG(s) dict_keys(['example_xcom']) retrieved from /home/felipe/.local/lib/python3.11/site-packages/airflow/example_dags/example_xcom.py
[2024-01-05T10:57:03.776-0300] {logging_mixin.py:154} INFO - [2024-01-05T10:57:03.776-0300] {dag.py:2941} INFO - Sync 1 DAGs
[2024-01-05T10:57:03.786-0300] {logging_mixin.py:154} INFO - [2024-01-05T10:57:03.786-0300] {dag.py:3722} INFO - Setting next_dagrun for example_xcom to 2021-01-01T00:00:00+00:00, run_after=2021-01-01T00:00:00+00:00
[2024-01-05T10:57:03.803-0300] {processor.py:179} INFO - Processing /home/felipe/.local/lib/python3.11/site-packages/airflow/example_dags/example_xcom.py took 0.076 seconds
[2024-01-05T10:58:03.265-0300] {processor.py:157} INFO - Started process (PID=14263) to work on /home/felipe/.local/lib/python3.11/site-packages/airflow/example_dags/example_xcom.py
[2024-01-05T10:58:03.297-0300] {processor.py:829} INFO - Processing file /home/felipe/.local/lib/python3.11/site-packages/airflow/example_dags/example_xcom.py for tasks to queue
[2024-01-05T10:58:03.297-0300] {logging_mixin.py:154} INFO - [2024-01-05T10:58:03.297-0300] {dagbag.py:536} INFO - Filling up the DagBag from /home/felipe/.local/lib/python3.11/site-packages/airflow/example_dags/example_xcom.py
[2024-01-05T10:58:03.302-0300] {processor.py:839} INFO - DAG(s) dict_keys(['example_xcom']) retrieved from /home/felipe/.local/lib/python3.11/site-packages/airflow/example_dags/example_xcom.py
[2024-01-05T10:58:03.312-0300] {logging_mixin.py:154} INFO - [2024-01-05T10:58:03.312-0300] {dag.py:2941} INFO - Sync 1 DAGs
[2024-01-05T10:58:03.322-0300] {logging_mixin.py:154} INFO - [2024-01-05T10:58:03.321-0300] {dag.py:3722} INFO - Setting next_dagrun for example_xcom to 2021-01-01T00:00:00+00:00, run_after=2021-01-01T00:00:00+00:00
[2024-01-05T10:58:03.339-0300] {processor.py:179} INFO - Processing /home/felipe/.local/lib/python3.11/site-packages/airflow/example_dags/example_xcom.py took 0.077 seconds
[2024-01-05T10:58:52.362-0300] {processor.py:157} INFO - Started process (PID=14354) to work on /home/felipe/.local/lib/python3.11/site-packages/airflow/example_dags/example_xcom.py
[2024-01-05T10:58:52.395-0300] {processor.py:829} INFO - Processing file /home/felipe/.local/lib/python3.11/site-packages/airflow/example_dags/example_xcom.py for tasks to queue
[2024-01-05T10:58:52.395-0300] {logging_mixin.py:154} INFO - [2024-01-05T10:58:52.395-0300] {dagbag.py:536} INFO - Filling up the DagBag from /home/felipe/.local/lib/python3.11/site-packages/airflow/example_dags/example_xcom.py
[2024-01-05T10:58:52.400-0300] {processor.py:839} INFO - DAG(s) dict_keys(['example_xcom']) retrieved from /home/felipe/.local/lib/python3.11/site-packages/airflow/example_dags/example_xcom.py
[2024-01-05T10:58:52.410-0300] {logging_mixin.py:154} INFO - [2024-01-05T10:58:52.410-0300] {dag.py:2941} INFO - Sync 1 DAGs
[2024-01-05T10:58:52.420-0300] {logging_mixin.py:154} INFO - [2024-01-05T10:58:52.420-0300] {dag.py:3722} INFO - Setting next_dagrun for example_xcom to 2021-01-01T00:00:00+00:00, run_after=2021-01-01T00:00:00+00:00
[2024-01-05T10:58:52.437-0300] {processor.py:179} INFO - Processing /home/felipe/.local/lib/python3.11/site-packages/airflow/example_dags/example_xcom.py took 0.077 seconds
[2024-01-05T10:59:54.418-0300] {processor.py:157} INFO - Started process (PID=14461) to work on /home/felipe/.local/lib/python3.11/site-packages/airflow/example_dags/example_xcom.py
[2024-01-05T10:59:54.450-0300] {processor.py:829} INFO - Processing file /home/felipe/.local/lib/python3.11/site-packages/airflow/example_dags/example_xcom.py for tasks to queue
[2024-01-05T10:59:54.450-0300] {logging_mixin.py:154} INFO - [2024-01-05T10:59:54.450-0300] {dagbag.py:536} INFO - Filling up the DagBag from /home/felipe/.local/lib/python3.11/site-packages/airflow/example_dags/example_xcom.py
[2024-01-05T10:59:54.455-0300] {processor.py:839} INFO - DAG(s) dict_keys(['example_xcom']) retrieved from /home/felipe/.local/lib/python3.11/site-packages/airflow/example_dags/example_xcom.py
[2024-01-05T10:59:54.465-0300] {logging_mixin.py:154} INFO - [2024-01-05T10:59:54.465-0300] {dag.py:2941} INFO - Sync 1 DAGs
[2024-01-05T10:59:54.475-0300] {logging_mixin.py:154} INFO - [2024-01-05T10:59:54.474-0300] {dag.py:3722} INFO - Setting next_dagrun for example_xcom to 2021-01-01T00:00:00+00:00, run_after=2021-01-01T00:00:00+00:00
[2024-01-05T10:59:54.491-0300] {processor.py:179} INFO - Processing /home/felipe/.local/lib/python3.11/site-packages/airflow/example_dags/example_xcom.py took 0.076 seconds
[2024-01-05T11:01:00.087-0300] {processor.py:157} INFO - Started process (PID=14588) to work on /home/felipe/.local/lib/python3.11/site-packages/airflow/example_dags/example_xcom.py
[2024-01-05T11:01:00.120-0300] {processor.py:829} INFO - Processing file /home/felipe/.local/lib/python3.11/site-packages/airflow/example_dags/example_xcom.py for tasks to queue
[2024-01-05T11:01:00.120-0300] {logging_mixin.py:154} INFO - [2024-01-05T11:01:00.120-0300] {dagbag.py:536} INFO - Filling up the DagBag from /home/felipe/.local/lib/python3.11/site-packages/airflow/example_dags/example_xcom.py
[2024-01-05T11:01:00.125-0300] {processor.py:839} INFO - DAG(s) dict_keys(['example_xcom']) retrieved from /home/felipe/.local/lib/python3.11/site-packages/airflow/example_dags/example_xcom.py
[2024-01-05T11:01:00.135-0300] {logging_mixin.py:154} INFO - [2024-01-05T11:01:00.135-0300] {dag.py:2941} INFO - Sync 1 DAGs
[2024-01-05T11:01:00.144-0300] {logging_mixin.py:154} INFO - [2024-01-05T11:01:00.144-0300] {dag.py:3722} INFO - Setting next_dagrun for example_xcom to 2021-01-01T00:00:00+00:00, run_after=2021-01-01T00:00:00+00:00
[2024-01-05T11:01:00.161-0300] {processor.py:179} INFO - Processing /home/felipe/.local/lib/python3.11/site-packages/airflow/example_dags/example_xcom.py took 0.076 seconds
[2024-01-05T11:01:59.466-0300] {processor.py:157} INFO - Started process (PID=14694) to work on /home/felipe/.local/lib/python3.11/site-packages/airflow/example_dags/example_xcom.py
[2024-01-05T11:01:59.498-0300] {processor.py:829} INFO - Processing file /home/felipe/.local/lib/python3.11/site-packages/airflow/example_dags/example_xcom.py for tasks to queue
[2024-01-05T11:01:59.499-0300] {logging_mixin.py:154} INFO - [2024-01-05T11:01:59.498-0300] {dagbag.py:536} INFO - Filling up the DagBag from /home/felipe/.local/lib/python3.11/site-packages/airflow/example_dags/example_xcom.py
[2024-01-05T11:01:59.503-0300] {processor.py:839} INFO - DAG(s) dict_keys(['example_xcom']) retrieved from /home/felipe/.local/lib/python3.11/site-packages/airflow/example_dags/example_xcom.py
[2024-01-05T11:01:59.513-0300] {logging_mixin.py:154} INFO - [2024-01-05T11:01:59.513-0300] {dag.py:2941} INFO - Sync 1 DAGs
[2024-01-05T11:01:59.523-0300] {logging_mixin.py:154} INFO - [2024-01-05T11:01:59.523-0300] {dag.py:3722} INFO - Setting next_dagrun for example_xcom to 2021-01-01T00:00:00+00:00, run_after=2021-01-01T00:00:00+00:00
[2024-01-05T11:01:59.540-0300] {processor.py:179} INFO - Processing /home/felipe/.local/lib/python3.11/site-packages/airflow/example_dags/example_xcom.py took 0.076 seconds
[2024-01-05T11:03:11.094-0300] {processor.py:157} INFO - Started process (PID=14812) to work on /home/felipe/.local/lib/python3.11/site-packages/airflow/example_dags/example_xcom.py
[2024-01-05T11:03:11.126-0300] {processor.py:829} INFO - Processing file /home/felipe/.local/lib/python3.11/site-packages/airflow/example_dags/example_xcom.py for tasks to queue
[2024-01-05T11:03:11.126-0300] {logging_mixin.py:154} INFO - [2024-01-05T11:03:11.126-0300] {dagbag.py:536} INFO - Filling up the DagBag from /home/felipe/.local/lib/python3.11/site-packages/airflow/example_dags/example_xcom.py
[2024-01-05T11:03:11.131-0300] {processor.py:839} INFO - DAG(s) dict_keys(['example_xcom']) retrieved from /home/felipe/.local/lib/python3.11/site-packages/airflow/example_dags/example_xcom.py
[2024-01-05T11:03:11.141-0300] {logging_mixin.py:154} INFO - [2024-01-05T11:03:11.141-0300] {dag.py:2941} INFO - Sync 1 DAGs
[2024-01-05T11:03:11.151-0300] {logging_mixin.py:154} INFO - [2024-01-05T11:03:11.151-0300] {dag.py:3722} INFO - Setting next_dagrun for example_xcom to 2021-01-01T00:00:00+00:00, run_after=2021-01-01T00:00:00+00:00
[2024-01-05T11:03:11.168-0300] {processor.py:179} INFO - Processing /home/felipe/.local/lib/python3.11/site-packages/airflow/example_dags/example_xcom.py took 0.077 seconds
[2024-01-05T11:04:17.620-0300] {processor.py:157} INFO - Started process (PID=14930) to work on /home/felipe/.local/lib/python3.11/site-packages/airflow/example_dags/example_xcom.py
[2024-01-05T11:04:17.652-0300] {processor.py:829} INFO - Processing file /home/felipe/.local/lib/python3.11/site-packages/airflow/example_dags/example_xcom.py for tasks to queue
[2024-01-05T11:04:17.653-0300] {logging_mixin.py:154} INFO - [2024-01-05T11:04:17.652-0300] {dagbag.py:536} INFO - Filling up the DagBag from /home/felipe/.local/lib/python3.11/site-packages/airflow/example_dags/example_xcom.py
[2024-01-05T11:04:17.658-0300] {processor.py:839} INFO - DAG(s) dict_keys(['example_xcom']) retrieved from /home/felipe/.local/lib/python3.11/site-packages/airflow/example_dags/example_xcom.py
[2024-01-05T11:04:17.668-0300] {logging_mixin.py:154} INFO - [2024-01-05T11:04:17.667-0300] {dag.py:2941} INFO - Sync 1 DAGs
[2024-01-05T11:04:17.677-0300] {logging_mixin.py:154} INFO - [2024-01-05T11:04:17.677-0300] {dag.py:3722} INFO - Setting next_dagrun for example_xcom to 2021-01-01T00:00:00+00:00, run_after=2021-01-01T00:00:00+00:00
[2024-01-05T11:04:17.694-0300] {processor.py:179} INFO - Processing /home/felipe/.local/lib/python3.11/site-packages/airflow/example_dags/example_xcom.py took 0.076 seconds
[2024-01-05T11:05:27.516-0300] {processor.py:157} INFO - Started process (PID=15080) to work on /home/felipe/.local/lib/python3.11/site-packages/airflow/example_dags/example_xcom.py
[2024-01-05T11:05:27.548-0300] {processor.py:829} INFO - Processing file /home/felipe/.local/lib/python3.11/site-packages/airflow/example_dags/example_xcom.py for tasks to queue
[2024-01-05T11:05:27.548-0300] {logging_mixin.py:154} INFO - [2024-01-05T11:05:27.548-0300] {dagbag.py:536} INFO - Filling up the DagBag from /home/felipe/.local/lib/python3.11/site-packages/airflow/example_dags/example_xcom.py
[2024-01-05T11:05:27.553-0300] {processor.py:839} INFO - DAG(s) dict_keys(['example_xcom']) retrieved from /home/felipe/.local/lib/python3.11/site-packages/airflow/example_dags/example_xcom.py
[2024-01-05T11:05:27.563-0300] {logging_mixin.py:154} INFO - [2024-01-05T11:05:27.563-0300] {dag.py:2941} INFO - Sync 1 DAGs
[2024-01-05T11:05:27.573-0300] {logging_mixin.py:154} INFO - [2024-01-05T11:05:27.572-0300] {dag.py:3722} INFO - Setting next_dagrun for example_xcom to 2021-01-01T00:00:00+00:00, run_after=2021-01-01T00:00:00+00:00
[2024-01-05T11:05:27.589-0300] {processor.py:179} INFO - Processing /home/felipe/.local/lib/python3.11/site-packages/airflow/example_dags/example_xcom.py took 0.075 seconds
[2024-01-05T11:06:35.950-0300] {processor.py:157} INFO - Started process (PID=15194) to work on /home/felipe/.local/lib/python3.11/site-packages/airflow/example_dags/example_xcom.py
[2024-01-05T11:06:35.983-0300] {processor.py:829} INFO - Processing file /home/felipe/.local/lib/python3.11/site-packages/airflow/example_dags/example_xcom.py for tasks to queue
[2024-01-05T11:06:35.983-0300] {logging_mixin.py:154} INFO - [2024-01-05T11:06:35.983-0300] {dagbag.py:536} INFO - Filling up the DagBag from /home/felipe/.local/lib/python3.11/site-packages/airflow/example_dags/example_xcom.py
[2024-01-05T11:06:35.989-0300] {processor.py:839} INFO - DAG(s) dict_keys(['example_xcom']) retrieved from /home/felipe/.local/lib/python3.11/site-packages/airflow/example_dags/example_xcom.py
[2024-01-05T11:06:35.998-0300] {logging_mixin.py:154} INFO - [2024-01-05T11:06:35.998-0300] {dag.py:2941} INFO - Sync 1 DAGs
[2024-01-05T11:06:36.009-0300] {logging_mixin.py:154} INFO - [2024-01-05T11:06:36.008-0300] {dag.py:3722} INFO - Setting next_dagrun for example_xcom to 2021-01-01T00:00:00+00:00, run_after=2021-01-01T00:00:00+00:00
[2024-01-05T11:06:36.026-0300] {processor.py:179} INFO - Processing /home/felipe/.local/lib/python3.11/site-packages/airflow/example_dags/example_xcom.py took 0.077 seconds
[2024-01-05T11:07:43.408-0300] {processor.py:157} INFO - Started process (PID=15311) to work on /home/felipe/.local/lib/python3.11/site-packages/airflow/example_dags/example_xcom.py
[2024-01-05T11:07:43.440-0300] {processor.py:829} INFO - Processing file /home/felipe/.local/lib/python3.11/site-packages/airflow/example_dags/example_xcom.py for tasks to queue
[2024-01-05T11:07:43.440-0300] {logging_mixin.py:154} INFO - [2024-01-05T11:07:43.440-0300] {dagbag.py:536} INFO - Filling up the DagBag from /home/felipe/.local/lib/python3.11/site-packages/airflow/example_dags/example_xcom.py
[2024-01-05T11:07:43.445-0300] {processor.py:839} INFO - DAG(s) dict_keys(['example_xcom']) retrieved from /home/felipe/.local/lib/python3.11/site-packages/airflow/example_dags/example_xcom.py
[2024-01-05T11:07:43.455-0300] {logging_mixin.py:154} INFO - [2024-01-05T11:07:43.455-0300] {dag.py:2941} INFO - Sync 1 DAGs
[2024-01-05T11:07:43.465-0300] {logging_mixin.py:154} INFO - [2024-01-05T11:07:43.465-0300] {dag.py:3722} INFO - Setting next_dagrun for example_xcom to 2021-01-01T00:00:00+00:00, run_after=2021-01-01T00:00:00+00:00
[2024-01-05T11:07:43.482-0300] {processor.py:179} INFO - Processing /home/felipe/.local/lib/python3.11/site-packages/airflow/example_dags/example_xcom.py took 0.076 seconds
[2024-01-05T11:08:50.658-0300] {processor.py:157} INFO - Started process (PID=15429) to work on /home/felipe/.local/lib/python3.11/site-packages/airflow/example_dags/example_xcom.py
[2024-01-05T11:08:50.659-0300] {processor.py:829} INFO - Processing file /home/felipe/.local/lib/python3.11/site-packages/airflow/example_dags/example_xcom.py for tasks to queue
[2024-01-05T11:08:50.659-0300] {logging_mixin.py:154} INFO - [2024-01-05T11:08:50.659-0300] {dagbag.py:536} INFO - Filling up the DagBag from /home/felipe/.local/lib/python3.11/site-packages/airflow/example_dags/example_xcom.py
[2024-01-05T11:08:50.664-0300] {processor.py:839} INFO - DAG(s) dict_keys(['example_xcom']) retrieved from /home/felipe/.local/lib/python3.11/site-packages/airflow/example_dags/example_xcom.py
[2024-01-05T11:08:50.675-0300] {logging_mixin.py:154} INFO - [2024-01-05T11:08:50.674-0300] {dag.py:2941} INFO - Sync 1 DAGs
[2024-01-05T11:08:50.684-0300] {logging_mixin.py:154} INFO - [2024-01-05T11:08:50.684-0300] {dag.py:3722} INFO - Setting next_dagrun for example_xcom to 2021-01-01T00:00:00+00:00, run_after=2021-01-01T00:00:00+00:00
[2024-01-05T11:08:50.711-0300] {processor.py:179} INFO - Processing /home/felipe/.local/lib/python3.11/site-packages/airflow/example_dags/example_xcom.py took 0.055 seconds
[2024-01-05T11:09:50.853-0300] {processor.py:157} INFO - Started process (PID=15567) to work on /home/felipe/.local/lib/python3.11/site-packages/airflow/example_dags/example_xcom.py
[2024-01-05T11:09:50.885-0300] {processor.py:829} INFO - Processing file /home/felipe/.local/lib/python3.11/site-packages/airflow/example_dags/example_xcom.py for tasks to queue
[2024-01-05T11:09:50.886-0300] {logging_mixin.py:154} INFO - [2024-01-05T11:09:50.886-0300] {dagbag.py:536} INFO - Filling up the DagBag from /home/felipe/.local/lib/python3.11/site-packages/airflow/example_dags/example_xcom.py
[2024-01-05T11:09:50.891-0300] {processor.py:839} INFO - DAG(s) dict_keys(['example_xcom']) retrieved from /home/felipe/.local/lib/python3.11/site-packages/airflow/example_dags/example_xcom.py
[2024-01-05T11:09:50.900-0300] {logging_mixin.py:154} INFO - [2024-01-05T11:09:50.900-0300] {dag.py:2941} INFO - Sync 1 DAGs
[2024-01-05T11:09:50.910-0300] {logging_mixin.py:154} INFO - [2024-01-05T11:09:50.910-0300] {dag.py:3722} INFO - Setting next_dagrun for example_xcom to 2021-01-01T00:00:00+00:00, run_after=2021-01-01T00:00:00+00:00
[2024-01-05T11:09:50.927-0300] {processor.py:179} INFO - Processing /home/felipe/.local/lib/python3.11/site-packages/airflow/example_dags/example_xcom.py took 0.076 seconds
[2024-01-05T11:10:55.915-0300] {processor.py:157} INFO - Started process (PID=15683) to work on /home/felipe/.local/lib/python3.11/site-packages/airflow/example_dags/example_xcom.py
[2024-01-05T11:10:55.947-0300] {processor.py:829} INFO - Processing file /home/felipe/.local/lib/python3.11/site-packages/airflow/example_dags/example_xcom.py for tasks to queue
[2024-01-05T11:10:55.948-0300] {logging_mixin.py:154} INFO - [2024-01-05T11:10:55.948-0300] {dagbag.py:536} INFO - Filling up the DagBag from /home/felipe/.local/lib/python3.11/site-packages/airflow/example_dags/example_xcom.py
[2024-01-05T11:10:55.952-0300] {processor.py:839} INFO - DAG(s) dict_keys(['example_xcom']) retrieved from /home/felipe/.local/lib/python3.11/site-packages/airflow/example_dags/example_xcom.py
[2024-01-05T11:10:55.962-0300] {logging_mixin.py:154} INFO - [2024-01-05T11:10:55.962-0300] {dag.py:2941} INFO - Sync 1 DAGs
[2024-01-05T11:10:55.972-0300] {logging_mixin.py:154} INFO - [2024-01-05T11:10:55.972-0300] {dag.py:3722} INFO - Setting next_dagrun for example_xcom to 2021-01-01T00:00:00+00:00, run_after=2021-01-01T00:00:00+00:00
[2024-01-05T11:10:55.989-0300] {processor.py:179} INFO - Processing /home/felipe/.local/lib/python3.11/site-packages/airflow/example_dags/example_xcom.py took 0.076 seconds
[2024-01-05T11:11:55.999-0300] {processor.py:157} INFO - Started process (PID=15800) to work on /home/felipe/.local/lib/python3.11/site-packages/airflow/example_dags/example_xcom.py
[2024-01-05T11:11:55.999-0300] {processor.py:829} INFO - Processing file /home/felipe/.local/lib/python3.11/site-packages/airflow/example_dags/example_xcom.py for tasks to queue
[2024-01-05T11:11:56.000-0300] {logging_mixin.py:154} INFO - [2024-01-05T11:11:56.000-0300] {dagbag.py:536} INFO - Filling up the DagBag from /home/felipe/.local/lib/python3.11/site-packages/airflow/example_dags/example_xcom.py
[2024-01-05T11:11:56.004-0300] {processor.py:839} INFO - DAG(s) dict_keys(['example_xcom']) retrieved from /home/felipe/.local/lib/python3.11/site-packages/airflow/example_dags/example_xcom.py
[2024-01-05T11:11:56.014-0300] {logging_mixin.py:154} INFO - [2024-01-05T11:11:56.014-0300] {dag.py:2941} INFO - Sync 1 DAGs
[2024-01-05T11:11:56.024-0300] {logging_mixin.py:154} INFO - [2024-01-05T11:11:56.023-0300] {dag.py:3722} INFO - Setting next_dagrun for example_xcom to 2021-01-01T00:00:00+00:00, run_after=2021-01-01T00:00:00+00:00
[2024-01-05T11:11:56.033-0300] {processor.py:179} INFO - Processing /home/felipe/.local/lib/python3.11/site-packages/airflow/example_dags/example_xcom.py took 0.037 seconds
[2024-01-05T11:12:52.635-0300] {processor.py:157} INFO - Started process (PID=17225) to work on /home/felipe/.local/lib/python3.11/site-packages/airflow/example_dags/example_xcom.py
[2024-01-05T11:12:52.667-0300] {processor.py:829} INFO - Processing file /home/felipe/.local/lib/python3.11/site-packages/airflow/example_dags/example_xcom.py for tasks to queue
[2024-01-05T11:12:52.668-0300] {logging_mixin.py:154} INFO - [2024-01-05T11:12:52.667-0300] {dagbag.py:536} INFO - Filling up the DagBag from /home/felipe/.local/lib/python3.11/site-packages/airflow/example_dags/example_xcom.py
[2024-01-05T11:12:52.672-0300] {processor.py:839} INFO - DAG(s) dict_keys(['example_xcom']) retrieved from /home/felipe/.local/lib/python3.11/site-packages/airflow/example_dags/example_xcom.py
[2024-01-05T11:12:52.682-0300] {logging_mixin.py:154} INFO - [2024-01-05T11:12:52.682-0300] {dag.py:2941} INFO - Sync 1 DAGs
[2024-01-05T11:12:52.691-0300] {logging_mixin.py:154} INFO - [2024-01-05T11:12:52.691-0300] {dag.py:3722} INFO - Setting next_dagrun for example_xcom to 2021-01-01T00:00:00+00:00, run_after=2021-01-01T00:00:00+00:00
[2024-01-05T11:12:52.709-0300] {processor.py:179} INFO - Processing /home/felipe/.local/lib/python3.11/site-packages/airflow/example_dags/example_xcom.py took 0.076 seconds
[2024-01-05T11:13:57.614-0300] {processor.py:157} INFO - Started process (PID=17348) to work on /home/felipe/.local/lib/python3.11/site-packages/airflow/example_dags/example_xcom.py
[2024-01-05T11:13:57.647-0300] {processor.py:829} INFO - Processing file /home/felipe/.local/lib/python3.11/site-packages/airflow/example_dags/example_xcom.py for tasks to queue
[2024-01-05T11:13:57.647-0300] {logging_mixin.py:154} INFO - [2024-01-05T11:13:57.647-0300] {dagbag.py:536} INFO - Filling up the DagBag from /home/felipe/.local/lib/python3.11/site-packages/airflow/example_dags/example_xcom.py
[2024-01-05T11:13:57.652-0300] {processor.py:839} INFO - DAG(s) dict_keys(['example_xcom']) retrieved from /home/felipe/.local/lib/python3.11/site-packages/airflow/example_dags/example_xcom.py
[2024-01-05T11:13:57.662-0300] {logging_mixin.py:154} INFO - [2024-01-05T11:13:57.662-0300] {dag.py:2941} INFO - Sync 1 DAGs
[2024-01-05T11:13:57.672-0300] {logging_mixin.py:154} INFO - [2024-01-05T11:13:57.672-0300] {dag.py:3722} INFO - Setting next_dagrun for example_xcom to 2021-01-01T00:00:00+00:00, run_after=2021-01-01T00:00:00+00:00
[2024-01-05T11:13:57.689-0300] {processor.py:179} INFO - Processing /home/felipe/.local/lib/python3.11/site-packages/airflow/example_dags/example_xcom.py took 0.076 seconds
[2024-01-05T11:14:59.415-0300] {processor.py:157} INFO - Started process (PID=17456) to work on /home/felipe/.local/lib/python3.11/site-packages/airflow/example_dags/example_xcom.py
[2024-01-05T11:14:59.416-0300] {processor.py:829} INFO - Processing file /home/felipe/.local/lib/python3.11/site-packages/airflow/example_dags/example_xcom.py for tasks to queue
[2024-01-05T11:14:59.416-0300] {logging_mixin.py:154} INFO - [2024-01-05T11:14:59.416-0300] {dagbag.py:536} INFO - Filling up the DagBag from /home/felipe/.local/lib/python3.11/site-packages/airflow/example_dags/example_xcom.py
[2024-01-05T11:14:59.421-0300] {processor.py:839} INFO - DAG(s) dict_keys(['example_xcom']) retrieved from /home/felipe/.local/lib/python3.11/site-packages/airflow/example_dags/example_xcom.py
[2024-01-05T11:14:59.430-0300] {logging_mixin.py:154} INFO - [2024-01-05T11:14:59.430-0300] {dag.py:2941} INFO - Sync 1 DAGs
[2024-01-05T11:14:59.440-0300] {logging_mixin.py:154} INFO - [2024-01-05T11:14:59.440-0300] {dag.py:3722} INFO - Setting next_dagrun for example_xcom to 2021-01-01T00:00:00+00:00, run_after=2021-01-01T00:00:00+00:00
[2024-01-05T11:14:59.460-0300] {processor.py:179} INFO - Processing /home/felipe/.local/lib/python3.11/site-packages/airflow/example_dags/example_xcom.py took 0.047 seconds
[2024-01-05T11:15:58.907-0300] {processor.py:157} INFO - Started process (PID=17573) to work on /home/felipe/.local/lib/python3.11/site-packages/airflow/example_dags/example_xcom.py
[2024-01-05T11:15:58.939-0300] {processor.py:829} INFO - Processing file /home/felipe/.local/lib/python3.11/site-packages/airflow/example_dags/example_xcom.py for tasks to queue
[2024-01-05T11:15:58.940-0300] {logging_mixin.py:154} INFO - [2024-01-05T11:15:58.939-0300] {dagbag.py:536} INFO - Filling up the DagBag from /home/felipe/.local/lib/python3.11/site-packages/airflow/example_dags/example_xcom.py
[2024-01-05T11:15:58.944-0300] {processor.py:839} INFO - DAG(s) dict_keys(['example_xcom']) retrieved from /home/felipe/.local/lib/python3.11/site-packages/airflow/example_dags/example_xcom.py
[2024-01-05T11:15:58.953-0300] {logging_mixin.py:154} INFO - [2024-01-05T11:15:58.953-0300] {dag.py:2941} INFO - Sync 1 DAGs
[2024-01-05T11:15:58.963-0300] {logging_mixin.py:154} INFO - [2024-01-05T11:15:58.963-0300] {dag.py:3722} INFO - Setting next_dagrun for example_xcom to 2021-01-01T00:00:00+00:00, run_after=2021-01-01T00:00:00+00:00
[2024-01-05T11:15:58.980-0300] {processor.py:179} INFO - Processing /home/felipe/.local/lib/python3.11/site-packages/airflow/example_dags/example_xcom.py took 0.074 seconds
[2024-01-05T11:17:02.454-0300] {processor.py:157} INFO - Started process (PID=17701) to work on /home/felipe/.local/lib/python3.11/site-packages/airflow/example_dags/example_xcom.py
[2024-01-05T11:17:02.486-0300] {processor.py:829} INFO - Processing file /home/felipe/.local/lib/python3.11/site-packages/airflow/example_dags/example_xcom.py for tasks to queue
[2024-01-05T11:17:02.487-0300] {logging_mixin.py:154} INFO - [2024-01-05T11:17:02.487-0300] {dagbag.py:536} INFO - Filling up the DagBag from /home/felipe/.local/lib/python3.11/site-packages/airflow/example_dags/example_xcom.py
[2024-01-05T11:17:02.492-0300] {processor.py:839} INFO - DAG(s) dict_keys(['example_xcom']) retrieved from /home/felipe/.local/lib/python3.11/site-packages/airflow/example_dags/example_xcom.py
[2024-01-05T11:17:02.501-0300] {logging_mixin.py:154} INFO - [2024-01-05T11:17:02.501-0300] {dag.py:2941} INFO - Sync 1 DAGs
[2024-01-05T11:17:02.511-0300] {logging_mixin.py:154} INFO - [2024-01-05T11:17:02.511-0300] {dag.py:3722} INFO - Setting next_dagrun for example_xcom to 2021-01-01T00:00:00+00:00, run_after=2021-01-01T00:00:00+00:00
[2024-01-05T11:17:02.527-0300] {processor.py:179} INFO - Processing /home/felipe/.local/lib/python3.11/site-packages/airflow/example_dags/example_xcom.py took 0.075 seconds
[2024-01-05T11:18:14.398-0300] {processor.py:157} INFO - Started process (PID=17828) to work on /home/felipe/.local/lib/python3.11/site-packages/airflow/example_dags/example_xcom.py
[2024-01-05T11:18:14.430-0300] {processor.py:829} INFO - Processing file /home/felipe/.local/lib/python3.11/site-packages/airflow/example_dags/example_xcom.py for tasks to queue
[2024-01-05T11:18:14.431-0300] {logging_mixin.py:154} INFO - [2024-01-05T11:18:14.430-0300] {dagbag.py:536} INFO - Filling up the DagBag from /home/felipe/.local/lib/python3.11/site-packages/airflow/example_dags/example_xcom.py
[2024-01-05T11:18:14.435-0300] {processor.py:839} INFO - DAG(s) dict_keys(['example_xcom']) retrieved from /home/felipe/.local/lib/python3.11/site-packages/airflow/example_dags/example_xcom.py
[2024-01-05T11:18:14.445-0300] {logging_mixin.py:154} INFO - [2024-01-05T11:18:14.445-0300] {dag.py:2941} INFO - Sync 1 DAGs
[2024-01-05T11:18:14.454-0300] {logging_mixin.py:154} INFO - [2024-01-05T11:18:14.454-0300] {dag.py:3722} INFO - Setting next_dagrun for example_xcom to 2021-01-01T00:00:00+00:00, run_after=2021-01-01T00:00:00+00:00
[2024-01-05T11:18:14.471-0300] {processor.py:179} INFO - Processing /home/felipe/.local/lib/python3.11/site-packages/airflow/example_dags/example_xcom.py took 0.075 seconds
[2024-01-05T11:19:28.872-0300] {processor.py:157} INFO - Started process (PID=17945) to work on /home/felipe/.local/lib/python3.11/site-packages/airflow/example_dags/example_xcom.py
[2024-01-05T11:19:28.904-0300] {processor.py:829} INFO - Processing file /home/felipe/.local/lib/python3.11/site-packages/airflow/example_dags/example_xcom.py for tasks to queue
[2024-01-05T11:19:28.905-0300] {logging_mixin.py:154} INFO - [2024-01-05T11:19:28.905-0300] {dagbag.py:536} INFO - Filling up the DagBag from /home/felipe/.local/lib/python3.11/site-packages/airflow/example_dags/example_xcom.py
[2024-01-05T11:19:28.911-0300] {processor.py:839} INFO - DAG(s) dict_keys(['example_xcom']) retrieved from /home/felipe/.local/lib/python3.11/site-packages/airflow/example_dags/example_xcom.py
[2024-01-05T11:19:28.921-0300] {logging_mixin.py:154} INFO - [2024-01-05T11:19:28.921-0300] {dag.py:2941} INFO - Sync 1 DAGs
[2024-01-05T11:19:28.931-0300] {logging_mixin.py:154} INFO - [2024-01-05T11:19:28.931-0300] {dag.py:3722} INFO - Setting next_dagrun for example_xcom to 2021-01-01T00:00:00+00:00, run_after=2021-01-01T00:00:00+00:00
[2024-01-05T11:19:28.948-0300] {processor.py:179} INFO - Processing /home/felipe/.local/lib/python3.11/site-packages/airflow/example_dags/example_xcom.py took 0.078 seconds
[2024-01-05T11:20:35.665-0300] {processor.py:157} INFO - Started process (PID=18062) to work on /home/felipe/.local/lib/python3.11/site-packages/airflow/example_dags/example_xcom.py
[2024-01-05T11:20:35.697-0300] {processor.py:829} INFO - Processing file /home/felipe/.local/lib/python3.11/site-packages/airflow/example_dags/example_xcom.py for tasks to queue
[2024-01-05T11:20:35.697-0300] {logging_mixin.py:154} INFO - [2024-01-05T11:20:35.697-0300] {dagbag.py:536} INFO - Filling up the DagBag from /home/felipe/.local/lib/python3.11/site-packages/airflow/example_dags/example_xcom.py
[2024-01-05T11:20:35.702-0300] {processor.py:839} INFO - DAG(s) dict_keys(['example_xcom']) retrieved from /home/felipe/.local/lib/python3.11/site-packages/airflow/example_dags/example_xcom.py
[2024-01-05T11:20:35.712-0300] {logging_mixin.py:154} INFO - [2024-01-05T11:20:35.712-0300] {dag.py:2941} INFO - Sync 1 DAGs
[2024-01-05T11:20:35.722-0300] {logging_mixin.py:154} INFO - [2024-01-05T11:20:35.722-0300] {dag.py:3722} INFO - Setting next_dagrun for example_xcom to 2021-01-01T00:00:00+00:00, run_after=2021-01-01T00:00:00+00:00
[2024-01-05T11:20:35.739-0300] {processor.py:179} INFO - Processing /home/felipe/.local/lib/python3.11/site-packages/airflow/example_dags/example_xcom.py took 0.077 seconds
[2024-01-05T11:21:38.171-0300] {processor.py:157} INFO - Started process (PID=18171) to work on /home/felipe/.local/lib/python3.11/site-packages/airflow/example_dags/example_xcom.py
[2024-01-05T11:21:38.203-0300] {processor.py:829} INFO - Processing file /home/felipe/.local/lib/python3.11/site-packages/airflow/example_dags/example_xcom.py for tasks to queue
[2024-01-05T11:21:38.203-0300] {logging_mixin.py:154} INFO - [2024-01-05T11:21:38.203-0300] {dagbag.py:536} INFO - Filling up the DagBag from /home/felipe/.local/lib/python3.11/site-packages/airflow/example_dags/example_xcom.py
[2024-01-05T11:21:38.208-0300] {processor.py:839} INFO - DAG(s) dict_keys(['example_xcom']) retrieved from /home/felipe/.local/lib/python3.11/site-packages/airflow/example_dags/example_xcom.py
[2024-01-05T11:21:38.217-0300] {logging_mixin.py:154} INFO - [2024-01-05T11:21:38.217-0300] {dag.py:2941} INFO - Sync 1 DAGs
[2024-01-05T11:21:38.227-0300] {logging_mixin.py:154} INFO - [2024-01-05T11:21:38.227-0300] {dag.py:3722} INFO - Setting next_dagrun for example_xcom to 2021-01-01T00:00:00+00:00, run_after=2021-01-01T00:00:00+00:00
[2024-01-05T11:21:38.245-0300] {processor.py:179} INFO - Processing /home/felipe/.local/lib/python3.11/site-packages/airflow/example_dags/example_xcom.py took 0.076 seconds
[2024-01-05T11:22:37.459-0300] {processor.py:157} INFO - Started process (PID=18283) to work on /home/felipe/.local/lib/python3.11/site-packages/airflow/example_dags/example_xcom.py
[2024-01-05T11:22:37.491-0300] {processor.py:829} INFO - Processing file /home/felipe/.local/lib/python3.11/site-packages/airflow/example_dags/example_xcom.py for tasks to queue
[2024-01-05T11:22:37.492-0300] {logging_mixin.py:154} INFO - [2024-01-05T11:22:37.491-0300] {dagbag.py:536} INFO - Filling up the DagBag from /home/felipe/.local/lib/python3.11/site-packages/airflow/example_dags/example_xcom.py
[2024-01-05T11:22:37.496-0300] {processor.py:839} INFO - DAG(s) dict_keys(['example_xcom']) retrieved from /home/felipe/.local/lib/python3.11/site-packages/airflow/example_dags/example_xcom.py
[2024-01-05T11:22:37.506-0300] {logging_mixin.py:154} INFO - [2024-01-05T11:22:37.506-0300] {dag.py:2941} INFO - Sync 1 DAGs
[2024-01-05T11:22:37.515-0300] {logging_mixin.py:154} INFO - [2024-01-05T11:22:37.515-0300] {dag.py:3722} INFO - Setting next_dagrun for example_xcom to 2021-01-01T00:00:00+00:00, run_after=2021-01-01T00:00:00+00:00
[2024-01-05T11:22:37.532-0300] {processor.py:179} INFO - Processing /home/felipe/.local/lib/python3.11/site-packages/airflow/example_dags/example_xcom.py took 0.074 seconds
[2024-01-05T11:23:46.306-0300] {processor.py:157} INFO - Started process (PID=18403) to work on /home/felipe/.local/lib/python3.11/site-packages/airflow/example_dags/example_xcom.py
[2024-01-05T11:23:46.338-0300] {processor.py:829} INFO - Processing file /home/felipe/.local/lib/python3.11/site-packages/airflow/example_dags/example_xcom.py for tasks to queue
[2024-01-05T11:23:46.339-0300] {logging_mixin.py:154} INFO - [2024-01-05T11:23:46.339-0300] {dagbag.py:536} INFO - Filling up the DagBag from /home/felipe/.local/lib/python3.11/site-packages/airflow/example_dags/example_xcom.py
[2024-01-05T11:23:46.343-0300] {processor.py:839} INFO - DAG(s) dict_keys(['example_xcom']) retrieved from /home/felipe/.local/lib/python3.11/site-packages/airflow/example_dags/example_xcom.py
[2024-01-05T11:23:46.353-0300] {logging_mixin.py:154} INFO - [2024-01-05T11:23:46.353-0300] {dag.py:2941} INFO - Sync 1 DAGs
[2024-01-05T11:23:46.363-0300] {logging_mixin.py:154} INFO - [2024-01-05T11:23:46.363-0300] {dag.py:3722} INFO - Setting next_dagrun for example_xcom to 2021-01-01T00:00:00+00:00, run_after=2021-01-01T00:00:00+00:00
[2024-01-05T11:23:46.374-0300] {processor.py:179} INFO - Processing /home/felipe/.local/lib/python3.11/site-packages/airflow/example_dags/example_xcom.py took 0.070 seconds
[2024-01-05T11:24:50.877-0300] {processor.py:157} INFO - Started process (PID=18520) to work on /home/felipe/.local/lib/python3.11/site-packages/airflow/example_dags/example_xcom.py
[2024-01-05T11:24:50.909-0300] {processor.py:829} INFO - Processing file /home/felipe/.local/lib/python3.11/site-packages/airflow/example_dags/example_xcom.py for tasks to queue
[2024-01-05T11:24:50.910-0300] {logging_mixin.py:154} INFO - [2024-01-05T11:24:50.909-0300] {dagbag.py:536} INFO - Filling up the DagBag from /home/felipe/.local/lib/python3.11/site-packages/airflow/example_dags/example_xcom.py
[2024-01-05T11:24:50.914-0300] {processor.py:839} INFO - DAG(s) dict_keys(['example_xcom']) retrieved from /home/felipe/.local/lib/python3.11/site-packages/airflow/example_dags/example_xcom.py
[2024-01-05T11:24:50.924-0300] {logging_mixin.py:154} INFO - [2024-01-05T11:24:50.924-0300] {dag.py:2941} INFO - Sync 1 DAGs
[2024-01-05T11:24:50.934-0300] {logging_mixin.py:154} INFO - [2024-01-05T11:24:50.934-0300] {dag.py:3722} INFO - Setting next_dagrun for example_xcom to 2021-01-01T00:00:00+00:00, run_after=2021-01-01T00:00:00+00:00
[2024-01-05T11:24:50.952-0300] {processor.py:179} INFO - Processing /home/felipe/.local/lib/python3.11/site-packages/airflow/example_dags/example_xcom.py took 0.077 seconds
[2024-01-05T11:26:03.074-0300] {processor.py:157} INFO - Started process (PID=18678) to work on /home/felipe/.local/lib/python3.11/site-packages/airflow/example_dags/example_xcom.py
[2024-01-05T11:26:03.106-0300] {processor.py:829} INFO - Processing file /home/felipe/.local/lib/python3.11/site-packages/airflow/example_dags/example_xcom.py for tasks to queue
[2024-01-05T11:26:03.107-0300] {logging_mixin.py:154} INFO - [2024-01-05T11:26:03.106-0300] {dagbag.py:536} INFO - Filling up the DagBag from /home/felipe/.local/lib/python3.11/site-packages/airflow/example_dags/example_xcom.py
[2024-01-05T11:26:03.111-0300] {processor.py:839} INFO - DAG(s) dict_keys(['example_xcom']) retrieved from /home/felipe/.local/lib/python3.11/site-packages/airflow/example_dags/example_xcom.py
[2024-01-05T11:26:03.120-0300] {logging_mixin.py:154} INFO - [2024-01-05T11:26:03.120-0300] {dag.py:2941} INFO - Sync 1 DAGs
[2024-01-05T11:26:03.130-0300] {logging_mixin.py:154} INFO - [2024-01-05T11:26:03.130-0300] {dag.py:3722} INFO - Setting next_dagrun for example_xcom to 2021-01-01T00:00:00+00:00, run_after=2021-01-01T00:00:00+00:00
[2024-01-05T11:26:03.147-0300] {processor.py:179} INFO - Processing /home/felipe/.local/lib/python3.11/site-packages/airflow/example_dags/example_xcom.py took 0.075 seconds
[2024-01-05T11:27:13.937-0300] {processor.py:157} INFO - Started process (PID=18802) to work on /home/felipe/.local/lib/python3.11/site-packages/airflow/example_dags/example_xcom.py
[2024-01-05T11:27:13.969-0300] {processor.py:829} INFO - Processing file /home/felipe/.local/lib/python3.11/site-packages/airflow/example_dags/example_xcom.py for tasks to queue
[2024-01-05T11:27:13.970-0300] {logging_mixin.py:154} INFO - [2024-01-05T11:27:13.969-0300] {dagbag.py:536} INFO - Filling up the DagBag from /home/felipe/.local/lib/python3.11/site-packages/airflow/example_dags/example_xcom.py
[2024-01-05T11:27:13.974-0300] {processor.py:839} INFO - DAG(s) dict_keys(['example_xcom']) retrieved from /home/felipe/.local/lib/python3.11/site-packages/airflow/example_dags/example_xcom.py
[2024-01-05T11:27:13.984-0300] {logging_mixin.py:154} INFO - [2024-01-05T11:27:13.984-0300] {dag.py:2941} INFO - Sync 1 DAGs
[2024-01-05T11:27:13.993-0300] {logging_mixin.py:154} INFO - [2024-01-05T11:27:13.993-0300] {dag.py:3722} INFO - Setting next_dagrun for example_xcom to 2021-01-01T00:00:00+00:00, run_after=2021-01-01T00:00:00+00:00
[2024-01-05T11:27:14.010-0300] {processor.py:179} INFO - Processing /home/felipe/.local/lib/python3.11/site-packages/airflow/example_dags/example_xcom.py took 0.076 seconds
[2024-01-05T11:28:05.565-0300] {processor.py:157} INFO - Started process (PID=18884) to work on /home/felipe/.local/lib/python3.11/site-packages/airflow/example_dags/example_xcom.py
[2024-01-05T11:28:05.597-0300] {processor.py:829} INFO - Processing file /home/felipe/.local/lib/python3.11/site-packages/airflow/example_dags/example_xcom.py for tasks to queue
[2024-01-05T11:28:05.597-0300] {logging_mixin.py:154} INFO - [2024-01-05T11:28:05.597-0300] {dagbag.py:536} INFO - Filling up the DagBag from /home/felipe/.local/lib/python3.11/site-packages/airflow/example_dags/example_xcom.py
[2024-01-05T11:28:05.602-0300] {processor.py:839} INFO - DAG(s) dict_keys(['example_xcom']) retrieved from /home/felipe/.local/lib/python3.11/site-packages/airflow/example_dags/example_xcom.py
[2024-01-05T11:28:05.611-0300] {logging_mixin.py:154} INFO - [2024-01-05T11:28:05.611-0300] {dag.py:2941} INFO - Sync 1 DAGs
[2024-01-05T11:28:05.621-0300] {logging_mixin.py:154} INFO - [2024-01-05T11:28:05.621-0300] {dag.py:3722} INFO - Setting next_dagrun for example_xcom to 2021-01-01T00:00:00+00:00, run_after=2021-01-01T00:00:00+00:00
[2024-01-05T11:28:05.638-0300] {processor.py:179} INFO - Processing /home/felipe/.local/lib/python3.11/site-packages/airflow/example_dags/example_xcom.py took 0.076 seconds
[2024-01-05T11:29:20.249-0300] {processor.py:157} INFO - Started process (PID=19005) to work on /home/felipe/.local/lib/python3.11/site-packages/airflow/example_dags/example_xcom.py
[2024-01-05T11:29:20.281-0300] {processor.py:829} INFO - Processing file /home/felipe/.local/lib/python3.11/site-packages/airflow/example_dags/example_xcom.py for tasks to queue
[2024-01-05T11:29:20.281-0300] {logging_mixin.py:154} INFO - [2024-01-05T11:29:20.281-0300] {dagbag.py:536} INFO - Filling up the DagBag from /home/felipe/.local/lib/python3.11/site-packages/airflow/example_dags/example_xcom.py
[2024-01-05T11:29:20.286-0300] {processor.py:839} INFO - DAG(s) dict_keys(['example_xcom']) retrieved from /home/felipe/.local/lib/python3.11/site-packages/airflow/example_dags/example_xcom.py
[2024-01-05T11:29:20.295-0300] {logging_mixin.py:154} INFO - [2024-01-05T11:29:20.295-0300] {dag.py:2941} INFO - Sync 1 DAGs
[2024-01-05T11:29:20.305-0300] {logging_mixin.py:154} INFO - [2024-01-05T11:29:20.304-0300] {dag.py:3722} INFO - Setting next_dagrun for example_xcom to 2021-01-01T00:00:00+00:00, run_after=2021-01-01T00:00:00+00:00
[2024-01-05T11:29:20.321-0300] {processor.py:179} INFO - Processing /home/felipe/.local/lib/python3.11/site-packages/airflow/example_dags/example_xcom.py took 0.075 seconds
[2024-01-05T11:30:10.352-0300] {processor.py:157} INFO - Started process (PID=19089) to work on /home/felipe/.local/lib/python3.11/site-packages/airflow/example_dags/example_xcom.py
[2024-01-05T11:30:10.384-0300] {processor.py:829} INFO - Processing file /home/felipe/.local/lib/python3.11/site-packages/airflow/example_dags/example_xcom.py for tasks to queue
[2024-01-05T11:30:10.385-0300] {logging_mixin.py:154} INFO - [2024-01-05T11:30:10.385-0300] {dagbag.py:536} INFO - Filling up the DagBag from /home/felipe/.local/lib/python3.11/site-packages/airflow/example_dags/example_xcom.py
[2024-01-05T11:30:10.389-0300] {processor.py:839} INFO - DAG(s) dict_keys(['example_xcom']) retrieved from /home/felipe/.local/lib/python3.11/site-packages/airflow/example_dags/example_xcom.py
[2024-01-05T11:30:10.399-0300] {logging_mixin.py:154} INFO - [2024-01-05T11:30:10.399-0300] {dag.py:2941} INFO - Sync 1 DAGs
[2024-01-05T11:30:10.409-0300] {logging_mixin.py:154} INFO - [2024-01-05T11:30:10.409-0300] {dag.py:3722} INFO - Setting next_dagrun for example_xcom to 2021-01-01T00:00:00+00:00, run_after=2021-01-01T00:00:00+00:00
[2024-01-05T11:30:10.426-0300] {processor.py:179} INFO - Processing /home/felipe/.local/lib/python3.11/site-packages/airflow/example_dags/example_xcom.py took 0.076 seconds
[2024-01-05T11:31:09.387-0300] {processor.py:157} INFO - Started process (PID=19221) to work on /home/felipe/.local/lib/python3.11/site-packages/airflow/example_dags/example_xcom.py
[2024-01-05T11:31:09.419-0300] {processor.py:829} INFO - Processing file /home/felipe/.local/lib/python3.11/site-packages/airflow/example_dags/example_xcom.py for tasks to queue
[2024-01-05T11:31:09.420-0300] {logging_mixin.py:154} INFO - [2024-01-05T11:31:09.420-0300] {dagbag.py:536} INFO - Filling up the DagBag from /home/felipe/.local/lib/python3.11/site-packages/airflow/example_dags/example_xcom.py
[2024-01-05T11:31:09.425-0300] {processor.py:839} INFO - DAG(s) dict_keys(['example_xcom']) retrieved from /home/felipe/.local/lib/python3.11/site-packages/airflow/example_dags/example_xcom.py
[2024-01-05T11:31:09.434-0300] {logging_mixin.py:154} INFO - [2024-01-05T11:31:09.434-0300] {dag.py:2941} INFO - Sync 1 DAGs
[2024-01-05T11:31:09.444-0300] {logging_mixin.py:154} INFO - [2024-01-05T11:31:09.444-0300] {dag.py:3722} INFO - Setting next_dagrun for example_xcom to 2021-01-01T00:00:00+00:00, run_after=2021-01-01T00:00:00+00:00
[2024-01-05T11:31:09.461-0300] {processor.py:179} INFO - Processing /home/felipe/.local/lib/python3.11/site-packages/airflow/example_dags/example_xcom.py took 0.076 seconds
[2024-01-05T11:32:14.407-0300] {processor.py:157} INFO - Started process (PID=19334) to work on /home/felipe/.local/lib/python3.11/site-packages/airflow/example_dags/example_xcom.py
[2024-01-05T11:32:14.408-0300] {processor.py:829} INFO - Processing file /home/felipe/.local/lib/python3.11/site-packages/airflow/example_dags/example_xcom.py for tasks to queue
[2024-01-05T11:32:14.408-0300] {logging_mixin.py:154} INFO - [2024-01-05T11:32:14.408-0300] {dagbag.py:536} INFO - Filling up the DagBag from /home/felipe/.local/lib/python3.11/site-packages/airflow/example_dags/example_xcom.py
[2024-01-05T11:32:14.413-0300] {processor.py:839} INFO - DAG(s) dict_keys(['example_xcom']) retrieved from /home/felipe/.local/lib/python3.11/site-packages/airflow/example_dags/example_xcom.py
[2024-01-05T11:32:14.422-0300] {logging_mixin.py:154} INFO - [2024-01-05T11:32:14.422-0300] {dag.py:2941} INFO - Sync 1 DAGs
[2024-01-05T11:32:14.432-0300] {logging_mixin.py:154} INFO - [2024-01-05T11:32:14.432-0300] {dag.py:3722} INFO - Setting next_dagrun for example_xcom to 2021-01-01T00:00:00+00:00, run_after=2021-01-01T00:00:00+00:00
[2024-01-05T11:32:14.442-0300] {processor.py:179} INFO - Processing /home/felipe/.local/lib/python3.11/site-packages/airflow/example_dags/example_xcom.py took 0.037 seconds
[2024-01-05T11:33:05.793-0300] {processor.py:157} INFO - Started process (PID=19412) to work on /home/felipe/.local/lib/python3.11/site-packages/airflow/example_dags/example_xcom.py
[2024-01-05T11:33:05.794-0300] {processor.py:829} INFO - Processing file /home/felipe/.local/lib/python3.11/site-packages/airflow/example_dags/example_xcom.py for tasks to queue
[2024-01-05T11:33:05.794-0300] {logging_mixin.py:154} INFO - [2024-01-05T11:33:05.794-0300] {dagbag.py:536} INFO - Filling up the DagBag from /home/felipe/.local/lib/python3.11/site-packages/airflow/example_dags/example_xcom.py
[2024-01-05T11:33:05.799-0300] {processor.py:839} INFO - DAG(s) dict_keys(['example_xcom']) retrieved from /home/felipe/.local/lib/python3.11/site-packages/airflow/example_dags/example_xcom.py
[2024-01-05T11:33:05.809-0300] {logging_mixin.py:154} INFO - [2024-01-05T11:33:05.808-0300] {dag.py:2941} INFO - Sync 1 DAGs
[2024-01-05T11:33:05.818-0300] {logging_mixin.py:154} INFO - [2024-01-05T11:33:05.818-0300] {dag.py:3722} INFO - Setting next_dagrun for example_xcom to 2021-01-01T00:00:00+00:00, run_after=2021-01-01T00:00:00+00:00
[2024-01-05T11:33:05.835-0300] {processor.py:179} INFO - Processing /home/felipe/.local/lib/python3.11/site-packages/airflow/example_dags/example_xcom.py took 0.044 seconds
[2024-01-05T11:34:19.245-0300] {processor.py:157} INFO - Started process (PID=19557) to work on /home/felipe/.local/lib/python3.11/site-packages/airflow/example_dags/example_xcom.py
[2024-01-05T11:34:19.246-0300] {processor.py:829} INFO - Processing file /home/felipe/.local/lib/python3.11/site-packages/airflow/example_dags/example_xcom.py for tasks to queue
[2024-01-05T11:34:19.246-0300] {logging_mixin.py:154} INFO - [2024-01-05T11:34:19.246-0300] {dagbag.py:536} INFO - Filling up the DagBag from /home/felipe/.local/lib/python3.11/site-packages/airflow/example_dags/example_xcom.py
[2024-01-05T11:34:19.251-0300] {processor.py:839} INFO - DAG(s) dict_keys(['example_xcom']) retrieved from /home/felipe/.local/lib/python3.11/site-packages/airflow/example_dags/example_xcom.py
[2024-01-05T11:34:19.261-0300] {logging_mixin.py:154} INFO - [2024-01-05T11:34:19.261-0300] {dag.py:2941} INFO - Sync 1 DAGs
[2024-01-05T11:34:19.271-0300] {logging_mixin.py:154} INFO - [2024-01-05T11:34:19.271-0300] {dag.py:3722} INFO - Setting next_dagrun for example_xcom to 2021-01-01T00:00:00+00:00, run_after=2021-01-01T00:00:00+00:00
[2024-01-05T11:34:19.281-0300] {processor.py:179} INFO - Processing /home/felipe/.local/lib/python3.11/site-packages/airflow/example_dags/example_xcom.py took 0.038 seconds
[2024-01-05T11:35:09.633-0300] {processor.py:157} INFO - Started process (PID=19668) to work on /home/felipe/.local/lib/python3.11/site-packages/airflow/example_dags/example_xcom.py
[2024-01-05T11:35:09.666-0300] {processor.py:829} INFO - Processing file /home/felipe/.local/lib/python3.11/site-packages/airflow/example_dags/example_xcom.py for tasks to queue
[2024-01-05T11:35:09.666-0300] {logging_mixin.py:154} INFO - [2024-01-05T11:35:09.666-0300] {dagbag.py:536} INFO - Filling up the DagBag from /home/felipe/.local/lib/python3.11/site-packages/airflow/example_dags/example_xcom.py
[2024-01-05T11:35:09.671-0300] {processor.py:839} INFO - DAG(s) dict_keys(['example_xcom']) retrieved from /home/felipe/.local/lib/python3.11/site-packages/airflow/example_dags/example_xcom.py
[2024-01-05T11:35:09.681-0300] {logging_mixin.py:154} INFO - [2024-01-05T11:35:09.681-0300] {dag.py:2941} INFO - Sync 1 DAGs
[2024-01-05T11:35:09.691-0300] {logging_mixin.py:154} INFO - [2024-01-05T11:35:09.691-0300] {dag.py:3722} INFO - Setting next_dagrun for example_xcom to 2021-01-01T00:00:00+00:00, run_after=2021-01-01T00:00:00+00:00
[2024-01-05T11:35:09.711-0300] {processor.py:179} INFO - Processing /home/felipe/.local/lib/python3.11/site-packages/airflow/example_dags/example_xcom.py took 0.080 seconds
[2024-01-05T11:36:21.683-0300] {processor.py:157} INFO - Started process (PID=19793) to work on /home/felipe/.local/lib/python3.11/site-packages/airflow/example_dags/example_xcom.py
[2024-01-05T11:36:21.715-0300] {processor.py:829} INFO - Processing file /home/felipe/.local/lib/python3.11/site-packages/airflow/example_dags/example_xcom.py for tasks to queue
[2024-01-05T11:36:21.716-0300] {logging_mixin.py:154} INFO - [2024-01-05T11:36:21.716-0300] {dagbag.py:536} INFO - Filling up the DagBag from /home/felipe/.local/lib/python3.11/site-packages/airflow/example_dags/example_xcom.py
[2024-01-05T11:36:21.721-0300] {processor.py:839} INFO - DAG(s) dict_keys(['example_xcom']) retrieved from /home/felipe/.local/lib/python3.11/site-packages/airflow/example_dags/example_xcom.py
[2024-01-05T11:36:21.730-0300] {logging_mixin.py:154} INFO - [2024-01-05T11:36:21.730-0300] {dag.py:2941} INFO - Sync 1 DAGs
[2024-01-05T11:36:21.740-0300] {logging_mixin.py:154} INFO - [2024-01-05T11:36:21.740-0300] {dag.py:3722} INFO - Setting next_dagrun for example_xcom to 2021-01-01T00:00:00+00:00, run_after=2021-01-01T00:00:00+00:00
[2024-01-05T11:36:21.756-0300] {processor.py:179} INFO - Processing /home/felipe/.local/lib/python3.11/site-packages/airflow/example_dags/example_xcom.py took 0.075 seconds
[2024-01-05T11:37:11.616-0300] {processor.py:157} INFO - Started process (PID=19892) to work on /home/felipe/.local/lib/python3.11/site-packages/airflow/example_dags/example_xcom.py
[2024-01-05T11:37:11.648-0300] {processor.py:829} INFO - Processing file /home/felipe/.local/lib/python3.11/site-packages/airflow/example_dags/example_xcom.py for tasks to queue
[2024-01-05T11:37:11.649-0300] {logging_mixin.py:154} INFO - [2024-01-05T11:37:11.649-0300] {dagbag.py:536} INFO - Filling up the DagBag from /home/felipe/.local/lib/python3.11/site-packages/airflow/example_dags/example_xcom.py
[2024-01-05T11:37:11.654-0300] {processor.py:839} INFO - DAG(s) dict_keys(['example_xcom']) retrieved from /home/felipe/.local/lib/python3.11/site-packages/airflow/example_dags/example_xcom.py
[2024-01-05T11:37:11.665-0300] {logging_mixin.py:154} INFO - [2024-01-05T11:37:11.664-0300] {dag.py:2941} INFO - Sync 1 DAGs
[2024-01-05T11:37:11.674-0300] {logging_mixin.py:154} INFO - [2024-01-05T11:37:11.674-0300] {dag.py:3722} INFO - Setting next_dagrun for example_xcom to 2021-01-01T00:00:00+00:00, run_after=2021-01-01T00:00:00+00:00
[2024-01-05T11:37:11.684-0300] {processor.py:179} INFO - Processing /home/felipe/.local/lib/python3.11/site-packages/airflow/example_dags/example_xcom.py took 0.069 seconds
[2024-01-05T11:37:59.889-0300] {processor.py:157} INFO - Started process (PID=19982) to work on /home/felipe/.local/lib/python3.11/site-packages/airflow/example_dags/example_xcom.py
[2024-01-05T11:37:59.893-0300] {processor.py:829} INFO - Processing file /home/felipe/.local/lib/python3.11/site-packages/airflow/example_dags/example_xcom.py for tasks to queue
[2024-01-05T11:37:59.894-0300] {logging_mixin.py:154} INFO - [2024-01-05T11:37:59.894-0300] {dagbag.py:536} INFO - Filling up the DagBag from /home/felipe/.local/lib/python3.11/site-packages/airflow/example_dags/example_xcom.py
[2024-01-05T11:37:59.899-0300] {processor.py:839} INFO - DAG(s) dict_keys(['example_xcom']) retrieved from /home/felipe/.local/lib/python3.11/site-packages/airflow/example_dags/example_xcom.py
[2024-01-05T11:37:59.909-0300] {logging_mixin.py:154} INFO - [2024-01-05T11:37:59.909-0300] {dag.py:2941} INFO - Sync 1 DAGs
[2024-01-05T11:37:59.918-0300] {logging_mixin.py:154} INFO - [2024-01-05T11:37:59.918-0300] {dag.py:3722} INFO - Setting next_dagrun for example_xcom to 2021-01-01T00:00:00+00:00, run_after=2021-01-01T00:00:00+00:00
[2024-01-05T11:37:59.929-0300] {processor.py:179} INFO - Processing /home/felipe/.local/lib/python3.11/site-packages/airflow/example_dags/example_xcom.py took 0.042 seconds
[2024-01-05T11:39:00.141-0300] {processor.py:157} INFO - Started process (PID=20101) to work on /home/felipe/.local/lib/python3.11/site-packages/airflow/example_dags/example_xcom.py
[2024-01-05T11:39:00.173-0300] {processor.py:829} INFO - Processing file /home/felipe/.local/lib/python3.11/site-packages/airflow/example_dags/example_xcom.py for tasks to queue
[2024-01-05T11:39:00.173-0300] {logging_mixin.py:154} INFO - [2024-01-05T11:39:00.173-0300] {dagbag.py:536} INFO - Filling up the DagBag from /home/felipe/.local/lib/python3.11/site-packages/airflow/example_dags/example_xcom.py
[2024-01-05T11:39:00.178-0300] {processor.py:839} INFO - DAG(s) dict_keys(['example_xcom']) retrieved from /home/felipe/.local/lib/python3.11/site-packages/airflow/example_dags/example_xcom.py
[2024-01-05T11:39:00.188-0300] {logging_mixin.py:154} INFO - [2024-01-05T11:39:00.188-0300] {dag.py:2941} INFO - Sync 1 DAGs
[2024-01-05T11:39:00.197-0300] {logging_mixin.py:154} INFO - [2024-01-05T11:39:00.197-0300] {dag.py:3722} INFO - Setting next_dagrun for example_xcom to 2021-01-01T00:00:00+00:00, run_after=2021-01-01T00:00:00+00:00
[2024-01-05T11:39:00.214-0300] {processor.py:179} INFO - Processing /home/felipe/.local/lib/python3.11/site-packages/airflow/example_dags/example_xcom.py took 0.076 seconds
[2024-01-05T11:40:03.417-0300] {processor.py:157} INFO - Started process (PID=20211) to work on /home/felipe/.local/lib/python3.11/site-packages/airflow/example_dags/example_xcom.py
[2024-01-05T11:40:03.449-0300] {processor.py:829} INFO - Processing file /home/felipe/.local/lib/python3.11/site-packages/airflow/example_dags/example_xcom.py for tasks to queue
[2024-01-05T11:40:03.450-0300] {logging_mixin.py:154} INFO - [2024-01-05T11:40:03.450-0300] {dagbag.py:536} INFO - Filling up the DagBag from /home/felipe/.local/lib/python3.11/site-packages/airflow/example_dags/example_xcom.py
[2024-01-05T11:40:03.455-0300] {processor.py:839} INFO - DAG(s) dict_keys(['example_xcom']) retrieved from /home/felipe/.local/lib/python3.11/site-packages/airflow/example_dags/example_xcom.py
[2024-01-05T11:40:03.465-0300] {logging_mixin.py:154} INFO - [2024-01-05T11:40:03.465-0300] {dag.py:2941} INFO - Sync 1 DAGs
[2024-01-05T11:40:03.475-0300] {logging_mixin.py:154} INFO - [2024-01-05T11:40:03.475-0300] {dag.py:3722} INFO - Setting next_dagrun for example_xcom to 2021-01-01T00:00:00+00:00, run_after=2021-01-01T00:00:00+00:00
[2024-01-05T11:40:03.492-0300] {processor.py:179} INFO - Processing /home/felipe/.local/lib/python3.11/site-packages/airflow/example_dags/example_xcom.py took 0.077 seconds
[2024-01-05T11:41:11.521-0300] {processor.py:157} INFO - Started process (PID=20328) to work on /home/felipe/.local/lib/python3.11/site-packages/airflow/example_dags/example_xcom.py
[2024-01-05T11:41:11.553-0300] {processor.py:829} INFO - Processing file /home/felipe/.local/lib/python3.11/site-packages/airflow/example_dags/example_xcom.py for tasks to queue
[2024-01-05T11:41:11.554-0300] {logging_mixin.py:154} INFO - [2024-01-05T11:41:11.554-0300] {dagbag.py:536} INFO - Filling up the DagBag from /home/felipe/.local/lib/python3.11/site-packages/airflow/example_dags/example_xcom.py
[2024-01-05T11:41:11.559-0300] {processor.py:839} INFO - DAG(s) dict_keys(['example_xcom']) retrieved from /home/felipe/.local/lib/python3.11/site-packages/airflow/example_dags/example_xcom.py
[2024-01-05T11:41:11.569-0300] {logging_mixin.py:154} INFO - [2024-01-05T11:41:11.569-0300] {dag.py:2941} INFO - Sync 1 DAGs
[2024-01-05T11:41:11.579-0300] {logging_mixin.py:154} INFO - [2024-01-05T11:41:11.579-0300] {dag.py:3722} INFO - Setting next_dagrun for example_xcom to 2021-01-01T00:00:00+00:00, run_after=2021-01-01T00:00:00+00:00
[2024-01-05T11:41:11.596-0300] {processor.py:179} INFO - Processing /home/felipe/.local/lib/python3.11/site-packages/airflow/example_dags/example_xcom.py took 0.077 seconds
[2024-01-05T11:42:00.583-0300] {processor.py:157} INFO - Started process (PID=20408) to work on /home/felipe/.local/lib/python3.11/site-packages/airflow/example_dags/example_xcom.py
[2024-01-05T11:42:00.615-0300] {processor.py:829} INFO - Processing file /home/felipe/.local/lib/python3.11/site-packages/airflow/example_dags/example_xcom.py for tasks to queue
[2024-01-05T11:42:00.616-0300] {logging_mixin.py:154} INFO - [2024-01-05T11:42:00.616-0300] {dagbag.py:536} INFO - Filling up the DagBag from /home/felipe/.local/lib/python3.11/site-packages/airflow/example_dags/example_xcom.py
[2024-01-05T11:42:00.621-0300] {processor.py:839} INFO - DAG(s) dict_keys(['example_xcom']) retrieved from /home/felipe/.local/lib/python3.11/site-packages/airflow/example_dags/example_xcom.py
[2024-01-05T11:42:00.631-0300] {logging_mixin.py:154} INFO - [2024-01-05T11:42:00.631-0300] {dag.py:2941} INFO - Sync 1 DAGs
[2024-01-05T11:42:00.641-0300] {logging_mixin.py:154} INFO - [2024-01-05T11:42:00.641-0300] {dag.py:3722} INFO - Setting next_dagrun for example_xcom to 2021-01-01T00:00:00+00:00, run_after=2021-01-01T00:00:00+00:00
[2024-01-05T11:42:00.658-0300] {processor.py:179} INFO - Processing /home/felipe/.local/lib/python3.11/site-packages/airflow/example_dags/example_xcom.py took 0.077 seconds
[2024-01-05T11:43:01.619-0300] {processor.py:157} INFO - Started process (PID=20516) to work on /home/felipe/.local/lib/python3.11/site-packages/airflow/example_dags/example_xcom.py
[2024-01-05T11:43:01.651-0300] {processor.py:829} INFO - Processing file /home/felipe/.local/lib/python3.11/site-packages/airflow/example_dags/example_xcom.py for tasks to queue
[2024-01-05T11:43:01.651-0300] {logging_mixin.py:154} INFO - [2024-01-05T11:43:01.651-0300] {dagbag.py:536} INFO - Filling up the DagBag from /home/felipe/.local/lib/python3.11/site-packages/airflow/example_dags/example_xcom.py
[2024-01-05T11:43:01.656-0300] {processor.py:839} INFO - DAG(s) dict_keys(['example_xcom']) retrieved from /home/felipe/.local/lib/python3.11/site-packages/airflow/example_dags/example_xcom.py
[2024-01-05T11:43:01.666-0300] {logging_mixin.py:154} INFO - [2024-01-05T11:43:01.666-0300] {dag.py:2941} INFO - Sync 1 DAGs
[2024-01-05T11:43:01.675-0300] {logging_mixin.py:154} INFO - [2024-01-05T11:43:01.675-0300] {dag.py:3722} INFO - Setting next_dagrun for example_xcom to 2021-01-01T00:00:00+00:00, run_after=2021-01-01T00:00:00+00:00
[2024-01-05T11:43:01.692-0300] {processor.py:179} INFO - Processing /home/felipe/.local/lib/python3.11/site-packages/airflow/example_dags/example_xcom.py took 0.075 seconds
[2024-01-05T11:44:04.354-0300] {processor.py:157} INFO - Started process (PID=20636) to work on /home/felipe/.local/lib/python3.11/site-packages/airflow/example_dags/example_xcom.py
[2024-01-05T11:44:04.386-0300] {processor.py:829} INFO - Processing file /home/felipe/.local/lib/python3.11/site-packages/airflow/example_dags/example_xcom.py for tasks to queue
[2024-01-05T11:44:04.387-0300] {logging_mixin.py:154} INFO - [2024-01-05T11:44:04.386-0300] {dagbag.py:536} INFO - Filling up the DagBag from /home/felipe/.local/lib/python3.11/site-packages/airflow/example_dags/example_xcom.py
[2024-01-05T11:44:04.391-0300] {processor.py:839} INFO - DAG(s) dict_keys(['example_xcom']) retrieved from /home/felipe/.local/lib/python3.11/site-packages/airflow/example_dags/example_xcom.py
[2024-01-05T11:44:04.401-0300] {logging_mixin.py:154} INFO - [2024-01-05T11:44:04.401-0300] {dag.py:2941} INFO - Sync 1 DAGs
[2024-01-05T11:44:04.411-0300] {logging_mixin.py:154} INFO - [2024-01-05T11:44:04.411-0300] {dag.py:3722} INFO - Setting next_dagrun for example_xcom to 2021-01-01T00:00:00+00:00, run_after=2021-01-01T00:00:00+00:00
[2024-01-05T11:44:04.428-0300] {processor.py:179} INFO - Processing /home/felipe/.local/lib/python3.11/site-packages/airflow/example_dags/example_xcom.py took 0.076 seconds
[2024-01-05T11:45:16.380-0300] {processor.py:157} INFO - Started process (PID=20754) to work on /home/felipe/.local/lib/python3.11/site-packages/airflow/example_dags/example_xcom.py
[2024-01-05T11:45:16.412-0300] {processor.py:829} INFO - Processing file /home/felipe/.local/lib/python3.11/site-packages/airflow/example_dags/example_xcom.py for tasks to queue
[2024-01-05T11:45:16.413-0300] {logging_mixin.py:154} INFO - [2024-01-05T11:45:16.412-0300] {dagbag.py:536} INFO - Filling up the DagBag from /home/felipe/.local/lib/python3.11/site-packages/airflow/example_dags/example_xcom.py
[2024-01-05T11:45:16.417-0300] {processor.py:839} INFO - DAG(s) dict_keys(['example_xcom']) retrieved from /home/felipe/.local/lib/python3.11/site-packages/airflow/example_dags/example_xcom.py
[2024-01-05T11:45:16.427-0300] {logging_mixin.py:154} INFO - [2024-01-05T11:45:16.427-0300] {dag.py:2941} INFO - Sync 1 DAGs
[2024-01-05T11:45:16.438-0300] {logging_mixin.py:154} INFO - [2024-01-05T11:45:16.437-0300] {dag.py:3722} INFO - Setting next_dagrun for example_xcom to 2021-01-01T00:00:00+00:00, run_after=2021-01-01T00:00:00+00:00
[2024-01-05T11:45:16.447-0300] {processor.py:179} INFO - Processing /home/felipe/.local/lib/python3.11/site-packages/airflow/example_dags/example_xcom.py took 0.069 seconds
[2024-01-05T11:46:25.303-0300] {processor.py:157} INFO - Started process (PID=20868) to work on /home/felipe/.local/lib/python3.11/site-packages/airflow/example_dags/example_xcom.py
[2024-01-05T11:46:25.335-0300] {processor.py:829} INFO - Processing file /home/felipe/.local/lib/python3.11/site-packages/airflow/example_dags/example_xcom.py for tasks to queue
[2024-01-05T11:46:25.335-0300] {logging_mixin.py:154} INFO - [2024-01-05T11:46:25.335-0300] {dagbag.py:536} INFO - Filling up the DagBag from /home/felipe/.local/lib/python3.11/site-packages/airflow/example_dags/example_xcom.py
[2024-01-05T11:46:25.340-0300] {processor.py:839} INFO - DAG(s) dict_keys(['example_xcom']) retrieved from /home/felipe/.local/lib/python3.11/site-packages/airflow/example_dags/example_xcom.py
[2024-01-05T11:46:25.349-0300] {logging_mixin.py:154} INFO - [2024-01-05T11:46:25.349-0300] {dag.py:2941} INFO - Sync 1 DAGs
[2024-01-05T11:46:25.359-0300] {logging_mixin.py:154} INFO - [2024-01-05T11:46:25.359-0300] {dag.py:3722} INFO - Setting next_dagrun for example_xcom to 2021-01-01T00:00:00+00:00, run_after=2021-01-01T00:00:00+00:00
[2024-01-05T11:46:25.379-0300] {processor.py:179} INFO - Processing /home/felipe/.local/lib/python3.11/site-packages/airflow/example_dags/example_xcom.py took 0.078 seconds
[2024-01-05T11:47:16.711-0300] {processor.py:157} INFO - Started process (PID=20949) to work on /home/felipe/.local/lib/python3.11/site-packages/airflow/example_dags/example_xcom.py
[2024-01-05T11:47:16.743-0300] {processor.py:829} INFO - Processing file /home/felipe/.local/lib/python3.11/site-packages/airflow/example_dags/example_xcom.py for tasks to queue
[2024-01-05T11:47:16.743-0300] {logging_mixin.py:154} INFO - [2024-01-05T11:47:16.743-0300] {dagbag.py:536} INFO - Filling up the DagBag from /home/felipe/.local/lib/python3.11/site-packages/airflow/example_dags/example_xcom.py
[2024-01-05T11:47:16.748-0300] {processor.py:839} INFO - DAG(s) dict_keys(['example_xcom']) retrieved from /home/felipe/.local/lib/python3.11/site-packages/airflow/example_dags/example_xcom.py
[2024-01-05T11:47:16.757-0300] {logging_mixin.py:154} INFO - [2024-01-05T11:47:16.757-0300] {dag.py:2941} INFO - Sync 1 DAGs
[2024-01-05T11:47:16.766-0300] {logging_mixin.py:154} INFO - [2024-01-05T11:47:16.766-0300] {dag.py:3722} INFO - Setting next_dagrun for example_xcom to 2021-01-01T00:00:00+00:00, run_after=2021-01-01T00:00:00+00:00
[2024-01-05T11:47:16.783-0300] {processor.py:179} INFO - Processing /home/felipe/.local/lib/python3.11/site-packages/airflow/example_dags/example_xcom.py took 0.074 seconds
[2024-01-05T11:48:06.117-0300] {processor.py:157} INFO - Started process (PID=21028) to work on /home/felipe/.local/lib/python3.11/site-packages/airflow/example_dags/example_xcom.py
[2024-01-05T11:48:06.149-0300] {processor.py:829} INFO - Processing file /home/felipe/.local/lib/python3.11/site-packages/airflow/example_dags/example_xcom.py for tasks to queue
[2024-01-05T11:48:06.150-0300] {logging_mixin.py:154} INFO - [2024-01-05T11:48:06.149-0300] {dagbag.py:536} INFO - Filling up the DagBag from /home/felipe/.local/lib/python3.11/site-packages/airflow/example_dags/example_xcom.py
[2024-01-05T11:48:06.155-0300] {processor.py:839} INFO - DAG(s) dict_keys(['example_xcom']) retrieved from /home/felipe/.local/lib/python3.11/site-packages/airflow/example_dags/example_xcom.py
[2024-01-05T11:48:06.165-0300] {logging_mixin.py:154} INFO - [2024-01-05T11:48:06.165-0300] {dag.py:2941} INFO - Sync 1 DAGs
[2024-01-05T11:48:06.175-0300] {logging_mixin.py:154} INFO - [2024-01-05T11:48:06.175-0300] {dag.py:3722} INFO - Setting next_dagrun for example_xcom to 2021-01-01T00:00:00+00:00, run_after=2021-01-01T00:00:00+00:00
[2024-01-05T11:48:06.192-0300] {processor.py:179} INFO - Processing /home/felipe/.local/lib/python3.11/site-packages/airflow/example_dags/example_xcom.py took 0.077 seconds
[2024-01-05T11:49:04.353-0300] {processor.py:157} INFO - Started process (PID=21134) to work on /home/felipe/.local/lib/python3.11/site-packages/airflow/example_dags/example_xcom.py
[2024-01-05T11:49:04.386-0300] {processor.py:829} INFO - Processing file /home/felipe/.local/lib/python3.11/site-packages/airflow/example_dags/example_xcom.py for tasks to queue
[2024-01-05T11:49:04.386-0300] {logging_mixin.py:154} INFO - [2024-01-05T11:49:04.386-0300] {dagbag.py:536} INFO - Filling up the DagBag from /home/felipe/.local/lib/python3.11/site-packages/airflow/example_dags/example_xcom.py
[2024-01-05T11:49:04.391-0300] {processor.py:839} INFO - DAG(s) dict_keys(['example_xcom']) retrieved from /home/felipe/.local/lib/python3.11/site-packages/airflow/example_dags/example_xcom.py
[2024-01-05T11:49:04.400-0300] {logging_mixin.py:154} INFO - [2024-01-05T11:49:04.400-0300] {dag.py:2941} INFO - Sync 1 DAGs
[2024-01-05T11:49:04.410-0300] {logging_mixin.py:154} INFO - [2024-01-05T11:49:04.410-0300] {dag.py:3722} INFO - Setting next_dagrun for example_xcom to 2021-01-01T00:00:00+00:00, run_after=2021-01-01T00:00:00+00:00
[2024-01-05T11:49:04.427-0300] {processor.py:179} INFO - Processing /home/felipe/.local/lib/python3.11/site-packages/airflow/example_dags/example_xcom.py took 0.076 seconds
[2024-01-05T11:49:55.283-0300] {processor.py:157} INFO - Started process (PID=21218) to work on /home/felipe/.local/lib/python3.11/site-packages/airflow/example_dags/example_xcom.py
[2024-01-05T11:49:55.315-0300] {processor.py:829} INFO - Processing file /home/felipe/.local/lib/python3.11/site-packages/airflow/example_dags/example_xcom.py for tasks to queue
[2024-01-05T11:49:55.315-0300] {logging_mixin.py:154} INFO - [2024-01-05T11:49:55.315-0300] {dagbag.py:536} INFO - Filling up the DagBag from /home/felipe/.local/lib/python3.11/site-packages/airflow/example_dags/example_xcom.py
[2024-01-05T11:49:55.320-0300] {processor.py:839} INFO - DAG(s) dict_keys(['example_xcom']) retrieved from /home/felipe/.local/lib/python3.11/site-packages/airflow/example_dags/example_xcom.py
[2024-01-05T11:49:55.329-0300] {logging_mixin.py:154} INFO - [2024-01-05T11:49:55.329-0300] {dag.py:2941} INFO - Sync 1 DAGs
[2024-01-05T11:49:55.339-0300] {logging_mixin.py:154} INFO - [2024-01-05T11:49:55.339-0300] {dag.py:3722} INFO - Setting next_dagrun for example_xcom to 2021-01-01T00:00:00+00:00, run_after=2021-01-01T00:00:00+00:00
[2024-01-05T11:49:55.356-0300] {processor.py:179} INFO - Processing /home/felipe/.local/lib/python3.11/site-packages/airflow/example_dags/example_xcom.py took 0.075 seconds
[2024-01-05T11:50:59.226-0300] {processor.py:157} INFO - Started process (PID=21316) to work on /home/felipe/.local/lib/python3.11/site-packages/airflow/example_dags/example_xcom.py
[2024-01-05T11:50:59.258-0300] {processor.py:829} INFO - Processing file /home/felipe/.local/lib/python3.11/site-packages/airflow/example_dags/example_xcom.py for tasks to queue
[2024-01-05T11:50:59.259-0300] {logging_mixin.py:154} INFO - [2024-01-05T11:50:59.259-0300] {dagbag.py:536} INFO - Filling up the DagBag from /home/felipe/.local/lib/python3.11/site-packages/airflow/example_dags/example_xcom.py
[2024-01-05T11:50:59.264-0300] {processor.py:839} INFO - DAG(s) dict_keys(['example_xcom']) retrieved from /home/felipe/.local/lib/python3.11/site-packages/airflow/example_dags/example_xcom.py
[2024-01-05T11:50:59.273-0300] {logging_mixin.py:154} INFO - [2024-01-05T11:50:59.273-0300] {dag.py:2941} INFO - Sync 1 DAGs
[2024-01-05T11:50:59.282-0300] {logging_mixin.py:154} INFO - [2024-01-05T11:50:59.282-0300] {dag.py:3722} INFO - Setting next_dagrun for example_xcom to 2021-01-01T00:00:00+00:00, run_after=2021-01-01T00:00:00+00:00
[2024-01-05T11:50:59.299-0300] {processor.py:179} INFO - Processing /home/felipe/.local/lib/python3.11/site-packages/airflow/example_dags/example_xcom.py took 0.075 seconds
[2024-01-05T11:52:06.723-0300] {processor.py:157} INFO - Started process (PID=21482) to work on /home/felipe/.local/lib/python3.11/site-packages/airflow/example_dags/example_xcom.py
[2024-01-05T11:52:06.724-0300] {processor.py:829} INFO - Processing file /home/felipe/.local/lib/python3.11/site-packages/airflow/example_dags/example_xcom.py for tasks to queue
[2024-01-05T11:52:06.724-0300] {logging_mixin.py:154} INFO - [2024-01-05T11:52:06.724-0300] {dagbag.py:536} INFO - Filling up the DagBag from /home/felipe/.local/lib/python3.11/site-packages/airflow/example_dags/example_xcom.py
[2024-01-05T11:52:06.729-0300] {processor.py:839} INFO - DAG(s) dict_keys(['example_xcom']) retrieved from /home/felipe/.local/lib/python3.11/site-packages/airflow/example_dags/example_xcom.py
[2024-01-05T11:52:06.738-0300] {logging_mixin.py:154} INFO - [2024-01-05T11:52:06.738-0300] {dag.py:2941} INFO - Sync 1 DAGs
[2024-01-05T11:52:06.747-0300] {logging_mixin.py:154} INFO - [2024-01-05T11:52:06.747-0300] {dag.py:3722} INFO - Setting next_dagrun for example_xcom to 2021-01-01T00:00:00+00:00, run_after=2021-01-01T00:00:00+00:00
[2024-01-05T11:52:06.761-0300] {processor.py:179} INFO - Processing /home/felipe/.local/lib/python3.11/site-packages/airflow/example_dags/example_xcom.py took 0.040 seconds
