[2024-01-05T10:30:00.836-0300] {processor.py:157} INFO - Started process (PID=11241) to work on /home/felipe/.local/lib/python3.11/site-packages/airflow/example_dags/example_trigger_target_dag.py
[2024-01-05T10:30:00.837-0300] {processor.py:829} INFO - Processing file /home/felipe/.local/lib/python3.11/site-packages/airflow/example_dags/example_trigger_target_dag.py for tasks to queue
[2024-01-05T10:30:00.837-0300] {logging_mixin.py:154} INFO - [2024-01-05T10:30:00.837-0300] {dagbag.py:536} INFO - Filling up the DagBag from /home/felipe/.local/lib/python3.11/site-packages/airflow/example_dags/example_trigger_target_dag.py
[2024-01-05T10:30:00.841-0300] {processor.py:839} INFO - DAG(s) dict_keys(['example_trigger_target_dag']) retrieved from /home/felipe/.local/lib/python3.11/site-packages/airflow/example_dags/example_trigger_target_dag.py
[2024-01-05T10:30:00.852-0300] {logging_mixin.py:154} INFO - [2024-01-05T10:30:00.852-0300] {dag.py:2941} INFO - Sync 1 DAGs
[2024-01-05T10:30:00.858-0300] {logging_mixin.py:154} INFO - [2024-01-05T10:30:00.858-0300] {dag.py:3722} INFO - Setting next_dagrun for example_trigger_target_dag to None, run_after=None
[2024-01-05T10:30:00.900-0300] {processor.py:179} INFO - Processing /home/felipe/.local/lib/python3.11/site-packages/airflow/example_dags/example_trigger_target_dag.py took 0.065 seconds
[2024-01-05T10:31:18.052-0300] {processor.py:157} INFO - Started process (PID=11395) to work on /home/felipe/.local/lib/python3.11/site-packages/airflow/example_dags/example_trigger_target_dag.py
[2024-01-05T10:31:18.123-0300] {processor.py:829} INFO - Processing file /home/felipe/.local/lib/python3.11/site-packages/airflow/example_dags/example_trigger_target_dag.py for tasks to queue
[2024-01-05T10:31:18.124-0300] {logging_mixin.py:154} INFO - [2024-01-05T10:31:18.123-0300] {dagbag.py:536} INFO - Filling up the DagBag from /home/felipe/.local/lib/python3.11/site-packages/airflow/example_dags/example_trigger_target_dag.py
[2024-01-05T10:31:18.127-0300] {processor.py:839} INFO - DAG(s) dict_keys(['example_trigger_target_dag']) retrieved from /home/felipe/.local/lib/python3.11/site-packages/airflow/example_dags/example_trigger_target_dag.py
[2024-01-05T10:31:18.137-0300] {logging_mixin.py:154} INFO - [2024-01-05T10:31:18.137-0300] {dag.py:2941} INFO - Sync 1 DAGs
[2024-01-05T10:31:18.143-0300] {logging_mixin.py:154} INFO - [2024-01-05T10:31:18.143-0300] {dag.py:3722} INFO - Setting next_dagrun for example_trigger_target_dag to None, run_after=None
[2024-01-05T10:31:18.160-0300] {processor.py:179} INFO - Processing /home/felipe/.local/lib/python3.11/site-packages/airflow/example_dags/example_trigger_target_dag.py took 0.110 seconds
[2024-01-05T10:32:35.011-0300] {processor.py:157} INFO - Started process (PID=11500) to work on /home/felipe/.local/lib/python3.11/site-packages/airflow/example_dags/example_trigger_target_dag.py
[2024-01-05T10:32:35.043-0300] {processor.py:829} INFO - Processing file /home/felipe/.local/lib/python3.11/site-packages/airflow/example_dags/example_trigger_target_dag.py for tasks to queue
[2024-01-05T10:32:35.044-0300] {logging_mixin.py:154} INFO - [2024-01-05T10:32:35.044-0300] {dagbag.py:536} INFO - Filling up the DagBag from /home/felipe/.local/lib/python3.11/site-packages/airflow/example_dags/example_trigger_target_dag.py
[2024-01-05T10:32:35.048-0300] {processor.py:839} INFO - DAG(s) dict_keys(['example_trigger_target_dag']) retrieved from /home/felipe/.local/lib/python3.11/site-packages/airflow/example_dags/example_trigger_target_dag.py
[2024-01-05T10:32:35.056-0300] {logging_mixin.py:154} INFO - [2024-01-05T10:32:35.056-0300] {dag.py:2941} INFO - Sync 1 DAGs
[2024-01-05T10:32:35.062-0300] {logging_mixin.py:154} INFO - [2024-01-05T10:32:35.062-0300] {dag.py:3722} INFO - Setting next_dagrun for example_trigger_target_dag to None, run_after=None
[2024-01-05T10:32:35.079-0300] {processor.py:179} INFO - Processing /home/felipe/.local/lib/python3.11/site-packages/airflow/example_dags/example_trigger_target_dag.py took 0.069 seconds
[2024-01-05T10:34:24.043-0300] {processor.py:157} INFO - Started process (PID=11640) to work on /home/felipe/.local/lib/python3.11/site-packages/airflow/example_dags/example_trigger_target_dag.py
[2024-01-05T10:34:24.075-0300] {processor.py:829} INFO - Processing file /home/felipe/.local/lib/python3.11/site-packages/airflow/example_dags/example_trigger_target_dag.py for tasks to queue
[2024-01-05T10:34:24.076-0300] {logging_mixin.py:154} INFO - [2024-01-05T10:34:24.075-0300] {dagbag.py:536} INFO - Filling up the DagBag from /home/felipe/.local/lib/python3.11/site-packages/airflow/example_dags/example_trigger_target_dag.py
[2024-01-05T10:34:24.079-0300] {processor.py:839} INFO - DAG(s) dict_keys(['example_trigger_target_dag']) retrieved from /home/felipe/.local/lib/python3.11/site-packages/airflow/example_dags/example_trigger_target_dag.py
[2024-01-05T10:34:24.088-0300] {logging_mixin.py:154} INFO - [2024-01-05T10:34:24.088-0300] {dag.py:2941} INFO - Sync 1 DAGs
[2024-01-05T10:34:24.094-0300] {logging_mixin.py:154} INFO - [2024-01-05T10:34:24.094-0300] {dag.py:3722} INFO - Setting next_dagrun for example_trigger_target_dag to None, run_after=None
[2024-01-05T10:34:24.110-0300] {processor.py:179} INFO - Processing /home/felipe/.local/lib/python3.11/site-packages/airflow/example_dags/example_trigger_target_dag.py took 0.069 seconds
[2024-01-05T10:35:40.261-0300] {processor.py:157} INFO - Started process (PID=11730) to work on /home/felipe/.local/lib/python3.11/site-packages/airflow/example_dags/example_trigger_target_dag.py
[2024-01-05T10:35:40.293-0300] {processor.py:829} INFO - Processing file /home/felipe/.local/lib/python3.11/site-packages/airflow/example_dags/example_trigger_target_dag.py for tasks to queue
[2024-01-05T10:35:40.294-0300] {logging_mixin.py:154} INFO - [2024-01-05T10:35:40.294-0300] {dagbag.py:536} INFO - Filling up the DagBag from /home/felipe/.local/lib/python3.11/site-packages/airflow/example_dags/example_trigger_target_dag.py
[2024-01-05T10:35:40.298-0300] {processor.py:839} INFO - DAG(s) dict_keys(['example_trigger_target_dag']) retrieved from /home/felipe/.local/lib/python3.11/site-packages/airflow/example_dags/example_trigger_target_dag.py
[2024-01-05T10:35:40.306-0300] {logging_mixin.py:154} INFO - [2024-01-05T10:35:40.306-0300] {dag.py:2941} INFO - Sync 1 DAGs
[2024-01-05T10:35:40.312-0300] {logging_mixin.py:154} INFO - [2024-01-05T10:35:40.312-0300] {dag.py:3722} INFO - Setting next_dagrun for example_trigger_target_dag to None, run_after=None
[2024-01-05T10:35:40.329-0300] {processor.py:179} INFO - Processing /home/felipe/.local/lib/python3.11/site-packages/airflow/example_dags/example_trigger_target_dag.py took 0.070 seconds
[2024-01-05T10:36:57.621-0300] {processor.py:157} INFO - Started process (PID=11946) to work on /home/felipe/.local/lib/python3.11/site-packages/airflow/example_dags/example_trigger_target_dag.py
[2024-01-05T10:36:57.653-0300] {processor.py:829} INFO - Processing file /home/felipe/.local/lib/python3.11/site-packages/airflow/example_dags/example_trigger_target_dag.py for tasks to queue
[2024-01-05T10:36:57.654-0300] {logging_mixin.py:154} INFO - [2024-01-05T10:36:57.654-0300] {dagbag.py:536} INFO - Filling up the DagBag from /home/felipe/.local/lib/python3.11/site-packages/airflow/example_dags/example_trigger_target_dag.py
[2024-01-05T10:36:57.657-0300] {processor.py:839} INFO - DAG(s) dict_keys(['example_trigger_target_dag']) retrieved from /home/felipe/.local/lib/python3.11/site-packages/airflow/example_dags/example_trigger_target_dag.py
[2024-01-05T10:36:57.666-0300] {logging_mixin.py:154} INFO - [2024-01-05T10:36:57.666-0300] {dag.py:2941} INFO - Sync 1 DAGs
[2024-01-05T10:36:57.671-0300] {logging_mixin.py:154} INFO - [2024-01-05T10:36:57.671-0300] {dag.py:3722} INFO - Setting next_dagrun for example_trigger_target_dag to None, run_after=None
[2024-01-05T10:36:57.688-0300] {processor.py:179} INFO - Processing /home/felipe/.local/lib/python3.11/site-packages/airflow/example_dags/example_trigger_target_dag.py took 0.069 seconds
[2024-01-05T10:43:17.887-0300] {processor.py:157} INFO - Started process (PID=12591) to work on /home/felipe/.local/lib/python3.11/site-packages/airflow/example_dags/example_trigger_target_dag.py
[2024-01-05T10:43:17.920-0300] {processor.py:829} INFO - Processing file /home/felipe/.local/lib/python3.11/site-packages/airflow/example_dags/example_trigger_target_dag.py for tasks to queue
[2024-01-05T10:43:17.920-0300] {logging_mixin.py:154} INFO - [2024-01-05T10:43:17.920-0300] {dagbag.py:536} INFO - Filling up the DagBag from /home/felipe/.local/lib/python3.11/site-packages/airflow/example_dags/example_trigger_target_dag.py
[2024-01-05T10:43:17.924-0300] {processor.py:839} INFO - DAG(s) dict_keys(['example_trigger_target_dag']) retrieved from /home/felipe/.local/lib/python3.11/site-packages/airflow/example_dags/example_trigger_target_dag.py
[2024-01-05T10:43:17.935-0300] {logging_mixin.py:154} INFO - [2024-01-05T10:43:17.935-0300] {dag.py:2941} INFO - Sync 1 DAGs
[2024-01-05T10:43:17.942-0300] {logging_mixin.py:154} INFO - [2024-01-05T10:43:17.941-0300] {dag.py:3722} INFO - Setting next_dagrun for example_trigger_target_dag to None, run_after=None
[2024-01-05T10:43:17.955-0300] {processor.py:179} INFO - Processing /home/felipe/.local/lib/python3.11/site-packages/airflow/example_dags/example_trigger_target_dag.py took 0.069 seconds
[2024-01-05T10:44:14.990-0300] {processor.py:157} INFO - Started process (PID=12725) to work on /home/felipe/.local/lib/python3.11/site-packages/airflow/example_dags/example_trigger_target_dag.py
[2024-01-05T10:44:15.022-0300] {processor.py:829} INFO - Processing file /home/felipe/.local/lib/python3.11/site-packages/airflow/example_dags/example_trigger_target_dag.py for tasks to queue
[2024-01-05T10:44:15.023-0300] {logging_mixin.py:154} INFO - [2024-01-05T10:44:15.022-0300] {dagbag.py:536} INFO - Filling up the DagBag from /home/felipe/.local/lib/python3.11/site-packages/airflow/example_dags/example_trigger_target_dag.py
[2024-01-05T10:44:15.027-0300] {processor.py:839} INFO - DAG(s) dict_keys(['example_trigger_target_dag']) retrieved from /home/felipe/.local/lib/python3.11/site-packages/airflow/example_dags/example_trigger_target_dag.py
[2024-01-05T10:44:15.037-0300] {logging_mixin.py:154} INFO - [2024-01-05T10:44:15.037-0300] {dag.py:2941} INFO - Sync 1 DAGs
[2024-01-05T10:44:15.043-0300] {logging_mixin.py:154} INFO - [2024-01-05T10:44:15.043-0300] {dag.py:3722} INFO - Setting next_dagrun for example_trigger_target_dag to None, run_after=None
[2024-01-05T10:44:15.060-0300] {processor.py:179} INFO - Processing /home/felipe/.local/lib/python3.11/site-packages/airflow/example_dags/example_trigger_target_dag.py took 0.072 seconds
[2024-01-05T10:45:08.568-0300] {processor.py:157} INFO - Started process (PID=12829) to work on /home/felipe/.local/lib/python3.11/site-packages/airflow/example_dags/example_trigger_target_dag.py
[2024-01-05T10:45:08.569-0300] {processor.py:829} INFO - Processing file /home/felipe/.local/lib/python3.11/site-packages/airflow/example_dags/example_trigger_target_dag.py for tasks to queue
[2024-01-05T10:45:08.569-0300] {logging_mixin.py:154} INFO - [2024-01-05T10:45:08.569-0300] {dagbag.py:536} INFO - Filling up the DagBag from /home/felipe/.local/lib/python3.11/site-packages/airflow/example_dags/example_trigger_target_dag.py
[2024-01-05T10:45:08.573-0300] {processor.py:839} INFO - DAG(s) dict_keys(['example_trigger_target_dag']) retrieved from /home/felipe/.local/lib/python3.11/site-packages/airflow/example_dags/example_trigger_target_dag.py
[2024-01-05T10:45:08.582-0300] {logging_mixin.py:154} INFO - [2024-01-05T10:45:08.582-0300] {dag.py:2941} INFO - Sync 1 DAGs
[2024-01-05T10:45:08.588-0300] {logging_mixin.py:154} INFO - [2024-01-05T10:45:08.588-0300] {dag.py:3722} INFO - Setting next_dagrun for example_trigger_target_dag to None, run_after=None
[2024-01-05T10:45:08.598-0300] {processor.py:179} INFO - Processing /home/felipe/.local/lib/python3.11/site-packages/airflow/example_dags/example_trigger_target_dag.py took 0.032 seconds
[2024-01-05T10:46:15.562-0300] {processor.py:157} INFO - Started process (PID=13011) to work on /home/felipe/.local/lib/python3.11/site-packages/airflow/example_dags/example_trigger_target_dag.py
[2024-01-05T10:46:15.594-0300] {processor.py:829} INFO - Processing file /home/felipe/.local/lib/python3.11/site-packages/airflow/example_dags/example_trigger_target_dag.py for tasks to queue
[2024-01-05T10:46:15.595-0300] {logging_mixin.py:154} INFO - [2024-01-05T10:46:15.595-0300] {dagbag.py:536} INFO - Filling up the DagBag from /home/felipe/.local/lib/python3.11/site-packages/airflow/example_dags/example_trigger_target_dag.py
[2024-01-05T10:46:15.598-0300] {processor.py:839} INFO - DAG(s) dict_keys(['example_trigger_target_dag']) retrieved from /home/felipe/.local/lib/python3.11/site-packages/airflow/example_dags/example_trigger_target_dag.py
[2024-01-05T10:46:15.607-0300] {logging_mixin.py:154} INFO - [2024-01-05T10:46:15.607-0300] {dag.py:2941} INFO - Sync 1 DAGs
[2024-01-05T10:46:15.613-0300] {logging_mixin.py:154} INFO - [2024-01-05T10:46:15.613-0300] {dag.py:3722} INFO - Setting next_dagrun for example_trigger_target_dag to None, run_after=None
[2024-01-05T10:46:15.630-0300] {processor.py:179} INFO - Processing /home/felipe/.local/lib/python3.11/site-packages/airflow/example_dags/example_trigger_target_dag.py took 0.069 seconds
[2024-01-05T10:52:09.085-0300] {processor.py:157} INFO - Started process (PID=13504) to work on /home/felipe/.local/lib/python3.11/site-packages/airflow/example_dags/example_trigger_target_dag.py
[2024-01-05T10:52:09.086-0300] {processor.py:829} INFO - Processing file /home/felipe/.local/lib/python3.11/site-packages/airflow/example_dags/example_trigger_target_dag.py for tasks to queue
[2024-01-05T10:52:09.086-0300] {logging_mixin.py:154} INFO - [2024-01-05T10:52:09.086-0300] {dagbag.py:536} INFO - Filling up the DagBag from /home/felipe/.local/lib/python3.11/site-packages/airflow/example_dags/example_trigger_target_dag.py
[2024-01-05T10:52:09.090-0300] {processor.py:839} INFO - DAG(s) dict_keys(['example_trigger_target_dag']) retrieved from /home/felipe/.local/lib/python3.11/site-packages/airflow/example_dags/example_trigger_target_dag.py
[2024-01-05T10:52:09.099-0300] {logging_mixin.py:154} INFO - [2024-01-05T10:52:09.099-0300] {dag.py:2941} INFO - Sync 1 DAGs
[2024-01-05T10:52:09.105-0300] {logging_mixin.py:154} INFO - [2024-01-05T10:52:09.105-0300] {dag.py:3722} INFO - Setting next_dagrun for example_trigger_target_dag to None, run_after=None
[2024-01-05T10:52:09.120-0300] {processor.py:179} INFO - Processing /home/felipe/.local/lib/python3.11/site-packages/airflow/example_dags/example_trigger_target_dag.py took 0.037 seconds
[2024-01-05T10:52:59.534-0300] {processor.py:157} INFO - Started process (PID=13611) to work on /home/felipe/.local/lib/python3.11/site-packages/airflow/example_dags/example_trigger_target_dag.py
[2024-01-05T10:52:59.560-0300] {processor.py:829} INFO - Processing file /home/felipe/.local/lib/python3.11/site-packages/airflow/example_dags/example_trigger_target_dag.py for tasks to queue
[2024-01-05T10:52:59.561-0300] {logging_mixin.py:154} INFO - [2024-01-05T10:52:59.560-0300] {dagbag.py:536} INFO - Filling up the DagBag from /home/felipe/.local/lib/python3.11/site-packages/airflow/example_dags/example_trigger_target_dag.py
[2024-01-05T10:52:59.564-0300] {processor.py:839} INFO - DAG(s) dict_keys(['example_trigger_target_dag']) retrieved from /home/felipe/.local/lib/python3.11/site-packages/airflow/example_dags/example_trigger_target_dag.py
[2024-01-05T10:52:59.574-0300] {logging_mixin.py:154} INFO - [2024-01-05T10:52:59.574-0300] {dag.py:2941} INFO - Sync 1 DAGs
[2024-01-05T10:52:59.580-0300] {logging_mixin.py:154} INFO - [2024-01-05T10:52:59.580-0300] {dag.py:3722} INFO - Setting next_dagrun for example_trigger_target_dag to None, run_after=None
[2024-01-05T10:52:59.594-0300] {processor.py:179} INFO - Processing /home/felipe/.local/lib/python3.11/site-packages/airflow/example_dags/example_trigger_target_dag.py took 0.062 seconds
[2024-01-05T10:53:59.879-0300] {processor.py:157} INFO - Started process (PID=13799) to work on /home/felipe/.local/lib/python3.11/site-packages/airflow/example_dags/example_trigger_target_dag.py
[2024-01-05T10:53:59.911-0300] {processor.py:829} INFO - Processing file /home/felipe/.local/lib/python3.11/site-packages/airflow/example_dags/example_trigger_target_dag.py for tasks to queue
[2024-01-05T10:53:59.912-0300] {logging_mixin.py:154} INFO - [2024-01-05T10:53:59.912-0300] {dagbag.py:536} INFO - Filling up the DagBag from /home/felipe/.local/lib/python3.11/site-packages/airflow/example_dags/example_trigger_target_dag.py
[2024-01-05T10:53:59.916-0300] {processor.py:839} INFO - DAG(s) dict_keys(['example_trigger_target_dag']) retrieved from /home/felipe/.local/lib/python3.11/site-packages/airflow/example_dags/example_trigger_target_dag.py
[2024-01-05T10:53:59.924-0300] {logging_mixin.py:154} INFO - [2024-01-05T10:53:59.924-0300] {dag.py:2941} INFO - Sync 1 DAGs
[2024-01-05T10:53:59.930-0300] {logging_mixin.py:154} INFO - [2024-01-05T10:53:59.930-0300] {dag.py:3722} INFO - Setting next_dagrun for example_trigger_target_dag to None, run_after=None
[2024-01-05T10:53:59.946-0300] {processor.py:179} INFO - Processing /home/felipe/.local/lib/python3.11/site-packages/airflow/example_dags/example_trigger_target_dag.py took 0.069 seconds
[2024-01-05T10:55:04.010-0300] {processor.py:157} INFO - Started process (PID=13909) to work on /home/felipe/.local/lib/python3.11/site-packages/airflow/example_dags/example_trigger_target_dag.py
[2024-01-05T10:55:04.042-0300] {processor.py:829} INFO - Processing file /home/felipe/.local/lib/python3.11/site-packages/airflow/example_dags/example_trigger_target_dag.py for tasks to queue
[2024-01-05T10:55:04.042-0300] {logging_mixin.py:154} INFO - [2024-01-05T10:55:04.042-0300] {dagbag.py:536} INFO - Filling up the DagBag from /home/felipe/.local/lib/python3.11/site-packages/airflow/example_dags/example_trigger_target_dag.py
[2024-01-05T10:55:04.046-0300] {processor.py:839} INFO - DAG(s) dict_keys(['example_trigger_target_dag']) retrieved from /home/felipe/.local/lib/python3.11/site-packages/airflow/example_dags/example_trigger_target_dag.py
[2024-01-05T10:55:04.056-0300] {logging_mixin.py:154} INFO - [2024-01-05T10:55:04.056-0300] {dag.py:2941} INFO - Sync 1 DAGs
[2024-01-05T10:55:04.062-0300] {logging_mixin.py:154} INFO - [2024-01-05T10:55:04.062-0300] {dag.py:3722} INFO - Setting next_dagrun for example_trigger_target_dag to None, run_after=None
[2024-01-05T10:55:04.079-0300] {processor.py:179} INFO - Processing /home/felipe/.local/lib/python3.11/site-packages/airflow/example_dags/example_trigger_target_dag.py took 0.072 seconds
[2024-01-05T10:56:02.455-0300] {processor.py:157} INFO - Started process (PID=14034) to work on /home/felipe/.local/lib/python3.11/site-packages/airflow/example_dags/example_trigger_target_dag.py
[2024-01-05T10:56:02.457-0300] {processor.py:829} INFO - Processing file /home/felipe/.local/lib/python3.11/site-packages/airflow/example_dags/example_trigger_target_dag.py for tasks to queue
[2024-01-05T10:56:02.458-0300] {logging_mixin.py:154} INFO - [2024-01-05T10:56:02.458-0300] {dagbag.py:536} INFO - Filling up the DagBag from /home/felipe/.local/lib/python3.11/site-packages/airflow/example_dags/example_trigger_target_dag.py
[2024-01-05T10:56:02.461-0300] {processor.py:839} INFO - DAG(s) dict_keys(['example_trigger_target_dag']) retrieved from /home/felipe/.local/lib/python3.11/site-packages/airflow/example_dags/example_trigger_target_dag.py
[2024-01-05T10:56:02.470-0300] {logging_mixin.py:154} INFO - [2024-01-05T10:56:02.470-0300] {dag.py:2941} INFO - Sync 1 DAGs
[2024-01-05T10:56:02.476-0300] {logging_mixin.py:154} INFO - [2024-01-05T10:56:02.476-0300] {dag.py:3722} INFO - Setting next_dagrun for example_trigger_target_dag to None, run_after=None
[2024-01-05T10:56:02.486-0300] {processor.py:179} INFO - Processing /home/felipe/.local/lib/python3.11/site-packages/airflow/example_dags/example_trigger_target_dag.py took 0.033 seconds
[2024-01-05T10:57:04.245-0300] {processor.py:157} INFO - Started process (PID=14148) to work on /home/felipe/.local/lib/python3.11/site-packages/airflow/example_dags/example_trigger_target_dag.py
[2024-01-05T10:57:04.277-0300] {processor.py:829} INFO - Processing file /home/felipe/.local/lib/python3.11/site-packages/airflow/example_dags/example_trigger_target_dag.py for tasks to queue
[2024-01-05T10:57:04.278-0300] {logging_mixin.py:154} INFO - [2024-01-05T10:57:04.277-0300] {dagbag.py:536} INFO - Filling up the DagBag from /home/felipe/.local/lib/python3.11/site-packages/airflow/example_dags/example_trigger_target_dag.py
[2024-01-05T10:57:04.282-0300] {processor.py:839} INFO - DAG(s) dict_keys(['example_trigger_target_dag']) retrieved from /home/felipe/.local/lib/python3.11/site-packages/airflow/example_dags/example_trigger_target_dag.py
[2024-01-05T10:57:04.291-0300] {logging_mixin.py:154} INFO - [2024-01-05T10:57:04.291-0300] {dag.py:2941} INFO - Sync 1 DAGs
[2024-01-05T10:57:04.297-0300] {logging_mixin.py:154} INFO - [2024-01-05T10:57:04.297-0300] {dag.py:3722} INFO - Setting next_dagrun for example_trigger_target_dag to None, run_after=None
[2024-01-05T10:57:04.311-0300] {processor.py:179} INFO - Processing /home/felipe/.local/lib/python3.11/site-packages/airflow/example_dags/example_trigger_target_dag.py took 0.069 seconds
[2024-01-05T10:58:04.396-0300] {processor.py:157} INFO - Started process (PID=14264) to work on /home/felipe/.local/lib/python3.11/site-packages/airflow/example_dags/example_trigger_target_dag.py
[2024-01-05T10:58:04.396-0300] {processor.py:829} INFO - Processing file /home/felipe/.local/lib/python3.11/site-packages/airflow/example_dags/example_trigger_target_dag.py for tasks to queue
[2024-01-05T10:58:04.397-0300] {logging_mixin.py:154} INFO - [2024-01-05T10:58:04.396-0300] {dagbag.py:536} INFO - Filling up the DagBag from /home/felipe/.local/lib/python3.11/site-packages/airflow/example_dags/example_trigger_target_dag.py
[2024-01-05T10:58:04.400-0300] {processor.py:839} INFO - DAG(s) dict_keys(['example_trigger_target_dag']) retrieved from /home/felipe/.local/lib/python3.11/site-packages/airflow/example_dags/example_trigger_target_dag.py
[2024-01-05T10:58:04.409-0300] {logging_mixin.py:154} INFO - [2024-01-05T10:58:04.409-0300] {dag.py:2941} INFO - Sync 1 DAGs
[2024-01-05T10:58:04.416-0300] {logging_mixin.py:154} INFO - [2024-01-05T10:58:04.415-0300] {dag.py:3722} INFO - Setting next_dagrun for example_trigger_target_dag to None, run_after=None
[2024-01-05T10:58:04.426-0300] {processor.py:179} INFO - Processing /home/felipe/.local/lib/python3.11/site-packages/airflow/example_dags/example_trigger_target_dag.py took 0.033 seconds
[2024-01-05T10:59:07.043-0300] {processor.py:157} INFO - Started process (PID=14381) to work on /home/felipe/.local/lib/python3.11/site-packages/airflow/example_dags/example_trigger_target_dag.py
[2024-01-05T10:59:07.075-0300] {processor.py:829} INFO - Processing file /home/felipe/.local/lib/python3.11/site-packages/airflow/example_dags/example_trigger_target_dag.py for tasks to queue
[2024-01-05T10:59:07.075-0300] {logging_mixin.py:154} INFO - [2024-01-05T10:59:07.075-0300] {dagbag.py:536} INFO - Filling up the DagBag from /home/felipe/.local/lib/python3.11/site-packages/airflow/example_dags/example_trigger_target_dag.py
[2024-01-05T10:59:07.079-0300] {processor.py:839} INFO - DAG(s) dict_keys(['example_trigger_target_dag']) retrieved from /home/felipe/.local/lib/python3.11/site-packages/airflow/example_dags/example_trigger_target_dag.py
[2024-01-05T10:59:07.088-0300] {logging_mixin.py:154} INFO - [2024-01-05T10:59:07.088-0300] {dag.py:2941} INFO - Sync 1 DAGs
[2024-01-05T10:59:07.094-0300] {logging_mixin.py:154} INFO - [2024-01-05T10:59:07.094-0300] {dag.py:3722} INFO - Setting next_dagrun for example_trigger_target_dag to None, run_after=None
[2024-01-05T10:59:07.111-0300] {processor.py:179} INFO - Processing /home/felipe/.local/lib/python3.11/site-packages/airflow/example_dags/example_trigger_target_dag.py took 0.070 seconds
[2024-01-05T11:00:09.007-0300] {processor.py:157} INFO - Started process (PID=14497) to work on /home/felipe/.local/lib/python3.11/site-packages/airflow/example_dags/example_trigger_target_dag.py
[2024-01-05T11:00:09.039-0300] {processor.py:829} INFO - Processing file /home/felipe/.local/lib/python3.11/site-packages/airflow/example_dags/example_trigger_target_dag.py for tasks to queue
[2024-01-05T11:00:09.040-0300] {logging_mixin.py:154} INFO - [2024-01-05T11:00:09.040-0300] {dagbag.py:536} INFO - Filling up the DagBag from /home/felipe/.local/lib/python3.11/site-packages/airflow/example_dags/example_trigger_target_dag.py
[2024-01-05T11:00:09.044-0300] {processor.py:839} INFO - DAG(s) dict_keys(['example_trigger_target_dag']) retrieved from /home/felipe/.local/lib/python3.11/site-packages/airflow/example_dags/example_trigger_target_dag.py
[2024-01-05T11:00:09.053-0300] {logging_mixin.py:154} INFO - [2024-01-05T11:00:09.053-0300] {dag.py:2941} INFO - Sync 1 DAGs
[2024-01-05T11:00:09.059-0300] {logging_mixin.py:154} INFO - [2024-01-05T11:00:09.059-0300] {dag.py:3722} INFO - Setting next_dagrun for example_trigger_target_dag to None, run_after=None
[2024-01-05T11:00:09.076-0300] {processor.py:179} INFO - Processing /home/felipe/.local/lib/python3.11/site-packages/airflow/example_dags/example_trigger_target_dag.py took 0.071 seconds
[2024-01-05T11:01:14.087-0300] {processor.py:157} INFO - Started process (PID=14616) to work on /home/felipe/.local/lib/python3.11/site-packages/airflow/example_dags/example_trigger_target_dag.py
[2024-01-05T11:01:14.119-0300] {processor.py:829} INFO - Processing file /home/felipe/.local/lib/python3.11/site-packages/airflow/example_dags/example_trigger_target_dag.py for tasks to queue
[2024-01-05T11:01:14.119-0300] {logging_mixin.py:154} INFO - [2024-01-05T11:01:14.119-0300] {dagbag.py:536} INFO - Filling up the DagBag from /home/felipe/.local/lib/python3.11/site-packages/airflow/example_dags/example_trigger_target_dag.py
[2024-01-05T11:01:14.123-0300] {processor.py:839} INFO - DAG(s) dict_keys(['example_trigger_target_dag']) retrieved from /home/felipe/.local/lib/python3.11/site-packages/airflow/example_dags/example_trigger_target_dag.py
[2024-01-05T11:01:14.132-0300] {logging_mixin.py:154} INFO - [2024-01-05T11:01:14.132-0300] {dag.py:2941} INFO - Sync 1 DAGs
[2024-01-05T11:01:14.138-0300] {logging_mixin.py:154} INFO - [2024-01-05T11:01:14.138-0300] {dag.py:3722} INFO - Setting next_dagrun for example_trigger_target_dag to None, run_after=None
[2024-01-05T11:01:14.154-0300] {processor.py:179} INFO - Processing /home/felipe/.local/lib/python3.11/site-packages/airflow/example_dags/example_trigger_target_dag.py took 0.069 seconds
[2024-01-05T11:02:19.342-0300] {processor.py:157} INFO - Started process (PID=14729) to work on /home/felipe/.local/lib/python3.11/site-packages/airflow/example_dags/example_trigger_target_dag.py
[2024-01-05T11:02:19.381-0300] {processor.py:829} INFO - Processing file /home/felipe/.local/lib/python3.11/site-packages/airflow/example_dags/example_trigger_target_dag.py for tasks to queue
[2024-01-05T11:02:19.381-0300] {logging_mixin.py:154} INFO - [2024-01-05T11:02:19.381-0300] {dagbag.py:536} INFO - Filling up the DagBag from /home/felipe/.local/lib/python3.11/site-packages/airflow/example_dags/example_trigger_target_dag.py
[2024-01-05T11:02:19.385-0300] {processor.py:839} INFO - DAG(s) dict_keys(['example_trigger_target_dag']) retrieved from /home/felipe/.local/lib/python3.11/site-packages/airflow/example_dags/example_trigger_target_dag.py
[2024-01-05T11:02:19.394-0300] {logging_mixin.py:154} INFO - [2024-01-05T11:02:19.394-0300] {dag.py:2941} INFO - Sync 1 DAGs
[2024-01-05T11:02:19.400-0300] {logging_mixin.py:154} INFO - [2024-01-05T11:02:19.400-0300] {dag.py:3722} INFO - Setting next_dagrun for example_trigger_target_dag to None, run_after=None
[2024-01-05T11:02:19.417-0300] {processor.py:179} INFO - Processing /home/felipe/.local/lib/python3.11/site-packages/airflow/example_dags/example_trigger_target_dag.py took 0.077 seconds
[2024-01-05T11:03:12.223-0300] {processor.py:157} INFO - Started process (PID=14813) to work on /home/felipe/.local/lib/python3.11/site-packages/airflow/example_dags/example_trigger_target_dag.py
[2024-01-05T11:03:12.256-0300] {processor.py:829} INFO - Processing file /home/felipe/.local/lib/python3.11/site-packages/airflow/example_dags/example_trigger_target_dag.py for tasks to queue
[2024-01-05T11:03:12.256-0300] {logging_mixin.py:154} INFO - [2024-01-05T11:03:12.256-0300] {dagbag.py:536} INFO - Filling up the DagBag from /home/felipe/.local/lib/python3.11/site-packages/airflow/example_dags/example_trigger_target_dag.py
[2024-01-05T11:03:12.260-0300] {processor.py:839} INFO - DAG(s) dict_keys(['example_trigger_target_dag']) retrieved from /home/felipe/.local/lib/python3.11/site-packages/airflow/example_dags/example_trigger_target_dag.py
[2024-01-05T11:03:12.270-0300] {logging_mixin.py:154} INFO - [2024-01-05T11:03:12.270-0300] {dag.py:2941} INFO - Sync 1 DAGs
[2024-01-05T11:03:12.276-0300] {logging_mixin.py:154} INFO - [2024-01-05T11:03:12.276-0300] {dag.py:3722} INFO - Setting next_dagrun for example_trigger_target_dag to None, run_after=None
[2024-01-05T11:03:12.293-0300] {processor.py:179} INFO - Processing /home/felipe/.local/lib/python3.11/site-packages/airflow/example_dags/example_trigger_target_dag.py took 0.071 seconds
[2024-01-05T11:04:18.754-0300] {processor.py:157} INFO - Started process (PID=14931) to work on /home/felipe/.local/lib/python3.11/site-packages/airflow/example_dags/example_trigger_target_dag.py
[2024-01-05T11:04:18.787-0300] {processor.py:829} INFO - Processing file /home/felipe/.local/lib/python3.11/site-packages/airflow/example_dags/example_trigger_target_dag.py for tasks to queue
[2024-01-05T11:04:18.787-0300] {logging_mixin.py:154} INFO - [2024-01-05T11:04:18.787-0300] {dagbag.py:536} INFO - Filling up the DagBag from /home/felipe/.local/lib/python3.11/site-packages/airflow/example_dags/example_trigger_target_dag.py
[2024-01-05T11:04:18.791-0300] {processor.py:839} INFO - DAG(s) dict_keys(['example_trigger_target_dag']) retrieved from /home/felipe/.local/lib/python3.11/site-packages/airflow/example_dags/example_trigger_target_dag.py
[2024-01-05T11:04:18.801-0300] {logging_mixin.py:154} INFO - [2024-01-05T11:04:18.801-0300] {dag.py:2941} INFO - Sync 1 DAGs
[2024-01-05T11:04:18.807-0300] {logging_mixin.py:154} INFO - [2024-01-05T11:04:18.807-0300] {dag.py:3722} INFO - Setting next_dagrun for example_trigger_target_dag to None, run_after=None
[2024-01-05T11:04:18.824-0300] {processor.py:179} INFO - Processing /home/felipe/.local/lib/python3.11/site-packages/airflow/example_dags/example_trigger_target_dag.py took 0.072 seconds
[2024-01-05T11:05:27.757-0300] {processor.py:157} INFO - Started process (PID=15081) to work on /home/felipe/.local/lib/python3.11/site-packages/airflow/example_dags/example_trigger_target_dag.py
[2024-01-05T11:05:27.789-0300] {processor.py:829} INFO - Processing file /home/felipe/.local/lib/python3.11/site-packages/airflow/example_dags/example_trigger_target_dag.py for tasks to queue
[2024-01-05T11:05:27.790-0300] {logging_mixin.py:154} INFO - [2024-01-05T11:05:27.789-0300] {dagbag.py:536} INFO - Filling up the DagBag from /home/felipe/.local/lib/python3.11/site-packages/airflow/example_dags/example_trigger_target_dag.py
[2024-01-05T11:05:27.795-0300] {processor.py:839} INFO - DAG(s) dict_keys(['example_trigger_target_dag']) retrieved from /home/felipe/.local/lib/python3.11/site-packages/airflow/example_dags/example_trigger_target_dag.py
[2024-01-05T11:05:27.805-0300] {logging_mixin.py:154} INFO - [2024-01-05T11:05:27.805-0300] {dag.py:2941} INFO - Sync 1 DAGs
[2024-01-05T11:05:27.811-0300] {logging_mixin.py:154} INFO - [2024-01-05T11:05:27.811-0300] {dag.py:3722} INFO - Setting next_dagrun for example_trigger_target_dag to None, run_after=None
[2024-01-05T11:05:27.828-0300] {processor.py:179} INFO - Processing /home/felipe/.local/lib/python3.11/site-packages/airflow/example_dags/example_trigger_target_dag.py took 0.074 seconds
[2024-01-05T11:06:37.083-0300] {processor.py:157} INFO - Started process (PID=15195) to work on /home/felipe/.local/lib/python3.11/site-packages/airflow/example_dags/example_trigger_target_dag.py
[2024-01-05T11:06:37.115-0300] {processor.py:829} INFO - Processing file /home/felipe/.local/lib/python3.11/site-packages/airflow/example_dags/example_trigger_target_dag.py for tasks to queue
[2024-01-05T11:06:37.116-0300] {logging_mixin.py:154} INFO - [2024-01-05T11:06:37.115-0300] {dagbag.py:536} INFO - Filling up the DagBag from /home/felipe/.local/lib/python3.11/site-packages/airflow/example_dags/example_trigger_target_dag.py
[2024-01-05T11:06:37.120-0300] {processor.py:839} INFO - DAG(s) dict_keys(['example_trigger_target_dag']) retrieved from /home/felipe/.local/lib/python3.11/site-packages/airflow/example_dags/example_trigger_target_dag.py
[2024-01-05T11:06:37.129-0300] {logging_mixin.py:154} INFO - [2024-01-05T11:06:37.129-0300] {dag.py:2941} INFO - Sync 1 DAGs
[2024-01-05T11:06:37.135-0300] {logging_mixin.py:154} INFO - [2024-01-05T11:06:37.135-0300] {dag.py:3722} INFO - Setting next_dagrun for example_trigger_target_dag to None, run_after=None
[2024-01-05T11:06:37.153-0300] {processor.py:179} INFO - Processing /home/felipe/.local/lib/python3.11/site-packages/airflow/example_dags/example_trigger_target_dag.py took 0.072 seconds
[2024-01-05T11:07:44.541-0300] {processor.py:157} INFO - Started process (PID=15312) to work on /home/felipe/.local/lib/python3.11/site-packages/airflow/example_dags/example_trigger_target_dag.py
[2024-01-05T11:07:44.573-0300] {processor.py:829} INFO - Processing file /home/felipe/.local/lib/python3.11/site-packages/airflow/example_dags/example_trigger_target_dag.py for tasks to queue
[2024-01-05T11:07:44.574-0300] {logging_mixin.py:154} INFO - [2024-01-05T11:07:44.573-0300] {dagbag.py:536} INFO - Filling up the DagBag from /home/felipe/.local/lib/python3.11/site-packages/airflow/example_dags/example_trigger_target_dag.py
[2024-01-05T11:07:44.578-0300] {processor.py:839} INFO - DAG(s) dict_keys(['example_trigger_target_dag']) retrieved from /home/felipe/.local/lib/python3.11/site-packages/airflow/example_dags/example_trigger_target_dag.py
[2024-01-05T11:07:44.587-0300] {logging_mixin.py:154} INFO - [2024-01-05T11:07:44.587-0300] {dag.py:2941} INFO - Sync 1 DAGs
[2024-01-05T11:07:44.593-0300] {logging_mixin.py:154} INFO - [2024-01-05T11:07:44.593-0300] {dag.py:3722} INFO - Setting next_dagrun for example_trigger_target_dag to None, run_after=None
[2024-01-05T11:07:44.610-0300] {processor.py:179} INFO - Processing /home/felipe/.local/lib/python3.11/site-packages/airflow/example_dags/example_trigger_target_dag.py took 0.072 seconds
[2024-01-05T11:08:51.803-0300] {processor.py:157} INFO - Started process (PID=15430) to work on /home/felipe/.local/lib/python3.11/site-packages/airflow/example_dags/example_trigger_target_dag.py
[2024-01-05T11:08:51.836-0300] {processor.py:829} INFO - Processing file /home/felipe/.local/lib/python3.11/site-packages/airflow/example_dags/example_trigger_target_dag.py for tasks to queue
[2024-01-05T11:08:51.836-0300] {logging_mixin.py:154} INFO - [2024-01-05T11:08:51.836-0300] {dagbag.py:536} INFO - Filling up the DagBag from /home/felipe/.local/lib/python3.11/site-packages/airflow/example_dags/example_trigger_target_dag.py
[2024-01-05T11:08:51.840-0300] {processor.py:839} INFO - DAG(s) dict_keys(['example_trigger_target_dag']) retrieved from /home/felipe/.local/lib/python3.11/site-packages/airflow/example_dags/example_trigger_target_dag.py
[2024-01-05T11:08:51.850-0300] {logging_mixin.py:154} INFO - [2024-01-05T11:08:51.850-0300] {dag.py:2941} INFO - Sync 1 DAGs
[2024-01-05T11:08:51.856-0300] {logging_mixin.py:154} INFO - [2024-01-05T11:08:51.856-0300] {dag.py:3722} INFO - Setting next_dagrun for example_trigger_target_dag to None, run_after=None
[2024-01-05T11:08:51.876-0300] {processor.py:179} INFO - Processing /home/felipe/.local/lib/python3.11/site-packages/airflow/example_dags/example_trigger_target_dag.py took 0.075 seconds
[2024-01-05T11:09:51.986-0300] {processor.py:157} INFO - Started process (PID=15568) to work on /home/felipe/.local/lib/python3.11/site-packages/airflow/example_dags/example_trigger_target_dag.py
[2024-01-05T11:09:52.018-0300] {processor.py:829} INFO - Processing file /home/felipe/.local/lib/python3.11/site-packages/airflow/example_dags/example_trigger_target_dag.py for tasks to queue
[2024-01-05T11:09:52.019-0300] {logging_mixin.py:154} INFO - [2024-01-05T11:09:52.019-0300] {dagbag.py:536} INFO - Filling up the DagBag from /home/felipe/.local/lib/python3.11/site-packages/airflow/example_dags/example_trigger_target_dag.py
[2024-01-05T11:09:52.023-0300] {processor.py:839} INFO - DAG(s) dict_keys(['example_trigger_target_dag']) retrieved from /home/felipe/.local/lib/python3.11/site-packages/airflow/example_dags/example_trigger_target_dag.py
[2024-01-05T11:09:52.032-0300] {logging_mixin.py:154} INFO - [2024-01-05T11:09:52.031-0300] {dag.py:2941} INFO - Sync 1 DAGs
[2024-01-05T11:09:52.038-0300] {logging_mixin.py:154} INFO - [2024-01-05T11:09:52.038-0300] {dag.py:3722} INFO - Setting next_dagrun for example_trigger_target_dag to None, run_after=None
[2024-01-05T11:09:52.055-0300] {processor.py:179} INFO - Processing /home/felipe/.local/lib/python3.11/site-packages/airflow/example_dags/example_trigger_target_dag.py took 0.071 seconds
[2024-01-05T11:10:57.049-0300] {processor.py:157} INFO - Started process (PID=15684) to work on /home/felipe/.local/lib/python3.11/site-packages/airflow/example_dags/example_trigger_target_dag.py
[2024-01-05T11:10:57.081-0300] {processor.py:829} INFO - Processing file /home/felipe/.local/lib/python3.11/site-packages/airflow/example_dags/example_trigger_target_dag.py for tasks to queue
[2024-01-05T11:10:57.082-0300] {logging_mixin.py:154} INFO - [2024-01-05T11:10:57.081-0300] {dagbag.py:536} INFO - Filling up the DagBag from /home/felipe/.local/lib/python3.11/site-packages/airflow/example_dags/example_trigger_target_dag.py
[2024-01-05T11:10:57.086-0300] {processor.py:839} INFO - DAG(s) dict_keys(['example_trigger_target_dag']) retrieved from /home/felipe/.local/lib/python3.11/site-packages/airflow/example_dags/example_trigger_target_dag.py
[2024-01-05T11:10:57.095-0300] {logging_mixin.py:154} INFO - [2024-01-05T11:10:57.095-0300] {dag.py:2941} INFO - Sync 1 DAGs
[2024-01-05T11:10:57.101-0300] {logging_mixin.py:154} INFO - [2024-01-05T11:10:57.101-0300] {dag.py:3722} INFO - Setting next_dagrun for example_trigger_target_dag to None, run_after=None
[2024-01-05T11:10:57.119-0300] {processor.py:179} INFO - Processing /home/felipe/.local/lib/python3.11/site-packages/airflow/example_dags/example_trigger_target_dag.py took 0.072 seconds
[2024-01-05T11:11:57.139-0300] {processor.py:157} INFO - Started process (PID=15801) to work on /home/felipe/.local/lib/python3.11/site-packages/airflow/example_dags/example_trigger_target_dag.py
[2024-01-05T11:11:57.171-0300] {processor.py:829} INFO - Processing file /home/felipe/.local/lib/python3.11/site-packages/airflow/example_dags/example_trigger_target_dag.py for tasks to queue
[2024-01-05T11:11:57.172-0300] {logging_mixin.py:154} INFO - [2024-01-05T11:11:57.171-0300] {dagbag.py:536} INFO - Filling up the DagBag from /home/felipe/.local/lib/python3.11/site-packages/airflow/example_dags/example_trigger_target_dag.py
[2024-01-05T11:11:57.175-0300] {processor.py:839} INFO - DAG(s) dict_keys(['example_trigger_target_dag']) retrieved from /home/felipe/.local/lib/python3.11/site-packages/airflow/example_dags/example_trigger_target_dag.py
[2024-01-05T11:11:57.184-0300] {logging_mixin.py:154} INFO - [2024-01-05T11:11:57.184-0300] {dag.py:2941} INFO - Sync 1 DAGs
[2024-01-05T11:11:57.190-0300] {logging_mixin.py:154} INFO - [2024-01-05T11:11:57.190-0300] {dag.py:3722} INFO - Setting next_dagrun for example_trigger_target_dag to None, run_after=None
[2024-01-05T11:11:57.208-0300] {processor.py:179} INFO - Processing /home/felipe/.local/lib/python3.11/site-packages/airflow/example_dags/example_trigger_target_dag.py took 0.071 seconds
[2024-01-05T11:12:53.235-0300] {processor.py:157} INFO - Started process (PID=17226) to work on /home/felipe/.local/lib/python3.11/site-packages/airflow/example_dags/example_trigger_target_dag.py
[2024-01-05T11:12:53.267-0300] {processor.py:829} INFO - Processing file /home/felipe/.local/lib/python3.11/site-packages/airflow/example_dags/example_trigger_target_dag.py for tasks to queue
[2024-01-05T11:12:53.268-0300] {logging_mixin.py:154} INFO - [2024-01-05T11:12:53.268-0300] {dagbag.py:536} INFO - Filling up the DagBag from /home/felipe/.local/lib/python3.11/site-packages/airflow/example_dags/example_trigger_target_dag.py
[2024-01-05T11:12:53.271-0300] {processor.py:839} INFO - DAG(s) dict_keys(['example_trigger_target_dag']) retrieved from /home/felipe/.local/lib/python3.11/site-packages/airflow/example_dags/example_trigger_target_dag.py
[2024-01-05T11:12:53.281-0300] {logging_mixin.py:154} INFO - [2024-01-05T11:12:53.281-0300] {dag.py:2941} INFO - Sync 1 DAGs
[2024-01-05T11:12:53.287-0300] {logging_mixin.py:154} INFO - [2024-01-05T11:12:53.287-0300] {dag.py:3722} INFO - Setting next_dagrun for example_trigger_target_dag to None, run_after=None
[2024-01-05T11:12:53.302-0300] {processor.py:179} INFO - Processing /home/felipe/.local/lib/python3.11/site-packages/airflow/example_dags/example_trigger_target_dag.py took 0.069 seconds
[2024-01-05T11:13:58.747-0300] {processor.py:157} INFO - Started process (PID=17349) to work on /home/felipe/.local/lib/python3.11/site-packages/airflow/example_dags/example_trigger_target_dag.py
[2024-01-05T11:13:58.779-0300] {processor.py:829} INFO - Processing file /home/felipe/.local/lib/python3.11/site-packages/airflow/example_dags/example_trigger_target_dag.py for tasks to queue
[2024-01-05T11:13:58.780-0300] {logging_mixin.py:154} INFO - [2024-01-05T11:13:58.780-0300] {dagbag.py:536} INFO - Filling up the DagBag from /home/felipe/.local/lib/python3.11/site-packages/airflow/example_dags/example_trigger_target_dag.py
[2024-01-05T11:13:58.784-0300] {processor.py:839} INFO - DAG(s) dict_keys(['example_trigger_target_dag']) retrieved from /home/felipe/.local/lib/python3.11/site-packages/airflow/example_dags/example_trigger_target_dag.py
[2024-01-05T11:13:58.793-0300] {logging_mixin.py:154} INFO - [2024-01-05T11:13:58.793-0300] {dag.py:2941} INFO - Sync 1 DAGs
[2024-01-05T11:13:58.799-0300] {logging_mixin.py:154} INFO - [2024-01-05T11:13:58.799-0300] {dag.py:3722} INFO - Setting next_dagrun for example_trigger_target_dag to None, run_after=None
[2024-01-05T11:13:58.816-0300] {processor.py:179} INFO - Processing /home/felipe/.local/lib/python3.11/site-packages/airflow/example_dags/example_trigger_target_dag.py took 0.071 seconds
[2024-01-05T11:15:00.547-0300] {processor.py:157} INFO - Started process (PID=17457) to work on /home/felipe/.local/lib/python3.11/site-packages/airflow/example_dags/example_trigger_target_dag.py
[2024-01-05T11:15:00.579-0300] {processor.py:829} INFO - Processing file /home/felipe/.local/lib/python3.11/site-packages/airflow/example_dags/example_trigger_target_dag.py for tasks to queue
[2024-01-05T11:15:00.580-0300] {logging_mixin.py:154} INFO - [2024-01-05T11:15:00.580-0300] {dagbag.py:536} INFO - Filling up the DagBag from /home/felipe/.local/lib/python3.11/site-packages/airflow/example_dags/example_trigger_target_dag.py
[2024-01-05T11:15:00.584-0300] {processor.py:839} INFO - DAG(s) dict_keys(['example_trigger_target_dag']) retrieved from /home/felipe/.local/lib/python3.11/site-packages/airflow/example_dags/example_trigger_target_dag.py
[2024-01-05T11:15:00.593-0300] {logging_mixin.py:154} INFO - [2024-01-05T11:15:00.593-0300] {dag.py:2941} INFO - Sync 1 DAGs
[2024-01-05T11:15:00.598-0300] {logging_mixin.py:154} INFO - [2024-01-05T11:15:00.598-0300] {dag.py:3722} INFO - Setting next_dagrun for example_trigger_target_dag to None, run_after=None
[2024-01-05T11:15:00.616-0300] {processor.py:179} INFO - Processing /home/felipe/.local/lib/python3.11/site-packages/airflow/example_dags/example_trigger_target_dag.py took 0.070 seconds
[2024-01-05T11:16:00.039-0300] {processor.py:157} INFO - Started process (PID=17574) to work on /home/felipe/.local/lib/python3.11/site-packages/airflow/example_dags/example_trigger_target_dag.py
[2024-01-05T11:16:00.071-0300] {processor.py:829} INFO - Processing file /home/felipe/.local/lib/python3.11/site-packages/airflow/example_dags/example_trigger_target_dag.py for tasks to queue
[2024-01-05T11:16:00.072-0300] {logging_mixin.py:154} INFO - [2024-01-05T11:16:00.071-0300] {dagbag.py:536} INFO - Filling up the DagBag from /home/felipe/.local/lib/python3.11/site-packages/airflow/example_dags/example_trigger_target_dag.py
[2024-01-05T11:16:00.076-0300] {processor.py:839} INFO - DAG(s) dict_keys(['example_trigger_target_dag']) retrieved from /home/felipe/.local/lib/python3.11/site-packages/airflow/example_dags/example_trigger_target_dag.py
[2024-01-05T11:16:00.084-0300] {logging_mixin.py:154} INFO - [2024-01-05T11:16:00.084-0300] {dag.py:2941} INFO - Sync 1 DAGs
[2024-01-05T11:16:00.090-0300] {logging_mixin.py:154} INFO - [2024-01-05T11:16:00.090-0300] {dag.py:3722} INFO - Setting next_dagrun for example_trigger_target_dag to None, run_after=None
[2024-01-05T11:16:00.107-0300] {processor.py:179} INFO - Processing /home/felipe/.local/lib/python3.11/site-packages/airflow/example_dags/example_trigger_target_dag.py took 0.070 seconds
[2024-01-05T11:17:03.587-0300] {processor.py:157} INFO - Started process (PID=17702) to work on /home/felipe/.local/lib/python3.11/site-packages/airflow/example_dags/example_trigger_target_dag.py
[2024-01-05T11:17:03.619-0300] {processor.py:829} INFO - Processing file /home/felipe/.local/lib/python3.11/site-packages/airflow/example_dags/example_trigger_target_dag.py for tasks to queue
[2024-01-05T11:17:03.620-0300] {logging_mixin.py:154} INFO - [2024-01-05T11:17:03.619-0300] {dagbag.py:536} INFO - Filling up the DagBag from /home/felipe/.local/lib/python3.11/site-packages/airflow/example_dags/example_trigger_target_dag.py
[2024-01-05T11:17:03.623-0300] {processor.py:839} INFO - DAG(s) dict_keys(['example_trigger_target_dag']) retrieved from /home/felipe/.local/lib/python3.11/site-packages/airflow/example_dags/example_trigger_target_dag.py
[2024-01-05T11:17:03.632-0300] {logging_mixin.py:154} INFO - [2024-01-05T11:17:03.632-0300] {dag.py:2941} INFO - Sync 1 DAGs
[2024-01-05T11:17:03.638-0300] {logging_mixin.py:154} INFO - [2024-01-05T11:17:03.638-0300] {dag.py:3722} INFO - Setting next_dagrun for example_trigger_target_dag to None, run_after=None
[2024-01-05T11:17:03.654-0300] {processor.py:179} INFO - Processing /home/felipe/.local/lib/python3.11/site-packages/airflow/example_dags/example_trigger_target_dag.py took 0.069 seconds
[2024-01-05T11:18:15.527-0300] {processor.py:157} INFO - Started process (PID=17829) to work on /home/felipe/.local/lib/python3.11/site-packages/airflow/example_dags/example_trigger_target_dag.py
[2024-01-05T11:18:15.559-0300] {processor.py:829} INFO - Processing file /home/felipe/.local/lib/python3.11/site-packages/airflow/example_dags/example_trigger_target_dag.py for tasks to queue
[2024-01-05T11:18:15.560-0300] {logging_mixin.py:154} INFO - [2024-01-05T11:18:15.560-0300] {dagbag.py:536} INFO - Filling up the DagBag from /home/felipe/.local/lib/python3.11/site-packages/airflow/example_dags/example_trigger_target_dag.py
[2024-01-05T11:18:15.564-0300] {processor.py:839} INFO - DAG(s) dict_keys(['example_trigger_target_dag']) retrieved from /home/felipe/.local/lib/python3.11/site-packages/airflow/example_dags/example_trigger_target_dag.py
[2024-01-05T11:18:15.573-0300] {logging_mixin.py:154} INFO - [2024-01-05T11:18:15.573-0300] {dag.py:2941} INFO - Sync 1 DAGs
[2024-01-05T11:18:15.578-0300] {logging_mixin.py:154} INFO - [2024-01-05T11:18:15.578-0300] {dag.py:3722} INFO - Setting next_dagrun for example_trigger_target_dag to None, run_after=None
[2024-01-05T11:18:15.596-0300] {processor.py:179} INFO - Processing /home/felipe/.local/lib/python3.11/site-packages/airflow/example_dags/example_trigger_target_dag.py took 0.070 seconds
[2024-01-05T11:19:30.006-0300] {processor.py:157} INFO - Started process (PID=17946) to work on /home/felipe/.local/lib/python3.11/site-packages/airflow/example_dags/example_trigger_target_dag.py
[2024-01-05T11:19:30.038-0300] {processor.py:829} INFO - Processing file /home/felipe/.local/lib/python3.11/site-packages/airflow/example_dags/example_trigger_target_dag.py for tasks to queue
[2024-01-05T11:19:30.039-0300] {logging_mixin.py:154} INFO - [2024-01-05T11:19:30.039-0300] {dagbag.py:536} INFO - Filling up the DagBag from /home/felipe/.local/lib/python3.11/site-packages/airflow/example_dags/example_trigger_target_dag.py
[2024-01-05T11:19:30.043-0300] {processor.py:839} INFO - DAG(s) dict_keys(['example_trigger_target_dag']) retrieved from /home/felipe/.local/lib/python3.11/site-packages/airflow/example_dags/example_trigger_target_dag.py
[2024-01-05T11:19:30.052-0300] {logging_mixin.py:154} INFO - [2024-01-05T11:19:30.052-0300] {dag.py:2941} INFO - Sync 1 DAGs
[2024-01-05T11:19:30.058-0300] {logging_mixin.py:154} INFO - [2024-01-05T11:19:30.058-0300] {dag.py:3722} INFO - Setting next_dagrun for example_trigger_target_dag to None, run_after=None
[2024-01-05T11:19:30.075-0300] {processor.py:179} INFO - Processing /home/felipe/.local/lib/python3.11/site-packages/airflow/example_dags/example_trigger_target_dag.py took 0.071 seconds
[2024-01-05T11:20:36.798-0300] {processor.py:157} INFO - Started process (PID=18063) to work on /home/felipe/.local/lib/python3.11/site-packages/airflow/example_dags/example_trigger_target_dag.py
[2024-01-05T11:20:36.830-0300] {processor.py:829} INFO - Processing file /home/felipe/.local/lib/python3.11/site-packages/airflow/example_dags/example_trigger_target_dag.py for tasks to queue
[2024-01-05T11:20:36.830-0300] {logging_mixin.py:154} INFO - [2024-01-05T11:20:36.830-0300] {dagbag.py:536} INFO - Filling up the DagBag from /home/felipe/.local/lib/python3.11/site-packages/airflow/example_dags/example_trigger_target_dag.py
[2024-01-05T11:20:36.834-0300] {processor.py:839} INFO - DAG(s) dict_keys(['example_trigger_target_dag']) retrieved from /home/felipe/.local/lib/python3.11/site-packages/airflow/example_dags/example_trigger_target_dag.py
[2024-01-05T11:20:36.843-0300] {logging_mixin.py:154} INFO - [2024-01-05T11:20:36.843-0300] {dag.py:2941} INFO - Sync 1 DAGs
[2024-01-05T11:20:36.849-0300] {logging_mixin.py:154} INFO - [2024-01-05T11:20:36.849-0300] {dag.py:3722} INFO - Setting next_dagrun for example_trigger_target_dag to None, run_after=None
[2024-01-05T11:20:36.867-0300] {processor.py:179} INFO - Processing /home/felipe/.local/lib/python3.11/site-packages/airflow/example_dags/example_trigger_target_dag.py took 0.071 seconds
[2024-01-05T11:21:39.303-0300] {processor.py:157} INFO - Started process (PID=18172) to work on /home/felipe/.local/lib/python3.11/site-packages/airflow/example_dags/example_trigger_target_dag.py
[2024-01-05T11:21:39.335-0300] {processor.py:829} INFO - Processing file /home/felipe/.local/lib/python3.11/site-packages/airflow/example_dags/example_trigger_target_dag.py for tasks to queue
[2024-01-05T11:21:39.336-0300] {logging_mixin.py:154} INFO - [2024-01-05T11:21:39.336-0300] {dagbag.py:536} INFO - Filling up the DagBag from /home/felipe/.local/lib/python3.11/site-packages/airflow/example_dags/example_trigger_target_dag.py
[2024-01-05T11:21:39.340-0300] {processor.py:839} INFO - DAG(s) dict_keys(['example_trigger_target_dag']) retrieved from /home/felipe/.local/lib/python3.11/site-packages/airflow/example_dags/example_trigger_target_dag.py
[2024-01-05T11:21:39.349-0300] {logging_mixin.py:154} INFO - [2024-01-05T11:21:39.349-0300] {dag.py:2941} INFO - Sync 1 DAGs
[2024-01-05T11:21:39.355-0300] {logging_mixin.py:154} INFO - [2024-01-05T11:21:39.355-0300] {dag.py:3722} INFO - Setting next_dagrun for example_trigger_target_dag to None, run_after=None
[2024-01-05T11:21:39.372-0300] {processor.py:179} INFO - Processing /home/felipe/.local/lib/python3.11/site-packages/airflow/example_dags/example_trigger_target_dag.py took 0.071 seconds
[2024-01-05T11:22:38.189-0300] {processor.py:157} INFO - Started process (PID=18284) to work on /home/felipe/.local/lib/python3.11/site-packages/airflow/example_dags/example_trigger_target_dag.py
[2024-01-05T11:22:38.221-0300] {processor.py:829} INFO - Processing file /home/felipe/.local/lib/python3.11/site-packages/airflow/example_dags/example_trigger_target_dag.py for tasks to queue
[2024-01-05T11:22:38.222-0300] {logging_mixin.py:154} INFO - [2024-01-05T11:22:38.221-0300] {dagbag.py:536} INFO - Filling up the DagBag from /home/felipe/.local/lib/python3.11/site-packages/airflow/example_dags/example_trigger_target_dag.py
[2024-01-05T11:22:38.225-0300] {processor.py:839} INFO - DAG(s) dict_keys(['example_trigger_target_dag']) retrieved from /home/felipe/.local/lib/python3.11/site-packages/airflow/example_dags/example_trigger_target_dag.py
[2024-01-05T11:22:38.234-0300] {logging_mixin.py:154} INFO - [2024-01-05T11:22:38.234-0300] {dag.py:2941} INFO - Sync 1 DAGs
[2024-01-05T11:22:38.240-0300] {logging_mixin.py:154} INFO - [2024-01-05T11:22:38.240-0300] {dag.py:3722} INFO - Setting next_dagrun for example_trigger_target_dag to None, run_after=None
[2024-01-05T11:22:38.261-0300] {processor.py:179} INFO - Processing /home/felipe/.local/lib/python3.11/site-packages/airflow/example_dags/example_trigger_target_dag.py took 0.074 seconds
[2024-01-05T11:23:47.439-0300] {processor.py:157} INFO - Started process (PID=18404) to work on /home/felipe/.local/lib/python3.11/site-packages/airflow/example_dags/example_trigger_target_dag.py
[2024-01-05T11:23:47.471-0300] {processor.py:829} INFO - Processing file /home/felipe/.local/lib/python3.11/site-packages/airflow/example_dags/example_trigger_target_dag.py for tasks to queue
[2024-01-05T11:23:47.471-0300] {logging_mixin.py:154} INFO - [2024-01-05T11:23:47.471-0300] {dagbag.py:536} INFO - Filling up the DagBag from /home/felipe/.local/lib/python3.11/site-packages/airflow/example_dags/example_trigger_target_dag.py
[2024-01-05T11:23:47.475-0300] {processor.py:839} INFO - DAG(s) dict_keys(['example_trigger_target_dag']) retrieved from /home/felipe/.local/lib/python3.11/site-packages/airflow/example_dags/example_trigger_target_dag.py
[2024-01-05T11:23:47.484-0300] {logging_mixin.py:154} INFO - [2024-01-05T11:23:47.484-0300] {dag.py:2941} INFO - Sync 1 DAGs
[2024-01-05T11:23:47.490-0300] {logging_mixin.py:154} INFO - [2024-01-05T11:23:47.490-0300] {dag.py:3722} INFO - Setting next_dagrun for example_trigger_target_dag to None, run_after=None
[2024-01-05T11:23:47.507-0300] {processor.py:179} INFO - Processing /home/felipe/.local/lib/python3.11/site-packages/airflow/example_dags/example_trigger_target_dag.py took 0.070 seconds
[2024-01-05T11:24:52.010-0300] {processor.py:157} INFO - Started process (PID=18521) to work on /home/felipe/.local/lib/python3.11/site-packages/airflow/example_dags/example_trigger_target_dag.py
[2024-01-05T11:24:52.042-0300] {processor.py:829} INFO - Processing file /home/felipe/.local/lib/python3.11/site-packages/airflow/example_dags/example_trigger_target_dag.py for tasks to queue
[2024-01-05T11:24:52.043-0300] {logging_mixin.py:154} INFO - [2024-01-05T11:24:52.042-0300] {dagbag.py:536} INFO - Filling up the DagBag from /home/felipe/.local/lib/python3.11/site-packages/airflow/example_dags/example_trigger_target_dag.py
[2024-01-05T11:24:52.047-0300] {processor.py:839} INFO - DAG(s) dict_keys(['example_trigger_target_dag']) retrieved from /home/felipe/.local/lib/python3.11/site-packages/airflow/example_dags/example_trigger_target_dag.py
[2024-01-05T11:24:52.056-0300] {logging_mixin.py:154} INFO - [2024-01-05T11:24:52.056-0300] {dag.py:2941} INFO - Sync 1 DAGs
[2024-01-05T11:24:52.062-0300] {logging_mixin.py:154} INFO - [2024-01-05T11:24:52.062-0300] {dag.py:3722} INFO - Setting next_dagrun for example_trigger_target_dag to None, run_after=None
[2024-01-05T11:24:52.079-0300] {processor.py:179} INFO - Processing /home/felipe/.local/lib/python3.11/site-packages/airflow/example_dags/example_trigger_target_dag.py took 0.072 seconds
[2024-01-05T11:26:04.215-0300] {processor.py:157} INFO - Started process (PID=18679) to work on /home/felipe/.local/lib/python3.11/site-packages/airflow/example_dags/example_trigger_target_dag.py
[2024-01-05T11:26:04.252-0300] {processor.py:829} INFO - Processing file /home/felipe/.local/lib/python3.11/site-packages/airflow/example_dags/example_trigger_target_dag.py for tasks to queue
[2024-01-05T11:26:04.253-0300] {logging_mixin.py:154} INFO - [2024-01-05T11:26:04.253-0300] {dagbag.py:536} INFO - Filling up the DagBag from /home/felipe/.local/lib/python3.11/site-packages/airflow/example_dags/example_trigger_target_dag.py
[2024-01-05T11:26:04.256-0300] {processor.py:839} INFO - DAG(s) dict_keys(['example_trigger_target_dag']) retrieved from /home/felipe/.local/lib/python3.11/site-packages/airflow/example_dags/example_trigger_target_dag.py
[2024-01-05T11:26:04.265-0300] {logging_mixin.py:154} INFO - [2024-01-05T11:26:04.265-0300] {dag.py:2941} INFO - Sync 1 DAGs
[2024-01-05T11:26:04.271-0300] {logging_mixin.py:154} INFO - [2024-01-05T11:26:04.271-0300] {dag.py:3722} INFO - Setting next_dagrun for example_trigger_target_dag to None, run_after=None
[2024-01-05T11:26:04.288-0300] {processor.py:179} INFO - Processing /home/felipe/.local/lib/python3.11/site-packages/airflow/example_dags/example_trigger_target_dag.py took 0.075 seconds
[2024-01-05T11:27:14.380-0300] {processor.py:157} INFO - Started process (PID=18803) to work on /home/felipe/.local/lib/python3.11/site-packages/airflow/example_dags/example_trigger_target_dag.py
[2024-01-05T11:27:14.412-0300] {processor.py:829} INFO - Processing file /home/felipe/.local/lib/python3.11/site-packages/airflow/example_dags/example_trigger_target_dag.py for tasks to queue
[2024-01-05T11:27:14.412-0300] {logging_mixin.py:154} INFO - [2024-01-05T11:27:14.412-0300] {dagbag.py:536} INFO - Filling up the DagBag from /home/felipe/.local/lib/python3.11/site-packages/airflow/example_dags/example_trigger_target_dag.py
[2024-01-05T11:27:14.416-0300] {processor.py:839} INFO - DAG(s) dict_keys(['example_trigger_target_dag']) retrieved from /home/felipe/.local/lib/python3.11/site-packages/airflow/example_dags/example_trigger_target_dag.py
[2024-01-05T11:27:14.425-0300] {logging_mixin.py:154} INFO - [2024-01-05T11:27:14.425-0300] {dag.py:2941} INFO - Sync 1 DAGs
[2024-01-05T11:27:14.431-0300] {logging_mixin.py:154} INFO - [2024-01-05T11:27:14.431-0300] {dag.py:3722} INFO - Setting next_dagrun for example_trigger_target_dag to None, run_after=None
[2024-01-05T11:27:14.448-0300] {processor.py:179} INFO - Processing /home/felipe/.local/lib/python3.11/site-packages/airflow/example_dags/example_trigger_target_dag.py took 0.070 seconds
[2024-01-05T11:28:06.697-0300] {processor.py:157} INFO - Started process (PID=18886) to work on /home/felipe/.local/lib/python3.11/site-packages/airflow/example_dags/example_trigger_target_dag.py
[2024-01-05T11:28:06.730-0300] {processor.py:829} INFO - Processing file /home/felipe/.local/lib/python3.11/site-packages/airflow/example_dags/example_trigger_target_dag.py for tasks to queue
[2024-01-05T11:28:06.730-0300] {logging_mixin.py:154} INFO - [2024-01-05T11:28:06.730-0300] {dagbag.py:536} INFO - Filling up the DagBag from /home/felipe/.local/lib/python3.11/site-packages/airflow/example_dags/example_trigger_target_dag.py
[2024-01-05T11:28:06.734-0300] {processor.py:839} INFO - DAG(s) dict_keys(['example_trigger_target_dag']) retrieved from /home/felipe/.local/lib/python3.11/site-packages/airflow/example_dags/example_trigger_target_dag.py
[2024-01-05T11:28:06.743-0300] {logging_mixin.py:154} INFO - [2024-01-05T11:28:06.743-0300] {dag.py:2941} INFO - Sync 1 DAGs
[2024-01-05T11:28:06.749-0300] {logging_mixin.py:154} INFO - [2024-01-05T11:28:06.749-0300] {dag.py:3722} INFO - Setting next_dagrun for example_trigger_target_dag to None, run_after=None
[2024-01-05T11:28:06.766-0300] {processor.py:179} INFO - Processing /home/felipe/.local/lib/python3.11/site-packages/airflow/example_dags/example_trigger_target_dag.py took 0.071 seconds
[2024-01-05T11:29:21.379-0300] {processor.py:157} INFO - Started process (PID=19006) to work on /home/felipe/.local/lib/python3.11/site-packages/airflow/example_dags/example_trigger_target_dag.py
[2024-01-05T11:29:21.379-0300] {processor.py:829} INFO - Processing file /home/felipe/.local/lib/python3.11/site-packages/airflow/example_dags/example_trigger_target_dag.py for tasks to queue
[2024-01-05T11:29:21.380-0300] {logging_mixin.py:154} INFO - [2024-01-05T11:29:21.380-0300] {dagbag.py:536} INFO - Filling up the DagBag from /home/felipe/.local/lib/python3.11/site-packages/airflow/example_dags/example_trigger_target_dag.py
[2024-01-05T11:29:21.383-0300] {processor.py:839} INFO - DAG(s) dict_keys(['example_trigger_target_dag']) retrieved from /home/felipe/.local/lib/python3.11/site-packages/airflow/example_dags/example_trigger_target_dag.py
[2024-01-05T11:29:21.393-0300] {logging_mixin.py:154} INFO - [2024-01-05T11:29:21.392-0300] {dag.py:2941} INFO - Sync 1 DAGs
[2024-01-05T11:29:21.398-0300] {logging_mixin.py:154} INFO - [2024-01-05T11:29:21.398-0300] {dag.py:3722} INFO - Setting next_dagrun for example_trigger_target_dag to None, run_after=None
[2024-01-05T11:29:21.408-0300] {processor.py:179} INFO - Processing /home/felipe/.local/lib/python3.11/site-packages/airflow/example_dags/example_trigger_target_dag.py took 0.031 seconds
[2024-01-05T11:30:10.950-0300] {processor.py:157} INFO - Started process (PID=19090) to work on /home/felipe/.local/lib/python3.11/site-packages/airflow/example_dags/example_trigger_target_dag.py
[2024-01-05T11:30:10.982-0300] {processor.py:829} INFO - Processing file /home/felipe/.local/lib/python3.11/site-packages/airflow/example_dags/example_trigger_target_dag.py for tasks to queue
[2024-01-05T11:30:10.983-0300] {logging_mixin.py:154} INFO - [2024-01-05T11:30:10.983-0300] {dagbag.py:536} INFO - Filling up the DagBag from /home/felipe/.local/lib/python3.11/site-packages/airflow/example_dags/example_trigger_target_dag.py
[2024-01-05T11:30:10.986-0300] {processor.py:839} INFO - DAG(s) dict_keys(['example_trigger_target_dag']) retrieved from /home/felipe/.local/lib/python3.11/site-packages/airflow/example_dags/example_trigger_target_dag.py
[2024-01-05T11:30:10.995-0300] {logging_mixin.py:154} INFO - [2024-01-05T11:30:10.995-0300] {dag.py:2941} INFO - Sync 1 DAGs
[2024-01-05T11:30:11.001-0300] {logging_mixin.py:154} INFO - [2024-01-05T11:30:11.001-0300] {dag.py:3722} INFO - Setting next_dagrun for example_trigger_target_dag to None, run_after=None
[2024-01-05T11:30:11.018-0300] {processor.py:179} INFO - Processing /home/felipe/.local/lib/python3.11/site-packages/airflow/example_dags/example_trigger_target_dag.py took 0.070 seconds
[2024-01-05T11:31:10.521-0300] {processor.py:157} INFO - Started process (PID=19222) to work on /home/felipe/.local/lib/python3.11/site-packages/airflow/example_dags/example_trigger_target_dag.py
[2024-01-05T11:31:10.553-0300] {processor.py:829} INFO - Processing file /home/felipe/.local/lib/python3.11/site-packages/airflow/example_dags/example_trigger_target_dag.py for tasks to queue
[2024-01-05T11:31:10.553-0300] {logging_mixin.py:154} INFO - [2024-01-05T11:31:10.553-0300] {dagbag.py:536} INFO - Filling up the DagBag from /home/felipe/.local/lib/python3.11/site-packages/airflow/example_dags/example_trigger_target_dag.py
[2024-01-05T11:31:10.557-0300] {processor.py:839} INFO - DAG(s) dict_keys(['example_trigger_target_dag']) retrieved from /home/felipe/.local/lib/python3.11/site-packages/airflow/example_dags/example_trigger_target_dag.py
[2024-01-05T11:31:10.566-0300] {logging_mixin.py:154} INFO - [2024-01-05T11:31:10.566-0300] {dag.py:2941} INFO - Sync 1 DAGs
[2024-01-05T11:31:10.572-0300] {logging_mixin.py:154} INFO - [2024-01-05T11:31:10.572-0300] {dag.py:3722} INFO - Setting next_dagrun for example_trigger_target_dag to None, run_after=None
[2024-01-05T11:31:10.589-0300] {processor.py:179} INFO - Processing /home/felipe/.local/lib/python3.11/site-packages/airflow/example_dags/example_trigger_target_dag.py took 0.071 seconds
[2024-01-05T11:32:15.556-0300] {processor.py:157} INFO - Started process (PID=19335) to work on /home/felipe/.local/lib/python3.11/site-packages/airflow/example_dags/example_trigger_target_dag.py
[2024-01-05T11:32:15.588-0300] {processor.py:829} INFO - Processing file /home/felipe/.local/lib/python3.11/site-packages/airflow/example_dags/example_trigger_target_dag.py for tasks to queue
[2024-01-05T11:32:15.588-0300] {logging_mixin.py:154} INFO - [2024-01-05T11:32:15.588-0300] {dagbag.py:536} INFO - Filling up the DagBag from /home/felipe/.local/lib/python3.11/site-packages/airflow/example_dags/example_trigger_target_dag.py
[2024-01-05T11:32:15.592-0300] {processor.py:839} INFO - DAG(s) dict_keys(['example_trigger_target_dag']) retrieved from /home/felipe/.local/lib/python3.11/site-packages/airflow/example_dags/example_trigger_target_dag.py
[2024-01-05T11:32:15.601-0300] {logging_mixin.py:154} INFO - [2024-01-05T11:32:15.601-0300] {dag.py:2941} INFO - Sync 1 DAGs
[2024-01-05T11:32:15.607-0300] {logging_mixin.py:154} INFO - [2024-01-05T11:32:15.607-0300] {dag.py:3722} INFO - Setting next_dagrun for example_trigger_target_dag to None, run_after=None
[2024-01-05T11:32:15.624-0300] {processor.py:179} INFO - Processing /home/felipe/.local/lib/python3.11/site-packages/airflow/example_dags/example_trigger_target_dag.py took 0.071 seconds
[2024-01-05T11:33:29.526-0300] {processor.py:157} INFO - Started process (PID=19462) to work on /home/felipe/.local/lib/python3.11/site-packages/airflow/example_dags/example_trigger_target_dag.py
[2024-01-05T11:33:29.592-0300] {processor.py:829} INFO - Processing file /home/felipe/.local/lib/python3.11/site-packages/airflow/example_dags/example_trigger_target_dag.py for tasks to queue
[2024-01-05T11:33:29.592-0300] {logging_mixin.py:154} INFO - [2024-01-05T11:33:29.592-0300] {dagbag.py:536} INFO - Filling up the DagBag from /home/felipe/.local/lib/python3.11/site-packages/airflow/example_dags/example_trigger_target_dag.py
[2024-01-05T11:33:29.596-0300] {processor.py:839} INFO - DAG(s) dict_keys(['example_trigger_target_dag']) retrieved from /home/felipe/.local/lib/python3.11/site-packages/airflow/example_dags/example_trigger_target_dag.py
[2024-01-05T11:33:29.606-0300] {logging_mixin.py:154} INFO - [2024-01-05T11:33:29.606-0300] {dag.py:2941} INFO - Sync 1 DAGs
[2024-01-05T11:33:29.612-0300] {logging_mixin.py:154} INFO - [2024-01-05T11:33:29.612-0300] {dag.py:3722} INFO - Setting next_dagrun for example_trigger_target_dag to None, run_after=None
[2024-01-05T11:33:29.629-0300] {processor.py:179} INFO - Processing /home/felipe/.local/lib/python3.11/site-packages/airflow/example_dags/example_trigger_target_dag.py took 0.105 seconds
[2024-01-05T11:34:45.035-0300] {processor.py:157} INFO - Started process (PID=19612) to work on /home/felipe/.local/lib/python3.11/site-packages/airflow/example_dags/example_trigger_target_dag.py
[2024-01-05T11:34:45.067-0300] {processor.py:829} INFO - Processing file /home/felipe/.local/lib/python3.11/site-packages/airflow/example_dags/example_trigger_target_dag.py for tasks to queue
[2024-01-05T11:34:45.067-0300] {logging_mixin.py:154} INFO - [2024-01-05T11:34:45.067-0300] {dagbag.py:536} INFO - Filling up the DagBag from /home/felipe/.local/lib/python3.11/site-packages/airflow/example_dags/example_trigger_target_dag.py
[2024-01-05T11:34:45.071-0300] {processor.py:839} INFO - DAG(s) dict_keys(['example_trigger_target_dag']) retrieved from /home/felipe/.local/lib/python3.11/site-packages/airflow/example_dags/example_trigger_target_dag.py
[2024-01-05T11:34:45.080-0300] {logging_mixin.py:154} INFO - [2024-01-05T11:34:45.080-0300] {dag.py:2941} INFO - Sync 1 DAGs
[2024-01-05T11:34:45.087-0300] {logging_mixin.py:154} INFO - [2024-01-05T11:34:45.087-0300] {dag.py:3722} INFO - Setting next_dagrun for example_trigger_target_dag to None, run_after=None
[2024-01-05T11:34:45.105-0300] {processor.py:179} INFO - Processing /home/felipe/.local/lib/python3.11/site-packages/airflow/example_dags/example_trigger_target_dag.py took 0.072 seconds
[2024-01-05T11:35:57.059-0300] {processor.py:157} INFO - Started process (PID=19756) to work on /home/felipe/.local/lib/python3.11/site-packages/airflow/example_dags/example_trigger_target_dag.py
[2024-01-05T11:35:57.091-0300] {processor.py:829} INFO - Processing file /home/felipe/.local/lib/python3.11/site-packages/airflow/example_dags/example_trigger_target_dag.py for tasks to queue
[2024-01-05T11:35:57.092-0300] {logging_mixin.py:154} INFO - [2024-01-05T11:35:57.091-0300] {dagbag.py:536} INFO - Filling up the DagBag from /home/felipe/.local/lib/python3.11/site-packages/airflow/example_dags/example_trigger_target_dag.py
[2024-01-05T11:35:57.095-0300] {processor.py:839} INFO - DAG(s) dict_keys(['example_trigger_target_dag']) retrieved from /home/felipe/.local/lib/python3.11/site-packages/airflow/example_dags/example_trigger_target_dag.py
[2024-01-05T11:35:57.104-0300] {logging_mixin.py:154} INFO - [2024-01-05T11:35:57.104-0300] {dag.py:2941} INFO - Sync 1 DAGs
[2024-01-05T11:35:57.110-0300] {logging_mixin.py:154} INFO - [2024-01-05T11:35:57.110-0300] {dag.py:3722} INFO - Setting next_dagrun for example_trigger_target_dag to None, run_after=None
[2024-01-05T11:35:57.127-0300] {processor.py:179} INFO - Processing /home/felipe/.local/lib/python3.11/site-packages/airflow/example_dags/example_trigger_target_dag.py took 0.070 seconds
[2024-01-05T11:36:49.711-0300] {processor.py:157} INFO - Started process (PID=19842) to work on /home/felipe/.local/lib/python3.11/site-packages/airflow/example_dags/example_trigger_target_dag.py
[2024-01-05T11:36:49.743-0300] {processor.py:829} INFO - Processing file /home/felipe/.local/lib/python3.11/site-packages/airflow/example_dags/example_trigger_target_dag.py for tasks to queue
[2024-01-05T11:36:49.743-0300] {logging_mixin.py:154} INFO - [2024-01-05T11:36:49.743-0300] {dagbag.py:536} INFO - Filling up the DagBag from /home/felipe/.local/lib/python3.11/site-packages/airflow/example_dags/example_trigger_target_dag.py
[2024-01-05T11:36:49.747-0300] {processor.py:839} INFO - DAG(s) dict_keys(['example_trigger_target_dag']) retrieved from /home/felipe/.local/lib/python3.11/site-packages/airflow/example_dags/example_trigger_target_dag.py
[2024-01-05T11:36:49.756-0300] {logging_mixin.py:154} INFO - [2024-01-05T11:36:49.756-0300] {dag.py:2941} INFO - Sync 1 DAGs
[2024-01-05T11:36:49.762-0300] {logging_mixin.py:154} INFO - [2024-01-05T11:36:49.762-0300] {dag.py:3722} INFO - Setting next_dagrun for example_trigger_target_dag to None, run_after=None
[2024-01-05T11:36:49.779-0300] {processor.py:179} INFO - Processing /home/felipe/.local/lib/python3.11/site-packages/airflow/example_dags/example_trigger_target_dag.py took 0.070 seconds
[2024-01-05T11:37:39.499-0300] {processor.py:157} INFO - Started process (PID=19942) to work on /home/felipe/.local/lib/python3.11/site-packages/airflow/example_dags/example_trigger_target_dag.py
[2024-01-05T11:37:39.531-0300] {processor.py:829} INFO - Processing file /home/felipe/.local/lib/python3.11/site-packages/airflow/example_dags/example_trigger_target_dag.py for tasks to queue
[2024-01-05T11:37:39.532-0300] {logging_mixin.py:154} INFO - [2024-01-05T11:37:39.531-0300] {dagbag.py:536} INFO - Filling up the DagBag from /home/felipe/.local/lib/python3.11/site-packages/airflow/example_dags/example_trigger_target_dag.py
[2024-01-05T11:37:39.535-0300] {processor.py:839} INFO - DAG(s) dict_keys(['example_trigger_target_dag']) retrieved from /home/felipe/.local/lib/python3.11/site-packages/airflow/example_dags/example_trigger_target_dag.py
[2024-01-05T11:37:39.545-0300] {logging_mixin.py:154} INFO - [2024-01-05T11:37:39.545-0300] {dag.py:2941} INFO - Sync 1 DAGs
[2024-01-05T11:37:39.551-0300] {logging_mixin.py:154} INFO - [2024-01-05T11:37:39.551-0300] {dag.py:3722} INFO - Setting next_dagrun for example_trigger_target_dag to None, run_after=None
[2024-01-05T11:37:39.565-0300] {processor.py:179} INFO - Processing /home/felipe/.local/lib/python3.11/site-packages/airflow/example_dags/example_trigger_target_dag.py took 0.068 seconds
[2024-01-05T11:38:42.896-0300] {processor.py:157} INFO - Started process (PID=20064) to work on /home/felipe/.local/lib/python3.11/site-packages/airflow/example_dags/example_trigger_target_dag.py
[2024-01-05T11:38:42.928-0300] {processor.py:829} INFO - Processing file /home/felipe/.local/lib/python3.11/site-packages/airflow/example_dags/example_trigger_target_dag.py for tasks to queue
[2024-01-05T11:38:42.928-0300] {logging_mixin.py:154} INFO - [2024-01-05T11:38:42.928-0300] {dagbag.py:536} INFO - Filling up the DagBag from /home/felipe/.local/lib/python3.11/site-packages/airflow/example_dags/example_trigger_target_dag.py
[2024-01-05T11:38:42.932-0300] {processor.py:839} INFO - DAG(s) dict_keys(['example_trigger_target_dag']) retrieved from /home/felipe/.local/lib/python3.11/site-packages/airflow/example_dags/example_trigger_target_dag.py
[2024-01-05T11:38:42.942-0300] {logging_mixin.py:154} INFO - [2024-01-05T11:38:42.942-0300] {dag.py:2941} INFO - Sync 1 DAGs
[2024-01-05T11:38:42.948-0300] {logging_mixin.py:154} INFO - [2024-01-05T11:38:42.948-0300] {dag.py:3722} INFO - Setting next_dagrun for example_trigger_target_dag to None, run_after=None
[2024-01-05T11:38:42.965-0300] {processor.py:179} INFO - Processing /home/felipe/.local/lib/python3.11/site-packages/airflow/example_dags/example_trigger_target_dag.py took 0.071 seconds
[2024-01-05T11:39:44.242-0300] {processor.py:157} INFO - Started process (PID=20177) to work on /home/felipe/.local/lib/python3.11/site-packages/airflow/example_dags/example_trigger_target_dag.py
[2024-01-05T11:39:44.274-0300] {processor.py:829} INFO - Processing file /home/felipe/.local/lib/python3.11/site-packages/airflow/example_dags/example_trigger_target_dag.py for tasks to queue
[2024-01-05T11:39:44.275-0300] {logging_mixin.py:154} INFO - [2024-01-05T11:39:44.275-0300] {dagbag.py:536} INFO - Filling up the DagBag from /home/felipe/.local/lib/python3.11/site-packages/airflow/example_dags/example_trigger_target_dag.py
[2024-01-05T11:39:44.279-0300] {processor.py:839} INFO - DAG(s) dict_keys(['example_trigger_target_dag']) retrieved from /home/felipe/.local/lib/python3.11/site-packages/airflow/example_dags/example_trigger_target_dag.py
[2024-01-05T11:39:44.289-0300] {logging_mixin.py:154} INFO - [2024-01-05T11:39:44.289-0300] {dag.py:2941} INFO - Sync 1 DAGs
[2024-01-05T11:39:44.295-0300] {logging_mixin.py:154} INFO - [2024-01-05T11:39:44.295-0300] {dag.py:3722} INFO - Setting next_dagrun for example_trigger_target_dag to None, run_after=None
[2024-01-05T11:39:44.312-0300] {processor.py:179} INFO - Processing /home/felipe/.local/lib/python3.11/site-packages/airflow/example_dags/example_trigger_target_dag.py took 0.071 seconds
[2024-01-05T11:40:45.795-0300] {processor.py:157} INFO - Started process (PID=20287) to work on /home/felipe/.local/lib/python3.11/site-packages/airflow/example_dags/example_trigger_target_dag.py
[2024-01-05T11:40:45.827-0300] {processor.py:829} INFO - Processing file /home/felipe/.local/lib/python3.11/site-packages/airflow/example_dags/example_trigger_target_dag.py for tasks to queue
[2024-01-05T11:40:45.827-0300] {logging_mixin.py:154} INFO - [2024-01-05T11:40:45.827-0300] {dagbag.py:536} INFO - Filling up the DagBag from /home/felipe/.local/lib/python3.11/site-packages/airflow/example_dags/example_trigger_target_dag.py
[2024-01-05T11:40:45.831-0300] {processor.py:839} INFO - DAG(s) dict_keys(['example_trigger_target_dag']) retrieved from /home/felipe/.local/lib/python3.11/site-packages/airflow/example_dags/example_trigger_target_dag.py
[2024-01-05T11:40:45.841-0300] {logging_mixin.py:154} INFO - [2024-01-05T11:40:45.841-0300] {dag.py:2941} INFO - Sync 1 DAGs
[2024-01-05T11:40:45.847-0300] {logging_mixin.py:154} INFO - [2024-01-05T11:40:45.847-0300] {dag.py:3722} INFO - Setting next_dagrun for example_trigger_target_dag to None, run_after=None
[2024-01-05T11:40:45.864-0300] {processor.py:179} INFO - Processing /home/felipe/.local/lib/python3.11/site-packages/airflow/example_dags/example_trigger_target_dag.py took 0.071 seconds
[2024-01-05T11:41:34.797-0300] {processor.py:157} INFO - Started process (PID=20364) to work on /home/felipe/.local/lib/python3.11/site-packages/airflow/example_dags/example_trigger_target_dag.py
[2024-01-05T11:41:34.829-0300] {processor.py:829} INFO - Processing file /home/felipe/.local/lib/python3.11/site-packages/airflow/example_dags/example_trigger_target_dag.py for tasks to queue
[2024-01-05T11:41:34.830-0300] {logging_mixin.py:154} INFO - [2024-01-05T11:41:34.829-0300] {dagbag.py:536} INFO - Filling up the DagBag from /home/felipe/.local/lib/python3.11/site-packages/airflow/example_dags/example_trigger_target_dag.py
[2024-01-05T11:41:34.833-0300] {processor.py:839} INFO - DAG(s) dict_keys(['example_trigger_target_dag']) retrieved from /home/felipe/.local/lib/python3.11/site-packages/airflow/example_dags/example_trigger_target_dag.py
[2024-01-05T11:41:34.843-0300] {logging_mixin.py:154} INFO - [2024-01-05T11:41:34.843-0300] {dag.py:2941} INFO - Sync 1 DAGs
[2024-01-05T11:41:34.848-0300] {logging_mixin.py:154} INFO - [2024-01-05T11:41:34.848-0300] {dag.py:3722} INFO - Setting next_dagrun for example_trigger_target_dag to None, run_after=None
[2024-01-05T11:41:34.866-0300] {processor.py:179} INFO - Processing /home/felipe/.local/lib/python3.11/site-packages/airflow/example_dags/example_trigger_target_dag.py took 0.072 seconds
[2024-01-05T11:42:23.647-0300] {processor.py:157} INFO - Started process (PID=20445) to work on /home/felipe/.local/lib/python3.11/site-packages/airflow/example_dags/example_trigger_target_dag.py
[2024-01-05T11:42:23.679-0300] {processor.py:829} INFO - Processing file /home/felipe/.local/lib/python3.11/site-packages/airflow/example_dags/example_trigger_target_dag.py for tasks to queue
[2024-01-05T11:42:23.679-0300] {logging_mixin.py:154} INFO - [2024-01-05T11:42:23.679-0300] {dagbag.py:536} INFO - Filling up the DagBag from /home/felipe/.local/lib/python3.11/site-packages/airflow/example_dags/example_trigger_target_dag.py
[2024-01-05T11:42:23.683-0300] {processor.py:839} INFO - DAG(s) dict_keys(['example_trigger_target_dag']) retrieved from /home/felipe/.local/lib/python3.11/site-packages/airflow/example_dags/example_trigger_target_dag.py
[2024-01-05T11:42:23.692-0300] {logging_mixin.py:154} INFO - [2024-01-05T11:42:23.692-0300] {dag.py:2941} INFO - Sync 1 DAGs
[2024-01-05T11:42:23.698-0300] {logging_mixin.py:154} INFO - [2024-01-05T11:42:23.698-0300] {dag.py:3722} INFO - Setting next_dagrun for example_trigger_target_dag to None, run_after=None
[2024-01-05T11:42:23.715-0300] {processor.py:179} INFO - Processing /home/felipe/.local/lib/python3.11/site-packages/airflow/example_dags/example_trigger_target_dag.py took 0.070 seconds
[2024-01-05T11:43:22.415-0300] {processor.py:157} INFO - Started process (PID=20564) to work on /home/felipe/.local/lib/python3.11/site-packages/airflow/example_dags/example_trigger_target_dag.py
[2024-01-05T11:43:22.447-0300] {processor.py:829} INFO - Processing file /home/felipe/.local/lib/python3.11/site-packages/airflow/example_dags/example_trigger_target_dag.py for tasks to queue
[2024-01-05T11:43:22.447-0300] {logging_mixin.py:154} INFO - [2024-01-05T11:43:22.447-0300] {dagbag.py:536} INFO - Filling up the DagBag from /home/felipe/.local/lib/python3.11/site-packages/airflow/example_dags/example_trigger_target_dag.py
[2024-01-05T11:43:22.451-0300] {processor.py:839} INFO - DAG(s) dict_keys(['example_trigger_target_dag']) retrieved from /home/felipe/.local/lib/python3.11/site-packages/airflow/example_dags/example_trigger_target_dag.py
[2024-01-05T11:43:22.460-0300] {logging_mixin.py:154} INFO - [2024-01-05T11:43:22.460-0300] {dag.py:2941} INFO - Sync 1 DAGs
[2024-01-05T11:43:22.466-0300] {logging_mixin.py:154} INFO - [2024-01-05T11:43:22.466-0300] {dag.py:3722} INFO - Setting next_dagrun for example_trigger_target_dag to None, run_after=None
[2024-01-05T11:43:22.483-0300] {processor.py:179} INFO - Processing /home/felipe/.local/lib/python3.11/site-packages/airflow/example_dags/example_trigger_target_dag.py took 0.070 seconds
[2024-01-05T11:44:27.116-0300] {processor.py:157} INFO - Started process (PID=20673) to work on /home/felipe/.local/lib/python3.11/site-packages/airflow/example_dags/example_trigger_target_dag.py
[2024-01-05T11:44:27.148-0300] {processor.py:829} INFO - Processing file /home/felipe/.local/lib/python3.11/site-packages/airflow/example_dags/example_trigger_target_dag.py for tasks to queue
[2024-01-05T11:44:27.149-0300] {logging_mixin.py:154} INFO - [2024-01-05T11:44:27.148-0300] {dagbag.py:536} INFO - Filling up the DagBag from /home/felipe/.local/lib/python3.11/site-packages/airflow/example_dags/example_trigger_target_dag.py
[2024-01-05T11:44:27.152-0300] {processor.py:839} INFO - DAG(s) dict_keys(['example_trigger_target_dag']) retrieved from /home/felipe/.local/lib/python3.11/site-packages/airflow/example_dags/example_trigger_target_dag.py
[2024-01-05T11:44:27.161-0300] {logging_mixin.py:154} INFO - [2024-01-05T11:44:27.161-0300] {dag.py:2941} INFO - Sync 1 DAGs
[2024-01-05T11:44:27.167-0300] {logging_mixin.py:154} INFO - [2024-01-05T11:44:27.167-0300] {dag.py:3722} INFO - Setting next_dagrun for example_trigger_target_dag to None, run_after=None
[2024-01-05T11:44:27.204-0300] {processor.py:179} INFO - Processing /home/felipe/.local/lib/python3.11/site-packages/airflow/example_dags/example_trigger_target_dag.py took 0.090 seconds
[2024-01-05T11:45:17.512-0300] {processor.py:157} INFO - Started process (PID=20755) to work on /home/felipe/.local/lib/python3.11/site-packages/airflow/example_dags/example_trigger_target_dag.py
[2024-01-05T11:45:17.544-0300] {processor.py:829} INFO - Processing file /home/felipe/.local/lib/python3.11/site-packages/airflow/example_dags/example_trigger_target_dag.py for tasks to queue
[2024-01-05T11:45:17.545-0300] {logging_mixin.py:154} INFO - [2024-01-05T11:45:17.545-0300] {dagbag.py:536} INFO - Filling up the DagBag from /home/felipe/.local/lib/python3.11/site-packages/airflow/example_dags/example_trigger_target_dag.py
[2024-01-05T11:45:17.549-0300] {processor.py:839} INFO - DAG(s) dict_keys(['example_trigger_target_dag']) retrieved from /home/felipe/.local/lib/python3.11/site-packages/airflow/example_dags/example_trigger_target_dag.py
[2024-01-05T11:45:17.558-0300] {logging_mixin.py:154} INFO - [2024-01-05T11:45:17.558-0300] {dag.py:2941} INFO - Sync 1 DAGs
[2024-01-05T11:45:17.564-0300] {logging_mixin.py:154} INFO - [2024-01-05T11:45:17.564-0300] {dag.py:3722} INFO - Setting next_dagrun for example_trigger_target_dag to None, run_after=None
[2024-01-05T11:45:17.581-0300] {processor.py:179} INFO - Processing /home/felipe/.local/lib/python3.11/site-packages/airflow/example_dags/example_trigger_target_dag.py took 0.071 seconds
[2024-01-05T11:46:26.435-0300] {processor.py:157} INFO - Started process (PID=20869) to work on /home/felipe/.local/lib/python3.11/site-packages/airflow/example_dags/example_trigger_target_dag.py
[2024-01-05T11:46:26.467-0300] {processor.py:829} INFO - Processing file /home/felipe/.local/lib/python3.11/site-packages/airflow/example_dags/example_trigger_target_dag.py for tasks to queue
[2024-01-05T11:46:26.468-0300] {logging_mixin.py:154} INFO - [2024-01-05T11:46:26.468-0300] {dagbag.py:536} INFO - Filling up the DagBag from /home/felipe/.local/lib/python3.11/site-packages/airflow/example_dags/example_trigger_target_dag.py
[2024-01-05T11:46:26.472-0300] {processor.py:839} INFO - DAG(s) dict_keys(['example_trigger_target_dag']) retrieved from /home/felipe/.local/lib/python3.11/site-packages/airflow/example_dags/example_trigger_target_dag.py
[2024-01-05T11:46:26.481-0300] {logging_mixin.py:154} INFO - [2024-01-05T11:46:26.481-0300] {dag.py:2941} INFO - Sync 1 DAGs
[2024-01-05T11:46:26.487-0300] {logging_mixin.py:154} INFO - [2024-01-05T11:46:26.487-0300] {dag.py:3722} INFO - Setting next_dagrun for example_trigger_target_dag to None, run_after=None
[2024-01-05T11:46:26.504-0300] {processor.py:179} INFO - Processing /home/felipe/.local/lib/python3.11/site-packages/airflow/example_dags/example_trigger_target_dag.py took 0.071 seconds
[2024-01-05T11:47:40.856-0300] {processor.py:157} INFO - Started process (PID=20986) to work on /home/felipe/.local/lib/python3.11/site-packages/airflow/example_dags/example_trigger_target_dag.py
[2024-01-05T11:47:40.892-0300] {processor.py:829} INFO - Processing file /home/felipe/.local/lib/python3.11/site-packages/airflow/example_dags/example_trigger_target_dag.py for tasks to queue
[2024-01-05T11:47:40.893-0300] {logging_mixin.py:154} INFO - [2024-01-05T11:47:40.893-0300] {dagbag.py:536} INFO - Filling up the DagBag from /home/felipe/.local/lib/python3.11/site-packages/airflow/example_dags/example_trigger_target_dag.py
[2024-01-05T11:47:40.897-0300] {processor.py:839} INFO - DAG(s) dict_keys(['example_trigger_target_dag']) retrieved from /home/felipe/.local/lib/python3.11/site-packages/airflow/example_dags/example_trigger_target_dag.py
[2024-01-05T11:47:40.906-0300] {logging_mixin.py:154} INFO - [2024-01-05T11:47:40.905-0300] {dag.py:2941} INFO - Sync 1 DAGs
[2024-01-05T11:47:40.912-0300] {logging_mixin.py:154} INFO - [2024-01-05T11:47:40.912-0300] {dag.py:3722} INFO - Setting next_dagrun for example_trigger_target_dag to None, run_after=None
[2024-01-05T11:47:40.929-0300] {processor.py:179} INFO - Processing /home/felipe/.local/lib/python3.11/site-packages/airflow/example_dags/example_trigger_target_dag.py took 0.075 seconds
[2024-01-05T11:48:40.353-0300] {processor.py:157} INFO - Started process (PID=21079) to work on /home/felipe/.local/lib/python3.11/site-packages/airflow/example_dags/example_trigger_target_dag.py
[2024-01-05T11:48:40.385-0300] {processor.py:829} INFO - Processing file /home/felipe/.local/lib/python3.11/site-packages/airflow/example_dags/example_trigger_target_dag.py for tasks to queue
[2024-01-05T11:48:40.386-0300] {logging_mixin.py:154} INFO - [2024-01-05T11:48:40.385-0300] {dagbag.py:536} INFO - Filling up the DagBag from /home/felipe/.local/lib/python3.11/site-packages/airflow/example_dags/example_trigger_target_dag.py
[2024-01-05T11:48:40.390-0300] {processor.py:839} INFO - DAG(s) dict_keys(['example_trigger_target_dag']) retrieved from /home/felipe/.local/lib/python3.11/site-packages/airflow/example_dags/example_trigger_target_dag.py
[2024-01-05T11:48:40.399-0300] {logging_mixin.py:154} INFO - [2024-01-05T11:48:40.399-0300] {dag.py:2941} INFO - Sync 1 DAGs
[2024-01-05T11:48:40.405-0300] {logging_mixin.py:154} INFO - [2024-01-05T11:48:40.405-0300] {dag.py:3722} INFO - Setting next_dagrun for example_trigger_target_dag to None, run_after=None
[2024-01-05T11:48:40.422-0300] {processor.py:179} INFO - Processing /home/felipe/.local/lib/python3.11/site-packages/airflow/example_dags/example_trigger_target_dag.py took 0.071 seconds
[2024-01-05T11:49:32.282-0300] {processor.py:157} INFO - Started process (PID=21164) to work on /home/felipe/.local/lib/python3.11/site-packages/airflow/example_dags/example_trigger_target_dag.py
[2024-01-05T11:49:32.314-0300] {processor.py:829} INFO - Processing file /home/felipe/.local/lib/python3.11/site-packages/airflow/example_dags/example_trigger_target_dag.py for tasks to queue
[2024-01-05T11:49:32.315-0300] {logging_mixin.py:154} INFO - [2024-01-05T11:49:32.315-0300] {dagbag.py:536} INFO - Filling up the DagBag from /home/felipe/.local/lib/python3.11/site-packages/airflow/example_dags/example_trigger_target_dag.py
[2024-01-05T11:49:32.319-0300] {processor.py:839} INFO - DAG(s) dict_keys(['example_trigger_target_dag']) retrieved from /home/felipe/.local/lib/python3.11/site-packages/airflow/example_dags/example_trigger_target_dag.py
[2024-01-05T11:49:32.328-0300] {logging_mixin.py:154} INFO - [2024-01-05T11:49:32.328-0300] {dag.py:2941} INFO - Sync 1 DAGs
[2024-01-05T11:49:32.334-0300] {logging_mixin.py:154} INFO - [2024-01-05T11:49:32.334-0300] {dag.py:3722} INFO - Setting next_dagrun for example_trigger_target_dag to None, run_after=None
[2024-01-05T11:49:32.351-0300] {processor.py:179} INFO - Processing /home/felipe/.local/lib/python3.11/site-packages/airflow/example_dags/example_trigger_target_dag.py took 0.071 seconds
[2024-01-05T11:50:39.771-0300] {processor.py:157} INFO - Started process (PID=21294) to work on /home/felipe/.local/lib/python3.11/site-packages/airflow/example_dags/example_trigger_target_dag.py
[2024-01-05T11:50:39.803-0300] {processor.py:829} INFO - Processing file /home/felipe/.local/lib/python3.11/site-packages/airflow/example_dags/example_trigger_target_dag.py for tasks to queue
[2024-01-05T11:50:39.804-0300] {logging_mixin.py:154} INFO - [2024-01-05T11:50:39.803-0300] {dagbag.py:536} INFO - Filling up the DagBag from /home/felipe/.local/lib/python3.11/site-packages/airflow/example_dags/example_trigger_target_dag.py
[2024-01-05T11:50:39.807-0300] {processor.py:839} INFO - DAG(s) dict_keys(['example_trigger_target_dag']) retrieved from /home/felipe/.local/lib/python3.11/site-packages/airflow/example_dags/example_trigger_target_dag.py
[2024-01-05T11:50:39.816-0300] {logging_mixin.py:154} INFO - [2024-01-05T11:50:39.816-0300] {dag.py:2941} INFO - Sync 1 DAGs
[2024-01-05T11:50:39.822-0300] {logging_mixin.py:154} INFO - [2024-01-05T11:50:39.822-0300] {dag.py:3722} INFO - Setting next_dagrun for example_trigger_target_dag to None, run_after=None
[2024-01-05T11:50:39.839-0300] {processor.py:179} INFO - Processing /home/felipe/.local/lib/python3.11/site-packages/airflow/example_dags/example_trigger_target_dag.py took 0.070 seconds
[2024-01-05T11:51:47.278-0300] {processor.py:157} INFO - Started process (PID=21420) to work on /home/felipe/.local/lib/python3.11/site-packages/airflow/example_dags/example_trigger_target_dag.py
[2024-01-05T11:51:47.310-0300] {processor.py:829} INFO - Processing file /home/felipe/.local/lib/python3.11/site-packages/airflow/example_dags/example_trigger_target_dag.py for tasks to queue
[2024-01-05T11:51:47.311-0300] {logging_mixin.py:154} INFO - [2024-01-05T11:51:47.311-0300] {dagbag.py:536} INFO - Filling up the DagBag from /home/felipe/.local/lib/python3.11/site-packages/airflow/example_dags/example_trigger_target_dag.py
[2024-01-05T11:51:47.315-0300] {processor.py:839} INFO - DAG(s) dict_keys(['example_trigger_target_dag']) retrieved from /home/felipe/.local/lib/python3.11/site-packages/airflow/example_dags/example_trigger_target_dag.py
[2024-01-05T11:51:47.324-0300] {logging_mixin.py:154} INFO - [2024-01-05T11:51:47.324-0300] {dag.py:2941} INFO - Sync 1 DAGs
[2024-01-05T11:51:47.329-0300] {logging_mixin.py:154} INFO - [2024-01-05T11:51:47.329-0300] {dag.py:3722} INFO - Setting next_dagrun for example_trigger_target_dag to None, run_after=None
[2024-01-05T11:51:47.346-0300] {processor.py:179} INFO - Processing /home/felipe/.local/lib/python3.11/site-packages/airflow/example_dags/example_trigger_target_dag.py took 0.070 seconds
