[2024-01-05T10:30:01.966-0300] {processor.py:157} INFO - Started process (PID=11246) to work on /home/felipe/.local/lib/python3.11/site-packages/airflow/example_dags/example_kubernetes_executor.py
[2024-01-05T10:30:01.966-0300] {processor.py:829} INFO - Processing file /home/felipe/.local/lib/python3.11/site-packages/airflow/example_dags/example_kubernetes_executor.py for tasks to queue
[2024-01-05T10:30:01.967-0300] {logging_mixin.py:154} INFO - [2024-01-05T10:30:01.966-0300] {dagbag.py:536} INFO - Filling up the DagBag from /home/felipe/.local/lib/python3.11/site-packages/airflow/example_dags/example_kubernetes_executor.py
[2024-01-05T10:30:01.968-0300] {logging_mixin.py:154} INFO - [2024-01-05T10:30:01.968-0300] {example_kubernetes_executor.py:38} WARNING - The example_kubernetes_executor example DAG requires the kubernetes provider. Please install it with: pip install apache-airflow[cncf.kubernetes]
[2024-01-05T10:30:01.968-0300] {processor.py:841} WARNING - No viable dags retrieved from /home/felipe/.local/lib/python3.11/site-packages/airflow/example_dags/example_kubernetes_executor.py
[2024-01-05T10:30:01.974-0300] {processor.py:179} INFO - Processing /home/felipe/.local/lib/python3.11/site-packages/airflow/example_dags/example_kubernetes_executor.py took 0.010 seconds
[2024-01-05T10:31:18.460-0300] {processor.py:157} INFO - Started process (PID=11396) to work on /home/felipe/.local/lib/python3.11/site-packages/airflow/example_dags/example_kubernetes_executor.py
[2024-01-05T10:31:18.492-0300] {processor.py:829} INFO - Processing file /home/felipe/.local/lib/python3.11/site-packages/airflow/example_dags/example_kubernetes_executor.py for tasks to queue
[2024-01-05T10:31:18.492-0300] {logging_mixin.py:154} INFO - [2024-01-05T10:31:18.492-0300] {dagbag.py:536} INFO - Filling up the DagBag from /home/felipe/.local/lib/python3.11/site-packages/airflow/example_dags/example_kubernetes_executor.py
[2024-01-05T10:31:18.494-0300] {logging_mixin.py:154} INFO - [2024-01-05T10:31:18.494-0300] {example_kubernetes_executor.py:38} WARNING - The example_kubernetes_executor example DAG requires the kubernetes provider. Please install it with: pip install apache-airflow[cncf.kubernetes]
[2024-01-05T10:31:18.494-0300] {processor.py:841} WARNING - No viable dags retrieved from /home/felipe/.local/lib/python3.11/site-packages/airflow/example_dags/example_kubernetes_executor.py
[2024-01-05T10:31:18.500-0300] {processor.py:179} INFO - Processing /home/felipe/.local/lib/python3.11/site-packages/airflow/example_dags/example_kubernetes_executor.py took 0.042 seconds
[2024-01-05T10:32:36.143-0300] {processor.py:157} INFO - Started process (PID=11501) to work on /home/felipe/.local/lib/python3.11/site-packages/airflow/example_dags/example_kubernetes_executor.py
[2024-01-05T10:32:36.182-0300] {processor.py:829} INFO - Processing file /home/felipe/.local/lib/python3.11/site-packages/airflow/example_dags/example_kubernetes_executor.py for tasks to queue
[2024-01-05T10:32:36.182-0300] {logging_mixin.py:154} INFO - [2024-01-05T10:32:36.182-0300] {dagbag.py:536} INFO - Filling up the DagBag from /home/felipe/.local/lib/python3.11/site-packages/airflow/example_dags/example_kubernetes_executor.py
[2024-01-05T10:32:36.184-0300] {logging_mixin.py:154} INFO - [2024-01-05T10:32:36.184-0300] {example_kubernetes_executor.py:38} WARNING - The example_kubernetes_executor example DAG requires the kubernetes provider. Please install it with: pip install apache-airflow[cncf.kubernetes]
[2024-01-05T10:32:36.184-0300] {processor.py:841} WARNING - No viable dags retrieved from /home/felipe/.local/lib/python3.11/site-packages/airflow/example_dags/example_kubernetes_executor.py
[2024-01-05T10:32:36.190-0300] {processor.py:179} INFO - Processing /home/felipe/.local/lib/python3.11/site-packages/airflow/example_dags/example_kubernetes_executor.py took 0.049 seconds
[2024-01-05T10:34:25.176-0300] {processor.py:157} INFO - Started process (PID=11642) to work on /home/felipe/.local/lib/python3.11/site-packages/airflow/example_dags/example_kubernetes_executor.py
[2024-01-05T10:34:25.208-0300] {processor.py:829} INFO - Processing file /home/felipe/.local/lib/python3.11/site-packages/airflow/example_dags/example_kubernetes_executor.py for tasks to queue
[2024-01-05T10:34:25.209-0300] {logging_mixin.py:154} INFO - [2024-01-05T10:34:25.209-0300] {dagbag.py:536} INFO - Filling up the DagBag from /home/felipe/.local/lib/python3.11/site-packages/airflow/example_dags/example_kubernetes_executor.py
[2024-01-05T10:34:25.211-0300] {logging_mixin.py:154} INFO - [2024-01-05T10:34:25.211-0300] {example_kubernetes_executor.py:38} WARNING - The example_kubernetes_executor example DAG requires the kubernetes provider. Please install it with: pip install apache-airflow[cncf.kubernetes]
[2024-01-05T10:34:25.211-0300] {processor.py:841} WARNING - No viable dags retrieved from /home/felipe/.local/lib/python3.11/site-packages/airflow/example_dags/example_kubernetes_executor.py
[2024-01-05T10:34:25.217-0300] {processor.py:179} INFO - Processing /home/felipe/.local/lib/python3.11/site-packages/airflow/example_dags/example_kubernetes_executor.py took 0.043 seconds
[2024-01-05T10:35:41.395-0300] {processor.py:157} INFO - Started process (PID=11731) to work on /home/felipe/.local/lib/python3.11/site-packages/airflow/example_dags/example_kubernetes_executor.py
[2024-01-05T10:35:41.427-0300] {processor.py:829} INFO - Processing file /home/felipe/.local/lib/python3.11/site-packages/airflow/example_dags/example_kubernetes_executor.py for tasks to queue
[2024-01-05T10:35:41.427-0300] {logging_mixin.py:154} INFO - [2024-01-05T10:35:41.427-0300] {dagbag.py:536} INFO - Filling up the DagBag from /home/felipe/.local/lib/python3.11/site-packages/airflow/example_dags/example_kubernetes_executor.py
[2024-01-05T10:35:41.429-0300] {logging_mixin.py:154} INFO - [2024-01-05T10:35:41.429-0300] {example_kubernetes_executor.py:38} WARNING - The example_kubernetes_executor example DAG requires the kubernetes provider. Please install it with: pip install apache-airflow[cncf.kubernetes]
[2024-01-05T10:35:41.429-0300] {processor.py:841} WARNING - No viable dags retrieved from /home/felipe/.local/lib/python3.11/site-packages/airflow/example_dags/example_kubernetes_executor.py
[2024-01-05T10:35:41.435-0300] {processor.py:179} INFO - Processing /home/felipe/.local/lib/python3.11/site-packages/airflow/example_dags/example_kubernetes_executor.py took 0.042 seconds
[2024-01-05T10:36:58.750-0300] {processor.py:157} INFO - Started process (PID=11947) to work on /home/felipe/.local/lib/python3.11/site-packages/airflow/example_dags/example_kubernetes_executor.py
[2024-01-05T10:36:58.782-0300] {processor.py:829} INFO - Processing file /home/felipe/.local/lib/python3.11/site-packages/airflow/example_dags/example_kubernetes_executor.py for tasks to queue
[2024-01-05T10:36:58.782-0300] {logging_mixin.py:154} INFO - [2024-01-05T10:36:58.782-0300] {dagbag.py:536} INFO - Filling up the DagBag from /home/felipe/.local/lib/python3.11/site-packages/airflow/example_dags/example_kubernetes_executor.py
[2024-01-05T10:36:58.784-0300] {logging_mixin.py:154} INFO - [2024-01-05T10:36:58.784-0300] {example_kubernetes_executor.py:38} WARNING - The example_kubernetes_executor example DAG requires the kubernetes provider. Please install it with: pip install apache-airflow[cncf.kubernetes]
[2024-01-05T10:36:58.784-0300] {processor.py:841} WARNING - No viable dags retrieved from /home/felipe/.local/lib/python3.11/site-packages/airflow/example_dags/example_kubernetes_executor.py
[2024-01-05T10:36:58.790-0300] {processor.py:179} INFO - Processing /home/felipe/.local/lib/python3.11/site-packages/airflow/example_dags/example_kubernetes_executor.py took 0.043 seconds
[2024-01-05T10:43:19.017-0300] {processor.py:157} INFO - Started process (PID=12592) to work on /home/felipe/.local/lib/python3.11/site-packages/airflow/example_dags/example_kubernetes_executor.py
[2024-01-05T10:43:19.049-0300] {processor.py:829} INFO - Processing file /home/felipe/.local/lib/python3.11/site-packages/airflow/example_dags/example_kubernetes_executor.py for tasks to queue
[2024-01-05T10:43:19.050-0300] {logging_mixin.py:154} INFO - [2024-01-05T10:43:19.049-0300] {dagbag.py:536} INFO - Filling up the DagBag from /home/felipe/.local/lib/python3.11/site-packages/airflow/example_dags/example_kubernetes_executor.py
[2024-01-05T10:43:19.051-0300] {logging_mixin.py:154} INFO - [2024-01-05T10:43:19.051-0300] {example_kubernetes_executor.py:38} WARNING - The example_kubernetes_executor example DAG requires the kubernetes provider. Please install it with: pip install apache-airflow[cncf.kubernetes]
[2024-01-05T10:43:19.052-0300] {processor.py:841} WARNING - No viable dags retrieved from /home/felipe/.local/lib/python3.11/site-packages/airflow/example_dags/example_kubernetes_executor.py
[2024-01-05T10:43:19.058-0300] {processor.py:179} INFO - Processing /home/felipe/.local/lib/python3.11/site-packages/airflow/example_dags/example_kubernetes_executor.py took 0.042 seconds
[2024-01-05T10:44:15.902-0300] {processor.py:157} INFO - Started process (PID=12728) to work on /home/felipe/.local/lib/python3.11/site-packages/airflow/example_dags/example_kubernetes_executor.py
[2024-01-05T10:44:15.903-0300] {processor.py:829} INFO - Processing file /home/felipe/.local/lib/python3.11/site-packages/airflow/example_dags/example_kubernetes_executor.py for tasks to queue
[2024-01-05T10:44:15.903-0300] {logging_mixin.py:154} INFO - [2024-01-05T10:44:15.903-0300] {dagbag.py:536} INFO - Filling up the DagBag from /home/felipe/.local/lib/python3.11/site-packages/airflow/example_dags/example_kubernetes_executor.py
[2024-01-05T10:44:15.905-0300] {logging_mixin.py:154} INFO - [2024-01-05T10:44:15.905-0300] {example_kubernetes_executor.py:38} WARNING - The example_kubernetes_executor example DAG requires the kubernetes provider. Please install it with: pip install apache-airflow[cncf.kubernetes]
[2024-01-05T10:44:15.905-0300] {processor.py:841} WARNING - No viable dags retrieved from /home/felipe/.local/lib/python3.11/site-packages/airflow/example_dags/example_kubernetes_executor.py
[2024-01-05T10:44:15.911-0300] {processor.py:179} INFO - Processing /home/felipe/.local/lib/python3.11/site-packages/airflow/example_dags/example_kubernetes_executor.py took 0.011 seconds
[2024-01-05T10:45:09.179-0300] {processor.py:157} INFO - Started process (PID=12830) to work on /home/felipe/.local/lib/python3.11/site-packages/airflow/example_dags/example_kubernetes_executor.py
[2024-01-05T10:45:09.211-0300] {processor.py:829} INFO - Processing file /home/felipe/.local/lib/python3.11/site-packages/airflow/example_dags/example_kubernetes_executor.py for tasks to queue
[2024-01-05T10:45:09.212-0300] {logging_mixin.py:154} INFO - [2024-01-05T10:45:09.212-0300] {dagbag.py:536} INFO - Filling up the DagBag from /home/felipe/.local/lib/python3.11/site-packages/airflow/example_dags/example_kubernetes_executor.py
[2024-01-05T10:45:09.214-0300] {logging_mixin.py:154} INFO - [2024-01-05T10:45:09.214-0300] {example_kubernetes_executor.py:38} WARNING - The example_kubernetes_executor example DAG requires the kubernetes provider. Please install it with: pip install apache-airflow[cncf.kubernetes]
[2024-01-05T10:45:09.214-0300] {processor.py:841} WARNING - No viable dags retrieved from /home/felipe/.local/lib/python3.11/site-packages/airflow/example_dags/example_kubernetes_executor.py
[2024-01-05T10:45:09.221-0300] {processor.py:179} INFO - Processing /home/felipe/.local/lib/python3.11/site-packages/airflow/example_dags/example_kubernetes_executor.py took 0.043 seconds
[2024-01-05T10:46:16.691-0300] {processor.py:157} INFO - Started process (PID=13012) to work on /home/felipe/.local/lib/python3.11/site-packages/airflow/example_dags/example_kubernetes_executor.py
[2024-01-05T10:46:16.723-0300] {processor.py:829} INFO - Processing file /home/felipe/.local/lib/python3.11/site-packages/airflow/example_dags/example_kubernetes_executor.py for tasks to queue
[2024-01-05T10:46:16.723-0300] {logging_mixin.py:154} INFO - [2024-01-05T10:46:16.723-0300] {dagbag.py:536} INFO - Filling up the DagBag from /home/felipe/.local/lib/python3.11/site-packages/airflow/example_dags/example_kubernetes_executor.py
[2024-01-05T10:46:16.725-0300] {logging_mixin.py:154} INFO - [2024-01-05T10:46:16.725-0300] {example_kubernetes_executor.py:38} WARNING - The example_kubernetes_executor example DAG requires the kubernetes provider. Please install it with: pip install apache-airflow[cncf.kubernetes]
[2024-01-05T10:46:16.725-0300] {processor.py:841} WARNING - No viable dags retrieved from /home/felipe/.local/lib/python3.11/site-packages/airflow/example_dags/example_kubernetes_executor.py
[2024-01-05T10:46:16.731-0300] {processor.py:179} INFO - Processing /home/felipe/.local/lib/python3.11/site-packages/airflow/example_dags/example_kubernetes_executor.py took 0.042 seconds
[2024-01-05T10:52:10.215-0300] {processor.py:157} INFO - Started process (PID=13511) to work on /home/felipe/.local/lib/python3.11/site-packages/airflow/example_dags/example_kubernetes_executor.py
[2024-01-05T10:52:10.265-0300] {processor.py:829} INFO - Processing file /home/felipe/.local/lib/python3.11/site-packages/airflow/example_dags/example_kubernetes_executor.py for tasks to queue
[2024-01-05T10:52:10.266-0300] {logging_mixin.py:154} INFO - [2024-01-05T10:52:10.266-0300] {dagbag.py:536} INFO - Filling up the DagBag from /home/felipe/.local/lib/python3.11/site-packages/airflow/example_dags/example_kubernetes_executor.py
[2024-01-05T10:52:10.268-0300] {logging_mixin.py:154} INFO - [2024-01-05T10:52:10.268-0300] {example_kubernetes_executor.py:38} WARNING - The example_kubernetes_executor example DAG requires the kubernetes provider. Please install it with: pip install apache-airflow[cncf.kubernetes]
[2024-01-05T10:52:10.268-0300] {processor.py:841} WARNING - No viable dags retrieved from /home/felipe/.local/lib/python3.11/site-packages/airflow/example_dags/example_kubernetes_executor.py
[2024-01-05T10:52:10.276-0300] {processor.py:179} INFO - Processing /home/felipe/.local/lib/python3.11/site-packages/airflow/example_dags/example_kubernetes_executor.py took 0.062 seconds
[2024-01-05T10:52:59.681-0300] {processor.py:157} INFO - Started process (PID=13612) to work on /home/felipe/.local/lib/python3.11/site-packages/airflow/example_dags/example_kubernetes_executor.py
[2024-01-05T10:52:59.682-0300] {processor.py:829} INFO - Processing file /home/felipe/.local/lib/python3.11/site-packages/airflow/example_dags/example_kubernetes_executor.py for tasks to queue
[2024-01-05T10:52:59.682-0300] {logging_mixin.py:154} INFO - [2024-01-05T10:52:59.682-0300] {dagbag.py:536} INFO - Filling up the DagBag from /home/felipe/.local/lib/python3.11/site-packages/airflow/example_dags/example_kubernetes_executor.py
[2024-01-05T10:52:59.684-0300] {logging_mixin.py:154} INFO - [2024-01-05T10:52:59.684-0300] {example_kubernetes_executor.py:38} WARNING - The example_kubernetes_executor example DAG requires the kubernetes provider. Please install it with: pip install apache-airflow[cncf.kubernetes]
[2024-01-05T10:52:59.684-0300] {processor.py:841} WARNING - No viable dags retrieved from /home/felipe/.local/lib/python3.11/site-packages/airflow/example_dags/example_kubernetes_executor.py
[2024-01-05T10:52:59.690-0300] {processor.py:179} INFO - Processing /home/felipe/.local/lib/python3.11/site-packages/airflow/example_dags/example_kubernetes_executor.py took 0.011 seconds
[2024-01-05T10:54:00.498-0300] {processor.py:157} INFO - Started process (PID=13800) to work on /home/felipe/.local/lib/python3.11/site-packages/airflow/example_dags/example_kubernetes_executor.py
[2024-01-05T10:54:00.499-0300] {processor.py:829} INFO - Processing file /home/felipe/.local/lib/python3.11/site-packages/airflow/example_dags/example_kubernetes_executor.py for tasks to queue
[2024-01-05T10:54:00.499-0300] {logging_mixin.py:154} INFO - [2024-01-05T10:54:00.499-0300] {dagbag.py:536} INFO - Filling up the DagBag from /home/felipe/.local/lib/python3.11/site-packages/airflow/example_dags/example_kubernetes_executor.py
[2024-01-05T10:54:00.501-0300] {logging_mixin.py:154} INFO - [2024-01-05T10:54:00.501-0300] {example_kubernetes_executor.py:38} WARNING - The example_kubernetes_executor example DAG requires the kubernetes provider. Please install it with: pip install apache-airflow[cncf.kubernetes]
[2024-01-05T10:54:00.501-0300] {processor.py:841} WARNING - No viable dags retrieved from /home/felipe/.local/lib/python3.11/site-packages/airflow/example_dags/example_kubernetes_executor.py
[2024-01-05T10:54:00.507-0300] {processor.py:179} INFO - Processing /home/felipe/.local/lib/python3.11/site-packages/airflow/example_dags/example_kubernetes_executor.py took 0.011 seconds
[2024-01-05T10:55:05.144-0300] {processor.py:157} INFO - Started process (PID=13910) to work on /home/felipe/.local/lib/python3.11/site-packages/airflow/example_dags/example_kubernetes_executor.py
[2024-01-05T10:55:05.176-0300] {processor.py:829} INFO - Processing file /home/felipe/.local/lib/python3.11/site-packages/airflow/example_dags/example_kubernetes_executor.py for tasks to queue
[2024-01-05T10:55:05.177-0300] {logging_mixin.py:154} INFO - [2024-01-05T10:55:05.177-0300] {dagbag.py:536} INFO - Filling up the DagBag from /home/felipe/.local/lib/python3.11/site-packages/airflow/example_dags/example_kubernetes_executor.py
[2024-01-05T10:55:05.179-0300] {logging_mixin.py:154} INFO - [2024-01-05T10:55:05.179-0300] {example_kubernetes_executor.py:38} WARNING - The example_kubernetes_executor example DAG requires the kubernetes provider. Please install it with: pip install apache-airflow[cncf.kubernetes]
[2024-01-05T10:55:05.179-0300] {processor.py:841} WARNING - No viable dags retrieved from /home/felipe/.local/lib/python3.11/site-packages/airflow/example_dags/example_kubernetes_executor.py
[2024-01-05T10:55:05.185-0300] {processor.py:179} INFO - Processing /home/felipe/.local/lib/python3.11/site-packages/airflow/example_dags/example_kubernetes_executor.py took 0.043 seconds
[2024-01-05T10:56:03.027-0300] {processor.py:157} INFO - Started process (PID=14035) to work on /home/felipe/.local/lib/python3.11/site-packages/airflow/example_dags/example_kubernetes_executor.py
[2024-01-05T10:56:03.059-0300] {processor.py:829} INFO - Processing file /home/felipe/.local/lib/python3.11/site-packages/airflow/example_dags/example_kubernetes_executor.py for tasks to queue
[2024-01-05T10:56:03.060-0300] {logging_mixin.py:154} INFO - [2024-01-05T10:56:03.060-0300] {dagbag.py:536} INFO - Filling up the DagBag from /home/felipe/.local/lib/python3.11/site-packages/airflow/example_dags/example_kubernetes_executor.py
[2024-01-05T10:56:03.062-0300] {logging_mixin.py:154} INFO - [2024-01-05T10:56:03.062-0300] {example_kubernetes_executor.py:38} WARNING - The example_kubernetes_executor example DAG requires the kubernetes provider. Please install it with: pip install apache-airflow[cncf.kubernetes]
[2024-01-05T10:56:03.062-0300] {processor.py:841} WARNING - No viable dags retrieved from /home/felipe/.local/lib/python3.11/site-packages/airflow/example_dags/example_kubernetes_executor.py
[2024-01-05T10:56:03.068-0300] {processor.py:179} INFO - Processing /home/felipe/.local/lib/python3.11/site-packages/airflow/example_dags/example_kubernetes_executor.py took 0.042 seconds
[2024-01-05T10:57:05.378-0300] {processor.py:157} INFO - Started process (PID=14149) to work on /home/felipe/.local/lib/python3.11/site-packages/airflow/example_dags/example_kubernetes_executor.py
[2024-01-05T10:57:05.410-0300] {processor.py:829} INFO - Processing file /home/felipe/.local/lib/python3.11/site-packages/airflow/example_dags/example_kubernetes_executor.py for tasks to queue
[2024-01-05T10:57:05.410-0300] {logging_mixin.py:154} INFO - [2024-01-05T10:57:05.410-0300] {dagbag.py:536} INFO - Filling up the DagBag from /home/felipe/.local/lib/python3.11/site-packages/airflow/example_dags/example_kubernetes_executor.py
[2024-01-05T10:57:05.413-0300] {logging_mixin.py:154} INFO - [2024-01-05T10:57:05.412-0300] {example_kubernetes_executor.py:38} WARNING - The example_kubernetes_executor example DAG requires the kubernetes provider. Please install it with: pip install apache-airflow[cncf.kubernetes]
[2024-01-05T10:57:05.413-0300] {processor.py:841} WARNING - No viable dags retrieved from /home/felipe/.local/lib/python3.11/site-packages/airflow/example_dags/example_kubernetes_executor.py
[2024-01-05T10:57:05.419-0300] {processor.py:179} INFO - Processing /home/felipe/.local/lib/python3.11/site-packages/airflow/example_dags/example_kubernetes_executor.py took 0.044 seconds
[2024-01-05T10:58:05.534-0300] {processor.py:157} INFO - Started process (PID=14265) to work on /home/felipe/.local/lib/python3.11/site-packages/airflow/example_dags/example_kubernetes_executor.py
[2024-01-05T10:58:05.566-0300] {processor.py:829} INFO - Processing file /home/felipe/.local/lib/python3.11/site-packages/airflow/example_dags/example_kubernetes_executor.py for tasks to queue
[2024-01-05T10:58:05.566-0300] {logging_mixin.py:154} INFO - [2024-01-05T10:58:05.566-0300] {dagbag.py:536} INFO - Filling up the DagBag from /home/felipe/.local/lib/python3.11/site-packages/airflow/example_dags/example_kubernetes_executor.py
[2024-01-05T10:58:05.568-0300] {logging_mixin.py:154} INFO - [2024-01-05T10:58:05.568-0300] {example_kubernetes_executor.py:38} WARNING - The example_kubernetes_executor example DAG requires the kubernetes provider. Please install it with: pip install apache-airflow[cncf.kubernetes]
[2024-01-05T10:58:05.568-0300] {processor.py:841} WARNING - No viable dags retrieved from /home/felipe/.local/lib/python3.11/site-packages/airflow/example_dags/example_kubernetes_executor.py
[2024-01-05T10:58:05.574-0300] {processor.py:179} INFO - Processing /home/felipe/.local/lib/python3.11/site-packages/airflow/example_dags/example_kubernetes_executor.py took 0.043 seconds
[2024-01-05T10:59:07.911-0300] {processor.py:157} INFO - Started process (PID=14382) to work on /home/felipe/.local/lib/python3.11/site-packages/airflow/example_dags/example_kubernetes_executor.py
[2024-01-05T10:59:07.943-0300] {processor.py:829} INFO - Processing file /home/felipe/.local/lib/python3.11/site-packages/airflow/example_dags/example_kubernetes_executor.py for tasks to queue
[2024-01-05T10:59:07.943-0300] {logging_mixin.py:154} INFO - [2024-01-05T10:59:07.943-0300] {dagbag.py:536} INFO - Filling up the DagBag from /home/felipe/.local/lib/python3.11/site-packages/airflow/example_dags/example_kubernetes_executor.py
[2024-01-05T10:59:07.945-0300] {logging_mixin.py:154} INFO - [2024-01-05T10:59:07.945-0300] {example_kubernetes_executor.py:38} WARNING - The example_kubernetes_executor example DAG requires the kubernetes provider. Please install it with: pip install apache-airflow[cncf.kubernetes]
[2024-01-05T10:59:07.945-0300] {processor.py:841} WARNING - No viable dags retrieved from /home/felipe/.local/lib/python3.11/site-packages/airflow/example_dags/example_kubernetes_executor.py
[2024-01-05T10:59:07.952-0300] {processor.py:179} INFO - Processing /home/felipe/.local/lib/python3.11/site-packages/airflow/example_dags/example_kubernetes_executor.py took 0.043 seconds
[2024-01-05T11:00:10.144-0300] {processor.py:157} INFO - Started process (PID=14498) to work on /home/felipe/.local/lib/python3.11/site-packages/airflow/example_dags/example_kubernetes_executor.py
[2024-01-05T11:00:10.176-0300] {processor.py:829} INFO - Processing file /home/felipe/.local/lib/python3.11/site-packages/airflow/example_dags/example_kubernetes_executor.py for tasks to queue
[2024-01-05T11:00:10.176-0300] {logging_mixin.py:154} INFO - [2024-01-05T11:00:10.176-0300] {dagbag.py:536} INFO - Filling up the DagBag from /home/felipe/.local/lib/python3.11/site-packages/airflow/example_dags/example_kubernetes_executor.py
[2024-01-05T11:00:10.178-0300] {logging_mixin.py:154} INFO - [2024-01-05T11:00:10.178-0300] {example_kubernetes_executor.py:38} WARNING - The example_kubernetes_executor example DAG requires the kubernetes provider. Please install it with: pip install apache-airflow[cncf.kubernetes]
[2024-01-05T11:00:10.178-0300] {processor.py:841} WARNING - No viable dags retrieved from /home/felipe/.local/lib/python3.11/site-packages/airflow/example_dags/example_kubernetes_executor.py
[2024-01-05T11:00:10.185-0300] {processor.py:179} INFO - Processing /home/felipe/.local/lib/python3.11/site-packages/airflow/example_dags/example_kubernetes_executor.py took 0.043 seconds
[2024-01-05T11:01:15.222-0300] {processor.py:157} INFO - Started process (PID=14617) to work on /home/felipe/.local/lib/python3.11/site-packages/airflow/example_dags/example_kubernetes_executor.py
[2024-01-05T11:01:15.255-0300] {processor.py:829} INFO - Processing file /home/felipe/.local/lib/python3.11/site-packages/airflow/example_dags/example_kubernetes_executor.py for tasks to queue
[2024-01-05T11:01:15.255-0300] {logging_mixin.py:154} INFO - [2024-01-05T11:01:15.255-0300] {dagbag.py:536} INFO - Filling up the DagBag from /home/felipe/.local/lib/python3.11/site-packages/airflow/example_dags/example_kubernetes_executor.py
[2024-01-05T11:01:15.257-0300] {logging_mixin.py:154} INFO - [2024-01-05T11:01:15.257-0300] {example_kubernetes_executor.py:38} WARNING - The example_kubernetes_executor example DAG requires the kubernetes provider. Please install it with: pip install apache-airflow[cncf.kubernetes]
[2024-01-05T11:01:15.257-0300] {processor.py:841} WARNING - No viable dags retrieved from /home/felipe/.local/lib/python3.11/site-packages/airflow/example_dags/example_kubernetes_executor.py
[2024-01-05T11:01:15.263-0300] {processor.py:179} INFO - Processing /home/felipe/.local/lib/python3.11/site-packages/airflow/example_dags/example_kubernetes_executor.py took 0.043 seconds
[2024-01-05T11:02:19.481-0300] {processor.py:157} INFO - Started process (PID=14730) to work on /home/felipe/.local/lib/python3.11/site-packages/airflow/example_dags/example_kubernetes_executor.py
[2024-01-05T11:02:19.481-0300] {processor.py:829} INFO - Processing file /home/felipe/.local/lib/python3.11/site-packages/airflow/example_dags/example_kubernetes_executor.py for tasks to queue
[2024-01-05T11:02:19.482-0300] {logging_mixin.py:154} INFO - [2024-01-05T11:02:19.481-0300] {dagbag.py:536} INFO - Filling up the DagBag from /home/felipe/.local/lib/python3.11/site-packages/airflow/example_dags/example_kubernetes_executor.py
[2024-01-05T11:02:19.483-0300] {logging_mixin.py:154} INFO - [2024-01-05T11:02:19.483-0300] {example_kubernetes_executor.py:38} WARNING - The example_kubernetes_executor example DAG requires the kubernetes provider. Please install it with: pip install apache-airflow[cncf.kubernetes]
[2024-01-05T11:02:19.483-0300] {processor.py:841} WARNING - No viable dags retrieved from /home/felipe/.local/lib/python3.11/site-packages/airflow/example_dags/example_kubernetes_executor.py
[2024-01-05T11:02:19.489-0300] {processor.py:179} INFO - Processing /home/felipe/.local/lib/python3.11/site-packages/airflow/example_dags/example_kubernetes_executor.py took 0.011 seconds
[2024-01-05T11:03:13.352-0300] {processor.py:157} INFO - Started process (PID=14820) to work on /home/felipe/.local/lib/python3.11/site-packages/airflow/example_dags/example_kubernetes_executor.py
[2024-01-05T11:03:13.384-0300] {processor.py:829} INFO - Processing file /home/felipe/.local/lib/python3.11/site-packages/airflow/example_dags/example_kubernetes_executor.py for tasks to queue
[2024-01-05T11:03:13.384-0300] {logging_mixin.py:154} INFO - [2024-01-05T11:03:13.384-0300] {dagbag.py:536} INFO - Filling up the DagBag from /home/felipe/.local/lib/python3.11/site-packages/airflow/example_dags/example_kubernetes_executor.py
[2024-01-05T11:03:13.386-0300] {logging_mixin.py:154} INFO - [2024-01-05T11:03:13.386-0300] {example_kubernetes_executor.py:38} WARNING - The example_kubernetes_executor example DAG requires the kubernetes provider. Please install it with: pip install apache-airflow[cncf.kubernetes]
[2024-01-05T11:03:13.386-0300] {processor.py:841} WARNING - No viable dags retrieved from /home/felipe/.local/lib/python3.11/site-packages/airflow/example_dags/example_kubernetes_executor.py
[2024-01-05T11:03:13.393-0300] {processor.py:179} INFO - Processing /home/felipe/.local/lib/python3.11/site-packages/airflow/example_dags/example_kubernetes_executor.py took 0.043 seconds
[2024-01-05T11:04:19.891-0300] {processor.py:157} INFO - Started process (PID=14932) to work on /home/felipe/.local/lib/python3.11/site-packages/airflow/example_dags/example_kubernetes_executor.py
[2024-01-05T11:04:19.892-0300] {processor.py:829} INFO - Processing file /home/felipe/.local/lib/python3.11/site-packages/airflow/example_dags/example_kubernetes_executor.py for tasks to queue
[2024-01-05T11:04:19.893-0300] {logging_mixin.py:154} INFO - [2024-01-05T11:04:19.892-0300] {dagbag.py:536} INFO - Filling up the DagBag from /home/felipe/.local/lib/python3.11/site-packages/airflow/example_dags/example_kubernetes_executor.py
[2024-01-05T11:04:19.894-0300] {logging_mixin.py:154} INFO - [2024-01-05T11:04:19.894-0300] {example_kubernetes_executor.py:38} WARNING - The example_kubernetes_executor example DAG requires the kubernetes provider. Please install it with: pip install apache-airflow[cncf.kubernetes]
[2024-01-05T11:04:19.895-0300] {processor.py:841} WARNING - No viable dags retrieved from /home/felipe/.local/lib/python3.11/site-packages/airflow/example_dags/example_kubernetes_executor.py
[2024-01-05T11:04:19.901-0300] {processor.py:179} INFO - Processing /home/felipe/.local/lib/python3.11/site-packages/airflow/example_dags/example_kubernetes_executor.py took 0.012 seconds
[2024-01-05T11:05:28.891-0300] {processor.py:157} INFO - Started process (PID=15082) to work on /home/felipe/.local/lib/python3.11/site-packages/airflow/example_dags/example_kubernetes_executor.py
[2024-01-05T11:05:28.924-0300] {processor.py:829} INFO - Processing file /home/felipe/.local/lib/python3.11/site-packages/airflow/example_dags/example_kubernetes_executor.py for tasks to queue
[2024-01-05T11:05:28.924-0300] {logging_mixin.py:154} INFO - [2024-01-05T11:05:28.924-0300] {dagbag.py:536} INFO - Filling up the DagBag from /home/felipe/.local/lib/python3.11/site-packages/airflow/example_dags/example_kubernetes_executor.py
[2024-01-05T11:05:28.926-0300] {logging_mixin.py:154} INFO - [2024-01-05T11:05:28.926-0300] {example_kubernetes_executor.py:38} WARNING - The example_kubernetes_executor example DAG requires the kubernetes provider. Please install it with: pip install apache-airflow[cncf.kubernetes]
[2024-01-05T11:05:28.926-0300] {processor.py:841} WARNING - No viable dags retrieved from /home/felipe/.local/lib/python3.11/site-packages/airflow/example_dags/example_kubernetes_executor.py
[2024-01-05T11:05:28.932-0300] {processor.py:179} INFO - Processing /home/felipe/.local/lib/python3.11/site-packages/airflow/example_dags/example_kubernetes_executor.py took 0.043 seconds
[2024-01-05T11:06:37.323-0300] {processor.py:157} INFO - Started process (PID=15196) to work on /home/felipe/.local/lib/python3.11/site-packages/airflow/example_dags/example_kubernetes_executor.py
[2024-01-05T11:06:37.355-0300] {processor.py:829} INFO - Processing file /home/felipe/.local/lib/python3.11/site-packages/airflow/example_dags/example_kubernetes_executor.py for tasks to queue
[2024-01-05T11:06:37.356-0300] {logging_mixin.py:154} INFO - [2024-01-05T11:06:37.355-0300] {dagbag.py:536} INFO - Filling up the DagBag from /home/felipe/.local/lib/python3.11/site-packages/airflow/example_dags/example_kubernetes_executor.py
[2024-01-05T11:06:37.358-0300] {logging_mixin.py:154} INFO - [2024-01-05T11:06:37.357-0300] {example_kubernetes_executor.py:38} WARNING - The example_kubernetes_executor example DAG requires the kubernetes provider. Please install it with: pip install apache-airflow[cncf.kubernetes]
[2024-01-05T11:06:37.358-0300] {processor.py:841} WARNING - No viable dags retrieved from /home/felipe/.local/lib/python3.11/site-packages/airflow/example_dags/example_kubernetes_executor.py
[2024-01-05T11:06:37.364-0300] {processor.py:179} INFO - Processing /home/felipe/.local/lib/python3.11/site-packages/airflow/example_dags/example_kubernetes_executor.py took 0.043 seconds
[2024-01-05T11:07:45.675-0300] {processor.py:157} INFO - Started process (PID=15313) to work on /home/felipe/.local/lib/python3.11/site-packages/airflow/example_dags/example_kubernetes_executor.py
[2024-01-05T11:07:45.707-0300] {processor.py:829} INFO - Processing file /home/felipe/.local/lib/python3.11/site-packages/airflow/example_dags/example_kubernetes_executor.py for tasks to queue
[2024-01-05T11:07:45.708-0300] {logging_mixin.py:154} INFO - [2024-01-05T11:07:45.708-0300] {dagbag.py:536} INFO - Filling up the DagBag from /home/felipe/.local/lib/python3.11/site-packages/airflow/example_dags/example_kubernetes_executor.py
[2024-01-05T11:07:45.710-0300] {logging_mixin.py:154} INFO - [2024-01-05T11:07:45.710-0300] {example_kubernetes_executor.py:38} WARNING - The example_kubernetes_executor example DAG requires the kubernetes provider. Please install it with: pip install apache-airflow[cncf.kubernetes]
[2024-01-05T11:07:45.710-0300] {processor.py:841} WARNING - No viable dags retrieved from /home/felipe/.local/lib/python3.11/site-packages/airflow/example_dags/example_kubernetes_executor.py
[2024-01-05T11:07:45.716-0300] {processor.py:179} INFO - Processing /home/felipe/.local/lib/python3.11/site-packages/airflow/example_dags/example_kubernetes_executor.py took 0.043 seconds
[2024-01-05T11:08:52.937-0300] {processor.py:157} INFO - Started process (PID=15431) to work on /home/felipe/.local/lib/python3.11/site-packages/airflow/example_dags/example_kubernetes_executor.py
[2024-01-05T11:08:52.969-0300] {processor.py:829} INFO - Processing file /home/felipe/.local/lib/python3.11/site-packages/airflow/example_dags/example_kubernetes_executor.py for tasks to queue
[2024-01-05T11:08:52.970-0300] {logging_mixin.py:154} INFO - [2024-01-05T11:08:52.969-0300] {dagbag.py:536} INFO - Filling up the DagBag from /home/felipe/.local/lib/python3.11/site-packages/airflow/example_dags/example_kubernetes_executor.py
[2024-01-05T11:08:52.972-0300] {logging_mixin.py:154} INFO - [2024-01-05T11:08:52.972-0300] {example_kubernetes_executor.py:38} WARNING - The example_kubernetes_executor example DAG requires the kubernetes provider. Please install it with: pip install apache-airflow[cncf.kubernetes]
[2024-01-05T11:08:52.972-0300] {processor.py:841} WARNING - No viable dags retrieved from /home/felipe/.local/lib/python3.11/site-packages/airflow/example_dags/example_kubernetes_executor.py
[2024-01-05T11:08:52.978-0300] {processor.py:179} INFO - Processing /home/felipe/.local/lib/python3.11/site-packages/airflow/example_dags/example_kubernetes_executor.py took 0.044 seconds
[2024-01-05T11:09:53.120-0300] {processor.py:157} INFO - Started process (PID=15569) to work on /home/felipe/.local/lib/python3.11/site-packages/airflow/example_dags/example_kubernetes_executor.py
[2024-01-05T11:09:53.152-0300] {processor.py:829} INFO - Processing file /home/felipe/.local/lib/python3.11/site-packages/airflow/example_dags/example_kubernetes_executor.py for tasks to queue
[2024-01-05T11:09:53.152-0300] {logging_mixin.py:154} INFO - [2024-01-05T11:09:53.152-0300] {dagbag.py:536} INFO - Filling up the DagBag from /home/felipe/.local/lib/python3.11/site-packages/airflow/example_dags/example_kubernetes_executor.py
[2024-01-05T11:09:53.154-0300] {logging_mixin.py:154} INFO - [2024-01-05T11:09:53.154-0300] {example_kubernetes_executor.py:38} WARNING - The example_kubernetes_executor example DAG requires the kubernetes provider. Please install it with: pip install apache-airflow[cncf.kubernetes]
[2024-01-05T11:09:53.154-0300] {processor.py:841} WARNING - No viable dags retrieved from /home/felipe/.local/lib/python3.11/site-packages/airflow/example_dags/example_kubernetes_executor.py
[2024-01-05T11:09:53.160-0300] {processor.py:179} INFO - Processing /home/felipe/.local/lib/python3.11/site-packages/airflow/example_dags/example_kubernetes_executor.py took 0.042 seconds
[2024-01-05T11:10:58.196-0300] {processor.py:157} INFO - Started process (PID=15685) to work on /home/felipe/.local/lib/python3.11/site-packages/airflow/example_dags/example_kubernetes_executor.py
[2024-01-05T11:10:58.228-0300] {processor.py:829} INFO - Processing file /home/felipe/.local/lib/python3.11/site-packages/airflow/example_dags/example_kubernetes_executor.py for tasks to queue
[2024-01-05T11:10:58.228-0300] {logging_mixin.py:154} INFO - [2024-01-05T11:10:58.228-0300] {dagbag.py:536} INFO - Filling up the DagBag from /home/felipe/.local/lib/python3.11/site-packages/airflow/example_dags/example_kubernetes_executor.py
[2024-01-05T11:10:58.230-0300] {logging_mixin.py:154} INFO - [2024-01-05T11:10:58.230-0300] {example_kubernetes_executor.py:38} WARNING - The example_kubernetes_executor example DAG requires the kubernetes provider. Please install it with: pip install apache-airflow[cncf.kubernetes]
[2024-01-05T11:10:58.230-0300] {processor.py:841} WARNING - No viable dags retrieved from /home/felipe/.local/lib/python3.11/site-packages/airflow/example_dags/example_kubernetes_executor.py
[2024-01-05T11:10:58.236-0300] {processor.py:179} INFO - Processing /home/felipe/.local/lib/python3.11/site-packages/airflow/example_dags/example_kubernetes_executor.py took 0.043 seconds
[2024-01-05T11:11:58.273-0300] {processor.py:157} INFO - Started process (PID=15802) to work on /home/felipe/.local/lib/python3.11/site-packages/airflow/example_dags/example_kubernetes_executor.py
[2024-01-05T11:11:58.305-0300] {processor.py:829} INFO - Processing file /home/felipe/.local/lib/python3.11/site-packages/airflow/example_dags/example_kubernetes_executor.py for tasks to queue
[2024-01-05T11:11:58.306-0300] {logging_mixin.py:154} INFO - [2024-01-05T11:11:58.306-0300] {dagbag.py:536} INFO - Filling up the DagBag from /home/felipe/.local/lib/python3.11/site-packages/airflow/example_dags/example_kubernetes_executor.py
[2024-01-05T11:11:58.308-0300] {logging_mixin.py:154} INFO - [2024-01-05T11:11:58.308-0300] {example_kubernetes_executor.py:38} WARNING - The example_kubernetes_executor example DAG requires the kubernetes provider. Please install it with: pip install apache-airflow[cncf.kubernetes]
[2024-01-05T11:11:58.308-0300] {processor.py:841} WARNING - No viable dags retrieved from /home/felipe/.local/lib/python3.11/site-packages/airflow/example_dags/example_kubernetes_executor.py
[2024-01-05T11:11:58.314-0300] {processor.py:179} INFO - Processing /home/felipe/.local/lib/python3.11/site-packages/airflow/example_dags/example_kubernetes_executor.py took 0.043 seconds
[2024-01-05T11:12:54.371-0300] {processor.py:157} INFO - Started process (PID=17227) to work on /home/felipe/.local/lib/python3.11/site-packages/airflow/example_dags/example_kubernetes_executor.py
[2024-01-05T11:12:54.403-0300] {processor.py:829} INFO - Processing file /home/felipe/.local/lib/python3.11/site-packages/airflow/example_dags/example_kubernetes_executor.py for tasks to queue
[2024-01-05T11:12:54.404-0300] {logging_mixin.py:154} INFO - [2024-01-05T11:12:54.403-0300] {dagbag.py:536} INFO - Filling up the DagBag from /home/felipe/.local/lib/python3.11/site-packages/airflow/example_dags/example_kubernetes_executor.py
[2024-01-05T11:12:54.405-0300] {logging_mixin.py:154} INFO - [2024-01-05T11:12:54.405-0300] {example_kubernetes_executor.py:38} WARNING - The example_kubernetes_executor example DAG requires the kubernetes provider. Please install it with: pip install apache-airflow[cncf.kubernetes]
[2024-01-05T11:12:54.405-0300] {processor.py:841} WARNING - No viable dags retrieved from /home/felipe/.local/lib/python3.11/site-packages/airflow/example_dags/example_kubernetes_executor.py
[2024-01-05T11:12:54.411-0300] {processor.py:179} INFO - Processing /home/felipe/.local/lib/python3.11/site-packages/airflow/example_dags/example_kubernetes_executor.py took 0.042 seconds
[2024-01-05T11:13:59.882-0300] {processor.py:157} INFO - Started process (PID=17350) to work on /home/felipe/.local/lib/python3.11/site-packages/airflow/example_dags/example_kubernetes_executor.py
[2024-01-05T11:13:59.914-0300] {processor.py:829} INFO - Processing file /home/felipe/.local/lib/python3.11/site-packages/airflow/example_dags/example_kubernetes_executor.py for tasks to queue
[2024-01-05T11:13:59.915-0300] {logging_mixin.py:154} INFO - [2024-01-05T11:13:59.915-0300] {dagbag.py:536} INFO - Filling up the DagBag from /home/felipe/.local/lib/python3.11/site-packages/airflow/example_dags/example_kubernetes_executor.py
[2024-01-05T11:13:59.917-0300] {logging_mixin.py:154} INFO - [2024-01-05T11:13:59.917-0300] {example_kubernetes_executor.py:38} WARNING - The example_kubernetes_executor example DAG requires the kubernetes provider. Please install it with: pip install apache-airflow[cncf.kubernetes]
[2024-01-05T11:13:59.917-0300] {processor.py:841} WARNING - No viable dags retrieved from /home/felipe/.local/lib/python3.11/site-packages/airflow/example_dags/example_kubernetes_executor.py
[2024-01-05T11:13:59.924-0300] {processor.py:179} INFO - Processing /home/felipe/.local/lib/python3.11/site-packages/airflow/example_dags/example_kubernetes_executor.py took 0.043 seconds
[2024-01-05T11:15:01.651-0300] {processor.py:157} INFO - Started process (PID=17461) to work on /home/felipe/.local/lib/python3.11/site-packages/airflow/example_dags/example_kubernetes_executor.py
[2024-01-05T11:15:01.653-0300] {processor.py:829} INFO - Processing file /home/felipe/.local/lib/python3.11/site-packages/airflow/example_dags/example_kubernetes_executor.py for tasks to queue
[2024-01-05T11:15:01.653-0300] {logging_mixin.py:154} INFO - [2024-01-05T11:15:01.653-0300] {dagbag.py:536} INFO - Filling up the DagBag from /home/felipe/.local/lib/python3.11/site-packages/airflow/example_dags/example_kubernetes_executor.py
[2024-01-05T11:15:01.655-0300] {logging_mixin.py:154} INFO - [2024-01-05T11:15:01.655-0300] {example_kubernetes_executor.py:38} WARNING - The example_kubernetes_executor example DAG requires the kubernetes provider. Please install it with: pip install apache-airflow[cncf.kubernetes]
[2024-01-05T11:15:01.655-0300] {processor.py:841} WARNING - No viable dags retrieved from /home/felipe/.local/lib/python3.11/site-packages/airflow/example_dags/example_kubernetes_executor.py
[2024-01-05T11:15:01.661-0300] {processor.py:179} INFO - Processing /home/felipe/.local/lib/python3.11/site-packages/airflow/example_dags/example_kubernetes_executor.py took 0.012 seconds
[2024-01-05T11:16:01.174-0300] {processor.py:157} INFO - Started process (PID=17575) to work on /home/felipe/.local/lib/python3.11/site-packages/airflow/example_dags/example_kubernetes_executor.py
[2024-01-05T11:16:01.207-0300] {processor.py:829} INFO - Processing file /home/felipe/.local/lib/python3.11/site-packages/airflow/example_dags/example_kubernetes_executor.py for tasks to queue
[2024-01-05T11:16:01.207-0300] {logging_mixin.py:154} INFO - [2024-01-05T11:16:01.207-0300] {dagbag.py:536} INFO - Filling up the DagBag from /home/felipe/.local/lib/python3.11/site-packages/airflow/example_dags/example_kubernetes_executor.py
[2024-01-05T11:16:01.209-0300] {logging_mixin.py:154} INFO - [2024-01-05T11:16:01.209-0300] {example_kubernetes_executor.py:38} WARNING - The example_kubernetes_executor example DAG requires the kubernetes provider. Please install it with: pip install apache-airflow[cncf.kubernetes]
[2024-01-05T11:16:01.209-0300] {processor.py:841} WARNING - No viable dags retrieved from /home/felipe/.local/lib/python3.11/site-packages/airflow/example_dags/example_kubernetes_executor.py
[2024-01-05T11:16:01.215-0300] {processor.py:179} INFO - Processing /home/felipe/.local/lib/python3.11/site-packages/airflow/example_dags/example_kubernetes_executor.py took 0.043 seconds
[2024-01-05T11:17:04.190-0300] {processor.py:157} INFO - Started process (PID=17703) to work on /home/felipe/.local/lib/python3.11/site-packages/airflow/example_dags/example_kubernetes_executor.py
[2024-01-05T11:17:04.222-0300] {processor.py:829} INFO - Processing file /home/felipe/.local/lib/python3.11/site-packages/airflow/example_dags/example_kubernetes_executor.py for tasks to queue
[2024-01-05T11:17:04.223-0300] {logging_mixin.py:154} INFO - [2024-01-05T11:17:04.223-0300] {dagbag.py:536} INFO - Filling up the DagBag from /home/felipe/.local/lib/python3.11/site-packages/airflow/example_dags/example_kubernetes_executor.py
[2024-01-05T11:17:04.225-0300] {logging_mixin.py:154} INFO - [2024-01-05T11:17:04.225-0300] {example_kubernetes_executor.py:38} WARNING - The example_kubernetes_executor example DAG requires the kubernetes provider. Please install it with: pip install apache-airflow[cncf.kubernetes]
[2024-01-05T11:17:04.225-0300] {processor.py:841} WARNING - No viable dags retrieved from /home/felipe/.local/lib/python3.11/site-packages/airflow/example_dags/example_kubernetes_executor.py
[2024-01-05T11:17:04.231-0300] {processor.py:179} INFO - Processing /home/felipe/.local/lib/python3.11/site-packages/airflow/example_dags/example_kubernetes_executor.py took 0.043 seconds
[2024-01-05T11:18:16.667-0300] {processor.py:157} INFO - Started process (PID=17830) to work on /home/felipe/.local/lib/python3.11/site-packages/airflow/example_dags/example_kubernetes_executor.py
[2024-01-05T11:18:16.699-0300] {processor.py:829} INFO - Processing file /home/felipe/.local/lib/python3.11/site-packages/airflow/example_dags/example_kubernetes_executor.py for tasks to queue
[2024-01-05T11:18:16.699-0300] {logging_mixin.py:154} INFO - [2024-01-05T11:18:16.699-0300] {dagbag.py:536} INFO - Filling up the DagBag from /home/felipe/.local/lib/python3.11/site-packages/airflow/example_dags/example_kubernetes_executor.py
[2024-01-05T11:18:16.701-0300] {logging_mixin.py:154} INFO - [2024-01-05T11:18:16.701-0300] {example_kubernetes_executor.py:38} WARNING - The example_kubernetes_executor example DAG requires the kubernetes provider. Please install it with: pip install apache-airflow[cncf.kubernetes]
[2024-01-05T11:18:16.701-0300] {processor.py:841} WARNING - No viable dags retrieved from /home/felipe/.local/lib/python3.11/site-packages/airflow/example_dags/example_kubernetes_executor.py
[2024-01-05T11:18:16.707-0300] {processor.py:179} INFO - Processing /home/felipe/.local/lib/python3.11/site-packages/airflow/example_dags/example_kubernetes_executor.py took 0.042 seconds
[2024-01-05T11:19:31.143-0300] {processor.py:157} INFO - Started process (PID=17947) to work on /home/felipe/.local/lib/python3.11/site-packages/airflow/example_dags/example_kubernetes_executor.py
[2024-01-05T11:19:31.175-0300] {processor.py:829} INFO - Processing file /home/felipe/.local/lib/python3.11/site-packages/airflow/example_dags/example_kubernetes_executor.py for tasks to queue
[2024-01-05T11:19:31.176-0300] {logging_mixin.py:154} INFO - [2024-01-05T11:19:31.176-0300] {dagbag.py:536} INFO - Filling up the DagBag from /home/felipe/.local/lib/python3.11/site-packages/airflow/example_dags/example_kubernetes_executor.py
[2024-01-05T11:19:31.178-0300] {logging_mixin.py:154} INFO - [2024-01-05T11:19:31.178-0300] {example_kubernetes_executor.py:38} WARNING - The example_kubernetes_executor example DAG requires the kubernetes provider. Please install it with: pip install apache-airflow[cncf.kubernetes]
[2024-01-05T11:19:31.178-0300] {processor.py:841} WARNING - No viable dags retrieved from /home/felipe/.local/lib/python3.11/site-packages/airflow/example_dags/example_kubernetes_executor.py
[2024-01-05T11:19:31.184-0300] {processor.py:179} INFO - Processing /home/felipe/.local/lib/python3.11/site-packages/airflow/example_dags/example_kubernetes_executor.py took 0.043 seconds
[2024-01-05T11:20:37.295-0300] {processor.py:157} INFO - Started process (PID=18064) to work on /home/felipe/.local/lib/python3.11/site-packages/airflow/example_dags/example_kubernetes_executor.py
[2024-01-05T11:20:37.327-0300] {processor.py:829} INFO - Processing file /home/felipe/.local/lib/python3.11/site-packages/airflow/example_dags/example_kubernetes_executor.py for tasks to queue
[2024-01-05T11:20:37.327-0300] {logging_mixin.py:154} INFO - [2024-01-05T11:20:37.327-0300] {dagbag.py:536} INFO - Filling up the DagBag from /home/felipe/.local/lib/python3.11/site-packages/airflow/example_dags/example_kubernetes_executor.py
[2024-01-05T11:20:37.329-0300] {logging_mixin.py:154} INFO - [2024-01-05T11:20:37.329-0300] {example_kubernetes_executor.py:38} WARNING - The example_kubernetes_executor example DAG requires the kubernetes provider. Please install it with: pip install apache-airflow[cncf.kubernetes]
[2024-01-05T11:20:37.329-0300] {processor.py:841} WARNING - No viable dags retrieved from /home/felipe/.local/lib/python3.11/site-packages/airflow/example_dags/example_kubernetes_executor.py
[2024-01-05T11:20:37.335-0300] {processor.py:179} INFO - Processing /home/felipe/.local/lib/python3.11/site-packages/airflow/example_dags/example_kubernetes_executor.py took 0.042 seconds
[2024-01-05T11:21:40.438-0300] {processor.py:157} INFO - Started process (PID=18173) to work on /home/felipe/.local/lib/python3.11/site-packages/airflow/example_dags/example_kubernetes_executor.py
[2024-01-05T11:21:40.439-0300] {processor.py:829} INFO - Processing file /home/felipe/.local/lib/python3.11/site-packages/airflow/example_dags/example_kubernetes_executor.py for tasks to queue
[2024-01-05T11:21:40.439-0300] {logging_mixin.py:154} INFO - [2024-01-05T11:21:40.439-0300] {dagbag.py:536} INFO - Filling up the DagBag from /home/felipe/.local/lib/python3.11/site-packages/airflow/example_dags/example_kubernetes_executor.py
[2024-01-05T11:21:40.441-0300] {logging_mixin.py:154} INFO - [2024-01-05T11:21:40.441-0300] {example_kubernetes_executor.py:38} WARNING - The example_kubernetes_executor example DAG requires the kubernetes provider. Please install it with: pip install apache-airflow[cncf.kubernetes]
[2024-01-05T11:21:40.441-0300] {processor.py:841} WARNING - No viable dags retrieved from /home/felipe/.local/lib/python3.11/site-packages/airflow/example_dags/example_kubernetes_executor.py
[2024-01-05T11:21:40.447-0300] {processor.py:179} INFO - Processing /home/felipe/.local/lib/python3.11/site-packages/airflow/example_dags/example_kubernetes_executor.py took 0.011 seconds
[2024-01-05T11:22:39.321-0300] {processor.py:157} INFO - Started process (PID=18285) to work on /home/felipe/.local/lib/python3.11/site-packages/airflow/example_dags/example_kubernetes_executor.py
[2024-01-05T11:22:39.353-0300] {processor.py:829} INFO - Processing file /home/felipe/.local/lib/python3.11/site-packages/airflow/example_dags/example_kubernetes_executor.py for tasks to queue
[2024-01-05T11:22:39.354-0300] {logging_mixin.py:154} INFO - [2024-01-05T11:22:39.354-0300] {dagbag.py:536} INFO - Filling up the DagBag from /home/felipe/.local/lib/python3.11/site-packages/airflow/example_dags/example_kubernetes_executor.py
[2024-01-05T11:22:39.356-0300] {logging_mixin.py:154} INFO - [2024-01-05T11:22:39.356-0300] {example_kubernetes_executor.py:38} WARNING - The example_kubernetes_executor example DAG requires the kubernetes provider. Please install it with: pip install apache-airflow[cncf.kubernetes]
[2024-01-05T11:22:39.356-0300] {processor.py:841} WARNING - No viable dags retrieved from /home/felipe/.local/lib/python3.11/site-packages/airflow/example_dags/example_kubernetes_executor.py
[2024-01-05T11:22:39.362-0300] {processor.py:179} INFO - Processing /home/felipe/.local/lib/python3.11/site-packages/airflow/example_dags/example_kubernetes_executor.py took 0.043 seconds
[2024-01-05T11:23:48.573-0300] {processor.py:157} INFO - Started process (PID=18405) to work on /home/felipe/.local/lib/python3.11/site-packages/airflow/example_dags/example_kubernetes_executor.py
[2024-01-05T11:23:48.606-0300] {processor.py:829} INFO - Processing file /home/felipe/.local/lib/python3.11/site-packages/airflow/example_dags/example_kubernetes_executor.py for tasks to queue
[2024-01-05T11:23:48.606-0300] {logging_mixin.py:154} INFO - [2024-01-05T11:23:48.606-0300] {dagbag.py:536} INFO - Filling up the DagBag from /home/felipe/.local/lib/python3.11/site-packages/airflow/example_dags/example_kubernetes_executor.py
[2024-01-05T11:23:48.608-0300] {logging_mixin.py:154} INFO - [2024-01-05T11:23:48.608-0300] {example_kubernetes_executor.py:38} WARNING - The example_kubernetes_executor example DAG requires the kubernetes provider. Please install it with: pip install apache-airflow[cncf.kubernetes]
[2024-01-05T11:23:48.608-0300] {processor.py:841} WARNING - No viable dags retrieved from /home/felipe/.local/lib/python3.11/site-packages/airflow/example_dags/example_kubernetes_executor.py
[2024-01-05T11:23:48.614-0300] {processor.py:179} INFO - Processing /home/felipe/.local/lib/python3.11/site-packages/airflow/example_dags/example_kubernetes_executor.py took 0.043 seconds
[2024-01-05T11:24:52.651-0300] {processor.py:157} INFO - Started process (PID=18524) to work on /home/felipe/.local/lib/python3.11/site-packages/airflow/example_dags/example_kubernetes_executor.py
[2024-01-05T11:24:52.651-0300] {processor.py:829} INFO - Processing file /home/felipe/.local/lib/python3.11/site-packages/airflow/example_dags/example_kubernetes_executor.py for tasks to queue
[2024-01-05T11:24:52.652-0300] {logging_mixin.py:154} INFO - [2024-01-05T11:24:52.652-0300] {dagbag.py:536} INFO - Filling up the DagBag from /home/felipe/.local/lib/python3.11/site-packages/airflow/example_dags/example_kubernetes_executor.py
[2024-01-05T11:24:52.654-0300] {logging_mixin.py:154} INFO - [2024-01-05T11:24:52.654-0300] {example_kubernetes_executor.py:38} WARNING - The example_kubernetes_executor example DAG requires the kubernetes provider. Please install it with: pip install apache-airflow[cncf.kubernetes]
[2024-01-05T11:24:52.654-0300] {processor.py:841} WARNING - No viable dags retrieved from /home/felipe/.local/lib/python3.11/site-packages/airflow/example_dags/example_kubernetes_executor.py
[2024-01-05T11:24:52.660-0300] {processor.py:179} INFO - Processing /home/felipe/.local/lib/python3.11/site-packages/airflow/example_dags/example_kubernetes_executor.py took 0.011 seconds
[2024-01-05T11:26:05.349-0300] {processor.py:157} INFO - Started process (PID=18680) to work on /home/felipe/.local/lib/python3.11/site-packages/airflow/example_dags/example_kubernetes_executor.py
[2024-01-05T11:26:05.350-0300] {processor.py:829} INFO - Processing file /home/felipe/.local/lib/python3.11/site-packages/airflow/example_dags/example_kubernetes_executor.py for tasks to queue
[2024-01-05T11:26:05.351-0300] {logging_mixin.py:154} INFO - [2024-01-05T11:26:05.350-0300] {dagbag.py:536} INFO - Filling up the DagBag from /home/felipe/.local/lib/python3.11/site-packages/airflow/example_dags/example_kubernetes_executor.py
[2024-01-05T11:26:05.352-0300] {logging_mixin.py:154} INFO - [2024-01-05T11:26:05.352-0300] {example_kubernetes_executor.py:38} WARNING - The example_kubernetes_executor example DAG requires the kubernetes provider. Please install it with: pip install apache-airflow[cncf.kubernetes]
[2024-01-05T11:26:05.352-0300] {processor.py:841} WARNING - No viable dags retrieved from /home/felipe/.local/lib/python3.11/site-packages/airflow/example_dags/example_kubernetes_executor.py
[2024-01-05T11:26:05.358-0300] {processor.py:179} INFO - Processing /home/felipe/.local/lib/python3.11/site-packages/airflow/example_dags/example_kubernetes_executor.py took 0.011 seconds
[2024-01-05T11:27:14.538-0300] {processor.py:157} INFO - Started process (PID=18804) to work on /home/felipe/.local/lib/python3.11/site-packages/airflow/example_dags/example_kubernetes_executor.py
[2024-01-05T11:27:14.542-0300] {processor.py:829} INFO - Processing file /home/felipe/.local/lib/python3.11/site-packages/airflow/example_dags/example_kubernetes_executor.py for tasks to queue
[2024-01-05T11:27:14.543-0300] {logging_mixin.py:154} INFO - [2024-01-05T11:27:14.543-0300] {dagbag.py:536} INFO - Filling up the DagBag from /home/felipe/.local/lib/python3.11/site-packages/airflow/example_dags/example_kubernetes_executor.py
[2024-01-05T11:27:14.545-0300] {logging_mixin.py:154} INFO - [2024-01-05T11:27:14.545-0300] {example_kubernetes_executor.py:38} WARNING - The example_kubernetes_executor example DAG requires the kubernetes provider. Please install it with: pip install apache-airflow[cncf.kubernetes]
[2024-01-05T11:27:14.545-0300] {processor.py:841} WARNING - No viable dags retrieved from /home/felipe/.local/lib/python3.11/site-packages/airflow/example_dags/example_kubernetes_executor.py
[2024-01-05T11:27:14.550-0300] {processor.py:179} INFO - Processing /home/felipe/.local/lib/python3.11/site-packages/airflow/example_dags/example_kubernetes_executor.py took 0.015 seconds
[2024-01-05T11:28:07.299-0300] {processor.py:157} INFO - Started process (PID=18887) to work on /home/felipe/.local/lib/python3.11/site-packages/airflow/example_dags/example_kubernetes_executor.py
[2024-01-05T11:28:07.299-0300] {processor.py:829} INFO - Processing file /home/felipe/.local/lib/python3.11/site-packages/airflow/example_dags/example_kubernetes_executor.py for tasks to queue
[2024-01-05T11:28:07.300-0300] {logging_mixin.py:154} INFO - [2024-01-05T11:28:07.300-0300] {dagbag.py:536} INFO - Filling up the DagBag from /home/felipe/.local/lib/python3.11/site-packages/airflow/example_dags/example_kubernetes_executor.py
[2024-01-05T11:28:07.303-0300] {logging_mixin.py:154} INFO - [2024-01-05T11:28:07.302-0300] {example_kubernetes_executor.py:38} WARNING - The example_kubernetes_executor example DAG requires the kubernetes provider. Please install it with: pip install apache-airflow[cncf.kubernetes]
[2024-01-05T11:28:07.303-0300] {processor.py:841} WARNING - No viable dags retrieved from /home/felipe/.local/lib/python3.11/site-packages/airflow/example_dags/example_kubernetes_executor.py
[2024-01-05T11:28:07.309-0300] {processor.py:179} INFO - Processing /home/felipe/.local/lib/python3.11/site-packages/airflow/example_dags/example_kubernetes_executor.py took 0.013 seconds
[2024-01-05T11:29:22.516-0300] {processor.py:157} INFO - Started process (PID=19007) to work on /home/felipe/.local/lib/python3.11/site-packages/airflow/example_dags/example_kubernetes_executor.py
[2024-01-05T11:29:22.516-0300] {processor.py:829} INFO - Processing file /home/felipe/.local/lib/python3.11/site-packages/airflow/example_dags/example_kubernetes_executor.py for tasks to queue
[2024-01-05T11:29:22.517-0300] {logging_mixin.py:154} INFO - [2024-01-05T11:29:22.517-0300] {dagbag.py:536} INFO - Filling up the DagBag from /home/felipe/.local/lib/python3.11/site-packages/airflow/example_dags/example_kubernetes_executor.py
[2024-01-05T11:29:22.519-0300] {logging_mixin.py:154} INFO - [2024-01-05T11:29:22.519-0300] {example_kubernetes_executor.py:38} WARNING - The example_kubernetes_executor example DAG requires the kubernetes provider. Please install it with: pip install apache-airflow[cncf.kubernetes]
[2024-01-05T11:29:22.519-0300] {processor.py:841} WARNING - No viable dags retrieved from /home/felipe/.local/lib/python3.11/site-packages/airflow/example_dags/example_kubernetes_executor.py
[2024-01-05T11:29:22.525-0300] {processor.py:179} INFO - Processing /home/felipe/.local/lib/python3.11/site-packages/airflow/example_dags/example_kubernetes_executor.py took 0.011 seconds
[2024-01-05T11:30:29.430-0300] {processor.py:157} INFO - Started process (PID=19129) to work on /home/felipe/.local/lib/python3.11/site-packages/airflow/example_dags/example_kubernetes_executor.py
[2024-01-05T11:30:29.462-0300] {processor.py:829} INFO - Processing file /home/felipe/.local/lib/python3.11/site-packages/airflow/example_dags/example_kubernetes_executor.py for tasks to queue
[2024-01-05T11:30:29.463-0300] {logging_mixin.py:154} INFO - [2024-01-05T11:30:29.462-0300] {dagbag.py:536} INFO - Filling up the DagBag from /home/felipe/.local/lib/python3.11/site-packages/airflow/example_dags/example_kubernetes_executor.py
[2024-01-05T11:30:29.465-0300] {logging_mixin.py:154} INFO - [2024-01-05T11:30:29.464-0300] {example_kubernetes_executor.py:38} WARNING - The example_kubernetes_executor example DAG requires the kubernetes provider. Please install it with: pip install apache-airflow[cncf.kubernetes]
[2024-01-05T11:30:29.465-0300] {processor.py:841} WARNING - No viable dags retrieved from /home/felipe/.local/lib/python3.11/site-packages/airflow/example_dags/example_kubernetes_executor.py
[2024-01-05T11:30:29.471-0300] {processor.py:179} INFO - Processing /home/felipe/.local/lib/python3.11/site-packages/airflow/example_dags/example_kubernetes_executor.py took 0.043 seconds
[2024-01-05T11:31:29.250-0300] {processor.py:157} INFO - Started process (PID=19258) to work on /home/felipe/.local/lib/python3.11/site-packages/airflow/example_dags/example_kubernetes_executor.py
[2024-01-05T11:31:29.282-0300] {processor.py:829} INFO - Processing file /home/felipe/.local/lib/python3.11/site-packages/airflow/example_dags/example_kubernetes_executor.py for tasks to queue
[2024-01-05T11:31:29.283-0300] {logging_mixin.py:154} INFO - [2024-01-05T11:31:29.282-0300] {dagbag.py:536} INFO - Filling up the DagBag from /home/felipe/.local/lib/python3.11/site-packages/airflow/example_dags/example_kubernetes_executor.py
[2024-01-05T11:31:29.284-0300] {logging_mixin.py:154} INFO - [2024-01-05T11:31:29.284-0300] {example_kubernetes_executor.py:38} WARNING - The example_kubernetes_executor example DAG requires the kubernetes provider. Please install it with: pip install apache-airflow[cncf.kubernetes]
[2024-01-05T11:31:29.285-0300] {processor.py:841} WARNING - No viable dags retrieved from /home/felipe/.local/lib/python3.11/site-packages/airflow/example_dags/example_kubernetes_executor.py
[2024-01-05T11:31:29.290-0300] {processor.py:179} INFO - Processing /home/felipe/.local/lib/python3.11/site-packages/airflow/example_dags/example_kubernetes_executor.py took 0.042 seconds
[2024-01-05T11:32:40.095-0300] {processor.py:157} INFO - Started process (PID=19375) to work on /home/felipe/.local/lib/python3.11/site-packages/airflow/example_dags/example_kubernetes_executor.py
[2024-01-05T11:32:40.127-0300] {processor.py:829} INFO - Processing file /home/felipe/.local/lib/python3.11/site-packages/airflow/example_dags/example_kubernetes_executor.py for tasks to queue
[2024-01-05T11:32:40.128-0300] {logging_mixin.py:154} INFO - [2024-01-05T11:32:40.127-0300] {dagbag.py:536} INFO - Filling up the DagBag from /home/felipe/.local/lib/python3.11/site-packages/airflow/example_dags/example_kubernetes_executor.py
[2024-01-05T11:32:40.129-0300] {logging_mixin.py:154} INFO - [2024-01-05T11:32:40.129-0300] {example_kubernetes_executor.py:38} WARNING - The example_kubernetes_executor example DAG requires the kubernetes provider. Please install it with: pip install apache-airflow[cncf.kubernetes]
[2024-01-05T11:32:40.130-0300] {processor.py:841} WARNING - No viable dags retrieved from /home/felipe/.local/lib/python3.11/site-packages/airflow/example_dags/example_kubernetes_executor.py
[2024-01-05T11:32:40.135-0300] {processor.py:179} INFO - Processing /home/felipe/.local/lib/python3.11/site-packages/airflow/example_dags/example_kubernetes_executor.py took 0.042 seconds
[2024-01-05T11:33:30.761-0300] {processor.py:157} INFO - Started process (PID=19463) to work on /home/felipe/.local/lib/python3.11/site-packages/airflow/example_dags/example_kubernetes_executor.py
[2024-01-05T11:33:30.762-0300] {processor.py:829} INFO - Processing file /home/felipe/.local/lib/python3.11/site-packages/airflow/example_dags/example_kubernetes_executor.py for tasks to queue
[2024-01-05T11:33:30.762-0300] {logging_mixin.py:154} INFO - [2024-01-05T11:33:30.762-0300] {dagbag.py:536} INFO - Filling up the DagBag from /home/felipe/.local/lib/python3.11/site-packages/airflow/example_dags/example_kubernetes_executor.py
[2024-01-05T11:33:30.764-0300] {logging_mixin.py:154} INFO - [2024-01-05T11:33:30.764-0300] {example_kubernetes_executor.py:38} WARNING - The example_kubernetes_executor example DAG requires the kubernetes provider. Please install it with: pip install apache-airflow[cncf.kubernetes]
[2024-01-05T11:33:30.765-0300] {processor.py:841} WARNING - No viable dags retrieved from /home/felipe/.local/lib/python3.11/site-packages/airflow/example_dags/example_kubernetes_executor.py
[2024-01-05T11:33:30.771-0300] {processor.py:179} INFO - Processing /home/felipe/.local/lib/python3.11/site-packages/airflow/example_dags/example_kubernetes_executor.py took 0.012 seconds
[2024-01-05T11:34:46.163-0300] {processor.py:157} INFO - Started process (PID=19613) to work on /home/felipe/.local/lib/python3.11/site-packages/airflow/example_dags/example_kubernetes_executor.py
[2024-01-05T11:34:46.195-0300] {processor.py:829} INFO - Processing file /home/felipe/.local/lib/python3.11/site-packages/airflow/example_dags/example_kubernetes_executor.py for tasks to queue
[2024-01-05T11:34:46.196-0300] {logging_mixin.py:154} INFO - [2024-01-05T11:34:46.196-0300] {dagbag.py:536} INFO - Filling up the DagBag from /home/felipe/.local/lib/python3.11/site-packages/airflow/example_dags/example_kubernetes_executor.py
[2024-01-05T11:34:46.198-0300] {logging_mixin.py:154} INFO - [2024-01-05T11:34:46.198-0300] {example_kubernetes_executor.py:38} WARNING - The example_kubernetes_executor example DAG requires the kubernetes provider. Please install it with: pip install apache-airflow[cncf.kubernetes]
[2024-01-05T11:34:46.198-0300] {processor.py:841} WARNING - No viable dags retrieved from /home/felipe/.local/lib/python3.11/site-packages/airflow/example_dags/example_kubernetes_executor.py
[2024-01-05T11:34:46.204-0300] {processor.py:179} INFO - Processing /home/felipe/.local/lib/python3.11/site-packages/airflow/example_dags/example_kubernetes_executor.py took 0.043 seconds
[2024-01-05T11:35:58.195-0300] {processor.py:157} INFO - Started process (PID=19757) to work on /home/felipe/.local/lib/python3.11/site-packages/airflow/example_dags/example_kubernetes_executor.py
[2024-01-05T11:35:58.232-0300] {processor.py:829} INFO - Processing file /home/felipe/.local/lib/python3.11/site-packages/airflow/example_dags/example_kubernetes_executor.py for tasks to queue
[2024-01-05T11:35:58.232-0300] {logging_mixin.py:154} INFO - [2024-01-05T11:35:58.232-0300] {dagbag.py:536} INFO - Filling up the DagBag from /home/felipe/.local/lib/python3.11/site-packages/airflow/example_dags/example_kubernetes_executor.py
[2024-01-05T11:35:58.234-0300] {logging_mixin.py:154} INFO - [2024-01-05T11:35:58.234-0300] {example_kubernetes_executor.py:38} WARNING - The example_kubernetes_executor example DAG requires the kubernetes provider. Please install it with: pip install apache-airflow[cncf.kubernetes]
[2024-01-05T11:35:58.234-0300] {processor.py:841} WARNING - No viable dags retrieved from /home/felipe/.local/lib/python3.11/site-packages/airflow/example_dags/example_kubernetes_executor.py
[2024-01-05T11:35:58.240-0300] {processor.py:179} INFO - Processing /home/felipe/.local/lib/python3.11/site-packages/airflow/example_dags/example_kubernetes_executor.py took 0.047 seconds
[2024-01-05T11:37:12.759-0300] {processor.py:157} INFO - Started process (PID=19893) to work on /home/felipe/.local/lib/python3.11/site-packages/airflow/example_dags/example_kubernetes_executor.py
[2024-01-05T11:37:12.791-0300] {processor.py:829} INFO - Processing file /home/felipe/.local/lib/python3.11/site-packages/airflow/example_dags/example_kubernetes_executor.py for tasks to queue
[2024-01-05T11:37:12.791-0300] {logging_mixin.py:154} INFO - [2024-01-05T11:37:12.791-0300] {dagbag.py:536} INFO - Filling up the DagBag from /home/felipe/.local/lib/python3.11/site-packages/airflow/example_dags/example_kubernetes_executor.py
[2024-01-05T11:37:12.793-0300] {logging_mixin.py:154} INFO - [2024-01-05T11:37:12.793-0300] {example_kubernetes_executor.py:38} WARNING - The example_kubernetes_executor example DAG requires the kubernetes provider. Please install it with: pip install apache-airflow[cncf.kubernetes]
[2024-01-05T11:37:12.793-0300] {processor.py:841} WARNING - No viable dags retrieved from /home/felipe/.local/lib/python3.11/site-packages/airflow/example_dags/example_kubernetes_executor.py
[2024-01-05T11:37:12.799-0300] {processor.py:179} INFO - Processing /home/felipe/.local/lib/python3.11/site-packages/airflow/example_dags/example_kubernetes_executor.py took 0.042 seconds
[2024-01-05T11:38:19.679-0300] {processor.py:157} INFO - Started process (PID=20027) to work on /home/felipe/.local/lib/python3.11/site-packages/airflow/example_dags/example_kubernetes_executor.py
[2024-01-05T11:38:19.680-0300] {processor.py:829} INFO - Processing file /home/felipe/.local/lib/python3.11/site-packages/airflow/example_dags/example_kubernetes_executor.py for tasks to queue
[2024-01-05T11:38:19.680-0300] {logging_mixin.py:154} INFO - [2024-01-05T11:38:19.680-0300] {dagbag.py:536} INFO - Filling up the DagBag from /home/felipe/.local/lib/python3.11/site-packages/airflow/example_dags/example_kubernetes_executor.py
[2024-01-05T11:38:19.682-0300] {logging_mixin.py:154} INFO - [2024-01-05T11:38:19.682-0300] {example_kubernetes_executor.py:38} WARNING - The example_kubernetes_executor example DAG requires the kubernetes provider. Please install it with: pip install apache-airflow[cncf.kubernetes]
[2024-01-05T11:38:19.682-0300] {processor.py:841} WARNING - No viable dags retrieved from /home/felipe/.local/lib/python3.11/site-packages/airflow/example_dags/example_kubernetes_executor.py
[2024-01-05T11:38:19.687-0300] {processor.py:179} INFO - Processing /home/felipe/.local/lib/python3.11/site-packages/airflow/example_dags/example_kubernetes_executor.py took 0.010 seconds
[2024-01-05T11:39:18.497-0300] {processor.py:157} INFO - Started process (PID=20132) to work on /home/felipe/.local/lib/python3.11/site-packages/airflow/example_dags/example_kubernetes_executor.py
[2024-01-05T11:39:18.529-0300] {processor.py:829} INFO - Processing file /home/felipe/.local/lib/python3.11/site-packages/airflow/example_dags/example_kubernetes_executor.py for tasks to queue
[2024-01-05T11:39:18.530-0300] {logging_mixin.py:154} INFO - [2024-01-05T11:39:18.529-0300] {dagbag.py:536} INFO - Filling up the DagBag from /home/felipe/.local/lib/python3.11/site-packages/airflow/example_dags/example_kubernetes_executor.py
[2024-01-05T11:39:18.532-0300] {logging_mixin.py:154} INFO - [2024-01-05T11:39:18.532-0300] {example_kubernetes_executor.py:38} WARNING - The example_kubernetes_executor example DAG requires the kubernetes provider. Please install it with: pip install apache-airflow[cncf.kubernetes]
[2024-01-05T11:39:18.532-0300] {processor.py:841} WARNING - No viable dags retrieved from /home/felipe/.local/lib/python3.11/site-packages/airflow/example_dags/example_kubernetes_executor.py
[2024-01-05T11:39:18.538-0300] {processor.py:179} INFO - Processing /home/felipe/.local/lib/python3.11/site-packages/airflow/example_dags/example_kubernetes_executor.py took 0.044 seconds
[2024-01-05T11:40:21.656-0300] {processor.py:157} INFO - Started process (PID=20249) to work on /home/felipe/.local/lib/python3.11/site-packages/airflow/example_dags/example_kubernetes_executor.py
[2024-01-05T11:40:21.668-0300] {processor.py:829} INFO - Processing file /home/felipe/.local/lib/python3.11/site-packages/airflow/example_dags/example_kubernetes_executor.py for tasks to queue
[2024-01-05T11:40:21.669-0300] {logging_mixin.py:154} INFO - [2024-01-05T11:40:21.668-0300] {dagbag.py:536} INFO - Filling up the DagBag from /home/felipe/.local/lib/python3.11/site-packages/airflow/example_dags/example_kubernetes_executor.py
[2024-01-05T11:40:21.671-0300] {logging_mixin.py:154} INFO - [2024-01-05T11:40:21.671-0300] {example_kubernetes_executor.py:38} WARNING - The example_kubernetes_executor example DAG requires the kubernetes provider. Please install it with: pip install apache-airflow[cncf.kubernetes]
[2024-01-05T11:40:21.671-0300] {processor.py:841} WARNING - No viable dags retrieved from /home/felipe/.local/lib/python3.11/site-packages/airflow/example_dags/example_kubernetes_executor.py
[2024-01-05T11:40:21.677-0300] {processor.py:179} INFO - Processing /home/felipe/.local/lib/python3.11/site-packages/airflow/example_dags/example_kubernetes_executor.py took 0.023 seconds
[2024-01-05T11:41:35.724-0300] {processor.py:157} INFO - Started process (PID=20365) to work on /home/felipe/.local/lib/python3.11/site-packages/airflow/example_dags/example_kubernetes_executor.py
[2024-01-05T11:41:35.756-0300] {processor.py:829} INFO - Processing file /home/felipe/.local/lib/python3.11/site-packages/airflow/example_dags/example_kubernetes_executor.py for tasks to queue
[2024-01-05T11:41:35.757-0300] {logging_mixin.py:154} INFO - [2024-01-05T11:41:35.756-0300] {dagbag.py:536} INFO - Filling up the DagBag from /home/felipe/.local/lib/python3.11/site-packages/airflow/example_dags/example_kubernetes_executor.py
[2024-01-05T11:41:35.759-0300] {logging_mixin.py:154} INFO - [2024-01-05T11:41:35.759-0300] {example_kubernetes_executor.py:38} WARNING - The example_kubernetes_executor example DAG requires the kubernetes provider. Please install it with: pip install apache-airflow[cncf.kubernetes]
[2024-01-05T11:41:35.759-0300] {processor.py:841} WARNING - No viable dags retrieved from /home/felipe/.local/lib/python3.11/site-packages/airflow/example_dags/example_kubernetes_executor.py
[2024-01-05T11:41:35.765-0300] {processor.py:179} INFO - Processing /home/felipe/.local/lib/python3.11/site-packages/airflow/example_dags/example_kubernetes_executor.py took 0.043 seconds
[2024-01-05T11:42:24.785-0300] {processor.py:157} INFO - Started process (PID=20446) to work on /home/felipe/.local/lib/python3.11/site-packages/airflow/example_dags/example_kubernetes_executor.py
[2024-01-05T11:42:24.817-0300] {processor.py:829} INFO - Processing file /home/felipe/.local/lib/python3.11/site-packages/airflow/example_dags/example_kubernetes_executor.py for tasks to queue
[2024-01-05T11:42:24.818-0300] {logging_mixin.py:154} INFO - [2024-01-05T11:42:24.818-0300] {dagbag.py:536} INFO - Filling up the DagBag from /home/felipe/.local/lib/python3.11/site-packages/airflow/example_dags/example_kubernetes_executor.py
[2024-01-05T11:42:24.820-0300] {logging_mixin.py:154} INFO - [2024-01-05T11:42:24.820-0300] {example_kubernetes_executor.py:38} WARNING - The example_kubernetes_executor example DAG requires the kubernetes provider. Please install it with: pip install apache-airflow[cncf.kubernetes]
[2024-01-05T11:42:24.820-0300] {processor.py:841} WARNING - No viable dags retrieved from /home/felipe/.local/lib/python3.11/site-packages/airflow/example_dags/example_kubernetes_executor.py
[2024-01-05T11:42:24.826-0300] {processor.py:179} INFO - Processing /home/felipe/.local/lib/python3.11/site-packages/airflow/example_dags/example_kubernetes_executor.py took 0.043 seconds
[2024-01-05T11:43:23.572-0300] {processor.py:157} INFO - Started process (PID=20565) to work on /home/felipe/.local/lib/python3.11/site-packages/airflow/example_dags/example_kubernetes_executor.py
[2024-01-05T11:43:23.604-0300] {processor.py:829} INFO - Processing file /home/felipe/.local/lib/python3.11/site-packages/airflow/example_dags/example_kubernetes_executor.py for tasks to queue
[2024-01-05T11:43:23.604-0300] {logging_mixin.py:154} INFO - [2024-01-05T11:43:23.604-0300] {dagbag.py:536} INFO - Filling up the DagBag from /home/felipe/.local/lib/python3.11/site-packages/airflow/example_dags/example_kubernetes_executor.py
[2024-01-05T11:43:23.606-0300] {logging_mixin.py:154} INFO - [2024-01-05T11:43:23.606-0300] {example_kubernetes_executor.py:38} WARNING - The example_kubernetes_executor example DAG requires the kubernetes provider. Please install it with: pip install apache-airflow[cncf.kubernetes]
[2024-01-05T11:43:23.606-0300] {processor.py:841} WARNING - No viable dags retrieved from /home/felipe/.local/lib/python3.11/site-packages/airflow/example_dags/example_kubernetes_executor.py
[2024-01-05T11:43:23.612-0300] {processor.py:179} INFO - Processing /home/felipe/.local/lib/python3.11/site-packages/airflow/example_dags/example_kubernetes_executor.py took 0.042 seconds
[2024-01-05T11:44:28.261-0300] {processor.py:157} INFO - Started process (PID=20675) to work on /home/felipe/.local/lib/python3.11/site-packages/airflow/example_dags/example_kubernetes_executor.py
[2024-01-05T11:44:28.293-0300] {processor.py:829} INFO - Processing file /home/felipe/.local/lib/python3.11/site-packages/airflow/example_dags/example_kubernetes_executor.py for tasks to queue
[2024-01-05T11:44:28.294-0300] {logging_mixin.py:154} INFO - [2024-01-05T11:44:28.294-0300] {dagbag.py:536} INFO - Filling up the DagBag from /home/felipe/.local/lib/python3.11/site-packages/airflow/example_dags/example_kubernetes_executor.py
[2024-01-05T11:44:28.296-0300] {logging_mixin.py:154} INFO - [2024-01-05T11:44:28.296-0300] {example_kubernetes_executor.py:38} WARNING - The example_kubernetes_executor example DAG requires the kubernetes provider. Please install it with: pip install apache-airflow[cncf.kubernetes]
[2024-01-05T11:44:28.296-0300] {processor.py:841} WARNING - No viable dags retrieved from /home/felipe/.local/lib/python3.11/site-packages/airflow/example_dags/example_kubernetes_executor.py
[2024-01-05T11:44:28.302-0300] {processor.py:179} INFO - Processing /home/felipe/.local/lib/python3.11/site-packages/airflow/example_dags/example_kubernetes_executor.py took 0.043 seconds
[2024-01-05T11:45:39.975-0300] {processor.py:157} INFO - Started process (PID=20797) to work on /home/felipe/.local/lib/python3.11/site-packages/airflow/example_dags/example_kubernetes_executor.py
[2024-01-05T11:45:40.007-0300] {processor.py:829} INFO - Processing file /home/felipe/.local/lib/python3.11/site-packages/airflow/example_dags/example_kubernetes_executor.py for tasks to queue
[2024-01-05T11:45:40.008-0300] {logging_mixin.py:154} INFO - [2024-01-05T11:45:40.008-0300] {dagbag.py:536} INFO - Filling up the DagBag from /home/felipe/.local/lib/python3.11/site-packages/airflow/example_dags/example_kubernetes_executor.py
[2024-01-05T11:45:40.010-0300] {logging_mixin.py:154} INFO - [2024-01-05T11:45:40.010-0300] {example_kubernetes_executor.py:38} WARNING - The example_kubernetes_executor example DAG requires the kubernetes provider. Please install it with: pip install apache-airflow[cncf.kubernetes]
[2024-01-05T11:45:40.010-0300] {processor.py:841} WARNING - No viable dags retrieved from /home/felipe/.local/lib/python3.11/site-packages/airflow/example_dags/example_kubernetes_executor.py
[2024-01-05T11:45:40.016-0300] {processor.py:179} INFO - Processing /home/felipe/.local/lib/python3.11/site-packages/airflow/example_dags/example_kubernetes_executor.py took 0.043 seconds
[2024-01-05T11:46:50.039-0300] {processor.py:157} INFO - Started process (PID=20908) to work on /home/felipe/.local/lib/python3.11/site-packages/airflow/example_dags/example_kubernetes_executor.py
[2024-01-05T11:46:50.071-0300] {processor.py:829} INFO - Processing file /home/felipe/.local/lib/python3.11/site-packages/airflow/example_dags/example_kubernetes_executor.py for tasks to queue
[2024-01-05T11:46:50.071-0300] {logging_mixin.py:154} INFO - [2024-01-05T11:46:50.071-0300] {dagbag.py:536} INFO - Filling up the DagBag from /home/felipe/.local/lib/python3.11/site-packages/airflow/example_dags/example_kubernetes_executor.py
[2024-01-05T11:46:50.073-0300] {logging_mixin.py:154} INFO - [2024-01-05T11:46:50.073-0300] {example_kubernetes_executor.py:38} WARNING - The example_kubernetes_executor example DAG requires the kubernetes provider. Please install it with: pip install apache-airflow[cncf.kubernetes]
[2024-01-05T11:46:50.074-0300] {processor.py:841} WARNING - No viable dags retrieved from /home/felipe/.local/lib/python3.11/site-packages/airflow/example_dags/example_kubernetes_executor.py
[2024-01-05T11:46:50.080-0300] {processor.py:179} INFO - Processing /home/felipe/.local/lib/python3.11/site-packages/airflow/example_dags/example_kubernetes_executor.py took 0.043 seconds
[2024-01-05T11:47:41.431-0300] {processor.py:157} INFO - Started process (PID=20987) to work on /home/felipe/.local/lib/python3.11/site-packages/airflow/example_dags/example_kubernetes_executor.py
[2024-01-05T11:47:41.463-0300] {processor.py:829} INFO - Processing file /home/felipe/.local/lib/python3.11/site-packages/airflow/example_dags/example_kubernetes_executor.py for tasks to queue
[2024-01-05T11:47:41.464-0300] {logging_mixin.py:154} INFO - [2024-01-05T11:47:41.463-0300] {dagbag.py:536} INFO - Filling up the DagBag from /home/felipe/.local/lib/python3.11/site-packages/airflow/example_dags/example_kubernetes_executor.py
[2024-01-05T11:47:41.465-0300] {logging_mixin.py:154} INFO - [2024-01-05T11:47:41.465-0300] {example_kubernetes_executor.py:38} WARNING - The example_kubernetes_executor example DAG requires the kubernetes provider. Please install it with: pip install apache-airflow[cncf.kubernetes]
[2024-01-05T11:47:41.466-0300] {processor.py:841} WARNING - No viable dags retrieved from /home/felipe/.local/lib/python3.11/site-packages/airflow/example_dags/example_kubernetes_executor.py
[2024-01-05T11:47:41.471-0300] {processor.py:179} INFO - Processing /home/felipe/.local/lib/python3.11/site-packages/airflow/example_dags/example_kubernetes_executor.py took 0.042 seconds
[2024-01-05T11:48:41.493-0300] {processor.py:157} INFO - Started process (PID=21080) to work on /home/felipe/.local/lib/python3.11/site-packages/airflow/example_dags/example_kubernetes_executor.py
[2024-01-05T11:48:41.525-0300] {processor.py:829} INFO - Processing file /home/felipe/.local/lib/python3.11/site-packages/airflow/example_dags/example_kubernetes_executor.py for tasks to queue
[2024-01-05T11:48:41.526-0300] {logging_mixin.py:154} INFO - [2024-01-05T11:48:41.525-0300] {dagbag.py:536} INFO - Filling up the DagBag from /home/felipe/.local/lib/python3.11/site-packages/airflow/example_dags/example_kubernetes_executor.py
[2024-01-05T11:48:41.528-0300] {logging_mixin.py:154} INFO - [2024-01-05T11:48:41.527-0300] {example_kubernetes_executor.py:38} WARNING - The example_kubernetes_executor example DAG requires the kubernetes provider. Please install it with: pip install apache-airflow[cncf.kubernetes]
[2024-01-05T11:48:41.528-0300] {processor.py:841} WARNING - No viable dags retrieved from /home/felipe/.local/lib/python3.11/site-packages/airflow/example_dags/example_kubernetes_executor.py
[2024-01-05T11:48:41.534-0300] {processor.py:179} INFO - Processing /home/felipe/.local/lib/python3.11/site-packages/airflow/example_dags/example_kubernetes_executor.py took 0.044 seconds
[2024-01-05T11:49:33.415-0300] {processor.py:157} INFO - Started process (PID=21165) to work on /home/felipe/.local/lib/python3.11/site-packages/airflow/example_dags/example_kubernetes_executor.py
[2024-01-05T11:49:33.447-0300] {processor.py:829} INFO - Processing file /home/felipe/.local/lib/python3.11/site-packages/airflow/example_dags/example_kubernetes_executor.py for tasks to queue
[2024-01-05T11:49:33.448-0300] {logging_mixin.py:154} INFO - [2024-01-05T11:49:33.448-0300] {dagbag.py:536} INFO - Filling up the DagBag from /home/felipe/.local/lib/python3.11/site-packages/airflow/example_dags/example_kubernetes_executor.py
[2024-01-05T11:49:33.450-0300] {logging_mixin.py:154} INFO - [2024-01-05T11:49:33.450-0300] {example_kubernetes_executor.py:38} WARNING - The example_kubernetes_executor example DAG requires the kubernetes provider. Please install it with: pip install apache-airflow[cncf.kubernetes]
[2024-01-05T11:49:33.450-0300] {processor.py:841} WARNING - No viable dags retrieved from /home/felipe/.local/lib/python3.11/site-packages/airflow/example_dags/example_kubernetes_executor.py
[2024-01-05T11:49:33.456-0300] {processor.py:179} INFO - Processing /home/felipe/.local/lib/python3.11/site-packages/airflow/example_dags/example_kubernetes_executor.py took 0.042 seconds
[2024-01-05T11:50:40.103-0300] {processor.py:157} INFO - Started process (PID=21295) to work on /home/felipe/.local/lib/python3.11/site-packages/airflow/example_dags/example_kubernetes_executor.py
[2024-01-05T11:50:40.135-0300] {processor.py:829} INFO - Processing file /home/felipe/.local/lib/python3.11/site-packages/airflow/example_dags/example_kubernetes_executor.py for tasks to queue
[2024-01-05T11:50:40.135-0300] {logging_mixin.py:154} INFO - [2024-01-05T11:50:40.135-0300] {dagbag.py:536} INFO - Filling up the DagBag from /home/felipe/.local/lib/python3.11/site-packages/airflow/example_dags/example_kubernetes_executor.py
[2024-01-05T11:50:40.137-0300] {logging_mixin.py:154} INFO - [2024-01-05T11:50:40.137-0300] {example_kubernetes_executor.py:38} WARNING - The example_kubernetes_executor example DAG requires the kubernetes provider. Please install it with: pip install apache-airflow[cncf.kubernetes]
[2024-01-05T11:50:40.137-0300] {processor.py:841} WARNING - No viable dags retrieved from /home/felipe/.local/lib/python3.11/site-packages/airflow/example_dags/example_kubernetes_executor.py
[2024-01-05T11:50:40.142-0300] {processor.py:179} INFO - Processing /home/felipe/.local/lib/python3.11/site-packages/airflow/example_dags/example_kubernetes_executor.py took 0.042 seconds
[2024-01-05T11:51:48.411-0300] {processor.py:157} INFO - Started process (PID=21421) to work on /home/felipe/.local/lib/python3.11/site-packages/airflow/example_dags/example_kubernetes_executor.py
[2024-01-05T11:51:48.443-0300] {processor.py:829} INFO - Processing file /home/felipe/.local/lib/python3.11/site-packages/airflow/example_dags/example_kubernetes_executor.py for tasks to queue
[2024-01-05T11:51:48.444-0300] {logging_mixin.py:154} INFO - [2024-01-05T11:51:48.443-0300] {dagbag.py:536} INFO - Filling up the DagBag from /home/felipe/.local/lib/python3.11/site-packages/airflow/example_dags/example_kubernetes_executor.py
[2024-01-05T11:51:48.446-0300] {logging_mixin.py:154} INFO - [2024-01-05T11:51:48.445-0300] {example_kubernetes_executor.py:38} WARNING - The example_kubernetes_executor example DAG requires the kubernetes provider. Please install it with: pip install apache-airflow[cncf.kubernetes]
[2024-01-05T11:51:48.446-0300] {processor.py:841} WARNING - No viable dags retrieved from /home/felipe/.local/lib/python3.11/site-packages/airflow/example_dags/example_kubernetes_executor.py
[2024-01-05T11:51:48.452-0300] {processor.py:179} INFO - Processing /home/felipe/.local/lib/python3.11/site-packages/airflow/example_dags/example_kubernetes_executor.py took 0.042 seconds
