[2024-01-05T10:30:04.230-0300] {processor.py:157} INFO - Started process (PID=11248) to work on /home/felipe/.local/lib/python3.11/site-packages/airflow/example_dags/tutorial_dag.py
[2024-01-05T10:30:04.231-0300] {processor.py:829} INFO - Processing file /home/felipe/.local/lib/python3.11/site-packages/airflow/example_dags/tutorial_dag.py for tasks to queue
[2024-01-05T10:30:04.231-0300] {logging_mixin.py:154} INFO - [2024-01-05T10:30:04.231-0300] {dagbag.py:536} INFO - Filling up the DagBag from /home/felipe/.local/lib/python3.11/site-packages/airflow/example_dags/tutorial_dag.py
[2024-01-05T10:30:04.234-0300] {processor.py:839} INFO - DAG(s) dict_keys(['tutorial_dag']) retrieved from /home/felipe/.local/lib/python3.11/site-packages/airflow/example_dags/tutorial_dag.py
[2024-01-05T10:30:04.244-0300] {logging_mixin.py:154} INFO - [2024-01-05T10:30:04.244-0300] {dag.py:2941} INFO - Sync 1 DAGs
[2024-01-05T10:30:04.250-0300] {logging_mixin.py:154} INFO - [2024-01-05T10:30:04.249-0300] {dag.py:3722} INFO - Setting next_dagrun for tutorial_dag to None, run_after=None
[2024-01-05T10:30:04.291-0300] {processor.py:179} INFO - Processing /home/felipe/.local/lib/python3.11/site-packages/airflow/example_dags/tutorial_dag.py took 0.063 seconds
[2024-01-05T10:31:20.733-0300] {processor.py:157} INFO - Started process (PID=11398) to work on /home/felipe/.local/lib/python3.11/site-packages/airflow/example_dags/tutorial_dag.py
[2024-01-05T10:31:20.765-0300] {processor.py:829} INFO - Processing file /home/felipe/.local/lib/python3.11/site-packages/airflow/example_dags/tutorial_dag.py for tasks to queue
[2024-01-05T10:31:20.765-0300] {logging_mixin.py:154} INFO - [2024-01-05T10:31:20.765-0300] {dagbag.py:536} INFO - Filling up the DagBag from /home/felipe/.local/lib/python3.11/site-packages/airflow/example_dags/tutorial_dag.py
[2024-01-05T10:31:20.769-0300] {processor.py:839} INFO - DAG(s) dict_keys(['tutorial_dag']) retrieved from /home/felipe/.local/lib/python3.11/site-packages/airflow/example_dags/tutorial_dag.py
[2024-01-05T10:31:20.779-0300] {logging_mixin.py:154} INFO - [2024-01-05T10:31:20.779-0300] {dag.py:2941} INFO - Sync 1 DAGs
[2024-01-05T10:31:20.785-0300] {logging_mixin.py:154} INFO - [2024-01-05T10:31:20.785-0300] {dag.py:3722} INFO - Setting next_dagrun for tutorial_dag to None, run_after=None
[2024-01-05T10:31:20.802-0300] {processor.py:179} INFO - Processing /home/felipe/.local/lib/python3.11/site-packages/airflow/example_dags/tutorial_dag.py took 0.071 seconds
[2024-01-05T10:32:38.404-0300] {processor.py:157} INFO - Started process (PID=11503) to work on /home/felipe/.local/lib/python3.11/site-packages/airflow/example_dags/tutorial_dag.py
[2024-01-05T10:32:38.437-0300] {processor.py:829} INFO - Processing file /home/felipe/.local/lib/python3.11/site-packages/airflow/example_dags/tutorial_dag.py for tasks to queue
[2024-01-05T10:32:38.437-0300] {logging_mixin.py:154} INFO - [2024-01-05T10:32:38.437-0300] {dagbag.py:536} INFO - Filling up the DagBag from /home/felipe/.local/lib/python3.11/site-packages/airflow/example_dags/tutorial_dag.py
[2024-01-05T10:32:38.440-0300] {processor.py:839} INFO - DAG(s) dict_keys(['tutorial_dag']) retrieved from /home/felipe/.local/lib/python3.11/site-packages/airflow/example_dags/tutorial_dag.py
[2024-01-05T10:32:38.450-0300] {logging_mixin.py:154} INFO - [2024-01-05T10:32:38.450-0300] {dag.py:2941} INFO - Sync 1 DAGs
[2024-01-05T10:32:38.456-0300] {logging_mixin.py:154} INFO - [2024-01-05T10:32:38.456-0300] {dag.py:3722} INFO - Setting next_dagrun for tutorial_dag to None, run_after=None
[2024-01-05T10:32:38.473-0300] {processor.py:179} INFO - Processing /home/felipe/.local/lib/python3.11/site-packages/airflow/example_dags/tutorial_dag.py took 0.071 seconds
[2024-01-05T10:34:27.447-0300] {processor.py:157} INFO - Started process (PID=11644) to work on /home/felipe/.local/lib/python3.11/site-packages/airflow/example_dags/tutorial_dag.py
[2024-01-05T10:34:27.479-0300] {processor.py:829} INFO - Processing file /home/felipe/.local/lib/python3.11/site-packages/airflow/example_dags/tutorial_dag.py for tasks to queue
[2024-01-05T10:34:27.479-0300] {logging_mixin.py:154} INFO - [2024-01-05T10:34:27.479-0300] {dagbag.py:536} INFO - Filling up the DagBag from /home/felipe/.local/lib/python3.11/site-packages/airflow/example_dags/tutorial_dag.py
[2024-01-05T10:34:27.483-0300] {processor.py:839} INFO - DAG(s) dict_keys(['tutorial_dag']) retrieved from /home/felipe/.local/lib/python3.11/site-packages/airflow/example_dags/tutorial_dag.py
[2024-01-05T10:34:27.492-0300] {logging_mixin.py:154} INFO - [2024-01-05T10:34:27.492-0300] {dag.py:2941} INFO - Sync 1 DAGs
[2024-01-05T10:34:27.497-0300] {logging_mixin.py:154} INFO - [2024-01-05T10:34:27.497-0300] {dag.py:3722} INFO - Setting next_dagrun for tutorial_dag to None, run_after=None
[2024-01-05T10:34:27.514-0300] {processor.py:179} INFO - Processing /home/felipe/.local/lib/python3.11/site-packages/airflow/example_dags/tutorial_dag.py took 0.069 seconds
[2024-01-05T10:35:43.663-0300] {processor.py:157} INFO - Started process (PID=11733) to work on /home/felipe/.local/lib/python3.11/site-packages/airflow/example_dags/tutorial_dag.py
[2024-01-05T10:35:43.708-0300] {processor.py:829} INFO - Processing file /home/felipe/.local/lib/python3.11/site-packages/airflow/example_dags/tutorial_dag.py for tasks to queue
[2024-01-05T10:35:43.709-0300] {logging_mixin.py:154} INFO - [2024-01-05T10:35:43.709-0300] {dagbag.py:536} INFO - Filling up the DagBag from /home/felipe/.local/lib/python3.11/site-packages/airflow/example_dags/tutorial_dag.py
[2024-01-05T10:35:43.712-0300] {processor.py:839} INFO - DAG(s) dict_keys(['tutorial_dag']) retrieved from /home/felipe/.local/lib/python3.11/site-packages/airflow/example_dags/tutorial_dag.py
[2024-01-05T10:35:43.722-0300] {logging_mixin.py:154} INFO - [2024-01-05T10:35:43.721-0300] {dag.py:2941} INFO - Sync 1 DAGs
[2024-01-05T10:35:43.728-0300] {logging_mixin.py:154} INFO - [2024-01-05T10:35:43.727-0300] {dag.py:3722} INFO - Setting next_dagrun for tutorial_dag to None, run_after=None
[2024-01-05T10:35:43.744-0300] {processor.py:179} INFO - Processing /home/felipe/.local/lib/python3.11/site-packages/airflow/example_dags/tutorial_dag.py took 0.083 seconds
[2024-01-05T10:37:01.007-0300] {processor.py:157} INFO - Started process (PID=11949) to work on /home/felipe/.local/lib/python3.11/site-packages/airflow/example_dags/tutorial_dag.py
[2024-01-05T10:37:01.039-0300] {processor.py:829} INFO - Processing file /home/felipe/.local/lib/python3.11/site-packages/airflow/example_dags/tutorial_dag.py for tasks to queue
[2024-01-05T10:37:01.040-0300] {logging_mixin.py:154} INFO - [2024-01-05T10:37:01.039-0300] {dagbag.py:536} INFO - Filling up the DagBag from /home/felipe/.local/lib/python3.11/site-packages/airflow/example_dags/tutorial_dag.py
[2024-01-05T10:37:01.043-0300] {processor.py:839} INFO - DAG(s) dict_keys(['tutorial_dag']) retrieved from /home/felipe/.local/lib/python3.11/site-packages/airflow/example_dags/tutorial_dag.py
[2024-01-05T10:37:01.053-0300] {logging_mixin.py:154} INFO - [2024-01-05T10:37:01.052-0300] {dag.py:2941} INFO - Sync 1 DAGs
[2024-01-05T10:37:01.059-0300] {logging_mixin.py:154} INFO - [2024-01-05T10:37:01.059-0300] {dag.py:3722} INFO - Setting next_dagrun for tutorial_dag to None, run_after=None
[2024-01-05T10:37:01.075-0300] {processor.py:179} INFO - Processing /home/felipe/.local/lib/python3.11/site-packages/airflow/example_dags/tutorial_dag.py took 0.070 seconds
[2024-01-05T10:43:21.007-0300] {processor.py:157} INFO - Started process (PID=12604) to work on /home/felipe/.local/lib/python3.11/site-packages/airflow/example_dags/tutorial_dag.py
[2024-01-05T10:43:21.039-0300] {processor.py:829} INFO - Processing file /home/felipe/.local/lib/python3.11/site-packages/airflow/example_dags/tutorial_dag.py for tasks to queue
[2024-01-05T10:43:21.040-0300] {logging_mixin.py:154} INFO - [2024-01-05T10:43:21.039-0300] {dagbag.py:536} INFO - Filling up the DagBag from /home/felipe/.local/lib/python3.11/site-packages/airflow/example_dags/tutorial_dag.py
[2024-01-05T10:43:21.043-0300] {processor.py:839} INFO - DAG(s) dict_keys(['tutorial_dag']) retrieved from /home/felipe/.local/lib/python3.11/site-packages/airflow/example_dags/tutorial_dag.py
[2024-01-05T10:43:21.052-0300] {logging_mixin.py:154} INFO - [2024-01-05T10:43:21.052-0300] {dag.py:2941} INFO - Sync 1 DAGs
[2024-01-05T10:43:21.058-0300] {logging_mixin.py:154} INFO - [2024-01-05T10:43:21.058-0300] {dag.py:3722} INFO - Setting next_dagrun for tutorial_dag to None, run_after=None
[2024-01-05T10:43:21.076-0300] {processor.py:179} INFO - Processing /home/felipe/.local/lib/python3.11/site-packages/airflow/example_dags/tutorial_dag.py took 0.070 seconds
[2024-01-05T10:44:18.232-0300] {processor.py:157} INFO - Started process (PID=12730) to work on /home/felipe/.local/lib/python3.11/site-packages/airflow/example_dags/tutorial_dag.py
[2024-01-05T10:44:18.264-0300] {processor.py:829} INFO - Processing file /home/felipe/.local/lib/python3.11/site-packages/airflow/example_dags/tutorial_dag.py for tasks to queue
[2024-01-05T10:44:18.264-0300] {logging_mixin.py:154} INFO - [2024-01-05T10:44:18.264-0300] {dagbag.py:536} INFO - Filling up the DagBag from /home/felipe/.local/lib/python3.11/site-packages/airflow/example_dags/tutorial_dag.py
[2024-01-05T10:44:18.268-0300] {processor.py:839} INFO - DAG(s) dict_keys(['tutorial_dag']) retrieved from /home/felipe/.local/lib/python3.11/site-packages/airflow/example_dags/tutorial_dag.py
[2024-01-05T10:44:18.278-0300] {logging_mixin.py:154} INFO - [2024-01-05T10:44:18.278-0300] {dag.py:2941} INFO - Sync 1 DAGs
[2024-01-05T10:44:18.285-0300] {logging_mixin.py:154} INFO - [2024-01-05T10:44:18.285-0300] {dag.py:3722} INFO - Setting next_dagrun for tutorial_dag to None, run_after=None
[2024-01-05T10:44:18.302-0300] {processor.py:179} INFO - Processing /home/felipe/.local/lib/python3.11/site-packages/airflow/example_dags/tutorial_dag.py took 0.072 seconds
[2024-01-05T10:45:11.455-0300] {processor.py:157} INFO - Started process (PID=12832) to work on /home/felipe/.local/lib/python3.11/site-packages/airflow/example_dags/tutorial_dag.py
[2024-01-05T10:45:11.487-0300] {processor.py:829} INFO - Processing file /home/felipe/.local/lib/python3.11/site-packages/airflow/example_dags/tutorial_dag.py for tasks to queue
[2024-01-05T10:45:11.487-0300] {logging_mixin.py:154} INFO - [2024-01-05T10:45:11.487-0300] {dagbag.py:536} INFO - Filling up the DagBag from /home/felipe/.local/lib/python3.11/site-packages/airflow/example_dags/tutorial_dag.py
[2024-01-05T10:45:11.491-0300] {processor.py:839} INFO - DAG(s) dict_keys(['tutorial_dag']) retrieved from /home/felipe/.local/lib/python3.11/site-packages/airflow/example_dags/tutorial_dag.py
[2024-01-05T10:45:11.500-0300] {logging_mixin.py:154} INFO - [2024-01-05T10:45:11.500-0300] {dag.py:2941} INFO - Sync 1 DAGs
[2024-01-05T10:45:11.506-0300] {logging_mixin.py:154} INFO - [2024-01-05T10:45:11.506-0300] {dag.py:3722} INFO - Setting next_dagrun for tutorial_dag to None, run_after=None
[2024-01-05T10:45:11.523-0300] {processor.py:179} INFO - Processing /home/felipe/.local/lib/python3.11/site-packages/airflow/example_dags/tutorial_dag.py took 0.071 seconds
[2024-01-05T10:46:18.945-0300] {processor.py:157} INFO - Started process (PID=13014) to work on /home/felipe/.local/lib/python3.11/site-packages/airflow/example_dags/tutorial_dag.py
[2024-01-05T10:46:18.977-0300] {processor.py:829} INFO - Processing file /home/felipe/.local/lib/python3.11/site-packages/airflow/example_dags/tutorial_dag.py for tasks to queue
[2024-01-05T10:46:18.977-0300] {logging_mixin.py:154} INFO - [2024-01-05T10:46:18.977-0300] {dagbag.py:536} INFO - Filling up the DagBag from /home/felipe/.local/lib/python3.11/site-packages/airflow/example_dags/tutorial_dag.py
[2024-01-05T10:46:18.981-0300] {processor.py:839} INFO - DAG(s) dict_keys(['tutorial_dag']) retrieved from /home/felipe/.local/lib/python3.11/site-packages/airflow/example_dags/tutorial_dag.py
[2024-01-05T10:46:18.990-0300] {logging_mixin.py:154} INFO - [2024-01-05T10:46:18.990-0300] {dag.py:2941} INFO - Sync 1 DAGs
[2024-01-05T10:46:18.996-0300] {logging_mixin.py:154} INFO - [2024-01-05T10:46:18.995-0300] {dag.py:3722} INFO - Setting next_dagrun for tutorial_dag to None, run_after=None
[2024-01-05T10:46:19.013-0300] {processor.py:179} INFO - Processing /home/felipe/.local/lib/python3.11/site-packages/airflow/example_dags/tutorial_dag.py took 0.071 seconds
[2024-01-05T10:52:12.491-0300] {processor.py:157} INFO - Started process (PID=13513) to work on /home/felipe/.local/lib/python3.11/site-packages/airflow/example_dags/tutorial_dag.py
[2024-01-05T10:52:12.523-0300] {processor.py:829} INFO - Processing file /home/felipe/.local/lib/python3.11/site-packages/airflow/example_dags/tutorial_dag.py for tasks to queue
[2024-01-05T10:52:12.524-0300] {logging_mixin.py:154} INFO - [2024-01-05T10:52:12.523-0300] {dagbag.py:536} INFO - Filling up the DagBag from /home/felipe/.local/lib/python3.11/site-packages/airflow/example_dags/tutorial_dag.py
[2024-01-05T10:52:12.527-0300] {processor.py:839} INFO - DAG(s) dict_keys(['tutorial_dag']) retrieved from /home/felipe/.local/lib/python3.11/site-packages/airflow/example_dags/tutorial_dag.py
[2024-01-05T10:52:12.536-0300] {logging_mixin.py:154} INFO - [2024-01-05T10:52:12.536-0300] {dag.py:2941} INFO - Sync 1 DAGs
[2024-01-05T10:52:12.542-0300] {logging_mixin.py:154} INFO - [2024-01-05T10:52:12.542-0300] {dag.py:3722} INFO - Setting next_dagrun for tutorial_dag to None, run_after=None
[2024-01-05T10:52:12.558-0300] {processor.py:179} INFO - Processing /home/felipe/.local/lib/python3.11/site-packages/airflow/example_dags/tutorial_dag.py took 0.069 seconds
[2024-01-05T10:53:01.946-0300] {processor.py:157} INFO - Started process (PID=13614) to work on /home/felipe/.local/lib/python3.11/site-packages/airflow/example_dags/tutorial_dag.py
[2024-01-05T10:53:01.978-0300] {processor.py:829} INFO - Processing file /home/felipe/.local/lib/python3.11/site-packages/airflow/example_dags/tutorial_dag.py for tasks to queue
[2024-01-05T10:53:01.978-0300] {logging_mixin.py:154} INFO - [2024-01-05T10:53:01.978-0300] {dagbag.py:536} INFO - Filling up the DagBag from /home/felipe/.local/lib/python3.11/site-packages/airflow/example_dags/tutorial_dag.py
[2024-01-05T10:53:01.982-0300] {processor.py:839} INFO - DAG(s) dict_keys(['tutorial_dag']) retrieved from /home/felipe/.local/lib/python3.11/site-packages/airflow/example_dags/tutorial_dag.py
[2024-01-05T10:53:01.991-0300] {logging_mixin.py:154} INFO - [2024-01-05T10:53:01.991-0300] {dag.py:2941} INFO - Sync 1 DAGs
[2024-01-05T10:53:01.997-0300] {logging_mixin.py:154} INFO - [2024-01-05T10:53:01.997-0300] {dag.py:3722} INFO - Setting next_dagrun for tutorial_dag to None, run_after=None
[2024-01-05T10:53:02.015-0300] {processor.py:179} INFO - Processing /home/felipe/.local/lib/python3.11/site-packages/airflow/example_dags/tutorial_dag.py took 0.071 seconds
[2024-01-05T10:54:02.781-0300] {processor.py:157} INFO - Started process (PID=13802) to work on /home/felipe/.local/lib/python3.11/site-packages/airflow/example_dags/tutorial_dag.py
[2024-01-05T10:54:02.813-0300] {processor.py:829} INFO - Processing file /home/felipe/.local/lib/python3.11/site-packages/airflow/example_dags/tutorial_dag.py for tasks to queue
[2024-01-05T10:54:02.813-0300] {logging_mixin.py:154} INFO - [2024-01-05T10:54:02.813-0300] {dagbag.py:536} INFO - Filling up the DagBag from /home/felipe/.local/lib/python3.11/site-packages/airflow/example_dags/tutorial_dag.py
[2024-01-05T10:54:02.817-0300] {processor.py:839} INFO - DAG(s) dict_keys(['tutorial_dag']) retrieved from /home/felipe/.local/lib/python3.11/site-packages/airflow/example_dags/tutorial_dag.py
[2024-01-05T10:54:02.826-0300] {logging_mixin.py:154} INFO - [2024-01-05T10:54:02.826-0300] {dag.py:2941} INFO - Sync 1 DAGs
[2024-01-05T10:54:02.832-0300] {logging_mixin.py:154} INFO - [2024-01-05T10:54:02.832-0300] {dag.py:3722} INFO - Setting next_dagrun for tutorial_dag to None, run_after=None
[2024-01-05T10:54:02.849-0300] {processor.py:179} INFO - Processing /home/felipe/.local/lib/python3.11/site-packages/airflow/example_dags/tutorial_dag.py took 0.071 seconds
[2024-01-05T10:55:07.411-0300] {processor.py:157} INFO - Started process (PID=13912) to work on /home/felipe/.local/lib/python3.11/site-packages/airflow/example_dags/tutorial_dag.py
[2024-01-05T10:55:07.443-0300] {processor.py:829} INFO - Processing file /home/felipe/.local/lib/python3.11/site-packages/airflow/example_dags/tutorial_dag.py for tasks to queue
[2024-01-05T10:55:07.444-0300] {logging_mixin.py:154} INFO - [2024-01-05T10:55:07.444-0300] {dagbag.py:536} INFO - Filling up the DagBag from /home/felipe/.local/lib/python3.11/site-packages/airflow/example_dags/tutorial_dag.py
[2024-01-05T10:55:07.448-0300] {processor.py:839} INFO - DAG(s) dict_keys(['tutorial_dag']) retrieved from /home/felipe/.local/lib/python3.11/site-packages/airflow/example_dags/tutorial_dag.py
[2024-01-05T10:55:07.458-0300] {logging_mixin.py:154} INFO - [2024-01-05T10:55:07.458-0300] {dag.py:2941} INFO - Sync 1 DAGs
[2024-01-05T10:55:07.464-0300] {logging_mixin.py:154} INFO - [2024-01-05T10:55:07.464-0300] {dag.py:3722} INFO - Setting next_dagrun for tutorial_dag to None, run_after=None
[2024-01-05T10:55:07.481-0300] {processor.py:179} INFO - Processing /home/felipe/.local/lib/python3.11/site-packages/airflow/example_dags/tutorial_dag.py took 0.071 seconds
[2024-01-05T10:56:05.295-0300] {processor.py:157} INFO - Started process (PID=14037) to work on /home/felipe/.local/lib/python3.11/site-packages/airflow/example_dags/tutorial_dag.py
[2024-01-05T10:56:05.327-0300] {processor.py:829} INFO - Processing file /home/felipe/.local/lib/python3.11/site-packages/airflow/example_dags/tutorial_dag.py for tasks to queue
[2024-01-05T10:56:05.327-0300] {logging_mixin.py:154} INFO - [2024-01-05T10:56:05.327-0300] {dagbag.py:536} INFO - Filling up the DagBag from /home/felipe/.local/lib/python3.11/site-packages/airflow/example_dags/tutorial_dag.py
[2024-01-05T10:56:05.331-0300] {processor.py:839} INFO - DAG(s) dict_keys(['tutorial_dag']) retrieved from /home/felipe/.local/lib/python3.11/site-packages/airflow/example_dags/tutorial_dag.py
[2024-01-05T10:56:05.341-0300] {logging_mixin.py:154} INFO - [2024-01-05T10:56:05.341-0300] {dag.py:2941} INFO - Sync 1 DAGs
[2024-01-05T10:56:05.347-0300] {logging_mixin.py:154} INFO - [2024-01-05T10:56:05.347-0300] {dag.py:3722} INFO - Setting next_dagrun for tutorial_dag to None, run_after=None
[2024-01-05T10:56:05.364-0300] {processor.py:179} INFO - Processing /home/felipe/.local/lib/python3.11/site-packages/airflow/example_dags/tutorial_dag.py took 0.071 seconds
[2024-01-05T10:57:06.679-0300] {processor.py:157} INFO - Started process (PID=14151) to work on /home/felipe/.local/lib/python3.11/site-packages/airflow/example_dags/tutorial_dag.py
[2024-01-05T10:57:06.753-0300] {processor.py:829} INFO - Processing file /home/felipe/.local/lib/python3.11/site-packages/airflow/example_dags/tutorial_dag.py for tasks to queue
[2024-01-05T10:57:06.754-0300] {logging_mixin.py:154} INFO - [2024-01-05T10:57:06.754-0300] {dagbag.py:536} INFO - Filling up the DagBag from /home/felipe/.local/lib/python3.11/site-packages/airflow/example_dags/tutorial_dag.py
[2024-01-05T10:57:06.757-0300] {processor.py:839} INFO - DAG(s) dict_keys(['tutorial_dag']) retrieved from /home/felipe/.local/lib/python3.11/site-packages/airflow/example_dags/tutorial_dag.py
[2024-01-05T10:57:06.767-0300] {logging_mixin.py:154} INFO - [2024-01-05T10:57:06.767-0300] {dag.py:2941} INFO - Sync 1 DAGs
[2024-01-05T10:57:06.773-0300] {logging_mixin.py:154} INFO - [2024-01-05T10:57:06.773-0300] {dag.py:3722} INFO - Setting next_dagrun for tutorial_dag to None, run_after=None
[2024-01-05T10:57:06.790-0300] {processor.py:179} INFO - Processing /home/felipe/.local/lib/python3.11/site-packages/airflow/example_dags/tutorial_dag.py took 0.113 seconds
[2024-01-05T10:58:06.126-0300] {processor.py:157} INFO - Started process (PID=14268) to work on /home/felipe/.local/lib/python3.11/site-packages/airflow/example_dags/tutorial_dag.py
[2024-01-05T10:58:06.126-0300] {processor.py:829} INFO - Processing file /home/felipe/.local/lib/python3.11/site-packages/airflow/example_dags/tutorial_dag.py for tasks to queue
[2024-01-05T10:58:06.127-0300] {logging_mixin.py:154} INFO - [2024-01-05T10:58:06.126-0300] {dagbag.py:536} INFO - Filling up the DagBag from /home/felipe/.local/lib/python3.11/site-packages/airflow/example_dags/tutorial_dag.py
[2024-01-05T10:58:06.130-0300] {processor.py:839} INFO - DAG(s) dict_keys(['tutorial_dag']) retrieved from /home/felipe/.local/lib/python3.11/site-packages/airflow/example_dags/tutorial_dag.py
[2024-01-05T10:58:06.139-0300] {logging_mixin.py:154} INFO - [2024-01-05T10:58:06.139-0300] {dag.py:2941} INFO - Sync 1 DAGs
[2024-01-05T10:58:06.145-0300] {logging_mixin.py:154} INFO - [2024-01-05T10:58:06.145-0300] {dag.py:3722} INFO - Setting next_dagrun for tutorial_dag to None, run_after=None
[2024-01-05T10:58:06.155-0300] {processor.py:179} INFO - Processing /home/felipe/.local/lib/python3.11/site-packages/airflow/example_dags/tutorial_dag.py took 0.031 seconds
[2024-01-05T10:59:09.922-0300] {processor.py:157} INFO - Started process (PID=14384) to work on /home/felipe/.local/lib/python3.11/site-packages/airflow/example_dags/tutorial_dag.py
[2024-01-05T10:59:09.954-0300] {processor.py:829} INFO - Processing file /home/felipe/.local/lib/python3.11/site-packages/airflow/example_dags/tutorial_dag.py for tasks to queue
[2024-01-05T10:59:09.955-0300] {logging_mixin.py:154} INFO - [2024-01-05T10:59:09.955-0300] {dagbag.py:536} INFO - Filling up the DagBag from /home/felipe/.local/lib/python3.11/site-packages/airflow/example_dags/tutorial_dag.py
[2024-01-05T10:59:09.958-0300] {processor.py:839} INFO - DAG(s) dict_keys(['tutorial_dag']) retrieved from /home/felipe/.local/lib/python3.11/site-packages/airflow/example_dags/tutorial_dag.py
[2024-01-05T10:59:09.968-0300] {logging_mixin.py:154} INFO - [2024-01-05T10:59:09.968-0300] {dag.py:2941} INFO - Sync 1 DAGs
[2024-01-05T10:59:09.973-0300] {logging_mixin.py:154} INFO - [2024-01-05T10:59:09.973-0300] {dag.py:3722} INFO - Setting next_dagrun for tutorial_dag to None, run_after=None
[2024-01-05T10:59:09.990-0300] {processor.py:179} INFO - Processing /home/felipe/.local/lib/python3.11/site-packages/airflow/example_dags/tutorial_dag.py took 0.070 seconds
[2024-01-05T11:00:12.416-0300] {processor.py:157} INFO - Started process (PID=14500) to work on /home/felipe/.local/lib/python3.11/site-packages/airflow/example_dags/tutorial_dag.py
[2024-01-05T11:00:12.448-0300] {processor.py:829} INFO - Processing file /home/felipe/.local/lib/python3.11/site-packages/airflow/example_dags/tutorial_dag.py for tasks to queue
[2024-01-05T11:00:12.448-0300] {logging_mixin.py:154} INFO - [2024-01-05T11:00:12.448-0300] {dagbag.py:536} INFO - Filling up the DagBag from /home/felipe/.local/lib/python3.11/site-packages/airflow/example_dags/tutorial_dag.py
[2024-01-05T11:00:12.452-0300] {processor.py:839} INFO - DAG(s) dict_keys(['tutorial_dag']) retrieved from /home/felipe/.local/lib/python3.11/site-packages/airflow/example_dags/tutorial_dag.py
[2024-01-05T11:00:12.462-0300] {logging_mixin.py:154} INFO - [2024-01-05T11:00:12.462-0300] {dag.py:2941} INFO - Sync 1 DAGs
[2024-01-05T11:00:12.468-0300] {logging_mixin.py:154} INFO - [2024-01-05T11:00:12.468-0300] {dag.py:3722} INFO - Setting next_dagrun for tutorial_dag to None, run_after=None
[2024-01-05T11:00:12.485-0300] {processor.py:179} INFO - Processing /home/felipe/.local/lib/python3.11/site-packages/airflow/example_dags/tutorial_dag.py took 0.072 seconds
[2024-01-05T11:01:17.484-0300] {processor.py:157} INFO - Started process (PID=14619) to work on /home/felipe/.local/lib/python3.11/site-packages/airflow/example_dags/tutorial_dag.py
[2024-01-05T11:01:17.516-0300] {processor.py:829} INFO - Processing file /home/felipe/.local/lib/python3.11/site-packages/airflow/example_dags/tutorial_dag.py for tasks to queue
[2024-01-05T11:01:17.516-0300] {logging_mixin.py:154} INFO - [2024-01-05T11:01:17.516-0300] {dagbag.py:536} INFO - Filling up the DagBag from /home/felipe/.local/lib/python3.11/site-packages/airflow/example_dags/tutorial_dag.py
[2024-01-05T11:01:17.520-0300] {processor.py:839} INFO - DAG(s) dict_keys(['tutorial_dag']) retrieved from /home/felipe/.local/lib/python3.11/site-packages/airflow/example_dags/tutorial_dag.py
[2024-01-05T11:01:17.530-0300] {logging_mixin.py:154} INFO - [2024-01-05T11:01:17.530-0300] {dag.py:2941} INFO - Sync 1 DAGs
[2024-01-05T11:01:17.536-0300] {logging_mixin.py:154} INFO - [2024-01-05T11:01:17.536-0300] {dag.py:3722} INFO - Setting next_dagrun for tutorial_dag to None, run_after=None
[2024-01-05T11:01:17.553-0300] {processor.py:179} INFO - Processing /home/felipe/.local/lib/python3.11/site-packages/airflow/example_dags/tutorial_dag.py took 0.071 seconds
[2024-01-05T11:02:21.812-0300] {processor.py:157} INFO - Started process (PID=14732) to work on /home/felipe/.local/lib/python3.11/site-packages/airflow/example_dags/tutorial_dag.py
[2024-01-05T11:02:21.844-0300] {processor.py:829} INFO - Processing file /home/felipe/.local/lib/python3.11/site-packages/airflow/example_dags/tutorial_dag.py for tasks to queue
[2024-01-05T11:02:21.845-0300] {logging_mixin.py:154} INFO - [2024-01-05T11:02:21.845-0300] {dagbag.py:536} INFO - Filling up the DagBag from /home/felipe/.local/lib/python3.11/site-packages/airflow/example_dags/tutorial_dag.py
[2024-01-05T11:02:21.848-0300] {processor.py:839} INFO - DAG(s) dict_keys(['tutorial_dag']) retrieved from /home/felipe/.local/lib/python3.11/site-packages/airflow/example_dags/tutorial_dag.py
[2024-01-05T11:02:21.858-0300] {logging_mixin.py:154} INFO - [2024-01-05T11:02:21.858-0300] {dag.py:2941} INFO - Sync 1 DAGs
[2024-01-05T11:02:21.864-0300] {logging_mixin.py:154} INFO - [2024-01-05T11:02:21.864-0300] {dag.py:3722} INFO - Setting next_dagrun for tutorial_dag to None, run_after=None
[2024-01-05T11:02:21.881-0300] {processor.py:179} INFO - Processing /home/felipe/.local/lib/python3.11/site-packages/airflow/example_dags/tutorial_dag.py took 0.071 seconds
[2024-01-05T11:03:14.772-0300] {processor.py:157} INFO - Started process (PID=14822) to work on /home/felipe/.local/lib/python3.11/site-packages/airflow/example_dags/tutorial_dag.py
[2024-01-05T11:03:14.804-0300] {processor.py:829} INFO - Processing file /home/felipe/.local/lib/python3.11/site-packages/airflow/example_dags/tutorial_dag.py for tasks to queue
[2024-01-05T11:03:14.805-0300] {logging_mixin.py:154} INFO - [2024-01-05T11:03:14.804-0300] {dagbag.py:536} INFO - Filling up the DagBag from /home/felipe/.local/lib/python3.11/site-packages/airflow/example_dags/tutorial_dag.py
[2024-01-05T11:03:14.808-0300] {processor.py:839} INFO - DAG(s) dict_keys(['tutorial_dag']) retrieved from /home/felipe/.local/lib/python3.11/site-packages/airflow/example_dags/tutorial_dag.py
[2024-01-05T11:03:14.818-0300] {logging_mixin.py:154} INFO - [2024-01-05T11:03:14.818-0300] {dag.py:2941} INFO - Sync 1 DAGs
[2024-01-05T11:03:14.824-0300] {logging_mixin.py:154} INFO - [2024-01-05T11:03:14.824-0300] {dag.py:3722} INFO - Setting next_dagrun for tutorial_dag to None, run_after=None
[2024-01-05T11:03:14.841-0300] {processor.py:179} INFO - Processing /home/felipe/.local/lib/python3.11/site-packages/airflow/example_dags/tutorial_dag.py took 0.071 seconds
[2024-01-05T11:04:22.166-0300] {processor.py:157} INFO - Started process (PID=14934) to work on /home/felipe/.local/lib/python3.11/site-packages/airflow/example_dags/tutorial_dag.py
[2024-01-05T11:04:22.199-0300] {processor.py:829} INFO - Processing file /home/felipe/.local/lib/python3.11/site-packages/airflow/example_dags/tutorial_dag.py for tasks to queue
[2024-01-05T11:04:22.199-0300] {logging_mixin.py:154} INFO - [2024-01-05T11:04:22.199-0300] {dagbag.py:536} INFO - Filling up the DagBag from /home/felipe/.local/lib/python3.11/site-packages/airflow/example_dags/tutorial_dag.py
[2024-01-05T11:04:22.203-0300] {processor.py:839} INFO - DAG(s) dict_keys(['tutorial_dag']) retrieved from /home/felipe/.local/lib/python3.11/site-packages/airflow/example_dags/tutorial_dag.py
[2024-01-05T11:04:22.213-0300] {logging_mixin.py:154} INFO - [2024-01-05T11:04:22.213-0300] {dag.py:2941} INFO - Sync 1 DAGs
[2024-01-05T11:04:22.219-0300] {logging_mixin.py:154} INFO - [2024-01-05T11:04:22.219-0300] {dag.py:3722} INFO - Setting next_dagrun for tutorial_dag to None, run_after=None
[2024-01-05T11:04:22.236-0300] {processor.py:179} INFO - Processing /home/felipe/.local/lib/python3.11/site-packages/airflow/example_dags/tutorial_dag.py took 0.071 seconds
[2024-01-05T11:05:30.595-0300] {processor.py:157} INFO - Started process (PID=15085) to work on /home/felipe/.local/lib/python3.11/site-packages/airflow/example_dags/tutorial_dag.py
[2024-01-05T11:05:30.627-0300] {processor.py:829} INFO - Processing file /home/felipe/.local/lib/python3.11/site-packages/airflow/example_dags/tutorial_dag.py for tasks to queue
[2024-01-05T11:05:30.627-0300] {logging_mixin.py:154} INFO - [2024-01-05T11:05:30.627-0300] {dagbag.py:536} INFO - Filling up the DagBag from /home/felipe/.local/lib/python3.11/site-packages/airflow/example_dags/tutorial_dag.py
[2024-01-05T11:05:30.631-0300] {processor.py:839} INFO - DAG(s) dict_keys(['tutorial_dag']) retrieved from /home/felipe/.local/lib/python3.11/site-packages/airflow/example_dags/tutorial_dag.py
[2024-01-05T11:05:30.641-0300] {logging_mixin.py:154} INFO - [2024-01-05T11:05:30.641-0300] {dag.py:2941} INFO - Sync 1 DAGs
[2024-01-05T11:05:30.647-0300] {logging_mixin.py:154} INFO - [2024-01-05T11:05:30.647-0300] {dag.py:3722} INFO - Setting next_dagrun for tutorial_dag to None, run_after=None
[2024-01-05T11:05:30.661-0300] {processor.py:179} INFO - Processing /home/felipe/.local/lib/python3.11/site-packages/airflow/example_dags/tutorial_dag.py took 0.068 seconds
[2024-01-05T11:06:39.608-0300] {processor.py:157} INFO - Started process (PID=15198) to work on /home/felipe/.local/lib/python3.11/site-packages/airflow/example_dags/tutorial_dag.py
[2024-01-05T11:06:39.640-0300] {processor.py:829} INFO - Processing file /home/felipe/.local/lib/python3.11/site-packages/airflow/example_dags/tutorial_dag.py for tasks to queue
[2024-01-05T11:06:39.641-0300] {logging_mixin.py:154} INFO - [2024-01-05T11:06:39.640-0300] {dagbag.py:536} INFO - Filling up the DagBag from /home/felipe/.local/lib/python3.11/site-packages/airflow/example_dags/tutorial_dag.py
[2024-01-05T11:06:39.644-0300] {processor.py:839} INFO - DAG(s) dict_keys(['tutorial_dag']) retrieved from /home/felipe/.local/lib/python3.11/site-packages/airflow/example_dags/tutorial_dag.py
[2024-01-05T11:06:39.653-0300] {logging_mixin.py:154} INFO - [2024-01-05T11:06:39.653-0300] {dag.py:2941} INFO - Sync 1 DAGs
[2024-01-05T11:06:39.660-0300] {logging_mixin.py:154} INFO - [2024-01-05T11:06:39.659-0300] {dag.py:3722} INFO - Setting next_dagrun for tutorial_dag to None, run_after=None
[2024-01-05T11:06:39.677-0300] {processor.py:179} INFO - Processing /home/felipe/.local/lib/python3.11/site-packages/airflow/example_dags/tutorial_dag.py took 0.071 seconds
[2024-01-05T11:07:46.272-0300] {processor.py:157} INFO - Started process (PID=15315) to work on /home/felipe/.local/lib/python3.11/site-packages/airflow/example_dags/tutorial_dag.py
[2024-01-05T11:07:46.273-0300] {processor.py:829} INFO - Processing file /home/felipe/.local/lib/python3.11/site-packages/airflow/example_dags/tutorial_dag.py for tasks to queue
[2024-01-05T11:07:46.273-0300] {logging_mixin.py:154} INFO - [2024-01-05T11:07:46.273-0300] {dagbag.py:536} INFO - Filling up the DagBag from /home/felipe/.local/lib/python3.11/site-packages/airflow/example_dags/tutorial_dag.py
[2024-01-05T11:07:46.276-0300] {processor.py:839} INFO - DAG(s) dict_keys(['tutorial_dag']) retrieved from /home/felipe/.local/lib/python3.11/site-packages/airflow/example_dags/tutorial_dag.py
[2024-01-05T11:07:46.286-0300] {logging_mixin.py:154} INFO - [2024-01-05T11:07:46.286-0300] {dag.py:2941} INFO - Sync 1 DAGs
[2024-01-05T11:07:46.292-0300] {logging_mixin.py:154} INFO - [2024-01-05T11:07:46.292-0300] {dag.py:3722} INFO - Setting next_dagrun for tutorial_dag to None, run_after=None
[2024-01-05T11:07:46.301-0300] {processor.py:179} INFO - Processing /home/felipe/.local/lib/python3.11/site-packages/airflow/example_dags/tutorial_dag.py took 0.031 seconds
[2024-01-05T11:08:55.203-0300] {processor.py:157} INFO - Started process (PID=15433) to work on /home/felipe/.local/lib/python3.11/site-packages/airflow/example_dags/tutorial_dag.py
[2024-01-05T11:08:55.235-0300] {processor.py:829} INFO - Processing file /home/felipe/.local/lib/python3.11/site-packages/airflow/example_dags/tutorial_dag.py for tasks to queue
[2024-01-05T11:08:55.235-0300] {logging_mixin.py:154} INFO - [2024-01-05T11:08:55.235-0300] {dagbag.py:536} INFO - Filling up the DagBag from /home/felipe/.local/lib/python3.11/site-packages/airflow/example_dags/tutorial_dag.py
[2024-01-05T11:08:55.239-0300] {processor.py:839} INFO - DAG(s) dict_keys(['tutorial_dag']) retrieved from /home/felipe/.local/lib/python3.11/site-packages/airflow/example_dags/tutorial_dag.py
[2024-01-05T11:08:55.249-0300] {logging_mixin.py:154} INFO - [2024-01-05T11:08:55.249-0300] {dag.py:2941} INFO - Sync 1 DAGs
[2024-01-05T11:08:55.255-0300] {logging_mixin.py:154} INFO - [2024-01-05T11:08:55.255-0300] {dag.py:3722} INFO - Setting next_dagrun for tutorial_dag to None, run_after=None
[2024-01-05T11:08:55.272-0300] {processor.py:179} INFO - Processing /home/felipe/.local/lib/python3.11/site-packages/airflow/example_dags/tutorial_dag.py took 0.071 seconds
[2024-01-05T11:09:54.854-0300] {processor.py:157} INFO - Started process (PID=15571) to work on /home/felipe/.local/lib/python3.11/site-packages/airflow/example_dags/tutorial_dag.py
[2024-01-05T11:09:54.855-0300] {processor.py:829} INFO - Processing file /home/felipe/.local/lib/python3.11/site-packages/airflow/example_dags/tutorial_dag.py for tasks to queue
[2024-01-05T11:09:54.855-0300] {logging_mixin.py:154} INFO - [2024-01-05T11:09:54.855-0300] {dagbag.py:536} INFO - Filling up the DagBag from /home/felipe/.local/lib/python3.11/site-packages/airflow/example_dags/tutorial_dag.py
[2024-01-05T11:09:54.858-0300] {processor.py:839} INFO - DAG(s) dict_keys(['tutorial_dag']) retrieved from /home/felipe/.local/lib/python3.11/site-packages/airflow/example_dags/tutorial_dag.py
[2024-01-05T11:09:54.868-0300] {logging_mixin.py:154} INFO - [2024-01-05T11:09:54.868-0300] {dag.py:2941} INFO - Sync 1 DAGs
[2024-01-05T11:09:54.873-0300] {logging_mixin.py:154} INFO - [2024-01-05T11:09:54.873-0300] {dag.py:3722} INFO - Setting next_dagrun for tutorial_dag to None, run_after=None
[2024-01-05T11:09:54.883-0300] {processor.py:179} INFO - Processing /home/felipe/.local/lib/python3.11/site-packages/airflow/example_dags/tutorial_dag.py took 0.031 seconds
[2024-01-05T11:11:00.463-0300] {processor.py:157} INFO - Started process (PID=15687) to work on /home/felipe/.local/lib/python3.11/site-packages/airflow/example_dags/tutorial_dag.py
[2024-01-05T11:11:00.495-0300] {processor.py:829} INFO - Processing file /home/felipe/.local/lib/python3.11/site-packages/airflow/example_dags/tutorial_dag.py for tasks to queue
[2024-01-05T11:11:00.496-0300] {logging_mixin.py:154} INFO - [2024-01-05T11:11:00.495-0300] {dagbag.py:536} INFO - Filling up the DagBag from /home/felipe/.local/lib/python3.11/site-packages/airflow/example_dags/tutorial_dag.py
[2024-01-05T11:11:00.499-0300] {processor.py:839} INFO - DAG(s) dict_keys(['tutorial_dag']) retrieved from /home/felipe/.local/lib/python3.11/site-packages/airflow/example_dags/tutorial_dag.py
[2024-01-05T11:11:00.509-0300] {logging_mixin.py:154} INFO - [2024-01-05T11:11:00.508-0300] {dag.py:2941} INFO - Sync 1 DAGs
[2024-01-05T11:11:00.515-0300] {logging_mixin.py:154} INFO - [2024-01-05T11:11:00.515-0300] {dag.py:3722} INFO - Setting next_dagrun for tutorial_dag to None, run_after=None
[2024-01-05T11:11:00.532-0300] {processor.py:179} INFO - Processing /home/felipe/.local/lib/python3.11/site-packages/airflow/example_dags/tutorial_dag.py took 0.071 seconds
[2024-01-05T11:12:00.543-0300] {processor.py:157} INFO - Started process (PID=15804) to work on /home/felipe/.local/lib/python3.11/site-packages/airflow/example_dags/tutorial_dag.py
[2024-01-05T11:12:00.548-0300] {processor.py:829} INFO - Processing file /home/felipe/.local/lib/python3.11/site-packages/airflow/example_dags/tutorial_dag.py for tasks to queue
[2024-01-05T11:12:00.548-0300] {logging_mixin.py:154} INFO - [2024-01-05T11:12:00.548-0300] {dagbag.py:536} INFO - Filling up the DagBag from /home/felipe/.local/lib/python3.11/site-packages/airflow/example_dags/tutorial_dag.py
[2024-01-05T11:12:00.552-0300] {processor.py:839} INFO - DAG(s) dict_keys(['tutorial_dag']) retrieved from /home/felipe/.local/lib/python3.11/site-packages/airflow/example_dags/tutorial_dag.py
[2024-01-05T11:12:00.561-0300] {logging_mixin.py:154} INFO - [2024-01-05T11:12:00.561-0300] {dag.py:2941} INFO - Sync 1 DAGs
[2024-01-05T11:12:00.567-0300] {logging_mixin.py:154} INFO - [2024-01-05T11:12:00.567-0300] {dag.py:3722} INFO - Setting next_dagrun for tutorial_dag to None, run_after=None
[2024-01-05T11:12:00.582-0300] {processor.py:179} INFO - Processing /home/felipe/.local/lib/python3.11/site-packages/airflow/example_dags/tutorial_dag.py took 0.041 seconds
[2024-01-05T11:12:55.853-0300] {processor.py:157} INFO - Started process (PID=17229) to work on /home/felipe/.local/lib/python3.11/site-packages/airflow/example_dags/tutorial_dag.py
[2024-01-05T11:12:55.885-0300] {processor.py:829} INFO - Processing file /home/felipe/.local/lib/python3.11/site-packages/airflow/example_dags/tutorial_dag.py for tasks to queue
[2024-01-05T11:12:55.886-0300] {logging_mixin.py:154} INFO - [2024-01-05T11:12:55.885-0300] {dagbag.py:536} INFO - Filling up the DagBag from /home/felipe/.local/lib/python3.11/site-packages/airflow/example_dags/tutorial_dag.py
[2024-01-05T11:12:55.889-0300] {processor.py:839} INFO - DAG(s) dict_keys(['tutorial_dag']) retrieved from /home/felipe/.local/lib/python3.11/site-packages/airflow/example_dags/tutorial_dag.py
[2024-01-05T11:12:55.898-0300] {logging_mixin.py:154} INFO - [2024-01-05T11:12:55.898-0300] {dag.py:2941} INFO - Sync 1 DAGs
[2024-01-05T11:12:55.904-0300] {logging_mixin.py:154} INFO - [2024-01-05T11:12:55.904-0300] {dag.py:3722} INFO - Setting next_dagrun for tutorial_dag to None, run_after=None
[2024-01-05T11:12:55.921-0300] {processor.py:179} INFO - Processing /home/felipe/.local/lib/python3.11/site-packages/airflow/example_dags/tutorial_dag.py took 0.070 seconds
[2024-01-05T11:14:01.611-0300] {processor.py:157} INFO - Started process (PID=17352) to work on /home/felipe/.local/lib/python3.11/site-packages/airflow/example_dags/tutorial_dag.py
[2024-01-05T11:14:01.636-0300] {processor.py:829} INFO - Processing file /home/felipe/.local/lib/python3.11/site-packages/airflow/example_dags/tutorial_dag.py for tasks to queue
[2024-01-05T11:14:01.637-0300] {logging_mixin.py:154} INFO - [2024-01-05T11:14:01.636-0300] {dagbag.py:536} INFO - Filling up the DagBag from /home/felipe/.local/lib/python3.11/site-packages/airflow/example_dags/tutorial_dag.py
[2024-01-05T11:14:01.640-0300] {processor.py:839} INFO - DAG(s) dict_keys(['tutorial_dag']) retrieved from /home/felipe/.local/lib/python3.11/site-packages/airflow/example_dags/tutorial_dag.py
[2024-01-05T11:14:01.650-0300] {logging_mixin.py:154} INFO - [2024-01-05T11:14:01.649-0300] {dag.py:2941} INFO - Sync 1 DAGs
[2024-01-05T11:14:01.656-0300] {logging_mixin.py:154} INFO - [2024-01-05T11:14:01.656-0300] {dag.py:3722} INFO - Setting next_dagrun for tutorial_dag to None, run_after=None
[2024-01-05T11:14:01.670-0300] {processor.py:179} INFO - Processing /home/felipe/.local/lib/python3.11/site-packages/airflow/example_dags/tutorial_dag.py took 0.061 seconds
[2024-01-05T11:15:03.985-0300] {processor.py:157} INFO - Started process (PID=17463) to work on /home/felipe/.local/lib/python3.11/site-packages/airflow/example_dags/tutorial_dag.py
[2024-01-05T11:15:04.017-0300] {processor.py:829} INFO - Processing file /home/felipe/.local/lib/python3.11/site-packages/airflow/example_dags/tutorial_dag.py for tasks to queue
[2024-01-05T11:15:04.018-0300] {logging_mixin.py:154} INFO - [2024-01-05T11:15:04.017-0300] {dagbag.py:536} INFO - Filling up the DagBag from /home/felipe/.local/lib/python3.11/site-packages/airflow/example_dags/tutorial_dag.py
[2024-01-05T11:15:04.021-0300] {processor.py:839} INFO - DAG(s) dict_keys(['tutorial_dag']) retrieved from /home/felipe/.local/lib/python3.11/site-packages/airflow/example_dags/tutorial_dag.py
[2024-01-05T11:15:04.030-0300] {logging_mixin.py:154} INFO - [2024-01-05T11:15:04.030-0300] {dag.py:2941} INFO - Sync 1 DAGs
[2024-01-05T11:15:04.037-0300] {logging_mixin.py:154} INFO - [2024-01-05T11:15:04.036-0300] {dag.py:3722} INFO - Setting next_dagrun for tutorial_dag to None, run_after=None
[2024-01-05T11:15:04.054-0300] {processor.py:179} INFO - Processing /home/felipe/.local/lib/python3.11/site-packages/airflow/example_dags/tutorial_dag.py took 0.071 seconds
[2024-01-05T11:16:03.443-0300] {processor.py:157} INFO - Started process (PID=17577) to work on /home/felipe/.local/lib/python3.11/site-packages/airflow/example_dags/tutorial_dag.py
[2024-01-05T11:16:03.475-0300] {processor.py:829} INFO - Processing file /home/felipe/.local/lib/python3.11/site-packages/airflow/example_dags/tutorial_dag.py for tasks to queue
[2024-01-05T11:16:03.475-0300] {logging_mixin.py:154} INFO - [2024-01-05T11:16:03.475-0300] {dagbag.py:536} INFO - Filling up the DagBag from /home/felipe/.local/lib/python3.11/site-packages/airflow/example_dags/tutorial_dag.py
[2024-01-05T11:16:03.479-0300] {processor.py:839} INFO - DAG(s) dict_keys(['tutorial_dag']) retrieved from /home/felipe/.local/lib/python3.11/site-packages/airflow/example_dags/tutorial_dag.py
[2024-01-05T11:16:03.488-0300] {logging_mixin.py:154} INFO - [2024-01-05T11:16:03.488-0300] {dag.py:2941} INFO - Sync 1 DAGs
[2024-01-05T11:16:03.494-0300] {logging_mixin.py:154} INFO - [2024-01-05T11:16:03.494-0300] {dag.py:3722} INFO - Setting next_dagrun for tutorial_dag to None, run_after=None
[2024-01-05T11:16:03.511-0300] {processor.py:179} INFO - Processing /home/felipe/.local/lib/python3.11/site-packages/airflow/example_dags/tutorial_dag.py took 0.070 seconds
[2024-01-05T11:17:06.462-0300] {processor.py:157} INFO - Started process (PID=17706) to work on /home/felipe/.local/lib/python3.11/site-packages/airflow/example_dags/tutorial_dag.py
[2024-01-05T11:17:06.467-0300] {processor.py:829} INFO - Processing file /home/felipe/.local/lib/python3.11/site-packages/airflow/example_dags/tutorial_dag.py for tasks to queue
[2024-01-05T11:17:06.468-0300] {logging_mixin.py:154} INFO - [2024-01-05T11:17:06.467-0300] {dagbag.py:536} INFO - Filling up the DagBag from /home/felipe/.local/lib/python3.11/site-packages/airflow/example_dags/tutorial_dag.py
[2024-01-05T11:17:06.471-0300] {processor.py:839} INFO - DAG(s) dict_keys(['tutorial_dag']) retrieved from /home/felipe/.local/lib/python3.11/site-packages/airflow/example_dags/tutorial_dag.py
[2024-01-05T11:17:06.480-0300] {logging_mixin.py:154} INFO - [2024-01-05T11:17:06.480-0300] {dag.py:2941} INFO - Sync 1 DAGs
[2024-01-05T11:17:06.486-0300] {logging_mixin.py:154} INFO - [2024-01-05T11:17:06.486-0300] {dag.py:3722} INFO - Setting next_dagrun for tutorial_dag to None, run_after=None
[2024-01-05T11:17:06.496-0300] {processor.py:179} INFO - Processing /home/felipe/.local/lib/python3.11/site-packages/airflow/example_dags/tutorial_dag.py took 0.036 seconds
[2024-01-05T11:18:17.297-0300] {processor.py:157} INFO - Started process (PID=17832) to work on /home/felipe/.local/lib/python3.11/site-packages/airflow/example_dags/tutorial_dag.py
[2024-01-05T11:18:17.302-0300] {processor.py:829} INFO - Processing file /home/felipe/.local/lib/python3.11/site-packages/airflow/example_dags/tutorial_dag.py for tasks to queue
[2024-01-05T11:18:17.302-0300] {logging_mixin.py:154} INFO - [2024-01-05T11:18:17.302-0300] {dagbag.py:536} INFO - Filling up the DagBag from /home/felipe/.local/lib/python3.11/site-packages/airflow/example_dags/tutorial_dag.py
[2024-01-05T11:18:17.306-0300] {processor.py:839} INFO - DAG(s) dict_keys(['tutorial_dag']) retrieved from /home/felipe/.local/lib/python3.11/site-packages/airflow/example_dags/tutorial_dag.py
[2024-01-05T11:18:17.315-0300] {logging_mixin.py:154} INFO - [2024-01-05T11:18:17.315-0300] {dag.py:2941} INFO - Sync 1 DAGs
[2024-01-05T11:18:17.321-0300] {logging_mixin.py:154} INFO - [2024-01-05T11:18:17.321-0300] {dag.py:3722} INFO - Setting next_dagrun for tutorial_dag to None, run_after=None
[2024-01-05T11:18:17.331-0300] {processor.py:179} INFO - Processing /home/felipe/.local/lib/python3.11/site-packages/airflow/example_dags/tutorial_dag.py took 0.036 seconds
[2024-01-05T11:19:32.874-0300] {processor.py:157} INFO - Started process (PID=17949) to work on /home/felipe/.local/lib/python3.11/site-packages/airflow/example_dags/tutorial_dag.py
[2024-01-05T11:19:32.906-0300] {processor.py:829} INFO - Processing file /home/felipe/.local/lib/python3.11/site-packages/airflow/example_dags/tutorial_dag.py for tasks to queue
[2024-01-05T11:19:32.907-0300] {logging_mixin.py:154} INFO - [2024-01-05T11:19:32.907-0300] {dagbag.py:536} INFO - Filling up the DagBag from /home/felipe/.local/lib/python3.11/site-packages/airflow/example_dags/tutorial_dag.py
[2024-01-05T11:19:32.910-0300] {processor.py:839} INFO - DAG(s) dict_keys(['tutorial_dag']) retrieved from /home/felipe/.local/lib/python3.11/site-packages/airflow/example_dags/tutorial_dag.py
[2024-01-05T11:19:32.920-0300] {logging_mixin.py:154} INFO - [2024-01-05T11:19:32.919-0300] {dag.py:2941} INFO - Sync 1 DAGs
[2024-01-05T11:19:32.926-0300] {logging_mixin.py:154} INFO - [2024-01-05T11:19:32.926-0300] {dag.py:3722} INFO - Setting next_dagrun for tutorial_dag to None, run_after=None
[2024-01-05T11:19:32.943-0300] {processor.py:179} INFO - Processing /home/felipe/.local/lib/python3.11/site-packages/airflow/example_dags/tutorial_dag.py took 0.070 seconds
[2024-01-05T11:20:39.570-0300] {processor.py:157} INFO - Started process (PID=18066) to work on /home/felipe/.local/lib/python3.11/site-packages/airflow/example_dags/tutorial_dag.py
[2024-01-05T11:20:39.602-0300] {processor.py:829} INFO - Processing file /home/felipe/.local/lib/python3.11/site-packages/airflow/example_dags/tutorial_dag.py for tasks to queue
[2024-01-05T11:20:39.603-0300] {logging_mixin.py:154} INFO - [2024-01-05T11:20:39.602-0300] {dagbag.py:536} INFO - Filling up the DagBag from /home/felipe/.local/lib/python3.11/site-packages/airflow/example_dags/tutorial_dag.py
[2024-01-05T11:20:39.606-0300] {processor.py:839} INFO - DAG(s) dict_keys(['tutorial_dag']) retrieved from /home/felipe/.local/lib/python3.11/site-packages/airflow/example_dags/tutorial_dag.py
[2024-01-05T11:20:39.615-0300] {logging_mixin.py:154} INFO - [2024-01-05T11:20:39.615-0300] {dag.py:2941} INFO - Sync 1 DAGs
[2024-01-05T11:20:39.622-0300] {logging_mixin.py:154} INFO - [2024-01-05T11:20:39.622-0300] {dag.py:3722} INFO - Setting next_dagrun for tutorial_dag to None, run_after=None
[2024-01-05T11:20:39.639-0300] {processor.py:179} INFO - Processing /home/felipe/.local/lib/python3.11/site-packages/airflow/example_dags/tutorial_dag.py took 0.071 seconds
[2024-01-05T11:21:41.036-0300] {processor.py:157} INFO - Started process (PID=18175) to work on /home/felipe/.local/lib/python3.11/site-packages/airflow/example_dags/tutorial_dag.py
[2024-01-05T11:21:41.068-0300] {processor.py:829} INFO - Processing file /home/felipe/.local/lib/python3.11/site-packages/airflow/example_dags/tutorial_dag.py for tasks to queue
[2024-01-05T11:21:41.068-0300] {logging_mixin.py:154} INFO - [2024-01-05T11:21:41.068-0300] {dagbag.py:536} INFO - Filling up the DagBag from /home/felipe/.local/lib/python3.11/site-packages/airflow/example_dags/tutorial_dag.py
[2024-01-05T11:21:41.071-0300] {processor.py:839} INFO - DAG(s) dict_keys(['tutorial_dag']) retrieved from /home/felipe/.local/lib/python3.11/site-packages/airflow/example_dags/tutorial_dag.py
[2024-01-05T11:21:41.080-0300] {logging_mixin.py:154} INFO - [2024-01-05T11:21:41.080-0300] {dag.py:2941} INFO - Sync 1 DAGs
[2024-01-05T11:21:41.086-0300] {logging_mixin.py:154} INFO - [2024-01-05T11:21:41.086-0300] {dag.py:3722} INFO - Setting next_dagrun for tutorial_dag to None, run_after=None
[2024-01-05T11:21:41.103-0300] {processor.py:179} INFO - Processing /home/felipe/.local/lib/python3.11/site-packages/airflow/example_dags/tutorial_dag.py took 0.069 seconds
[2024-01-05T11:22:41.330-0300] {processor.py:157} INFO - Started process (PID=18287) to work on /home/felipe/.local/lib/python3.11/site-packages/airflow/example_dags/tutorial_dag.py
[2024-01-05T11:22:41.362-0300] {processor.py:829} INFO - Processing file /home/felipe/.local/lib/python3.11/site-packages/airflow/example_dags/tutorial_dag.py for tasks to queue
[2024-01-05T11:22:41.363-0300] {logging_mixin.py:154} INFO - [2024-01-05T11:22:41.363-0300] {dagbag.py:536} INFO - Filling up the DagBag from /home/felipe/.local/lib/python3.11/site-packages/airflow/example_dags/tutorial_dag.py
[2024-01-05T11:22:41.366-0300] {processor.py:839} INFO - DAG(s) dict_keys(['tutorial_dag']) retrieved from /home/felipe/.local/lib/python3.11/site-packages/airflow/example_dags/tutorial_dag.py
[2024-01-05T11:22:41.376-0300] {logging_mixin.py:154} INFO - [2024-01-05T11:22:41.376-0300] {dag.py:2941} INFO - Sync 1 DAGs
[2024-01-05T11:22:41.382-0300] {logging_mixin.py:154} INFO - [2024-01-05T11:22:41.382-0300] {dag.py:3722} INFO - Setting next_dagrun for tutorial_dag to None, run_after=None
[2024-01-05T11:22:41.399-0300] {processor.py:179} INFO - Processing /home/felipe/.local/lib/python3.11/site-packages/airflow/example_dags/tutorial_dag.py took 0.071 seconds
[2024-01-05T11:23:50.239-0300] {processor.py:157} INFO - Started process (PID=18407) to work on /home/felipe/.local/lib/python3.11/site-packages/airflow/example_dags/tutorial_dag.py
[2024-01-05T11:23:50.239-0300] {processor.py:829} INFO - Processing file /home/felipe/.local/lib/python3.11/site-packages/airflow/example_dags/tutorial_dag.py for tasks to queue
[2024-01-05T11:23:50.240-0300] {logging_mixin.py:154} INFO - [2024-01-05T11:23:50.240-0300] {dagbag.py:536} INFO - Filling up the DagBag from /home/felipe/.local/lib/python3.11/site-packages/airflow/example_dags/tutorial_dag.py
[2024-01-05T11:23:50.243-0300] {processor.py:839} INFO - DAG(s) dict_keys(['tutorial_dag']) retrieved from /home/felipe/.local/lib/python3.11/site-packages/airflow/example_dags/tutorial_dag.py
[2024-01-05T11:23:50.253-0300] {logging_mixin.py:154} INFO - [2024-01-05T11:23:50.253-0300] {dag.py:2941} INFO - Sync 1 DAGs
[2024-01-05T11:23:50.259-0300] {logging_mixin.py:154} INFO - [2024-01-05T11:23:50.259-0300] {dag.py:3722} INFO - Setting next_dagrun for tutorial_dag to None, run_after=None
[2024-01-05T11:23:50.269-0300] {processor.py:179} INFO - Processing /home/felipe/.local/lib/python3.11/site-packages/airflow/example_dags/tutorial_dag.py took 0.032 seconds
[2024-01-05T11:24:54.927-0300] {processor.py:157} INFO - Started process (PID=18562) to work on /home/felipe/.local/lib/python3.11/site-packages/airflow/example_dags/tutorial_dag.py
[2024-01-05T11:24:54.959-0300] {processor.py:829} INFO - Processing file /home/felipe/.local/lib/python3.11/site-packages/airflow/example_dags/tutorial_dag.py for tasks to queue
[2024-01-05T11:24:54.960-0300] {logging_mixin.py:154} INFO - [2024-01-05T11:24:54.959-0300] {dagbag.py:536} INFO - Filling up the DagBag from /home/felipe/.local/lib/python3.11/site-packages/airflow/example_dags/tutorial_dag.py
[2024-01-05T11:24:54.963-0300] {processor.py:839} INFO - DAG(s) dict_keys(['tutorial_dag']) retrieved from /home/felipe/.local/lib/python3.11/site-packages/airflow/example_dags/tutorial_dag.py
[2024-01-05T11:24:54.973-0300] {logging_mixin.py:154} INFO - [2024-01-05T11:24:54.973-0300] {dag.py:2941} INFO - Sync 1 DAGs
[2024-01-05T11:24:54.978-0300] {logging_mixin.py:154} INFO - [2024-01-05T11:24:54.978-0300] {dag.py:3722} INFO - Setting next_dagrun for tutorial_dag to None, run_after=None
[2024-01-05T11:24:54.995-0300] {processor.py:179} INFO - Processing /home/felipe/.local/lib/python3.11/site-packages/airflow/example_dags/tutorial_dag.py took 0.071 seconds
[2024-01-05T11:26:07.619-0300] {processor.py:157} INFO - Started process (PID=18683) to work on /home/felipe/.local/lib/python3.11/site-packages/airflow/example_dags/tutorial_dag.py
[2024-01-05T11:26:07.651-0300] {processor.py:829} INFO - Processing file /home/felipe/.local/lib/python3.11/site-packages/airflow/example_dags/tutorial_dag.py for tasks to queue
[2024-01-05T11:26:07.652-0300] {logging_mixin.py:154} INFO - [2024-01-05T11:26:07.651-0300] {dagbag.py:536} INFO - Filling up the DagBag from /home/felipe/.local/lib/python3.11/site-packages/airflow/example_dags/tutorial_dag.py
[2024-01-05T11:26:07.655-0300] {processor.py:839} INFO - DAG(s) dict_keys(['tutorial_dag']) retrieved from /home/felipe/.local/lib/python3.11/site-packages/airflow/example_dags/tutorial_dag.py
[2024-01-05T11:26:07.664-0300] {logging_mixin.py:154} INFO - [2024-01-05T11:26:07.664-0300] {dag.py:2941} INFO - Sync 1 DAGs
[2024-01-05T11:26:07.670-0300] {logging_mixin.py:154} INFO - [2024-01-05T11:26:07.670-0300] {dag.py:3722} INFO - Setting next_dagrun for tutorial_dag to None, run_after=None
[2024-01-05T11:26:07.687-0300] {processor.py:179} INFO - Processing /home/felipe/.local/lib/python3.11/site-packages/airflow/example_dags/tutorial_dag.py took 0.070 seconds
[2024-01-05T11:27:16.882-0300] {processor.py:157} INFO - Started process (PID=18806) to work on /home/felipe/.local/lib/python3.11/site-packages/airflow/example_dags/tutorial_dag.py
[2024-01-05T11:27:16.914-0300] {processor.py:829} INFO - Processing file /home/felipe/.local/lib/python3.11/site-packages/airflow/example_dags/tutorial_dag.py for tasks to queue
[2024-01-05T11:27:16.915-0300] {logging_mixin.py:154} INFO - [2024-01-05T11:27:16.915-0300] {dagbag.py:536} INFO - Filling up the DagBag from /home/felipe/.local/lib/python3.11/site-packages/airflow/example_dags/tutorial_dag.py
[2024-01-05T11:27:16.918-0300] {processor.py:839} INFO - DAG(s) dict_keys(['tutorial_dag']) retrieved from /home/felipe/.local/lib/python3.11/site-packages/airflow/example_dags/tutorial_dag.py
[2024-01-05T11:27:16.929-0300] {logging_mixin.py:154} INFO - [2024-01-05T11:27:16.928-0300] {dag.py:2941} INFO - Sync 1 DAGs
[2024-01-05T11:27:16.935-0300] {logging_mixin.py:154} INFO - [2024-01-05T11:27:16.935-0300] {dag.py:3722} INFO - Setting next_dagrun for tutorial_dag to None, run_after=None
[2024-01-05T11:27:16.952-0300] {processor.py:179} INFO - Processing /home/felipe/.local/lib/python3.11/site-packages/airflow/example_dags/tutorial_dag.py took 0.072 seconds
[2024-01-05T11:28:29.915-0300] {processor.py:157} INFO - Started process (PID=18927) to work on /home/felipe/.local/lib/python3.11/site-packages/airflow/example_dags/tutorial_dag.py
[2024-01-05T11:28:29.947-0300] {processor.py:829} INFO - Processing file /home/felipe/.local/lib/python3.11/site-packages/airflow/example_dags/tutorial_dag.py for tasks to queue
[2024-01-05T11:28:29.947-0300] {logging_mixin.py:154} INFO - [2024-01-05T11:28:29.947-0300] {dagbag.py:536} INFO - Filling up the DagBag from /home/felipe/.local/lib/python3.11/site-packages/airflow/example_dags/tutorial_dag.py
[2024-01-05T11:28:29.951-0300] {processor.py:839} INFO - DAG(s) dict_keys(['tutorial_dag']) retrieved from /home/felipe/.local/lib/python3.11/site-packages/airflow/example_dags/tutorial_dag.py
[2024-01-05T11:28:29.960-0300] {logging_mixin.py:154} INFO - [2024-01-05T11:28:29.960-0300] {dag.py:2941} INFO - Sync 1 DAGs
[2024-01-05T11:28:29.966-0300] {logging_mixin.py:154} INFO - [2024-01-05T11:28:29.966-0300] {dag.py:3722} INFO - Setting next_dagrun for tutorial_dag to None, run_after=None
[2024-01-05T11:28:29.983-0300] {processor.py:179} INFO - Processing /home/felipe/.local/lib/python3.11/site-packages/airflow/example_dags/tutorial_dag.py took 0.070 seconds
[2024-01-05T11:29:24.247-0300] {processor.py:157} INFO - Started process (PID=19009) to work on /home/felipe/.local/lib/python3.11/site-packages/airflow/example_dags/tutorial_dag.py
[2024-01-05T11:29:24.260-0300] {processor.py:829} INFO - Processing file /home/felipe/.local/lib/python3.11/site-packages/airflow/example_dags/tutorial_dag.py for tasks to queue
[2024-01-05T11:29:24.260-0300] {logging_mixin.py:154} INFO - [2024-01-05T11:29:24.260-0300] {dagbag.py:536} INFO - Filling up the DagBag from /home/felipe/.local/lib/python3.11/site-packages/airflow/example_dags/tutorial_dag.py
[2024-01-05T11:29:24.264-0300] {processor.py:839} INFO - DAG(s) dict_keys(['tutorial_dag']) retrieved from /home/felipe/.local/lib/python3.11/site-packages/airflow/example_dags/tutorial_dag.py
[2024-01-05T11:29:24.273-0300] {logging_mixin.py:154} INFO - [2024-01-05T11:29:24.272-0300] {dag.py:2941} INFO - Sync 1 DAGs
[2024-01-05T11:29:24.278-0300] {logging_mixin.py:154} INFO - [2024-01-05T11:29:24.278-0300] {dag.py:3722} INFO - Setting next_dagrun for tutorial_dag to None, run_after=None
[2024-01-05T11:29:24.294-0300] {processor.py:179} INFO - Processing /home/felipe/.local/lib/python3.11/site-packages/airflow/example_dags/tutorial_dag.py took 0.049 seconds
[2024-01-05T11:30:31.698-0300] {processor.py:157} INFO - Started process (PID=19131) to work on /home/felipe/.local/lib/python3.11/site-packages/airflow/example_dags/tutorial_dag.py
[2024-01-05T11:30:31.730-0300] {processor.py:829} INFO - Processing file /home/felipe/.local/lib/python3.11/site-packages/airflow/example_dags/tutorial_dag.py for tasks to queue
[2024-01-05T11:30:31.731-0300] {logging_mixin.py:154} INFO - [2024-01-05T11:30:31.731-0300] {dagbag.py:536} INFO - Filling up the DagBag from /home/felipe/.local/lib/python3.11/site-packages/airflow/example_dags/tutorial_dag.py
[2024-01-05T11:30:31.734-0300] {processor.py:839} INFO - DAG(s) dict_keys(['tutorial_dag']) retrieved from /home/felipe/.local/lib/python3.11/site-packages/airflow/example_dags/tutorial_dag.py
[2024-01-05T11:30:31.744-0300] {logging_mixin.py:154} INFO - [2024-01-05T11:30:31.744-0300] {dag.py:2941} INFO - Sync 1 DAGs
[2024-01-05T11:30:31.749-0300] {logging_mixin.py:154} INFO - [2024-01-05T11:30:31.749-0300] {dag.py:3722} INFO - Setting next_dagrun for tutorial_dag to None, run_after=None
[2024-01-05T11:30:31.767-0300] {processor.py:179} INFO - Processing /home/felipe/.local/lib/python3.11/site-packages/airflow/example_dags/tutorial_dag.py took 0.071 seconds
[2024-01-05T11:31:31.357-0300] {processor.py:157} INFO - Started process (PID=19260) to work on /home/felipe/.local/lib/python3.11/site-packages/airflow/example_dags/tutorial_dag.py
[2024-01-05T11:31:31.390-0300] {processor.py:829} INFO - Processing file /home/felipe/.local/lib/python3.11/site-packages/airflow/example_dags/tutorial_dag.py for tasks to queue
[2024-01-05T11:31:31.390-0300] {logging_mixin.py:154} INFO - [2024-01-05T11:31:31.390-0300] {dagbag.py:536} INFO - Filling up the DagBag from /home/felipe/.local/lib/python3.11/site-packages/airflow/example_dags/tutorial_dag.py
[2024-01-05T11:31:31.393-0300] {processor.py:839} INFO - DAG(s) dict_keys(['tutorial_dag']) retrieved from /home/felipe/.local/lib/python3.11/site-packages/airflow/example_dags/tutorial_dag.py
[2024-01-05T11:31:31.402-0300] {logging_mixin.py:154} INFO - [2024-01-05T11:31:31.402-0300] {dag.py:2941} INFO - Sync 1 DAGs
[2024-01-05T11:31:31.408-0300] {logging_mixin.py:154} INFO - [2024-01-05T11:31:31.408-0300] {dag.py:3722} INFO - Setting next_dagrun for tutorial_dag to None, run_after=None
[2024-01-05T11:31:31.425-0300] {processor.py:179} INFO - Processing /home/felipe/.local/lib/python3.11/site-packages/airflow/example_dags/tutorial_dag.py took 0.070 seconds
[2024-01-05T11:32:42.361-0300] {processor.py:157} INFO - Started process (PID=19377) to work on /home/felipe/.local/lib/python3.11/site-packages/airflow/example_dags/tutorial_dag.py
[2024-01-05T11:32:42.393-0300] {processor.py:829} INFO - Processing file /home/felipe/.local/lib/python3.11/site-packages/airflow/example_dags/tutorial_dag.py for tasks to queue
[2024-01-05T11:32:42.393-0300] {logging_mixin.py:154} INFO - [2024-01-05T11:32:42.393-0300] {dagbag.py:536} INFO - Filling up the DagBag from /home/felipe/.local/lib/python3.11/site-packages/airflow/example_dags/tutorial_dag.py
[2024-01-05T11:32:42.397-0300] {processor.py:839} INFO - DAG(s) dict_keys(['tutorial_dag']) retrieved from /home/felipe/.local/lib/python3.11/site-packages/airflow/example_dags/tutorial_dag.py
[2024-01-05T11:32:42.406-0300] {logging_mixin.py:154} INFO - [2024-01-05T11:32:42.406-0300] {dag.py:2941} INFO - Sync 1 DAGs
[2024-01-05T11:32:42.412-0300] {logging_mixin.py:154} INFO - [2024-01-05T11:32:42.412-0300] {dag.py:3722} INFO - Setting next_dagrun for tutorial_dag to None, run_after=None
[2024-01-05T11:32:42.429-0300] {processor.py:179} INFO - Processing /home/felipe/.local/lib/python3.11/site-packages/airflow/example_dags/tutorial_dag.py took 0.071 seconds
[2024-01-05T11:33:55.046-0300] {processor.py:157} INFO - Started process (PID=19511) to work on /home/felipe/.local/lib/python3.11/site-packages/airflow/example_dags/tutorial_dag.py
[2024-01-05T11:33:55.078-0300] {processor.py:829} INFO - Processing file /home/felipe/.local/lib/python3.11/site-packages/airflow/example_dags/tutorial_dag.py for tasks to queue
[2024-01-05T11:33:55.079-0300] {logging_mixin.py:154} INFO - [2024-01-05T11:33:55.079-0300] {dagbag.py:536} INFO - Filling up the DagBag from /home/felipe/.local/lib/python3.11/site-packages/airflow/example_dags/tutorial_dag.py
[2024-01-05T11:33:55.082-0300] {processor.py:839} INFO - DAG(s) dict_keys(['tutorial_dag']) retrieved from /home/felipe/.local/lib/python3.11/site-packages/airflow/example_dags/tutorial_dag.py
[2024-01-05T11:33:55.092-0300] {logging_mixin.py:154} INFO - [2024-01-05T11:33:55.092-0300] {dag.py:2941} INFO - Sync 1 DAGs
[2024-01-05T11:33:55.098-0300] {logging_mixin.py:154} INFO - [2024-01-05T11:33:55.098-0300] {dag.py:3722} INFO - Setting next_dagrun for tutorial_dag to None, run_after=None
[2024-01-05T11:33:55.115-0300] {processor.py:179} INFO - Processing /home/felipe/.local/lib/python3.11/site-packages/airflow/example_dags/tutorial_dag.py took 0.071 seconds
[2024-01-05T11:35:10.767-0300] {processor.py:157} INFO - Started process (PID=19669) to work on /home/felipe/.local/lib/python3.11/site-packages/airflow/example_dags/tutorial_dag.py
[2024-01-05T11:35:10.799-0300] {processor.py:829} INFO - Processing file /home/felipe/.local/lib/python3.11/site-packages/airflow/example_dags/tutorial_dag.py for tasks to queue
[2024-01-05T11:35:10.799-0300] {logging_mixin.py:154} INFO - [2024-01-05T11:35:10.799-0300] {dagbag.py:536} INFO - Filling up the DagBag from /home/felipe/.local/lib/python3.11/site-packages/airflow/example_dags/tutorial_dag.py
[2024-01-05T11:35:10.803-0300] {processor.py:839} INFO - DAG(s) dict_keys(['tutorial_dag']) retrieved from /home/felipe/.local/lib/python3.11/site-packages/airflow/example_dags/tutorial_dag.py
[2024-01-05T11:35:10.813-0300] {logging_mixin.py:154} INFO - [2024-01-05T11:35:10.813-0300] {dag.py:2941} INFO - Sync 1 DAGs
[2024-01-05T11:35:10.819-0300] {logging_mixin.py:154} INFO - [2024-01-05T11:35:10.819-0300] {dag.py:3722} INFO - Setting next_dagrun for tutorial_dag to None, run_after=None
[2024-01-05T11:35:10.839-0300] {processor.py:179} INFO - Processing /home/felipe/.local/lib/python3.11/site-packages/airflow/example_dags/tutorial_dag.py took 0.075 seconds
[2024-01-05T11:36:22.832-0300] {processor.py:157} INFO - Started process (PID=19794) to work on /home/felipe/.local/lib/python3.11/site-packages/airflow/example_dags/tutorial_dag.py
[2024-01-05T11:36:22.832-0300] {processor.py:829} INFO - Processing file /home/felipe/.local/lib/python3.11/site-packages/airflow/example_dags/tutorial_dag.py for tasks to queue
[2024-01-05T11:36:22.833-0300] {logging_mixin.py:154} INFO - [2024-01-05T11:36:22.833-0300] {dagbag.py:536} INFO - Filling up the DagBag from /home/felipe/.local/lib/python3.11/site-packages/airflow/example_dags/tutorial_dag.py
[2024-01-05T11:36:22.836-0300] {processor.py:839} INFO - DAG(s) dict_keys(['tutorial_dag']) retrieved from /home/felipe/.local/lib/python3.11/site-packages/airflow/example_dags/tutorial_dag.py
[2024-01-05T11:36:22.846-0300] {logging_mixin.py:154} INFO - [2024-01-05T11:36:22.846-0300] {dag.py:2941} INFO - Sync 1 DAGs
[2024-01-05T11:36:22.851-0300] {logging_mixin.py:154} INFO - [2024-01-05T11:36:22.851-0300] {dag.py:3722} INFO - Setting next_dagrun for tutorial_dag to None, run_after=None
[2024-01-05T11:36:22.861-0300] {processor.py:179} INFO - Processing /home/felipe/.local/lib/python3.11/site-packages/airflow/example_dags/tutorial_dag.py took 0.032 seconds
[2024-01-05T11:37:15.018-0300] {processor.py:157} INFO - Started process (PID=19898) to work on /home/felipe/.local/lib/python3.11/site-packages/airflow/example_dags/tutorial_dag.py
[2024-01-05T11:37:15.050-0300] {processor.py:829} INFO - Processing file /home/felipe/.local/lib/python3.11/site-packages/airflow/example_dags/tutorial_dag.py for tasks to queue
[2024-01-05T11:37:15.051-0300] {logging_mixin.py:154} INFO - [2024-01-05T11:37:15.051-0300] {dagbag.py:536} INFO - Filling up the DagBag from /home/felipe/.local/lib/python3.11/site-packages/airflow/example_dags/tutorial_dag.py
[2024-01-05T11:37:15.054-0300] {processor.py:839} INFO - DAG(s) dict_keys(['tutorial_dag']) retrieved from /home/felipe/.local/lib/python3.11/site-packages/airflow/example_dags/tutorial_dag.py
[2024-01-05T11:37:15.064-0300] {logging_mixin.py:154} INFO - [2024-01-05T11:37:15.064-0300] {dag.py:2941} INFO - Sync 1 DAGs
[2024-01-05T11:37:15.070-0300] {logging_mixin.py:154} INFO - [2024-01-05T11:37:15.070-0300] {dag.py:3722} INFO - Setting next_dagrun for tutorial_dag to None, run_after=None
[2024-01-05T11:37:15.087-0300] {processor.py:179} INFO - Processing /home/felipe/.local/lib/python3.11/site-packages/airflow/example_dags/tutorial_dag.py took 0.071 seconds
[2024-01-05T11:38:21.955-0300] {processor.py:157} INFO - Started process (PID=20029) to work on /home/felipe/.local/lib/python3.11/site-packages/airflow/example_dags/tutorial_dag.py
[2024-01-05T11:38:21.987-0300] {processor.py:829} INFO - Processing file /home/felipe/.local/lib/python3.11/site-packages/airflow/example_dags/tutorial_dag.py for tasks to queue
[2024-01-05T11:38:21.988-0300] {logging_mixin.py:154} INFO - [2024-01-05T11:38:21.987-0300] {dagbag.py:536} INFO - Filling up the DagBag from /home/felipe/.local/lib/python3.11/site-packages/airflow/example_dags/tutorial_dag.py
[2024-01-05T11:38:21.991-0300] {processor.py:839} INFO - DAG(s) dict_keys(['tutorial_dag']) retrieved from /home/felipe/.local/lib/python3.11/site-packages/airflow/example_dags/tutorial_dag.py
[2024-01-05T11:38:22.001-0300] {logging_mixin.py:154} INFO - [2024-01-05T11:38:22.000-0300] {dag.py:2941} INFO - Sync 1 DAGs
[2024-01-05T11:38:22.007-0300] {logging_mixin.py:154} INFO - [2024-01-05T11:38:22.007-0300] {dag.py:3722} INFO - Setting next_dagrun for tutorial_dag to None, run_after=None
[2024-01-05T11:38:22.024-0300] {processor.py:179} INFO - Processing /home/felipe/.local/lib/python3.11/site-packages/airflow/example_dags/tutorial_dag.py took 0.071 seconds
[2024-01-05T11:39:20.408-0300] {processor.py:157} INFO - Started process (PID=20134) to work on /home/felipe/.local/lib/python3.11/site-packages/airflow/example_dags/tutorial_dag.py
[2024-01-05T11:39:20.440-0300] {processor.py:829} INFO - Processing file /home/felipe/.local/lib/python3.11/site-packages/airflow/example_dags/tutorial_dag.py for tasks to queue
[2024-01-05T11:39:20.440-0300] {logging_mixin.py:154} INFO - [2024-01-05T11:39:20.440-0300] {dagbag.py:536} INFO - Filling up the DagBag from /home/felipe/.local/lib/python3.11/site-packages/airflow/example_dags/tutorial_dag.py
[2024-01-05T11:39:20.444-0300] {processor.py:839} INFO - DAG(s) dict_keys(['tutorial_dag']) retrieved from /home/felipe/.local/lib/python3.11/site-packages/airflow/example_dags/tutorial_dag.py
[2024-01-05T11:39:20.453-0300] {logging_mixin.py:154} INFO - [2024-01-05T11:39:20.453-0300] {dag.py:2941} INFO - Sync 1 DAGs
[2024-01-05T11:39:20.459-0300] {logging_mixin.py:154} INFO - [2024-01-05T11:39:20.459-0300] {dag.py:3722} INFO - Setting next_dagrun for tutorial_dag to None, run_after=None
[2024-01-05T11:39:20.478-0300] {processor.py:179} INFO - Processing /home/felipe/.local/lib/python3.11/site-packages/airflow/example_dags/tutorial_dag.py took 0.072 seconds
[2024-01-05T11:40:23.042-0300] {processor.py:157} INFO - Started process (PID=20252) to work on /home/felipe/.local/lib/python3.11/site-packages/airflow/example_dags/tutorial_dag.py
[2024-01-05T11:40:23.074-0300] {processor.py:829} INFO - Processing file /home/felipe/.local/lib/python3.11/site-packages/airflow/example_dags/tutorial_dag.py for tasks to queue
[2024-01-05T11:40:23.075-0300] {logging_mixin.py:154} INFO - [2024-01-05T11:40:23.075-0300] {dagbag.py:536} INFO - Filling up the DagBag from /home/felipe/.local/lib/python3.11/site-packages/airflow/example_dags/tutorial_dag.py
[2024-01-05T11:40:23.078-0300] {processor.py:839} INFO - DAG(s) dict_keys(['tutorial_dag']) retrieved from /home/felipe/.local/lib/python3.11/site-packages/airflow/example_dags/tutorial_dag.py
[2024-01-05T11:40:23.088-0300] {logging_mixin.py:154} INFO - [2024-01-05T11:40:23.088-0300] {dag.py:2941} INFO - Sync 1 DAGs
[2024-01-05T11:40:23.094-0300] {logging_mixin.py:154} INFO - [2024-01-05T11:40:23.094-0300] {dag.py:3722} INFO - Setting next_dagrun for tutorial_dag to None, run_after=None
[2024-01-05T11:40:23.111-0300] {processor.py:179} INFO - Processing /home/felipe/.local/lib/python3.11/site-packages/airflow/example_dags/tutorial_dag.py took 0.071 seconds
[2024-01-05T11:41:38.042-0300] {processor.py:157} INFO - Started process (PID=20367) to work on /home/felipe/.local/lib/python3.11/site-packages/airflow/example_dags/tutorial_dag.py
[2024-01-05T11:41:38.074-0300] {processor.py:829} INFO - Processing file /home/felipe/.local/lib/python3.11/site-packages/airflow/example_dags/tutorial_dag.py for tasks to queue
[2024-01-05T11:41:38.075-0300] {logging_mixin.py:154} INFO - [2024-01-05T11:41:38.074-0300] {dagbag.py:536} INFO - Filling up the DagBag from /home/felipe/.local/lib/python3.11/site-packages/airflow/example_dags/tutorial_dag.py
[2024-01-05T11:41:38.078-0300] {processor.py:839} INFO - DAG(s) dict_keys(['tutorial_dag']) retrieved from /home/felipe/.local/lib/python3.11/site-packages/airflow/example_dags/tutorial_dag.py
[2024-01-05T11:41:38.088-0300] {logging_mixin.py:154} INFO - [2024-01-05T11:41:38.088-0300] {dag.py:2941} INFO - Sync 1 DAGs
[2024-01-05T11:41:38.094-0300] {logging_mixin.py:154} INFO - [2024-01-05T11:41:38.093-0300] {dag.py:3722} INFO - Setting next_dagrun for tutorial_dag to None, run_after=None
[2024-01-05T11:41:38.111-0300] {processor.py:179} INFO - Processing /home/felipe/.local/lib/python3.11/site-packages/airflow/example_dags/tutorial_dag.py took 0.071 seconds
[2024-01-05T11:42:43.322-0300] {processor.py:157} INFO - Started process (PID=20485) to work on /home/felipe/.local/lib/python3.11/site-packages/airflow/example_dags/tutorial_dag.py
[2024-01-05T11:42:43.355-0300] {processor.py:829} INFO - Processing file /home/felipe/.local/lib/python3.11/site-packages/airflow/example_dags/tutorial_dag.py for tasks to queue
[2024-01-05T11:42:43.355-0300] {logging_mixin.py:154} INFO - [2024-01-05T11:42:43.355-0300] {dagbag.py:536} INFO - Filling up the DagBag from /home/felipe/.local/lib/python3.11/site-packages/airflow/example_dags/tutorial_dag.py
[2024-01-05T11:42:43.359-0300] {processor.py:839} INFO - DAG(s) dict_keys(['tutorial_dag']) retrieved from /home/felipe/.local/lib/python3.11/site-packages/airflow/example_dags/tutorial_dag.py
[2024-01-05T11:42:43.368-0300] {logging_mixin.py:154} INFO - [2024-01-05T11:42:43.368-0300] {dag.py:2941} INFO - Sync 1 DAGs
[2024-01-05T11:42:43.374-0300] {logging_mixin.py:154} INFO - [2024-01-05T11:42:43.374-0300] {dag.py:3722} INFO - Setting next_dagrun for tutorial_dag to None, run_after=None
[2024-01-05T11:42:43.391-0300] {processor.py:179} INFO - Processing /home/felipe/.local/lib/python3.11/site-packages/airflow/example_dags/tutorial_dag.py took 0.071 seconds
[2024-01-05T11:43:42.950-0300] {processor.py:157} INFO - Started process (PID=20596) to work on /home/felipe/.local/lib/python3.11/site-packages/airflow/example_dags/tutorial_dag.py
[2024-01-05T11:43:42.982-0300] {processor.py:829} INFO - Processing file /home/felipe/.local/lib/python3.11/site-packages/airflow/example_dags/tutorial_dag.py for tasks to queue
[2024-01-05T11:43:42.983-0300] {logging_mixin.py:154} INFO - [2024-01-05T11:43:42.983-0300] {dagbag.py:536} INFO - Filling up the DagBag from /home/felipe/.local/lib/python3.11/site-packages/airflow/example_dags/tutorial_dag.py
[2024-01-05T11:43:42.986-0300] {processor.py:839} INFO - DAG(s) dict_keys(['tutorial_dag']) retrieved from /home/felipe/.local/lib/python3.11/site-packages/airflow/example_dags/tutorial_dag.py
[2024-01-05T11:43:42.996-0300] {logging_mixin.py:154} INFO - [2024-01-05T11:43:42.996-0300] {dag.py:2941} INFO - Sync 1 DAGs
[2024-01-05T11:43:43.003-0300] {logging_mixin.py:154} INFO - [2024-01-05T11:43:43.002-0300] {dag.py:3722} INFO - Setting next_dagrun for tutorial_dag to None, run_after=None
[2024-01-05T11:43:43.020-0300] {processor.py:179} INFO - Processing /home/felipe/.local/lib/python3.11/site-packages/airflow/example_dags/tutorial_dag.py took 0.072 seconds
[2024-01-05T11:44:54.127-0300] {processor.py:157} INFO - Started process (PID=20714) to work on /home/felipe/.local/lib/python3.11/site-packages/airflow/example_dags/tutorial_dag.py
[2024-01-05T11:44:54.159-0300] {processor.py:829} INFO - Processing file /home/felipe/.local/lib/python3.11/site-packages/airflow/example_dags/tutorial_dag.py for tasks to queue
[2024-01-05T11:44:54.160-0300] {logging_mixin.py:154} INFO - [2024-01-05T11:44:54.159-0300] {dagbag.py:536} INFO - Filling up the DagBag from /home/felipe/.local/lib/python3.11/site-packages/airflow/example_dags/tutorial_dag.py
[2024-01-05T11:44:54.163-0300] {processor.py:839} INFO - DAG(s) dict_keys(['tutorial_dag']) retrieved from /home/felipe/.local/lib/python3.11/site-packages/airflow/example_dags/tutorial_dag.py
[2024-01-05T11:44:54.173-0300] {logging_mixin.py:154} INFO - [2024-01-05T11:44:54.172-0300] {dag.py:2941} INFO - Sync 1 DAGs
[2024-01-05T11:44:54.178-0300] {logging_mixin.py:154} INFO - [2024-01-05T11:44:54.178-0300] {dag.py:3722} INFO - Setting next_dagrun for tutorial_dag to None, run_after=None
[2024-01-05T11:44:54.195-0300] {processor.py:179} INFO - Processing /home/felipe/.local/lib/python3.11/site-packages/airflow/example_dags/tutorial_dag.py took 0.070 seconds
[2024-01-05T11:45:59.592-0300] {processor.py:157} INFO - Started process (PID=20828) to work on /home/felipe/.local/lib/python3.11/site-packages/airflow/example_dags/tutorial_dag.py
[2024-01-05T11:45:59.624-0300] {processor.py:829} INFO - Processing file /home/felipe/.local/lib/python3.11/site-packages/airflow/example_dags/tutorial_dag.py for tasks to queue
[2024-01-05T11:45:59.625-0300] {logging_mixin.py:154} INFO - [2024-01-05T11:45:59.625-0300] {dagbag.py:536} INFO - Filling up the DagBag from /home/felipe/.local/lib/python3.11/site-packages/airflow/example_dags/tutorial_dag.py
[2024-01-05T11:45:59.628-0300] {processor.py:839} INFO - DAG(s) dict_keys(['tutorial_dag']) retrieved from /home/felipe/.local/lib/python3.11/site-packages/airflow/example_dags/tutorial_dag.py
[2024-01-05T11:45:59.637-0300] {logging_mixin.py:154} INFO - [2024-01-05T11:45:59.637-0300] {dag.py:2941} INFO - Sync 1 DAGs
[2024-01-05T11:45:59.643-0300] {logging_mixin.py:154} INFO - [2024-01-05T11:45:59.643-0300] {dag.py:3722} INFO - Setting next_dagrun for tutorial_dag to None, run_after=None
[2024-01-05T11:45:59.660-0300] {processor.py:179} INFO - Processing /home/felipe/.local/lib/python3.11/site-packages/airflow/example_dags/tutorial_dag.py took 0.070 seconds
[2024-01-05T11:46:52.307-0300] {processor.py:157} INFO - Started process (PID=20910) to work on /home/felipe/.local/lib/python3.11/site-packages/airflow/example_dags/tutorial_dag.py
[2024-01-05T11:46:52.310-0300] {processor.py:829} INFO - Processing file /home/felipe/.local/lib/python3.11/site-packages/airflow/example_dags/tutorial_dag.py for tasks to queue
[2024-01-05T11:46:52.310-0300] {logging_mixin.py:154} INFO - [2024-01-05T11:46:52.310-0300] {dagbag.py:536} INFO - Filling up the DagBag from /home/felipe/.local/lib/python3.11/site-packages/airflow/example_dags/tutorial_dag.py
[2024-01-05T11:46:52.314-0300] {processor.py:839} INFO - DAG(s) dict_keys(['tutorial_dag']) retrieved from /home/felipe/.local/lib/python3.11/site-packages/airflow/example_dags/tutorial_dag.py
[2024-01-05T11:46:52.324-0300] {logging_mixin.py:154} INFO - [2024-01-05T11:46:52.324-0300] {dag.py:2941} INFO - Sync 1 DAGs
[2024-01-05T11:46:52.330-0300] {logging_mixin.py:154} INFO - [2024-01-05T11:46:52.330-0300] {dag.py:3722} INFO - Setting next_dagrun for tutorial_dag to None, run_after=None
[2024-01-05T11:46:52.341-0300] {processor.py:179} INFO - Processing /home/felipe/.local/lib/python3.11/site-packages/airflow/example_dags/tutorial_dag.py took 0.036 seconds
[2024-01-05T11:48:08.385-0300] {processor.py:157} INFO - Started process (PID=21030) to work on /home/felipe/.local/lib/python3.11/site-packages/airflow/example_dags/tutorial_dag.py
[2024-01-05T11:48:08.418-0300] {processor.py:829} INFO - Processing file /home/felipe/.local/lib/python3.11/site-packages/airflow/example_dags/tutorial_dag.py for tasks to queue
[2024-01-05T11:48:08.418-0300] {logging_mixin.py:154} INFO - [2024-01-05T11:48:08.418-0300] {dagbag.py:536} INFO - Filling up the DagBag from /home/felipe/.local/lib/python3.11/site-packages/airflow/example_dags/tutorial_dag.py
[2024-01-05T11:48:08.422-0300] {processor.py:839} INFO - DAG(s) dict_keys(['tutorial_dag']) retrieved from /home/felipe/.local/lib/python3.11/site-packages/airflow/example_dags/tutorial_dag.py
[2024-01-05T11:48:08.432-0300] {logging_mixin.py:154} INFO - [2024-01-05T11:48:08.432-0300] {dag.py:2941} INFO - Sync 1 DAGs
[2024-01-05T11:48:08.438-0300] {logging_mixin.py:154} INFO - [2024-01-05T11:48:08.438-0300] {dag.py:3722} INFO - Setting next_dagrun for tutorial_dag to None, run_after=None
[2024-01-05T11:48:08.455-0300] {processor.py:179} INFO - Processing /home/felipe/.local/lib/python3.11/site-packages/airflow/example_dags/tutorial_dag.py took 0.072 seconds
[2024-01-05T11:49:06.533-0300] {processor.py:157} INFO - Started process (PID=21137) to work on /home/felipe/.local/lib/python3.11/site-packages/airflow/example_dags/tutorial_dag.py
[2024-01-05T11:49:06.534-0300] {processor.py:829} INFO - Processing file /home/felipe/.local/lib/python3.11/site-packages/airflow/example_dags/tutorial_dag.py for tasks to queue
[2024-01-05T11:49:06.534-0300] {logging_mixin.py:154} INFO - [2024-01-05T11:49:06.534-0300] {dagbag.py:536} INFO - Filling up the DagBag from /home/felipe/.local/lib/python3.11/site-packages/airflow/example_dags/tutorial_dag.py
[2024-01-05T11:49:06.537-0300] {processor.py:839} INFO - DAG(s) dict_keys(['tutorial_dag']) retrieved from /home/felipe/.local/lib/python3.11/site-packages/airflow/example_dags/tutorial_dag.py
[2024-01-05T11:49:06.547-0300] {logging_mixin.py:154} INFO - [2024-01-05T11:49:06.547-0300] {dag.py:2941} INFO - Sync 1 DAGs
[2024-01-05T11:49:06.553-0300] {logging_mixin.py:154} INFO - [2024-01-05T11:49:06.553-0300] {dag.py:3722} INFO - Setting next_dagrun for tutorial_dag to None, run_after=None
[2024-01-05T11:49:06.572-0300] {processor.py:179} INFO - Processing /home/felipe/.local/lib/python3.11/site-packages/airflow/example_dags/tutorial_dag.py took 0.041 seconds
[2024-01-05T11:50:10.603-0300] {processor.py:157} INFO - Started process (PID=21236) to work on /home/felipe/.local/lib/python3.11/site-packages/airflow/example_dags/tutorial_dag.py
[2024-01-05T11:50:10.636-0300] {processor.py:829} INFO - Processing file /home/felipe/.local/lib/python3.11/site-packages/airflow/example_dags/tutorial_dag.py for tasks to queue
[2024-01-05T11:50:10.636-0300] {logging_mixin.py:154} INFO - [2024-01-05T11:50:10.636-0300] {dagbag.py:536} INFO - Filling up the DagBag from /home/felipe/.local/lib/python3.11/site-packages/airflow/example_dags/tutorial_dag.py
[2024-01-05T11:50:10.639-0300] {processor.py:839} INFO - DAG(s) dict_keys(['tutorial_dag']) retrieved from /home/felipe/.local/lib/python3.11/site-packages/airflow/example_dags/tutorial_dag.py
[2024-01-05T11:50:10.649-0300] {logging_mixin.py:154} INFO - [2024-01-05T11:50:10.649-0300] {dag.py:2941} INFO - Sync 1 DAGs
[2024-01-05T11:50:10.655-0300] {logging_mixin.py:154} INFO - [2024-01-05T11:50:10.655-0300] {dag.py:3722} INFO - Setting next_dagrun for tutorial_dag to None, run_after=None
[2024-01-05T11:50:10.673-0300] {processor.py:179} INFO - Processing /home/felipe/.local/lib/python3.11/site-packages/airflow/example_dags/tutorial_dag.py took 0.071 seconds
[2024-01-05T11:51:00.957-0300] {processor.py:157} INFO - Started process (PID=21318) to work on /home/felipe/.local/lib/python3.11/site-packages/airflow/example_dags/tutorial_dag.py
[2024-01-05T11:51:00.957-0300] {processor.py:829} INFO - Processing file /home/felipe/.local/lib/python3.11/site-packages/airflow/example_dags/tutorial_dag.py for tasks to queue
[2024-01-05T11:51:00.958-0300] {logging_mixin.py:154} INFO - [2024-01-05T11:51:00.957-0300] {dagbag.py:536} INFO - Filling up the DagBag from /home/felipe/.local/lib/python3.11/site-packages/airflow/example_dags/tutorial_dag.py
[2024-01-05T11:51:00.961-0300] {processor.py:839} INFO - DAG(s) dict_keys(['tutorial_dag']) retrieved from /home/felipe/.local/lib/python3.11/site-packages/airflow/example_dags/tutorial_dag.py
[2024-01-05T11:51:00.969-0300] {logging_mixin.py:154} INFO - [2024-01-05T11:51:00.969-0300] {dag.py:2941} INFO - Sync 1 DAGs
[2024-01-05T11:51:00.975-0300] {logging_mixin.py:154} INFO - [2024-01-05T11:51:00.975-0300] {dag.py:3722} INFO - Setting next_dagrun for tutorial_dag to None, run_after=None
[2024-01-05T11:51:00.985-0300] {processor.py:179} INFO - Processing /home/felipe/.local/lib/python3.11/site-packages/airflow/example_dags/tutorial_dag.py took 0.030 seconds
[2024-01-05T11:52:08.990-0300] {processor.py:157} INFO - Started process (PID=21521) to work on /home/felipe/.local/lib/python3.11/site-packages/airflow/example_dags/tutorial_dag.py
[2024-01-05T11:52:09.022-0300] {processor.py:829} INFO - Processing file /home/felipe/.local/lib/python3.11/site-packages/airflow/example_dags/tutorial_dag.py for tasks to queue
[2024-01-05T11:52:09.023-0300] {logging_mixin.py:154} INFO - [2024-01-05T11:52:09.023-0300] {dagbag.py:536} INFO - Filling up the DagBag from /home/felipe/.local/lib/python3.11/site-packages/airflow/example_dags/tutorial_dag.py
[2024-01-05T11:52:09.026-0300] {processor.py:839} INFO - DAG(s) dict_keys(['tutorial_dag']) retrieved from /home/felipe/.local/lib/python3.11/site-packages/airflow/example_dags/tutorial_dag.py
[2024-01-05T11:52:09.035-0300] {logging_mixin.py:154} INFO - [2024-01-05T11:52:09.035-0300] {dag.py:2941} INFO - Sync 1 DAGs
[2024-01-05T11:52:09.040-0300] {logging_mixin.py:154} INFO - [2024-01-05T11:52:09.040-0300] {dag.py:3722} INFO - Setting next_dagrun for tutorial_dag to None, run_after=None
[2024-01-05T11:52:09.058-0300] {processor.py:179} INFO - Processing /home/felipe/.local/lib/python3.11/site-packages/airflow/example_dags/tutorial_dag.py took 0.069 seconds
