[2023-12-27T11:27:05.777-0300] {processor.py:157} INFO - Started process (PID=13465) to work on /home/felipe/.local/lib/python3.11/site-packages/airflow/example_dags/plugins/event_listener.py
[2023-12-27T11:27:05.777-0300] {processor.py:829} INFO - Processing file /home/felipe/.local/lib/python3.11/site-packages/airflow/example_dags/plugins/event_listener.py for tasks to queue
[2023-12-27T11:27:05.778-0300] {logging_mixin.py:154} INFO - [2023-12-27T11:27:05.778-0300] {dagbag.py:536} INFO - Filling up the DagBag from /home/felipe/.local/lib/python3.11/site-packages/airflow/example_dags/plugins/event_listener.py
[2023-12-27T11:27:05.779-0300] {processor.py:841} WARNING - No viable dags retrieved from /home/felipe/.local/lib/python3.11/site-packages/airflow/example_dags/plugins/event_listener.py
[2023-12-27T11:27:05.785-0300] {processor.py:179} INFO - Processing /home/felipe/.local/lib/python3.11/site-packages/airflow/example_dags/plugins/event_listener.py took 0.010 seconds
[2023-12-27T11:27:49.920-0300] {processor.py:157} INFO - Started process (PID=13559) to work on /home/felipe/.local/lib/python3.11/site-packages/airflow/example_dags/plugins/event_listener.py
[2023-12-27T11:27:49.952-0300] {processor.py:829} INFO - Processing file /home/felipe/.local/lib/python3.11/site-packages/airflow/example_dags/plugins/event_listener.py for tasks to queue
[2023-12-27T11:27:49.952-0300] {logging_mixin.py:154} INFO - [2023-12-27T11:27:49.952-0300] {dagbag.py:536} INFO - Filling up the DagBag from /home/felipe/.local/lib/python3.11/site-packages/airflow/example_dags/plugins/event_listener.py
[2023-12-27T11:27:49.954-0300] {processor.py:841} WARNING - No viable dags retrieved from /home/felipe/.local/lib/python3.11/site-packages/airflow/example_dags/plugins/event_listener.py
[2023-12-27T11:27:49.960-0300] {processor.py:179} INFO - Processing /home/felipe/.local/lib/python3.11/site-packages/airflow/example_dags/plugins/event_listener.py took 0.042 seconds
[2023-12-27T11:28:36.548-0300] {processor.py:157} INFO - Started process (PID=13633) to work on /home/felipe/.local/lib/python3.11/site-packages/airflow/example_dags/plugins/event_listener.py
[2023-12-27T11:28:36.580-0300] {processor.py:829} INFO - Processing file /home/felipe/.local/lib/python3.11/site-packages/airflow/example_dags/plugins/event_listener.py for tasks to queue
[2023-12-27T11:28:36.581-0300] {logging_mixin.py:154} INFO - [2023-12-27T11:28:36.580-0300] {dagbag.py:536} INFO - Filling up the DagBag from /home/felipe/.local/lib/python3.11/site-packages/airflow/example_dags/plugins/event_listener.py
[2023-12-27T11:28:36.582-0300] {processor.py:841} WARNING - No viable dags retrieved from /home/felipe/.local/lib/python3.11/site-packages/airflow/example_dags/plugins/event_listener.py
[2023-12-27T11:28:36.589-0300] {processor.py:179} INFO - Processing /home/felipe/.local/lib/python3.11/site-packages/airflow/example_dags/plugins/event_listener.py took 0.042 seconds
[2023-12-27T11:29:24.219-0300] {processor.py:157} INFO - Started process (PID=13693) to work on /home/felipe/.local/lib/python3.11/site-packages/airflow/example_dags/plugins/event_listener.py
[2023-12-27T11:29:24.251-0300] {processor.py:829} INFO - Processing file /home/felipe/.local/lib/python3.11/site-packages/airflow/example_dags/plugins/event_listener.py for tasks to queue
[2023-12-27T11:29:24.252-0300] {logging_mixin.py:154} INFO - [2023-12-27T11:29:24.251-0300] {dagbag.py:536} INFO - Filling up the DagBag from /home/felipe/.local/lib/python3.11/site-packages/airflow/example_dags/plugins/event_listener.py
[2023-12-27T11:29:24.253-0300] {processor.py:841} WARNING - No viable dags retrieved from /home/felipe/.local/lib/python3.11/site-packages/airflow/example_dags/plugins/event_listener.py
[2023-12-27T11:29:24.259-0300] {processor.py:179} INFO - Processing /home/felipe/.local/lib/python3.11/site-packages/airflow/example_dags/plugins/event_listener.py took 0.042 seconds
[2023-12-27T11:30:12.272-0300] {processor.py:157} INFO - Started process (PID=13756) to work on /home/felipe/.local/lib/python3.11/site-packages/airflow/example_dags/plugins/event_listener.py
[2023-12-27T11:30:12.304-0300] {processor.py:829} INFO - Processing file /home/felipe/.local/lib/python3.11/site-packages/airflow/example_dags/plugins/event_listener.py for tasks to queue
[2023-12-27T11:30:12.304-0300] {logging_mixin.py:154} INFO - [2023-12-27T11:30:12.304-0300] {dagbag.py:536} INFO - Filling up the DagBag from /home/felipe/.local/lib/python3.11/site-packages/airflow/example_dags/plugins/event_listener.py
[2023-12-27T11:30:12.306-0300] {processor.py:841} WARNING - No viable dags retrieved from /home/felipe/.local/lib/python3.11/site-packages/airflow/example_dags/plugins/event_listener.py
[2023-12-27T11:30:12.312-0300] {processor.py:179} INFO - Processing /home/felipe/.local/lib/python3.11/site-packages/airflow/example_dags/plugins/event_listener.py took 0.041 seconds
[2023-12-27T11:30:55.834-0300] {processor.py:157} INFO - Started process (PID=13818) to work on /home/felipe/.local/lib/python3.11/site-packages/airflow/example_dags/plugins/event_listener.py
[2023-12-27T11:30:55.834-0300] {processor.py:829} INFO - Processing file /home/felipe/.local/lib/python3.11/site-packages/airflow/example_dags/plugins/event_listener.py for tasks to queue
[2023-12-27T11:30:55.835-0300] {logging_mixin.py:154} INFO - [2023-12-27T11:30:55.834-0300] {dagbag.py:536} INFO - Filling up the DagBag from /home/felipe/.local/lib/python3.11/site-packages/airflow/example_dags/plugins/event_listener.py
[2023-12-27T11:30:55.836-0300] {processor.py:841} WARNING - No viable dags retrieved from /home/felipe/.local/lib/python3.11/site-packages/airflow/example_dags/plugins/event_listener.py
[2023-12-27T11:30:55.842-0300] {processor.py:179} INFO - Processing /home/felipe/.local/lib/python3.11/site-packages/airflow/example_dags/plugins/event_listener.py took 0.010 seconds
[2023-12-27T11:31:38.148-0300] {processor.py:157} INFO - Started process (PID=13877) to work on /home/felipe/.local/lib/python3.11/site-packages/airflow/example_dags/plugins/event_listener.py
[2023-12-27T11:31:38.180-0300] {processor.py:829} INFO - Processing file /home/felipe/.local/lib/python3.11/site-packages/airflow/example_dags/plugins/event_listener.py for tasks to queue
[2023-12-27T11:31:38.180-0300] {logging_mixin.py:154} INFO - [2023-12-27T11:31:38.180-0300] {dagbag.py:536} INFO - Filling up the DagBag from /home/felipe/.local/lib/python3.11/site-packages/airflow/example_dags/plugins/event_listener.py
[2023-12-27T11:31:38.182-0300] {processor.py:841} WARNING - No viable dags retrieved from /home/felipe/.local/lib/python3.11/site-packages/airflow/example_dags/plugins/event_listener.py
[2023-12-27T11:31:38.188-0300] {processor.py:179} INFO - Processing /home/felipe/.local/lib/python3.11/site-packages/airflow/example_dags/plugins/event_listener.py took 0.042 seconds
[2023-12-27T14:19:08.780-0300] {processor.py:157} INFO - Started process (PID=10753) to work on /home/felipe/.local/lib/python3.11/site-packages/airflow/example_dags/plugins/event_listener.py
[2023-12-27T14:19:08.813-0300] {processor.py:829} INFO - Processing file /home/felipe/.local/lib/python3.11/site-packages/airflow/example_dags/plugins/event_listener.py for tasks to queue
[2023-12-27T14:19:08.813-0300] {logging_mixin.py:154} INFO - [2023-12-27T14:19:08.813-0300] {dagbag.py:536} INFO - Filling up the DagBag from /home/felipe/.local/lib/python3.11/site-packages/airflow/example_dags/plugins/event_listener.py
[2023-12-27T14:19:08.815-0300] {processor.py:841} WARNING - No viable dags retrieved from /home/felipe/.local/lib/python3.11/site-packages/airflow/example_dags/plugins/event_listener.py
[2023-12-27T14:19:08.821-0300] {processor.py:179} INFO - Processing /home/felipe/.local/lib/python3.11/site-packages/airflow/example_dags/plugins/event_listener.py took 0.042 seconds
[2023-12-27T14:19:59.052-0300] {processor.py:157} INFO - Started process (PID=10943) to work on /home/felipe/.local/lib/python3.11/site-packages/airflow/example_dags/plugins/event_listener.py
[2023-12-27T14:19:59.052-0300] {processor.py:829} INFO - Processing file /home/felipe/.local/lib/python3.11/site-packages/airflow/example_dags/plugins/event_listener.py for tasks to queue
[2023-12-27T14:19:59.053-0300] {logging_mixin.py:154} INFO - [2023-12-27T14:19:59.052-0300] {dagbag.py:536} INFO - Filling up the DagBag from /home/felipe/.local/lib/python3.11/site-packages/airflow/example_dags/plugins/event_listener.py
[2023-12-27T14:19:59.054-0300] {processor.py:841} WARNING - No viable dags retrieved from /home/felipe/.local/lib/python3.11/site-packages/airflow/example_dags/plugins/event_listener.py
[2023-12-27T14:19:59.060-0300] {processor.py:179} INFO - Processing /home/felipe/.local/lib/python3.11/site-packages/airflow/example_dags/plugins/event_listener.py took 0.011 seconds
[2023-12-27T14:20:56.894-0300] {processor.py:157} INFO - Started process (PID=11137) to work on /home/felipe/.local/lib/python3.11/site-packages/airflow/example_dags/plugins/event_listener.py
[2023-12-27T14:20:56.895-0300] {processor.py:829} INFO - Processing file /home/felipe/.local/lib/python3.11/site-packages/airflow/example_dags/plugins/event_listener.py for tasks to queue
[2023-12-27T14:20:56.895-0300] {logging_mixin.py:154} INFO - [2023-12-27T14:20:56.895-0300] {dagbag.py:536} INFO - Filling up the DagBag from /home/felipe/.local/lib/python3.11/site-packages/airflow/example_dags/plugins/event_listener.py
[2023-12-27T14:20:56.898-0300] {processor.py:841} WARNING - No viable dags retrieved from /home/felipe/.local/lib/python3.11/site-packages/airflow/example_dags/plugins/event_listener.py
[2023-12-27T14:20:56.905-0300] {processor.py:179} INFO - Processing /home/felipe/.local/lib/python3.11/site-packages/airflow/example_dags/plugins/event_listener.py took 0.012 seconds
[2023-12-27T14:22:02.104-0300] {processor.py:157} INFO - Started process (PID=11473) to work on /home/felipe/.local/lib/python3.11/site-packages/airflow/example_dags/plugins/event_listener.py
[2023-12-27T14:22:02.105-0300] {processor.py:829} INFO - Processing file /home/felipe/.local/lib/python3.11/site-packages/airflow/example_dags/plugins/event_listener.py for tasks to queue
[2023-12-27T14:22:02.105-0300] {logging_mixin.py:154} INFO - [2023-12-27T14:22:02.105-0300] {dagbag.py:536} INFO - Filling up the DagBag from /home/felipe/.local/lib/python3.11/site-packages/airflow/example_dags/plugins/event_listener.py
[2023-12-27T14:22:02.109-0300] {processor.py:841} WARNING - No viable dags retrieved from /home/felipe/.local/lib/python3.11/site-packages/airflow/example_dags/plugins/event_listener.py
[2023-12-27T14:22:02.115-0300] {processor.py:179} INFO - Processing /home/felipe/.local/lib/python3.11/site-packages/airflow/example_dags/plugins/event_listener.py took 0.012 seconds
[2023-12-27T14:22:58.146-0300] {processor.py:157} INFO - Started process (PID=12484) to work on /home/felipe/.local/lib/python3.11/site-packages/airflow/example_dags/plugins/event_listener.py
[2023-12-27T14:22:58.182-0300] {processor.py:829} INFO - Processing file /home/felipe/.local/lib/python3.11/site-packages/airflow/example_dags/plugins/event_listener.py for tasks to queue
[2023-12-27T14:22:58.182-0300] {logging_mixin.py:154} INFO - [2023-12-27T14:22:58.182-0300] {dagbag.py:536} INFO - Filling up the DagBag from /home/felipe/.local/lib/python3.11/site-packages/airflow/example_dags/plugins/event_listener.py
[2023-12-27T14:22:58.184-0300] {processor.py:841} WARNING - No viable dags retrieved from /home/felipe/.local/lib/python3.11/site-packages/airflow/example_dags/plugins/event_listener.py
[2023-12-27T14:22:58.190-0300] {processor.py:179} INFO - Processing /home/felipe/.local/lib/python3.11/site-packages/airflow/example_dags/plugins/event_listener.py took 0.046 seconds
[2023-12-27T14:24:22.037-0300] {processor.py:157} INFO - Started process (PID=12758) to work on /home/felipe/.local/lib/python3.11/site-packages/airflow/example_dags/plugins/event_listener.py
[2023-12-27T14:24:22.037-0300] {processor.py:829} INFO - Processing file /home/felipe/.local/lib/python3.11/site-packages/airflow/example_dags/plugins/event_listener.py for tasks to queue
[2023-12-27T14:24:22.038-0300] {logging_mixin.py:154} INFO - [2023-12-27T14:24:22.038-0300] {dagbag.py:536} INFO - Filling up the DagBag from /home/felipe/.local/lib/python3.11/site-packages/airflow/example_dags/plugins/event_listener.py
[2023-12-27T14:24:22.041-0300] {processor.py:841} WARNING - No viable dags retrieved from /home/felipe/.local/lib/python3.11/site-packages/airflow/example_dags/plugins/event_listener.py
[2023-12-27T14:24:22.047-0300] {processor.py:179} INFO - Processing /home/felipe/.local/lib/python3.11/site-packages/airflow/example_dags/plugins/event_listener.py took 0.012 seconds
[2023-12-27T14:25:32.972-0300] {processor.py:157} INFO - Started process (PID=12856) to work on /home/felipe/.local/lib/python3.11/site-packages/airflow/example_dags/plugins/event_listener.py
[2023-12-27T14:25:33.004-0300] {processor.py:829} INFO - Processing file /home/felipe/.local/lib/python3.11/site-packages/airflow/example_dags/plugins/event_listener.py for tasks to queue
[2023-12-27T14:25:33.005-0300] {logging_mixin.py:154} INFO - [2023-12-27T14:25:33.004-0300] {dagbag.py:536} INFO - Filling up the DagBag from /home/felipe/.local/lib/python3.11/site-packages/airflow/example_dags/plugins/event_listener.py
[2023-12-27T14:25:33.006-0300] {processor.py:841} WARNING - No viable dags retrieved from /home/felipe/.local/lib/python3.11/site-packages/airflow/example_dags/plugins/event_listener.py
[2023-12-27T14:25:33.012-0300] {processor.py:179} INFO - Processing /home/felipe/.local/lib/python3.11/site-packages/airflow/example_dags/plugins/event_listener.py took 0.041 seconds
