[2023-12-27T11:26:28.144-0300] {processor.py:157} INFO - Started process (PID=13357) to work on /home/felipe/.local/lib/python3.11/site-packages/airflow/example_dags/plugins/workday.py
[2023-12-27T11:26:28.144-0300] {processor.py:829} INFO - Processing file /home/felipe/.local/lib/python3.11/site-packages/airflow/example_dags/plugins/workday.py for tasks to queue
[2023-12-27T11:26:28.145-0300] {logging_mixin.py:154} INFO - [2023-12-27T11:26:28.144-0300] {dagbag.py:536} INFO - Filling up the DagBag from /home/felipe/.local/lib/python3.11/site-packages/airflow/example_dags/plugins/workday.py
[2023-12-27T11:26:28.913-0300] {processor.py:841} WARNING - No viable dags retrieved from /home/felipe/.local/lib/python3.11/site-packages/airflow/example_dags/plugins/workday.py
[2023-12-27T11:26:28.929-0300] {processor.py:179} INFO - Processing /home/felipe/.local/lib/python3.11/site-packages/airflow/example_dags/plugins/workday.py took 0.787 seconds
[2023-12-27T11:27:16.211-0300] {processor.py:157} INFO - Started process (PID=13493) to work on /home/felipe/.local/lib/python3.11/site-packages/airflow/example_dags/plugins/workday.py
[2023-12-27T11:27:16.243-0300] {processor.py:829} INFO - Processing file /home/felipe/.local/lib/python3.11/site-packages/airflow/example_dags/plugins/workday.py for tasks to queue
[2023-12-27T11:27:16.244-0300] {logging_mixin.py:154} INFO - [2023-12-27T11:27:16.243-0300] {dagbag.py:536} INFO - Filling up the DagBag from /home/felipe/.local/lib/python3.11/site-packages/airflow/example_dags/plugins/workday.py
[2023-12-27T11:27:16.411-0300] {processor.py:841} WARNING - No viable dags retrieved from /home/felipe/.local/lib/python3.11/site-packages/airflow/example_dags/plugins/workday.py
[2023-12-27T11:27:16.416-0300] {processor.py:179} INFO - Processing /home/felipe/.local/lib/python3.11/site-packages/airflow/example_dags/plugins/workday.py took 0.207 seconds
[2023-12-27T11:27:59.460-0300] {processor.py:157} INFO - Started process (PID=13569) to work on /home/felipe/.local/lib/python3.11/site-packages/airflow/example_dags/plugins/workday.py
[2023-12-27T11:27:59.491-0300] {processor.py:829} INFO - Processing file /home/felipe/.local/lib/python3.11/site-packages/airflow/example_dags/plugins/workday.py for tasks to queue
[2023-12-27T11:27:59.492-0300] {logging_mixin.py:154} INFO - [2023-12-27T11:27:59.492-0300] {dagbag.py:536} INFO - Filling up the DagBag from /home/felipe/.local/lib/python3.11/site-packages/airflow/example_dags/plugins/workday.py
[2023-12-27T11:27:59.661-0300] {processor.py:841} WARNING - No viable dags retrieved from /home/felipe/.local/lib/python3.11/site-packages/airflow/example_dags/plugins/workday.py
[2023-12-27T11:27:59.667-0300] {processor.py:179} INFO - Processing /home/felipe/.local/lib/python3.11/site-packages/airflow/example_dags/plugins/workday.py took 0.209 seconds
[2023-12-27T11:28:30.999-0300] {processor.py:157} INFO - Started process (PID=13615) to work on /home/felipe/.local/lib/python3.11/site-packages/airflow/example_dags/plugins/workday.py
[2023-12-27T11:28:31.031-0300] {processor.py:829} INFO - Processing file /home/felipe/.local/lib/python3.11/site-packages/airflow/example_dags/plugins/workday.py for tasks to queue
[2023-12-27T11:28:31.032-0300] {logging_mixin.py:154} INFO - [2023-12-27T11:28:31.031-0300] {dagbag.py:536} INFO - Filling up the DagBag from /home/felipe/.local/lib/python3.11/site-packages/airflow/example_dags/plugins/workday.py
[2023-12-27T11:28:31.199-0300] {processor.py:841} WARNING - No viable dags retrieved from /home/felipe/.local/lib/python3.11/site-packages/airflow/example_dags/plugins/workday.py
[2023-12-27T11:28:31.204-0300] {processor.py:179} INFO - Processing /home/felipe/.local/lib/python3.11/site-packages/airflow/example_dags/plugins/workday.py took 0.207 seconds
[2023-12-27T11:29:16.777-0300] {processor.py:157} INFO - Started process (PID=13674) to work on /home/felipe/.local/lib/python3.11/site-packages/airflow/example_dags/plugins/workday.py
[2023-12-27T11:29:16.809-0300] {processor.py:829} INFO - Processing file /home/felipe/.local/lib/python3.11/site-packages/airflow/example_dags/plugins/workday.py for tasks to queue
[2023-12-27T11:29:16.810-0300] {logging_mixin.py:154} INFO - [2023-12-27T11:29:16.809-0300] {dagbag.py:536} INFO - Filling up the DagBag from /home/felipe/.local/lib/python3.11/site-packages/airflow/example_dags/plugins/workday.py
[2023-12-27T11:29:16.975-0300] {processor.py:841} WARNING - No viable dags retrieved from /home/felipe/.local/lib/python3.11/site-packages/airflow/example_dags/plugins/workday.py
[2023-12-27T11:29:16.980-0300] {processor.py:179} INFO - Processing /home/felipe/.local/lib/python3.11/site-packages/airflow/example_dags/plugins/workday.py took 0.206 seconds
[2023-12-27T11:29:48.732-0300] {processor.py:157} INFO - Started process (PID=13719) to work on /home/felipe/.local/lib/python3.11/site-packages/airflow/example_dags/plugins/workday.py
[2023-12-27T11:29:48.764-0300] {processor.py:829} INFO - Processing file /home/felipe/.local/lib/python3.11/site-packages/airflow/example_dags/plugins/workday.py for tasks to queue
[2023-12-27T11:29:48.765-0300] {logging_mixin.py:154} INFO - [2023-12-27T11:29:48.764-0300] {dagbag.py:536} INFO - Filling up the DagBag from /home/felipe/.local/lib/python3.11/site-packages/airflow/example_dags/plugins/workday.py
[2023-12-27T11:29:48.934-0300] {processor.py:841} WARNING - No viable dags retrieved from /home/felipe/.local/lib/python3.11/site-packages/airflow/example_dags/plugins/workday.py
[2023-12-27T11:29:48.940-0300] {processor.py:179} INFO - Processing /home/felipe/.local/lib/python3.11/site-packages/airflow/example_dags/plugins/workday.py took 0.209 seconds
[2023-12-27T11:30:20.136-0300] {processor.py:157} INFO - Started process (PID=13765) to work on /home/felipe/.local/lib/python3.11/site-packages/airflow/example_dags/plugins/workday.py
[2023-12-27T11:30:20.168-0300] {processor.py:829} INFO - Processing file /home/felipe/.local/lib/python3.11/site-packages/airflow/example_dags/plugins/workday.py for tasks to queue
[2023-12-27T11:30:20.169-0300] {logging_mixin.py:154} INFO - [2023-12-27T11:30:20.168-0300] {dagbag.py:536} INFO - Filling up the DagBag from /home/felipe/.local/lib/python3.11/site-packages/airflow/example_dags/plugins/workday.py
[2023-12-27T11:30:20.425-0300] {processor.py:841} WARNING - No viable dags retrieved from /home/felipe/.local/lib/python3.11/site-packages/airflow/example_dags/plugins/workday.py
[2023-12-27T11:30:20.429-0300] {processor.py:179} INFO - Processing /home/felipe/.local/lib/python3.11/site-packages/airflow/example_dags/plugins/workday.py took 0.294 seconds
[2023-12-27T11:31:04.377-0300] {processor.py:157} INFO - Started process (PID=13827) to work on /home/felipe/.local/lib/python3.11/site-packages/airflow/example_dags/plugins/workday.py
[2023-12-27T11:31:04.409-0300] {processor.py:829} INFO - Processing file /home/felipe/.local/lib/python3.11/site-packages/airflow/example_dags/plugins/workday.py for tasks to queue
[2023-12-27T11:31:04.409-0300] {logging_mixin.py:154} INFO - [2023-12-27T11:31:04.409-0300] {dagbag.py:536} INFO - Filling up the DagBag from /home/felipe/.local/lib/python3.11/site-packages/airflow/example_dags/plugins/workday.py
[2023-12-27T11:31:04.576-0300] {processor.py:841} WARNING - No viable dags retrieved from /home/felipe/.local/lib/python3.11/site-packages/airflow/example_dags/plugins/workday.py
[2023-12-27T11:31:04.582-0300] {processor.py:179} INFO - Processing /home/felipe/.local/lib/python3.11/site-packages/airflow/example_dags/plugins/workday.py took 0.206 seconds
[2023-12-27T11:31:43.287-0300] {processor.py:157} INFO - Started process (PID=13882) to work on /home/felipe/.local/lib/python3.11/site-packages/airflow/example_dags/plugins/workday.py
[2023-12-27T11:31:43.319-0300] {processor.py:829} INFO - Processing file /home/felipe/.local/lib/python3.11/site-packages/airflow/example_dags/plugins/workday.py for tasks to queue
[2023-12-27T11:31:43.320-0300] {logging_mixin.py:154} INFO - [2023-12-27T11:31:43.320-0300] {dagbag.py:536} INFO - Filling up the DagBag from /home/felipe/.local/lib/python3.11/site-packages/airflow/example_dags/plugins/workday.py
[2023-12-27T11:31:43.571-0300] {processor.py:841} WARNING - No viable dags retrieved from /home/felipe/.local/lib/python3.11/site-packages/airflow/example_dags/plugins/workday.py
[2023-12-27T11:31:43.575-0300] {processor.py:179} INFO - Processing /home/felipe/.local/lib/python3.11/site-packages/airflow/example_dags/plugins/workday.py took 0.289 seconds
[2023-12-27T14:18:33.452-0300] {processor.py:157} INFO - Started process (PID=10647) to work on /home/felipe/.local/lib/python3.11/site-packages/airflow/example_dags/plugins/workday.py
[2023-12-27T14:18:33.453-0300] {processor.py:829} INFO - Processing file /home/felipe/.local/lib/python3.11/site-packages/airflow/example_dags/plugins/workday.py for tasks to queue
[2023-12-27T14:18:33.454-0300] {logging_mixin.py:154} INFO - [2023-12-27T14:18:33.453-0300] {dagbag.py:536} INFO - Filling up the DagBag from /home/felipe/.local/lib/python3.11/site-packages/airflow/example_dags/plugins/workday.py
[2023-12-27T14:18:33.677-0300] {processor.py:841} WARNING - No viable dags retrieved from /home/felipe/.local/lib/python3.11/site-packages/airflow/example_dags/plugins/workday.py
[2023-12-27T14:18:33.683-0300] {processor.py:179} INFO - Processing /home/felipe/.local/lib/python3.11/site-packages/airflow/example_dags/plugins/workday.py took 0.232 seconds
[2023-12-27T14:19:23.913-0300] {processor.py:157} INFO - Started process (PID=10834) to work on /home/felipe/.local/lib/python3.11/site-packages/airflow/example_dags/plugins/workday.py
[2023-12-27T14:19:23.913-0300] {processor.py:829} INFO - Processing file /home/felipe/.local/lib/python3.11/site-packages/airflow/example_dags/plugins/workday.py for tasks to queue
[2023-12-27T14:19:23.914-0300] {logging_mixin.py:154} INFO - [2023-12-27T14:19:23.914-0300] {dagbag.py:536} INFO - Filling up the DagBag from /home/felipe/.local/lib/python3.11/site-packages/airflow/example_dags/plugins/workday.py
[2023-12-27T14:19:24.105-0300] {processor.py:841} WARNING - No viable dags retrieved from /home/felipe/.local/lib/python3.11/site-packages/airflow/example_dags/plugins/workday.py
[2023-12-27T14:19:24.110-0300] {processor.py:179} INFO - Processing /home/felipe/.local/lib/python3.11/site-packages/airflow/example_dags/plugins/workday.py took 0.199 seconds
[2023-12-27T14:20:04.874-0300] {processor.py:157} INFO - Started process (PID=10973) to work on /home/felipe/.local/lib/python3.11/site-packages/airflow/example_dags/plugins/workday.py
[2023-12-27T14:20:04.875-0300] {processor.py:829} INFO - Processing file /home/felipe/.local/lib/python3.11/site-packages/airflow/example_dags/plugins/workday.py for tasks to queue
[2023-12-27T14:20:04.875-0300] {logging_mixin.py:154} INFO - [2023-12-27T14:20:04.875-0300] {dagbag.py:536} INFO - Filling up the DagBag from /home/felipe/.local/lib/python3.11/site-packages/airflow/example_dags/plugins/workday.py
[2023-12-27T14:20:05.041-0300] {processor.py:841} WARNING - No viable dags retrieved from /home/felipe/.local/lib/python3.11/site-packages/airflow/example_dags/plugins/workday.py
[2023-12-27T14:20:05.046-0300] {processor.py:179} INFO - Processing /home/felipe/.local/lib/python3.11/site-packages/airflow/example_dags/plugins/workday.py took 0.174 seconds
[2023-12-27T14:20:44.386-0300] {processor.py:157} INFO - Started process (PID=11111) to work on /home/felipe/.local/lib/python3.11/site-packages/airflow/example_dags/plugins/workday.py
[2023-12-27T14:20:44.418-0300] {processor.py:829} INFO - Processing file /home/felipe/.local/lib/python3.11/site-packages/airflow/example_dags/plugins/workday.py for tasks to queue
[2023-12-27T14:20:44.418-0300] {logging_mixin.py:154} INFO - [2023-12-27T14:20:44.418-0300] {dagbag.py:536} INFO - Filling up the DagBag from /home/felipe/.local/lib/python3.11/site-packages/airflow/example_dags/plugins/workday.py
[2023-12-27T14:20:44.585-0300] {processor.py:841} WARNING - No viable dags retrieved from /home/felipe/.local/lib/python3.11/site-packages/airflow/example_dags/plugins/workday.py
[2023-12-27T14:20:44.590-0300] {processor.py:179} INFO - Processing /home/felipe/.local/lib/python3.11/site-packages/airflow/example_dags/plugins/workday.py took 0.206 seconds
[2023-12-27T14:21:23.325-0300] {processor.py:157} INFO - Started process (PID=11375) to work on /home/felipe/.local/lib/python3.11/site-packages/airflow/example_dags/plugins/workday.py
[2023-12-27T14:21:23.326-0300] {processor.py:829} INFO - Processing file /home/felipe/.local/lib/python3.11/site-packages/airflow/example_dags/plugins/workday.py for tasks to queue
[2023-12-27T14:21:23.326-0300] {logging_mixin.py:154} INFO - [2023-12-27T14:21:23.326-0300] {dagbag.py:536} INFO - Filling up the DagBag from /home/felipe/.local/lib/python3.11/site-packages/airflow/example_dags/plugins/workday.py
[2023-12-27T14:21:23.528-0300] {processor.py:841} WARNING - No viable dags retrieved from /home/felipe/.local/lib/python3.11/site-packages/airflow/example_dags/plugins/workday.py
[2023-12-27T14:21:23.533-0300] {processor.py:179} INFO - Processing /home/felipe/.local/lib/python3.11/site-packages/airflow/example_dags/plugins/workday.py took 0.210 seconds
[2023-12-27T14:22:15.040-0300] {processor.py:157} INFO - Started process (PID=11832) to work on /home/felipe/.local/lib/python3.11/site-packages/airflow/example_dags/plugins/workday.py
[2023-12-27T14:22:15.044-0300] {processor.py:829} INFO - Processing file /home/felipe/.local/lib/python3.11/site-packages/airflow/example_dags/plugins/workday.py for tasks to queue
[2023-12-27T14:22:15.044-0300] {logging_mixin.py:154} INFO - [2023-12-27T14:22:15.044-0300] {dagbag.py:536} INFO - Filling up the DagBag from /home/felipe/.local/lib/python3.11/site-packages/airflow/example_dags/plugins/workday.py
[2023-12-27T14:22:15.255-0300] {processor.py:841} WARNING - No viable dags retrieved from /home/felipe/.local/lib/python3.11/site-packages/airflow/example_dags/plugins/workday.py
[2023-12-27T14:22:15.262-0300] {processor.py:179} INFO - Processing /home/felipe/.local/lib/python3.11/site-packages/airflow/example_dags/plugins/workday.py took 0.224 seconds
[2023-12-27T14:23:28.797-0300] {processor.py:157} INFO - Started process (PID=12654) to work on /home/felipe/.local/lib/python3.11/site-packages/airflow/example_dags/plugins/workday.py
[2023-12-27T14:23:28.870-0300] {processor.py:829} INFO - Processing file /home/felipe/.local/lib/python3.11/site-packages/airflow/example_dags/plugins/workday.py for tasks to queue
[2023-12-27T14:23:28.871-0300] {logging_mixin.py:154} INFO - [2023-12-27T14:23:28.870-0300] {dagbag.py:536} INFO - Filling up the DagBag from /home/felipe/.local/lib/python3.11/site-packages/airflow/example_dags/plugins/workday.py
[2023-12-27T14:23:29.125-0300] {processor.py:841} WARNING - No viable dags retrieved from /home/felipe/.local/lib/python3.11/site-packages/airflow/example_dags/plugins/workday.py
[2023-12-27T14:23:29.128-0300] {processor.py:179} INFO - Processing /home/felipe/.local/lib/python3.11/site-packages/airflow/example_dags/plugins/workday.py took 0.333 seconds
[2023-12-27T14:24:57.189-0300] {processor.py:157} INFO - Started process (PID=12791) to work on /home/felipe/.local/lib/python3.11/site-packages/airflow/example_dags/plugins/workday.py
[2023-12-27T14:24:57.190-0300] {processor.py:829} INFO - Processing file /home/felipe/.local/lib/python3.11/site-packages/airflow/example_dags/plugins/workday.py for tasks to queue
[2023-12-27T14:24:57.190-0300] {logging_mixin.py:154} INFO - [2023-12-27T14:24:57.190-0300] {dagbag.py:536} INFO - Filling up the DagBag from /home/felipe/.local/lib/python3.11/site-packages/airflow/example_dags/plugins/workday.py
[2023-12-27T14:24:57.511-0300] {processor.py:841} WARNING - No viable dags retrieved from /home/felipe/.local/lib/python3.11/site-packages/airflow/example_dags/plugins/workday.py
[2023-12-27T14:24:57.515-0300] {processor.py:179} INFO - Processing /home/felipe/.local/lib/python3.11/site-packages/airflow/example_dags/plugins/workday.py took 0.327 seconds
