[2024-01-11T15:04:10.321-0300] {processor.py:157} INFO - Started process (PID=9957) to work on /home/felipe/.local/lib/python3.11/site-packages/airflow/example_dags/subdags/subdag.py
[2024-01-11T15:04:10.322-0300] {processor.py:829} INFO - Processing file /home/felipe/.local/lib/python3.11/site-packages/airflow/example_dags/subdags/subdag.py for tasks to queue
[2024-01-11T15:04:10.322-0300] {logging_mixin.py:154} INFO - [2024-01-11T15:04:10.322-0300] {dagbag.py:536} INFO - Filling up the DagBag from /home/felipe/.local/lib/python3.11/site-packages/airflow/example_dags/subdags/subdag.py
[2024-01-11T15:04:10.323-0300] {processor.py:841} WARNING - No viable dags retrieved from /home/felipe/.local/lib/python3.11/site-packages/airflow/example_dags/subdags/subdag.py
[2024-01-11T15:04:10.330-0300] {processor.py:179} INFO - Processing /home/felipe/.local/lib/python3.11/site-packages/airflow/example_dags/subdags/subdag.py took 0.011 seconds
[2024-01-11T15:05:25.807-0300] {processor.py:157} INFO - Started process (PID=10135) to work on /home/felipe/.local/lib/python3.11/site-packages/airflow/example_dags/subdags/subdag.py
[2024-01-11T15:05:25.839-0300] {processor.py:829} INFO - Processing file /home/felipe/.local/lib/python3.11/site-packages/airflow/example_dags/subdags/subdag.py for tasks to queue
[2024-01-11T15:05:25.841-0300] {logging_mixin.py:154} INFO - [2024-01-11T15:05:25.840-0300] {dagbag.py:536} INFO - Filling up the DagBag from /home/felipe/.local/lib/python3.11/site-packages/airflow/example_dags/subdags/subdag.py
[2024-01-11T15:05:25.842-0300] {processor.py:841} WARNING - No viable dags retrieved from /home/felipe/.local/lib/python3.11/site-packages/airflow/example_dags/subdags/subdag.py
[2024-01-11T15:05:25.848-0300] {processor.py:179} INFO - Processing /home/felipe/.local/lib/python3.11/site-packages/airflow/example_dags/subdags/subdag.py took 0.043 seconds
[2024-01-11T15:06:41.144-0300] {processor.py:157} INFO - Started process (PID=10243) to work on /home/felipe/.local/lib/python3.11/site-packages/airflow/example_dags/subdags/subdag.py
[2024-01-11T15:06:41.145-0300] {processor.py:829} INFO - Processing file /home/felipe/.local/lib/python3.11/site-packages/airflow/example_dags/subdags/subdag.py for tasks to queue
[2024-01-11T15:06:41.145-0300] {logging_mixin.py:154} INFO - [2024-01-11T15:06:41.145-0300] {dagbag.py:536} INFO - Filling up the DagBag from /home/felipe/.local/lib/python3.11/site-packages/airflow/example_dags/subdags/subdag.py
[2024-01-11T15:06:41.147-0300] {processor.py:841} WARNING - No viable dags retrieved from /home/felipe/.local/lib/python3.11/site-packages/airflow/example_dags/subdags/subdag.py
[2024-01-11T15:06:41.156-0300] {processor.py:179} INFO - Processing /home/felipe/.local/lib/python3.11/site-packages/airflow/example_dags/subdags/subdag.py took 0.014 seconds
[2024-01-11T15:07:57.359-0300] {processor.py:157} INFO - Started process (PID=10387) to work on /home/felipe/.local/lib/python3.11/site-packages/airflow/example_dags/subdags/subdag.py
[2024-01-11T15:07:57.391-0300] {processor.py:829} INFO - Processing file /home/felipe/.local/lib/python3.11/site-packages/airflow/example_dags/subdags/subdag.py for tasks to queue
[2024-01-11T15:07:57.391-0300] {logging_mixin.py:154} INFO - [2024-01-11T15:07:57.391-0300] {dagbag.py:536} INFO - Filling up the DagBag from /home/felipe/.local/lib/python3.11/site-packages/airflow/example_dags/subdags/subdag.py
[2024-01-11T15:07:57.392-0300] {processor.py:841} WARNING - No viable dags retrieved from /home/felipe/.local/lib/python3.11/site-packages/airflow/example_dags/subdags/subdag.py
[2024-01-11T15:07:57.398-0300] {processor.py:179} INFO - Processing /home/felipe/.local/lib/python3.11/site-packages/airflow/example_dags/subdags/subdag.py took 0.042 seconds
