[2024-01-05T10:29:30.296-0300] {processor.py:157} INFO - Started process (PID=11168) to work on /home/felipe/.local/lib/python3.11/site-packages/airflow/example_dags/subdags/subdag.py
[2024-01-05T10:29:30.296-0300] {processor.py:829} INFO - Processing file /home/felipe/.local/lib/python3.11/site-packages/airflow/example_dags/subdags/subdag.py for tasks to queue
[2024-01-05T10:29:30.297-0300] {logging_mixin.py:154} INFO - [2024-01-05T10:29:30.297-0300] {dagbag.py:536} INFO - Filling up the DagBag from /home/felipe/.local/lib/python3.11/site-packages/airflow/example_dags/subdags/subdag.py
[2024-01-05T10:29:30.298-0300] {processor.py:841} WARNING - No viable dags retrieved from /home/felipe/.local/lib/python3.11/site-packages/airflow/example_dags/subdags/subdag.py
[2024-01-05T10:29:30.305-0300] {processor.py:179} INFO - Processing /home/felipe/.local/lib/python3.11/site-packages/airflow/example_dags/subdags/subdag.py took 0.011 seconds
[2024-01-05T10:30:48.784-0300] {processor.py:157} INFO - Started process (PID=11315) to work on /home/felipe/.local/lib/python3.11/site-packages/airflow/example_dags/subdags/subdag.py
[2024-01-05T10:30:48.816-0300] {processor.py:829} INFO - Processing file /home/felipe/.local/lib/python3.11/site-packages/airflow/example_dags/subdags/subdag.py for tasks to queue
[2024-01-05T10:30:48.817-0300] {logging_mixin.py:154} INFO - [2024-01-05T10:30:48.817-0300] {dagbag.py:536} INFO - Filling up the DagBag from /home/felipe/.local/lib/python3.11/site-packages/airflow/example_dags/subdags/subdag.py
[2024-01-05T10:30:48.818-0300] {processor.py:841} WARNING - No viable dags retrieved from /home/felipe/.local/lib/python3.11/site-packages/airflow/example_dags/subdags/subdag.py
[2024-01-05T10:30:48.824-0300] {processor.py:179} INFO - Processing /home/felipe/.local/lib/python3.11/site-packages/airflow/example_dags/subdags/subdag.py took 0.042 seconds
[2024-01-05T10:32:04.167-0300] {processor.py:157} INFO - Started process (PID=11436) to work on /home/felipe/.local/lib/python3.11/site-packages/airflow/example_dags/subdags/subdag.py
[2024-01-05T10:32:04.199-0300] {processor.py:829} INFO - Processing file /home/felipe/.local/lib/python3.11/site-packages/airflow/example_dags/subdags/subdag.py for tasks to queue
[2024-01-05T10:32:04.200-0300] {logging_mixin.py:154} INFO - [2024-01-05T10:32:04.199-0300] {dagbag.py:536} INFO - Filling up the DagBag from /home/felipe/.local/lib/python3.11/site-packages/airflow/example_dags/subdags/subdag.py
[2024-01-05T10:32:04.201-0300] {processor.py:841} WARNING - No viable dags retrieved from /home/felipe/.local/lib/python3.11/site-packages/airflow/example_dags/subdags/subdag.py
[2024-01-05T10:32:04.207-0300] {processor.py:179} INFO - Processing /home/felipe/.local/lib/python3.11/site-packages/airflow/example_dags/subdags/subdag.py took 0.042 seconds
[2024-01-05T10:33:22.737-0300] {processor.py:157} INFO - Started process (PID=11547) to work on /home/felipe/.local/lib/python3.11/site-packages/airflow/example_dags/subdags/subdag.py
[2024-01-05T10:33:22.769-0300] {processor.py:829} INFO - Processing file /home/felipe/.local/lib/python3.11/site-packages/airflow/example_dags/subdags/subdag.py for tasks to queue
[2024-01-05T10:33:22.770-0300] {logging_mixin.py:154} INFO - [2024-01-05T10:33:22.769-0300] {dagbag.py:536} INFO - Filling up the DagBag from /home/felipe/.local/lib/python3.11/site-packages/airflow/example_dags/subdags/subdag.py
[2024-01-05T10:33:22.771-0300] {processor.py:841} WARNING - No viable dags retrieved from /home/felipe/.local/lib/python3.11/site-packages/airflow/example_dags/subdags/subdag.py
[2024-01-05T10:33:22.777-0300] {processor.py:179} INFO - Processing /home/felipe/.local/lib/python3.11/site-packages/airflow/example_dags/subdags/subdag.py took 0.043 seconds
[2024-01-05T10:35:10.331-0300] {processor.py:157} INFO - Started process (PID=11675) to work on /home/felipe/.local/lib/python3.11/site-packages/airflow/example_dags/subdags/subdag.py
[2024-01-05T10:35:10.363-0300] {processor.py:829} INFO - Processing file /home/felipe/.local/lib/python3.11/site-packages/airflow/example_dags/subdags/subdag.py for tasks to queue
[2024-01-05T10:35:10.364-0300] {logging_mixin.py:154} INFO - [2024-01-05T10:35:10.364-0300] {dagbag.py:536} INFO - Filling up the DagBag from /home/felipe/.local/lib/python3.11/site-packages/airflow/example_dags/subdags/subdag.py
[2024-01-05T10:35:10.365-0300] {processor.py:841} WARNING - No viable dags retrieved from /home/felipe/.local/lib/python3.11/site-packages/airflow/example_dags/subdags/subdag.py
[2024-01-05T10:35:10.371-0300] {processor.py:179} INFO - Processing /home/felipe/.local/lib/python3.11/site-packages/airflow/example_dags/subdags/subdag.py took 0.042 seconds
[2024-01-05T10:36:29.397-0300] {processor.py:157} INFO - Started process (PID=11771) to work on /home/felipe/.local/lib/python3.11/site-packages/airflow/example_dags/subdags/subdag.py
[2024-01-05T10:36:29.397-0300] {processor.py:829} INFO - Processing file /home/felipe/.local/lib/python3.11/site-packages/airflow/example_dags/subdags/subdag.py for tasks to queue
[2024-01-05T10:36:29.398-0300] {logging_mixin.py:154} INFO - [2024-01-05T10:36:29.397-0300] {dagbag.py:536} INFO - Filling up the DagBag from /home/felipe/.local/lib/python3.11/site-packages/airflow/example_dags/subdags/subdag.py
[2024-01-05T10:36:29.399-0300] {processor.py:841} WARNING - No viable dags retrieved from /home/felipe/.local/lib/python3.11/site-packages/airflow/example_dags/subdags/subdag.py
[2024-01-05T10:36:29.405-0300] {processor.py:179} INFO - Processing /home/felipe/.local/lib/python3.11/site-packages/airflow/example_dags/subdags/subdag.py took 0.011 seconds
[2024-01-05T10:38:29.363-0300] {processor.py:157} INFO - Started process (PID=12177) to work on /home/felipe/.local/lib/python3.11/site-packages/airflow/example_dags/subdags/subdag.py
[2024-01-05T10:38:29.395-0300] {processor.py:829} INFO - Processing file /home/felipe/.local/lib/python3.11/site-packages/airflow/example_dags/subdags/subdag.py for tasks to queue
[2024-01-05T10:38:29.396-0300] {logging_mixin.py:154} INFO - [2024-01-05T10:38:29.395-0300] {dagbag.py:536} INFO - Filling up the DagBag from /home/felipe/.local/lib/python3.11/site-packages/airflow/example_dags/subdags/subdag.py
[2024-01-05T10:38:29.397-0300] {processor.py:841} WARNING - No viable dags retrieved from /home/felipe/.local/lib/python3.11/site-packages/airflow/example_dags/subdags/subdag.py
[2024-01-05T10:38:29.403-0300] {processor.py:179} INFO - Processing /home/felipe/.local/lib/python3.11/site-packages/airflow/example_dags/subdags/subdag.py took 0.042 seconds
[2024-01-05T10:39:18.895-0300] {processor.py:157} INFO - Started process (PID=12325) to work on /home/felipe/.local/lib/python3.11/site-packages/airflow/example_dags/subdags/subdag.py
[2024-01-05T10:39:18.896-0300] {processor.py:829} INFO - Processing file /home/felipe/.local/lib/python3.11/site-packages/airflow/example_dags/subdags/subdag.py for tasks to queue
[2024-01-05T10:39:18.897-0300] {logging_mixin.py:154} INFO - [2024-01-05T10:39:18.897-0300] {dagbag.py:536} INFO - Filling up the DagBag from /home/felipe/.local/lib/python3.11/site-packages/airflow/example_dags/subdags/subdag.py
[2024-01-05T10:39:18.898-0300] {processor.py:841} WARNING - No viable dags retrieved from /home/felipe/.local/lib/python3.11/site-packages/airflow/example_dags/subdags/subdag.py
[2024-01-05T10:39:18.904-0300] {processor.py:179} INFO - Processing /home/felipe/.local/lib/python3.11/site-packages/airflow/example_dags/subdags/subdag.py took 0.010 seconds
[2024-01-05T10:42:47.091-0300] {processor.py:157} INFO - Started process (PID=12535) to work on /home/felipe/.local/lib/python3.11/site-packages/airflow/example_dags/subdags/subdag.py
[2024-01-05T10:42:47.123-0300] {processor.py:829} INFO - Processing file /home/felipe/.local/lib/python3.11/site-packages/airflow/example_dags/subdags/subdag.py for tasks to queue
[2024-01-05T10:42:47.124-0300] {logging_mixin.py:154} INFO - [2024-01-05T10:42:47.123-0300] {dagbag.py:536} INFO - Filling up the DagBag from /home/felipe/.local/lib/python3.11/site-packages/airflow/example_dags/subdags/subdag.py
[2024-01-05T10:42:47.125-0300] {processor.py:841} WARNING - No viable dags retrieved from /home/felipe/.local/lib/python3.11/site-packages/airflow/example_dags/subdags/subdag.py
[2024-01-05T10:42:47.131-0300] {processor.py:179} INFO - Processing /home/felipe/.local/lib/python3.11/site-packages/airflow/example_dags/subdags/subdag.py took 0.042 seconds
[2024-01-05T10:43:42.470-0300] {processor.py:157} INFO - Started process (PID=12647) to work on /home/felipe/.local/lib/python3.11/site-packages/airflow/example_dags/subdags/subdag.py
[2024-01-05T10:43:42.502-0300] {processor.py:829} INFO - Processing file /home/felipe/.local/lib/python3.11/site-packages/airflow/example_dags/subdags/subdag.py for tasks to queue
[2024-01-05T10:43:42.503-0300] {logging_mixin.py:154} INFO - [2024-01-05T10:43:42.503-0300] {dagbag.py:536} INFO - Filling up the DagBag from /home/felipe/.local/lib/python3.11/site-packages/airflow/example_dags/subdags/subdag.py
[2024-01-05T10:43:42.504-0300] {processor.py:841} WARNING - No viable dags retrieved from /home/felipe/.local/lib/python3.11/site-packages/airflow/example_dags/subdags/subdag.py
[2024-01-05T10:43:42.511-0300] {processor.py:179} INFO - Processing /home/felipe/.local/lib/python3.11/site-packages/airflow/example_dags/subdags/subdag.py took 0.043 seconds
[2024-01-05T10:44:36.838-0300] {processor.py:157} INFO - Started process (PID=12769) to work on /home/felipe/.local/lib/python3.11/site-packages/airflow/example_dags/subdags/subdag.py
[2024-01-05T10:44:36.870-0300] {processor.py:829} INFO - Processing file /home/felipe/.local/lib/python3.11/site-packages/airflow/example_dags/subdags/subdag.py for tasks to queue
[2024-01-05T10:44:36.870-0300] {logging_mixin.py:154} INFO - [2024-01-05T10:44:36.870-0300] {dagbag.py:536} INFO - Filling up the DagBag from /home/felipe/.local/lib/python3.11/site-packages/airflow/example_dags/subdags/subdag.py
[2024-01-05T10:44:36.872-0300] {processor.py:841} WARNING - No viable dags retrieved from /home/felipe/.local/lib/python3.11/site-packages/airflow/example_dags/subdags/subdag.py
[2024-01-05T10:44:36.878-0300] {processor.py:179} INFO - Processing /home/felipe/.local/lib/python3.11/site-packages/airflow/example_dags/subdags/subdag.py took 0.042 seconds
[2024-01-05T10:45:23.703-0300] {processor.py:157} INFO - Started process (PID=12869) to work on /home/felipe/.local/lib/python3.11/site-packages/airflow/example_dags/subdags/subdag.py
[2024-01-05T10:45:23.735-0300] {processor.py:829} INFO - Processing file /home/felipe/.local/lib/python3.11/site-packages/airflow/example_dags/subdags/subdag.py for tasks to queue
[2024-01-05T10:45:23.735-0300] {logging_mixin.py:154} INFO - [2024-01-05T10:45:23.735-0300] {dagbag.py:536} INFO - Filling up the DagBag from /home/felipe/.local/lib/python3.11/site-packages/airflow/example_dags/subdags/subdag.py
[2024-01-05T10:45:23.736-0300] {processor.py:841} WARNING - No viable dags retrieved from /home/felipe/.local/lib/python3.11/site-packages/airflow/example_dags/subdags/subdag.py
[2024-01-05T10:45:23.743-0300] {processor.py:179} INFO - Processing /home/felipe/.local/lib/python3.11/site-packages/airflow/example_dags/subdags/subdag.py took 0.042 seconds
[2024-01-05T10:46:06.684-0300] {processor.py:157} INFO - Started process (PID=12990) to work on /home/felipe/.local/lib/python3.11/site-packages/airflow/example_dags/subdags/subdag.py
[2024-01-05T10:46:06.684-0300] {processor.py:829} INFO - Processing file /home/felipe/.local/lib/python3.11/site-packages/airflow/example_dags/subdags/subdag.py for tasks to queue
[2024-01-05T10:46:06.685-0300] {logging_mixin.py:154} INFO - [2024-01-05T10:46:06.684-0300] {dagbag.py:536} INFO - Filling up the DagBag from /home/felipe/.local/lib/python3.11/site-packages/airflow/example_dags/subdags/subdag.py
[2024-01-05T10:46:06.686-0300] {processor.py:841} WARNING - No viable dags retrieved from /home/felipe/.local/lib/python3.11/site-packages/airflow/example_dags/subdags/subdag.py
[2024-01-05T10:46:06.692-0300] {processor.py:179} INFO - Processing /home/felipe/.local/lib/python3.11/site-packages/airflow/example_dags/subdags/subdag.py took 0.010 seconds
[2024-01-05T10:46:57.642-0300] {processor.py:157} INFO - Started process (PID=13080) to work on /home/felipe/.local/lib/python3.11/site-packages/airflow/example_dags/subdags/subdag.py
[2024-01-05T10:46:57.674-0300] {processor.py:829} INFO - Processing file /home/felipe/.local/lib/python3.11/site-packages/airflow/example_dags/subdags/subdag.py for tasks to queue
[2024-01-05T10:46:57.674-0300] {logging_mixin.py:154} INFO - [2024-01-05T10:46:57.674-0300] {dagbag.py:536} INFO - Filling up the DagBag from /home/felipe/.local/lib/python3.11/site-packages/airflow/example_dags/subdags/subdag.py
[2024-01-05T10:46:57.676-0300] {processor.py:841} WARNING - No viable dags retrieved from /home/felipe/.local/lib/python3.11/site-packages/airflow/example_dags/subdags/subdag.py
[2024-01-05T10:46:57.682-0300] {processor.py:179} INFO - Processing /home/felipe/.local/lib/python3.11/site-packages/airflow/example_dags/subdags/subdag.py took 0.043 seconds
[2024-01-05T10:51:38.667-0300] {processor.py:157} INFO - Started process (PID=13378) to work on /home/felipe/.local/lib/python3.11/site-packages/airflow/example_dags/subdags/subdag.py
[2024-01-05T10:51:38.699-0300] {processor.py:829} INFO - Processing file /home/felipe/.local/lib/python3.11/site-packages/airflow/example_dags/subdags/subdag.py for tasks to queue
[2024-01-05T10:51:38.699-0300] {logging_mixin.py:154} INFO - [2024-01-05T10:51:38.699-0300] {dagbag.py:536} INFO - Filling up the DagBag from /home/felipe/.local/lib/python3.11/site-packages/airflow/example_dags/subdags/subdag.py
[2024-01-05T10:51:38.701-0300] {processor.py:841} WARNING - No viable dags retrieved from /home/felipe/.local/lib/python3.11/site-packages/airflow/example_dags/subdags/subdag.py
[2024-01-05T10:51:38.706-0300] {processor.py:179} INFO - Processing /home/felipe/.local/lib/python3.11/site-packages/airflow/example_dags/subdags/subdag.py took 0.042 seconds
[2024-01-05T10:52:30.415-0300] {processor.py:157} INFO - Started process (PID=13551) to work on /home/felipe/.local/lib/python3.11/site-packages/airflow/example_dags/subdags/subdag.py
[2024-01-05T10:52:30.447-0300] {processor.py:829} INFO - Processing file /home/felipe/.local/lib/python3.11/site-packages/airflow/example_dags/subdags/subdag.py for tasks to queue
[2024-01-05T10:52:30.448-0300] {logging_mixin.py:154} INFO - [2024-01-05T10:52:30.448-0300] {dagbag.py:536} INFO - Filling up the DagBag from /home/felipe/.local/lib/python3.11/site-packages/airflow/example_dags/subdags/subdag.py
[2024-01-05T10:52:30.449-0300] {processor.py:841} WARNING - No viable dags retrieved from /home/felipe/.local/lib/python3.11/site-packages/airflow/example_dags/subdags/subdag.py
[2024-01-05T10:52:30.455-0300] {processor.py:179} INFO - Processing /home/felipe/.local/lib/python3.11/site-packages/airflow/example_dags/subdags/subdag.py took 0.042 seconds
[2024-01-05T10:53:11.041-0300] {processor.py:157} INFO - Started process (PID=13651) to work on /home/felipe/.local/lib/python3.11/site-packages/airflow/example_dags/subdags/subdag.py
[2024-01-05T10:53:11.106-0300] {processor.py:829} INFO - Processing file /home/felipe/.local/lib/python3.11/site-packages/airflow/example_dags/subdags/subdag.py for tasks to queue
[2024-01-05T10:53:11.107-0300] {logging_mixin.py:154} INFO - [2024-01-05T10:53:11.106-0300] {dagbag.py:536} INFO - Filling up the DagBag from /home/felipe/.local/lib/python3.11/site-packages/airflow/example_dags/subdags/subdag.py
[2024-01-05T10:53:11.108-0300] {processor.py:841} WARNING - No viable dags retrieved from /home/felipe/.local/lib/python3.11/site-packages/airflow/example_dags/subdags/subdag.py
[2024-01-05T10:53:11.115-0300] {processor.py:179} INFO - Processing /home/felipe/.local/lib/python3.11/site-packages/airflow/example_dags/subdags/subdag.py took 0.076 seconds
[2024-01-05T10:53:50.433-0300] {processor.py:157} INFO - Started process (PID=13779) to work on /home/felipe/.local/lib/python3.11/site-packages/airflow/example_dags/subdags/subdag.py
[2024-01-05T10:53:50.434-0300] {processor.py:829} INFO - Processing file /home/felipe/.local/lib/python3.11/site-packages/airflow/example_dags/subdags/subdag.py for tasks to queue
[2024-01-05T10:53:50.435-0300] {logging_mixin.py:154} INFO - [2024-01-05T10:53:50.434-0300] {dagbag.py:536} INFO - Filling up the DagBag from /home/felipe/.local/lib/python3.11/site-packages/airflow/example_dags/subdags/subdag.py
[2024-01-05T10:53:50.436-0300] {processor.py:841} WARNING - No viable dags retrieved from /home/felipe/.local/lib/python3.11/site-packages/airflow/example_dags/subdags/subdag.py
[2024-01-05T10:53:50.442-0300] {processor.py:179} INFO - Processing /home/felipe/.local/lib/python3.11/site-packages/airflow/example_dags/subdags/subdag.py took 0.011 seconds
[2024-01-05T10:54:32.590-0300] {processor.py:157} INFO - Started process (PID=13864) to work on /home/felipe/.local/lib/python3.11/site-packages/airflow/example_dags/subdags/subdag.py
[2024-01-05T10:54:32.622-0300] {processor.py:829} INFO - Processing file /home/felipe/.local/lib/python3.11/site-packages/airflow/example_dags/subdags/subdag.py for tasks to queue
[2024-01-05T10:54:32.623-0300] {logging_mixin.py:154} INFO - [2024-01-05T10:54:32.622-0300] {dagbag.py:536} INFO - Filling up the DagBag from /home/felipe/.local/lib/python3.11/site-packages/airflow/example_dags/subdags/subdag.py
[2024-01-05T10:54:32.624-0300] {processor.py:841} WARNING - No viable dags retrieved from /home/felipe/.local/lib/python3.11/site-packages/airflow/example_dags/subdags/subdag.py
[2024-01-05T10:54:32.630-0300] {processor.py:179} INFO - Processing /home/felipe/.local/lib/python3.11/site-packages/airflow/example_dags/subdags/subdag.py took 0.042 seconds
[2024-01-05T10:55:15.043-0300] {processor.py:157} INFO - Started process (PID=13941) to work on /home/felipe/.local/lib/python3.11/site-packages/airflow/example_dags/subdags/subdag.py
[2024-01-05T10:55:15.075-0300] {processor.py:829} INFO - Processing file /home/felipe/.local/lib/python3.11/site-packages/airflow/example_dags/subdags/subdag.py for tasks to queue
[2024-01-05T10:55:15.075-0300] {logging_mixin.py:154} INFO - [2024-01-05T10:55:15.075-0300] {dagbag.py:536} INFO - Filling up the DagBag from /home/felipe/.local/lib/python3.11/site-packages/airflow/example_dags/subdags/subdag.py
[2024-01-05T10:55:15.077-0300] {processor.py:841} WARNING - No viable dags retrieved from /home/felipe/.local/lib/python3.11/site-packages/airflow/example_dags/subdags/subdag.py
[2024-01-05T10:55:15.083-0300] {processor.py:179} INFO - Processing /home/felipe/.local/lib/python3.11/site-packages/airflow/example_dags/subdags/subdag.py took 0.042 seconds
[2024-01-05T10:55:54.027-0300] {processor.py:157} INFO - Started process (PID=14015) to work on /home/felipe/.local/lib/python3.11/site-packages/airflow/example_dags/subdags/subdag.py
[2024-01-05T10:55:54.059-0300] {processor.py:829} INFO - Processing file /home/felipe/.local/lib/python3.11/site-packages/airflow/example_dags/subdags/subdag.py for tasks to queue
[2024-01-05T10:55:54.060-0300] {logging_mixin.py:154} INFO - [2024-01-05T10:55:54.059-0300] {dagbag.py:536} INFO - Filling up the DagBag from /home/felipe/.local/lib/python3.11/site-packages/airflow/example_dags/subdags/subdag.py
[2024-01-05T10:55:54.061-0300] {processor.py:841} WARNING - No viable dags retrieved from /home/felipe/.local/lib/python3.11/site-packages/airflow/example_dags/subdags/subdag.py
[2024-01-05T10:55:54.068-0300] {processor.py:179} INFO - Processing /home/felipe/.local/lib/python3.11/site-packages/airflow/example_dags/subdags/subdag.py took 0.043 seconds
[2024-01-05T10:56:36.414-0300] {processor.py:157} INFO - Started process (PID=14090) to work on /home/felipe/.local/lib/python3.11/site-packages/airflow/example_dags/subdags/subdag.py
[2024-01-05T10:56:36.446-0300] {processor.py:829} INFO - Processing file /home/felipe/.local/lib/python3.11/site-packages/airflow/example_dags/subdags/subdag.py for tasks to queue
[2024-01-05T10:56:36.446-0300] {logging_mixin.py:154} INFO - [2024-01-05T10:56:36.446-0300] {dagbag.py:536} INFO - Filling up the DagBag from /home/felipe/.local/lib/python3.11/site-packages/airflow/example_dags/subdags/subdag.py
[2024-01-05T10:56:36.448-0300] {processor.py:841} WARNING - No viable dags retrieved from /home/felipe/.local/lib/python3.11/site-packages/airflow/example_dags/subdags/subdag.py
[2024-01-05T10:56:36.454-0300] {processor.py:179} INFO - Processing /home/felipe/.local/lib/python3.11/site-packages/airflow/example_dags/subdags/subdag.py took 0.042 seconds
[2024-01-05T10:57:18.534-0300] {processor.py:157} INFO - Started process (PID=14180) to work on /home/felipe/.local/lib/python3.11/site-packages/airflow/example_dags/subdags/subdag.py
[2024-01-05T10:57:18.535-0300] {processor.py:829} INFO - Processing file /home/felipe/.local/lib/python3.11/site-packages/airflow/example_dags/subdags/subdag.py for tasks to queue
[2024-01-05T10:57:18.535-0300] {logging_mixin.py:154} INFO - [2024-01-05T10:57:18.535-0300] {dagbag.py:536} INFO - Filling up the DagBag from /home/felipe/.local/lib/python3.11/site-packages/airflow/example_dags/subdags/subdag.py
[2024-01-05T10:57:18.537-0300] {processor.py:841} WARNING - No viable dags retrieved from /home/felipe/.local/lib/python3.11/site-packages/airflow/example_dags/subdags/subdag.py
[2024-01-05T10:57:18.543-0300] {processor.py:179} INFO - Processing /home/felipe/.local/lib/python3.11/site-packages/airflow/example_dags/subdags/subdag.py took 0.011 seconds
[2024-01-05T10:57:59.561-0300] {processor.py:157} INFO - Started process (PID=14259) to work on /home/felipe/.local/lib/python3.11/site-packages/airflow/example_dags/subdags/subdag.py
[2024-01-05T10:57:59.593-0300] {processor.py:829} INFO - Processing file /home/felipe/.local/lib/python3.11/site-packages/airflow/example_dags/subdags/subdag.py for tasks to queue
[2024-01-05T10:57:59.594-0300] {logging_mixin.py:154} INFO - [2024-01-05T10:57:59.593-0300] {dagbag.py:536} INFO - Filling up the DagBag from /home/felipe/.local/lib/python3.11/site-packages/airflow/example_dags/subdags/subdag.py
[2024-01-05T10:57:59.595-0300] {processor.py:841} WARNING - No viable dags retrieved from /home/felipe/.local/lib/python3.11/site-packages/airflow/example_dags/subdags/subdag.py
[2024-01-05T10:57:59.601-0300] {processor.py:179} INFO - Processing /home/felipe/.local/lib/python3.11/site-packages/airflow/example_dags/subdags/subdag.py took 0.043 seconds
[2024-01-05T10:58:41.007-0300] {processor.py:157} INFO - Started process (PID=14340) to work on /home/felipe/.local/lib/python3.11/site-packages/airflow/example_dags/subdags/subdag.py
[2024-01-05T10:58:41.039-0300] {processor.py:829} INFO - Processing file /home/felipe/.local/lib/python3.11/site-packages/airflow/example_dags/subdags/subdag.py for tasks to queue
[2024-01-05T10:58:41.039-0300] {logging_mixin.py:154} INFO - [2024-01-05T10:58:41.039-0300] {dagbag.py:536} INFO - Filling up the DagBag from /home/felipe/.local/lib/python3.11/site-packages/airflow/example_dags/subdags/subdag.py
[2024-01-05T10:58:41.041-0300] {processor.py:841} WARNING - No viable dags retrieved from /home/felipe/.local/lib/python3.11/site-packages/airflow/example_dags/subdags/subdag.py
[2024-01-05T10:58:41.047-0300] {processor.py:179} INFO - Processing /home/felipe/.local/lib/python3.11/site-packages/airflow/example_dags/subdags/subdag.py took 0.042 seconds
[2024-01-05T10:59:19.473-0300] {processor.py:157} INFO - Started process (PID=14413) to work on /home/felipe/.local/lib/python3.11/site-packages/airflow/example_dags/subdags/subdag.py
[2024-01-05T10:59:19.505-0300] {processor.py:829} INFO - Processing file /home/felipe/.local/lib/python3.11/site-packages/airflow/example_dags/subdags/subdag.py for tasks to queue
[2024-01-05T10:59:19.506-0300] {logging_mixin.py:154} INFO - [2024-01-05T10:59:19.506-0300] {dagbag.py:536} INFO - Filling up the DagBag from /home/felipe/.local/lib/python3.11/site-packages/airflow/example_dags/subdags/subdag.py
[2024-01-05T10:59:19.507-0300] {processor.py:841} WARNING - No viable dags retrieved from /home/felipe/.local/lib/python3.11/site-packages/airflow/example_dags/subdags/subdag.py
[2024-01-05T10:59:19.514-0300] {processor.py:179} INFO - Processing /home/felipe/.local/lib/python3.11/site-packages/airflow/example_dags/subdags/subdag.py took 0.043 seconds
[2024-01-05T11:00:01.434-0300] {processor.py:157} INFO - Started process (PID=14488) to work on /home/felipe/.local/lib/python3.11/site-packages/airflow/example_dags/subdags/subdag.py
[2024-01-05T11:00:01.466-0300] {processor.py:829} INFO - Processing file /home/felipe/.local/lib/python3.11/site-packages/airflow/example_dags/subdags/subdag.py for tasks to queue
[2024-01-05T11:00:01.466-0300] {logging_mixin.py:154} INFO - [2024-01-05T11:00:01.466-0300] {dagbag.py:536} INFO - Filling up the DagBag from /home/felipe/.local/lib/python3.11/site-packages/airflow/example_dags/subdags/subdag.py
[2024-01-05T11:00:01.468-0300] {processor.py:841} WARNING - No viable dags retrieved from /home/felipe/.local/lib/python3.11/site-packages/airflow/example_dags/subdags/subdag.py
[2024-01-05T11:00:01.474-0300] {processor.py:179} INFO - Processing /home/felipe/.local/lib/python3.11/site-packages/airflow/example_dags/subdags/subdag.py took 0.043 seconds
[2024-01-05T11:00:46.386-0300] {processor.py:157} INFO - Started process (PID=14573) to work on /home/felipe/.local/lib/python3.11/site-packages/airflow/example_dags/subdags/subdag.py
[2024-01-05T11:00:46.418-0300] {processor.py:829} INFO - Processing file /home/felipe/.local/lib/python3.11/site-packages/airflow/example_dags/subdags/subdag.py for tasks to queue
[2024-01-05T11:00:46.419-0300] {logging_mixin.py:154} INFO - [2024-01-05T11:00:46.419-0300] {dagbag.py:536} INFO - Filling up the DagBag from /home/felipe/.local/lib/python3.11/site-packages/airflow/example_dags/subdags/subdag.py
[2024-01-05T11:00:46.420-0300] {processor.py:841} WARNING - No viable dags retrieved from /home/felipe/.local/lib/python3.11/site-packages/airflow/example_dags/subdags/subdag.py
[2024-01-05T11:00:46.426-0300] {processor.py:179} INFO - Processing /home/felipe/.local/lib/python3.11/site-packages/airflow/example_dags/subdags/subdag.py took 0.042 seconds
[2024-01-05T11:01:28.806-0300] {processor.py:157} INFO - Started process (PID=14650) to work on /home/felipe/.local/lib/python3.11/site-packages/airflow/example_dags/subdags/subdag.py
[2024-01-05T11:01:28.838-0300] {processor.py:829} INFO - Processing file /home/felipe/.local/lib/python3.11/site-packages/airflow/example_dags/subdags/subdag.py for tasks to queue
[2024-01-05T11:01:28.838-0300] {logging_mixin.py:154} INFO - [2024-01-05T11:01:28.838-0300] {dagbag.py:536} INFO - Filling up the DagBag from /home/felipe/.local/lib/python3.11/site-packages/airflow/example_dags/subdags/subdag.py
[2024-01-05T11:01:28.840-0300] {processor.py:841} WARNING - No viable dags retrieved from /home/felipe/.local/lib/python3.11/site-packages/airflow/example_dags/subdags/subdag.py
[2024-01-05T11:01:28.846-0300] {processor.py:179} INFO - Processing /home/felipe/.local/lib/python3.11/site-packages/airflow/example_dags/subdags/subdag.py took 0.043 seconds
[2024-01-05T11:02:12.805-0300] {processor.py:157} INFO - Started process (PID=14721) to work on /home/felipe/.local/lib/python3.11/site-packages/airflow/example_dags/subdags/subdag.py
[2024-01-05T11:02:12.837-0300] {processor.py:829} INFO - Processing file /home/felipe/.local/lib/python3.11/site-packages/airflow/example_dags/subdags/subdag.py for tasks to queue
[2024-01-05T11:02:12.838-0300] {logging_mixin.py:154} INFO - [2024-01-05T11:02:12.837-0300] {dagbag.py:536} INFO - Filling up the DagBag from /home/felipe/.local/lib/python3.11/site-packages/airflow/example_dags/subdags/subdag.py
[2024-01-05T11:02:12.839-0300] {processor.py:841} WARNING - No viable dags retrieved from /home/felipe/.local/lib/python3.11/site-packages/airflow/example_dags/subdags/subdag.py
[2024-01-05T11:02:12.846-0300] {processor.py:179} INFO - Processing /home/felipe/.local/lib/python3.11/site-packages/airflow/example_dags/subdags/subdag.py took 0.043 seconds
[2024-01-05T11:03:01.437-0300] {processor.py:157} INFO - Started process (PID=14801) to work on /home/felipe/.local/lib/python3.11/site-packages/airflow/example_dags/subdags/subdag.py
[2024-01-05T11:03:01.440-0300] {processor.py:829} INFO - Processing file /home/felipe/.local/lib/python3.11/site-packages/airflow/example_dags/subdags/subdag.py for tasks to queue
[2024-01-05T11:03:01.441-0300] {logging_mixin.py:154} INFO - [2024-01-05T11:03:01.441-0300] {dagbag.py:536} INFO - Filling up the DagBag from /home/felipe/.local/lib/python3.11/site-packages/airflow/example_dags/subdags/subdag.py
[2024-01-05T11:03:01.442-0300] {processor.py:841} WARNING - No viable dags retrieved from /home/felipe/.local/lib/python3.11/site-packages/airflow/example_dags/subdags/subdag.py
[2024-01-05T11:03:01.448-0300] {processor.py:179} INFO - Processing /home/felipe/.local/lib/python3.11/site-packages/airflow/example_dags/subdags/subdag.py took 0.014 seconds
[2024-01-05T11:03:46.004-0300] {processor.py:157} INFO - Started process (PID=14885) to work on /home/felipe/.local/lib/python3.11/site-packages/airflow/example_dags/subdags/subdag.py
[2024-01-05T11:03:46.036-0300] {processor.py:829} INFO - Processing file /home/felipe/.local/lib/python3.11/site-packages/airflow/example_dags/subdags/subdag.py for tasks to queue
[2024-01-05T11:03:46.037-0300] {logging_mixin.py:154} INFO - [2024-01-05T11:03:46.036-0300] {dagbag.py:536} INFO - Filling up the DagBag from /home/felipe/.local/lib/python3.11/site-packages/airflow/example_dags/subdags/subdag.py
[2024-01-05T11:03:46.038-0300] {processor.py:841} WARNING - No viable dags retrieved from /home/felipe/.local/lib/python3.11/site-packages/airflow/example_dags/subdags/subdag.py
[2024-01-05T11:03:46.045-0300] {processor.py:179} INFO - Processing /home/felipe/.local/lib/python3.11/site-packages/airflow/example_dags/subdags/subdag.py took 0.043 seconds
[2024-01-05T11:04:30.287-0300] {processor.py:157} INFO - Started process (PID=14961) to work on /home/felipe/.local/lib/python3.11/site-packages/airflow/example_dags/subdags/subdag.py
[2024-01-05T11:04:30.319-0300] {processor.py:829} INFO - Processing file /home/felipe/.local/lib/python3.11/site-packages/airflow/example_dags/subdags/subdag.py for tasks to queue
[2024-01-05T11:04:30.320-0300] {logging_mixin.py:154} INFO - [2024-01-05T11:04:30.320-0300] {dagbag.py:536} INFO - Filling up the DagBag from /home/felipe/.local/lib/python3.11/site-packages/airflow/example_dags/subdags/subdag.py
[2024-01-05T11:04:30.321-0300] {processor.py:841} WARNING - No viable dags retrieved from /home/felipe/.local/lib/python3.11/site-packages/airflow/example_dags/subdags/subdag.py
[2024-01-05T11:04:30.328-0300] {processor.py:179} INFO - Processing /home/felipe/.local/lib/python3.11/site-packages/airflow/example_dags/subdags/subdag.py took 0.042 seconds
[2024-01-05T11:05:18.756-0300] {processor.py:157} INFO - Started process (PID=15063) to work on /home/felipe/.local/lib/python3.11/site-packages/airflow/example_dags/subdags/subdag.py
[2024-01-05T11:05:18.789-0300] {processor.py:829} INFO - Processing file /home/felipe/.local/lib/python3.11/site-packages/airflow/example_dags/subdags/subdag.py for tasks to queue
[2024-01-05T11:05:18.789-0300] {logging_mixin.py:154} INFO - [2024-01-05T11:05:18.789-0300] {dagbag.py:536} INFO - Filling up the DagBag from /home/felipe/.local/lib/python3.11/site-packages/airflow/example_dags/subdags/subdag.py
[2024-01-05T11:05:18.790-0300] {processor.py:841} WARNING - No viable dags retrieved from /home/felipe/.local/lib/python3.11/site-packages/airflow/example_dags/subdags/subdag.py
[2024-01-05T11:05:18.797-0300] {processor.py:179} INFO - Processing /home/felipe/.local/lib/python3.11/site-packages/airflow/example_dags/subdags/subdag.py took 0.042 seconds
[2024-01-05T11:06:03.786-0300] {processor.py:157} INFO - Started process (PID=15148) to work on /home/felipe/.local/lib/python3.11/site-packages/airflow/example_dags/subdags/subdag.py
[2024-01-05T11:06:03.818-0300] {processor.py:829} INFO - Processing file /home/felipe/.local/lib/python3.11/site-packages/airflow/example_dags/subdags/subdag.py for tasks to queue
[2024-01-05T11:06:03.819-0300] {logging_mixin.py:154} INFO - [2024-01-05T11:06:03.819-0300] {dagbag.py:536} INFO - Filling up the DagBag from /home/felipe/.local/lib/python3.11/site-packages/airflow/example_dags/subdags/subdag.py
[2024-01-05T11:06:03.820-0300] {processor.py:841} WARNING - No viable dags retrieved from /home/felipe/.local/lib/python3.11/site-packages/airflow/example_dags/subdags/subdag.py
[2024-01-05T11:06:03.826-0300] {processor.py:179} INFO - Processing /home/felipe/.local/lib/python3.11/site-packages/airflow/example_dags/subdags/subdag.py took 0.042 seconds
[2024-01-05T11:06:48.358-0300] {processor.py:157} INFO - Started process (PID=15225) to work on /home/felipe/.local/lib/python3.11/site-packages/airflow/example_dags/subdags/subdag.py
[2024-01-05T11:06:48.407-0300] {processor.py:829} INFO - Processing file /home/felipe/.local/lib/python3.11/site-packages/airflow/example_dags/subdags/subdag.py for tasks to queue
[2024-01-05T11:06:48.408-0300] {logging_mixin.py:154} INFO - [2024-01-05T11:06:48.408-0300] {dagbag.py:536} INFO - Filling up the DagBag from /home/felipe/.local/lib/python3.11/site-packages/airflow/example_dags/subdags/subdag.py
[2024-01-05T11:06:48.409-0300] {processor.py:841} WARNING - No viable dags retrieved from /home/felipe/.local/lib/python3.11/site-packages/airflow/example_dags/subdags/subdag.py
[2024-01-05T11:06:48.415-0300] {processor.py:179} INFO - Processing /home/felipe/.local/lib/python3.11/site-packages/airflow/example_dags/subdags/subdag.py took 0.059 seconds
[2024-01-05T11:07:34.059-0300] {processor.py:157} INFO - Started process (PID=15301) to work on /home/felipe/.local/lib/python3.11/site-packages/airflow/example_dags/subdags/subdag.py
[2024-01-05T11:07:34.092-0300] {processor.py:829} INFO - Processing file /home/felipe/.local/lib/python3.11/site-packages/airflow/example_dags/subdags/subdag.py for tasks to queue
[2024-01-05T11:07:34.092-0300] {logging_mixin.py:154} INFO - [2024-01-05T11:07:34.092-0300] {dagbag.py:536} INFO - Filling up the DagBag from /home/felipe/.local/lib/python3.11/site-packages/airflow/example_dags/subdags/subdag.py
[2024-01-05T11:07:34.093-0300] {processor.py:841} WARNING - No viable dags retrieved from /home/felipe/.local/lib/python3.11/site-packages/airflow/example_dags/subdags/subdag.py
[2024-01-05T11:07:34.100-0300] {processor.py:179} INFO - Processing /home/felipe/.local/lib/python3.11/site-packages/airflow/example_dags/subdags/subdag.py took 0.043 seconds
[2024-01-05T11:08:18.028-0300] {processor.py:157} INFO - Started process (PID=15383) to work on /home/felipe/.local/lib/python3.11/site-packages/airflow/example_dags/subdags/subdag.py
[2024-01-05T11:08:18.060-0300] {processor.py:829} INFO - Processing file /home/felipe/.local/lib/python3.11/site-packages/airflow/example_dags/subdags/subdag.py for tasks to queue
[2024-01-05T11:08:18.060-0300] {logging_mixin.py:154} INFO - [2024-01-05T11:08:18.060-0300] {dagbag.py:536} INFO - Filling up the DagBag from /home/felipe/.local/lib/python3.11/site-packages/airflow/example_dags/subdags/subdag.py
[2024-01-05T11:08:18.062-0300] {processor.py:841} WARNING - No viable dags retrieved from /home/felipe/.local/lib/python3.11/site-packages/airflow/example_dags/subdags/subdag.py
[2024-01-05T11:08:18.068-0300] {processor.py:179} INFO - Processing /home/felipe/.local/lib/python3.11/site-packages/airflow/example_dags/subdags/subdag.py took 0.042 seconds
[2024-01-05T11:09:01.820-0300] {processor.py:157} INFO - Started process (PID=15459) to work on /home/felipe/.local/lib/python3.11/site-packages/airflow/example_dags/subdags/subdag.py
[2024-01-05T11:09:01.852-0300] {processor.py:829} INFO - Processing file /home/felipe/.local/lib/python3.11/site-packages/airflow/example_dags/subdags/subdag.py for tasks to queue
[2024-01-05T11:09:01.853-0300] {logging_mixin.py:154} INFO - [2024-01-05T11:09:01.853-0300] {dagbag.py:536} INFO - Filling up the DagBag from /home/felipe/.local/lib/python3.11/site-packages/airflow/example_dags/subdags/subdag.py
[2024-01-05T11:09:01.854-0300] {processor.py:841} WARNING - No viable dags retrieved from /home/felipe/.local/lib/python3.11/site-packages/airflow/example_dags/subdags/subdag.py
[2024-01-05T11:09:01.861-0300] {processor.py:179} INFO - Processing /home/felipe/.local/lib/python3.11/site-packages/airflow/example_dags/subdags/subdag.py took 0.043 seconds
[2024-01-05T11:09:41.896-0300] {processor.py:157} INFO - Started process (PID=15557) to work on /home/felipe/.local/lib/python3.11/site-packages/airflow/example_dags/subdags/subdag.py
[2024-01-05T11:09:41.928-0300] {processor.py:829} INFO - Processing file /home/felipe/.local/lib/python3.11/site-packages/airflow/example_dags/subdags/subdag.py for tasks to queue
[2024-01-05T11:09:41.928-0300] {logging_mixin.py:154} INFO - [2024-01-05T11:09:41.928-0300] {dagbag.py:536} INFO - Filling up the DagBag from /home/felipe/.local/lib/python3.11/site-packages/airflow/example_dags/subdags/subdag.py
[2024-01-05T11:09:41.930-0300] {processor.py:841} WARNING - No viable dags retrieved from /home/felipe/.local/lib/python3.11/site-packages/airflow/example_dags/subdags/subdag.py
[2024-01-05T11:09:41.936-0300] {processor.py:179} INFO - Processing /home/felipe/.local/lib/python3.11/site-packages/airflow/example_dags/subdags/subdag.py took 0.042 seconds
[2024-01-05T11:10:24.519-0300] {processor.py:157} INFO - Started process (PID=15638) to work on /home/felipe/.local/lib/python3.11/site-packages/airflow/example_dags/subdags/subdag.py
[2024-01-05T11:10:24.551-0300] {processor.py:829} INFO - Processing file /home/felipe/.local/lib/python3.11/site-packages/airflow/example_dags/subdags/subdag.py for tasks to queue
[2024-01-05T11:10:24.551-0300] {logging_mixin.py:154} INFO - [2024-01-05T11:10:24.551-0300] {dagbag.py:536} INFO - Filling up the DagBag from /home/felipe/.local/lib/python3.11/site-packages/airflow/example_dags/subdags/subdag.py
[2024-01-05T11:10:24.553-0300] {processor.py:841} WARNING - No viable dags retrieved from /home/felipe/.local/lib/python3.11/site-packages/airflow/example_dags/subdags/subdag.py
[2024-01-05T11:10:24.559-0300] {processor.py:179} INFO - Processing /home/felipe/.local/lib/python3.11/site-packages/airflow/example_dags/subdags/subdag.py took 0.042 seconds
[2024-01-05T11:11:07.711-0300] {processor.py:157} INFO - Started process (PID=15714) to work on /home/felipe/.local/lib/python3.11/site-packages/airflow/example_dags/subdags/subdag.py
[2024-01-05T11:11:07.744-0300] {processor.py:829} INFO - Processing file /home/felipe/.local/lib/python3.11/site-packages/airflow/example_dags/subdags/subdag.py for tasks to queue
[2024-01-05T11:11:07.744-0300] {logging_mixin.py:154} INFO - [2024-01-05T11:11:07.744-0300] {dagbag.py:536} INFO - Filling up the DagBag from /home/felipe/.local/lib/python3.11/site-packages/airflow/example_dags/subdags/subdag.py
[2024-01-05T11:11:07.746-0300] {processor.py:841} WARNING - No viable dags retrieved from /home/felipe/.local/lib/python3.11/site-packages/airflow/example_dags/subdags/subdag.py
[2024-01-05T11:11:07.752-0300] {processor.py:179} INFO - Processing /home/felipe/.local/lib/python3.11/site-packages/airflow/example_dags/subdags/subdag.py took 0.042 seconds
[2024-01-05T11:11:46.695-0300] {processor.py:157} INFO - Started process (PID=15790) to work on /home/felipe/.local/lib/python3.11/site-packages/airflow/example_dags/subdags/subdag.py
[2024-01-05T11:11:46.727-0300] {processor.py:829} INFO - Processing file /home/felipe/.local/lib/python3.11/site-packages/airflow/example_dags/subdags/subdag.py for tasks to queue
[2024-01-05T11:11:46.728-0300] {logging_mixin.py:154} INFO - [2024-01-05T11:11:46.728-0300] {dagbag.py:536} INFO - Filling up the DagBag from /home/felipe/.local/lib/python3.11/site-packages/airflow/example_dags/subdags/subdag.py
[2024-01-05T11:11:46.729-0300] {processor.py:841} WARNING - No viable dags retrieved from /home/felipe/.local/lib/python3.11/site-packages/airflow/example_dags/subdags/subdag.py
[2024-01-05T11:11:46.735-0300] {processor.py:179} INFO - Processing /home/felipe/.local/lib/python3.11/site-packages/airflow/example_dags/subdags/subdag.py took 0.042 seconds
[2024-01-05T11:12:23.383-0300] {processor.py:157} INFO - Started process (PID=17027) to work on /home/felipe/.local/lib/python3.11/site-packages/airflow/example_dags/subdags/subdag.py
[2024-01-05T11:12:23.383-0300] {processor.py:829} INFO - Processing file /home/felipe/.local/lib/python3.11/site-packages/airflow/example_dags/subdags/subdag.py for tasks to queue
[2024-01-05T11:12:23.384-0300] {logging_mixin.py:154} INFO - [2024-01-05T11:12:23.384-0300] {dagbag.py:536} INFO - Filling up the DagBag from /home/felipe/.local/lib/python3.11/site-packages/airflow/example_dags/subdags/subdag.py
[2024-01-05T11:12:23.385-0300] {processor.py:841} WARNING - No viable dags retrieved from /home/felipe/.local/lib/python3.11/site-packages/airflow/example_dags/subdags/subdag.py
[2024-01-05T11:12:23.392-0300] {processor.py:179} INFO - Processing /home/felipe/.local/lib/python3.11/site-packages/airflow/example_dags/subdags/subdag.py took 0.011 seconds
[2024-01-05T11:13:05.105-0300] {processor.py:157} INFO - Started process (PID=17255) to work on /home/felipe/.local/lib/python3.11/site-packages/airflow/example_dags/subdags/subdag.py
[2024-01-05T11:13:05.138-0300] {processor.py:829} INFO - Processing file /home/felipe/.local/lib/python3.11/site-packages/airflow/example_dags/subdags/subdag.py for tasks to queue
[2024-01-05T11:13:05.138-0300] {logging_mixin.py:154} INFO - [2024-01-05T11:13:05.138-0300] {dagbag.py:536} INFO - Filling up the DagBag from /home/felipe/.local/lib/python3.11/site-packages/airflow/example_dags/subdags/subdag.py
[2024-01-05T11:13:05.139-0300] {processor.py:841} WARNING - No viable dags retrieved from /home/felipe/.local/lib/python3.11/site-packages/airflow/example_dags/subdags/subdag.py
[2024-01-05T11:13:05.146-0300] {processor.py:179} INFO - Processing /home/felipe/.local/lib/python3.11/site-packages/airflow/example_dags/subdags/subdag.py took 0.042 seconds
[2024-01-05T11:13:49.812-0300] {processor.py:157} INFO - Started process (PID=17339) to work on /home/felipe/.local/lib/python3.11/site-packages/airflow/example_dags/subdags/subdag.py
[2024-01-05T11:13:49.844-0300] {processor.py:829} INFO - Processing file /home/felipe/.local/lib/python3.11/site-packages/airflow/example_dags/subdags/subdag.py for tasks to queue
[2024-01-05T11:13:49.845-0300] {logging_mixin.py:154} INFO - [2024-01-05T11:13:49.845-0300] {dagbag.py:536} INFO - Filling up the DagBag from /home/felipe/.local/lib/python3.11/site-packages/airflow/example_dags/subdags/subdag.py
[2024-01-05T11:13:49.846-0300] {processor.py:841} WARNING - No viable dags retrieved from /home/felipe/.local/lib/python3.11/site-packages/airflow/example_dags/subdags/subdag.py
[2024-01-05T11:13:49.853-0300] {processor.py:179} INFO - Processing /home/felipe/.local/lib/python3.11/site-packages/airflow/example_dags/subdags/subdag.py took 0.043 seconds
[2024-01-05T11:14:29.226-0300] {processor.py:157} INFO - Started process (PID=17412) to work on /home/felipe/.local/lib/python3.11/site-packages/airflow/example_dags/subdags/subdag.py
[2024-01-05T11:14:29.259-0300] {processor.py:829} INFO - Processing file /home/felipe/.local/lib/python3.11/site-packages/airflow/example_dags/subdags/subdag.py for tasks to queue
[2024-01-05T11:14:29.259-0300] {logging_mixin.py:154} INFO - [2024-01-05T11:14:29.259-0300] {dagbag.py:536} INFO - Filling up the DagBag from /home/felipe/.local/lib/python3.11/site-packages/airflow/example_dags/subdags/subdag.py
[2024-01-05T11:14:29.260-0300] {processor.py:841} WARNING - No viable dags retrieved from /home/felipe/.local/lib/python3.11/site-packages/airflow/example_dags/subdags/subdag.py
[2024-01-05T11:14:29.266-0300] {processor.py:179} INFO - Processing /home/felipe/.local/lib/python3.11/site-packages/airflow/example_dags/subdags/subdag.py took 0.042 seconds
[2024-01-05T11:15:11.128-0300] {processor.py:157} INFO - Started process (PID=17490) to work on /home/felipe/.local/lib/python3.11/site-packages/airflow/example_dags/subdags/subdag.py
[2024-01-05T11:15:11.200-0300] {processor.py:829} INFO - Processing file /home/felipe/.local/lib/python3.11/site-packages/airflow/example_dags/subdags/subdag.py for tasks to queue
[2024-01-05T11:15:11.201-0300] {logging_mixin.py:154} INFO - [2024-01-05T11:15:11.201-0300] {dagbag.py:536} INFO - Filling up the DagBag from /home/felipe/.local/lib/python3.11/site-packages/airflow/example_dags/subdags/subdag.py
[2024-01-05T11:15:11.202-0300] {processor.py:841} WARNING - No viable dags retrieved from /home/felipe/.local/lib/python3.11/site-packages/airflow/example_dags/subdags/subdag.py
[2024-01-05T11:15:11.208-0300] {processor.py:179} INFO - Processing /home/felipe/.local/lib/python3.11/site-packages/airflow/example_dags/subdags/subdag.py took 0.082 seconds
[2024-01-05T11:15:51.202-0300] {processor.py:157} INFO - Started process (PID=17564) to work on /home/felipe/.local/lib/python3.11/site-packages/airflow/example_dags/subdags/subdag.py
[2024-01-05T11:15:51.204-0300] {processor.py:829} INFO - Processing file /home/felipe/.local/lib/python3.11/site-packages/airflow/example_dags/subdags/subdag.py for tasks to queue
[2024-01-05T11:15:51.204-0300] {logging_mixin.py:154} INFO - [2024-01-05T11:15:51.204-0300] {dagbag.py:536} INFO - Filling up the DagBag from /home/felipe/.local/lib/python3.11/site-packages/airflow/example_dags/subdags/subdag.py
[2024-01-05T11:15:51.206-0300] {processor.py:841} WARNING - No viable dags retrieved from /home/felipe/.local/lib/python3.11/site-packages/airflow/example_dags/subdags/subdag.py
[2024-01-05T11:15:51.212-0300] {processor.py:179} INFO - Processing /home/felipe/.local/lib/python3.11/site-packages/airflow/example_dags/subdags/subdag.py took 0.011 seconds
[2024-01-05T11:16:31.228-0300] {processor.py:157} INFO - Started process (PID=17648) to work on /home/felipe/.local/lib/python3.11/site-packages/airflow/example_dags/subdags/subdag.py
[2024-01-05T11:16:31.260-0300] {processor.py:829} INFO - Processing file /home/felipe/.local/lib/python3.11/site-packages/airflow/example_dags/subdags/subdag.py for tasks to queue
[2024-01-05T11:16:31.260-0300] {logging_mixin.py:154} INFO - [2024-01-05T11:16:31.260-0300] {dagbag.py:536} INFO - Filling up the DagBag from /home/felipe/.local/lib/python3.11/site-packages/airflow/example_dags/subdags/subdag.py
[2024-01-05T11:16:31.262-0300] {processor.py:841} WARNING - No viable dags retrieved from /home/felipe/.local/lib/python3.11/site-packages/airflow/example_dags/subdags/subdag.py
[2024-01-05T11:16:31.268-0300] {processor.py:179} INFO - Processing /home/felipe/.local/lib/python3.11/site-packages/airflow/example_dags/subdags/subdag.py took 0.042 seconds
[2024-01-05T11:17:18.127-0300] {processor.py:157} INFO - Started process (PID=17732) to work on /home/felipe/.local/lib/python3.11/site-packages/airflow/example_dags/subdags/subdag.py
[2024-01-05T11:17:18.160-0300] {processor.py:829} INFO - Processing file /home/felipe/.local/lib/python3.11/site-packages/airflow/example_dags/subdags/subdag.py for tasks to queue
[2024-01-05T11:17:18.160-0300] {logging_mixin.py:154} INFO - [2024-01-05T11:17:18.160-0300] {dagbag.py:536} INFO - Filling up the DagBag from /home/felipe/.local/lib/python3.11/site-packages/airflow/example_dags/subdags/subdag.py
[2024-01-05T11:17:18.162-0300] {processor.py:841} WARNING - No viable dags retrieved from /home/felipe/.local/lib/python3.11/site-packages/airflow/example_dags/subdags/subdag.py
[2024-01-05T11:17:18.170-0300] {processor.py:179} INFO - Processing /home/felipe/.local/lib/python3.11/site-packages/airflow/example_dags/subdags/subdag.py took 0.045 seconds
[2024-01-05T11:18:05.457-0300] {processor.py:157} INFO - Started process (PID=17811) to work on /home/felipe/.local/lib/python3.11/site-packages/airflow/example_dags/subdags/subdag.py
[2024-01-05T11:18:05.489-0300] {processor.py:829} INFO - Processing file /home/felipe/.local/lib/python3.11/site-packages/airflow/example_dags/subdags/subdag.py for tasks to queue
[2024-01-05T11:18:05.490-0300] {logging_mixin.py:154} INFO - [2024-01-05T11:18:05.490-0300] {dagbag.py:536} INFO - Filling up the DagBag from /home/felipe/.local/lib/python3.11/site-packages/airflow/example_dags/subdags/subdag.py
[2024-01-05T11:18:05.491-0300] {processor.py:841} WARNING - No viable dags retrieved from /home/felipe/.local/lib/python3.11/site-packages/airflow/example_dags/subdags/subdag.py
[2024-01-05T11:18:05.497-0300] {processor.py:179} INFO - Processing /home/felipe/.local/lib/python3.11/site-packages/airflow/example_dags/subdags/subdag.py took 0.042 seconds
[2024-01-05T11:18:53.727-0300] {processor.py:157} INFO - Started process (PID=17896) to work on /home/felipe/.local/lib/python3.11/site-packages/airflow/example_dags/subdags/subdag.py
[2024-01-05T11:18:53.759-0300] {processor.py:829} INFO - Processing file /home/felipe/.local/lib/python3.11/site-packages/airflow/example_dags/subdags/subdag.py for tasks to queue
[2024-01-05T11:18:53.759-0300] {logging_mixin.py:154} INFO - [2024-01-05T11:18:53.759-0300] {dagbag.py:536} INFO - Filling up the DagBag from /home/felipe/.local/lib/python3.11/site-packages/airflow/example_dags/subdags/subdag.py
[2024-01-05T11:18:53.761-0300] {processor.py:841} WARNING - No viable dags retrieved from /home/felipe/.local/lib/python3.11/site-packages/airflow/example_dags/subdags/subdag.py
[2024-01-05T11:18:53.766-0300] {processor.py:179} INFO - Processing /home/felipe/.local/lib/python3.11/site-packages/airflow/example_dags/subdags/subdag.py took 0.042 seconds
[2024-01-05T11:19:42.123-0300] {processor.py:157} INFO - Started process (PID=17975) to work on /home/felipe/.local/lib/python3.11/site-packages/airflow/example_dags/subdags/subdag.py
[2024-01-05T11:19:42.155-0300] {processor.py:829} INFO - Processing file /home/felipe/.local/lib/python3.11/site-packages/airflow/example_dags/subdags/subdag.py for tasks to queue
[2024-01-05T11:19:42.156-0300] {logging_mixin.py:154} INFO - [2024-01-05T11:19:42.156-0300] {dagbag.py:536} INFO - Filling up the DagBag from /home/felipe/.local/lib/python3.11/site-packages/airflow/example_dags/subdags/subdag.py
[2024-01-05T11:19:42.157-0300] {processor.py:841} WARNING - No viable dags retrieved from /home/felipe/.local/lib/python3.11/site-packages/airflow/example_dags/subdags/subdag.py
[2024-01-05T11:19:42.163-0300] {processor.py:179} INFO - Processing /home/felipe/.local/lib/python3.11/site-packages/airflow/example_dags/subdags/subdag.py took 0.042 seconds
[2024-01-05T11:20:24.831-0300] {processor.py:157} INFO - Started process (PID=18051) to work on /home/felipe/.local/lib/python3.11/site-packages/airflow/example_dags/subdags/subdag.py
[2024-01-05T11:20:24.863-0300] {processor.py:829} INFO - Processing file /home/felipe/.local/lib/python3.11/site-packages/airflow/example_dags/subdags/subdag.py for tasks to queue
[2024-01-05T11:20:24.864-0300] {logging_mixin.py:154} INFO - [2024-01-05T11:20:24.863-0300] {dagbag.py:536} INFO - Filling up the DagBag from /home/felipe/.local/lib/python3.11/site-packages/airflow/example_dags/subdags/subdag.py
[2024-01-05T11:20:24.865-0300] {processor.py:841} WARNING - No viable dags retrieved from /home/felipe/.local/lib/python3.11/site-packages/airflow/example_dags/subdags/subdag.py
[2024-01-05T11:20:24.872-0300] {processor.py:179} INFO - Processing /home/felipe/.local/lib/python3.11/site-packages/airflow/example_dags/subdags/subdag.py took 0.042 seconds
[2024-01-05T11:21:08.503-0300] {processor.py:157} INFO - Started process (PID=18128) to work on /home/felipe/.local/lib/python3.11/site-packages/airflow/example_dags/subdags/subdag.py
[2024-01-05T11:21:08.535-0300] {processor.py:829} INFO - Processing file /home/felipe/.local/lib/python3.11/site-packages/airflow/example_dags/subdags/subdag.py for tasks to queue
[2024-01-05T11:21:08.535-0300] {logging_mixin.py:154} INFO - [2024-01-05T11:21:08.535-0300] {dagbag.py:536} INFO - Filling up the DagBag from /home/felipe/.local/lib/python3.11/site-packages/airflow/example_dags/subdags/subdag.py
[2024-01-05T11:21:08.537-0300] {processor.py:841} WARNING - No viable dags retrieved from /home/felipe/.local/lib/python3.11/site-packages/airflow/example_dags/subdags/subdag.py
[2024-01-05T11:21:08.543-0300] {processor.py:179} INFO - Processing /home/felipe/.local/lib/python3.11/site-packages/airflow/example_dags/subdags/subdag.py took 0.043 seconds
[2024-01-05T11:21:46.172-0300] {processor.py:157} INFO - Started process (PID=18202) to work on /home/felipe/.local/lib/python3.11/site-packages/airflow/example_dags/subdags/subdag.py
[2024-01-05T11:21:46.204-0300] {processor.py:829} INFO - Processing file /home/felipe/.local/lib/python3.11/site-packages/airflow/example_dags/subdags/subdag.py for tasks to queue
[2024-01-05T11:21:46.205-0300] {logging_mixin.py:154} INFO - [2024-01-05T11:21:46.205-0300] {dagbag.py:536} INFO - Filling up the DagBag from /home/felipe/.local/lib/python3.11/site-packages/airflow/example_dags/subdags/subdag.py
[2024-01-05T11:21:46.206-0300] {processor.py:841} WARNING - No viable dags retrieved from /home/felipe/.local/lib/python3.11/site-packages/airflow/example_dags/subdags/subdag.py
[2024-01-05T11:21:46.212-0300] {processor.py:179} INFO - Processing /home/felipe/.local/lib/python3.11/site-packages/airflow/example_dags/subdags/subdag.py took 0.042 seconds
[2024-01-05T11:22:26.194-0300] {processor.py:157} INFO - Started process (PID=18271) to work on /home/felipe/.local/lib/python3.11/site-packages/airflow/example_dags/subdags/subdag.py
[2024-01-05T11:22:26.226-0300] {processor.py:829} INFO - Processing file /home/felipe/.local/lib/python3.11/site-packages/airflow/example_dags/subdags/subdag.py for tasks to queue
[2024-01-05T11:22:26.227-0300] {logging_mixin.py:154} INFO - [2024-01-05T11:22:26.227-0300] {dagbag.py:536} INFO - Filling up the DagBag from /home/felipe/.local/lib/python3.11/site-packages/airflow/example_dags/subdags/subdag.py
[2024-01-05T11:22:26.228-0300] {processor.py:841} WARNING - No viable dags retrieved from /home/felipe/.local/lib/python3.11/site-packages/airflow/example_dags/subdags/subdag.py
[2024-01-05T11:22:26.234-0300] {processor.py:179} INFO - Processing /home/felipe/.local/lib/python3.11/site-packages/airflow/example_dags/subdags/subdag.py took 0.042 seconds
[2024-01-05T11:23:11.569-0300] {processor.py:157} INFO - Started process (PID=18349) to work on /home/felipe/.local/lib/python3.11/site-packages/airflow/example_dags/subdags/subdag.py
[2024-01-05T11:23:11.601-0300] {processor.py:829} INFO - Processing file /home/felipe/.local/lib/python3.11/site-packages/airflow/example_dags/subdags/subdag.py for tasks to queue
[2024-01-05T11:23:11.601-0300] {logging_mixin.py:154} INFO - [2024-01-05T11:23:11.601-0300] {dagbag.py:536} INFO - Filling up the DagBag from /home/felipe/.local/lib/python3.11/site-packages/airflow/example_dags/subdags/subdag.py
[2024-01-05T11:23:11.603-0300] {processor.py:841} WARNING - No viable dags retrieved from /home/felipe/.local/lib/python3.11/site-packages/airflow/example_dags/subdags/subdag.py
[2024-01-05T11:23:11.609-0300] {processor.py:179} INFO - Processing /home/felipe/.local/lib/python3.11/site-packages/airflow/example_dags/subdags/subdag.py took 0.043 seconds
[2024-01-05T11:23:56.962-0300] {processor.py:157} INFO - Started process (PID=18433) to work on /home/felipe/.local/lib/python3.11/site-packages/airflow/example_dags/subdags/subdag.py
[2024-01-05T11:23:56.994-0300] {processor.py:829} INFO - Processing file /home/felipe/.local/lib/python3.11/site-packages/airflow/example_dags/subdags/subdag.py for tasks to queue
[2024-01-05T11:23:56.995-0300] {logging_mixin.py:154} INFO - [2024-01-05T11:23:56.995-0300] {dagbag.py:536} INFO - Filling up the DagBag from /home/felipe/.local/lib/python3.11/site-packages/airflow/example_dags/subdags/subdag.py
[2024-01-05T11:23:56.996-0300] {processor.py:841} WARNING - No viable dags retrieved from /home/felipe/.local/lib/python3.11/site-packages/airflow/example_dags/subdags/subdag.py
[2024-01-05T11:23:57.002-0300] {processor.py:179} INFO - Processing /home/felipe/.local/lib/python3.11/site-packages/airflow/example_dags/subdags/subdag.py took 0.042 seconds
[2024-01-05T11:24:40.742-0300] {processor.py:157} INFO - Started process (PID=18509) to work on /home/felipe/.local/lib/python3.11/site-packages/airflow/example_dags/subdags/subdag.py
[2024-01-05T11:24:40.774-0300] {processor.py:829} INFO - Processing file /home/felipe/.local/lib/python3.11/site-packages/airflow/example_dags/subdags/subdag.py for tasks to queue
[2024-01-05T11:24:40.775-0300] {logging_mixin.py:154} INFO - [2024-01-05T11:24:40.775-0300] {dagbag.py:536} INFO - Filling up the DagBag from /home/felipe/.local/lib/python3.11/site-packages/airflow/example_dags/subdags/subdag.py
[2024-01-05T11:24:40.776-0300] {processor.py:841} WARNING - No viable dags retrieved from /home/felipe/.local/lib/python3.11/site-packages/airflow/example_dags/subdags/subdag.py
[2024-01-05T11:24:40.782-0300] {processor.py:179} INFO - Processing /home/felipe/.local/lib/python3.11/site-packages/airflow/example_dags/subdags/subdag.py took 0.042 seconds
[2024-01-05T11:25:30.249-0300] {processor.py:157} INFO - Started process (PID=18631) to work on /home/felipe/.local/lib/python3.11/site-packages/airflow/example_dags/subdags/subdag.py
[2024-01-05T11:25:30.281-0300] {processor.py:829} INFO - Processing file /home/felipe/.local/lib/python3.11/site-packages/airflow/example_dags/subdags/subdag.py for tasks to queue
[2024-01-05T11:25:30.282-0300] {logging_mixin.py:154} INFO - [2024-01-05T11:25:30.282-0300] {dagbag.py:536} INFO - Filling up the DagBag from /home/felipe/.local/lib/python3.11/site-packages/airflow/example_dags/subdags/subdag.py
[2024-01-05T11:25:30.283-0300] {processor.py:841} WARNING - No viable dags retrieved from /home/felipe/.local/lib/python3.11/site-packages/airflow/example_dags/subdags/subdag.py
[2024-01-05T11:25:30.289-0300] {processor.py:179} INFO - Processing /home/felipe/.local/lib/python3.11/site-packages/airflow/example_dags/subdags/subdag.py took 0.043 seconds
[2024-01-05T11:26:14.406-0300] {processor.py:157} INFO - Started process (PID=18710) to work on /home/felipe/.local/lib/python3.11/site-packages/airflow/example_dags/subdags/subdag.py
[2024-01-05T11:26:14.447-0300] {processor.py:829} INFO - Processing file /home/felipe/.local/lib/python3.11/site-packages/airflow/example_dags/subdags/subdag.py for tasks to queue
[2024-01-05T11:26:14.447-0300] {logging_mixin.py:154} INFO - [2024-01-05T11:26:14.447-0300] {dagbag.py:536} INFO - Filling up the DagBag from /home/felipe/.local/lib/python3.11/site-packages/airflow/example_dags/subdags/subdag.py
[2024-01-05T11:26:14.449-0300] {processor.py:841} WARNING - No viable dags retrieved from /home/felipe/.local/lib/python3.11/site-packages/airflow/example_dags/subdags/subdag.py
[2024-01-05T11:26:14.454-0300] {processor.py:179} INFO - Processing /home/felipe/.local/lib/python3.11/site-packages/airflow/example_dags/subdags/subdag.py took 0.050 seconds
[2024-01-05T11:27:02.862-0300] {processor.py:157} INFO - Started process (PID=18790) to work on /home/felipe/.local/lib/python3.11/site-packages/airflow/example_dags/subdags/subdag.py
[2024-01-05T11:27:02.895-0300] {processor.py:829} INFO - Processing file /home/felipe/.local/lib/python3.11/site-packages/airflow/example_dags/subdags/subdag.py for tasks to queue
[2024-01-05T11:27:02.895-0300] {logging_mixin.py:154} INFO - [2024-01-05T11:27:02.895-0300] {dagbag.py:536} INFO - Filling up the DagBag from /home/felipe/.local/lib/python3.11/site-packages/airflow/example_dags/subdags/subdag.py
[2024-01-05T11:27:02.896-0300] {processor.py:841} WARNING - No viable dags retrieved from /home/felipe/.local/lib/python3.11/site-packages/airflow/example_dags/subdags/subdag.py
[2024-01-05T11:27:02.903-0300] {processor.py:179} INFO - Processing /home/felipe/.local/lib/python3.11/site-packages/airflow/example_dags/subdags/subdag.py took 0.042 seconds
[2024-01-05T11:27:55.496-0300] {processor.py:157} INFO - Started process (PID=18873) to work on /home/felipe/.local/lib/python3.11/site-packages/airflow/example_dags/subdags/subdag.py
[2024-01-05T11:27:55.496-0300] {processor.py:829} INFO - Processing file /home/felipe/.local/lib/python3.11/site-packages/airflow/example_dags/subdags/subdag.py for tasks to queue
[2024-01-05T11:27:55.497-0300] {logging_mixin.py:154} INFO - [2024-01-05T11:27:55.497-0300] {dagbag.py:536} INFO - Filling up the DagBag from /home/felipe/.local/lib/python3.11/site-packages/airflow/example_dags/subdags/subdag.py
[2024-01-05T11:27:55.498-0300] {processor.py:841} WARNING - No viable dags retrieved from /home/felipe/.local/lib/python3.11/site-packages/airflow/example_dags/subdags/subdag.py
[2024-01-05T11:27:55.505-0300] {processor.py:179} INFO - Processing /home/felipe/.local/lib/python3.11/site-packages/airflow/example_dags/subdags/subdag.py took 0.011 seconds
[2024-01-05T11:28:46.399-0300] {processor.py:157} INFO - Started process (PID=18957) to work on /home/felipe/.local/lib/python3.11/site-packages/airflow/example_dags/subdags/subdag.py
[2024-01-05T11:28:46.400-0300] {processor.py:829} INFO - Processing file /home/felipe/.local/lib/python3.11/site-packages/airflow/example_dags/subdags/subdag.py for tasks to queue
[2024-01-05T11:28:46.401-0300] {logging_mixin.py:154} INFO - [2024-01-05T11:28:46.400-0300] {dagbag.py:536} INFO - Filling up the DagBag from /home/felipe/.local/lib/python3.11/site-packages/airflow/example_dags/subdags/subdag.py
[2024-01-05T11:28:46.402-0300] {processor.py:841} WARNING - No viable dags retrieved from /home/felipe/.local/lib/python3.11/site-packages/airflow/example_dags/subdags/subdag.py
[2024-01-05T11:28:46.408-0300] {processor.py:179} INFO - Processing /home/felipe/.local/lib/python3.11/site-packages/airflow/example_dags/subdags/subdag.py took 0.011 seconds
[2024-01-05T11:29:38.598-0300] {processor.py:157} INFO - Started process (PID=19039) to work on /home/felipe/.local/lib/python3.11/site-packages/airflow/example_dags/subdags/subdag.py
[2024-01-05T11:29:38.630-0300] {processor.py:829} INFO - Processing file /home/felipe/.local/lib/python3.11/site-packages/airflow/example_dags/subdags/subdag.py for tasks to queue
[2024-01-05T11:29:38.631-0300] {logging_mixin.py:154} INFO - [2024-01-05T11:29:38.631-0300] {dagbag.py:536} INFO - Filling up the DagBag from /home/felipe/.local/lib/python3.11/site-packages/airflow/example_dags/subdags/subdag.py
[2024-01-05T11:29:38.632-0300] {processor.py:841} WARNING - No viable dags retrieved from /home/felipe/.local/lib/python3.11/site-packages/airflow/example_dags/subdags/subdag.py
[2024-01-05T11:29:38.639-0300] {processor.py:179} INFO - Processing /home/felipe/.local/lib/python3.11/site-packages/airflow/example_dags/subdags/subdag.py took 0.043 seconds
[2024-01-05T11:30:21.619-0300] {processor.py:157} INFO - Started process (PID=19119) to work on /home/felipe/.local/lib/python3.11/site-packages/airflow/example_dags/subdags/subdag.py
[2024-01-05T11:30:21.651-0300] {processor.py:829} INFO - Processing file /home/felipe/.local/lib/python3.11/site-packages/airflow/example_dags/subdags/subdag.py for tasks to queue
[2024-01-05T11:30:21.651-0300] {logging_mixin.py:154} INFO - [2024-01-05T11:30:21.651-0300] {dagbag.py:536} INFO - Filling up the DagBag from /home/felipe/.local/lib/python3.11/site-packages/airflow/example_dags/subdags/subdag.py
[2024-01-05T11:30:21.653-0300] {processor.py:841} WARNING - No viable dags retrieved from /home/felipe/.local/lib/python3.11/site-packages/airflow/example_dags/subdags/subdag.py
[2024-01-05T11:30:21.659-0300] {processor.py:179} INFO - Processing /home/felipe/.local/lib/python3.11/site-packages/airflow/example_dags/subdags/subdag.py took 0.042 seconds
[2024-01-05T11:31:01.678-0300] {processor.py:157} INFO - Started process (PID=19211) to work on /home/felipe/.local/lib/python3.11/site-packages/airflow/example_dags/subdags/subdag.py
[2024-01-05T11:31:01.710-0300] {processor.py:829} INFO - Processing file /home/felipe/.local/lib/python3.11/site-packages/airflow/example_dags/subdags/subdag.py for tasks to queue
[2024-01-05T11:31:01.710-0300] {logging_mixin.py:154} INFO - [2024-01-05T11:31:01.710-0300] {dagbag.py:536} INFO - Filling up the DagBag from /home/felipe/.local/lib/python3.11/site-packages/airflow/example_dags/subdags/subdag.py
[2024-01-05T11:31:01.712-0300] {processor.py:841} WARNING - No viable dags retrieved from /home/felipe/.local/lib/python3.11/site-packages/airflow/example_dags/subdags/subdag.py
[2024-01-05T11:31:01.718-0300] {processor.py:179} INFO - Processing /home/felipe/.local/lib/python3.11/site-packages/airflow/example_dags/subdags/subdag.py took 0.042 seconds
[2024-01-05T11:31:41.855-0300] {processor.py:157} INFO - Started process (PID=19289) to work on /home/felipe/.local/lib/python3.11/site-packages/airflow/example_dags/subdags/subdag.py
[2024-01-05T11:31:41.887-0300] {processor.py:829} INFO - Processing file /home/felipe/.local/lib/python3.11/site-packages/airflow/example_dags/subdags/subdag.py for tasks to queue
[2024-01-05T11:31:41.887-0300] {logging_mixin.py:154} INFO - [2024-01-05T11:31:41.887-0300] {dagbag.py:536} INFO - Filling up the DagBag from /home/felipe/.local/lib/python3.11/site-packages/airflow/example_dags/subdags/subdag.py
[2024-01-05T11:31:41.889-0300] {processor.py:841} WARNING - No viable dags retrieved from /home/felipe/.local/lib/python3.11/site-packages/airflow/example_dags/subdags/subdag.py
[2024-01-05T11:31:41.895-0300] {processor.py:179} INFO - Processing /home/felipe/.local/lib/python3.11/site-packages/airflow/example_dags/subdags/subdag.py took 0.042 seconds
[2024-01-05T11:32:31.142-0300] {processor.py:157} INFO - Started process (PID=19365) to work on /home/felipe/.local/lib/python3.11/site-packages/airflow/example_dags/subdags/subdag.py
[2024-01-05T11:32:31.143-0300] {processor.py:829} INFO - Processing file /home/felipe/.local/lib/python3.11/site-packages/airflow/example_dags/subdags/subdag.py for tasks to queue
[2024-01-05T11:32:31.143-0300] {logging_mixin.py:154} INFO - [2024-01-05T11:32:31.143-0300] {dagbag.py:536} INFO - Filling up the DagBag from /home/felipe/.local/lib/python3.11/site-packages/airflow/example_dags/subdags/subdag.py
[2024-01-05T11:32:31.144-0300] {processor.py:841} WARNING - No viable dags retrieved from /home/felipe/.local/lib/python3.11/site-packages/airflow/example_dags/subdags/subdag.py
[2024-01-05T11:32:31.151-0300] {processor.py:179} INFO - Processing /home/felipe/.local/lib/python3.11/site-packages/airflow/example_dags/subdags/subdag.py took 0.010 seconds
[2024-01-05T11:33:19.390-0300] {processor.py:157} INFO - Started process (PID=19450) to work on /home/felipe/.local/lib/python3.11/site-packages/airflow/example_dags/subdags/subdag.py
[2024-01-05T11:33:19.422-0300] {processor.py:829} INFO - Processing file /home/felipe/.local/lib/python3.11/site-packages/airflow/example_dags/subdags/subdag.py for tasks to queue
[2024-01-05T11:33:19.423-0300] {logging_mixin.py:154} INFO - [2024-01-05T11:33:19.423-0300] {dagbag.py:536} INFO - Filling up the DagBag from /home/felipe/.local/lib/python3.11/site-packages/airflow/example_dags/subdags/subdag.py
[2024-01-05T11:33:19.424-0300] {processor.py:841} WARNING - No viable dags retrieved from /home/felipe/.local/lib/python3.11/site-packages/airflow/example_dags/subdags/subdag.py
[2024-01-05T11:33:19.430-0300] {processor.py:179} INFO - Processing /home/felipe/.local/lib/python3.11/site-packages/airflow/example_dags/subdags/subdag.py took 0.042 seconds
[2024-01-05T11:34:10.309-0300] {processor.py:157} INFO - Started process (PID=19547) to work on /home/felipe/.local/lib/python3.11/site-packages/airflow/example_dags/subdags/subdag.py
[2024-01-05T11:34:10.341-0300] {processor.py:829} INFO - Processing file /home/felipe/.local/lib/python3.11/site-packages/airflow/example_dags/subdags/subdag.py for tasks to queue
[2024-01-05T11:34:10.342-0300] {logging_mixin.py:154} INFO - [2024-01-05T11:34:10.341-0300] {dagbag.py:536} INFO - Filling up the DagBag from /home/felipe/.local/lib/python3.11/site-packages/airflow/example_dags/subdags/subdag.py
[2024-01-05T11:34:10.343-0300] {processor.py:841} WARNING - No viable dags retrieved from /home/felipe/.local/lib/python3.11/site-packages/airflow/example_dags/subdags/subdag.py
[2024-01-05T11:34:10.349-0300] {processor.py:179} INFO - Processing /home/felipe/.local/lib/python3.11/site-packages/airflow/example_dags/subdags/subdag.py took 0.043 seconds
[2024-01-05T11:34:59.690-0300] {processor.py:157} INFO - Started process (PID=19647) to work on /home/felipe/.local/lib/python3.11/site-packages/airflow/example_dags/subdags/subdag.py
[2024-01-05T11:34:59.722-0300] {processor.py:829} INFO - Processing file /home/felipe/.local/lib/python3.11/site-packages/airflow/example_dags/subdags/subdag.py for tasks to queue
[2024-01-05T11:34:59.722-0300] {logging_mixin.py:154} INFO - [2024-01-05T11:34:59.722-0300] {dagbag.py:536} INFO - Filling up the DagBag from /home/felipe/.local/lib/python3.11/site-packages/airflow/example_dags/subdags/subdag.py
[2024-01-05T11:34:59.724-0300] {processor.py:841} WARNING - No viable dags retrieved from /home/felipe/.local/lib/python3.11/site-packages/airflow/example_dags/subdags/subdag.py
[2024-01-05T11:34:59.730-0300] {processor.py:179} INFO - Processing /home/felipe/.local/lib/python3.11/site-packages/airflow/example_dags/subdags/subdag.py took 0.043 seconds
[2024-01-05T11:35:49.190-0300] {processor.py:157} INFO - Started process (PID=19735) to work on /home/felipe/.local/lib/python3.11/site-packages/airflow/example_dags/subdags/subdag.py
[2024-01-05T11:35:49.222-0300] {processor.py:829} INFO - Processing file /home/felipe/.local/lib/python3.11/site-packages/airflow/example_dags/subdags/subdag.py for tasks to queue
[2024-01-05T11:35:49.222-0300] {logging_mixin.py:154} INFO - [2024-01-05T11:35:49.222-0300] {dagbag.py:536} INFO - Filling up the DagBag from /home/felipe/.local/lib/python3.11/site-packages/airflow/example_dags/subdags/subdag.py
[2024-01-05T11:35:49.224-0300] {processor.py:841} WARNING - No viable dags retrieved from /home/felipe/.local/lib/python3.11/site-packages/airflow/example_dags/subdags/subdag.py
[2024-01-05T11:35:49.230-0300] {processor.py:179} INFO - Processing /home/felipe/.local/lib/python3.11/site-packages/airflow/example_dags/subdags/subdag.py took 0.043 seconds
[2024-01-05T11:36:38.647-0300] {processor.py:157} INFO - Started process (PID=19831) to work on /home/felipe/.local/lib/python3.11/site-packages/airflow/example_dags/subdags/subdag.py
[2024-01-05T11:36:38.679-0300] {processor.py:829} INFO - Processing file /home/felipe/.local/lib/python3.11/site-packages/airflow/example_dags/subdags/subdag.py for tasks to queue
[2024-01-05T11:36:38.680-0300] {logging_mixin.py:154} INFO - [2024-01-05T11:36:38.680-0300] {dagbag.py:536} INFO - Filling up the DagBag from /home/felipe/.local/lib/python3.11/site-packages/airflow/example_dags/subdags/subdag.py
[2024-01-05T11:36:38.682-0300] {processor.py:841} WARNING - No viable dags retrieved from /home/felipe/.local/lib/python3.11/site-packages/airflow/example_dags/subdags/subdag.py
[2024-01-05T11:36:38.692-0300] {processor.py:179} INFO - Processing /home/felipe/.local/lib/python3.11/site-packages/airflow/example_dags/subdags/subdag.py took 0.047 seconds
[2024-01-05T11:37:28.233-0300] {processor.py:157} INFO - Started process (PID=19929) to work on /home/felipe/.local/lib/python3.11/site-packages/airflow/example_dags/subdags/subdag.py
[2024-01-05T11:37:28.265-0300] {processor.py:829} INFO - Processing file /home/felipe/.local/lib/python3.11/site-packages/airflow/example_dags/subdags/subdag.py for tasks to queue
[2024-01-05T11:37:28.266-0300] {logging_mixin.py:154} INFO - [2024-01-05T11:37:28.265-0300] {dagbag.py:536} INFO - Filling up the DagBag from /home/felipe/.local/lib/python3.11/site-packages/airflow/example_dags/subdags/subdag.py
[2024-01-05T11:37:28.267-0300] {processor.py:841} WARNING - No viable dags retrieved from /home/felipe/.local/lib/python3.11/site-packages/airflow/example_dags/subdags/subdag.py
[2024-01-05T11:37:28.273-0300] {processor.py:179} INFO - Processing /home/felipe/.local/lib/python3.11/site-packages/airflow/example_dags/subdags/subdag.py took 0.043 seconds
[2024-01-05T11:38:12.835-0300] {processor.py:157} INFO - Started process (PID=20013) to work on /home/felipe/.local/lib/python3.11/site-packages/airflow/example_dags/subdags/subdag.py
[2024-01-05T11:38:12.867-0300] {processor.py:829} INFO - Processing file /home/felipe/.local/lib/python3.11/site-packages/airflow/example_dags/subdags/subdag.py for tasks to queue
[2024-01-05T11:38:12.867-0300] {logging_mixin.py:154} INFO - [2024-01-05T11:38:12.867-0300] {dagbag.py:536} INFO - Filling up the DagBag from /home/felipe/.local/lib/python3.11/site-packages/airflow/example_dags/subdags/subdag.py
[2024-01-05T11:38:12.869-0300] {processor.py:841} WARNING - No viable dags retrieved from /home/felipe/.local/lib/python3.11/site-packages/airflow/example_dags/subdags/subdag.py
[2024-01-05T11:38:12.875-0300] {processor.py:179} INFO - Processing /home/felipe/.local/lib/python3.11/site-packages/airflow/example_dags/subdags/subdag.py took 0.042 seconds
[2024-01-05T11:38:52.976-0300] {processor.py:157} INFO - Started process (PID=20093) to work on /home/felipe/.local/lib/python3.11/site-packages/airflow/example_dags/subdags/subdag.py
[2024-01-05T11:38:53.008-0300] {processor.py:829} INFO - Processing file /home/felipe/.local/lib/python3.11/site-packages/airflow/example_dags/subdags/subdag.py for tasks to queue
[2024-01-05T11:38:53.009-0300] {logging_mixin.py:154} INFO - [2024-01-05T11:38:53.009-0300] {dagbag.py:536} INFO - Filling up the DagBag from /home/felipe/.local/lib/python3.11/site-packages/airflow/example_dags/subdags/subdag.py
[2024-01-05T11:38:53.010-0300] {processor.py:841} WARNING - No viable dags retrieved from /home/felipe/.local/lib/python3.11/site-packages/airflow/example_dags/subdags/subdag.py
[2024-01-05T11:38:53.017-0300] {processor.py:179} INFO - Processing /home/felipe/.local/lib/python3.11/site-packages/airflow/example_dags/subdags/subdag.py took 0.043 seconds
[2024-01-05T11:39:31.887-0300] {processor.py:157} INFO - Started process (PID=20165) to work on /home/felipe/.local/lib/python3.11/site-packages/airflow/example_dags/subdags/subdag.py
[2024-01-05T11:39:31.919-0300] {processor.py:829} INFO - Processing file /home/felipe/.local/lib/python3.11/site-packages/airflow/example_dags/subdags/subdag.py for tasks to queue
[2024-01-05T11:39:31.919-0300] {logging_mixin.py:154} INFO - [2024-01-05T11:39:31.919-0300] {dagbag.py:536} INFO - Filling up the DagBag from /home/felipe/.local/lib/python3.11/site-packages/airflow/example_dags/subdags/subdag.py
[2024-01-05T11:39:31.921-0300] {processor.py:841} WARNING - No viable dags retrieved from /home/felipe/.local/lib/python3.11/site-packages/airflow/example_dags/subdags/subdag.py
[2024-01-05T11:39:31.927-0300] {processor.py:179} INFO - Processing /home/felipe/.local/lib/python3.11/site-packages/airflow/example_dags/subdags/subdag.py took 0.042 seconds
[2024-01-05T11:40:14.512-0300] {processor.py:157} INFO - Started process (PID=20242) to work on /home/felipe/.local/lib/python3.11/site-packages/airflow/example_dags/subdags/subdag.py
[2024-01-05T11:40:14.544-0300] {processor.py:829} INFO - Processing file /home/felipe/.local/lib/python3.11/site-packages/airflow/example_dags/subdags/subdag.py for tasks to queue
[2024-01-05T11:40:14.544-0300] {logging_mixin.py:154} INFO - [2024-01-05T11:40:14.544-0300] {dagbag.py:536} INFO - Filling up the DagBag from /home/felipe/.local/lib/python3.11/site-packages/airflow/example_dags/subdags/subdag.py
[2024-01-05T11:40:14.546-0300] {processor.py:841} WARNING - No viable dags retrieved from /home/felipe/.local/lib/python3.11/site-packages/airflow/example_dags/subdags/subdag.py
[2024-01-05T11:40:14.552-0300] {processor.py:179} INFO - Processing /home/felipe/.local/lib/python3.11/site-packages/airflow/example_dags/subdags/subdag.py took 0.042 seconds
[2024-01-05T11:41:01.130-0300] {processor.py:157} INFO - Started process (PID=20316) to work on /home/felipe/.local/lib/python3.11/site-packages/airflow/example_dags/subdags/subdag.py
[2024-01-05T11:41:01.162-0300] {processor.py:829} INFO - Processing file /home/felipe/.local/lib/python3.11/site-packages/airflow/example_dags/subdags/subdag.py for tasks to queue
[2024-01-05T11:41:01.163-0300] {logging_mixin.py:154} INFO - [2024-01-05T11:41:01.163-0300] {dagbag.py:536} INFO - Filling up the DagBag from /home/felipe/.local/lib/python3.11/site-packages/airflow/example_dags/subdags/subdag.py
[2024-01-05T11:41:01.164-0300] {processor.py:841} WARNING - No viable dags retrieved from /home/felipe/.local/lib/python3.11/site-packages/airflow/example_dags/subdags/subdag.py
[2024-01-05T11:41:01.170-0300] {processor.py:179} INFO - Processing /home/felipe/.local/lib/python3.11/site-packages/airflow/example_dags/subdags/subdag.py took 0.042 seconds
[2024-01-05T11:41:50.648-0300] {processor.py:157} INFO - Started process (PID=20397) to work on /home/felipe/.local/lib/python3.11/site-packages/airflow/example_dags/subdags/subdag.py
[2024-01-05T11:41:50.680-0300] {processor.py:829} INFO - Processing file /home/felipe/.local/lib/python3.11/site-packages/airflow/example_dags/subdags/subdag.py for tasks to queue
[2024-01-05T11:41:50.681-0300] {logging_mixin.py:154} INFO - [2024-01-05T11:41:50.681-0300] {dagbag.py:536} INFO - Filling up the DagBag from /home/felipe/.local/lib/python3.11/site-packages/airflow/example_dags/subdags/subdag.py
[2024-01-05T11:41:50.682-0300] {processor.py:841} WARNING - No viable dags retrieved from /home/felipe/.local/lib/python3.11/site-packages/airflow/example_dags/subdags/subdag.py
[2024-01-05T11:41:50.689-0300] {processor.py:179} INFO - Processing /home/felipe/.local/lib/python3.11/site-packages/airflow/example_dags/subdags/subdag.py took 0.043 seconds
[2024-01-05T11:42:34.366-0300] {processor.py:157} INFO - Started process (PID=20475) to work on /home/felipe/.local/lib/python3.11/site-packages/airflow/example_dags/subdags/subdag.py
[2024-01-05T11:42:34.398-0300] {processor.py:829} INFO - Processing file /home/felipe/.local/lib/python3.11/site-packages/airflow/example_dags/subdags/subdag.py for tasks to queue
[2024-01-05T11:42:34.399-0300] {logging_mixin.py:154} INFO - [2024-01-05T11:42:34.399-0300] {dagbag.py:536} INFO - Filling up the DagBag from /home/felipe/.local/lib/python3.11/site-packages/airflow/example_dags/subdags/subdag.py
[2024-01-05T11:42:34.400-0300] {processor.py:841} WARNING - No viable dags retrieved from /home/felipe/.local/lib/python3.11/site-packages/airflow/example_dags/subdags/subdag.py
[2024-01-05T11:42:34.406-0300] {processor.py:179} INFO - Processing /home/felipe/.local/lib/python3.11/site-packages/airflow/example_dags/subdags/subdag.py took 0.042 seconds
[2024-01-05T11:43:13.267-0300] {processor.py:157} INFO - Started process (PID=20548) to work on /home/felipe/.local/lib/python3.11/site-packages/airflow/example_dags/subdags/subdag.py
[2024-01-05T11:43:13.299-0300] {processor.py:829} INFO - Processing file /home/felipe/.local/lib/python3.11/site-packages/airflow/example_dags/subdags/subdag.py for tasks to queue
[2024-01-05T11:43:13.300-0300] {logging_mixin.py:154} INFO - [2024-01-05T11:43:13.300-0300] {dagbag.py:536} INFO - Filling up the DagBag from /home/felipe/.local/lib/python3.11/site-packages/airflow/example_dags/subdags/subdag.py
[2024-01-05T11:43:13.301-0300] {processor.py:841} WARNING - No viable dags retrieved from /home/felipe/.local/lib/python3.11/site-packages/airflow/example_dags/subdags/subdag.py
[2024-01-05T11:43:13.307-0300] {processor.py:179} INFO - Processing /home/felipe/.local/lib/python3.11/site-packages/airflow/example_dags/subdags/subdag.py took 0.042 seconds
[2024-01-05T11:43:54.419-0300] {processor.py:157} INFO - Started process (PID=20626) to work on /home/felipe/.local/lib/python3.11/site-packages/airflow/example_dags/subdags/subdag.py
[2024-01-05T11:43:54.451-0300] {processor.py:829} INFO - Processing file /home/felipe/.local/lib/python3.11/site-packages/airflow/example_dags/subdags/subdag.py for tasks to queue
[2024-01-05T11:43:54.452-0300] {logging_mixin.py:154} INFO - [2024-01-05T11:43:54.452-0300] {dagbag.py:536} INFO - Filling up the DagBag from /home/felipe/.local/lib/python3.11/site-packages/airflow/example_dags/subdags/subdag.py
[2024-01-05T11:43:54.453-0300] {processor.py:841} WARNING - No viable dags retrieved from /home/felipe/.local/lib/python3.11/site-packages/airflow/example_dags/subdags/subdag.py
[2024-01-05T11:43:54.460-0300] {processor.py:179} INFO - Processing /home/felipe/.local/lib/python3.11/site-packages/airflow/example_dags/subdags/subdag.py took 0.043 seconds
[2024-01-05T11:44:43.051-0300] {processor.py:157} INFO - Started process (PID=20703) to work on /home/felipe/.local/lib/python3.11/site-packages/airflow/example_dags/subdags/subdag.py
[2024-01-05T11:44:43.053-0300] {processor.py:829} INFO - Processing file /home/felipe/.local/lib/python3.11/site-packages/airflow/example_dags/subdags/subdag.py for tasks to queue
[2024-01-05T11:44:43.053-0300] {logging_mixin.py:154} INFO - [2024-01-05T11:44:43.053-0300] {dagbag.py:536} INFO - Filling up the DagBag from /home/felipe/.local/lib/python3.11/site-packages/airflow/example_dags/subdags/subdag.py
[2024-01-05T11:44:43.055-0300] {processor.py:841} WARNING - No viable dags retrieved from /home/felipe/.local/lib/python3.11/site-packages/airflow/example_dags/subdags/subdag.py
[2024-01-05T11:44:43.061-0300] {processor.py:179} INFO - Processing /home/felipe/.local/lib/python3.11/site-packages/airflow/example_dags/subdags/subdag.py took 0.012 seconds
[2024-01-05T11:45:29.812-0300] {processor.py:157} INFO - Started process (PID=20787) to work on /home/felipe/.local/lib/python3.11/site-packages/airflow/example_dags/subdags/subdag.py
[2024-01-05T11:45:29.844-0300] {processor.py:829} INFO - Processing file /home/felipe/.local/lib/python3.11/site-packages/airflow/example_dags/subdags/subdag.py for tasks to queue
[2024-01-05T11:45:29.845-0300] {logging_mixin.py:154} INFO - [2024-01-05T11:45:29.844-0300] {dagbag.py:536} INFO - Filling up the DagBag from /home/felipe/.local/lib/python3.11/site-packages/airflow/example_dags/subdags/subdag.py
[2024-01-05T11:45:29.846-0300] {processor.py:841} WARNING - No viable dags retrieved from /home/felipe/.local/lib/python3.11/site-packages/airflow/example_dags/subdags/subdag.py
[2024-01-05T11:45:29.852-0300] {processor.py:179} INFO - Processing /home/felipe/.local/lib/python3.11/site-packages/airflow/example_dags/subdags/subdag.py took 0.042 seconds
[2024-01-05T11:46:16.491-0300] {processor.py:157} INFO - Started process (PID=20859) to work on /home/felipe/.local/lib/python3.11/site-packages/airflow/example_dags/subdags/subdag.py
[2024-01-05T11:46:16.491-0300] {processor.py:829} INFO - Processing file /home/felipe/.local/lib/python3.11/site-packages/airflow/example_dags/subdags/subdag.py for tasks to queue
[2024-01-05T11:46:16.492-0300] {logging_mixin.py:154} INFO - [2024-01-05T11:46:16.492-0300] {dagbag.py:536} INFO - Filling up the DagBag from /home/felipe/.local/lib/python3.11/site-packages/airflow/example_dags/subdags/subdag.py
[2024-01-05T11:46:16.493-0300] {processor.py:841} WARNING - No viable dags retrieved from /home/felipe/.local/lib/python3.11/site-packages/airflow/example_dags/subdags/subdag.py
[2024-01-05T11:46:16.500-0300] {processor.py:179} INFO - Processing /home/felipe/.local/lib/python3.11/site-packages/airflow/example_dags/subdags/subdag.py took 0.011 seconds
[2024-01-05T11:47:08.728-0300] {processor.py:157} INFO - Started process (PID=20940) to work on /home/felipe/.local/lib/python3.11/site-packages/airflow/example_dags/subdags/subdag.py
[2024-01-05T11:47:08.760-0300] {processor.py:829} INFO - Processing file /home/felipe/.local/lib/python3.11/site-packages/airflow/example_dags/subdags/subdag.py for tasks to queue
[2024-01-05T11:47:08.760-0300] {logging_mixin.py:154} INFO - [2024-01-05T11:47:08.760-0300] {dagbag.py:536} INFO - Filling up the DagBag from /home/felipe/.local/lib/python3.11/site-packages/airflow/example_dags/subdags/subdag.py
[2024-01-05T11:47:08.762-0300] {processor.py:841} WARNING - No viable dags retrieved from /home/felipe/.local/lib/python3.11/site-packages/airflow/example_dags/subdags/subdag.py
[2024-01-05T11:47:08.768-0300] {processor.py:179} INFO - Processing /home/felipe/.local/lib/python3.11/site-packages/airflow/example_dags/subdags/subdag.py took 0.042 seconds
[2024-01-05T11:47:57.117-0300] {processor.py:157} INFO - Started process (PID=21018) to work on /home/felipe/.local/lib/python3.11/site-packages/airflow/example_dags/subdags/subdag.py
[2024-01-05T11:47:57.149-0300] {processor.py:829} INFO - Processing file /home/felipe/.local/lib/python3.11/site-packages/airflow/example_dags/subdags/subdag.py for tasks to queue
[2024-01-05T11:47:57.149-0300] {logging_mixin.py:154} INFO - [2024-01-05T11:47:57.149-0300] {dagbag.py:536} INFO - Filling up the DagBag from /home/felipe/.local/lib/python3.11/site-packages/airflow/example_dags/subdags/subdag.py
[2024-01-05T11:47:57.151-0300] {processor.py:841} WARNING - No viable dags retrieved from /home/felipe/.local/lib/python3.11/site-packages/airflow/example_dags/subdags/subdag.py
[2024-01-05T11:47:57.157-0300] {processor.py:179} INFO - Processing /home/felipe/.local/lib/python3.11/site-packages/airflow/example_dags/subdags/subdag.py took 0.042 seconds
[2024-01-05T11:48:51.819-0300] {processor.py:157} INFO - Started process (PID=21110) to work on /home/felipe/.local/lib/python3.11/site-packages/airflow/example_dags/subdags/subdag.py
[2024-01-05T11:48:51.851-0300] {processor.py:829} INFO - Processing file /home/felipe/.local/lib/python3.11/site-packages/airflow/example_dags/subdags/subdag.py for tasks to queue
[2024-01-05T11:48:51.852-0300] {logging_mixin.py:154} INFO - [2024-01-05T11:48:51.852-0300] {dagbag.py:536} INFO - Filling up the DagBag from /home/felipe/.local/lib/python3.11/site-packages/airflow/example_dags/subdags/subdag.py
[2024-01-05T11:48:51.854-0300] {processor.py:841} WARNING - No viable dags retrieved from /home/felipe/.local/lib/python3.11/site-packages/airflow/example_dags/subdags/subdag.py
[2024-01-05T11:48:51.860-0300] {processor.py:179} INFO - Processing /home/felipe/.local/lib/python3.11/site-packages/airflow/example_dags/subdags/subdag.py took 0.043 seconds
[2024-01-05T11:49:42.614-0300] {processor.py:157} INFO - Started process (PID=21193) to work on /home/felipe/.local/lib/python3.11/site-packages/airflow/example_dags/subdags/subdag.py
[2024-01-05T11:49:42.646-0300] {processor.py:829} INFO - Processing file /home/felipe/.local/lib/python3.11/site-packages/airflow/example_dags/subdags/subdag.py for tasks to queue
[2024-01-05T11:49:42.647-0300] {logging_mixin.py:154} INFO - [2024-01-05T11:49:42.647-0300] {dagbag.py:536} INFO - Filling up the DagBag from /home/felipe/.local/lib/python3.11/site-packages/airflow/example_dags/subdags/subdag.py
[2024-01-05T11:49:42.648-0300] {processor.py:841} WARNING - No viable dags retrieved from /home/felipe/.local/lib/python3.11/site-packages/airflow/example_dags/subdags/subdag.py
[2024-01-05T11:49:42.654-0300] {processor.py:179} INFO - Processing /home/felipe/.local/lib/python3.11/site-packages/airflow/example_dags/subdags/subdag.py took 0.042 seconds
[2024-01-05T11:50:28.574-0300] {processor.py:157} INFO - Started process (PID=21271) to work on /home/felipe/.local/lib/python3.11/site-packages/airflow/example_dags/subdags/subdag.py
[2024-01-05T11:50:28.606-0300] {processor.py:829} INFO - Processing file /home/felipe/.local/lib/python3.11/site-packages/airflow/example_dags/subdags/subdag.py for tasks to queue
[2024-01-05T11:50:28.607-0300] {logging_mixin.py:154} INFO - [2024-01-05T11:50:28.607-0300] {dagbag.py:536} INFO - Filling up the DagBag from /home/felipe/.local/lib/python3.11/site-packages/airflow/example_dags/subdags/subdag.py
[2024-01-05T11:50:28.608-0300] {processor.py:841} WARNING - No viable dags retrieved from /home/felipe/.local/lib/python3.11/site-packages/airflow/example_dags/subdags/subdag.py
[2024-01-05T11:50:28.614-0300] {processor.py:179} INFO - Processing /home/felipe/.local/lib/python3.11/site-packages/airflow/example_dags/subdags/subdag.py took 0.042 seconds
[2024-01-05T11:51:12.678-0300] {processor.py:157} INFO - Started process (PID=21364) to work on /home/felipe/.local/lib/python3.11/site-packages/airflow/example_dags/subdags/subdag.py
[2024-01-05T11:51:12.711-0300] {processor.py:829} INFO - Processing file /home/felipe/.local/lib/python3.11/site-packages/airflow/example_dags/subdags/subdag.py for tasks to queue
[2024-01-05T11:51:12.711-0300] {logging_mixin.py:154} INFO - [2024-01-05T11:51:12.711-0300] {dagbag.py:536} INFO - Filling up the DagBag from /home/felipe/.local/lib/python3.11/site-packages/airflow/example_dags/subdags/subdag.py
[2024-01-05T11:51:12.712-0300] {processor.py:841} WARNING - No viable dags retrieved from /home/felipe/.local/lib/python3.11/site-packages/airflow/example_dags/subdags/subdag.py
[2024-01-05T11:51:12.718-0300] {processor.py:179} INFO - Processing /home/felipe/.local/lib/python3.11/site-packages/airflow/example_dags/subdags/subdag.py took 0.042 seconds
[2024-01-05T11:51:56.941-0300] {processor.py:157} INFO - Started process (PID=21461) to work on /home/felipe/.local/lib/python3.11/site-packages/airflow/example_dags/subdags/subdag.py
[2024-01-05T11:51:56.973-0300] {processor.py:829} INFO - Processing file /home/felipe/.local/lib/python3.11/site-packages/airflow/example_dags/subdags/subdag.py for tasks to queue
[2024-01-05T11:51:56.974-0300] {logging_mixin.py:154} INFO - [2024-01-05T11:51:56.974-0300] {dagbag.py:536} INFO - Filling up the DagBag from /home/felipe/.local/lib/python3.11/site-packages/airflow/example_dags/subdags/subdag.py
[2024-01-05T11:51:56.975-0300] {processor.py:841} WARNING - No viable dags retrieved from /home/felipe/.local/lib/python3.11/site-packages/airflow/example_dags/subdags/subdag.py
[2024-01-05T11:51:56.981-0300] {processor.py:179} INFO - Processing /home/felipe/.local/lib/python3.11/site-packages/airflow/example_dags/subdags/subdag.py took 0.042 seconds
