[2024-01-09T10:10:08.245-0300] {processor.py:157} INFO - Started process (PID=8524) to work on /home/felipe/.local/lib/python3.11/site-packages/airflow/example_dags/example_params_trigger_ui.py
[2024-01-09T10:10:08.245-0300] {processor.py:829} INFO - Processing file /home/felipe/.local/lib/python3.11/site-packages/airflow/example_dags/example_params_trigger_ui.py for tasks to queue
[2024-01-09T10:10:08.246-0300] {logging_mixin.py:154} INFO - [2024-01-09T10:10:08.246-0300] {dagbag.py:536} INFO - Filling up the DagBag from /home/felipe/.local/lib/python3.11/site-packages/airflow/example_dags/example_params_trigger_ui.py
[2024-01-09T10:10:08.256-0300] {processor.py:839} INFO - DAG(s) dict_keys(['example_params_trigger_ui']) retrieved from /home/felipe/.local/lib/python3.11/site-packages/airflow/example_dags/example_params_trigger_ui.py
[2024-01-09T10:10:08.261-0300] {logging_mixin.py:154} INFO - [2024-01-09T10:10:08.261-0300] {dag.py:2941} INFO - Sync 1 DAGs
[2024-01-09T10:10:08.268-0300] {logging_mixin.py:154} INFO - [2024-01-09T10:10:08.268-0300] {dag.py:3722} INFO - Setting next_dagrun for example_params_trigger_ui to None, run_after=None
[2024-01-09T10:10:08.278-0300] {processor.py:179} INFO - Processing /home/felipe/.local/lib/python3.11/site-packages/airflow/example_dags/example_params_trigger_ui.py took 0.034 seconds
[2024-01-09T10:11:03.453-0300] {processor.py:157} INFO - Started process (PID=8647) to work on /home/felipe/.local/lib/python3.11/site-packages/airflow/example_dags/example_params_trigger_ui.py
[2024-01-09T10:11:03.485-0300] {processor.py:829} INFO - Processing file /home/felipe/.local/lib/python3.11/site-packages/airflow/example_dags/example_params_trigger_ui.py for tasks to queue
[2024-01-09T10:11:03.486-0300] {logging_mixin.py:154} INFO - [2024-01-09T10:11:03.486-0300] {dagbag.py:536} INFO - Filling up the DagBag from /home/felipe/.local/lib/python3.11/site-packages/airflow/example_dags/example_params_trigger_ui.py
[2024-01-09T10:11:03.495-0300] {processor.py:839} INFO - DAG(s) dict_keys(['example_params_trigger_ui']) retrieved from /home/felipe/.local/lib/python3.11/site-packages/airflow/example_dags/example_params_trigger_ui.py
[2024-01-09T10:11:03.514-0300] {logging_mixin.py:154} INFO - [2024-01-09T10:11:03.514-0300] {dag.py:2941} INFO - Sync 1 DAGs
[2024-01-09T10:11:03.520-0300] {logging_mixin.py:154} INFO - [2024-01-09T10:11:03.520-0300] {dag.py:3722} INFO - Setting next_dagrun for example_params_trigger_ui to None, run_after=None
[2024-01-09T10:11:03.530-0300] {processor.py:179} INFO - Processing /home/felipe/.local/lib/python3.11/site-packages/airflow/example_dags/example_params_trigger_ui.py took 0.079 seconds
[2024-01-09T10:11:51.361-0300] {processor.py:157} INFO - Started process (PID=8741) to work on /home/felipe/.local/lib/python3.11/site-packages/airflow/example_dags/example_params_trigger_ui.py
[2024-01-09T10:11:51.393-0300] {processor.py:829} INFO - Processing file /home/felipe/.local/lib/python3.11/site-packages/airflow/example_dags/example_params_trigger_ui.py for tasks to queue
[2024-01-09T10:11:51.394-0300] {logging_mixin.py:154} INFO - [2024-01-09T10:11:51.393-0300] {dagbag.py:536} INFO - Filling up the DagBag from /home/felipe/.local/lib/python3.11/site-packages/airflow/example_dags/example_params_trigger_ui.py
[2024-01-09T10:11:51.403-0300] {processor.py:839} INFO - DAG(s) dict_keys(['example_params_trigger_ui']) retrieved from /home/felipe/.local/lib/python3.11/site-packages/airflow/example_dags/example_params_trigger_ui.py
[2024-01-09T10:11:51.421-0300] {logging_mixin.py:154} INFO - [2024-01-09T10:11:51.421-0300] {dag.py:2941} INFO - Sync 1 DAGs
[2024-01-09T10:11:51.426-0300] {logging_mixin.py:154} INFO - [2024-01-09T10:11:51.426-0300] {dag.py:3722} INFO - Setting next_dagrun for example_params_trigger_ui to None, run_after=None
[2024-01-09T10:11:51.443-0300] {processor.py:179} INFO - Processing /home/felipe/.local/lib/python3.11/site-packages/airflow/example_dags/example_params_trigger_ui.py took 0.084 seconds
[2024-01-09T10:12:37.132-0300] {processor.py:157} INFO - Started process (PID=8836) to work on /home/felipe/.local/lib/python3.11/site-packages/airflow/example_dags/example_params_trigger_ui.py
[2024-01-09T10:12:37.164-0300] {processor.py:829} INFO - Processing file /home/felipe/.local/lib/python3.11/site-packages/airflow/example_dags/example_params_trigger_ui.py for tasks to queue
[2024-01-09T10:12:37.165-0300] {logging_mixin.py:154} INFO - [2024-01-09T10:12:37.165-0300] {dagbag.py:536} INFO - Filling up the DagBag from /home/felipe/.local/lib/python3.11/site-packages/airflow/example_dags/example_params_trigger_ui.py
[2024-01-09T10:12:37.174-0300] {processor.py:839} INFO - DAG(s) dict_keys(['example_params_trigger_ui']) retrieved from /home/felipe/.local/lib/python3.11/site-packages/airflow/example_dags/example_params_trigger_ui.py
[2024-01-09T10:12:37.193-0300] {logging_mixin.py:154} INFO - [2024-01-09T10:12:37.193-0300] {dag.py:2941} INFO - Sync 1 DAGs
[2024-01-09T10:12:37.199-0300] {logging_mixin.py:154} INFO - [2024-01-09T10:12:37.198-0300] {dag.py:3722} INFO - Setting next_dagrun for example_params_trigger_ui to None, run_after=None
[2024-01-09T10:12:37.215-0300] {processor.py:179} INFO - Processing /home/felipe/.local/lib/python3.11/site-packages/airflow/example_dags/example_params_trigger_ui.py took 0.084 seconds
[2024-01-09T10:13:26.560-0300] {processor.py:157} INFO - Started process (PID=8920) to work on /home/felipe/.local/lib/python3.11/site-packages/airflow/example_dags/example_params_trigger_ui.py
[2024-01-09T10:13:26.592-0300] {processor.py:829} INFO - Processing file /home/felipe/.local/lib/python3.11/site-packages/airflow/example_dags/example_params_trigger_ui.py for tasks to queue
[2024-01-09T10:13:26.593-0300] {logging_mixin.py:154} INFO - [2024-01-09T10:13:26.593-0300] {dagbag.py:536} INFO - Filling up the DagBag from /home/felipe/.local/lib/python3.11/site-packages/airflow/example_dags/example_params_trigger_ui.py
[2024-01-09T10:13:26.603-0300] {processor.py:839} INFO - DAG(s) dict_keys(['example_params_trigger_ui']) retrieved from /home/felipe/.local/lib/python3.11/site-packages/airflow/example_dags/example_params_trigger_ui.py
[2024-01-09T10:13:26.623-0300] {logging_mixin.py:154} INFO - [2024-01-09T10:13:26.623-0300] {dag.py:2941} INFO - Sync 1 DAGs
[2024-01-09T10:13:26.629-0300] {logging_mixin.py:154} INFO - [2024-01-09T10:13:26.629-0300] {dag.py:3722} INFO - Setting next_dagrun for example_params_trigger_ui to None, run_after=None
[2024-01-09T10:13:26.647-0300] {processor.py:179} INFO - Processing /home/felipe/.local/lib/python3.11/site-packages/airflow/example_dags/example_params_trigger_ui.py took 0.088 seconds
[2024-01-09T10:14:18.425-0300] {processor.py:157} INFO - Started process (PID=8998) to work on /home/felipe/.local/lib/python3.11/site-packages/airflow/example_dags/example_params_trigger_ui.py
[2024-01-09T10:14:18.457-0300] {processor.py:829} INFO - Processing file /home/felipe/.local/lib/python3.11/site-packages/airflow/example_dags/example_params_trigger_ui.py for tasks to queue
[2024-01-09T10:14:18.457-0300] {logging_mixin.py:154} INFO - [2024-01-09T10:14:18.457-0300] {dagbag.py:536} INFO - Filling up the DagBag from /home/felipe/.local/lib/python3.11/site-packages/airflow/example_dags/example_params_trigger_ui.py
[2024-01-09T10:14:18.467-0300] {processor.py:839} INFO - DAG(s) dict_keys(['example_params_trigger_ui']) retrieved from /home/felipe/.local/lib/python3.11/site-packages/airflow/example_dags/example_params_trigger_ui.py
[2024-01-09T10:14:18.486-0300] {logging_mixin.py:154} INFO - [2024-01-09T10:14:18.486-0300] {dag.py:2941} INFO - Sync 1 DAGs
[2024-01-09T10:14:18.492-0300] {logging_mixin.py:154} INFO - [2024-01-09T10:14:18.492-0300] {dag.py:3722} INFO - Setting next_dagrun for example_params_trigger_ui to None, run_after=None
[2024-01-09T10:14:18.508-0300] {processor.py:179} INFO - Processing /home/felipe/.local/lib/python3.11/site-packages/airflow/example_dags/example_params_trigger_ui.py took 0.086 seconds
[2024-01-09T10:15:13.770-0300] {processor.py:157} INFO - Started process (PID=9127) to work on /home/felipe/.local/lib/python3.11/site-packages/airflow/example_dags/example_params_trigger_ui.py
[2024-01-09T10:15:13.802-0300] {processor.py:829} INFO - Processing file /home/felipe/.local/lib/python3.11/site-packages/airflow/example_dags/example_params_trigger_ui.py for tasks to queue
[2024-01-09T10:15:13.802-0300] {logging_mixin.py:154} INFO - [2024-01-09T10:15:13.802-0300] {dagbag.py:536} INFO - Filling up the DagBag from /home/felipe/.local/lib/python3.11/site-packages/airflow/example_dags/example_params_trigger_ui.py
[2024-01-09T10:15:13.812-0300] {processor.py:839} INFO - DAG(s) dict_keys(['example_params_trigger_ui']) retrieved from /home/felipe/.local/lib/python3.11/site-packages/airflow/example_dags/example_params_trigger_ui.py
[2024-01-09T10:15:13.830-0300] {logging_mixin.py:154} INFO - [2024-01-09T10:15:13.830-0300] {dag.py:2941} INFO - Sync 1 DAGs
[2024-01-09T10:15:13.836-0300] {logging_mixin.py:154} INFO - [2024-01-09T10:15:13.836-0300] {dag.py:3722} INFO - Setting next_dagrun for example_params_trigger_ui to None, run_after=None
[2024-01-09T10:15:13.853-0300] {processor.py:179} INFO - Processing /home/felipe/.local/lib/python3.11/site-packages/airflow/example_dags/example_params_trigger_ui.py took 0.085 seconds
[2024-01-09T10:20:43.707-0300] {processor.py:157} INFO - Started process (PID=9700) to work on /home/felipe/.local/lib/python3.11/site-packages/airflow/example_dags/example_params_trigger_ui.py
[2024-01-09T10:20:43.707-0300] {processor.py:829} INFO - Processing file /home/felipe/.local/lib/python3.11/site-packages/airflow/example_dags/example_params_trigger_ui.py for tasks to queue
[2024-01-09T10:20:43.708-0300] {logging_mixin.py:154} INFO - [2024-01-09T10:20:43.708-0300] {dagbag.py:536} INFO - Filling up the DagBag from /home/felipe/.local/lib/python3.11/site-packages/airflow/example_dags/example_params_trigger_ui.py
[2024-01-09T10:20:43.717-0300] {processor.py:839} INFO - DAG(s) dict_keys(['example_params_trigger_ui']) retrieved from /home/felipe/.local/lib/python3.11/site-packages/airflow/example_dags/example_params_trigger_ui.py
[2024-01-09T10:20:43.739-0300] {logging_mixin.py:154} INFO - [2024-01-09T10:20:43.739-0300] {dag.py:2941} INFO - Sync 1 DAGs
[2024-01-09T10:20:43.744-0300] {logging_mixin.py:154} INFO - [2024-01-09T10:20:43.744-0300] {dag.py:3722} INFO - Setting next_dagrun for example_params_trigger_ui to None, run_after=None
[2024-01-09T10:20:43.753-0300] {processor.py:179} INFO - Processing /home/felipe/.local/lib/python3.11/site-packages/airflow/example_dags/example_params_trigger_ui.py took 0.049 seconds
[2024-01-09T10:38:09.996-0300] {processor.py:157} INFO - Started process (PID=11779) to work on /home/felipe/.local/lib/python3.11/site-packages/airflow/example_dags/example_params_trigger_ui.py
[2024-01-09T10:38:10.028-0300] {processor.py:829} INFO - Processing file /home/felipe/.local/lib/python3.11/site-packages/airflow/example_dags/example_params_trigger_ui.py for tasks to queue
[2024-01-09T10:38:10.029-0300] {logging_mixin.py:154} INFO - [2024-01-09T10:38:10.028-0300] {dagbag.py:536} INFO - Filling up the DagBag from /home/felipe/.local/lib/python3.11/site-packages/airflow/example_dags/example_params_trigger_ui.py
[2024-01-09T10:38:10.038-0300] {processor.py:839} INFO - DAG(s) dict_keys(['example_params_trigger_ui']) retrieved from /home/felipe/.local/lib/python3.11/site-packages/airflow/example_dags/example_params_trigger_ui.py
[2024-01-09T10:38:10.055-0300] {logging_mixin.py:154} INFO - [2024-01-09T10:38:10.055-0300] {dag.py:2941} INFO - Sync 1 DAGs
[2024-01-09T10:38:10.060-0300] {logging_mixin.py:154} INFO - [2024-01-09T10:38:10.060-0300] {dag.py:3722} INFO - Setting next_dagrun for example_params_trigger_ui to None, run_after=None
[2024-01-09T10:38:10.076-0300] {processor.py:179} INFO - Processing /home/felipe/.local/lib/python3.11/site-packages/airflow/example_dags/example_params_trigger_ui.py took 0.082 seconds
[2024-01-09T10:39:01.050-0300] {processor.py:157} INFO - Started process (PID=11862) to work on /home/felipe/.local/lib/python3.11/site-packages/airflow/example_dags/example_params_trigger_ui.py
[2024-01-09T10:39:01.082-0300] {processor.py:829} INFO - Processing file /home/felipe/.local/lib/python3.11/site-packages/airflow/example_dags/example_params_trigger_ui.py for tasks to queue
[2024-01-09T10:39:01.083-0300] {logging_mixin.py:154} INFO - [2024-01-09T10:39:01.082-0300] {dagbag.py:536} INFO - Filling up the DagBag from /home/felipe/.local/lib/python3.11/site-packages/airflow/example_dags/example_params_trigger_ui.py
[2024-01-09T10:39:01.092-0300] {processor.py:839} INFO - DAG(s) dict_keys(['example_params_trigger_ui']) retrieved from /home/felipe/.local/lib/python3.11/site-packages/airflow/example_dags/example_params_trigger_ui.py
[2024-01-09T10:39:01.110-0300] {logging_mixin.py:154} INFO - [2024-01-09T10:39:01.110-0300] {dag.py:2941} INFO - Sync 1 DAGs
[2024-01-09T10:39:01.115-0300] {logging_mixin.py:154} INFO - [2024-01-09T10:39:01.115-0300] {dag.py:3722} INFO - Setting next_dagrun for example_params_trigger_ui to None, run_after=None
[2024-01-09T10:39:01.131-0300] {processor.py:179} INFO - Processing /home/felipe/.local/lib/python3.11/site-packages/airflow/example_dags/example_params_trigger_ui.py took 0.084 seconds
[2024-01-09T10:39:40.479-0300] {processor.py:157} INFO - Started process (PID=11936) to work on /home/felipe/.local/lib/python3.11/site-packages/airflow/example_dags/example_params_trigger_ui.py
[2024-01-09T10:39:40.511-0300] {processor.py:829} INFO - Processing file /home/felipe/.local/lib/python3.11/site-packages/airflow/example_dags/example_params_trigger_ui.py for tasks to queue
[2024-01-09T10:39:40.512-0300] {logging_mixin.py:154} INFO - [2024-01-09T10:39:40.511-0300] {dagbag.py:536} INFO - Filling up the DagBag from /home/felipe/.local/lib/python3.11/site-packages/airflow/example_dags/example_params_trigger_ui.py
[2024-01-09T10:39:40.521-0300] {processor.py:839} INFO - DAG(s) dict_keys(['example_params_trigger_ui']) retrieved from /home/felipe/.local/lib/python3.11/site-packages/airflow/example_dags/example_params_trigger_ui.py
[2024-01-09T10:39:40.539-0300] {logging_mixin.py:154} INFO - [2024-01-09T10:39:40.539-0300] {dag.py:2941} INFO - Sync 1 DAGs
[2024-01-09T10:39:40.544-0300] {logging_mixin.py:154} INFO - [2024-01-09T10:39:40.544-0300] {dag.py:3722} INFO - Setting next_dagrun for example_params_trigger_ui to None, run_after=None
[2024-01-09T10:39:40.560-0300] {processor.py:179} INFO - Processing /home/felipe/.local/lib/python3.11/site-packages/airflow/example_dags/example_params_trigger_ui.py took 0.083 seconds
[2024-01-09T10:40:18.114-0300] {processor.py:157} INFO - Started process (PID=12009) to work on /home/felipe/.local/lib/python3.11/site-packages/airflow/example_dags/example_params_trigger_ui.py
[2024-01-09T10:40:18.146-0300] {processor.py:829} INFO - Processing file /home/felipe/.local/lib/python3.11/site-packages/airflow/example_dags/example_params_trigger_ui.py for tasks to queue
[2024-01-09T10:40:18.147-0300] {logging_mixin.py:154} INFO - [2024-01-09T10:40:18.146-0300] {dagbag.py:536} INFO - Filling up the DagBag from /home/felipe/.local/lib/python3.11/site-packages/airflow/example_dags/example_params_trigger_ui.py
[2024-01-09T10:40:18.156-0300] {processor.py:839} INFO - DAG(s) dict_keys(['example_params_trigger_ui']) retrieved from /home/felipe/.local/lib/python3.11/site-packages/airflow/example_dags/example_params_trigger_ui.py
[2024-01-09T10:40:18.174-0300] {logging_mixin.py:154} INFO - [2024-01-09T10:40:18.174-0300] {dag.py:2941} INFO - Sync 1 DAGs
[2024-01-09T10:40:18.179-0300] {logging_mixin.py:154} INFO - [2024-01-09T10:40:18.179-0300] {dag.py:3722} INFO - Setting next_dagrun for example_params_trigger_ui to None, run_after=None
[2024-01-09T10:40:18.195-0300] {processor.py:179} INFO - Processing /home/felipe/.local/lib/python3.11/site-packages/airflow/example_dags/example_params_trigger_ui.py took 0.084 seconds
[2024-01-09T10:40:53.836-0300] {processor.py:157} INFO - Started process (PID=12139) to work on /home/felipe/.local/lib/python3.11/site-packages/airflow/example_dags/example_params_trigger_ui.py
[2024-01-09T10:40:53.868-0300] {processor.py:829} INFO - Processing file /home/felipe/.local/lib/python3.11/site-packages/airflow/example_dags/example_params_trigger_ui.py for tasks to queue
[2024-01-09T10:40:53.869-0300] {logging_mixin.py:154} INFO - [2024-01-09T10:40:53.869-0300] {dagbag.py:536} INFO - Filling up the DagBag from /home/felipe/.local/lib/python3.11/site-packages/airflow/example_dags/example_params_trigger_ui.py
[2024-01-09T10:40:53.878-0300] {processor.py:839} INFO - DAG(s) dict_keys(['example_params_trigger_ui']) retrieved from /home/felipe/.local/lib/python3.11/site-packages/airflow/example_dags/example_params_trigger_ui.py
[2024-01-09T10:40:53.896-0300] {logging_mixin.py:154} INFO - [2024-01-09T10:40:53.896-0300] {dag.py:2941} INFO - Sync 1 DAGs
[2024-01-09T10:40:53.901-0300] {logging_mixin.py:154} INFO - [2024-01-09T10:40:53.901-0300] {dag.py:3722} INFO - Setting next_dagrun for example_params_trigger_ui to None, run_after=None
[2024-01-09T10:40:53.917-0300] {processor.py:179} INFO - Processing /home/felipe/.local/lib/python3.11/site-packages/airflow/example_dags/example_params_trigger_ui.py took 0.082 seconds
[2024-01-09T10:43:35.006-0300] {processor.py:157} INFO - Started process (PID=12515) to work on /home/felipe/.local/lib/python3.11/site-packages/airflow/example_dags/example_params_trigger_ui.py
[2024-01-09T10:43:35.006-0300] {processor.py:829} INFO - Processing file /home/felipe/.local/lib/python3.11/site-packages/airflow/example_dags/example_params_trigger_ui.py for tasks to queue
[2024-01-09T10:43:35.007-0300] {logging_mixin.py:154} INFO - [2024-01-09T10:43:35.006-0300] {dagbag.py:536} INFO - Filling up the DagBag from /home/felipe/.local/lib/python3.11/site-packages/airflow/example_dags/example_params_trigger_ui.py
[2024-01-09T10:43:35.016-0300] {processor.py:839} INFO - DAG(s) dict_keys(['example_params_trigger_ui']) retrieved from /home/felipe/.local/lib/python3.11/site-packages/airflow/example_dags/example_params_trigger_ui.py
[2024-01-09T10:43:35.034-0300] {logging_mixin.py:154} INFO - [2024-01-09T10:43:35.034-0300] {dag.py:2941} INFO - Sync 1 DAGs
[2024-01-09T10:43:35.039-0300] {logging_mixin.py:154} INFO - [2024-01-09T10:43:35.039-0300] {dag.py:3722} INFO - Setting next_dagrun for example_params_trigger_ui to None, run_after=None
[2024-01-09T10:43:35.047-0300] {processor.py:179} INFO - Processing /home/felipe/.local/lib/python3.11/site-packages/airflow/example_dags/example_params_trigger_ui.py took 0.043 seconds
[2024-01-09T10:46:06.391-0300] {processor.py:157} INFO - Started process (PID=12855) to work on /home/felipe/.local/lib/python3.11/site-packages/airflow/example_dags/example_params_trigger_ui.py
[2024-01-09T10:46:06.396-0300] {processor.py:829} INFO - Processing file /home/felipe/.local/lib/python3.11/site-packages/airflow/example_dags/example_params_trigger_ui.py for tasks to queue
[2024-01-09T10:46:06.397-0300] {logging_mixin.py:154} INFO - [2024-01-09T10:46:06.396-0300] {dagbag.py:536} INFO - Filling up the DagBag from /home/felipe/.local/lib/python3.11/site-packages/airflow/example_dags/example_params_trigger_ui.py
[2024-01-09T10:46:06.406-0300] {processor.py:839} INFO - DAG(s) dict_keys(['example_params_trigger_ui']) retrieved from /home/felipe/.local/lib/python3.11/site-packages/airflow/example_dags/example_params_trigger_ui.py
[2024-01-09T10:46:06.424-0300] {logging_mixin.py:154} INFO - [2024-01-09T10:46:06.424-0300] {dag.py:2941} INFO - Sync 1 DAGs
[2024-01-09T10:46:06.429-0300] {logging_mixin.py:154} INFO - [2024-01-09T10:46:06.429-0300] {dag.py:3722} INFO - Setting next_dagrun for example_params_trigger_ui to None, run_after=None
[2024-01-09T10:46:06.441-0300] {processor.py:179} INFO - Processing /home/felipe/.local/lib/python3.11/site-packages/airflow/example_dags/example_params_trigger_ui.py took 0.052 seconds
[2024-01-09T10:49:05.947-0300] {processor.py:157} INFO - Started process (PID=13715) to work on /home/felipe/.local/lib/python3.11/site-packages/airflow/example_dags/example_params_trigger_ui.py
[2024-01-09T10:49:05.947-0300] {processor.py:829} INFO - Processing file /home/felipe/.local/lib/python3.11/site-packages/airflow/example_dags/example_params_trigger_ui.py for tasks to queue
[2024-01-09T10:49:05.948-0300] {logging_mixin.py:154} INFO - [2024-01-09T10:49:05.947-0300] {dagbag.py:536} INFO - Filling up the DagBag from /home/felipe/.local/lib/python3.11/site-packages/airflow/example_dags/example_params_trigger_ui.py
[2024-01-09T10:49:05.957-0300] {processor.py:839} INFO - DAG(s) dict_keys(['example_params_trigger_ui']) retrieved from /home/felipe/.local/lib/python3.11/site-packages/airflow/example_dags/example_params_trigger_ui.py
[2024-01-09T10:49:05.974-0300] {logging_mixin.py:154} INFO - [2024-01-09T10:49:05.974-0300] {dag.py:2941} INFO - Sync 1 DAGs
[2024-01-09T10:49:05.980-0300] {logging_mixin.py:154} INFO - [2024-01-09T10:49:05.980-0300] {dag.py:3722} INFO - Setting next_dagrun for example_params_trigger_ui to None, run_after=None
[2024-01-09T10:49:06.003-0300] {processor.py:179} INFO - Processing /home/felipe/.local/lib/python3.11/site-packages/airflow/example_dags/example_params_trigger_ui.py took 0.059 seconds
[2024-01-09T10:51:29.096-0300] {processor.py:157} INFO - Started process (PID=13971) to work on /home/felipe/.local/lib/python3.11/site-packages/airflow/example_dags/example_params_trigger_ui.py
[2024-01-09T10:51:29.096-0300] {processor.py:829} INFO - Processing file /home/felipe/.local/lib/python3.11/site-packages/airflow/example_dags/example_params_trigger_ui.py for tasks to queue
[2024-01-09T10:51:29.097-0300] {logging_mixin.py:154} INFO - [2024-01-09T10:51:29.097-0300] {dagbag.py:536} INFO - Filling up the DagBag from /home/felipe/.local/lib/python3.11/site-packages/airflow/example_dags/example_params_trigger_ui.py
[2024-01-09T10:51:29.107-0300] {processor.py:839} INFO - DAG(s) dict_keys(['example_params_trigger_ui']) retrieved from /home/felipe/.local/lib/python3.11/site-packages/airflow/example_dags/example_params_trigger_ui.py
[2024-01-09T10:51:29.126-0300] {logging_mixin.py:154} INFO - [2024-01-09T10:51:29.126-0300] {dag.py:2941} INFO - Sync 1 DAGs
[2024-01-09T10:51:29.132-0300] {logging_mixin.py:154} INFO - [2024-01-09T10:51:29.132-0300] {dag.py:3722} INFO - Setting next_dagrun for example_params_trigger_ui to None, run_after=None
[2024-01-09T10:51:29.149-0300] {processor.py:179} INFO - Processing /home/felipe/.local/lib/python3.11/site-packages/airflow/example_dags/example_params_trigger_ui.py took 0.056 seconds
[2024-01-09T10:53:35.388-0300] {processor.py:157} INFO - Started process (PID=14238) to work on /home/felipe/.local/lib/python3.11/site-packages/airflow/example_dags/example_params_trigger_ui.py
[2024-01-09T10:53:35.420-0300] {processor.py:829} INFO - Processing file /home/felipe/.local/lib/python3.11/site-packages/airflow/example_dags/example_params_trigger_ui.py for tasks to queue
[2024-01-09T10:53:35.421-0300] {logging_mixin.py:154} INFO - [2024-01-09T10:53:35.421-0300] {dagbag.py:536} INFO - Filling up the DagBag from /home/felipe/.local/lib/python3.11/site-packages/airflow/example_dags/example_params_trigger_ui.py
[2024-01-09T10:53:35.431-0300] {processor.py:839} INFO - DAG(s) dict_keys(['example_params_trigger_ui']) retrieved from /home/felipe/.local/lib/python3.11/site-packages/airflow/example_dags/example_params_trigger_ui.py
[2024-01-09T10:53:35.448-0300] {logging_mixin.py:154} INFO - [2024-01-09T10:53:35.448-0300] {dag.py:2941} INFO - Sync 1 DAGs
[2024-01-09T10:53:35.453-0300] {logging_mixin.py:154} INFO - [2024-01-09T10:53:35.453-0300] {dag.py:3722} INFO - Setting next_dagrun for example_params_trigger_ui to None, run_after=None
[2024-01-09T10:53:35.470-0300] {processor.py:179} INFO - Processing /home/felipe/.local/lib/python3.11/site-packages/airflow/example_dags/example_params_trigger_ui.py took 0.083 seconds
[2024-01-09T10:54:17.973-0300] {processor.py:157} INFO - Started process (PID=14484) to work on /home/felipe/.local/lib/python3.11/site-packages/airflow/example_dags/example_params_trigger_ui.py
[2024-01-09T10:54:18.005-0300] {processor.py:829} INFO - Processing file /home/felipe/.local/lib/python3.11/site-packages/airflow/example_dags/example_params_trigger_ui.py for tasks to queue
[2024-01-09T10:54:18.005-0300] {logging_mixin.py:154} INFO - [2024-01-09T10:54:18.005-0300] {dagbag.py:536} INFO - Filling up the DagBag from /home/felipe/.local/lib/python3.11/site-packages/airflow/example_dags/example_params_trigger_ui.py
[2024-01-09T10:54:18.015-0300] {processor.py:839} INFO - DAG(s) dict_keys(['example_params_trigger_ui']) retrieved from /home/felipe/.local/lib/python3.11/site-packages/airflow/example_dags/example_params_trigger_ui.py
[2024-01-09T10:54:18.033-0300] {logging_mixin.py:154} INFO - [2024-01-09T10:54:18.033-0300] {dag.py:2941} INFO - Sync 1 DAGs
[2024-01-09T10:54:18.038-0300] {logging_mixin.py:154} INFO - [2024-01-09T10:54:18.038-0300] {dag.py:3722} INFO - Setting next_dagrun for example_params_trigger_ui to None, run_after=None
[2024-01-09T10:54:18.055-0300] {processor.py:179} INFO - Processing /home/felipe/.local/lib/python3.11/site-packages/airflow/example_dags/example_params_trigger_ui.py took 0.084 seconds
[2024-01-09T10:55:34.643-0300] {processor.py:157} INFO - Started process (PID=14809) to work on /home/felipe/.local/lib/python3.11/site-packages/airflow/example_dags/example_params_trigger_ui.py
[2024-01-09T10:55:34.652-0300] {processor.py:829} INFO - Processing file /home/felipe/.local/lib/python3.11/site-packages/airflow/example_dags/example_params_trigger_ui.py for tasks to queue
[2024-01-09T10:55:34.653-0300] {logging_mixin.py:154} INFO - [2024-01-09T10:55:34.653-0300] {dagbag.py:536} INFO - Filling up the DagBag from /home/felipe/.local/lib/python3.11/site-packages/airflow/example_dags/example_params_trigger_ui.py
[2024-01-09T10:55:34.662-0300] {processor.py:839} INFO - DAG(s) dict_keys(['example_params_trigger_ui']) retrieved from /home/felipe/.local/lib/python3.11/site-packages/airflow/example_dags/example_params_trigger_ui.py
[2024-01-09T10:55:34.680-0300] {logging_mixin.py:154} INFO - [2024-01-09T10:55:34.680-0300] {dag.py:2941} INFO - Sync 1 DAGs
[2024-01-09T10:55:34.685-0300] {logging_mixin.py:154} INFO - [2024-01-09T10:55:34.685-0300] {dag.py:3722} INFO - Setting next_dagrun for example_params_trigger_ui to None, run_after=None
[2024-01-09T10:55:34.698-0300] {processor.py:179} INFO - Processing /home/felipe/.local/lib/python3.11/site-packages/airflow/example_dags/example_params_trigger_ui.py took 0.057 seconds
[2024-01-09T10:58:10.687-0300] {processor.py:157} INFO - Started process (PID=15221) to work on /home/felipe/.local/lib/python3.11/site-packages/airflow/example_dags/example_params_trigger_ui.py
[2024-01-09T10:58:10.688-0300] {processor.py:829} INFO - Processing file /home/felipe/.local/lib/python3.11/site-packages/airflow/example_dags/example_params_trigger_ui.py for tasks to queue
[2024-01-09T10:58:10.688-0300] {logging_mixin.py:154} INFO - [2024-01-09T10:58:10.688-0300] {dagbag.py:536} INFO - Filling up the DagBag from /home/felipe/.local/lib/python3.11/site-packages/airflow/example_dags/example_params_trigger_ui.py
[2024-01-09T10:58:10.698-0300] {processor.py:839} INFO - DAG(s) dict_keys(['example_params_trigger_ui']) retrieved from /home/felipe/.local/lib/python3.11/site-packages/airflow/example_dags/example_params_trigger_ui.py
[2024-01-09T10:58:10.715-0300] {logging_mixin.py:154} INFO - [2024-01-09T10:58:10.715-0300] {dag.py:2941} INFO - Sync 1 DAGs
[2024-01-09T10:58:10.720-0300] {logging_mixin.py:154} INFO - [2024-01-09T10:58:10.720-0300] {dag.py:3722} INFO - Setting next_dagrun for example_params_trigger_ui to None, run_after=None
[2024-01-09T10:58:10.741-0300] {processor.py:179} INFO - Processing /home/felipe/.local/lib/python3.11/site-packages/airflow/example_dags/example_params_trigger_ui.py took 0.056 seconds
[2024-01-09T10:59:27.725-0300] {processor.py:157} INFO - Started process (PID=15381) to work on /home/felipe/.local/lib/python3.11/site-packages/airflow/example_dags/example_params_trigger_ui.py
[2024-01-09T10:59:27.757-0300] {processor.py:829} INFO - Processing file /home/felipe/.local/lib/python3.11/site-packages/airflow/example_dags/example_params_trigger_ui.py for tasks to queue
[2024-01-09T10:59:27.757-0300] {logging_mixin.py:154} INFO - [2024-01-09T10:59:27.757-0300] {dagbag.py:536} INFO - Filling up the DagBag from /home/felipe/.local/lib/python3.11/site-packages/airflow/example_dags/example_params_trigger_ui.py
[2024-01-09T10:59:27.767-0300] {processor.py:839} INFO - DAG(s) dict_keys(['example_params_trigger_ui']) retrieved from /home/felipe/.local/lib/python3.11/site-packages/airflow/example_dags/example_params_trigger_ui.py
[2024-01-09T10:59:27.785-0300] {logging_mixin.py:154} INFO - [2024-01-09T10:59:27.785-0300] {dag.py:2941} INFO - Sync 1 DAGs
[2024-01-09T10:59:27.790-0300] {logging_mixin.py:154} INFO - [2024-01-09T10:59:27.790-0300] {dag.py:3722} INFO - Setting next_dagrun for example_params_trigger_ui to None, run_after=None
[2024-01-09T10:59:27.806-0300] {processor.py:179} INFO - Processing /home/felipe/.local/lib/python3.11/site-packages/airflow/example_dags/example_params_trigger_ui.py took 0.083 seconds
[2024-01-09T11:02:24.227-0300] {processor.py:157} INFO - Started process (PID=15849) to work on /home/felipe/.local/lib/python3.11/site-packages/airflow/example_dags/example_params_trigger_ui.py
[2024-01-09T11:02:24.227-0300] {processor.py:829} INFO - Processing file /home/felipe/.local/lib/python3.11/site-packages/airflow/example_dags/example_params_trigger_ui.py for tasks to queue
[2024-01-09T11:02:24.228-0300] {logging_mixin.py:154} INFO - [2024-01-09T11:02:24.227-0300] {dagbag.py:536} INFO - Filling up the DagBag from /home/felipe/.local/lib/python3.11/site-packages/airflow/example_dags/example_params_trigger_ui.py
[2024-01-09T11:02:24.237-0300] {processor.py:839} INFO - DAG(s) dict_keys(['example_params_trigger_ui']) retrieved from /home/felipe/.local/lib/python3.11/site-packages/airflow/example_dags/example_params_trigger_ui.py
[2024-01-09T11:02:24.255-0300] {logging_mixin.py:154} INFO - [2024-01-09T11:02:24.255-0300] {dag.py:2941} INFO - Sync 1 DAGs
[2024-01-09T11:02:24.260-0300] {logging_mixin.py:154} INFO - [2024-01-09T11:02:24.260-0300] {dag.py:3722} INFO - Setting next_dagrun for example_params_trigger_ui to None, run_after=None
[2024-01-09T11:02:24.269-0300] {processor.py:179} INFO - Processing /home/felipe/.local/lib/python3.11/site-packages/airflow/example_dags/example_params_trigger_ui.py took 0.045 seconds
[2024-01-09T20:52:43.562-0300] {processor.py:157} INFO - Started process (PID=36067) to work on /home/felipe/.local/lib/python3.11/site-packages/airflow/example_dags/example_params_trigger_ui.py
[2024-01-09T20:52:43.595-0300] {processor.py:829} INFO - Processing file /home/felipe/.local/lib/python3.11/site-packages/airflow/example_dags/example_params_trigger_ui.py for tasks to queue
[2024-01-09T20:52:43.595-0300] {logging_mixin.py:154} INFO - [2024-01-09T20:52:43.595-0300] {dagbag.py:536} INFO - Filling up the DagBag from /home/felipe/.local/lib/python3.11/site-packages/airflow/example_dags/example_params_trigger_ui.py
[2024-01-09T20:52:43.606-0300] {processor.py:839} INFO - DAG(s) dict_keys(['example_params_trigger_ui']) retrieved from /home/felipe/.local/lib/python3.11/site-packages/airflow/example_dags/example_params_trigger_ui.py
[2024-01-09T20:52:43.611-0300] {logging_mixin.py:154} INFO - [2024-01-09T20:52:43.611-0300] {dag.py:2941} INFO - Sync 1 DAGs
[2024-01-09T20:52:43.619-0300] {logging_mixin.py:154} INFO - [2024-01-09T20:52:43.618-0300] {dag.py:3722} INFO - Setting next_dagrun for example_params_trigger_ui to None, run_after=None
[2024-01-09T20:52:43.635-0300] {processor.py:179} INFO - Processing /home/felipe/.local/lib/python3.11/site-packages/airflow/example_dags/example_params_trigger_ui.py took 0.076 seconds
[2024-01-09T20:53:33.649-0300] {processor.py:157} INFO - Started process (PID=36527) to work on /home/felipe/.local/lib/python3.11/site-packages/airflow/example_dags/example_params_trigger_ui.py
[2024-01-09T20:53:33.649-0300] {processor.py:829} INFO - Processing file /home/felipe/.local/lib/python3.11/site-packages/airflow/example_dags/example_params_trigger_ui.py for tasks to queue
[2024-01-09T20:53:33.650-0300] {logging_mixin.py:154} INFO - [2024-01-09T20:53:33.649-0300] {dagbag.py:536} INFO - Filling up the DagBag from /home/felipe/.local/lib/python3.11/site-packages/airflow/example_dags/example_params_trigger_ui.py
[2024-01-09T20:53:33.659-0300] {processor.py:839} INFO - DAG(s) dict_keys(['example_params_trigger_ui']) retrieved from /home/felipe/.local/lib/python3.11/site-packages/airflow/example_dags/example_params_trigger_ui.py
[2024-01-09T20:53:33.678-0300] {logging_mixin.py:154} INFO - [2024-01-09T20:53:33.678-0300] {dag.py:2941} INFO - Sync 1 DAGs
[2024-01-09T20:53:33.684-0300] {logging_mixin.py:154} INFO - [2024-01-09T20:53:33.684-0300] {dag.py:3722} INFO - Setting next_dagrun for example_params_trigger_ui to None, run_after=None
[2024-01-09T20:53:33.693-0300] {processor.py:179} INFO - Processing /home/felipe/.local/lib/python3.11/site-packages/airflow/example_dags/example_params_trigger_ui.py took 0.047 seconds
[2024-01-09T20:54:11.064-0300] {processor.py:157} INFO - Started process (PID=36632) to work on /home/felipe/.local/lib/python3.11/site-packages/airflow/example_dags/example_params_trigger_ui.py
[2024-01-09T20:54:11.064-0300] {processor.py:829} INFO - Processing file /home/felipe/.local/lib/python3.11/site-packages/airflow/example_dags/example_params_trigger_ui.py for tasks to queue
[2024-01-09T20:54:11.065-0300] {logging_mixin.py:154} INFO - [2024-01-09T20:54:11.065-0300] {dagbag.py:536} INFO - Filling up the DagBag from /home/felipe/.local/lib/python3.11/site-packages/airflow/example_dags/example_params_trigger_ui.py
[2024-01-09T20:54:11.074-0300] {processor.py:839} INFO - DAG(s) dict_keys(['example_params_trigger_ui']) retrieved from /home/felipe/.local/lib/python3.11/site-packages/airflow/example_dags/example_params_trigger_ui.py
[2024-01-09T20:54:11.093-0300] {logging_mixin.py:154} INFO - [2024-01-09T20:54:11.093-0300] {dag.py:2941} INFO - Sync 1 DAGs
[2024-01-09T20:54:11.098-0300] {logging_mixin.py:154} INFO - [2024-01-09T20:54:11.098-0300] {dag.py:3722} INFO - Setting next_dagrun for example_params_trigger_ui to None, run_after=None
[2024-01-09T20:54:11.116-0300] {processor.py:179} INFO - Processing /home/felipe/.local/lib/python3.11/site-packages/airflow/example_dags/example_params_trigger_ui.py took 0.054 seconds
[2024-01-09T20:54:58.635-0300] {processor.py:157} INFO - Started process (PID=36737) to work on /home/felipe/.local/lib/python3.11/site-packages/airflow/example_dags/example_params_trigger_ui.py
[2024-01-09T20:54:58.636-0300] {processor.py:829} INFO - Processing file /home/felipe/.local/lib/python3.11/site-packages/airflow/example_dags/example_params_trigger_ui.py for tasks to queue
[2024-01-09T20:54:58.636-0300] {logging_mixin.py:154} INFO - [2024-01-09T20:54:58.636-0300] {dagbag.py:536} INFO - Filling up the DagBag from /home/felipe/.local/lib/python3.11/site-packages/airflow/example_dags/example_params_trigger_ui.py
[2024-01-09T20:54:58.646-0300] {processor.py:839} INFO - DAG(s) dict_keys(['example_params_trigger_ui']) retrieved from /home/felipe/.local/lib/python3.11/site-packages/airflow/example_dags/example_params_trigger_ui.py
[2024-01-09T20:54:58.665-0300] {logging_mixin.py:154} INFO - [2024-01-09T20:54:58.665-0300] {dag.py:2941} INFO - Sync 1 DAGs
[2024-01-09T20:54:58.671-0300] {logging_mixin.py:154} INFO - [2024-01-09T20:54:58.671-0300] {dag.py:3722} INFO - Setting next_dagrun for example_params_trigger_ui to None, run_after=None
[2024-01-09T20:54:58.680-0300] {processor.py:179} INFO - Processing /home/felipe/.local/lib/python3.11/site-packages/airflow/example_dags/example_params_trigger_ui.py took 0.047 seconds
[2024-01-09T20:55:36.215-0300] {processor.py:157} INFO - Started process (PID=36833) to work on /home/felipe/.local/lib/python3.11/site-packages/airflow/example_dags/example_params_trigger_ui.py
[2024-01-09T20:55:36.216-0300] {processor.py:829} INFO - Processing file /home/felipe/.local/lib/python3.11/site-packages/airflow/example_dags/example_params_trigger_ui.py for tasks to queue
[2024-01-09T20:55:36.216-0300] {logging_mixin.py:154} INFO - [2024-01-09T20:55:36.216-0300] {dagbag.py:536} INFO - Filling up the DagBag from /home/felipe/.local/lib/python3.11/site-packages/airflow/example_dags/example_params_trigger_ui.py
[2024-01-09T20:55:36.226-0300] {processor.py:839} INFO - DAG(s) dict_keys(['example_params_trigger_ui']) retrieved from /home/felipe/.local/lib/python3.11/site-packages/airflow/example_dags/example_params_trigger_ui.py
[2024-01-09T20:55:36.245-0300] {logging_mixin.py:154} INFO - [2024-01-09T20:55:36.245-0300] {dag.py:2941} INFO - Sync 1 DAGs
[2024-01-09T20:55:36.252-0300] {logging_mixin.py:154} INFO - [2024-01-09T20:55:36.252-0300] {dag.py:3722} INFO - Setting next_dagrun for example_params_trigger_ui to None, run_after=None
[2024-01-09T20:55:36.263-0300] {processor.py:179} INFO - Processing /home/felipe/.local/lib/python3.11/site-packages/airflow/example_dags/example_params_trigger_ui.py took 0.050 seconds
[2024-01-09T20:56:10.220-0300] {processor.py:157} INFO - Started process (PID=36907) to work on /home/felipe/.local/lib/python3.11/site-packages/airflow/example_dags/example_params_trigger_ui.py
[2024-01-09T20:56:10.253-0300] {processor.py:829} INFO - Processing file /home/felipe/.local/lib/python3.11/site-packages/airflow/example_dags/example_params_trigger_ui.py for tasks to queue
[2024-01-09T20:56:10.253-0300] {logging_mixin.py:154} INFO - [2024-01-09T20:56:10.253-0300] {dagbag.py:536} INFO - Filling up the DagBag from /home/felipe/.local/lib/python3.11/site-packages/airflow/example_dags/example_params_trigger_ui.py
[2024-01-09T20:56:10.264-0300] {processor.py:839} INFO - DAG(s) dict_keys(['example_params_trigger_ui']) retrieved from /home/felipe/.local/lib/python3.11/site-packages/airflow/example_dags/example_params_trigger_ui.py
[2024-01-09T20:56:10.283-0300] {logging_mixin.py:154} INFO - [2024-01-09T20:56:10.283-0300] {dag.py:2941} INFO - Sync 1 DAGs
[2024-01-09T20:56:10.289-0300] {logging_mixin.py:154} INFO - [2024-01-09T20:56:10.289-0300] {dag.py:3722} INFO - Setting next_dagrun for example_params_trigger_ui to None, run_after=None
[2024-01-09T20:56:10.306-0300] {processor.py:179} INFO - Processing /home/felipe/.local/lib/python3.11/site-packages/airflow/example_dags/example_params_trigger_ui.py took 0.088 seconds
[2024-01-09T20:56:46.310-0300] {processor.py:157} INFO - Started process (PID=36985) to work on /home/felipe/.local/lib/python3.11/site-packages/airflow/example_dags/example_params_trigger_ui.py
[2024-01-09T20:56:46.342-0300] {processor.py:829} INFO - Processing file /home/felipe/.local/lib/python3.11/site-packages/airflow/example_dags/example_params_trigger_ui.py for tasks to queue
[2024-01-09T20:56:46.343-0300] {logging_mixin.py:154} INFO - [2024-01-09T20:56:46.343-0300] {dagbag.py:536} INFO - Filling up the DagBag from /home/felipe/.local/lib/python3.11/site-packages/airflow/example_dags/example_params_trigger_ui.py
[2024-01-09T20:56:46.353-0300] {processor.py:839} INFO - DAG(s) dict_keys(['example_params_trigger_ui']) retrieved from /home/felipe/.local/lib/python3.11/site-packages/airflow/example_dags/example_params_trigger_ui.py
[2024-01-09T20:56:46.373-0300] {logging_mixin.py:154} INFO - [2024-01-09T20:56:46.372-0300] {dag.py:2941} INFO - Sync 1 DAGs
[2024-01-09T20:56:46.379-0300] {logging_mixin.py:154} INFO - [2024-01-09T20:56:46.378-0300] {dag.py:3722} INFO - Setting next_dagrun for example_params_trigger_ui to None, run_after=None
[2024-01-09T20:56:46.397-0300] {processor.py:179} INFO - Processing /home/felipe/.local/lib/python3.11/site-packages/airflow/example_dags/example_params_trigger_ui.py took 0.088 seconds
[2024-01-09T20:57:20.736-0300] {processor.py:157} INFO - Started process (PID=37066) to work on /home/felipe/.local/lib/python3.11/site-packages/airflow/example_dags/example_params_trigger_ui.py
[2024-01-09T20:57:20.768-0300] {processor.py:829} INFO - Processing file /home/felipe/.local/lib/python3.11/site-packages/airflow/example_dags/example_params_trigger_ui.py for tasks to queue
[2024-01-09T20:57:20.769-0300] {logging_mixin.py:154} INFO - [2024-01-09T20:57:20.769-0300] {dagbag.py:536} INFO - Filling up the DagBag from /home/felipe/.local/lib/python3.11/site-packages/airflow/example_dags/example_params_trigger_ui.py
[2024-01-09T20:57:20.779-0300] {processor.py:839} INFO - DAG(s) dict_keys(['example_params_trigger_ui']) retrieved from /home/felipe/.local/lib/python3.11/site-packages/airflow/example_dags/example_params_trigger_ui.py
[2024-01-09T20:57:20.799-0300] {logging_mixin.py:154} INFO - [2024-01-09T20:57:20.799-0300] {dag.py:2941} INFO - Sync 1 DAGs
[2024-01-09T20:57:20.804-0300] {logging_mixin.py:154} INFO - [2024-01-09T20:57:20.804-0300] {dag.py:3722} INFO - Setting next_dagrun for example_params_trigger_ui to None, run_after=None
[2024-01-09T20:57:20.822-0300] {processor.py:179} INFO - Processing /home/felipe/.local/lib/python3.11/site-packages/airflow/example_dags/example_params_trigger_ui.py took 0.088 seconds
[2024-01-09T20:57:53.672-0300] {processor.py:157} INFO - Started process (PID=37147) to work on /home/felipe/.local/lib/python3.11/site-packages/airflow/example_dags/example_params_trigger_ui.py
[2024-01-09T20:57:53.704-0300] {processor.py:829} INFO - Processing file /home/felipe/.local/lib/python3.11/site-packages/airflow/example_dags/example_params_trigger_ui.py for tasks to queue
[2024-01-09T20:57:53.705-0300] {logging_mixin.py:154} INFO - [2024-01-09T20:57:53.705-0300] {dagbag.py:536} INFO - Filling up the DagBag from /home/felipe/.local/lib/python3.11/site-packages/airflow/example_dags/example_params_trigger_ui.py
[2024-01-09T20:57:53.714-0300] {processor.py:839} INFO - DAG(s) dict_keys(['example_params_trigger_ui']) retrieved from /home/felipe/.local/lib/python3.11/site-packages/airflow/example_dags/example_params_trigger_ui.py
[2024-01-09T20:57:53.733-0300] {logging_mixin.py:154} INFO - [2024-01-09T20:57:53.733-0300] {dag.py:2941} INFO - Sync 1 DAGs
[2024-01-09T20:57:53.738-0300] {logging_mixin.py:154} INFO - [2024-01-09T20:57:53.738-0300] {dag.py:3722} INFO - Setting next_dagrun for example_params_trigger_ui to None, run_after=None
[2024-01-09T20:57:53.755-0300] {processor.py:179} INFO - Processing /home/felipe/.local/lib/python3.11/site-packages/airflow/example_dags/example_params_trigger_ui.py took 0.085 seconds
[2024-01-09T20:58:27.848-0300] {processor.py:157} INFO - Started process (PID=37229) to work on /home/felipe/.local/lib/python3.11/site-packages/airflow/example_dags/example_params_trigger_ui.py
[2024-01-09T20:58:27.880-0300] {processor.py:829} INFO - Processing file /home/felipe/.local/lib/python3.11/site-packages/airflow/example_dags/example_params_trigger_ui.py for tasks to queue
[2024-01-09T20:58:27.881-0300] {logging_mixin.py:154} INFO - [2024-01-09T20:58:27.880-0300] {dagbag.py:536} INFO - Filling up the DagBag from /home/felipe/.local/lib/python3.11/site-packages/airflow/example_dags/example_params_trigger_ui.py
[2024-01-09T20:58:27.891-0300] {processor.py:839} INFO - DAG(s) dict_keys(['example_params_trigger_ui']) retrieved from /home/felipe/.local/lib/python3.11/site-packages/airflow/example_dags/example_params_trigger_ui.py
[2024-01-09T20:58:27.910-0300] {logging_mixin.py:154} INFO - [2024-01-09T20:58:27.910-0300] {dag.py:2941} INFO - Sync 1 DAGs
[2024-01-09T20:58:27.916-0300] {logging_mixin.py:154} INFO - [2024-01-09T20:58:27.915-0300] {dag.py:3722} INFO - Setting next_dagrun for example_params_trigger_ui to None, run_after=None
[2024-01-09T20:58:27.933-0300] {processor.py:179} INFO - Processing /home/felipe/.local/lib/python3.11/site-packages/airflow/example_dags/example_params_trigger_ui.py took 0.087 seconds
[2024-01-09T20:59:03.482-0300] {processor.py:157} INFO - Started process (PID=37329) to work on /home/felipe/.local/lib/python3.11/site-packages/airflow/example_dags/example_params_trigger_ui.py
[2024-01-09T20:59:03.514-0300] {processor.py:829} INFO - Processing file /home/felipe/.local/lib/python3.11/site-packages/airflow/example_dags/example_params_trigger_ui.py for tasks to queue
[2024-01-09T20:59:03.515-0300] {logging_mixin.py:154} INFO - [2024-01-09T20:59:03.514-0300] {dagbag.py:536} INFO - Filling up the DagBag from /home/felipe/.local/lib/python3.11/site-packages/airflow/example_dags/example_params_trigger_ui.py
[2024-01-09T20:59:03.525-0300] {processor.py:839} INFO - DAG(s) dict_keys(['example_params_trigger_ui']) retrieved from /home/felipe/.local/lib/python3.11/site-packages/airflow/example_dags/example_params_trigger_ui.py
[2024-01-09T20:59:03.545-0300] {logging_mixin.py:154} INFO - [2024-01-09T20:59:03.545-0300] {dag.py:2941} INFO - Sync 1 DAGs
[2024-01-09T20:59:03.551-0300] {logging_mixin.py:154} INFO - [2024-01-09T20:59:03.551-0300] {dag.py:3722} INFO - Setting next_dagrun for example_params_trigger_ui to None, run_after=None
[2024-01-09T20:59:03.569-0300] {processor.py:179} INFO - Processing /home/felipe/.local/lib/python3.11/site-packages/airflow/example_dags/example_params_trigger_ui.py took 0.090 seconds
[2024-01-09T20:59:37.981-0300] {processor.py:157} INFO - Started process (PID=37406) to work on /home/felipe/.local/lib/python3.11/site-packages/airflow/example_dags/example_params_trigger_ui.py
[2024-01-09T20:59:38.013-0300] {processor.py:829} INFO - Processing file /home/felipe/.local/lib/python3.11/site-packages/airflow/example_dags/example_params_trigger_ui.py for tasks to queue
[2024-01-09T20:59:38.014-0300] {logging_mixin.py:154} INFO - [2024-01-09T20:59:38.013-0300] {dagbag.py:536} INFO - Filling up the DagBag from /home/felipe/.local/lib/python3.11/site-packages/airflow/example_dags/example_params_trigger_ui.py
[2024-01-09T20:59:38.025-0300] {processor.py:839} INFO - DAG(s) dict_keys(['example_params_trigger_ui']) retrieved from /home/felipe/.local/lib/python3.11/site-packages/airflow/example_dags/example_params_trigger_ui.py
[2024-01-09T20:59:38.044-0300] {logging_mixin.py:154} INFO - [2024-01-09T20:59:38.044-0300] {dag.py:2941} INFO - Sync 1 DAGs
[2024-01-09T20:59:38.051-0300] {logging_mixin.py:154} INFO - [2024-01-09T20:59:38.050-0300] {dag.py:3722} INFO - Setting next_dagrun for example_params_trigger_ui to None, run_after=None
[2024-01-09T20:59:38.068-0300] {processor.py:179} INFO - Processing /home/felipe/.local/lib/python3.11/site-packages/airflow/example_dags/example_params_trigger_ui.py took 0.090 seconds
