[2024-01-09T10:10:14.519-0300] {processor.py:157} INFO - Started process (PID=8530) to work on /home/felipe/.local/lib/python3.11/site-packages/airflow/example_dags/example_time_delta_sensor_async.py
[2024-01-09T10:10:14.520-0300] {processor.py:829} INFO - Processing file /home/felipe/.local/lib/python3.11/site-packages/airflow/example_dags/example_time_delta_sensor_async.py for tasks to queue
[2024-01-09T10:10:14.520-0300] {logging_mixin.py:154} INFO - [2024-01-09T10:10:14.520-0300] {dagbag.py:536} INFO - Filling up the DagBag from /home/felipe/.local/lib/python3.11/site-packages/airflow/example_dags/example_time_delta_sensor_async.py
[2024-01-09T10:10:14.525-0300] {processor.py:839} INFO - DAG(s) dict_keys(['example_time_delta_sensor_async']) retrieved from /home/felipe/.local/lib/python3.11/site-packages/airflow/example_dags/example_time_delta_sensor_async.py
[2024-01-09T10:10:14.529-0300] {logging_mixin.py:154} INFO - [2024-01-09T10:10:14.529-0300] {dag.py:2941} INFO - Sync 1 DAGs
[2024-01-09T10:10:14.537-0300] {logging_mixin.py:154} INFO - [2024-01-09T10:10:14.537-0300] {dag.py:3722} INFO - Setting next_dagrun for example_time_delta_sensor_async to None, run_after=None
[2024-01-09T10:10:14.579-0300] {processor.py:179} INFO - Processing /home/felipe/.local/lib/python3.11/site-packages/airflow/example_dags/example_time_delta_sensor_async.py took 0.061 seconds
[2024-01-09T10:11:09.769-0300] {processor.py:157} INFO - Started process (PID=8658) to work on /home/felipe/.local/lib/python3.11/site-packages/airflow/example_dags/example_time_delta_sensor_async.py
[2024-01-09T10:11:09.801-0300] {processor.py:829} INFO - Processing file /home/felipe/.local/lib/python3.11/site-packages/airflow/example_dags/example_time_delta_sensor_async.py for tasks to queue
[2024-01-09T10:11:09.802-0300] {logging_mixin.py:154} INFO - [2024-01-09T10:11:09.801-0300] {dagbag.py:536} INFO - Filling up the DagBag from /home/felipe/.local/lib/python3.11/site-packages/airflow/example_dags/example_time_delta_sensor_async.py
[2024-01-09T10:11:09.805-0300] {processor.py:839} INFO - DAG(s) dict_keys(['example_time_delta_sensor_async']) retrieved from /home/felipe/.local/lib/python3.11/site-packages/airflow/example_dags/example_time_delta_sensor_async.py
[2024-01-09T10:11:09.815-0300] {logging_mixin.py:154} INFO - [2024-01-09T10:11:09.815-0300] {dag.py:2941} INFO - Sync 1 DAGs
[2024-01-09T10:11:09.821-0300] {logging_mixin.py:154} INFO - [2024-01-09T10:11:09.821-0300] {dag.py:3722} INFO - Setting next_dagrun for example_time_delta_sensor_async to None, run_after=None
[2024-01-09T10:11:09.839-0300] {processor.py:179} INFO - Processing /home/felipe/.local/lib/python3.11/site-packages/airflow/example_dags/example_time_delta_sensor_async.py took 0.072 seconds
[2024-01-09T10:12:01.809-0300] {processor.py:157} INFO - Started process (PID=8752) to work on /home/felipe/.local/lib/python3.11/site-packages/airflow/example_dags/example_time_delta_sensor_async.py
[2024-01-09T10:12:01.842-0300] {processor.py:829} INFO - Processing file /home/felipe/.local/lib/python3.11/site-packages/airflow/example_dags/example_time_delta_sensor_async.py for tasks to queue
[2024-01-09T10:12:01.843-0300] {logging_mixin.py:154} INFO - [2024-01-09T10:12:01.842-0300] {dagbag.py:536} INFO - Filling up the DagBag from /home/felipe/.local/lib/python3.11/site-packages/airflow/example_dags/example_time_delta_sensor_async.py
[2024-01-09T10:12:01.847-0300] {processor.py:839} INFO - DAG(s) dict_keys(['example_time_delta_sensor_async']) retrieved from /home/felipe/.local/lib/python3.11/site-packages/airflow/example_dags/example_time_delta_sensor_async.py
[2024-01-09T10:12:01.861-0300] {logging_mixin.py:154} INFO - [2024-01-09T10:12:01.861-0300] {dag.py:2941} INFO - Sync 1 DAGs
[2024-01-09T10:12:01.869-0300] {logging_mixin.py:154} INFO - [2024-01-09T10:12:01.868-0300] {dag.py:3722} INFO - Setting next_dagrun for example_time_delta_sensor_async to None, run_after=None
[2024-01-09T10:12:01.890-0300] {processor.py:179} INFO - Processing /home/felipe/.local/lib/python3.11/site-packages/airflow/example_dags/example_time_delta_sensor_async.py took 0.082 seconds
[2024-01-09T10:12:50.853-0300] {processor.py:157} INFO - Started process (PID=8857) to work on /home/felipe/.local/lib/python3.11/site-packages/airflow/example_dags/example_time_delta_sensor_async.py
[2024-01-09T10:12:50.885-0300] {processor.py:829} INFO - Processing file /home/felipe/.local/lib/python3.11/site-packages/airflow/example_dags/example_time_delta_sensor_async.py for tasks to queue
[2024-01-09T10:12:50.885-0300] {logging_mixin.py:154} INFO - [2024-01-09T10:12:50.885-0300] {dagbag.py:536} INFO - Filling up the DagBag from /home/felipe/.local/lib/python3.11/site-packages/airflow/example_dags/example_time_delta_sensor_async.py
[2024-01-09T10:12:50.888-0300] {processor.py:839} INFO - DAG(s) dict_keys(['example_time_delta_sensor_async']) retrieved from /home/felipe/.local/lib/python3.11/site-packages/airflow/example_dags/example_time_delta_sensor_async.py
[2024-01-09T10:12:50.897-0300] {logging_mixin.py:154} INFO - [2024-01-09T10:12:50.897-0300] {dag.py:2941} INFO - Sync 1 DAGs
[2024-01-09T10:12:50.904-0300] {logging_mixin.py:154} INFO - [2024-01-09T10:12:50.904-0300] {dag.py:3722} INFO - Setting next_dagrun for example_time_delta_sensor_async to None, run_after=None
[2024-01-09T10:12:50.920-0300] {processor.py:179} INFO - Processing /home/felipe/.local/lib/python3.11/site-packages/airflow/example_dags/example_time_delta_sensor_async.py took 0.070 seconds
[2024-01-09T10:13:36.801-0300] {processor.py:157} INFO - Started process (PID=8932) to work on /home/felipe/.local/lib/python3.11/site-packages/airflow/example_dags/example_time_delta_sensor_async.py
[2024-01-09T10:13:36.833-0300] {processor.py:829} INFO - Processing file /home/felipe/.local/lib/python3.11/site-packages/airflow/example_dags/example_time_delta_sensor_async.py for tasks to queue
[2024-01-09T10:13:36.833-0300] {logging_mixin.py:154} INFO - [2024-01-09T10:13:36.833-0300] {dagbag.py:536} INFO - Filling up the DagBag from /home/felipe/.local/lib/python3.11/site-packages/airflow/example_dags/example_time_delta_sensor_async.py
[2024-01-09T10:13:36.836-0300] {processor.py:839} INFO - DAG(s) dict_keys(['example_time_delta_sensor_async']) retrieved from /home/felipe/.local/lib/python3.11/site-packages/airflow/example_dags/example_time_delta_sensor_async.py
[2024-01-09T10:13:36.846-0300] {logging_mixin.py:154} INFO - [2024-01-09T10:13:36.845-0300] {dag.py:2941} INFO - Sync 1 DAGs
[2024-01-09T10:13:36.852-0300] {logging_mixin.py:154} INFO - [2024-01-09T10:13:36.852-0300] {dag.py:3722} INFO - Setting next_dagrun for example_time_delta_sensor_async to None, run_after=None
[2024-01-09T10:13:36.868-0300] {processor.py:179} INFO - Processing /home/felipe/.local/lib/python3.11/site-packages/airflow/example_dags/example_time_delta_sensor_async.py took 0.069 seconds
[2024-01-09T10:14:29.812-0300] {processor.py:157} INFO - Started process (PID=9010) to work on /home/felipe/.local/lib/python3.11/site-packages/airflow/example_dags/example_time_delta_sensor_async.py
[2024-01-09T10:14:29.844-0300] {processor.py:829} INFO - Processing file /home/felipe/.local/lib/python3.11/site-packages/airflow/example_dags/example_time_delta_sensor_async.py for tasks to queue
[2024-01-09T10:14:29.845-0300] {logging_mixin.py:154} INFO - [2024-01-09T10:14:29.845-0300] {dagbag.py:536} INFO - Filling up the DagBag from /home/felipe/.local/lib/python3.11/site-packages/airflow/example_dags/example_time_delta_sensor_async.py
[2024-01-09T10:14:29.848-0300] {processor.py:839} INFO - DAG(s) dict_keys(['example_time_delta_sensor_async']) retrieved from /home/felipe/.local/lib/python3.11/site-packages/airflow/example_dags/example_time_delta_sensor_async.py
[2024-01-09T10:14:29.857-0300] {logging_mixin.py:154} INFO - [2024-01-09T10:14:29.857-0300] {dag.py:2941} INFO - Sync 1 DAGs
[2024-01-09T10:14:29.863-0300] {logging_mixin.py:154} INFO - [2024-01-09T10:14:29.863-0300] {dag.py:3722} INFO - Setting next_dagrun for example_time_delta_sensor_async to None, run_after=None
[2024-01-09T10:14:29.880-0300] {processor.py:179} INFO - Processing /home/felipe/.local/lib/python3.11/site-packages/airflow/example_dags/example_time_delta_sensor_async.py took 0.069 seconds
[2024-01-09T10:25:00.781-0300] {processor.py:157} INFO - Started process (PID=10231) to work on /home/felipe/.local/lib/python3.11/site-packages/airflow/example_dags/example_time_delta_sensor_async.py
[2024-01-09T10:25:00.788-0300] {processor.py:829} INFO - Processing file /home/felipe/.local/lib/python3.11/site-packages/airflow/example_dags/example_time_delta_sensor_async.py for tasks to queue
[2024-01-09T10:25:00.788-0300] {logging_mixin.py:154} INFO - [2024-01-09T10:25:00.788-0300] {dagbag.py:536} INFO - Filling up the DagBag from /home/felipe/.local/lib/python3.11/site-packages/airflow/example_dags/example_time_delta_sensor_async.py
[2024-01-09T10:25:00.791-0300] {processor.py:839} INFO - DAG(s) dict_keys(['example_time_delta_sensor_async']) retrieved from /home/felipe/.local/lib/python3.11/site-packages/airflow/example_dags/example_time_delta_sensor_async.py
[2024-01-09T10:25:00.807-0300] {logging_mixin.py:154} INFO - [2024-01-09T10:25:00.807-0300] {dag.py:2941} INFO - Sync 1 DAGs
[2024-01-09T10:25:00.815-0300] {logging_mixin.py:154} INFO - [2024-01-09T10:25:00.815-0300] {dag.py:3722} INFO - Setting next_dagrun for example_time_delta_sensor_async to None, run_after=None
[2024-01-09T10:25:00.828-0300] {processor.py:179} INFO - Processing /home/felipe/.local/lib/python3.11/site-packages/airflow/example_dags/example_time_delta_sensor_async.py took 0.048 seconds
[2024-01-09T10:38:16.373-0300] {processor.py:157} INFO - Started process (PID=11785) to work on /home/felipe/.local/lib/python3.11/site-packages/airflow/example_dags/example_time_delta_sensor_async.py
[2024-01-09T10:38:16.405-0300] {processor.py:829} INFO - Processing file /home/felipe/.local/lib/python3.11/site-packages/airflow/example_dags/example_time_delta_sensor_async.py for tasks to queue
[2024-01-09T10:38:16.406-0300] {logging_mixin.py:154} INFO - [2024-01-09T10:38:16.406-0300] {dagbag.py:536} INFO - Filling up the DagBag from /home/felipe/.local/lib/python3.11/site-packages/airflow/example_dags/example_time_delta_sensor_async.py
[2024-01-09T10:38:16.409-0300] {processor.py:839} INFO - DAG(s) dict_keys(['example_time_delta_sensor_async']) retrieved from /home/felipe/.local/lib/python3.11/site-packages/airflow/example_dags/example_time_delta_sensor_async.py
[2024-01-09T10:38:16.417-0300] {logging_mixin.py:154} INFO - [2024-01-09T10:38:16.417-0300] {dag.py:2941} INFO - Sync 1 DAGs
[2024-01-09T10:38:16.422-0300] {logging_mixin.py:154} INFO - [2024-01-09T10:38:16.422-0300] {dag.py:3722} INFO - Setting next_dagrun for example_time_delta_sensor_async to None, run_after=None
[2024-01-09T10:38:16.431-0300] {processor.py:179} INFO - Processing /home/felipe/.local/lib/python3.11/site-packages/airflow/example_dags/example_time_delta_sensor_async.py took 0.060 seconds
[2024-01-09T10:39:06.817-0300] {processor.py:157} INFO - Started process (PID=11868) to work on /home/felipe/.local/lib/python3.11/site-packages/airflow/example_dags/example_time_delta_sensor_async.py
[2024-01-09T10:39:06.818-0300] {processor.py:829} INFO - Processing file /home/felipe/.local/lib/python3.11/site-packages/airflow/example_dags/example_time_delta_sensor_async.py for tasks to queue
[2024-01-09T10:39:06.818-0300] {logging_mixin.py:154} INFO - [2024-01-09T10:39:06.818-0300] {dagbag.py:536} INFO - Filling up the DagBag from /home/felipe/.local/lib/python3.11/site-packages/airflow/example_dags/example_time_delta_sensor_async.py
[2024-01-09T10:39:06.821-0300] {processor.py:839} INFO - DAG(s) dict_keys(['example_time_delta_sensor_async']) retrieved from /home/felipe/.local/lib/python3.11/site-packages/airflow/example_dags/example_time_delta_sensor_async.py
[2024-01-09T10:39:06.829-0300] {logging_mixin.py:154} INFO - [2024-01-09T10:39:06.829-0300] {dag.py:2941} INFO - Sync 1 DAGs
[2024-01-09T10:39:06.834-0300] {logging_mixin.py:154} INFO - [2024-01-09T10:39:06.834-0300] {dag.py:3722} INFO - Setting next_dagrun for example_time_delta_sensor_async to None, run_after=None
[2024-01-09T10:39:06.843-0300] {processor.py:179} INFO - Processing /home/felipe/.local/lib/python3.11/site-packages/airflow/example_dags/example_time_delta_sensor_async.py took 0.028 seconds
[2024-01-09T10:39:55.380-0300] {processor.py:157} INFO - Started process (PID=11964) to work on /home/felipe/.local/lib/python3.11/site-packages/airflow/example_dags/example_time_delta_sensor_async.py
[2024-01-09T10:39:55.412-0300] {processor.py:829} INFO - Processing file /home/felipe/.local/lib/python3.11/site-packages/airflow/example_dags/example_time_delta_sensor_async.py for tasks to queue
[2024-01-09T10:39:55.413-0300] {logging_mixin.py:154} INFO - [2024-01-09T10:39:55.412-0300] {dagbag.py:536} INFO - Filling up the DagBag from /home/felipe/.local/lib/python3.11/site-packages/airflow/example_dags/example_time_delta_sensor_async.py
[2024-01-09T10:39:55.416-0300] {processor.py:839} INFO - DAG(s) dict_keys(['example_time_delta_sensor_async']) retrieved from /home/felipe/.local/lib/python3.11/site-packages/airflow/example_dags/example_time_delta_sensor_async.py
[2024-01-09T10:39:55.424-0300] {logging_mixin.py:154} INFO - [2024-01-09T10:39:55.424-0300] {dag.py:2941} INFO - Sync 1 DAGs
[2024-01-09T10:39:55.429-0300] {logging_mixin.py:154} INFO - [2024-01-09T10:39:55.429-0300] {dag.py:3722} INFO - Setting next_dagrun for example_time_delta_sensor_async to None, run_after=None
[2024-01-09T10:39:55.445-0300] {processor.py:179} INFO - Processing /home/felipe/.local/lib/python3.11/site-packages/airflow/example_dags/example_time_delta_sensor_async.py took 0.067 seconds
[2024-01-09T10:40:34.586-0300] {processor.py:157} INFO - Started process (PID=12052) to work on /home/felipe/.local/lib/python3.11/site-packages/airflow/example_dags/example_time_delta_sensor_async.py
[2024-01-09T10:40:34.618-0300] {processor.py:829} INFO - Processing file /home/felipe/.local/lib/python3.11/site-packages/airflow/example_dags/example_time_delta_sensor_async.py for tasks to queue
[2024-01-09T10:40:34.619-0300] {logging_mixin.py:154} INFO - [2024-01-09T10:40:34.618-0300] {dagbag.py:536} INFO - Filling up the DagBag from /home/felipe/.local/lib/python3.11/site-packages/airflow/example_dags/example_time_delta_sensor_async.py
[2024-01-09T10:40:34.621-0300] {processor.py:839} INFO - DAG(s) dict_keys(['example_time_delta_sensor_async']) retrieved from /home/felipe/.local/lib/python3.11/site-packages/airflow/example_dags/example_time_delta_sensor_async.py
[2024-01-09T10:40:34.630-0300] {logging_mixin.py:154} INFO - [2024-01-09T10:40:34.630-0300] {dag.py:2941} INFO - Sync 1 DAGs
[2024-01-09T10:40:34.635-0300] {logging_mixin.py:154} INFO - [2024-01-09T10:40:34.635-0300] {dag.py:3722} INFO - Setting next_dagrun for example_time_delta_sensor_async to None, run_after=None
[2024-01-09T10:40:34.652-0300] {processor.py:179} INFO - Processing /home/felipe/.local/lib/python3.11/site-packages/airflow/example_dags/example_time_delta_sensor_async.py took 0.067 seconds
[2024-01-09T10:42:01.023-0300] {processor.py:157} INFO - Started process (PID=12342) to work on /home/felipe/.local/lib/python3.11/site-packages/airflow/example_dags/example_time_delta_sensor_async.py
[2024-01-09T10:42:01.029-0300] {processor.py:829} INFO - Processing file /home/felipe/.local/lib/python3.11/site-packages/airflow/example_dags/example_time_delta_sensor_async.py for tasks to queue
[2024-01-09T10:42:01.030-0300] {logging_mixin.py:154} INFO - [2024-01-09T10:42:01.030-0300] {dagbag.py:536} INFO - Filling up the DagBag from /home/felipe/.local/lib/python3.11/site-packages/airflow/example_dags/example_time_delta_sensor_async.py
[2024-01-09T10:42:01.033-0300] {processor.py:839} INFO - DAG(s) dict_keys(['example_time_delta_sensor_async']) retrieved from /home/felipe/.local/lib/python3.11/site-packages/airflow/example_dags/example_time_delta_sensor_async.py
[2024-01-09T10:42:01.041-0300] {logging_mixin.py:154} INFO - [2024-01-09T10:42:01.041-0300] {dag.py:2941} INFO - Sync 1 DAGs
[2024-01-09T10:42:01.046-0300] {logging_mixin.py:154} INFO - [2024-01-09T10:42:01.046-0300] {dag.py:3722} INFO - Setting next_dagrun for example_time_delta_sensor_async to None, run_after=None
[2024-01-09T10:42:01.055-0300] {processor.py:179} INFO - Processing /home/felipe/.local/lib/python3.11/site-packages/airflow/example_dags/example_time_delta_sensor_async.py took 0.034 seconds
[2024-01-09T10:44:03.320-0300] {processor.py:157} INFO - Started process (PID=12548) to work on /home/felipe/.local/lib/python3.11/site-packages/airflow/example_dags/example_time_delta_sensor_async.py
[2024-01-09T10:44:03.352-0300] {processor.py:829} INFO - Processing file /home/felipe/.local/lib/python3.11/site-packages/airflow/example_dags/example_time_delta_sensor_async.py for tasks to queue
[2024-01-09T10:44:03.353-0300] {logging_mixin.py:154} INFO - [2024-01-09T10:44:03.353-0300] {dagbag.py:536} INFO - Filling up the DagBag from /home/felipe/.local/lib/python3.11/site-packages/airflow/example_dags/example_time_delta_sensor_async.py
[2024-01-09T10:44:03.356-0300] {processor.py:839} INFO - DAG(s) dict_keys(['example_time_delta_sensor_async']) retrieved from /home/felipe/.local/lib/python3.11/site-packages/airflow/example_dags/example_time_delta_sensor_async.py
[2024-01-09T10:44:03.364-0300] {logging_mixin.py:154} INFO - [2024-01-09T10:44:03.364-0300] {dag.py:2941} INFO - Sync 1 DAGs
[2024-01-09T10:44:03.370-0300] {logging_mixin.py:154} INFO - [2024-01-09T10:44:03.370-0300] {dag.py:3722} INFO - Setting next_dagrun for example_time_delta_sensor_async to None, run_after=None
[2024-01-09T10:44:03.386-0300] {processor.py:179} INFO - Processing /home/felipe/.local/lib/python3.11/site-packages/airflow/example_dags/example_time_delta_sensor_async.py took 0.067 seconds
[2024-01-09T10:46:12.696-0300] {processor.py:157} INFO - Started process (PID=12861) to work on /home/felipe/.local/lib/python3.11/site-packages/airflow/example_dags/example_time_delta_sensor_async.py
[2024-01-09T10:46:12.728-0300] {processor.py:829} INFO - Processing file /home/felipe/.local/lib/python3.11/site-packages/airflow/example_dags/example_time_delta_sensor_async.py for tasks to queue
[2024-01-09T10:46:12.729-0300] {logging_mixin.py:154} INFO - [2024-01-09T10:46:12.728-0300] {dagbag.py:536} INFO - Filling up the DagBag from /home/felipe/.local/lib/python3.11/site-packages/airflow/example_dags/example_time_delta_sensor_async.py
[2024-01-09T10:46:12.732-0300] {processor.py:839} INFO - DAG(s) dict_keys(['example_time_delta_sensor_async']) retrieved from /home/felipe/.local/lib/python3.11/site-packages/airflow/example_dags/example_time_delta_sensor_async.py
[2024-01-09T10:46:12.740-0300] {logging_mixin.py:154} INFO - [2024-01-09T10:46:12.740-0300] {dag.py:2941} INFO - Sync 1 DAGs
[2024-01-09T10:46:12.745-0300] {logging_mixin.py:154} INFO - [2024-01-09T10:46:12.745-0300] {dag.py:3722} INFO - Setting next_dagrun for example_time_delta_sensor_async to None, run_after=None
[2024-01-09T10:46:12.762-0300] {processor.py:179} INFO - Processing /home/felipe/.local/lib/python3.11/site-packages/airflow/example_dags/example_time_delta_sensor_async.py took 0.067 seconds
[2024-01-09T10:49:12.249-0300] {processor.py:157} INFO - Started process (PID=13740) to work on /home/felipe/.local/lib/python3.11/site-packages/airflow/example_dags/example_time_delta_sensor_async.py
[2024-01-09T10:49:12.290-0300] {processor.py:829} INFO - Processing file /home/felipe/.local/lib/python3.11/site-packages/airflow/example_dags/example_time_delta_sensor_async.py for tasks to queue
[2024-01-09T10:49:12.290-0300] {logging_mixin.py:154} INFO - [2024-01-09T10:49:12.290-0300] {dagbag.py:536} INFO - Filling up the DagBag from /home/felipe/.local/lib/python3.11/site-packages/airflow/example_dags/example_time_delta_sensor_async.py
[2024-01-09T10:49:12.293-0300] {processor.py:839} INFO - DAG(s) dict_keys(['example_time_delta_sensor_async']) retrieved from /home/felipe/.local/lib/python3.11/site-packages/airflow/example_dags/example_time_delta_sensor_async.py
[2024-01-09T10:49:12.302-0300] {logging_mixin.py:154} INFO - [2024-01-09T10:49:12.302-0300] {dag.py:2941} INFO - Sync 1 DAGs
[2024-01-09T10:49:12.308-0300] {logging_mixin.py:154} INFO - [2024-01-09T10:49:12.308-0300] {dag.py:3722} INFO - Setting next_dagrun for example_time_delta_sensor_async to None, run_after=None
[2024-01-09T10:49:12.326-0300] {processor.py:179} INFO - Processing /home/felipe/.local/lib/python3.11/site-packages/airflow/example_dags/example_time_delta_sensor_async.py took 0.079 seconds
[2024-01-09T10:52:01.298-0300] {processor.py:157} INFO - Started process (PID=14037) to work on /home/felipe/.local/lib/python3.11/site-packages/airflow/example_dags/example_time_delta_sensor_async.py
[2024-01-09T10:52:01.323-0300] {processor.py:829} INFO - Processing file /home/felipe/.local/lib/python3.11/site-packages/airflow/example_dags/example_time_delta_sensor_async.py for tasks to queue
[2024-01-09T10:52:01.323-0300] {logging_mixin.py:154} INFO - [2024-01-09T10:52:01.323-0300] {dagbag.py:536} INFO - Filling up the DagBag from /home/felipe/.local/lib/python3.11/site-packages/airflow/example_dags/example_time_delta_sensor_async.py
[2024-01-09T10:52:01.326-0300] {processor.py:839} INFO - DAG(s) dict_keys(['example_time_delta_sensor_async']) retrieved from /home/felipe/.local/lib/python3.11/site-packages/airflow/example_dags/example_time_delta_sensor_async.py
[2024-01-09T10:52:01.335-0300] {logging_mixin.py:154} INFO - [2024-01-09T10:52:01.335-0300] {dag.py:2941} INFO - Sync 1 DAGs
[2024-01-09T10:52:01.340-0300] {logging_mixin.py:154} INFO - [2024-01-09T10:52:01.340-0300] {dag.py:3722} INFO - Setting next_dagrun for example_time_delta_sensor_async to None, run_after=None
[2024-01-09T10:52:01.357-0300] {processor.py:179} INFO - Processing /home/felipe/.local/lib/python3.11/site-packages/airflow/example_dags/example_time_delta_sensor_async.py took 0.061 seconds
[2024-01-09T10:53:41.404-0300] {processor.py:157} INFO - Started process (PID=14316) to work on /home/felipe/.local/lib/python3.11/site-packages/airflow/example_dags/example_time_delta_sensor_async.py
[2024-01-09T10:53:41.450-0300] {processor.py:829} INFO - Processing file /home/felipe/.local/lib/python3.11/site-packages/airflow/example_dags/example_time_delta_sensor_async.py for tasks to queue
[2024-01-09T10:53:41.451-0300] {logging_mixin.py:154} INFO - [2024-01-09T10:53:41.451-0300] {dagbag.py:536} INFO - Filling up the DagBag from /home/felipe/.local/lib/python3.11/site-packages/airflow/example_dags/example_time_delta_sensor_async.py
[2024-01-09T10:53:41.454-0300] {processor.py:839} INFO - DAG(s) dict_keys(['example_time_delta_sensor_async']) retrieved from /home/felipe/.local/lib/python3.11/site-packages/airflow/example_dags/example_time_delta_sensor_async.py
[2024-01-09T10:53:41.462-0300] {logging_mixin.py:154} INFO - [2024-01-09T10:53:41.462-0300] {dag.py:2941} INFO - Sync 1 DAGs
[2024-01-09T10:53:41.467-0300] {logging_mixin.py:154} INFO - [2024-01-09T10:53:41.467-0300] {dag.py:3722} INFO - Setting next_dagrun for example_time_delta_sensor_async to None, run_after=None
[2024-01-09T10:53:41.493-0300] {processor.py:179} INFO - Processing /home/felipe/.local/lib/python3.11/site-packages/airflow/example_dags/example_time_delta_sensor_async.py took 0.091 seconds
[2024-01-09T10:56:08.074-0300] {processor.py:157} INFO - Started process (PID=14895) to work on /home/felipe/.local/lib/python3.11/site-packages/airflow/example_dags/example_time_delta_sensor_async.py
[2024-01-09T10:56:08.076-0300] {processor.py:829} INFO - Processing file /home/felipe/.local/lib/python3.11/site-packages/airflow/example_dags/example_time_delta_sensor_async.py for tasks to queue
[2024-01-09T10:56:08.077-0300] {logging_mixin.py:154} INFO - [2024-01-09T10:56:08.077-0300] {dagbag.py:536} INFO - Filling up the DagBag from /home/felipe/.local/lib/python3.11/site-packages/airflow/example_dags/example_time_delta_sensor_async.py
[2024-01-09T10:56:08.080-0300] {processor.py:839} INFO - DAG(s) dict_keys(['example_time_delta_sensor_async']) retrieved from /home/felipe/.local/lib/python3.11/site-packages/airflow/example_dags/example_time_delta_sensor_async.py
[2024-01-09T10:56:08.089-0300] {logging_mixin.py:154} INFO - [2024-01-09T10:56:08.089-0300] {dag.py:2941} INFO - Sync 1 DAGs
[2024-01-09T10:56:08.094-0300] {logging_mixin.py:154} INFO - [2024-01-09T10:56:08.094-0300] {dag.py:3722} INFO - Setting next_dagrun for example_time_delta_sensor_async to None, run_after=None
[2024-01-09T10:56:08.106-0300] {processor.py:179} INFO - Processing /home/felipe/.local/lib/python3.11/site-packages/airflow/example_dags/example_time_delta_sensor_async.py took 0.034 seconds
[2024-01-09T10:58:16.864-0300] {processor.py:157} INFO - Started process (PID=15227) to work on /home/felipe/.local/lib/python3.11/site-packages/airflow/example_dags/example_time_delta_sensor_async.py
[2024-01-09T10:58:16.896-0300] {processor.py:829} INFO - Processing file /home/felipe/.local/lib/python3.11/site-packages/airflow/example_dags/example_time_delta_sensor_async.py for tasks to queue
[2024-01-09T10:58:16.897-0300] {logging_mixin.py:154} INFO - [2024-01-09T10:58:16.896-0300] {dagbag.py:536} INFO - Filling up the DagBag from /home/felipe/.local/lib/python3.11/site-packages/airflow/example_dags/example_time_delta_sensor_async.py
[2024-01-09T10:58:16.900-0300] {processor.py:839} INFO - DAG(s) dict_keys(['example_time_delta_sensor_async']) retrieved from /home/felipe/.local/lib/python3.11/site-packages/airflow/example_dags/example_time_delta_sensor_async.py
[2024-01-09T10:58:16.908-0300] {logging_mixin.py:154} INFO - [2024-01-09T10:58:16.908-0300] {dag.py:2941} INFO - Sync 1 DAGs
[2024-01-09T10:58:16.913-0300] {logging_mixin.py:154} INFO - [2024-01-09T10:58:16.913-0300] {dag.py:3722} INFO - Setting next_dagrun for example_time_delta_sensor_async to None, run_after=None
[2024-01-09T10:58:16.930-0300] {processor.py:179} INFO - Processing /home/felipe/.local/lib/python3.11/site-packages/airflow/example_dags/example_time_delta_sensor_async.py took 0.067 seconds
[2024-01-09T11:00:16.954-0300] {processor.py:157} INFO - Started process (PID=15481) to work on /home/felipe/.local/lib/python3.11/site-packages/airflow/example_dags/example_time_delta_sensor_async.py
[2024-01-09T11:00:16.986-0300] {processor.py:829} INFO - Processing file /home/felipe/.local/lib/python3.11/site-packages/airflow/example_dags/example_time_delta_sensor_async.py for tasks to queue
[2024-01-09T11:00:16.987-0300] {logging_mixin.py:154} INFO - [2024-01-09T11:00:16.986-0300] {dagbag.py:536} INFO - Filling up the DagBag from /home/felipe/.local/lib/python3.11/site-packages/airflow/example_dags/example_time_delta_sensor_async.py
[2024-01-09T11:00:16.989-0300] {processor.py:839} INFO - DAG(s) dict_keys(['example_time_delta_sensor_async']) retrieved from /home/felipe/.local/lib/python3.11/site-packages/airflow/example_dags/example_time_delta_sensor_async.py
[2024-01-09T11:00:16.998-0300] {logging_mixin.py:154} INFO - [2024-01-09T11:00:16.998-0300] {dag.py:2941} INFO - Sync 1 DAGs
[2024-01-09T11:00:17.003-0300] {logging_mixin.py:154} INFO - [2024-01-09T11:00:17.003-0300] {dag.py:3722} INFO - Setting next_dagrun for example_time_delta_sensor_async to None, run_after=None
[2024-01-09T11:00:17.012-0300] {processor.py:179} INFO - Processing /home/felipe/.local/lib/python3.11/site-packages/airflow/example_dags/example_time_delta_sensor_async.py took 0.060 seconds
[2024-01-09T11:03:08.753-0300] {processor.py:157} INFO - Started process (PID=15932) to work on /home/felipe/.local/lib/python3.11/site-packages/airflow/example_dags/example_time_delta_sensor_async.py
[2024-01-09T11:03:08.754-0300] {processor.py:829} INFO - Processing file /home/felipe/.local/lib/python3.11/site-packages/airflow/example_dags/example_time_delta_sensor_async.py for tasks to queue
[2024-01-09T11:03:08.754-0300] {logging_mixin.py:154} INFO - [2024-01-09T11:03:08.754-0300] {dagbag.py:536} INFO - Filling up the DagBag from /home/felipe/.local/lib/python3.11/site-packages/airflow/example_dags/example_time_delta_sensor_async.py
[2024-01-09T11:03:08.757-0300] {processor.py:839} INFO - DAG(s) dict_keys(['example_time_delta_sensor_async']) retrieved from /home/felipe/.local/lib/python3.11/site-packages/airflow/example_dags/example_time_delta_sensor_async.py
[2024-01-09T11:03:08.766-0300] {logging_mixin.py:154} INFO - [2024-01-09T11:03:08.766-0300] {dag.py:2941} INFO - Sync 1 DAGs
[2024-01-09T11:03:08.771-0300] {logging_mixin.py:154} INFO - [2024-01-09T11:03:08.771-0300] {dag.py:3722} INFO - Setting next_dagrun for example_time_delta_sensor_async to None, run_after=None
[2024-01-09T11:03:08.780-0300] {processor.py:179} INFO - Processing /home/felipe/.local/lib/python3.11/site-packages/airflow/example_dags/example_time_delta_sensor_async.py took 0.029 seconds
[2024-01-09T20:52:48.693-0300] {processor.py:157} INFO - Started process (PID=36093) to work on /home/felipe/.local/lib/python3.11/site-packages/airflow/example_dags/example_time_delta_sensor_async.py
[2024-01-09T20:52:48.726-0300] {processor.py:829} INFO - Processing file /home/felipe/.local/lib/python3.11/site-packages/airflow/example_dags/example_time_delta_sensor_async.py for tasks to queue
[2024-01-09T20:52:48.726-0300] {logging_mixin.py:154} INFO - [2024-01-09T20:52:48.726-0300] {dagbag.py:536} INFO - Filling up the DagBag from /home/felipe/.local/lib/python3.11/site-packages/airflow/example_dags/example_time_delta_sensor_async.py
[2024-01-09T20:52:48.731-0300] {processor.py:839} INFO - DAG(s) dict_keys(['example_time_delta_sensor_async']) retrieved from /home/felipe/.local/lib/python3.11/site-packages/airflow/example_dags/example_time_delta_sensor_async.py
[2024-01-09T20:52:48.736-0300] {logging_mixin.py:154} INFO - [2024-01-09T20:52:48.736-0300] {dag.py:2941} INFO - Sync 1 DAGs
[2024-01-09T20:52:48.744-0300] {logging_mixin.py:154} INFO - [2024-01-09T20:52:48.744-0300] {dag.py:3722} INFO - Setting next_dagrun for example_time_delta_sensor_async to None, run_after=None
[2024-01-09T20:52:48.761-0300] {processor.py:179} INFO - Processing /home/felipe/.local/lib/python3.11/site-packages/airflow/example_dags/example_time_delta_sensor_async.py took 0.070 seconds
[2024-01-09T20:53:38.056-0300] {processor.py:157} INFO - Started process (PID=36535) to work on /home/felipe/.local/lib/python3.11/site-packages/airflow/example_dags/example_time_delta_sensor_async.py
[2024-01-09T20:53:38.056-0300] {processor.py:829} INFO - Processing file /home/felipe/.local/lib/python3.11/site-packages/airflow/example_dags/example_time_delta_sensor_async.py for tasks to queue
[2024-01-09T20:53:38.057-0300] {logging_mixin.py:154} INFO - [2024-01-09T20:53:38.056-0300] {dagbag.py:536} INFO - Filling up the DagBag from /home/felipe/.local/lib/python3.11/site-packages/airflow/example_dags/example_time_delta_sensor_async.py
[2024-01-09T20:53:38.059-0300] {processor.py:839} INFO - DAG(s) dict_keys(['example_time_delta_sensor_async']) retrieved from /home/felipe/.local/lib/python3.11/site-packages/airflow/example_dags/example_time_delta_sensor_async.py
[2024-01-09T20:53:38.069-0300] {logging_mixin.py:154} INFO - [2024-01-09T20:53:38.069-0300] {dag.py:2941} INFO - Sync 1 DAGs
[2024-01-09T20:53:38.075-0300] {logging_mixin.py:154} INFO - [2024-01-09T20:53:38.075-0300] {dag.py:3722} INFO - Setting next_dagrun for example_time_delta_sensor_async to None, run_after=None
[2024-01-09T20:53:38.087-0300] {processor.py:179} INFO - Processing /home/felipe/.local/lib/python3.11/site-packages/airflow/example_dags/example_time_delta_sensor_async.py took 0.033 seconds
[2024-01-09T20:54:25.340-0300] {processor.py:157} INFO - Started process (PID=36651) to work on /home/felipe/.local/lib/python3.11/site-packages/airflow/example_dags/example_time_delta_sensor_async.py
[2024-01-09T20:54:25.372-0300] {processor.py:829} INFO - Processing file /home/felipe/.local/lib/python3.11/site-packages/airflow/example_dags/example_time_delta_sensor_async.py for tasks to queue
[2024-01-09T20:54:25.372-0300] {logging_mixin.py:154} INFO - [2024-01-09T20:54:25.372-0300] {dagbag.py:536} INFO - Filling up the DagBag from /home/felipe/.local/lib/python3.11/site-packages/airflow/example_dags/example_time_delta_sensor_async.py
[2024-01-09T20:54:25.375-0300] {processor.py:839} INFO - DAG(s) dict_keys(['example_time_delta_sensor_async']) retrieved from /home/felipe/.local/lib/python3.11/site-packages/airflow/example_dags/example_time_delta_sensor_async.py
[2024-01-09T20:54:25.384-0300] {logging_mixin.py:154} INFO - [2024-01-09T20:54:25.384-0300] {dag.py:2941} INFO - Sync 1 DAGs
[2024-01-09T20:54:25.390-0300] {logging_mixin.py:154} INFO - [2024-01-09T20:54:25.390-0300] {dag.py:3722} INFO - Setting next_dagrun for example_time_delta_sensor_async to None, run_after=None
[2024-01-09T20:54:25.406-0300] {processor.py:179} INFO - Processing /home/felipe/.local/lib/python3.11/site-packages/airflow/example_dags/example_time_delta_sensor_async.py took 0.069 seconds
[2024-01-09T20:55:04.793-0300] {processor.py:157} INFO - Started process (PID=36746) to work on /home/felipe/.local/lib/python3.11/site-packages/airflow/example_dags/example_time_delta_sensor_async.py
[2024-01-09T20:55:04.825-0300] {processor.py:829} INFO - Processing file /home/felipe/.local/lib/python3.11/site-packages/airflow/example_dags/example_time_delta_sensor_async.py for tasks to queue
[2024-01-09T20:55:04.826-0300] {logging_mixin.py:154} INFO - [2024-01-09T20:55:04.825-0300] {dagbag.py:536} INFO - Filling up the DagBag from /home/felipe/.local/lib/python3.11/site-packages/airflow/example_dags/example_time_delta_sensor_async.py
[2024-01-09T20:55:04.829-0300] {processor.py:839} INFO - DAG(s) dict_keys(['example_time_delta_sensor_async']) retrieved from /home/felipe/.local/lib/python3.11/site-packages/airflow/example_dags/example_time_delta_sensor_async.py
[2024-01-09T20:55:04.839-0300] {logging_mixin.py:154} INFO - [2024-01-09T20:55:04.839-0300] {dag.py:2941} INFO - Sync 1 DAGs
[2024-01-09T20:55:04.845-0300] {logging_mixin.py:154} INFO - [2024-01-09T20:55:04.845-0300] {dag.py:3722} INFO - Setting next_dagrun for example_time_delta_sensor_async to None, run_after=None
[2024-01-09T20:55:04.863-0300] {processor.py:179} INFO - Processing /home/felipe/.local/lib/python3.11/site-packages/airflow/example_dags/example_time_delta_sensor_async.py took 0.072 seconds
[2024-01-09T20:55:56.089-0300] {processor.py:157} INFO - Started process (PID=36879) to work on /home/felipe/.local/lib/python3.11/site-packages/airflow/example_dags/example_time_delta_sensor_async.py
[2024-01-09T20:55:56.121-0300] {processor.py:829} INFO - Processing file /home/felipe/.local/lib/python3.11/site-packages/airflow/example_dags/example_time_delta_sensor_async.py for tasks to queue
[2024-01-09T20:55:56.122-0300] {logging_mixin.py:154} INFO - [2024-01-09T20:55:56.121-0300] {dagbag.py:536} INFO - Filling up the DagBag from /home/felipe/.local/lib/python3.11/site-packages/airflow/example_dags/example_time_delta_sensor_async.py
[2024-01-09T20:55:56.125-0300] {processor.py:839} INFO - DAG(s) dict_keys(['example_time_delta_sensor_async']) retrieved from /home/felipe/.local/lib/python3.11/site-packages/airflow/example_dags/example_time_delta_sensor_async.py
[2024-01-09T20:55:56.137-0300] {logging_mixin.py:154} INFO - [2024-01-09T20:55:56.137-0300] {dag.py:2941} INFO - Sync 1 DAGs
[2024-01-09T20:55:56.145-0300] {logging_mixin.py:154} INFO - [2024-01-09T20:55:56.145-0300] {dag.py:3722} INFO - Setting next_dagrun for example_time_delta_sensor_async to None, run_after=None
[2024-01-09T20:55:56.165-0300] {processor.py:179} INFO - Processing /home/felipe/.local/lib/python3.11/site-packages/airflow/example_dags/example_time_delta_sensor_async.py took 0.078 seconds
[2024-01-09T20:56:34.672-0300] {processor.py:157} INFO - Started process (PID=36960) to work on /home/felipe/.local/lib/python3.11/site-packages/airflow/example_dags/example_time_delta_sensor_async.py
[2024-01-09T20:56:34.704-0300] {processor.py:829} INFO - Processing file /home/felipe/.local/lib/python3.11/site-packages/airflow/example_dags/example_time_delta_sensor_async.py for tasks to queue
[2024-01-09T20:56:34.705-0300] {logging_mixin.py:154} INFO - [2024-01-09T20:56:34.704-0300] {dagbag.py:536} INFO - Filling up the DagBag from /home/felipe/.local/lib/python3.11/site-packages/airflow/example_dags/example_time_delta_sensor_async.py
[2024-01-09T20:56:34.708-0300] {processor.py:839} INFO - DAG(s) dict_keys(['example_time_delta_sensor_async']) retrieved from /home/felipe/.local/lib/python3.11/site-packages/airflow/example_dags/example_time_delta_sensor_async.py
[2024-01-09T20:56:34.718-0300] {logging_mixin.py:154} INFO - [2024-01-09T20:56:34.718-0300] {dag.py:2941} INFO - Sync 1 DAGs
[2024-01-09T20:56:34.724-0300] {logging_mixin.py:154} INFO - [2024-01-09T20:56:34.724-0300] {dag.py:3722} INFO - Setting next_dagrun for example_time_delta_sensor_async to None, run_after=None
[2024-01-09T20:56:34.741-0300] {processor.py:179} INFO - Processing /home/felipe/.local/lib/python3.11/site-packages/airflow/example_dags/example_time_delta_sensor_async.py took 0.071 seconds
[2024-01-09T20:57:24.763-0300] {processor.py:157} INFO - Started process (PID=37071) to work on /home/felipe/.local/lib/python3.11/site-packages/airflow/example_dags/example_time_delta_sensor_async.py
[2024-01-09T20:57:24.795-0300] {processor.py:829} INFO - Processing file /home/felipe/.local/lib/python3.11/site-packages/airflow/example_dags/example_time_delta_sensor_async.py for tasks to queue
[2024-01-09T20:57:24.796-0300] {logging_mixin.py:154} INFO - [2024-01-09T20:57:24.796-0300] {dagbag.py:536} INFO - Filling up the DagBag from /home/felipe/.local/lib/python3.11/site-packages/airflow/example_dags/example_time_delta_sensor_async.py
[2024-01-09T20:57:24.799-0300] {processor.py:839} INFO - DAG(s) dict_keys(['example_time_delta_sensor_async']) retrieved from /home/felipe/.local/lib/python3.11/site-packages/airflow/example_dags/example_time_delta_sensor_async.py
[2024-01-09T20:57:24.808-0300] {logging_mixin.py:154} INFO - [2024-01-09T20:57:24.808-0300] {dag.py:2941} INFO - Sync 1 DAGs
[2024-01-09T20:57:24.815-0300] {logging_mixin.py:154} INFO - [2024-01-09T20:57:24.815-0300] {dag.py:3722} INFO - Setting next_dagrun for example_time_delta_sensor_async to None, run_after=None
[2024-01-09T20:57:24.832-0300] {processor.py:179} INFO - Processing /home/felipe/.local/lib/python3.11/site-packages/airflow/example_dags/example_time_delta_sensor_async.py took 0.071 seconds
[2024-01-09T20:58:14.462-0300] {processor.py:157} INFO - Started process (PID=37204) to work on /home/felipe/.local/lib/python3.11/site-packages/airflow/example_dags/example_time_delta_sensor_async.py
[2024-01-09T20:58:14.463-0300] {processor.py:829} INFO - Processing file /home/felipe/.local/lib/python3.11/site-packages/airflow/example_dags/example_time_delta_sensor_async.py for tasks to queue
[2024-01-09T20:58:14.464-0300] {logging_mixin.py:154} INFO - [2024-01-09T20:58:14.464-0300] {dagbag.py:536} INFO - Filling up the DagBag from /home/felipe/.local/lib/python3.11/site-packages/airflow/example_dags/example_time_delta_sensor_async.py
[2024-01-09T20:58:14.467-0300] {processor.py:839} INFO - DAG(s) dict_keys(['example_time_delta_sensor_async']) retrieved from /home/felipe/.local/lib/python3.11/site-packages/airflow/example_dags/example_time_delta_sensor_async.py
[2024-01-09T20:58:14.477-0300] {logging_mixin.py:154} INFO - [2024-01-09T20:58:14.477-0300] {dag.py:2941} INFO - Sync 1 DAGs
[2024-01-09T20:58:14.483-0300] {logging_mixin.py:154} INFO - [2024-01-09T20:58:14.483-0300] {dag.py:3722} INFO - Setting next_dagrun for example_time_delta_sensor_async to None, run_after=None
[2024-01-09T20:58:14.504-0300] {processor.py:179} INFO - Processing /home/felipe/.local/lib/python3.11/site-packages/airflow/example_dags/example_time_delta_sensor_async.py took 0.044 seconds
[2024-01-09T20:59:06.058-0300] {processor.py:157} INFO - Started process (PID=37333) to work on /home/felipe/.local/lib/python3.11/site-packages/airflow/example_dags/example_time_delta_sensor_async.py
[2024-01-09T20:59:06.061-0300] {processor.py:829} INFO - Processing file /home/felipe/.local/lib/python3.11/site-packages/airflow/example_dags/example_time_delta_sensor_async.py for tasks to queue
[2024-01-09T20:59:06.061-0300] {logging_mixin.py:154} INFO - [2024-01-09T20:59:06.061-0300] {dagbag.py:536} INFO - Filling up the DagBag from /home/felipe/.local/lib/python3.11/site-packages/airflow/example_dags/example_time_delta_sensor_async.py
[2024-01-09T20:59:06.064-0300] {processor.py:839} INFO - DAG(s) dict_keys(['example_time_delta_sensor_async']) retrieved from /home/felipe/.local/lib/python3.11/site-packages/airflow/example_dags/example_time_delta_sensor_async.py
[2024-01-09T20:59:06.074-0300] {logging_mixin.py:154} INFO - [2024-01-09T20:59:06.074-0300] {dag.py:2941} INFO - Sync 1 DAGs
[2024-01-09T20:59:06.080-0300] {logging_mixin.py:154} INFO - [2024-01-09T20:59:06.080-0300] {dag.py:3722} INFO - Setting next_dagrun for example_time_delta_sensor_async to None, run_after=None
[2024-01-09T20:59:06.095-0300] {processor.py:179} INFO - Processing /home/felipe/.local/lib/python3.11/site-packages/airflow/example_dags/example_time_delta_sensor_async.py took 0.039 seconds
[2024-01-09T20:59:44.005-0300] {processor.py:157} INFO - Started process (PID=37413) to work on /home/felipe/.local/lib/python3.11/site-packages/airflow/example_dags/example_time_delta_sensor_async.py
[2024-01-09T20:59:44.037-0300] {processor.py:829} INFO - Processing file /home/felipe/.local/lib/python3.11/site-packages/airflow/example_dags/example_time_delta_sensor_async.py for tasks to queue
[2024-01-09T20:59:44.038-0300] {logging_mixin.py:154} INFO - [2024-01-09T20:59:44.038-0300] {dagbag.py:536} INFO - Filling up the DagBag from /home/felipe/.local/lib/python3.11/site-packages/airflow/example_dags/example_time_delta_sensor_async.py
[2024-01-09T20:59:44.041-0300] {processor.py:839} INFO - DAG(s) dict_keys(['example_time_delta_sensor_async']) retrieved from /home/felipe/.local/lib/python3.11/site-packages/airflow/example_dags/example_time_delta_sensor_async.py
[2024-01-09T20:59:44.051-0300] {logging_mixin.py:154} INFO - [2024-01-09T20:59:44.051-0300] {dag.py:2941} INFO - Sync 1 DAGs
[2024-01-09T20:59:44.057-0300] {logging_mixin.py:154} INFO - [2024-01-09T20:59:44.057-0300] {dag.py:3722} INFO - Setting next_dagrun for example_time_delta_sensor_async to None, run_after=None
[2024-01-09T20:59:44.075-0300] {processor.py:179} INFO - Processing /home/felipe/.local/lib/python3.11/site-packages/airflow/example_dags/example_time_delta_sensor_async.py took 0.071 seconds
