[2024-01-09T10:10:10.517-0300] {processor.py:157} INFO - Started process (PID=8526) to work on /home/felipe/.local/lib/python3.11/site-packages/airflow/example_dags/example_python_operator.py
[2024-01-09T10:10:10.517-0300] {processor.py:829} INFO - Processing file /home/felipe/.local/lib/python3.11/site-packages/airflow/example_dags/example_python_operator.py for tasks to queue
[2024-01-09T10:10:10.518-0300] {logging_mixin.py:154} INFO - [2024-01-09T10:10:10.517-0300] {dagbag.py:536} INFO - Filling up the DagBag from /home/felipe/.local/lib/python3.11/site-packages/airflow/example_dags/example_python_operator.py
[2024-01-09T10:10:10.522-0300] {logging_mixin.py:154} INFO - [2024-01-09T10:10:10.522-0300] {example_python_operator.py:86} WARNING - The virtalenv_python example task requires virtualenv, please install it.
[2024-01-09T10:10:10.524-0300] {processor.py:839} INFO - DAG(s) dict_keys(['example_python_operator']) retrieved from /home/felipe/.local/lib/python3.11/site-packages/airflow/example_dags/example_python_operator.py
[2024-01-09T10:10:10.528-0300] {logging_mixin.py:154} INFO - [2024-01-09T10:10:10.528-0300] {dag.py:2941} INFO - Sync 1 DAGs
[2024-01-09T10:10:10.535-0300] {logging_mixin.py:154} INFO - [2024-01-09T10:10:10.535-0300] {dag.py:3722} INFO - Setting next_dagrun for example_python_operator to None, run_after=None
[2024-01-09T10:10:10.576-0300] {processor.py:179} INFO - Processing /home/felipe/.local/lib/python3.11/site-packages/airflow/example_dags/example_python_operator.py took 0.061 seconds
[2024-01-09T10:11:05.724-0300] {processor.py:157} INFO - Started process (PID=8650) to work on /home/felipe/.local/lib/python3.11/site-packages/airflow/example_dags/example_python_operator.py
[2024-01-09T10:11:05.756-0300] {processor.py:829} INFO - Processing file /home/felipe/.local/lib/python3.11/site-packages/airflow/example_dags/example_python_operator.py for tasks to queue
[2024-01-09T10:11:05.757-0300] {logging_mixin.py:154} INFO - [2024-01-09T10:11:05.756-0300] {dagbag.py:536} INFO - Filling up the DagBag from /home/felipe/.local/lib/python3.11/site-packages/airflow/example_dags/example_python_operator.py
[2024-01-09T10:11:05.761-0300] {logging_mixin.py:154} INFO - [2024-01-09T10:11:05.761-0300] {example_python_operator.py:86} WARNING - The virtalenv_python example task requires virtualenv, please install it.
[2024-01-09T10:11:05.762-0300] {processor.py:839} INFO - DAG(s) dict_keys(['example_python_operator']) retrieved from /home/felipe/.local/lib/python3.11/site-packages/airflow/example_dags/example_python_operator.py
[2024-01-09T10:11:05.771-0300] {logging_mixin.py:154} INFO - [2024-01-09T10:11:05.771-0300] {dag.py:2941} INFO - Sync 1 DAGs
[2024-01-09T10:11:05.777-0300] {logging_mixin.py:154} INFO - [2024-01-09T10:11:05.777-0300] {dag.py:3722} INFO - Setting next_dagrun for example_python_operator to None, run_after=None
[2024-01-09T10:11:05.794-0300] {processor.py:179} INFO - Processing /home/felipe/.local/lib/python3.11/site-packages/airflow/example_dags/example_python_operator.py took 0.072 seconds
[2024-01-09T10:11:53.632-0300] {processor.py:157} INFO - Started process (PID=8743) to work on /home/felipe/.local/lib/python3.11/site-packages/airflow/example_dags/example_python_operator.py
[2024-01-09T10:11:53.664-0300] {processor.py:829} INFO - Processing file /home/felipe/.local/lib/python3.11/site-packages/airflow/example_dags/example_python_operator.py for tasks to queue
[2024-01-09T10:11:53.665-0300] {logging_mixin.py:154} INFO - [2024-01-09T10:11:53.664-0300] {dagbag.py:536} INFO - Filling up the DagBag from /home/felipe/.local/lib/python3.11/site-packages/airflow/example_dags/example_python_operator.py
[2024-01-09T10:11:53.669-0300] {logging_mixin.py:154} INFO - [2024-01-09T10:11:53.669-0300] {example_python_operator.py:86} WARNING - The virtalenv_python example task requires virtualenv, please install it.
[2024-01-09T10:11:53.670-0300] {processor.py:839} INFO - DAG(s) dict_keys(['example_python_operator']) retrieved from /home/felipe/.local/lib/python3.11/site-packages/airflow/example_dags/example_python_operator.py
[2024-01-09T10:11:53.679-0300] {logging_mixin.py:154} INFO - [2024-01-09T10:11:53.679-0300] {dag.py:2941} INFO - Sync 1 DAGs
[2024-01-09T10:11:53.684-0300] {logging_mixin.py:154} INFO - [2024-01-09T10:11:53.684-0300] {dag.py:3722} INFO - Setting next_dagrun for example_python_operator to None, run_after=None
[2024-01-09T10:11:53.701-0300] {processor.py:179} INFO - Processing /home/felipe/.local/lib/python3.11/site-packages/airflow/example_dags/example_python_operator.py took 0.071 seconds
[2024-01-09T10:12:39.401-0300] {processor.py:157} INFO - Started process (PID=8844) to work on /home/felipe/.local/lib/python3.11/site-packages/airflow/example_dags/example_python_operator.py
[2024-01-09T10:12:39.401-0300] {processor.py:829} INFO - Processing file /home/felipe/.local/lib/python3.11/site-packages/airflow/example_dags/example_python_operator.py for tasks to queue
[2024-01-09T10:12:39.402-0300] {logging_mixin.py:154} INFO - [2024-01-09T10:12:39.402-0300] {dagbag.py:536} INFO - Filling up the DagBag from /home/felipe/.local/lib/python3.11/site-packages/airflow/example_dags/example_python_operator.py
[2024-01-09T10:12:39.407-0300] {logging_mixin.py:154} INFO - [2024-01-09T10:12:39.407-0300] {example_python_operator.py:86} WARNING - The virtalenv_python example task requires virtualenv, please install it.
[2024-01-09T10:12:39.407-0300] {processor.py:839} INFO - DAG(s) dict_keys(['example_python_operator']) retrieved from /home/felipe/.local/lib/python3.11/site-packages/airflow/example_dags/example_python_operator.py
[2024-01-09T10:12:39.417-0300] {logging_mixin.py:154} INFO - [2024-01-09T10:12:39.417-0300] {dag.py:2941} INFO - Sync 1 DAGs
[2024-01-09T10:12:39.423-0300] {logging_mixin.py:154} INFO - [2024-01-09T10:12:39.423-0300] {dag.py:3722} INFO - Setting next_dagrun for example_python_operator to None, run_after=None
[2024-01-09T10:12:39.432-0300] {processor.py:179} INFO - Processing /home/felipe/.local/lib/python3.11/site-packages/airflow/example_dags/example_python_operator.py took 0.033 seconds
[2024-01-09T10:13:28.832-0300] {processor.py:157} INFO - Started process (PID=8922) to work on /home/felipe/.local/lib/python3.11/site-packages/airflow/example_dags/example_python_operator.py
[2024-01-09T10:13:28.838-0300] {processor.py:829} INFO - Processing file /home/felipe/.local/lib/python3.11/site-packages/airflow/example_dags/example_python_operator.py for tasks to queue
[2024-01-09T10:13:28.839-0300] {logging_mixin.py:154} INFO - [2024-01-09T10:13:28.838-0300] {dagbag.py:536} INFO - Filling up the DagBag from /home/felipe/.local/lib/python3.11/site-packages/airflow/example_dags/example_python_operator.py
[2024-01-09T10:13:28.843-0300] {logging_mixin.py:154} INFO - [2024-01-09T10:13:28.843-0300] {example_python_operator.py:86} WARNING - The virtalenv_python example task requires virtualenv, please install it.
[2024-01-09T10:13:28.844-0300] {processor.py:839} INFO - DAG(s) dict_keys(['example_python_operator']) retrieved from /home/felipe/.local/lib/python3.11/site-packages/airflow/example_dags/example_python_operator.py
[2024-01-09T10:13:28.853-0300] {logging_mixin.py:154} INFO - [2024-01-09T10:13:28.853-0300] {dag.py:2941} INFO - Sync 1 DAGs
[2024-01-09T10:13:28.859-0300] {logging_mixin.py:154} INFO - [2024-01-09T10:13:28.859-0300] {dag.py:3722} INFO - Setting next_dagrun for example_python_operator to None, run_after=None
[2024-01-09T10:13:28.872-0300] {processor.py:179} INFO - Processing /home/felipe/.local/lib/python3.11/site-packages/airflow/example_dags/example_python_operator.py took 0.042 seconds
[2024-01-09T10:14:20.705-0300] {processor.py:157} INFO - Started process (PID=9000) to work on /home/felipe/.local/lib/python3.11/site-packages/airflow/example_dags/example_python_operator.py
[2024-01-09T10:14:20.737-0300] {processor.py:829} INFO - Processing file /home/felipe/.local/lib/python3.11/site-packages/airflow/example_dags/example_python_operator.py for tasks to queue
[2024-01-09T10:14:20.737-0300] {logging_mixin.py:154} INFO - [2024-01-09T10:14:20.737-0300] {dagbag.py:536} INFO - Filling up the DagBag from /home/felipe/.local/lib/python3.11/site-packages/airflow/example_dags/example_python_operator.py
[2024-01-09T10:14:20.742-0300] {logging_mixin.py:154} INFO - [2024-01-09T10:14:20.742-0300] {example_python_operator.py:86} WARNING - The virtalenv_python example task requires virtualenv, please install it.
[2024-01-09T10:14:20.742-0300] {processor.py:839} INFO - DAG(s) dict_keys(['example_python_operator']) retrieved from /home/felipe/.local/lib/python3.11/site-packages/airflow/example_dags/example_python_operator.py
[2024-01-09T10:14:20.752-0300] {logging_mixin.py:154} INFO - [2024-01-09T10:14:20.752-0300] {dag.py:2941} INFO - Sync 1 DAGs
[2024-01-09T10:14:20.758-0300] {logging_mixin.py:154} INFO - [2024-01-09T10:14:20.758-0300] {dag.py:3722} INFO - Setting next_dagrun for example_python_operator to None, run_after=None
[2024-01-09T10:14:20.775-0300] {processor.py:179} INFO - Processing /home/felipe/.local/lib/python3.11/site-packages/airflow/example_dags/example_python_operator.py took 0.072 seconds
[2024-01-09T10:15:16.046-0300] {processor.py:157} INFO - Started process (PID=9129) to work on /home/felipe/.local/lib/python3.11/site-packages/airflow/example_dags/example_python_operator.py
[2024-01-09T10:15:16.047-0300] {processor.py:829} INFO - Processing file /home/felipe/.local/lib/python3.11/site-packages/airflow/example_dags/example_python_operator.py for tasks to queue
[2024-01-09T10:15:16.047-0300] {logging_mixin.py:154} INFO - [2024-01-09T10:15:16.047-0300] {dagbag.py:536} INFO - Filling up the DagBag from /home/felipe/.local/lib/python3.11/site-packages/airflow/example_dags/example_python_operator.py
[2024-01-09T10:15:16.052-0300] {logging_mixin.py:154} INFO - [2024-01-09T10:15:16.052-0300] {example_python_operator.py:86} WARNING - The virtalenv_python example task requires virtualenv, please install it.
[2024-01-09T10:15:16.052-0300] {processor.py:839} INFO - DAG(s) dict_keys(['example_python_operator']) retrieved from /home/felipe/.local/lib/python3.11/site-packages/airflow/example_dags/example_python_operator.py
[2024-01-09T10:15:16.062-0300] {logging_mixin.py:154} INFO - [2024-01-09T10:15:16.062-0300] {dag.py:2941} INFO - Sync 1 DAGs
[2024-01-09T10:15:16.067-0300] {logging_mixin.py:154} INFO - [2024-01-09T10:15:16.067-0300] {dag.py:3722} INFO - Setting next_dagrun for example_python_operator to None, run_after=None
[2024-01-09T10:15:16.081-0300] {processor.py:179} INFO - Processing /home/felipe/.local/lib/python3.11/site-packages/airflow/example_dags/example_python_operator.py took 0.037 seconds
[2024-01-09T10:22:02.749-0300] {processor.py:157} INFO - Started process (PID=9822) to work on /home/felipe/.local/lib/python3.11/site-packages/airflow/example_dags/example_python_operator.py
[2024-01-09T10:22:02.757-0300] {processor.py:829} INFO - Processing file /home/felipe/.local/lib/python3.11/site-packages/airflow/example_dags/example_python_operator.py for tasks to queue
[2024-01-09T10:22:02.757-0300] {logging_mixin.py:154} INFO - [2024-01-09T10:22:02.757-0300] {dagbag.py:536} INFO - Filling up the DagBag from /home/felipe/.local/lib/python3.11/site-packages/airflow/example_dags/example_python_operator.py
[2024-01-09T10:22:02.762-0300] {logging_mixin.py:154} INFO - [2024-01-09T10:22:02.762-0300] {example_python_operator.py:86} WARNING - The virtalenv_python example task requires virtualenv, please install it.
[2024-01-09T10:22:02.762-0300] {processor.py:839} INFO - DAG(s) dict_keys(['example_python_operator']) retrieved from /home/felipe/.local/lib/python3.11/site-packages/airflow/example_dags/example_python_operator.py
[2024-01-09T10:22:02.774-0300] {logging_mixin.py:154} INFO - [2024-01-09T10:22:02.774-0300] {dag.py:2941} INFO - Sync 1 DAGs
[2024-01-09T10:22:02.780-0300] {logging_mixin.py:154} INFO - [2024-01-09T10:22:02.780-0300] {dag.py:3722} INFO - Setting next_dagrun for example_python_operator to None, run_after=None
[2024-01-09T10:22:02.789-0300] {processor.py:179} INFO - Processing /home/felipe/.local/lib/python3.11/site-packages/airflow/example_dags/example_python_operator.py took 0.042 seconds
[2024-01-09T10:38:12.268-0300] {processor.py:157} INFO - Started process (PID=11781) to work on /home/felipe/.local/lib/python3.11/site-packages/airflow/example_dags/example_python_operator.py
[2024-01-09T10:38:12.269-0300] {processor.py:829} INFO - Processing file /home/felipe/.local/lib/python3.11/site-packages/airflow/example_dags/example_python_operator.py for tasks to queue
[2024-01-09T10:38:12.269-0300] {logging_mixin.py:154} INFO - [2024-01-09T10:38:12.269-0300] {dagbag.py:536} INFO - Filling up the DagBag from /home/felipe/.local/lib/python3.11/site-packages/airflow/example_dags/example_python_operator.py
[2024-01-09T10:38:12.274-0300] {logging_mixin.py:154} INFO - [2024-01-09T10:38:12.274-0300] {example_python_operator.py:86} WARNING - The virtalenv_python example task requires virtualenv, please install it.
[2024-01-09T10:38:12.274-0300] {processor.py:839} INFO - DAG(s) dict_keys(['example_python_operator']) retrieved from /home/felipe/.local/lib/python3.11/site-packages/airflow/example_dags/example_python_operator.py
[2024-01-09T10:38:12.283-0300] {logging_mixin.py:154} INFO - [2024-01-09T10:38:12.283-0300] {dag.py:2941} INFO - Sync 1 DAGs
[2024-01-09T10:38:12.288-0300] {logging_mixin.py:154} INFO - [2024-01-09T10:38:12.288-0300] {dag.py:3722} INFO - Setting next_dagrun for example_python_operator to None, run_after=None
[2024-01-09T10:38:12.297-0300] {processor.py:179} INFO - Processing /home/felipe/.local/lib/python3.11/site-packages/airflow/example_dags/example_python_operator.py took 0.030 seconds
[2024-01-09T10:39:02.817-0300] {processor.py:157} INFO - Started process (PID=11864) to work on /home/felipe/.local/lib/python3.11/site-packages/airflow/example_dags/example_python_operator.py
[2024-01-09T10:39:02.849-0300] {processor.py:829} INFO - Processing file /home/felipe/.local/lib/python3.11/site-packages/airflow/example_dags/example_python_operator.py for tasks to queue
[2024-01-09T10:39:02.850-0300] {logging_mixin.py:154} INFO - [2024-01-09T10:39:02.850-0300] {dagbag.py:536} INFO - Filling up the DagBag from /home/felipe/.local/lib/python3.11/site-packages/airflow/example_dags/example_python_operator.py
[2024-01-09T10:39:02.855-0300] {logging_mixin.py:154} INFO - [2024-01-09T10:39:02.855-0300] {example_python_operator.py:86} WARNING - The virtalenv_python example task requires virtualenv, please install it.
[2024-01-09T10:39:02.855-0300] {processor.py:839} INFO - DAG(s) dict_keys(['example_python_operator']) retrieved from /home/felipe/.local/lib/python3.11/site-packages/airflow/example_dags/example_python_operator.py
[2024-01-09T10:39:02.864-0300] {logging_mixin.py:154} INFO - [2024-01-09T10:39:02.864-0300] {dag.py:2941} INFO - Sync 1 DAGs
[2024-01-09T10:39:02.869-0300] {logging_mixin.py:154} INFO - [2024-01-09T10:39:02.869-0300] {dag.py:3722} INFO - Setting next_dagrun for example_python_operator to None, run_after=None
[2024-01-09T10:39:02.885-0300] {processor.py:179} INFO - Processing /home/felipe/.local/lib/python3.11/site-packages/airflow/example_dags/example_python_operator.py took 0.069 seconds
[2024-01-09T10:39:42.747-0300] {processor.py:157} INFO - Started process (PID=11938) to work on /home/felipe/.local/lib/python3.11/site-packages/airflow/example_dags/example_python_operator.py
[2024-01-09T10:39:42.779-0300] {processor.py:829} INFO - Processing file /home/felipe/.local/lib/python3.11/site-packages/airflow/example_dags/example_python_operator.py for tasks to queue
[2024-01-09T10:39:42.779-0300] {logging_mixin.py:154} INFO - [2024-01-09T10:39:42.779-0300] {dagbag.py:536} INFO - Filling up the DagBag from /home/felipe/.local/lib/python3.11/site-packages/airflow/example_dags/example_python_operator.py
[2024-01-09T10:39:42.784-0300] {logging_mixin.py:154} INFO - [2024-01-09T10:39:42.784-0300] {example_python_operator.py:86} WARNING - The virtalenv_python example task requires virtualenv, please install it.
[2024-01-09T10:39:42.784-0300] {processor.py:839} INFO - DAG(s) dict_keys(['example_python_operator']) retrieved from /home/felipe/.local/lib/python3.11/site-packages/airflow/example_dags/example_python_operator.py
[2024-01-09T10:39:42.793-0300] {logging_mixin.py:154} INFO - [2024-01-09T10:39:42.793-0300] {dag.py:2941} INFO - Sync 1 DAGs
[2024-01-09T10:39:42.798-0300] {logging_mixin.py:154} INFO - [2024-01-09T10:39:42.798-0300] {dag.py:3722} INFO - Setting next_dagrun for example_python_operator to None, run_after=None
[2024-01-09T10:39:42.814-0300] {processor.py:179} INFO - Processing /home/felipe/.local/lib/python3.11/site-packages/airflow/example_dags/example_python_operator.py took 0.070 seconds
[2024-01-09T10:40:19.178-0300] {processor.py:157} INFO - Started process (PID=12011) to work on /home/felipe/.local/lib/python3.11/site-packages/airflow/example_dags/example_python_operator.py
[2024-01-09T10:40:19.210-0300] {processor.py:829} INFO - Processing file /home/felipe/.local/lib/python3.11/site-packages/airflow/example_dags/example_python_operator.py for tasks to queue
[2024-01-09T10:40:19.211-0300] {logging_mixin.py:154} INFO - [2024-01-09T10:40:19.211-0300] {dagbag.py:536} INFO - Filling up the DagBag from /home/felipe/.local/lib/python3.11/site-packages/airflow/example_dags/example_python_operator.py
[2024-01-09T10:40:19.216-0300] {logging_mixin.py:154} INFO - [2024-01-09T10:40:19.215-0300] {example_python_operator.py:86} WARNING - The virtalenv_python example task requires virtualenv, please install it.
[2024-01-09T10:40:19.216-0300] {processor.py:839} INFO - DAG(s) dict_keys(['example_python_operator']) retrieved from /home/felipe/.local/lib/python3.11/site-packages/airflow/example_dags/example_python_operator.py
[2024-01-09T10:40:19.224-0300] {logging_mixin.py:154} INFO - [2024-01-09T10:40:19.224-0300] {dag.py:2941} INFO - Sync 1 DAGs
[2024-01-09T10:40:19.230-0300] {logging_mixin.py:154} INFO - [2024-01-09T10:40:19.230-0300] {dag.py:3722} INFO - Setting next_dagrun for example_python_operator to None, run_after=None
[2024-01-09T10:40:19.246-0300] {processor.py:179} INFO - Processing /home/felipe/.local/lib/python3.11/site-packages/airflow/example_dags/example_python_operator.py took 0.070 seconds
[2024-01-09T10:40:55.365-0300] {processor.py:157} INFO - Started process (PID=12142) to work on /home/felipe/.local/lib/python3.11/site-packages/airflow/example_dags/example_python_operator.py
[2024-01-09T10:40:55.397-0300] {processor.py:829} INFO - Processing file /home/felipe/.local/lib/python3.11/site-packages/airflow/example_dags/example_python_operator.py for tasks to queue
[2024-01-09T10:40:55.397-0300] {logging_mixin.py:154} INFO - [2024-01-09T10:40:55.397-0300] {dagbag.py:536} INFO - Filling up the DagBag from /home/felipe/.local/lib/python3.11/site-packages/airflow/example_dags/example_python_operator.py
[2024-01-09T10:40:55.402-0300] {logging_mixin.py:154} INFO - [2024-01-09T10:40:55.402-0300] {example_python_operator.py:86} WARNING - The virtalenv_python example task requires virtualenv, please install it.
[2024-01-09T10:40:55.403-0300] {processor.py:839} INFO - DAG(s) dict_keys(['example_python_operator']) retrieved from /home/felipe/.local/lib/python3.11/site-packages/airflow/example_dags/example_python_operator.py
[2024-01-09T10:40:55.411-0300] {logging_mixin.py:154} INFO - [2024-01-09T10:40:55.411-0300] {dag.py:2941} INFO - Sync 1 DAGs
[2024-01-09T10:40:55.416-0300] {logging_mixin.py:154} INFO - [2024-01-09T10:40:55.416-0300] {dag.py:3722} INFO - Setting next_dagrun for example_python_operator to None, run_after=None
[2024-01-09T10:40:55.432-0300] {processor.py:179} INFO - Processing /home/felipe/.local/lib/python3.11/site-packages/airflow/example_dags/example_python_operator.py took 0.069 seconds
[2024-01-09T10:43:59.262-0300] {processor.py:157} INFO - Started process (PID=12544) to work on /home/felipe/.local/lib/python3.11/site-packages/airflow/example_dags/example_python_operator.py
[2024-01-09T10:43:59.267-0300] {processor.py:829} INFO - Processing file /home/felipe/.local/lib/python3.11/site-packages/airflow/example_dags/example_python_operator.py for tasks to queue
[2024-01-09T10:43:59.268-0300] {logging_mixin.py:154} INFO - [2024-01-09T10:43:59.268-0300] {dagbag.py:536} INFO - Filling up the DagBag from /home/felipe/.local/lib/python3.11/site-packages/airflow/example_dags/example_python_operator.py
[2024-01-09T10:43:59.273-0300] {logging_mixin.py:154} INFO - [2024-01-09T10:43:59.273-0300] {example_python_operator.py:86} WARNING - The virtalenv_python example task requires virtualenv, please install it.
[2024-01-09T10:43:59.273-0300] {processor.py:839} INFO - DAG(s) dict_keys(['example_python_operator']) retrieved from /home/felipe/.local/lib/python3.11/site-packages/airflow/example_dags/example_python_operator.py
[2024-01-09T10:43:59.282-0300] {logging_mixin.py:154} INFO - [2024-01-09T10:43:59.282-0300] {dag.py:2941} INFO - Sync 1 DAGs
[2024-01-09T10:43:59.288-0300] {logging_mixin.py:154} INFO - [2024-01-09T10:43:59.288-0300] {dag.py:3722} INFO - Setting next_dagrun for example_python_operator to None, run_after=None
[2024-01-09T10:43:59.296-0300] {processor.py:179} INFO - Processing /home/felipe/.local/lib/python3.11/site-packages/airflow/example_dags/example_python_operator.py took 0.037 seconds
[2024-01-09T10:46:08.665-0300] {processor.py:157} INFO - Started process (PID=12857) to work on /home/felipe/.local/lib/python3.11/site-packages/airflow/example_dags/example_python_operator.py
[2024-01-09T10:46:08.698-0300] {processor.py:829} INFO - Processing file /home/felipe/.local/lib/python3.11/site-packages/airflow/example_dags/example_python_operator.py for tasks to queue
[2024-01-09T10:46:08.698-0300] {logging_mixin.py:154} INFO - [2024-01-09T10:46:08.698-0300] {dagbag.py:536} INFO - Filling up the DagBag from /home/felipe/.local/lib/python3.11/site-packages/airflow/example_dags/example_python_operator.py
[2024-01-09T10:46:08.703-0300] {logging_mixin.py:154} INFO - [2024-01-09T10:46:08.703-0300] {example_python_operator.py:86} WARNING - The virtalenv_python example task requires virtualenv, please install it.
[2024-01-09T10:46:08.703-0300] {processor.py:839} INFO - DAG(s) dict_keys(['example_python_operator']) retrieved from /home/felipe/.local/lib/python3.11/site-packages/airflow/example_dags/example_python_operator.py
[2024-01-09T10:46:08.712-0300] {logging_mixin.py:154} INFO - [2024-01-09T10:46:08.712-0300] {dag.py:2941} INFO - Sync 1 DAGs
[2024-01-09T10:46:08.717-0300] {logging_mixin.py:154} INFO - [2024-01-09T10:46:08.717-0300] {dag.py:3722} INFO - Setting next_dagrun for example_python_operator to None, run_after=None
[2024-01-09T10:46:08.733-0300] {processor.py:179} INFO - Processing /home/felipe/.local/lib/python3.11/site-packages/airflow/example_dags/example_python_operator.py took 0.070 seconds
[2024-01-09T10:49:08.233-0300] {processor.py:157} INFO - Started process (PID=13717) to work on /home/felipe/.local/lib/python3.11/site-packages/airflow/example_dags/example_python_operator.py
[2024-01-09T10:49:08.265-0300] {processor.py:829} INFO - Processing file /home/felipe/.local/lib/python3.11/site-packages/airflow/example_dags/example_python_operator.py for tasks to queue
[2024-01-09T10:49:08.266-0300] {logging_mixin.py:154} INFO - [2024-01-09T10:49:08.265-0300] {dagbag.py:536} INFO - Filling up the DagBag from /home/felipe/.local/lib/python3.11/site-packages/airflow/example_dags/example_python_operator.py
[2024-01-09T10:49:08.271-0300] {logging_mixin.py:154} INFO - [2024-01-09T10:49:08.271-0300] {example_python_operator.py:86} WARNING - The virtalenv_python example task requires virtualenv, please install it.
[2024-01-09T10:49:08.271-0300] {processor.py:839} INFO - DAG(s) dict_keys(['example_python_operator']) retrieved from /home/felipe/.local/lib/python3.11/site-packages/airflow/example_dags/example_python_operator.py
[2024-01-09T10:49:08.280-0300] {logging_mixin.py:154} INFO - [2024-01-09T10:49:08.280-0300] {dag.py:2941} INFO - Sync 1 DAGs
[2024-01-09T10:49:08.285-0300] {logging_mixin.py:154} INFO - [2024-01-09T10:49:08.285-0300] {dag.py:3722} INFO - Setting next_dagrun for example_python_operator to None, run_after=None
[2024-01-09T10:49:08.302-0300] {processor.py:179} INFO - Processing /home/felipe/.local/lib/python3.11/site-packages/airflow/example_dags/example_python_operator.py took 0.071 seconds
[2024-01-09T10:51:49.872-0300] {processor.py:157} INFO - Started process (PID=14011) to work on /home/felipe/.local/lib/python3.11/site-packages/airflow/example_dags/example_python_operator.py
[2024-01-09T10:51:49.876-0300] {processor.py:829} INFO - Processing file /home/felipe/.local/lib/python3.11/site-packages/airflow/example_dags/example_python_operator.py for tasks to queue
[2024-01-09T10:51:49.876-0300] {logging_mixin.py:154} INFO - [2024-01-09T10:51:49.876-0300] {dagbag.py:536} INFO - Filling up the DagBag from /home/felipe/.local/lib/python3.11/site-packages/airflow/example_dags/example_python_operator.py
[2024-01-09T10:51:49.881-0300] {logging_mixin.py:154} INFO - [2024-01-09T10:51:49.881-0300] {example_python_operator.py:86} WARNING - The virtalenv_python example task requires virtualenv, please install it.
[2024-01-09T10:51:49.882-0300] {processor.py:839} INFO - DAG(s) dict_keys(['example_python_operator']) retrieved from /home/felipe/.local/lib/python3.11/site-packages/airflow/example_dags/example_python_operator.py
[2024-01-09T10:51:49.891-0300] {logging_mixin.py:154} INFO - [2024-01-09T10:51:49.891-0300] {dag.py:2941} INFO - Sync 1 DAGs
[2024-01-09T10:51:49.897-0300] {logging_mixin.py:154} INFO - [2024-01-09T10:51:49.896-0300] {dag.py:3722} INFO - Setting next_dagrun for example_python_operator to None, run_after=None
[2024-01-09T10:51:49.907-0300] {processor.py:179} INFO - Processing /home/felipe/.local/lib/python3.11/site-packages/airflow/example_dags/example_python_operator.py took 0.037 seconds
[2024-01-09T10:53:37.548-0300] {processor.py:157} INFO - Started process (PID=14307) to work on /home/felipe/.local/lib/python3.11/site-packages/airflow/example_dags/example_python_operator.py
[2024-01-09T10:53:37.581-0300] {processor.py:829} INFO - Processing file /home/felipe/.local/lib/python3.11/site-packages/airflow/example_dags/example_python_operator.py for tasks to queue
[2024-01-09T10:53:37.581-0300] {logging_mixin.py:154} INFO - [2024-01-09T10:53:37.581-0300] {dagbag.py:536} INFO - Filling up the DagBag from /home/felipe/.local/lib/python3.11/site-packages/airflow/example_dags/example_python_operator.py
[2024-01-09T10:53:37.586-0300] {logging_mixin.py:154} INFO - [2024-01-09T10:53:37.586-0300] {example_python_operator.py:86} WARNING - The virtalenv_python example task requires virtualenv, please install it.
[2024-01-09T10:53:37.586-0300] {processor.py:839} INFO - DAG(s) dict_keys(['example_python_operator']) retrieved from /home/felipe/.local/lib/python3.11/site-packages/airflow/example_dags/example_python_operator.py
[2024-01-09T10:53:37.594-0300] {logging_mixin.py:154} INFO - [2024-01-09T10:53:37.594-0300] {dag.py:2941} INFO - Sync 1 DAGs
[2024-01-09T10:53:37.599-0300] {logging_mixin.py:154} INFO - [2024-01-09T10:53:37.599-0300] {dag.py:3722} INFO - Setting next_dagrun for example_python_operator to None, run_after=None
[2024-01-09T10:53:37.616-0300] {processor.py:179} INFO - Processing /home/felipe/.local/lib/python3.11/site-packages/airflow/example_dags/example_python_operator.py took 0.069 seconds
[2024-01-09T10:55:56.959-0300] {processor.py:157} INFO - Started process (PID=14858) to work on /home/felipe/.local/lib/python3.11/site-packages/airflow/example_dags/example_python_operator.py
[2024-01-09T10:55:56.968-0300] {processor.py:829} INFO - Processing file /home/felipe/.local/lib/python3.11/site-packages/airflow/example_dags/example_python_operator.py for tasks to queue
[2024-01-09T10:55:56.969-0300] {logging_mixin.py:154} INFO - [2024-01-09T10:55:56.969-0300] {dagbag.py:536} INFO - Filling up the DagBag from /home/felipe/.local/lib/python3.11/site-packages/airflow/example_dags/example_python_operator.py
[2024-01-09T10:55:56.974-0300] {logging_mixin.py:154} INFO - [2024-01-09T10:55:56.973-0300] {example_python_operator.py:86} WARNING - The virtalenv_python example task requires virtualenv, please install it.
[2024-01-09T10:55:56.974-0300] {processor.py:839} INFO - DAG(s) dict_keys(['example_python_operator']) retrieved from /home/felipe/.local/lib/python3.11/site-packages/airflow/example_dags/example_python_operator.py
[2024-01-09T10:55:56.982-0300] {logging_mixin.py:154} INFO - [2024-01-09T10:55:56.982-0300] {dag.py:2941} INFO - Sync 1 DAGs
[2024-01-09T10:55:56.988-0300] {logging_mixin.py:154} INFO - [2024-01-09T10:55:56.988-0300] {dag.py:3722} INFO - Setting next_dagrun for example_python_operator to None, run_after=None
[2024-01-09T10:55:57.007-0300] {processor.py:179} INFO - Processing /home/felipe/.local/lib/python3.11/site-packages/airflow/example_dags/example_python_operator.py took 0.050 seconds
[2024-01-09T10:58:12.967-0300] {processor.py:157} INFO - Started process (PID=15223) to work on /home/felipe/.local/lib/python3.11/site-packages/airflow/example_dags/example_python_operator.py
[2024-01-09T10:58:12.999-0300] {processor.py:829} INFO - Processing file /home/felipe/.local/lib/python3.11/site-packages/airflow/example_dags/example_python_operator.py for tasks to queue
[2024-01-09T10:58:13.000-0300] {logging_mixin.py:154} INFO - [2024-01-09T10:58:12.999-0300] {dagbag.py:536} INFO - Filling up the DagBag from /home/felipe/.local/lib/python3.11/site-packages/airflow/example_dags/example_python_operator.py
[2024-01-09T10:58:13.004-0300] {logging_mixin.py:154} INFO - [2024-01-09T10:58:13.004-0300] {example_python_operator.py:86} WARNING - The virtalenv_python example task requires virtualenv, please install it.
[2024-01-09T10:58:13.005-0300] {processor.py:839} INFO - DAG(s) dict_keys(['example_python_operator']) retrieved from /home/felipe/.local/lib/python3.11/site-packages/airflow/example_dags/example_python_operator.py
[2024-01-09T10:58:13.013-0300] {logging_mixin.py:154} INFO - [2024-01-09T10:58:13.013-0300] {dag.py:2941} INFO - Sync 1 DAGs
[2024-01-09T10:58:13.019-0300] {logging_mixin.py:154} INFO - [2024-01-09T10:58:13.019-0300] {dag.py:3722} INFO - Setting next_dagrun for example_python_operator to None, run_after=None
[2024-01-09T10:58:13.035-0300] {processor.py:179} INFO - Processing /home/felipe/.local/lib/python3.11/site-packages/airflow/example_dags/example_python_operator.py took 0.071 seconds
[2024-01-09T10:59:49.319-0300] {processor.py:157} INFO - Started process (PID=15433) to work on /home/felipe/.local/lib/python3.11/site-packages/airflow/example_dags/example_python_operator.py
[2024-01-09T10:59:49.320-0300] {processor.py:829} INFO - Processing file /home/felipe/.local/lib/python3.11/site-packages/airflow/example_dags/example_python_operator.py for tasks to queue
[2024-01-09T10:59:49.320-0300] {logging_mixin.py:154} INFO - [2024-01-09T10:59:49.320-0300] {dagbag.py:536} INFO - Filling up the DagBag from /home/felipe/.local/lib/python3.11/site-packages/airflow/example_dags/example_python_operator.py
[2024-01-09T10:59:49.325-0300] {logging_mixin.py:154} INFO - [2024-01-09T10:59:49.325-0300] {example_python_operator.py:86} WARNING - The virtalenv_python example task requires virtualenv, please install it.
[2024-01-09T10:59:49.325-0300] {processor.py:839} INFO - DAG(s) dict_keys(['example_python_operator']) retrieved from /home/felipe/.local/lib/python3.11/site-packages/airflow/example_dags/example_python_operator.py
[2024-01-09T10:59:49.334-0300] {logging_mixin.py:154} INFO - [2024-01-09T10:59:49.334-0300] {dag.py:2941} INFO - Sync 1 DAGs
[2024-01-09T10:59:49.339-0300] {logging_mixin.py:154} INFO - [2024-01-09T10:59:49.339-0300] {dag.py:3722} INFO - Setting next_dagrun for example_python_operator to None, run_after=None
[2024-01-09T10:59:49.348-0300] {processor.py:179} INFO - Processing /home/felipe/.local/lib/python3.11/site-packages/airflow/example_dags/example_python_operator.py took 0.031 seconds
[2024-01-09T11:02:26.505-0300] {processor.py:157} INFO - Started process (PID=15851) to work on /home/felipe/.local/lib/python3.11/site-packages/airflow/example_dags/example_python_operator.py
[2024-01-09T11:02:26.537-0300] {processor.py:829} INFO - Processing file /home/felipe/.local/lib/python3.11/site-packages/airflow/example_dags/example_python_operator.py for tasks to queue
[2024-01-09T11:02:26.538-0300] {logging_mixin.py:154} INFO - [2024-01-09T11:02:26.537-0300] {dagbag.py:536} INFO - Filling up the DagBag from /home/felipe/.local/lib/python3.11/site-packages/airflow/example_dags/example_python_operator.py
[2024-01-09T11:02:26.543-0300] {logging_mixin.py:154} INFO - [2024-01-09T11:02:26.543-0300] {example_python_operator.py:86} WARNING - The virtalenv_python example task requires virtualenv, please install it.
[2024-01-09T11:02:26.543-0300] {processor.py:839} INFO - DAG(s) dict_keys(['example_python_operator']) retrieved from /home/felipe/.local/lib/python3.11/site-packages/airflow/example_dags/example_python_operator.py
[2024-01-09T11:02:26.552-0300] {logging_mixin.py:154} INFO - [2024-01-09T11:02:26.552-0300] {dag.py:2941} INFO - Sync 1 DAGs
[2024-01-09T11:02:26.558-0300] {logging_mixin.py:154} INFO - [2024-01-09T11:02:26.557-0300] {dag.py:3722} INFO - Setting next_dagrun for example_python_operator to None, run_after=None
[2024-01-09T11:02:26.574-0300] {processor.py:179} INFO - Processing /home/felipe/.local/lib/python3.11/site-packages/airflow/example_dags/example_python_operator.py took 0.071 seconds
[2024-01-09T20:52:45.833-0300] {processor.py:157} INFO - Started process (PID=36069) to work on /home/felipe/.local/lib/python3.11/site-packages/airflow/example_dags/example_python_operator.py
[2024-01-09T20:52:45.865-0300] {processor.py:829} INFO - Processing file /home/felipe/.local/lib/python3.11/site-packages/airflow/example_dags/example_python_operator.py for tasks to queue
[2024-01-09T20:52:45.866-0300] {logging_mixin.py:154} INFO - [2024-01-09T20:52:45.865-0300] {dagbag.py:536} INFO - Filling up the DagBag from /home/felipe/.local/lib/python3.11/site-packages/airflow/example_dags/example_python_operator.py
[2024-01-09T20:52:45.871-0300] {logging_mixin.py:154} INFO - [2024-01-09T20:52:45.871-0300] {example_python_operator.py:86} WARNING - The virtalenv_python example task requires virtualenv, please install it.
[2024-01-09T20:52:45.873-0300] {processor.py:839} INFO - DAG(s) dict_keys(['example_python_operator']) retrieved from /home/felipe/.local/lib/python3.11/site-packages/airflow/example_dags/example_python_operator.py
[2024-01-09T20:52:45.878-0300] {logging_mixin.py:154} INFO - [2024-01-09T20:52:45.878-0300] {dag.py:2941} INFO - Sync 1 DAGs
[2024-01-09T20:52:45.886-0300] {logging_mixin.py:154} INFO - [2024-01-09T20:52:45.886-0300] {dag.py:3722} INFO - Setting next_dagrun for example_python_operator to None, run_after=None
[2024-01-09T20:52:45.903-0300] {processor.py:179} INFO - Processing /home/felipe/.local/lib/python3.11/site-packages/airflow/example_dags/example_python_operator.py took 0.072 seconds
[2024-01-09T20:53:35.293-0300] {processor.py:157} INFO - Started process (PID=36529) to work on /home/felipe/.local/lib/python3.11/site-packages/airflow/example_dags/example_python_operator.py
[2024-01-09T20:53:35.326-0300] {processor.py:829} INFO - Processing file /home/felipe/.local/lib/python3.11/site-packages/airflow/example_dags/example_python_operator.py for tasks to queue
[2024-01-09T20:53:35.326-0300] {logging_mixin.py:154} INFO - [2024-01-09T20:53:35.326-0300] {dagbag.py:536} INFO - Filling up the DagBag from /home/felipe/.local/lib/python3.11/site-packages/airflow/example_dags/example_python_operator.py
[2024-01-09T20:53:35.331-0300] {logging_mixin.py:154} INFO - [2024-01-09T20:53:35.331-0300] {example_python_operator.py:86} WARNING - The virtalenv_python example task requires virtualenv, please install it.
[2024-01-09T20:53:35.332-0300] {processor.py:839} INFO - DAG(s) dict_keys(['example_python_operator']) retrieved from /home/felipe/.local/lib/python3.11/site-packages/airflow/example_dags/example_python_operator.py
[2024-01-09T20:53:35.342-0300] {logging_mixin.py:154} INFO - [2024-01-09T20:53:35.342-0300] {dag.py:2941} INFO - Sync 1 DAGs
[2024-01-09T20:53:35.348-0300] {logging_mixin.py:154} INFO - [2024-01-09T20:53:35.348-0300] {dag.py:3722} INFO - Setting next_dagrun for example_python_operator to None, run_after=None
[2024-01-09T20:53:35.366-0300] {processor.py:179} INFO - Processing /home/felipe/.local/lib/python3.11/site-packages/airflow/example_dags/example_python_operator.py took 0.074 seconds
[2024-01-09T20:54:13.332-0300] {processor.py:157} INFO - Started process (PID=36634) to work on /home/felipe/.local/lib/python3.11/site-packages/airflow/example_dags/example_python_operator.py
[2024-01-09T20:54:13.365-0300] {processor.py:829} INFO - Processing file /home/felipe/.local/lib/python3.11/site-packages/airflow/example_dags/example_python_operator.py for tasks to queue
[2024-01-09T20:54:13.365-0300] {logging_mixin.py:154} INFO - [2024-01-09T20:54:13.365-0300] {dagbag.py:536} INFO - Filling up the DagBag from /home/felipe/.local/lib/python3.11/site-packages/airflow/example_dags/example_python_operator.py
[2024-01-09T20:54:13.370-0300] {logging_mixin.py:154} INFO - [2024-01-09T20:54:13.370-0300] {example_python_operator.py:86} WARNING - The virtalenv_python example task requires virtualenv, please install it.
[2024-01-09T20:54:13.370-0300] {processor.py:839} INFO - DAG(s) dict_keys(['example_python_operator']) retrieved from /home/felipe/.local/lib/python3.11/site-packages/airflow/example_dags/example_python_operator.py
[2024-01-09T20:54:13.380-0300] {logging_mixin.py:154} INFO - [2024-01-09T20:54:13.380-0300] {dag.py:2941} INFO - Sync 1 DAGs
[2024-01-09T20:54:13.385-0300] {logging_mixin.py:154} INFO - [2024-01-09T20:54:13.385-0300] {dag.py:3722} INFO - Setting next_dagrun for example_python_operator to None, run_after=None
[2024-01-09T20:54:13.399-0300] {processor.py:179} INFO - Processing /home/felipe/.local/lib/python3.11/site-packages/airflow/example_dags/example_python_operator.py took 0.069 seconds
[2024-01-09T20:55:00.557-0300] {processor.py:157} INFO - Started process (PID=36739) to work on /home/felipe/.local/lib/python3.11/site-packages/airflow/example_dags/example_python_operator.py
[2024-01-09T20:55:00.589-0300] {processor.py:829} INFO - Processing file /home/felipe/.local/lib/python3.11/site-packages/airflow/example_dags/example_python_operator.py for tasks to queue
[2024-01-09T20:55:00.590-0300] {logging_mixin.py:154} INFO - [2024-01-09T20:55:00.590-0300] {dagbag.py:536} INFO - Filling up the DagBag from /home/felipe/.local/lib/python3.11/site-packages/airflow/example_dags/example_python_operator.py
[2024-01-09T20:55:00.595-0300] {logging_mixin.py:154} INFO - [2024-01-09T20:55:00.595-0300] {example_python_operator.py:86} WARNING - The virtalenv_python example task requires virtualenv, please install it.
[2024-01-09T20:55:00.595-0300] {processor.py:839} INFO - DAG(s) dict_keys(['example_python_operator']) retrieved from /home/felipe/.local/lib/python3.11/site-packages/airflow/example_dags/example_python_operator.py
[2024-01-09T20:55:00.605-0300] {logging_mixin.py:154} INFO - [2024-01-09T20:55:00.605-0300] {dag.py:2941} INFO - Sync 1 DAGs
[2024-01-09T20:55:00.611-0300] {logging_mixin.py:154} INFO - [2024-01-09T20:55:00.611-0300] {dag.py:3722} INFO - Setting next_dagrun for example_python_operator to None, run_after=None
[2024-01-09T20:55:00.628-0300] {processor.py:179} INFO - Processing /home/felipe/.local/lib/python3.11/site-packages/airflow/example_dags/example_python_operator.py took 0.073 seconds
[2024-01-09T20:55:37.654-0300] {processor.py:157} INFO - Started process (PID=36835) to work on /home/felipe/.local/lib/python3.11/site-packages/airflow/example_dags/example_python_operator.py
[2024-01-09T20:55:37.686-0300] {processor.py:829} INFO - Processing file /home/felipe/.local/lib/python3.11/site-packages/airflow/example_dags/example_python_operator.py for tasks to queue
[2024-01-09T20:55:37.687-0300] {logging_mixin.py:154} INFO - [2024-01-09T20:55:37.686-0300] {dagbag.py:536} INFO - Filling up the DagBag from /home/felipe/.local/lib/python3.11/site-packages/airflow/example_dags/example_python_operator.py
[2024-01-09T20:55:37.692-0300] {logging_mixin.py:154} INFO - [2024-01-09T20:55:37.692-0300] {example_python_operator.py:86} WARNING - The virtalenv_python example task requires virtualenv, please install it.
[2024-01-09T20:55:37.692-0300] {processor.py:839} INFO - DAG(s) dict_keys(['example_python_operator']) retrieved from /home/felipe/.local/lib/python3.11/site-packages/airflow/example_dags/example_python_operator.py
[2024-01-09T20:55:37.702-0300] {logging_mixin.py:154} INFO - [2024-01-09T20:55:37.702-0300] {dag.py:2941} INFO - Sync 1 DAGs
[2024-01-09T20:55:37.708-0300] {logging_mixin.py:154} INFO - [2024-01-09T20:55:37.708-0300] {dag.py:3722} INFO - Setting next_dagrun for example_python_operator to None, run_after=None
[2024-01-09T20:55:37.725-0300] {processor.py:179} INFO - Processing /home/felipe/.local/lib/python3.11/site-packages/airflow/example_dags/example_python_operator.py took 0.073 seconds
[2024-01-09T20:56:12.484-0300] {processor.py:157} INFO - Started process (PID=36910) to work on /home/felipe/.local/lib/python3.11/site-packages/airflow/example_dags/example_python_operator.py
[2024-01-09T20:56:12.516-0300] {processor.py:829} INFO - Processing file /home/felipe/.local/lib/python3.11/site-packages/airflow/example_dags/example_python_operator.py for tasks to queue
[2024-01-09T20:56:12.516-0300] {logging_mixin.py:154} INFO - [2024-01-09T20:56:12.516-0300] {dagbag.py:536} INFO - Filling up the DagBag from /home/felipe/.local/lib/python3.11/site-packages/airflow/example_dags/example_python_operator.py
[2024-01-09T20:56:12.521-0300] {logging_mixin.py:154} INFO - [2024-01-09T20:56:12.521-0300] {example_python_operator.py:86} WARNING - The virtalenv_python example task requires virtualenv, please install it.
[2024-01-09T20:56:12.521-0300] {processor.py:839} INFO - DAG(s) dict_keys(['example_python_operator']) retrieved from /home/felipe/.local/lib/python3.11/site-packages/airflow/example_dags/example_python_operator.py
[2024-01-09T20:56:12.532-0300] {logging_mixin.py:154} INFO - [2024-01-09T20:56:12.532-0300] {dag.py:2941} INFO - Sync 1 DAGs
[2024-01-09T20:56:12.538-0300] {logging_mixin.py:154} INFO - [2024-01-09T20:56:12.538-0300] {dag.py:3722} INFO - Setting next_dagrun for example_python_operator to None, run_after=None
[2024-01-09T20:56:12.556-0300] {processor.py:179} INFO - Processing /home/felipe/.local/lib/python3.11/site-packages/airflow/example_dags/example_python_operator.py took 0.074 seconds
[2024-01-09T20:56:48.570-0300] {processor.py:157} INFO - Started process (PID=36987) to work on /home/felipe/.local/lib/python3.11/site-packages/airflow/example_dags/example_python_operator.py
[2024-01-09T20:56:48.602-0300] {processor.py:829} INFO - Processing file /home/felipe/.local/lib/python3.11/site-packages/airflow/example_dags/example_python_operator.py for tasks to queue
[2024-01-09T20:56:48.603-0300] {logging_mixin.py:154} INFO - [2024-01-09T20:56:48.602-0300] {dagbag.py:536} INFO - Filling up the DagBag from /home/felipe/.local/lib/python3.11/site-packages/airflow/example_dags/example_python_operator.py
[2024-01-09T20:56:48.608-0300] {logging_mixin.py:154} INFO - [2024-01-09T20:56:48.608-0300] {example_python_operator.py:86} WARNING - The virtalenv_python example task requires virtualenv, please install it.
[2024-01-09T20:56:48.608-0300] {processor.py:839} INFO - DAG(s) dict_keys(['example_python_operator']) retrieved from /home/felipe/.local/lib/python3.11/site-packages/airflow/example_dags/example_python_operator.py
[2024-01-09T20:56:48.618-0300] {logging_mixin.py:154} INFO - [2024-01-09T20:56:48.618-0300] {dag.py:2941} INFO - Sync 1 DAGs
[2024-01-09T20:56:48.625-0300] {logging_mixin.py:154} INFO - [2024-01-09T20:56:48.625-0300] {dag.py:3722} INFO - Setting next_dagrun for example_python_operator to None, run_after=None
[2024-01-09T20:56:48.642-0300] {processor.py:179} INFO - Processing /home/felipe/.local/lib/python3.11/site-packages/airflow/example_dags/example_python_operator.py took 0.075 seconds
[2024-01-09T20:57:22.179-0300] {processor.py:157} INFO - Started process (PID=37068) to work on /home/felipe/.local/lib/python3.11/site-packages/airflow/example_dags/example_python_operator.py
[2024-01-09T20:57:22.211-0300] {processor.py:829} INFO - Processing file /home/felipe/.local/lib/python3.11/site-packages/airflow/example_dags/example_python_operator.py for tasks to queue
[2024-01-09T20:57:22.212-0300] {logging_mixin.py:154} INFO - [2024-01-09T20:57:22.211-0300] {dagbag.py:536} INFO - Filling up the DagBag from /home/felipe/.local/lib/python3.11/site-packages/airflow/example_dags/example_python_operator.py
[2024-01-09T20:57:22.217-0300] {logging_mixin.py:154} INFO - [2024-01-09T20:57:22.216-0300] {example_python_operator.py:86} WARNING - The virtalenv_python example task requires virtualenv, please install it.
[2024-01-09T20:57:22.217-0300] {processor.py:839} INFO - DAG(s) dict_keys(['example_python_operator']) retrieved from /home/felipe/.local/lib/python3.11/site-packages/airflow/example_dags/example_python_operator.py
[2024-01-09T20:57:22.227-0300] {logging_mixin.py:154} INFO - [2024-01-09T20:57:22.227-0300] {dag.py:2941} INFO - Sync 1 DAGs
[2024-01-09T20:57:22.233-0300] {logging_mixin.py:154} INFO - [2024-01-09T20:57:22.233-0300] {dag.py:3722} INFO - Setting next_dagrun for example_python_operator to None, run_after=None
[2024-01-09T20:57:22.250-0300] {processor.py:179} INFO - Processing /home/felipe/.local/lib/python3.11/site-packages/airflow/example_dags/example_python_operator.py took 0.074 seconds
[2024-01-09T20:58:11.709-0300] {processor.py:157} INFO - Started process (PID=37201) to work on /home/felipe/.local/lib/python3.11/site-packages/airflow/example_dags/example_python_operator.py
[2024-01-09T20:58:11.741-0300] {processor.py:829} INFO - Processing file /home/felipe/.local/lib/python3.11/site-packages/airflow/example_dags/example_python_operator.py for tasks to queue
[2024-01-09T20:58:11.741-0300] {logging_mixin.py:154} INFO - [2024-01-09T20:58:11.741-0300] {dagbag.py:536} INFO - Filling up the DagBag from /home/felipe/.local/lib/python3.11/site-packages/airflow/example_dags/example_python_operator.py
[2024-01-09T20:58:11.747-0300] {logging_mixin.py:154} INFO - [2024-01-09T20:58:11.747-0300] {example_python_operator.py:86} WARNING - The virtalenv_python example task requires virtualenv, please install it.
[2024-01-09T20:58:11.747-0300] {processor.py:839} INFO - DAG(s) dict_keys(['example_python_operator']) retrieved from /home/felipe/.local/lib/python3.11/site-packages/airflow/example_dags/example_python_operator.py
[2024-01-09T20:58:11.758-0300] {logging_mixin.py:154} INFO - [2024-01-09T20:58:11.757-0300] {dag.py:2941} INFO - Sync 1 DAGs
[2024-01-09T20:58:11.764-0300] {logging_mixin.py:154} INFO - [2024-01-09T20:58:11.764-0300] {dag.py:3722} INFO - Setting next_dagrun for example_python_operator to None, run_after=None
[2024-01-09T20:58:11.782-0300] {processor.py:179} INFO - Processing /home/felipe/.local/lib/python3.11/site-packages/airflow/example_dags/example_python_operator.py took 0.075 seconds
[2024-01-09T20:58:49.290-0300] {processor.py:157} INFO - Started process (PID=37275) to work on /home/felipe/.local/lib/python3.11/site-packages/airflow/example_dags/example_python_operator.py
[2024-01-09T20:58:49.290-0300] {processor.py:829} INFO - Processing file /home/felipe/.local/lib/python3.11/site-packages/airflow/example_dags/example_python_operator.py for tasks to queue
[2024-01-09T20:58:49.291-0300] {logging_mixin.py:154} INFO - [2024-01-09T20:58:49.290-0300] {dagbag.py:536} INFO - Filling up the DagBag from /home/felipe/.local/lib/python3.11/site-packages/airflow/example_dags/example_python_operator.py
[2024-01-09T20:58:49.296-0300] {logging_mixin.py:154} INFO - [2024-01-09T20:58:49.296-0300] {example_python_operator.py:86} WARNING - The virtalenv_python example task requires virtualenv, please install it.
[2024-01-09T20:58:49.296-0300] {processor.py:839} INFO - DAG(s) dict_keys(['example_python_operator']) retrieved from /home/felipe/.local/lib/python3.11/site-packages/airflow/example_dags/example_python_operator.py
[2024-01-09T20:58:49.305-0300] {logging_mixin.py:154} INFO - [2024-01-09T20:58:49.305-0300] {dag.py:2941} INFO - Sync 1 DAGs
[2024-01-09T20:58:49.311-0300] {logging_mixin.py:154} INFO - [2024-01-09T20:58:49.311-0300] {dag.py:3722} INFO - Setting next_dagrun for example_python_operator to None, run_after=None
[2024-01-09T20:58:49.325-0300] {processor.py:179} INFO - Processing /home/felipe/.local/lib/python3.11/site-packages/airflow/example_dags/example_python_operator.py took 0.037 seconds
[2024-01-09T20:59:40.247-0300] {processor.py:157} INFO - Started process (PID=37408) to work on /home/felipe/.local/lib/python3.11/site-packages/airflow/example_dags/example_python_operator.py
[2024-01-09T20:59:40.279-0300] {processor.py:829} INFO - Processing file /home/felipe/.local/lib/python3.11/site-packages/airflow/example_dags/example_python_operator.py for tasks to queue
[2024-01-09T20:59:40.280-0300] {logging_mixin.py:154} INFO - [2024-01-09T20:59:40.279-0300] {dagbag.py:536} INFO - Filling up the DagBag from /home/felipe/.local/lib/python3.11/site-packages/airflow/example_dags/example_python_operator.py
[2024-01-09T20:59:40.285-0300] {logging_mixin.py:154} INFO - [2024-01-09T20:59:40.285-0300] {example_python_operator.py:86} WARNING - The virtalenv_python example task requires virtualenv, please install it.
[2024-01-09T20:59:40.285-0300] {processor.py:839} INFO - DAG(s) dict_keys(['example_python_operator']) retrieved from /home/felipe/.local/lib/python3.11/site-packages/airflow/example_dags/example_python_operator.py
[2024-01-09T20:59:40.295-0300] {logging_mixin.py:154} INFO - [2024-01-09T20:59:40.295-0300] {dag.py:2941} INFO - Sync 1 DAGs
[2024-01-09T20:59:40.302-0300] {logging_mixin.py:154} INFO - [2024-01-09T20:59:40.302-0300] {dag.py:3722} INFO - Setting next_dagrun for example_python_operator to None, run_after=None
[2024-01-09T20:59:40.320-0300] {processor.py:179} INFO - Processing /home/felipe/.local/lib/python3.11/site-packages/airflow/example_dags/example_python_operator.py took 0.075 seconds
