[2024-01-09T10:10:13.381-0300] {processor.py:157} INFO - Started process (PID=8529) to work on /home/felipe/.local/lib/python3.11/site-packages/airflow/example_dags/example_dag_decorator.py
[2024-01-09T10:10:13.381-0300] {processor.py:829} INFO - Processing file /home/felipe/.local/lib/python3.11/site-packages/airflow/example_dags/example_dag_decorator.py for tasks to queue
[2024-01-09T10:10:13.381-0300] {logging_mixin.py:154} INFO - [2024-01-09T10:10:13.381-0300] {dagbag.py:536} INFO - Filling up the DagBag from /home/felipe/.local/lib/python3.11/site-packages/airflow/example_dags/example_dag_decorator.py
[2024-01-09T10:10:13.389-0300] {processor.py:839} INFO - DAG(s) dict_keys(['example_dag_decorator']) retrieved from /home/felipe/.local/lib/python3.11/site-packages/airflow/example_dags/example_dag_decorator.py
[2024-01-09T10:10:13.393-0300] {logging_mixin.py:154} INFO - [2024-01-09T10:10:13.393-0300] {dag.py:2941} INFO - Sync 1 DAGs
[2024-01-09T10:10:13.401-0300] {logging_mixin.py:154} INFO - [2024-01-09T10:10:13.400-0300] {dag.py:3722} INFO - Setting next_dagrun for example_dag_decorator to None, run_after=None
[2024-01-09T10:10:13.455-0300] {processor.py:179} INFO - Processing /home/felipe/.local/lib/python3.11/site-packages/airflow/example_dags/example_dag_decorator.py took 0.077 seconds
[2024-01-09T10:11:08.458-0300] {processor.py:157} INFO - Started process (PID=8657) to work on /home/felipe/.local/lib/python3.11/site-packages/airflow/example_dags/example_dag_decorator.py
[2024-01-09T10:11:08.490-0300] {processor.py:829} INFO - Processing file /home/felipe/.local/lib/python3.11/site-packages/airflow/example_dags/example_dag_decorator.py for tasks to queue
[2024-01-09T10:11:08.491-0300] {logging_mixin.py:154} INFO - [2024-01-09T10:11:08.491-0300] {dagbag.py:536} INFO - Filling up the DagBag from /home/felipe/.local/lib/python3.11/site-packages/airflow/example_dags/example_dag_decorator.py
[2024-01-09T10:11:08.498-0300] {processor.py:839} INFO - DAG(s) dict_keys(['example_dag_decorator']) retrieved from /home/felipe/.local/lib/python3.11/site-packages/airflow/example_dags/example_dag_decorator.py
[2024-01-09T10:11:08.547-0300] {logging_mixin.py:154} INFO - [2024-01-09T10:11:08.547-0300] {dag.py:2941} INFO - Sync 1 DAGs
[2024-01-09T10:11:08.552-0300] {logging_mixin.py:154} INFO - [2024-01-09T10:11:08.552-0300] {dag.py:3722} INFO - Setting next_dagrun for example_dag_decorator to None, run_after=None
[2024-01-09T10:11:08.569-0300] {processor.py:179} INFO - Processing /home/felipe/.local/lib/python3.11/site-packages/airflow/example_dags/example_dag_decorator.py took 0.113 seconds
[2024-01-09T10:11:56.499-0300] {processor.py:157} INFO - Started process (PID=8746) to work on /home/felipe/.local/lib/python3.11/site-packages/airflow/example_dags/example_dag_decorator.py
[2024-01-09T10:11:56.531-0300] {processor.py:829} INFO - Processing file /home/felipe/.local/lib/python3.11/site-packages/airflow/example_dags/example_dag_decorator.py for tasks to queue
[2024-01-09T10:11:56.532-0300] {logging_mixin.py:154} INFO - [2024-01-09T10:11:56.532-0300] {dagbag.py:536} INFO - Filling up the DagBag from /home/felipe/.local/lib/python3.11/site-packages/airflow/example_dags/example_dag_decorator.py
[2024-01-09T10:11:56.539-0300] {processor.py:839} INFO - DAG(s) dict_keys(['example_dag_decorator']) retrieved from /home/felipe/.local/lib/python3.11/site-packages/airflow/example_dags/example_dag_decorator.py
[2024-01-09T10:11:56.589-0300] {logging_mixin.py:154} INFO - [2024-01-09T10:11:56.588-0300] {dag.py:2941} INFO - Sync 1 DAGs
[2024-01-09T10:11:56.593-0300] {logging_mixin.py:154} INFO - [2024-01-09T10:11:56.593-0300] {dag.py:3722} INFO - Setting next_dagrun for example_dag_decorator to None, run_after=None
[2024-01-09T10:11:56.610-0300] {processor.py:179} INFO - Processing /home/felipe/.local/lib/python3.11/site-packages/airflow/example_dags/example_dag_decorator.py took 0.113 seconds
[2024-01-09T10:12:42.133-0300] {processor.py:157} INFO - Started process (PID=8848) to work on /home/felipe/.local/lib/python3.11/site-packages/airflow/example_dags/example_dag_decorator.py
[2024-01-09T10:12:42.166-0300] {processor.py:829} INFO - Processing file /home/felipe/.local/lib/python3.11/site-packages/airflow/example_dags/example_dag_decorator.py for tasks to queue
[2024-01-09T10:12:42.166-0300] {logging_mixin.py:154} INFO - [2024-01-09T10:12:42.166-0300] {dagbag.py:536} INFO - Filling up the DagBag from /home/felipe/.local/lib/python3.11/site-packages/airflow/example_dags/example_dag_decorator.py
[2024-01-09T10:12:42.173-0300] {processor.py:839} INFO - DAG(s) dict_keys(['example_dag_decorator']) retrieved from /home/felipe/.local/lib/python3.11/site-packages/airflow/example_dags/example_dag_decorator.py
[2024-01-09T10:12:42.222-0300] {logging_mixin.py:154} INFO - [2024-01-09T10:12:42.222-0300] {dag.py:2941} INFO - Sync 1 DAGs
[2024-01-09T10:12:42.227-0300] {logging_mixin.py:154} INFO - [2024-01-09T10:12:42.227-0300] {dag.py:3722} INFO - Setting next_dagrun for example_dag_decorator to None, run_after=None
[2024-01-09T10:12:42.244-0300] {processor.py:179} INFO - Processing /home/felipe/.local/lib/python3.11/site-packages/airflow/example_dags/example_dag_decorator.py took 0.113 seconds
[2024-01-09T10:13:31.563-0300] {processor.py:157} INFO - Started process (PID=8926) to work on /home/felipe/.local/lib/python3.11/site-packages/airflow/example_dags/example_dag_decorator.py
[2024-01-09T10:13:31.595-0300] {processor.py:829} INFO - Processing file /home/felipe/.local/lib/python3.11/site-packages/airflow/example_dags/example_dag_decorator.py for tasks to queue
[2024-01-09T10:13:31.595-0300] {logging_mixin.py:154} INFO - [2024-01-09T10:13:31.595-0300] {dagbag.py:536} INFO - Filling up the DagBag from /home/felipe/.local/lib/python3.11/site-packages/airflow/example_dags/example_dag_decorator.py
[2024-01-09T10:13:31.602-0300] {processor.py:839} INFO - DAG(s) dict_keys(['example_dag_decorator']) retrieved from /home/felipe/.local/lib/python3.11/site-packages/airflow/example_dags/example_dag_decorator.py
[2024-01-09T10:13:31.652-0300] {logging_mixin.py:154} INFO - [2024-01-09T10:13:31.652-0300] {dag.py:2941} INFO - Sync 1 DAGs
[2024-01-09T10:13:31.656-0300] {logging_mixin.py:154} INFO - [2024-01-09T10:13:31.656-0300] {dag.py:3722} INFO - Setting next_dagrun for example_dag_decorator to None, run_after=None
[2024-01-09T10:13:31.673-0300] {processor.py:179} INFO - Processing /home/felipe/.local/lib/python3.11/site-packages/airflow/example_dags/example_dag_decorator.py took 0.113 seconds
[2024-01-09T10:14:23.424-0300] {processor.py:157} INFO - Started process (PID=9003) to work on /home/felipe/.local/lib/python3.11/site-packages/airflow/example_dags/example_dag_decorator.py
[2024-01-09T10:14:23.456-0300] {processor.py:829} INFO - Processing file /home/felipe/.local/lib/python3.11/site-packages/airflow/example_dags/example_dag_decorator.py for tasks to queue
[2024-01-09T10:14:23.457-0300] {logging_mixin.py:154} INFO - [2024-01-09T10:14:23.457-0300] {dagbag.py:536} INFO - Filling up the DagBag from /home/felipe/.local/lib/python3.11/site-packages/airflow/example_dags/example_dag_decorator.py
[2024-01-09T10:14:23.464-0300] {processor.py:839} INFO - DAG(s) dict_keys(['example_dag_decorator']) retrieved from /home/felipe/.local/lib/python3.11/site-packages/airflow/example_dags/example_dag_decorator.py
[2024-01-09T10:14:23.513-0300] {logging_mixin.py:154} INFO - [2024-01-09T10:14:23.513-0300] {dag.py:2941} INFO - Sync 1 DAGs
[2024-01-09T10:14:23.518-0300] {logging_mixin.py:154} INFO - [2024-01-09T10:14:23.518-0300] {dag.py:3722} INFO - Setting next_dagrun for example_dag_decorator to None, run_after=None
[2024-01-09T10:14:23.535-0300] {processor.py:179} INFO - Processing /home/felipe/.local/lib/python3.11/site-packages/airflow/example_dags/example_dag_decorator.py took 0.113 seconds
[2024-01-09T10:15:18.776-0300] {processor.py:157} INFO - Started process (PID=9132) to work on /home/felipe/.local/lib/python3.11/site-packages/airflow/example_dags/example_dag_decorator.py
[2024-01-09T10:15:18.808-0300] {processor.py:829} INFO - Processing file /home/felipe/.local/lib/python3.11/site-packages/airflow/example_dags/example_dag_decorator.py for tasks to queue
[2024-01-09T10:15:18.808-0300] {logging_mixin.py:154} INFO - [2024-01-09T10:15:18.808-0300] {dagbag.py:536} INFO - Filling up the DagBag from /home/felipe/.local/lib/python3.11/site-packages/airflow/example_dags/example_dag_decorator.py
[2024-01-09T10:15:18.815-0300] {processor.py:839} INFO - DAG(s) dict_keys(['example_dag_decorator']) retrieved from /home/felipe/.local/lib/python3.11/site-packages/airflow/example_dags/example_dag_decorator.py
[2024-01-09T10:15:18.864-0300] {logging_mixin.py:154} INFO - [2024-01-09T10:15:18.864-0300] {dag.py:2941} INFO - Sync 1 DAGs
[2024-01-09T10:15:18.868-0300] {logging_mixin.py:154} INFO - [2024-01-09T10:15:18.868-0300] {dag.py:3722} INFO - Setting next_dagrun for example_dag_decorator to None, run_after=None
[2024-01-09T10:15:18.885-0300] {processor.py:179} INFO - Processing /home/felipe/.local/lib/python3.11/site-packages/airflow/example_dags/example_dag_decorator.py took 0.112 seconds
[2024-01-09T10:24:11.989-0300] {processor.py:157} INFO - Started process (PID=10149) to work on /home/felipe/.local/lib/python3.11/site-packages/airflow/example_dags/example_dag_decorator.py
[2024-01-09T10:24:11.994-0300] {processor.py:829} INFO - Processing file /home/felipe/.local/lib/python3.11/site-packages/airflow/example_dags/example_dag_decorator.py for tasks to queue
[2024-01-09T10:24:11.995-0300] {logging_mixin.py:154} INFO - [2024-01-09T10:24:11.994-0300] {dagbag.py:536} INFO - Filling up the DagBag from /home/felipe/.local/lib/python3.11/site-packages/airflow/example_dags/example_dag_decorator.py
[2024-01-09T10:24:12.002-0300] {processor.py:839} INFO - DAG(s) dict_keys(['example_dag_decorator']) retrieved from /home/felipe/.local/lib/python3.11/site-packages/airflow/example_dags/example_dag_decorator.py
[2024-01-09T10:24:12.050-0300] {logging_mixin.py:154} INFO - [2024-01-09T10:24:12.050-0300] {dag.py:2941} INFO - Sync 1 DAGs
[2024-01-09T10:24:12.054-0300] {logging_mixin.py:154} INFO - [2024-01-09T10:24:12.054-0300] {dag.py:3722} INFO - Setting next_dagrun for example_dag_decorator to None, run_after=None
[2024-01-09T10:24:12.065-0300] {processor.py:179} INFO - Processing /home/felipe/.local/lib/python3.11/site-packages/airflow/example_dags/example_dag_decorator.py took 0.078 seconds
[2024-01-09T10:38:15.132-0300] {processor.py:157} INFO - Started process (PID=11784) to work on /home/felipe/.local/lib/python3.11/site-packages/airflow/example_dags/example_dag_decorator.py
[2024-01-09T10:38:15.164-0300] {processor.py:829} INFO - Processing file /home/felipe/.local/lib/python3.11/site-packages/airflow/example_dags/example_dag_decorator.py for tasks to queue
[2024-01-09T10:38:15.164-0300] {logging_mixin.py:154} INFO - [2024-01-09T10:38:15.164-0300] {dagbag.py:536} INFO - Filling up the DagBag from /home/felipe/.local/lib/python3.11/site-packages/airflow/example_dags/example_dag_decorator.py
[2024-01-09T10:38:15.171-0300] {processor.py:839} INFO - DAG(s) dict_keys(['example_dag_decorator']) retrieved from /home/felipe/.local/lib/python3.11/site-packages/airflow/example_dags/example_dag_decorator.py
[2024-01-09T10:38:15.218-0300] {logging_mixin.py:154} INFO - [2024-01-09T10:38:15.218-0300] {dag.py:2941} INFO - Sync 1 DAGs
[2024-01-09T10:38:15.222-0300] {logging_mixin.py:154} INFO - [2024-01-09T10:38:15.222-0300] {dag.py:3722} INFO - Setting next_dagrun for example_dag_decorator to None, run_after=None
[2024-01-09T10:38:15.238-0300] {processor.py:179} INFO - Processing /home/felipe/.local/lib/python3.11/site-packages/airflow/example_dags/example_dag_decorator.py took 0.109 seconds
[2024-01-09T10:39:05.985-0300] {processor.py:157} INFO - Started process (PID=11867) to work on /home/felipe/.local/lib/python3.11/site-packages/airflow/example_dags/example_dag_decorator.py
[2024-01-09T10:39:06.017-0300] {processor.py:829} INFO - Processing file /home/felipe/.local/lib/python3.11/site-packages/airflow/example_dags/example_dag_decorator.py for tasks to queue
[2024-01-09T10:39:06.017-0300] {logging_mixin.py:154} INFO - [2024-01-09T10:39:06.017-0300] {dagbag.py:536} INFO - Filling up the DagBag from /home/felipe/.local/lib/python3.11/site-packages/airflow/example_dags/example_dag_decorator.py
[2024-01-09T10:39:06.024-0300] {processor.py:839} INFO - DAG(s) dict_keys(['example_dag_decorator']) retrieved from /home/felipe/.local/lib/python3.11/site-packages/airflow/example_dags/example_dag_decorator.py
[2024-01-09T10:39:06.070-0300] {logging_mixin.py:154} INFO - [2024-01-09T10:39:06.070-0300] {dag.py:2941} INFO - Sync 1 DAGs
[2024-01-09T10:39:06.074-0300] {logging_mixin.py:154} INFO - [2024-01-09T10:39:06.074-0300] {dag.py:3722} INFO - Setting next_dagrun for example_dag_decorator to None, run_after=None
[2024-01-09T10:39:06.090-0300] {processor.py:179} INFO - Processing /home/felipe/.local/lib/python3.11/site-packages/airflow/example_dags/example_dag_decorator.py took 0.107 seconds
[2024-01-09T10:39:45.140-0300] {processor.py:157} INFO - Started process (PID=11942) to work on /home/felipe/.local/lib/python3.11/site-packages/airflow/example_dags/example_dag_decorator.py
[2024-01-09T10:39:45.172-0300] {processor.py:829} INFO - Processing file /home/felipe/.local/lib/python3.11/site-packages/airflow/example_dags/example_dag_decorator.py for tasks to queue
[2024-01-09T10:39:45.172-0300] {logging_mixin.py:154} INFO - [2024-01-09T10:39:45.172-0300] {dagbag.py:536} INFO - Filling up the DagBag from /home/felipe/.local/lib/python3.11/site-packages/airflow/example_dags/example_dag_decorator.py
[2024-01-09T10:39:45.179-0300] {processor.py:839} INFO - DAG(s) dict_keys(['example_dag_decorator']) retrieved from /home/felipe/.local/lib/python3.11/site-packages/airflow/example_dags/example_dag_decorator.py
[2024-01-09T10:39:45.226-0300] {logging_mixin.py:154} INFO - [2024-01-09T10:39:45.226-0300] {dag.py:2941} INFO - Sync 1 DAGs
[2024-01-09T10:39:45.230-0300] {logging_mixin.py:154} INFO - [2024-01-09T10:39:45.230-0300] {dag.py:3722} INFO - Setting next_dagrun for example_dag_decorator to None, run_after=None
[2024-01-09T10:39:45.246-0300] {processor.py:179} INFO - Processing /home/felipe/.local/lib/python3.11/site-packages/airflow/example_dags/example_dag_decorator.py took 0.108 seconds
[2024-01-09T10:40:34.217-0300] {processor.py:157} INFO - Started process (PID=12039) to work on /home/felipe/.local/lib/python3.11/site-packages/airflow/example_dags/example_dag_decorator.py
[2024-01-09T10:40:34.249-0300] {processor.py:829} INFO - Processing file /home/felipe/.local/lib/python3.11/site-packages/airflow/example_dags/example_dag_decorator.py for tasks to queue
[2024-01-09T10:40:34.250-0300] {logging_mixin.py:154} INFO - [2024-01-09T10:40:34.250-0300] {dagbag.py:536} INFO - Filling up the DagBag from /home/felipe/.local/lib/python3.11/site-packages/airflow/example_dags/example_dag_decorator.py
[2024-01-09T10:40:34.258-0300] {processor.py:839} INFO - DAG(s) dict_keys(['example_dag_decorator']) retrieved from /home/felipe/.local/lib/python3.11/site-packages/airflow/example_dags/example_dag_decorator.py
[2024-01-09T10:40:34.305-0300] {logging_mixin.py:154} INFO - [2024-01-09T10:40:34.305-0300] {dag.py:2941} INFO - Sync 1 DAGs
[2024-01-09T10:40:34.309-0300] {logging_mixin.py:154} INFO - [2024-01-09T10:40:34.309-0300] {dag.py:3722} INFO - Setting next_dagrun for example_dag_decorator to None, run_after=None
[2024-01-09T10:40:34.318-0300] {processor.py:179} INFO - Processing /home/felipe/.local/lib/python3.11/site-packages/airflow/example_dags/example_dag_decorator.py took 0.103 seconds
[2024-01-09T10:41:38.186-0300] {processor.py:157} INFO - Started process (PID=12307) to work on /home/felipe/.local/lib/python3.11/site-packages/airflow/example_dags/example_dag_decorator.py
[2024-01-09T10:41:38.186-0300] {processor.py:829} INFO - Processing file /home/felipe/.local/lib/python3.11/site-packages/airflow/example_dags/example_dag_decorator.py for tasks to queue
[2024-01-09T10:41:38.187-0300] {logging_mixin.py:154} INFO - [2024-01-09T10:41:38.186-0300] {dagbag.py:536} INFO - Filling up the DagBag from /home/felipe/.local/lib/python3.11/site-packages/airflow/example_dags/example_dag_decorator.py
[2024-01-09T10:41:38.194-0300] {processor.py:839} INFO - DAG(s) dict_keys(['example_dag_decorator']) retrieved from /home/felipe/.local/lib/python3.11/site-packages/airflow/example_dags/example_dag_decorator.py
[2024-01-09T10:41:38.240-0300] {logging_mixin.py:154} INFO - [2024-01-09T10:41:38.240-0300] {dag.py:2941} INFO - Sync 1 DAGs
[2024-01-09T10:41:38.244-0300] {logging_mixin.py:154} INFO - [2024-01-09T10:41:38.244-0300] {dag.py:3722} INFO - Setting next_dagrun for example_dag_decorator to None, run_after=None
[2024-01-09T10:41:38.253-0300] {processor.py:179} INFO - Processing /home/felipe/.local/lib/python3.11/site-packages/airflow/example_dags/example_dag_decorator.py took 0.070 seconds
[2024-01-09T10:44:02.187-0300] {processor.py:157} INFO - Started process (PID=12547) to work on /home/felipe/.local/lib/python3.11/site-packages/airflow/example_dags/example_dag_decorator.py
[2024-01-09T10:44:02.188-0300] {processor.py:829} INFO - Processing file /home/felipe/.local/lib/python3.11/site-packages/airflow/example_dags/example_dag_decorator.py for tasks to queue
[2024-01-09T10:44:02.188-0300] {logging_mixin.py:154} INFO - [2024-01-09T10:44:02.188-0300] {dagbag.py:536} INFO - Filling up the DagBag from /home/felipe/.local/lib/python3.11/site-packages/airflow/example_dags/example_dag_decorator.py
[2024-01-09T10:44:02.195-0300] {processor.py:839} INFO - DAG(s) dict_keys(['example_dag_decorator']) retrieved from /home/felipe/.local/lib/python3.11/site-packages/airflow/example_dags/example_dag_decorator.py
[2024-01-09T10:44:02.242-0300] {logging_mixin.py:154} INFO - [2024-01-09T10:44:02.242-0300] {dag.py:2941} INFO - Sync 1 DAGs
[2024-01-09T10:44:02.246-0300] {logging_mixin.py:154} INFO - [2024-01-09T10:44:02.246-0300] {dag.py:3722} INFO - Setting next_dagrun for example_dag_decorator to None, run_after=None
[2024-01-09T10:44:02.256-0300] {processor.py:179} INFO - Processing /home/felipe/.local/lib/python3.11/site-packages/airflow/example_dags/example_dag_decorator.py took 0.071 seconds
[2024-01-09T10:46:11.389-0300] {processor.py:157} INFO - Started process (PID=12860) to work on /home/felipe/.local/lib/python3.11/site-packages/airflow/example_dags/example_dag_decorator.py
[2024-01-09T10:46:11.421-0300] {processor.py:829} INFO - Processing file /home/felipe/.local/lib/python3.11/site-packages/airflow/example_dags/example_dag_decorator.py for tasks to queue
[2024-01-09T10:46:11.421-0300] {logging_mixin.py:154} INFO - [2024-01-09T10:46:11.421-0300] {dagbag.py:536} INFO - Filling up the DagBag from /home/felipe/.local/lib/python3.11/site-packages/airflow/example_dags/example_dag_decorator.py
[2024-01-09T10:46:11.428-0300] {processor.py:839} INFO - DAG(s) dict_keys(['example_dag_decorator']) retrieved from /home/felipe/.local/lib/python3.11/site-packages/airflow/example_dags/example_dag_decorator.py
[2024-01-09T10:46:11.475-0300] {logging_mixin.py:154} INFO - [2024-01-09T10:46:11.475-0300] {dag.py:2941} INFO - Sync 1 DAGs
[2024-01-09T10:46:11.479-0300] {logging_mixin.py:154} INFO - [2024-01-09T10:46:11.479-0300] {dag.py:3722} INFO - Setting next_dagrun for example_dag_decorator to None, run_after=None
[2024-01-09T10:46:11.495-0300] {processor.py:179} INFO - Processing /home/felipe/.local/lib/python3.11/site-packages/airflow/example_dags/example_dag_decorator.py took 0.108 seconds
[2024-01-09T10:49:10.943-0300] {processor.py:157} INFO - Started process (PID=13721) to work on /home/felipe/.local/lib/python3.11/site-packages/airflow/example_dags/example_dag_decorator.py
[2024-01-09T10:49:10.975-0300] {processor.py:829} INFO - Processing file /home/felipe/.local/lib/python3.11/site-packages/airflow/example_dags/example_dag_decorator.py for tasks to queue
[2024-01-09T10:49:10.976-0300] {logging_mixin.py:154} INFO - [2024-01-09T10:49:10.975-0300] {dagbag.py:536} INFO - Filling up the DagBag from /home/felipe/.local/lib/python3.11/site-packages/airflow/example_dags/example_dag_decorator.py
[2024-01-09T10:49:10.982-0300] {processor.py:839} INFO - DAG(s) dict_keys(['example_dag_decorator']) retrieved from /home/felipe/.local/lib/python3.11/site-packages/airflow/example_dags/example_dag_decorator.py
[2024-01-09T10:49:11.029-0300] {logging_mixin.py:154} INFO - [2024-01-09T10:49:11.029-0300] {dag.py:2941} INFO - Sync 1 DAGs
[2024-01-09T10:49:11.033-0300] {logging_mixin.py:154} INFO - [2024-01-09T10:49:11.033-0300] {dag.py:3722} INFO - Setting next_dagrun for example_dag_decorator to None, run_after=None
[2024-01-09T10:49:11.049-0300] {processor.py:179} INFO - Processing /home/felipe/.local/lib/python3.11/site-packages/airflow/example_dags/example_dag_decorator.py took 0.109 seconds
[2024-01-09T10:52:00.168-0300] {processor.py:157} INFO - Started process (PID=14036) to work on /home/felipe/.local/lib/python3.11/site-packages/airflow/example_dags/example_dag_decorator.py
[2024-01-09T10:52:00.174-0300] {processor.py:829} INFO - Processing file /home/felipe/.local/lib/python3.11/site-packages/airflow/example_dags/example_dag_decorator.py for tasks to queue
[2024-01-09T10:52:00.174-0300] {logging_mixin.py:154} INFO - [2024-01-09T10:52:00.174-0300] {dagbag.py:536} INFO - Filling up the DagBag from /home/felipe/.local/lib/python3.11/site-packages/airflow/example_dags/example_dag_decorator.py
[2024-01-09T10:52:00.181-0300] {processor.py:839} INFO - DAG(s) dict_keys(['example_dag_decorator']) retrieved from /home/felipe/.local/lib/python3.11/site-packages/airflow/example_dags/example_dag_decorator.py
[2024-01-09T10:52:00.227-0300] {logging_mixin.py:154} INFO - [2024-01-09T10:52:00.227-0300] {dag.py:2941} INFO - Sync 1 DAGs
[2024-01-09T10:52:00.230-0300] {logging_mixin.py:154} INFO - [2024-01-09T10:52:00.230-0300] {dag.py:3722} INFO - Setting next_dagrun for example_dag_decorator to None, run_after=None
[2024-01-09T10:52:00.240-0300] {processor.py:179} INFO - Processing /home/felipe/.local/lib/python3.11/site-packages/airflow/example_dags/example_dag_decorator.py took 0.073 seconds
[2024-01-09T10:53:40.946-0300] {processor.py:157} INFO - Started process (PID=14314) to work on /home/felipe/.local/lib/python3.11/site-packages/airflow/example_dags/example_dag_decorator.py
[2024-01-09T10:53:40.978-0300] {processor.py:829} INFO - Processing file /home/felipe/.local/lib/python3.11/site-packages/airflow/example_dags/example_dag_decorator.py for tasks to queue
[2024-01-09T10:53:40.978-0300] {logging_mixin.py:154} INFO - [2024-01-09T10:53:40.978-0300] {dagbag.py:536} INFO - Filling up the DagBag from /home/felipe/.local/lib/python3.11/site-packages/airflow/example_dags/example_dag_decorator.py
[2024-01-09T10:53:40.985-0300] {processor.py:839} INFO - DAG(s) dict_keys(['example_dag_decorator']) retrieved from /home/felipe/.local/lib/python3.11/site-packages/airflow/example_dags/example_dag_decorator.py
[2024-01-09T10:53:41.031-0300] {logging_mixin.py:154} INFO - [2024-01-09T10:53:41.031-0300] {dag.py:2941} INFO - Sync 1 DAGs
[2024-01-09T10:53:41.035-0300] {logging_mixin.py:154} INFO - [2024-01-09T10:53:41.035-0300] {dag.py:3722} INFO - Setting next_dagrun for example_dag_decorator to None, run_after=None
[2024-01-09T10:53:41.047-0300] {processor.py:179} INFO - Processing /home/felipe/.local/lib/python3.11/site-packages/airflow/example_dags/example_dag_decorator.py took 0.103 seconds
[2024-01-09T10:56:06.840-0300] {processor.py:157} INFO - Started process (PID=14894) to work on /home/felipe/.local/lib/python3.11/site-packages/airflow/example_dags/example_dag_decorator.py
[2024-01-09T10:56:06.872-0300] {processor.py:829} INFO - Processing file /home/felipe/.local/lib/python3.11/site-packages/airflow/example_dags/example_dag_decorator.py for tasks to queue
[2024-01-09T10:56:06.873-0300] {logging_mixin.py:154} INFO - [2024-01-09T10:56:06.873-0300] {dagbag.py:536} INFO - Filling up the DagBag from /home/felipe/.local/lib/python3.11/site-packages/airflow/example_dags/example_dag_decorator.py
[2024-01-09T10:56:06.879-0300] {processor.py:839} INFO - DAG(s) dict_keys(['example_dag_decorator']) retrieved from /home/felipe/.local/lib/python3.11/site-packages/airflow/example_dags/example_dag_decorator.py
[2024-01-09T10:56:06.927-0300] {logging_mixin.py:154} INFO - [2024-01-09T10:56:06.926-0300] {dag.py:2941} INFO - Sync 1 DAGs
[2024-01-09T10:56:06.931-0300] {logging_mixin.py:154} INFO - [2024-01-09T10:56:06.931-0300] {dag.py:3722} INFO - Setting next_dagrun for example_dag_decorator to None, run_after=None
[2024-01-09T10:56:06.950-0300] {processor.py:179} INFO - Processing /home/felipe/.local/lib/python3.11/site-packages/airflow/example_dags/example_dag_decorator.py took 0.111 seconds
[2024-01-09T10:58:15.611-0300] {processor.py:157} INFO - Started process (PID=15226) to work on /home/felipe/.local/lib/python3.11/site-packages/airflow/example_dags/example_dag_decorator.py
[2024-01-09T10:58:15.648-0300] {processor.py:829} INFO - Processing file /home/felipe/.local/lib/python3.11/site-packages/airflow/example_dags/example_dag_decorator.py for tasks to queue
[2024-01-09T10:58:15.648-0300] {logging_mixin.py:154} INFO - [2024-01-09T10:58:15.648-0300] {dagbag.py:536} INFO - Filling up the DagBag from /home/felipe/.local/lib/python3.11/site-packages/airflow/example_dags/example_dag_decorator.py
[2024-01-09T10:58:15.655-0300] {processor.py:839} INFO - DAG(s) dict_keys(['example_dag_decorator']) retrieved from /home/felipe/.local/lib/python3.11/site-packages/airflow/example_dags/example_dag_decorator.py
[2024-01-09T10:58:15.700-0300] {logging_mixin.py:154} INFO - [2024-01-09T10:58:15.700-0300] {dag.py:2941} INFO - Sync 1 DAGs
[2024-01-09T10:58:15.704-0300] {logging_mixin.py:154} INFO - [2024-01-09T10:58:15.704-0300] {dag.py:3722} INFO - Setting next_dagrun for example_dag_decorator to None, run_after=None
[2024-01-09T10:58:15.803-0300] {processor.py:179} INFO - Processing /home/felipe/.local/lib/python3.11/site-packages/airflow/example_dags/example_dag_decorator.py took 0.193 seconds
[2024-01-09T11:00:15.720-0300] {processor.py:157} INFO - Started process (PID=15480) to work on /home/felipe/.local/lib/python3.11/site-packages/airflow/example_dags/example_dag_decorator.py
[2024-01-09T11:00:15.752-0300] {processor.py:829} INFO - Processing file /home/felipe/.local/lib/python3.11/site-packages/airflow/example_dags/example_dag_decorator.py for tasks to queue
[2024-01-09T11:00:15.752-0300] {logging_mixin.py:154} INFO - [2024-01-09T11:00:15.752-0300] {dagbag.py:536} INFO - Filling up the DagBag from /home/felipe/.local/lib/python3.11/site-packages/airflow/example_dags/example_dag_decorator.py
[2024-01-09T11:00:15.759-0300] {processor.py:839} INFO - DAG(s) dict_keys(['example_dag_decorator']) retrieved from /home/felipe/.local/lib/python3.11/site-packages/airflow/example_dags/example_dag_decorator.py
[2024-01-09T11:00:15.805-0300] {logging_mixin.py:154} INFO - [2024-01-09T11:00:15.805-0300] {dag.py:2941} INFO - Sync 1 DAGs
[2024-01-09T11:00:15.809-0300] {logging_mixin.py:154} INFO - [2024-01-09T11:00:15.809-0300] {dag.py:3722} INFO - Setting next_dagrun for example_dag_decorator to None, run_after=None
[2024-01-09T11:00:15.825-0300] {processor.py:179} INFO - Processing /home/felipe/.local/lib/python3.11/site-packages/airflow/example_dags/example_dag_decorator.py took 0.107 seconds
[2024-01-09T11:03:01.472-0300] {processor.py:157} INFO - Started process (PID=15897) to work on /home/felipe/.local/lib/python3.11/site-packages/airflow/example_dags/example_dag_decorator.py
[2024-01-09T11:03:01.473-0300] {processor.py:829} INFO - Processing file /home/felipe/.local/lib/python3.11/site-packages/airflow/example_dags/example_dag_decorator.py for tasks to queue
[2024-01-09T11:03:01.473-0300] {logging_mixin.py:154} INFO - [2024-01-09T11:03:01.473-0300] {dagbag.py:536} INFO - Filling up the DagBag from /home/felipe/.local/lib/python3.11/site-packages/airflow/example_dags/example_dag_decorator.py
[2024-01-09T11:03:01.479-0300] {processor.py:839} INFO - DAG(s) dict_keys(['example_dag_decorator']) retrieved from /home/felipe/.local/lib/python3.11/site-packages/airflow/example_dags/example_dag_decorator.py
[2024-01-09T11:03:01.526-0300] {logging_mixin.py:154} INFO - [2024-01-09T11:03:01.526-0300] {dag.py:2941} INFO - Sync 1 DAGs
[2024-01-09T11:03:01.530-0300] {logging_mixin.py:154} INFO - [2024-01-09T11:03:01.530-0300] {dag.py:3722} INFO - Setting next_dagrun for example_dag_decorator to None, run_after=None
[2024-01-09T11:03:01.555-0300] {processor.py:179} INFO - Processing /home/felipe/.local/lib/python3.11/site-packages/airflow/example_dags/example_dag_decorator.py took 0.085 seconds
[2024-01-09T20:52:47.551-0300] {processor.py:157} INFO - Started process (PID=36092) to work on /home/felipe/.local/lib/python3.11/site-packages/airflow/example_dags/example_dag_decorator.py
[2024-01-09T20:52:47.584-0300] {processor.py:829} INFO - Processing file /home/felipe/.local/lib/python3.11/site-packages/airflow/example_dags/example_dag_decorator.py for tasks to queue
[2024-01-09T20:52:47.584-0300] {logging_mixin.py:154} INFO - [2024-01-09T20:52:47.584-0300] {dagbag.py:536} INFO - Filling up the DagBag from /home/felipe/.local/lib/python3.11/site-packages/airflow/example_dags/example_dag_decorator.py
[2024-01-09T20:52:47.593-0300] {processor.py:839} INFO - DAG(s) dict_keys(['example_dag_decorator']) retrieved from /home/felipe/.local/lib/python3.11/site-packages/airflow/example_dags/example_dag_decorator.py
[2024-01-09T20:52:47.597-0300] {logging_mixin.py:154} INFO - [2024-01-09T20:52:47.597-0300] {dag.py:2941} INFO - Sync 1 DAGs
[2024-01-09T20:52:47.605-0300] {logging_mixin.py:154} INFO - [2024-01-09T20:52:47.605-0300] {dag.py:3722} INFO - Setting next_dagrun for example_dag_decorator to None, run_after=None
[2024-01-09T20:52:47.622-0300] {processor.py:179} INFO - Processing /home/felipe/.local/lib/python3.11/site-packages/airflow/example_dags/example_dag_decorator.py took 0.072 seconds
[2024-01-09T20:53:37.704-0300] {processor.py:157} INFO - Started process (PID=36534) to work on /home/felipe/.local/lib/python3.11/site-packages/airflow/example_dags/example_dag_decorator.py
[2024-01-09T20:53:37.705-0300] {processor.py:829} INFO - Processing file /home/felipe/.local/lib/python3.11/site-packages/airflow/example_dags/example_dag_decorator.py for tasks to queue
[2024-01-09T20:53:37.705-0300] {logging_mixin.py:154} INFO - [2024-01-09T20:53:37.705-0300] {dagbag.py:536} INFO - Filling up the DagBag from /home/felipe/.local/lib/python3.11/site-packages/airflow/example_dags/example_dag_decorator.py
[2024-01-09T20:53:37.713-0300] {processor.py:839} INFO - DAG(s) dict_keys(['example_dag_decorator']) retrieved from /home/felipe/.local/lib/python3.11/site-packages/airflow/example_dags/example_dag_decorator.py
[2024-01-09T20:53:37.763-0300] {logging_mixin.py:154} INFO - [2024-01-09T20:53:37.763-0300] {dag.py:2941} INFO - Sync 1 DAGs
[2024-01-09T20:53:37.768-0300] {logging_mixin.py:154} INFO - [2024-01-09T20:53:37.768-0300] {dag.py:3722} INFO - Setting next_dagrun for example_dag_decorator to None, run_after=None
[2024-01-09T20:53:37.780-0300] {processor.py:179} INFO - Processing /home/felipe/.local/lib/python3.11/site-packages/airflow/example_dags/example_dag_decorator.py took 0.077 seconds
[2024-01-09T20:54:24.233-0300] {processor.py:157} INFO - Started process (PID=36649) to work on /home/felipe/.local/lib/python3.11/site-packages/airflow/example_dags/example_dag_decorator.py
[2024-01-09T20:54:24.266-0300] {processor.py:829} INFO - Processing file /home/felipe/.local/lib/python3.11/site-packages/airflow/example_dags/example_dag_decorator.py for tasks to queue
[2024-01-09T20:54:24.266-0300] {logging_mixin.py:154} INFO - [2024-01-09T20:54:24.266-0300] {dagbag.py:536} INFO - Filling up the DagBag from /home/felipe/.local/lib/python3.11/site-packages/airflow/example_dags/example_dag_decorator.py
[2024-01-09T20:54:24.273-0300] {processor.py:839} INFO - DAG(s) dict_keys(['example_dag_decorator']) retrieved from /home/felipe/.local/lib/python3.11/site-packages/airflow/example_dags/example_dag_decorator.py
[2024-01-09T20:54:24.326-0300] {logging_mixin.py:154} INFO - [2024-01-09T20:54:24.326-0300] {dag.py:2941} INFO - Sync 1 DAGs
[2024-01-09T20:54:24.332-0300] {logging_mixin.py:154} INFO - [2024-01-09T20:54:24.332-0300] {dag.py:3722} INFO - Setting next_dagrun for example_dag_decorator to None, run_after=None
[2024-01-09T20:54:24.351-0300] {processor.py:179} INFO - Processing /home/felipe/.local/lib/python3.11/site-packages/airflow/example_dags/example_dag_decorator.py took 0.119 seconds
[2024-01-09T20:55:03.564-0300] {processor.py:157} INFO - Started process (PID=36745) to work on /home/felipe/.local/lib/python3.11/site-packages/airflow/example_dags/example_dag_decorator.py
[2024-01-09T20:55:03.596-0300] {processor.py:829} INFO - Processing file /home/felipe/.local/lib/python3.11/site-packages/airflow/example_dags/example_dag_decorator.py for tasks to queue
[2024-01-09T20:55:03.597-0300] {logging_mixin.py:154} INFO - [2024-01-09T20:55:03.597-0300] {dagbag.py:536} INFO - Filling up the DagBag from /home/felipe/.local/lib/python3.11/site-packages/airflow/example_dags/example_dag_decorator.py
[2024-01-09T20:55:03.604-0300] {processor.py:839} INFO - DAG(s) dict_keys(['example_dag_decorator']) retrieved from /home/felipe/.local/lib/python3.11/site-packages/airflow/example_dags/example_dag_decorator.py
[2024-01-09T20:55:03.668-0300] {logging_mixin.py:154} INFO - [2024-01-09T20:55:03.668-0300] {dag.py:2941} INFO - Sync 1 DAGs
[2024-01-09T20:55:03.674-0300] {logging_mixin.py:154} INFO - [2024-01-09T20:55:03.674-0300] {dag.py:3722} INFO - Setting next_dagrun for example_dag_decorator to None, run_after=None
[2024-01-09T20:55:03.696-0300] {processor.py:179} INFO - Processing /home/felipe/.local/lib/python3.11/site-packages/airflow/example_dags/example_dag_decorator.py took 0.134 seconds
[2024-01-09T20:55:40.964-0300] {processor.py:157} INFO - Started process (PID=36838) to work on /home/felipe/.local/lib/python3.11/site-packages/airflow/example_dags/example_dag_decorator.py
[2024-01-09T20:55:40.996-0300] {processor.py:829} INFO - Processing file /home/felipe/.local/lib/python3.11/site-packages/airflow/example_dags/example_dag_decorator.py for tasks to queue
[2024-01-09T20:55:40.997-0300] {logging_mixin.py:154} INFO - [2024-01-09T20:55:40.996-0300] {dagbag.py:536} INFO - Filling up the DagBag from /home/felipe/.local/lib/python3.11/site-packages/airflow/example_dags/example_dag_decorator.py
[2024-01-09T20:55:41.005-0300] {processor.py:839} INFO - DAG(s) dict_keys(['example_dag_decorator']) retrieved from /home/felipe/.local/lib/python3.11/site-packages/airflow/example_dags/example_dag_decorator.py
[2024-01-09T20:55:41.059-0300] {logging_mixin.py:154} INFO - [2024-01-09T20:55:41.059-0300] {dag.py:2941} INFO - Sync 1 DAGs
[2024-01-09T20:55:41.063-0300] {logging_mixin.py:154} INFO - [2024-01-09T20:55:41.063-0300] {dag.py:3722} INFO - Setting next_dagrun for example_dag_decorator to None, run_after=None
[2024-01-09T20:55:41.080-0300] {processor.py:179} INFO - Processing /home/felipe/.local/lib/python3.11/site-packages/airflow/example_dags/example_dag_decorator.py took 0.119 seconds
[2024-01-09T20:56:33.872-0300] {processor.py:157} INFO - Started process (PID=36959) to work on /home/felipe/.local/lib/python3.11/site-packages/airflow/example_dags/example_dag_decorator.py
[2024-01-09T20:56:33.904-0300] {processor.py:829} INFO - Processing file /home/felipe/.local/lib/python3.11/site-packages/airflow/example_dags/example_dag_decorator.py for tasks to queue
[2024-01-09T20:56:33.905-0300] {logging_mixin.py:154} INFO - [2024-01-09T20:56:33.905-0300] {dagbag.py:536} INFO - Filling up the DagBag from /home/felipe/.local/lib/python3.11/site-packages/airflow/example_dags/example_dag_decorator.py
[2024-01-09T20:56:33.913-0300] {processor.py:839} INFO - DAG(s) dict_keys(['example_dag_decorator']) retrieved from /home/felipe/.local/lib/python3.11/site-packages/airflow/example_dags/example_dag_decorator.py
[2024-01-09T20:56:33.964-0300] {logging_mixin.py:154} INFO - [2024-01-09T20:56:33.964-0300] {dag.py:2941} INFO - Sync 1 DAGs
[2024-01-09T20:56:33.969-0300] {logging_mixin.py:154} INFO - [2024-01-09T20:56:33.969-0300] {dag.py:3722} INFO - Setting next_dagrun for example_dag_decorator to None, run_after=None
[2024-01-09T20:56:33.987-0300] {processor.py:179} INFO - Processing /home/felipe/.local/lib/python3.11/site-packages/airflow/example_dags/example_dag_decorator.py took 0.117 seconds
[2024-01-09T20:57:24.442-0300] {processor.py:157} INFO - Started process (PID=37070) to work on /home/felipe/.local/lib/python3.11/site-packages/airflow/example_dags/example_dag_decorator.py
[2024-01-09T20:57:24.474-0300] {processor.py:829} INFO - Processing file /home/felipe/.local/lib/python3.11/site-packages/airflow/example_dags/example_dag_decorator.py for tasks to queue
[2024-01-09T20:57:24.475-0300] {logging_mixin.py:154} INFO - [2024-01-09T20:57:24.475-0300] {dagbag.py:536} INFO - Filling up the DagBag from /home/felipe/.local/lib/python3.11/site-packages/airflow/example_dags/example_dag_decorator.py
[2024-01-09T20:57:24.483-0300] {processor.py:839} INFO - DAG(s) dict_keys(['example_dag_decorator']) retrieved from /home/felipe/.local/lib/python3.11/site-packages/airflow/example_dags/example_dag_decorator.py
[2024-01-09T20:57:24.535-0300] {logging_mixin.py:154} INFO - [2024-01-09T20:57:24.535-0300] {dag.py:2941} INFO - Sync 1 DAGs
[2024-01-09T20:57:24.540-0300] {logging_mixin.py:154} INFO - [2024-01-09T20:57:24.540-0300] {dag.py:3722} INFO - Setting next_dagrun for example_dag_decorator to None, run_after=None
[2024-01-09T20:57:24.550-0300] {processor.py:179} INFO - Processing /home/felipe/.local/lib/python3.11/site-packages/airflow/example_dags/example_dag_decorator.py took 0.110 seconds
[2024-01-09T20:58:13.212-0300] {processor.py:157} INFO - Started process (PID=37203) to work on /home/felipe/.local/lib/python3.11/site-packages/airflow/example_dags/example_dag_decorator.py
[2024-01-09T20:58:13.244-0300] {processor.py:829} INFO - Processing file /home/felipe/.local/lib/python3.11/site-packages/airflow/example_dags/example_dag_decorator.py for tasks to queue
[2024-01-09T20:58:13.245-0300] {logging_mixin.py:154} INFO - [2024-01-09T20:58:13.244-0300] {dagbag.py:536} INFO - Filling up the DagBag from /home/felipe/.local/lib/python3.11/site-packages/airflow/example_dags/example_dag_decorator.py
[2024-01-09T20:58:13.253-0300] {processor.py:839} INFO - DAG(s) dict_keys(['example_dag_decorator']) retrieved from /home/felipe/.local/lib/python3.11/site-packages/airflow/example_dags/example_dag_decorator.py
[2024-01-09T20:58:13.316-0300] {logging_mixin.py:154} INFO - [2024-01-09T20:58:13.316-0300] {dag.py:2941} INFO - Sync 1 DAGs
[2024-01-09T20:58:13.324-0300] {logging_mixin.py:154} INFO - [2024-01-09T20:58:13.323-0300] {dag.py:3722} INFO - Setting next_dagrun for example_dag_decorator to None, run_after=None
[2024-01-09T20:58:13.346-0300] {processor.py:179} INFO - Processing /home/felipe/.local/lib/python3.11/site-packages/airflow/example_dags/example_dag_decorator.py took 0.136 seconds
[2024-01-09T20:58:50.635-0300] {processor.py:157} INFO - Started process (PID=37277) to work on /home/felipe/.local/lib/python3.11/site-packages/airflow/example_dags/example_dag_decorator.py
[2024-01-09T20:58:50.667-0300] {processor.py:829} INFO - Processing file /home/felipe/.local/lib/python3.11/site-packages/airflow/example_dags/example_dag_decorator.py for tasks to queue
[2024-01-09T20:58:50.668-0300] {logging_mixin.py:154} INFO - [2024-01-09T20:58:50.668-0300] {dagbag.py:536} INFO - Filling up the DagBag from /home/felipe/.local/lib/python3.11/site-packages/airflow/example_dags/example_dag_decorator.py
[2024-01-09T20:58:50.676-0300] {processor.py:839} INFO - DAG(s) dict_keys(['example_dag_decorator']) retrieved from /home/felipe/.local/lib/python3.11/site-packages/airflow/example_dags/example_dag_decorator.py
[2024-01-09T20:58:50.726-0300] {logging_mixin.py:154} INFO - [2024-01-09T20:58:50.726-0300] {dag.py:2941} INFO - Sync 1 DAGs
[2024-01-09T20:58:50.730-0300] {logging_mixin.py:154} INFO - [2024-01-09T20:58:50.730-0300] {dag.py:3722} INFO - Setting next_dagrun for example_dag_decorator to None, run_after=None
[2024-01-09T20:58:50.747-0300] {processor.py:179} INFO - Processing /home/felipe/.local/lib/python3.11/site-packages/airflow/example_dags/example_dag_decorator.py took 0.114 seconds
[2024-01-09T20:59:42.871-0300] {processor.py:157} INFO - Started process (PID=37412) to work on /home/felipe/.local/lib/python3.11/site-packages/airflow/example_dags/example_dag_decorator.py
[2024-01-09T20:59:42.872-0300] {processor.py:829} INFO - Processing file /home/felipe/.local/lib/python3.11/site-packages/airflow/example_dags/example_dag_decorator.py for tasks to queue
[2024-01-09T20:59:42.872-0300] {logging_mixin.py:154} INFO - [2024-01-09T20:59:42.872-0300] {dagbag.py:536} INFO - Filling up the DagBag from /home/felipe/.local/lib/python3.11/site-packages/airflow/example_dags/example_dag_decorator.py
[2024-01-09T20:59:42.880-0300] {processor.py:839} INFO - DAG(s) dict_keys(['example_dag_decorator']) retrieved from /home/felipe/.local/lib/python3.11/site-packages/airflow/example_dags/example_dag_decorator.py
[2024-01-09T20:59:42.931-0300] {logging_mixin.py:154} INFO - [2024-01-09T20:59:42.931-0300] {dag.py:2941} INFO - Sync 1 DAGs
[2024-01-09T20:59:42.936-0300] {logging_mixin.py:154} INFO - [2024-01-09T20:59:42.936-0300] {dag.py:3722} INFO - Setting next_dagrun for example_dag_decorator to None, run_after=None
[2024-01-09T20:59:42.955-0300] {processor.py:179} INFO - Processing /home/felipe/.local/lib/python3.11/site-packages/airflow/example_dags/example_dag_decorator.py took 0.085 seconds
