[2024-01-09T10:10:28.790-0300] {processor.py:157} INFO - Started process (PID=8545) to work on /home/felipe/.local/lib/python3.11/site-packages/airflow/example_dags/example_short_circuit_decorator.py
[2024-01-09T10:10:28.790-0300] {processor.py:829} INFO - Processing file /home/felipe/.local/lib/python3.11/site-packages/airflow/example_dags/example_short_circuit_decorator.py for tasks to queue
[2024-01-09T10:10:28.791-0300] {logging_mixin.py:154} INFO - [2024-01-09T10:10:28.790-0300] {dagbag.py:536} INFO - Filling up the DagBag from /home/felipe/.local/lib/python3.11/site-packages/airflow/example_dags/example_short_circuit_decorator.py
[2024-01-09T10:10:28.796-0300] {processor.py:839} INFO - DAG(s) dict_keys(['example_short_circuit_decorator']) retrieved from /home/felipe/.local/lib/python3.11/site-packages/airflow/example_dags/example_short_circuit_decorator.py
[2024-01-09T10:10:28.810-0300] {logging_mixin.py:154} INFO - [2024-01-09T10:10:28.810-0300] {dag.py:2941} INFO - Sync 1 DAGs
[2024-01-09T10:10:28.819-0300] {logging_mixin.py:154} INFO - [2024-01-09T10:10:28.819-0300] {dag.py:3722} INFO - Setting next_dagrun for example_short_circuit_decorator to 2024-01-08T13:10:28.819251+00:00, run_after=2024-01-09T13:10:28.819251+00:00
[2024-01-09T10:10:28.837-0300] {processor.py:179} INFO - Processing /home/felipe/.local/lib/python3.11/site-packages/airflow/example_dags/example_short_circuit_decorator.py took 0.050 seconds
[2024-01-09T10:11:23.434-0300] {processor.py:157} INFO - Started process (PID=8674) to work on /home/felipe/.local/lib/python3.11/site-packages/airflow/example_dags/example_short_circuit_decorator.py
[2024-01-09T10:11:23.467-0300] {processor.py:829} INFO - Processing file /home/felipe/.local/lib/python3.11/site-packages/airflow/example_dags/example_short_circuit_decorator.py for tasks to queue
[2024-01-09T10:11:23.467-0300] {logging_mixin.py:154} INFO - [2024-01-09T10:11:23.467-0300] {dagbag.py:536} INFO - Filling up the DagBag from /home/felipe/.local/lib/python3.11/site-packages/airflow/example_dags/example_short_circuit_decorator.py
[2024-01-09T10:11:23.473-0300] {processor.py:839} INFO - DAG(s) dict_keys(['example_short_circuit_decorator']) retrieved from /home/felipe/.local/lib/python3.11/site-packages/airflow/example_dags/example_short_circuit_decorator.py
[2024-01-09T10:11:23.483-0300] {logging_mixin.py:154} INFO - [2024-01-09T10:11:23.483-0300] {dag.py:2941} INFO - Sync 1 DAGs
[2024-01-09T10:11:23.492-0300] {logging_mixin.py:154} INFO - [2024-01-09T10:11:23.492-0300] {dag.py:3722} INFO - Setting next_dagrun for example_short_circuit_decorator to 2024-01-08T13:11:23.492356+00:00, run_after=2024-01-09T13:11:23.492356+00:00
[2024-01-09T10:11:23.509-0300] {processor.py:179} INFO - Processing /home/felipe/.local/lib/python3.11/site-packages/airflow/example_dags/example_short_circuit_decorator.py took 0.077 seconds
[2024-01-09T10:12:16.492-0300] {processor.py:157} INFO - Started process (PID=8780) to work on /home/felipe/.local/lib/python3.11/site-packages/airflow/example_dags/example_short_circuit_decorator.py
[2024-01-09T10:12:16.524-0300] {processor.py:829} INFO - Processing file /home/felipe/.local/lib/python3.11/site-packages/airflow/example_dags/example_short_circuit_decorator.py for tasks to queue
[2024-01-09T10:12:16.524-0300] {logging_mixin.py:154} INFO - [2024-01-09T10:12:16.524-0300] {dagbag.py:536} INFO - Filling up the DagBag from /home/felipe/.local/lib/python3.11/site-packages/airflow/example_dags/example_short_circuit_decorator.py
[2024-01-09T10:12:16.530-0300] {processor.py:839} INFO - DAG(s) dict_keys(['example_short_circuit_decorator']) retrieved from /home/felipe/.local/lib/python3.11/site-packages/airflow/example_dags/example_short_circuit_decorator.py
[2024-01-09T10:12:16.541-0300] {logging_mixin.py:154} INFO - [2024-01-09T10:12:16.541-0300] {dag.py:2941} INFO - Sync 1 DAGs
[2024-01-09T10:12:16.550-0300] {logging_mixin.py:154} INFO - [2024-01-09T10:12:16.550-0300] {dag.py:3722} INFO - Setting next_dagrun for example_short_circuit_decorator to 2024-01-08T13:12:16.550642+00:00, run_after=2024-01-09T13:12:16.550642+00:00
[2024-01-09T10:12:16.568-0300] {processor.py:179} INFO - Processing /home/felipe/.local/lib/python3.11/site-packages/airflow/example_dags/example_short_circuit_decorator.py took 0.079 seconds
[2024-01-09T10:13:02.856-0300] {processor.py:157} INFO - Started process (PID=8872) to work on /home/felipe/.local/lib/python3.11/site-packages/airflow/example_dags/example_short_circuit_decorator.py
[2024-01-09T10:13:02.888-0300] {processor.py:829} INFO - Processing file /home/felipe/.local/lib/python3.11/site-packages/airflow/example_dags/example_short_circuit_decorator.py for tasks to queue
[2024-01-09T10:13:02.889-0300] {logging_mixin.py:154} INFO - [2024-01-09T10:13:02.889-0300] {dagbag.py:536} INFO - Filling up the DagBag from /home/felipe/.local/lib/python3.11/site-packages/airflow/example_dags/example_short_circuit_decorator.py
[2024-01-09T10:13:02.895-0300] {processor.py:839} INFO - DAG(s) dict_keys(['example_short_circuit_decorator']) retrieved from /home/felipe/.local/lib/python3.11/site-packages/airflow/example_dags/example_short_circuit_decorator.py
[2024-01-09T10:13:02.905-0300] {logging_mixin.py:154} INFO - [2024-01-09T10:13:02.905-0300] {dag.py:2941} INFO - Sync 1 DAGs
[2024-01-09T10:13:02.914-0300] {logging_mixin.py:154} INFO - [2024-01-09T10:13:02.914-0300] {dag.py:3722} INFO - Setting next_dagrun for example_short_circuit_decorator to 2024-01-08T13:13:02.914628+00:00, run_after=2024-01-09T13:13:02.914628+00:00
[2024-01-09T10:13:02.931-0300] {processor.py:179} INFO - Processing /home/felipe/.local/lib/python3.11/site-packages/airflow/example_dags/example_short_circuit_decorator.py took 0.077 seconds
[2024-01-09T10:13:51.607-0300] {processor.py:157} INFO - Started process (PID=8948) to work on /home/felipe/.local/lib/python3.11/site-packages/airflow/example_dags/example_short_circuit_decorator.py
[2024-01-09T10:13:51.639-0300] {processor.py:829} INFO - Processing file /home/felipe/.local/lib/python3.11/site-packages/airflow/example_dags/example_short_circuit_decorator.py for tasks to queue
[2024-01-09T10:13:51.640-0300] {logging_mixin.py:154} INFO - [2024-01-09T10:13:51.639-0300] {dagbag.py:536} INFO - Filling up the DagBag from /home/felipe/.local/lib/python3.11/site-packages/airflow/example_dags/example_short_circuit_decorator.py
[2024-01-09T10:13:51.645-0300] {processor.py:839} INFO - DAG(s) dict_keys(['example_short_circuit_decorator']) retrieved from /home/felipe/.local/lib/python3.11/site-packages/airflow/example_dags/example_short_circuit_decorator.py
[2024-01-09T10:13:51.655-0300] {logging_mixin.py:154} INFO - [2024-01-09T10:13:51.655-0300] {dag.py:2941} INFO - Sync 1 DAGs
[2024-01-09T10:13:51.665-0300] {logging_mixin.py:154} INFO - [2024-01-09T10:13:51.665-0300] {dag.py:3722} INFO - Setting next_dagrun for example_short_circuit_decorator to 2024-01-08T13:13:51.665191+00:00, run_after=2024-01-09T13:13:51.665191+00:00
[2024-01-09T10:13:51.682-0300] {processor.py:179} INFO - Processing /home/felipe/.local/lib/python3.11/site-packages/airflow/example_dags/example_short_circuit_decorator.py took 0.077 seconds
[2024-01-09T10:14:43.803-0300] {processor.py:157} INFO - Started process (PID=9028) to work on /home/felipe/.local/lib/python3.11/site-packages/airflow/example_dags/example_short_circuit_decorator.py
[2024-01-09T10:14:43.835-0300] {processor.py:829} INFO - Processing file /home/felipe/.local/lib/python3.11/site-packages/airflow/example_dags/example_short_circuit_decorator.py for tasks to queue
[2024-01-09T10:14:43.835-0300] {logging_mixin.py:154} INFO - [2024-01-09T10:14:43.835-0300] {dagbag.py:536} INFO - Filling up the DagBag from /home/felipe/.local/lib/python3.11/site-packages/airflow/example_dags/example_short_circuit_decorator.py
[2024-01-09T10:14:43.841-0300] {processor.py:839} INFO - DAG(s) dict_keys(['example_short_circuit_decorator']) retrieved from /home/felipe/.local/lib/python3.11/site-packages/airflow/example_dags/example_short_circuit_decorator.py
[2024-01-09T10:14:43.850-0300] {logging_mixin.py:154} INFO - [2024-01-09T10:14:43.850-0300] {dag.py:2941} INFO - Sync 1 DAGs
[2024-01-09T10:14:43.860-0300] {logging_mixin.py:154} INFO - [2024-01-09T10:14:43.860-0300] {dag.py:3722} INFO - Setting next_dagrun for example_short_circuit_decorator to 2024-01-08T13:14:43.860130+00:00, run_after=2024-01-09T13:14:43.860130+00:00
[2024-01-09T10:14:43.877-0300] {processor.py:179} INFO - Processing /home/felipe/.local/lib/python3.11/site-packages/airflow/example_dags/example_short_circuit_decorator.py took 0.077 seconds
[2024-01-09T10:35:06.721-0300] {processor.py:157} INFO - Started process (PID=11401) to work on /home/felipe/.local/lib/python3.11/site-packages/airflow/example_dags/example_short_circuit_decorator.py
[2024-01-09T10:35:06.721-0300] {processor.py:829} INFO - Processing file /home/felipe/.local/lib/python3.11/site-packages/airflow/example_dags/example_short_circuit_decorator.py for tasks to queue
[2024-01-09T10:35:06.722-0300] {logging_mixin.py:154} INFO - [2024-01-09T10:35:06.721-0300] {dagbag.py:536} INFO - Filling up the DagBag from /home/felipe/.local/lib/python3.11/site-packages/airflow/example_dags/example_short_circuit_decorator.py
[2024-01-09T10:35:06.726-0300] {processor.py:839} INFO - DAG(s) dict_keys(['example_short_circuit_decorator']) retrieved from /home/felipe/.local/lib/python3.11/site-packages/airflow/example_dags/example_short_circuit_decorator.py
[2024-01-09T10:35:06.740-0300] {logging_mixin.py:154} INFO - [2024-01-09T10:35:06.740-0300] {dag.py:2941} INFO - Sync 1 DAGs
[2024-01-09T10:35:06.748-0300] {logging_mixin.py:154} INFO - [2024-01-09T10:35:06.748-0300] {dag.py:3722} INFO - Setting next_dagrun for example_short_circuit_decorator to 2024-01-08T13:35:06.748140+00:00, run_after=2024-01-09T13:35:06.748140+00:00
[2024-01-09T10:35:06.756-0300] {processor.py:179} INFO - Processing /home/felipe/.local/lib/python3.11/site-packages/airflow/example_dags/example_short_circuit_decorator.py took 0.038 seconds
[2024-01-09T10:38:31.868-0300] {processor.py:157} INFO - Started process (PID=11800) to work on /home/felipe/.local/lib/python3.11/site-packages/airflow/example_dags/example_short_circuit_decorator.py
[2024-01-09T10:38:31.901-0300] {processor.py:829} INFO - Processing file /home/felipe/.local/lib/python3.11/site-packages/airflow/example_dags/example_short_circuit_decorator.py for tasks to queue
[2024-01-09T10:38:31.901-0300] {logging_mixin.py:154} INFO - [2024-01-09T10:38:31.901-0300] {dagbag.py:536} INFO - Filling up the DagBag from /home/felipe/.local/lib/python3.11/site-packages/airflow/example_dags/example_short_circuit_decorator.py
[2024-01-09T10:38:31.906-0300] {processor.py:839} INFO - DAG(s) dict_keys(['example_short_circuit_decorator']) retrieved from /home/felipe/.local/lib/python3.11/site-packages/airflow/example_dags/example_short_circuit_decorator.py
[2024-01-09T10:38:31.916-0300] {logging_mixin.py:154} INFO - [2024-01-09T10:38:31.915-0300] {dag.py:2941} INFO - Sync 1 DAGs
[2024-01-09T10:38:31.923-0300] {logging_mixin.py:154} INFO - [2024-01-09T10:38:31.923-0300] {dag.py:3722} INFO - Setting next_dagrun for example_short_circuit_decorator to 2024-01-08T13:38:31.923691+00:00, run_after=2024-01-09T13:38:31.923691+00:00
[2024-01-09T10:38:31.939-0300] {processor.py:179} INFO - Processing /home/felipe/.local/lib/python3.11/site-packages/airflow/example_dags/example_short_circuit_decorator.py took 0.073 seconds
[2024-01-09T10:39:22.436-0300] {processor.py:157} INFO - Started process (PID=11896) to work on /home/felipe/.local/lib/python3.11/site-packages/airflow/example_dags/example_short_circuit_decorator.py
[2024-01-09T10:39:22.468-0300] {processor.py:829} INFO - Processing file /home/felipe/.local/lib/python3.11/site-packages/airflow/example_dags/example_short_circuit_decorator.py for tasks to queue
[2024-01-09T10:39:22.469-0300] {logging_mixin.py:154} INFO - [2024-01-09T10:39:22.468-0300] {dagbag.py:536} INFO - Filling up the DagBag from /home/felipe/.local/lib/python3.11/site-packages/airflow/example_dags/example_short_circuit_decorator.py
[2024-01-09T10:39:22.474-0300] {processor.py:839} INFO - DAG(s) dict_keys(['example_short_circuit_decorator']) retrieved from /home/felipe/.local/lib/python3.11/site-packages/airflow/example_dags/example_short_circuit_decorator.py
[2024-01-09T10:39:22.483-0300] {logging_mixin.py:154} INFO - [2024-01-09T10:39:22.483-0300] {dag.py:2941} INFO - Sync 1 DAGs
[2024-01-09T10:39:22.490-0300] {logging_mixin.py:154} INFO - [2024-01-09T10:39:22.490-0300] {dag.py:3722} INFO - Setting next_dagrun for example_short_circuit_decorator to 2024-01-08T13:39:22.490747+00:00, run_after=2024-01-09T13:39:22.490747+00:00
[2024-01-09T10:39:22.506-0300] {processor.py:179} INFO - Processing /home/felipe/.local/lib/python3.11/site-packages/airflow/example_dags/example_short_circuit_decorator.py took 0.072 seconds
[2024-01-09T10:40:11.104-0300] {processor.py:157} INFO - Started process (PID=11980) to work on /home/felipe/.local/lib/python3.11/site-packages/airflow/example_dags/example_short_circuit_decorator.py
[2024-01-09T10:40:11.136-0300] {processor.py:829} INFO - Processing file /home/felipe/.local/lib/python3.11/site-packages/airflow/example_dags/example_short_circuit_decorator.py for tasks to queue
[2024-01-09T10:40:11.136-0300] {logging_mixin.py:154} INFO - [2024-01-09T10:40:11.136-0300] {dagbag.py:536} INFO - Filling up the DagBag from /home/felipe/.local/lib/python3.11/site-packages/airflow/example_dags/example_short_circuit_decorator.py
[2024-01-09T10:40:11.141-0300] {processor.py:839} INFO - DAG(s) dict_keys(['example_short_circuit_decorator']) retrieved from /home/felipe/.local/lib/python3.11/site-packages/airflow/example_dags/example_short_circuit_decorator.py
[2024-01-09T10:40:11.151-0300] {logging_mixin.py:154} INFO - [2024-01-09T10:40:11.151-0300] {dag.py:2941} INFO - Sync 1 DAGs
[2024-01-09T10:40:11.158-0300] {logging_mixin.py:154} INFO - [2024-01-09T10:40:11.158-0300] {dag.py:3722} INFO - Setting next_dagrun for example_short_circuit_decorator to 2024-01-08T13:40:11.158650+00:00, run_after=2024-01-09T13:40:11.158650+00:00
[2024-01-09T10:40:11.175-0300] {processor.py:179} INFO - Processing /home/felipe/.local/lib/python3.11/site-packages/airflow/example_dags/example_short_circuit_decorator.py took 0.073 seconds
[2024-01-09T10:41:04.178-0300] {processor.py:157} INFO - Started process (PID=12171) to work on /home/felipe/.local/lib/python3.11/site-packages/airflow/example_dags/example_short_circuit_decorator.py
[2024-01-09T10:41:04.210-0300] {processor.py:829} INFO - Processing file /home/felipe/.local/lib/python3.11/site-packages/airflow/example_dags/example_short_circuit_decorator.py for tasks to queue
[2024-01-09T10:41:04.211-0300] {logging_mixin.py:154} INFO - [2024-01-09T10:41:04.211-0300] {dagbag.py:536} INFO - Filling up the DagBag from /home/felipe/.local/lib/python3.11/site-packages/airflow/example_dags/example_short_circuit_decorator.py
[2024-01-09T10:41:04.216-0300] {processor.py:839} INFO - DAG(s) dict_keys(['example_short_circuit_decorator']) retrieved from /home/felipe/.local/lib/python3.11/site-packages/airflow/example_dags/example_short_circuit_decorator.py
[2024-01-09T10:41:04.229-0300] {logging_mixin.py:154} INFO - [2024-01-09T10:41:04.229-0300] {dag.py:2941} INFO - Sync 1 DAGs
[2024-01-09T10:41:04.241-0300] {logging_mixin.py:154} INFO - [2024-01-09T10:41:04.241-0300] {dag.py:3722} INFO - Setting next_dagrun for example_short_circuit_decorator to 2024-01-08T13:41:04.241021+00:00, run_after=2024-01-09T13:41:04.241021+00:00
[2024-01-09T10:41:04.257-0300] {processor.py:179} INFO - Processing /home/felipe/.local/lib/python3.11/site-packages/airflow/example_dags/example_short_circuit_decorator.py took 0.081 seconds
[2024-01-09T10:44:16.816-0300] {processor.py:157} INFO - Started process (PID=12620) to work on /home/felipe/.local/lib/python3.11/site-packages/airflow/example_dags/example_short_circuit_decorator.py
[2024-01-09T10:44:16.848-0300] {processor.py:829} INFO - Processing file /home/felipe/.local/lib/python3.11/site-packages/airflow/example_dags/example_short_circuit_decorator.py for tasks to queue
[2024-01-09T10:44:16.849-0300] {logging_mixin.py:154} INFO - [2024-01-09T10:44:16.849-0300] {dagbag.py:536} INFO - Filling up the DagBag from /home/felipe/.local/lib/python3.11/site-packages/airflow/example_dags/example_short_circuit_decorator.py
[2024-01-09T10:44:16.854-0300] {processor.py:839} INFO - DAG(s) dict_keys(['example_short_circuit_decorator']) retrieved from /home/felipe/.local/lib/python3.11/site-packages/airflow/example_dags/example_short_circuit_decorator.py
[2024-01-09T10:44:16.863-0300] {logging_mixin.py:154} INFO - [2024-01-09T10:44:16.863-0300] {dag.py:2941} INFO - Sync 1 DAGs
[2024-01-09T10:44:16.870-0300] {logging_mixin.py:154} INFO - [2024-01-09T10:44:16.870-0300] {dag.py:3722} INFO - Setting next_dagrun for example_short_circuit_decorator to 2024-01-08T13:44:16.870709+00:00, run_after=2024-01-09T13:44:16.870709+00:00
[2024-01-09T10:44:16.886-0300] {processor.py:179} INFO - Processing /home/felipe/.local/lib/python3.11/site-packages/airflow/example_dags/example_short_circuit_decorator.py took 0.073 seconds
[2024-01-09T10:47:13.484-0300] {processor.py:157} INFO - Started process (PID=13383) to work on /home/felipe/.local/lib/python3.11/site-packages/airflow/example_dags/example_short_circuit_decorator.py
[2024-01-09T10:47:13.516-0300] {processor.py:829} INFO - Processing file /home/felipe/.local/lib/python3.11/site-packages/airflow/example_dags/example_short_circuit_decorator.py for tasks to queue
[2024-01-09T10:47:13.517-0300] {logging_mixin.py:154} INFO - [2024-01-09T10:47:13.516-0300] {dagbag.py:536} INFO - Filling up the DagBag from /home/felipe/.local/lib/python3.11/site-packages/airflow/example_dags/example_short_circuit_decorator.py
[2024-01-09T10:47:13.522-0300] {processor.py:839} INFO - DAG(s) dict_keys(['example_short_circuit_decorator']) retrieved from /home/felipe/.local/lib/python3.11/site-packages/airflow/example_dags/example_short_circuit_decorator.py
[2024-01-09T10:47:13.531-0300] {logging_mixin.py:154} INFO - [2024-01-09T10:47:13.531-0300] {dag.py:2941} INFO - Sync 1 DAGs
[2024-01-09T10:47:13.539-0300] {logging_mixin.py:154} INFO - [2024-01-09T10:47:13.538-0300] {dag.py:3722} INFO - Setting next_dagrun for example_short_circuit_decorator to 2024-01-08T13:47:13.538870+00:00, run_after=2024-01-09T13:47:13.538870+00:00
[2024-01-09T10:47:13.555-0300] {processor.py:179} INFO - Processing /home/felipe/.local/lib/python3.11/site-packages/airflow/example_dags/example_short_circuit_decorator.py took 0.072 seconds
[2024-01-09T10:50:10.673-0300] {processor.py:157} INFO - Started process (PID=13833) to work on /home/felipe/.local/lib/python3.11/site-packages/airflow/example_dags/example_short_circuit_decorator.py
[2024-01-09T10:50:10.674-0300] {processor.py:829} INFO - Processing file /home/felipe/.local/lib/python3.11/site-packages/airflow/example_dags/example_short_circuit_decorator.py for tasks to queue
[2024-01-09T10:50:10.674-0300] {logging_mixin.py:154} INFO - [2024-01-09T10:50:10.674-0300] {dagbag.py:536} INFO - Filling up the DagBag from /home/felipe/.local/lib/python3.11/site-packages/airflow/example_dags/example_short_circuit_decorator.py
[2024-01-09T10:50:10.680-0300] {processor.py:839} INFO - DAG(s) dict_keys(['example_short_circuit_decorator']) retrieved from /home/felipe/.local/lib/python3.11/site-packages/airflow/example_dags/example_short_circuit_decorator.py
[2024-01-09T10:50:10.690-0300] {logging_mixin.py:154} INFO - [2024-01-09T10:50:10.690-0300] {dag.py:2941} INFO - Sync 1 DAGs
[2024-01-09T10:50:10.698-0300] {logging_mixin.py:154} INFO - [2024-01-09T10:50:10.698-0300] {dag.py:3722} INFO - Setting next_dagrun for example_short_circuit_decorator to 2024-01-08T13:50:10.698084+00:00, run_after=2024-01-09T13:50:10.698084+00:00
[2024-01-09T10:50:10.710-0300] {processor.py:179} INFO - Processing /home/felipe/.local/lib/python3.11/site-packages/airflow/example_dags/example_short_circuit_decorator.py took 0.038 seconds
[2024-01-09T10:52:14.306-0300] {processor.py:157} INFO - Started process (PID=14060) to work on /home/felipe/.local/lib/python3.11/site-packages/airflow/example_dags/example_short_circuit_decorator.py
[2024-01-09T10:52:14.308-0300] {processor.py:829} INFO - Processing file /home/felipe/.local/lib/python3.11/site-packages/airflow/example_dags/example_short_circuit_decorator.py for tasks to queue
[2024-01-09T10:52:14.308-0300] {logging_mixin.py:154} INFO - [2024-01-09T10:52:14.308-0300] {dagbag.py:536} INFO - Filling up the DagBag from /home/felipe/.local/lib/python3.11/site-packages/airflow/example_dags/example_short_circuit_decorator.py
[2024-01-09T10:52:14.314-0300] {processor.py:839} INFO - DAG(s) dict_keys(['example_short_circuit_decorator']) retrieved from /home/felipe/.local/lib/python3.11/site-packages/airflow/example_dags/example_short_circuit_decorator.py
[2024-01-09T10:52:14.324-0300] {logging_mixin.py:154} INFO - [2024-01-09T10:52:14.324-0300] {dag.py:2941} INFO - Sync 1 DAGs
[2024-01-09T10:52:14.333-0300] {logging_mixin.py:154} INFO - [2024-01-09T10:52:14.333-0300] {dag.py:3722} INFO - Setting next_dagrun for example_short_circuit_decorator to 2024-01-08T13:52:14.333025+00:00, run_after=2024-01-09T13:52:14.333025+00:00
[2024-01-09T10:52:14.342-0300] {processor.py:179} INFO - Processing /home/felipe/.local/lib/python3.11/site-packages/airflow/example_dags/example_short_circuit_decorator.py took 0.038 seconds
[2024-01-09T10:53:54.092-0300] {processor.py:157} INFO - Started process (PID=14345) to work on /home/felipe/.local/lib/python3.11/site-packages/airflow/example_dags/example_short_circuit_decorator.py
[2024-01-09T10:53:54.124-0300] {processor.py:829} INFO - Processing file /home/felipe/.local/lib/python3.11/site-packages/airflow/example_dags/example_short_circuit_decorator.py for tasks to queue
[2024-01-09T10:53:54.125-0300] {logging_mixin.py:154} INFO - [2024-01-09T10:53:54.125-0300] {dagbag.py:536} INFO - Filling up the DagBag from /home/felipe/.local/lib/python3.11/site-packages/airflow/example_dags/example_short_circuit_decorator.py
[2024-01-09T10:53:54.130-0300] {processor.py:839} INFO - DAG(s) dict_keys(['example_short_circuit_decorator']) retrieved from /home/felipe/.local/lib/python3.11/site-packages/airflow/example_dags/example_short_circuit_decorator.py
[2024-01-09T10:53:54.139-0300] {logging_mixin.py:154} INFO - [2024-01-09T10:53:54.139-0300] {dag.py:2941} INFO - Sync 1 DAGs
[2024-01-09T10:53:54.147-0300] {logging_mixin.py:154} INFO - [2024-01-09T10:53:54.147-0300] {dag.py:3722} INFO - Setting next_dagrun for example_short_circuit_decorator to 2024-01-08T13:53:54.147233+00:00, run_after=2024-01-09T13:53:54.147233+00:00
[2024-01-09T10:53:54.163-0300] {processor.py:179} INFO - Processing /home/felipe/.local/lib/python3.11/site-packages/airflow/example_dags/example_short_circuit_decorator.py took 0.073 seconds
[2024-01-09T10:56:31.408-0300] {processor.py:157} INFO - Started process (PID=14977) to work on /home/felipe/.local/lib/python3.11/site-packages/airflow/example_dags/example_short_circuit_decorator.py
[2024-01-09T10:56:31.410-0300] {processor.py:829} INFO - Processing file /home/felipe/.local/lib/python3.11/site-packages/airflow/example_dags/example_short_circuit_decorator.py for tasks to queue
[2024-01-09T10:56:31.411-0300] {logging_mixin.py:154} INFO - [2024-01-09T10:56:31.411-0300] {dagbag.py:536} INFO - Filling up the DagBag from /home/felipe/.local/lib/python3.11/site-packages/airflow/example_dags/example_short_circuit_decorator.py
[2024-01-09T10:56:31.416-0300] {processor.py:839} INFO - DAG(s) dict_keys(['example_short_circuit_decorator']) retrieved from /home/felipe/.local/lib/python3.11/site-packages/airflow/example_dags/example_short_circuit_decorator.py
[2024-01-09T10:56:31.425-0300] {logging_mixin.py:154} INFO - [2024-01-09T10:56:31.425-0300] {dag.py:2941} INFO - Sync 1 DAGs
[2024-01-09T10:56:31.432-0300] {logging_mixin.py:154} INFO - [2024-01-09T10:56:31.432-0300] {dag.py:3722} INFO - Setting next_dagrun for example_short_circuit_decorator to 2024-01-08T13:56:31.432662+00:00, run_after=2024-01-09T13:56:31.432662+00:00
[2024-01-09T10:56:31.442-0300] {processor.py:179} INFO - Processing /home/felipe/.local/lib/python3.11/site-packages/airflow/example_dags/example_short_circuit_decorator.py took 0.036 seconds
[2024-01-09T10:58:45.520-0300] {processor.py:157} INFO - Started process (PID=15303) to work on /home/felipe/.local/lib/python3.11/site-packages/airflow/example_dags/example_short_circuit_decorator.py
[2024-01-09T10:58:45.521-0300] {processor.py:829} INFO - Processing file /home/felipe/.local/lib/python3.11/site-packages/airflow/example_dags/example_short_circuit_decorator.py for tasks to queue
[2024-01-09T10:58:45.521-0300] {logging_mixin.py:154} INFO - [2024-01-09T10:58:45.521-0300] {dagbag.py:536} INFO - Filling up the DagBag from /home/felipe/.local/lib/python3.11/site-packages/airflow/example_dags/example_short_circuit_decorator.py
[2024-01-09T10:58:45.526-0300] {processor.py:839} INFO - DAG(s) dict_keys(['example_short_circuit_decorator']) retrieved from /home/felipe/.local/lib/python3.11/site-packages/airflow/example_dags/example_short_circuit_decorator.py
[2024-01-09T10:58:45.536-0300] {logging_mixin.py:154} INFO - [2024-01-09T10:58:45.536-0300] {dag.py:2941} INFO - Sync 1 DAGs
[2024-01-09T10:58:45.544-0300] {logging_mixin.py:154} INFO - [2024-01-09T10:58:45.544-0300] {dag.py:3722} INFO - Setting next_dagrun for example_short_circuit_decorator to 2024-01-08T13:58:45.544476+00:00, run_after=2024-01-09T13:58:45.544476+00:00
[2024-01-09T10:58:45.554-0300] {processor.py:179} INFO - Processing /home/felipe/.local/lib/python3.11/site-packages/airflow/example_dags/example_short_circuit_decorator.py took 0.035 seconds
[2024-01-09T20:53:04.111-0300] {processor.py:157} INFO - Started process (PID=36157) to work on /home/felipe/.local/lib/python3.11/site-packages/airflow/example_dags/example_short_circuit_decorator.py
[2024-01-09T20:53:04.143-0300] {processor.py:829} INFO - Processing file /home/felipe/.local/lib/python3.11/site-packages/airflow/example_dags/example_short_circuit_decorator.py for tasks to queue
[2024-01-09T20:53:04.144-0300] {logging_mixin.py:154} INFO - [2024-01-09T20:53:04.144-0300] {dagbag.py:536} INFO - Filling up the DagBag from /home/felipe/.local/lib/python3.11/site-packages/airflow/example_dags/example_short_circuit_decorator.py
[2024-01-09T20:53:04.150-0300] {processor.py:839} INFO - DAG(s) dict_keys(['example_short_circuit_decorator']) retrieved from /home/felipe/.local/lib/python3.11/site-packages/airflow/example_dags/example_short_circuit_decorator.py
[2024-01-09T20:53:04.154-0300] {logging_mixin.py:154} INFO - [2024-01-09T20:53:04.154-0300] {dag.py:2941} INFO - Sync 1 DAGs
[2024-01-09T20:53:04.165-0300] {logging_mixin.py:154} INFO - [2024-01-09T20:53:04.165-0300] {dag.py:3722} INFO - Setting next_dagrun for example_short_circuit_decorator to 2024-01-08T23:53:04.164933+00:00, run_after=2024-01-09T23:53:04.164933+00:00
[2024-01-09T20:53:04.178-0300] {processor.py:179} INFO - Processing /home/felipe/.local/lib/python3.11/site-packages/airflow/example_dags/example_short_circuit_decorator.py took 0.069 seconds
[2024-01-09T20:53:52.835-0300] {processor.py:157} INFO - Started process (PID=36578) to work on /home/felipe/.local/lib/python3.11/site-packages/airflow/example_dags/example_short_circuit_decorator.py
[2024-01-09T20:53:52.867-0300] {processor.py:829} INFO - Processing file /home/felipe/.local/lib/python3.11/site-packages/airflow/example_dags/example_short_circuit_decorator.py for tasks to queue
[2024-01-09T20:53:52.868-0300] {logging_mixin.py:154} INFO - [2024-01-09T20:53:52.868-0300] {dagbag.py:536} INFO - Filling up the DagBag from /home/felipe/.local/lib/python3.11/site-packages/airflow/example_dags/example_short_circuit_decorator.py
[2024-01-09T20:53:52.874-0300] {processor.py:839} INFO - DAG(s) dict_keys(['example_short_circuit_decorator']) retrieved from /home/felipe/.local/lib/python3.11/site-packages/airflow/example_dags/example_short_circuit_decorator.py
[2024-01-09T20:53:52.884-0300] {logging_mixin.py:154} INFO - [2024-01-09T20:53:52.884-0300] {dag.py:2941} INFO - Sync 1 DAGs
[2024-01-09T20:53:52.894-0300] {logging_mixin.py:154} INFO - [2024-01-09T20:53:52.893-0300] {dag.py:3722} INFO - Setting next_dagrun for example_short_circuit_decorator to 2024-01-08T23:53:52.893827+00:00, run_after=2024-01-09T23:53:52.893827+00:00
[2024-01-09T20:53:52.910-0300] {processor.py:179} INFO - Processing /home/felipe/.local/lib/python3.11/site-packages/airflow/example_dags/example_short_circuit_decorator.py took 0.077 seconds
[2024-01-09T20:54:43.023-0300] {processor.py:157} INFO - Started process (PID=36696) to work on /home/felipe/.local/lib/python3.11/site-packages/airflow/example_dags/example_short_circuit_decorator.py
[2024-01-09T20:54:43.055-0300] {processor.py:829} INFO - Processing file /home/felipe/.local/lib/python3.11/site-packages/airflow/example_dags/example_short_circuit_decorator.py for tasks to queue
[2024-01-09T20:54:43.056-0300] {logging_mixin.py:154} INFO - [2024-01-09T20:54:43.055-0300] {dagbag.py:536} INFO - Filling up the DagBag from /home/felipe/.local/lib/python3.11/site-packages/airflow/example_dags/example_short_circuit_decorator.py
[2024-01-09T20:54:43.061-0300] {processor.py:839} INFO - DAG(s) dict_keys(['example_short_circuit_decorator']) retrieved from /home/felipe/.local/lib/python3.11/site-packages/airflow/example_dags/example_short_circuit_decorator.py
[2024-01-09T20:54:43.071-0300] {logging_mixin.py:154} INFO - [2024-01-09T20:54:43.071-0300] {dag.py:2941} INFO - Sync 1 DAGs
[2024-01-09T20:54:43.081-0300] {logging_mixin.py:154} INFO - [2024-01-09T20:54:43.080-0300] {dag.py:3722} INFO - Setting next_dagrun for example_short_circuit_decorator to 2024-01-08T23:54:43.080820+00:00, run_after=2024-01-09T23:54:43.080820+00:00
[2024-01-09T20:54:43.097-0300] {processor.py:179} INFO - Processing /home/felipe/.local/lib/python3.11/site-packages/airflow/example_dags/example_short_circuit_decorator.py took 0.077 seconds
[2024-01-09T20:55:30.948-0300] {processor.py:157} INFO - Started process (PID=36817) to work on /home/felipe/.local/lib/python3.11/site-packages/airflow/example_dags/example_short_circuit_decorator.py
[2024-01-09T20:55:30.980-0300] {processor.py:829} INFO - Processing file /home/felipe/.local/lib/python3.11/site-packages/airflow/example_dags/example_short_circuit_decorator.py for tasks to queue
[2024-01-09T20:55:30.981-0300] {logging_mixin.py:154} INFO - [2024-01-09T20:55:30.980-0300] {dagbag.py:536} INFO - Filling up the DagBag from /home/felipe/.local/lib/python3.11/site-packages/airflow/example_dags/example_short_circuit_decorator.py
[2024-01-09T20:55:30.987-0300] {processor.py:839} INFO - DAG(s) dict_keys(['example_short_circuit_decorator']) retrieved from /home/felipe/.local/lib/python3.11/site-packages/airflow/example_dags/example_short_circuit_decorator.py
[2024-01-09T20:55:30.997-0300] {logging_mixin.py:154} INFO - [2024-01-09T20:55:30.997-0300] {dag.py:2941} INFO - Sync 1 DAGs
[2024-01-09T20:55:31.007-0300] {logging_mixin.py:154} INFO - [2024-01-09T20:55:31.007-0300] {dag.py:3722} INFO - Setting next_dagrun for example_short_circuit_decorator to 2024-01-08T23:55:31.007217+00:00, run_after=2024-01-09T23:55:31.007217+00:00
[2024-01-09T20:55:31.024-0300] {processor.py:179} INFO - Processing /home/felipe/.local/lib/python3.11/site-packages/airflow/example_dags/example_short_circuit_decorator.py took 0.078 seconds
[2024-01-09T20:56:24.246-0300] {processor.py:157} INFO - Started process (PID=36924) to work on /home/felipe/.local/lib/python3.11/site-packages/airflow/example_dags/example_short_circuit_decorator.py
[2024-01-09T20:56:24.278-0300] {processor.py:829} INFO - Processing file /home/felipe/.local/lib/python3.11/site-packages/airflow/example_dags/example_short_circuit_decorator.py for tasks to queue
[2024-01-09T20:56:24.279-0300] {logging_mixin.py:154} INFO - [2024-01-09T20:56:24.278-0300] {dagbag.py:536} INFO - Filling up the DagBag from /home/felipe/.local/lib/python3.11/site-packages/airflow/example_dags/example_short_circuit_decorator.py
[2024-01-09T20:56:24.285-0300] {processor.py:839} INFO - DAG(s) dict_keys(['example_short_circuit_decorator']) retrieved from /home/felipe/.local/lib/python3.11/site-packages/airflow/example_dags/example_short_circuit_decorator.py
[2024-01-09T20:56:24.296-0300] {logging_mixin.py:154} INFO - [2024-01-09T20:56:24.296-0300] {dag.py:2941} INFO - Sync 1 DAGs
[2024-01-09T20:56:24.305-0300] {logging_mixin.py:154} INFO - [2024-01-09T20:56:24.305-0300] {dag.py:3722} INFO - Setting next_dagrun for example_short_circuit_decorator to 2024-01-08T23:56:24.305639+00:00, run_after=2024-01-09T23:56:24.305639+00:00
[2024-01-09T20:56:24.323-0300] {processor.py:179} INFO - Processing /home/felipe/.local/lib/python3.11/site-packages/airflow/example_dags/example_short_circuit_decorator.py took 0.079 seconds
[2024-01-09T20:57:15.540-0300] {processor.py:157} INFO - Started process (PID=37050) to work on /home/felipe/.local/lib/python3.11/site-packages/airflow/example_dags/example_short_circuit_decorator.py
[2024-01-09T20:57:15.572-0300] {processor.py:829} INFO - Processing file /home/felipe/.local/lib/python3.11/site-packages/airflow/example_dags/example_short_circuit_decorator.py for tasks to queue
[2024-01-09T20:57:15.572-0300] {logging_mixin.py:154} INFO - [2024-01-09T20:57:15.572-0300] {dagbag.py:536} INFO - Filling up the DagBag from /home/felipe/.local/lib/python3.11/site-packages/airflow/example_dags/example_short_circuit_decorator.py
[2024-01-09T20:57:15.579-0300] {processor.py:839} INFO - DAG(s) dict_keys(['example_short_circuit_decorator']) retrieved from /home/felipe/.local/lib/python3.11/site-packages/airflow/example_dags/example_short_circuit_decorator.py
[2024-01-09T20:57:15.589-0300] {logging_mixin.py:154} INFO - [2024-01-09T20:57:15.589-0300] {dag.py:2941} INFO - Sync 1 DAGs
[2024-01-09T20:57:15.598-0300] {logging_mixin.py:154} INFO - [2024-01-09T20:57:15.598-0300] {dag.py:3722} INFO - Setting next_dagrun for example_short_circuit_decorator to 2024-01-08T23:57:15.598773+00:00, run_after=2024-01-09T23:57:15.598773+00:00
[2024-01-09T20:57:15.616-0300] {processor.py:179} INFO - Processing /home/felipe/.local/lib/python3.11/site-packages/airflow/example_dags/example_short_circuit_decorator.py took 0.078 seconds
[2024-01-09T20:58:03.850-0300] {processor.py:157} INFO - Started process (PID=37159) to work on /home/felipe/.local/lib/python3.11/site-packages/airflow/example_dags/example_short_circuit_decorator.py
[2024-01-09T20:58:03.882-0300] {processor.py:829} INFO - Processing file /home/felipe/.local/lib/python3.11/site-packages/airflow/example_dags/example_short_circuit_decorator.py for tasks to queue
[2024-01-09T20:58:03.882-0300] {logging_mixin.py:154} INFO - [2024-01-09T20:58:03.882-0300] {dagbag.py:536} INFO - Filling up the DagBag from /home/felipe/.local/lib/python3.11/site-packages/airflow/example_dags/example_short_circuit_decorator.py
[2024-01-09T20:58:03.888-0300] {processor.py:839} INFO - DAG(s) dict_keys(['example_short_circuit_decorator']) retrieved from /home/felipe/.local/lib/python3.11/site-packages/airflow/example_dags/example_short_circuit_decorator.py
[2024-01-09T20:58:03.898-0300] {logging_mixin.py:154} INFO - [2024-01-09T20:58:03.898-0300] {dag.py:2941} INFO - Sync 1 DAGs
[2024-01-09T20:58:03.908-0300] {logging_mixin.py:154} INFO - [2024-01-09T20:58:03.908-0300] {dag.py:3722} INFO - Setting next_dagrun for example_short_circuit_decorator to 2024-01-08T23:58:03.908017+00:00, run_after=2024-01-09T23:58:03.908017+00:00
[2024-01-09T20:58:03.925-0300] {processor.py:179} INFO - Processing /home/felipe/.local/lib/python3.11/site-packages/airflow/example_dags/example_short_circuit_decorator.py took 0.077 seconds
[2024-01-09T20:58:57.806-0300] {processor.py:157} INFO - Started process (PID=37306) to work on /home/felipe/.local/lib/python3.11/site-packages/airflow/example_dags/example_short_circuit_decorator.py
[2024-01-09T20:58:57.808-0300] {processor.py:829} INFO - Processing file /home/felipe/.local/lib/python3.11/site-packages/airflow/example_dags/example_short_circuit_decorator.py for tasks to queue
[2024-01-09T20:58:57.809-0300] {logging_mixin.py:154} INFO - [2024-01-09T20:58:57.808-0300] {dagbag.py:536} INFO - Filling up the DagBag from /home/felipe/.local/lib/python3.11/site-packages/airflow/example_dags/example_short_circuit_decorator.py
[2024-01-09T20:58:57.815-0300] {processor.py:839} INFO - DAG(s) dict_keys(['example_short_circuit_decorator']) retrieved from /home/felipe/.local/lib/python3.11/site-packages/airflow/example_dags/example_short_circuit_decorator.py
[2024-01-09T20:58:57.825-0300] {logging_mixin.py:154} INFO - [2024-01-09T20:58:57.825-0300] {dag.py:2941} INFO - Sync 1 DAGs
[2024-01-09T20:58:57.835-0300] {logging_mixin.py:154} INFO - [2024-01-09T20:58:57.835-0300] {dag.py:3722} INFO - Setting next_dagrun for example_short_circuit_decorator to 2024-01-08T23:58:57.835617+00:00, run_after=2024-01-09T23:58:57.835617+00:00
[2024-01-09T20:58:57.853-0300] {processor.py:179} INFO - Processing /home/felipe/.local/lib/python3.11/site-packages/airflow/example_dags/example_short_circuit_decorator.py took 0.049 seconds
[2024-01-09T20:59:52.369-0300] {processor.py:157} INFO - Started process (PID=37421) to work on /home/felipe/.local/lib/python3.11/site-packages/airflow/example_dags/example_short_circuit_decorator.py
[2024-01-09T20:59:52.401-0300] {processor.py:829} INFO - Processing file /home/felipe/.local/lib/python3.11/site-packages/airflow/example_dags/example_short_circuit_decorator.py for tasks to queue
[2024-01-09T20:59:52.402-0300] {logging_mixin.py:154} INFO - [2024-01-09T20:59:52.401-0300] {dagbag.py:536} INFO - Filling up the DagBag from /home/felipe/.local/lib/python3.11/site-packages/airflow/example_dags/example_short_circuit_decorator.py
[2024-01-09T20:59:52.408-0300] {processor.py:839} INFO - DAG(s) dict_keys(['example_short_circuit_decorator']) retrieved from /home/felipe/.local/lib/python3.11/site-packages/airflow/example_dags/example_short_circuit_decorator.py
[2024-01-09T20:59:52.418-0300] {logging_mixin.py:154} INFO - [2024-01-09T20:59:52.418-0300] {dag.py:2941} INFO - Sync 1 DAGs
[2024-01-09T20:59:52.429-0300] {logging_mixin.py:154} INFO - [2024-01-09T20:59:52.429-0300] {dag.py:3722} INFO - Setting next_dagrun for example_short_circuit_decorator to 2024-01-08T23:59:52.429052+00:00, run_after=2024-01-09T23:59:52.429052+00:00
[2024-01-09T20:59:52.446-0300] {processor.py:179} INFO - Processing /home/felipe/.local/lib/python3.11/site-packages/airflow/example_dags/example_short_circuit_decorator.py took 0.079 seconds
