[2024-01-09T10:10:35.106-0300] {processor.py:157} INFO - Started process (PID=8567) to work on /home/felipe/.local/lib/python3.11/site-packages/airflow/example_dags/example_setup_teardown_taskflow.py
[2024-01-09T10:10:35.106-0300] {processor.py:829} INFO - Processing file /home/felipe/.local/lib/python3.11/site-packages/airflow/example_dags/example_setup_teardown_taskflow.py for tasks to queue
[2024-01-09T10:10:35.107-0300] {logging_mixin.py:154} INFO - [2024-01-09T10:10:35.107-0300] {dagbag.py:536} INFO - Filling up the DagBag from /home/felipe/.local/lib/python3.11/site-packages/airflow/example_dags/example_setup_teardown_taskflow.py
[2024-01-09T10:10:35.113-0300] {processor.py:839} INFO - DAG(s) dict_keys(['example_setup_teardown_taskflow']) retrieved from /home/felipe/.local/lib/python3.11/site-packages/airflow/example_dags/example_setup_teardown_taskflow.py
[2024-01-09T10:10:35.123-0300] {logging_mixin.py:154} INFO - [2024-01-09T10:10:35.123-0300] {dag.py:2941} INFO - Sync 1 DAGs
[2024-01-09T10:10:35.133-0300] {logging_mixin.py:154} INFO - [2024-01-09T10:10:35.133-0300] {dag.py:3722} INFO - Setting next_dagrun for example_setup_teardown_taskflow to 2024-01-08T13:10:35.133134+00:00, run_after=2024-01-09T13:10:35.133134+00:00
[2024-01-09T10:10:35.207-0300] {processor.py:179} INFO - Processing /home/felipe/.local/lib/python3.11/site-packages/airflow/example_dags/example_setup_teardown_taskflow.py took 0.103 seconds
[2024-01-09T10:11:28.901-0300] {processor.py:157} INFO - Started process (PID=8681) to work on /home/felipe/.local/lib/python3.11/site-packages/airflow/example_dags/example_setup_teardown_taskflow.py
[2024-01-09T10:11:28.933-0300] {processor.py:829} INFO - Processing file /home/felipe/.local/lib/python3.11/site-packages/airflow/example_dags/example_setup_teardown_taskflow.py for tasks to queue
[2024-01-09T10:11:28.934-0300] {logging_mixin.py:154} INFO - [2024-01-09T10:11:28.933-0300] {dagbag.py:536} INFO - Filling up the DagBag from /home/felipe/.local/lib/python3.11/site-packages/airflow/example_dags/example_setup_teardown_taskflow.py
[2024-01-09T10:11:28.939-0300] {processor.py:839} INFO - DAG(s) dict_keys(['example_setup_teardown_taskflow']) retrieved from /home/felipe/.local/lib/python3.11/site-packages/airflow/example_dags/example_setup_teardown_taskflow.py
[2024-01-09T10:11:28.948-0300] {logging_mixin.py:154} INFO - [2024-01-09T10:11:28.948-0300] {dag.py:2941} INFO - Sync 1 DAGs
[2024-01-09T10:11:28.957-0300] {logging_mixin.py:154} INFO - [2024-01-09T10:11:28.957-0300] {dag.py:3722} INFO - Setting next_dagrun for example_setup_teardown_taskflow to 2024-01-08T13:11:28.957351+00:00, run_after=2024-01-09T13:11:28.957351+00:00
[2024-01-09T10:11:28.973-0300] {processor.py:179} INFO - Processing /home/felipe/.local/lib/python3.11/site-packages/airflow/example_dags/example_setup_teardown_taskflow.py took 0.074 seconds
[2024-01-09T10:12:22.359-0300] {processor.py:157} INFO - Started process (PID=8786) to work on /home/felipe/.local/lib/python3.11/site-packages/airflow/example_dags/example_setup_teardown_taskflow.py
[2024-01-09T10:12:22.391-0300] {processor.py:829} INFO - Processing file /home/felipe/.local/lib/python3.11/site-packages/airflow/example_dags/example_setup_teardown_taskflow.py for tasks to queue
[2024-01-09T10:12:22.392-0300] {logging_mixin.py:154} INFO - [2024-01-09T10:12:22.391-0300] {dagbag.py:536} INFO - Filling up the DagBag from /home/felipe/.local/lib/python3.11/site-packages/airflow/example_dags/example_setup_teardown_taskflow.py
[2024-01-09T10:12:22.398-0300] {processor.py:839} INFO - DAG(s) dict_keys(['example_setup_teardown_taskflow']) retrieved from /home/felipe/.local/lib/python3.11/site-packages/airflow/example_dags/example_setup_teardown_taskflow.py
[2024-01-09T10:12:22.408-0300] {logging_mixin.py:154} INFO - [2024-01-09T10:12:22.408-0300] {dag.py:2941} INFO - Sync 1 DAGs
[2024-01-09T10:12:22.417-0300] {logging_mixin.py:154} INFO - [2024-01-09T10:12:22.417-0300] {dag.py:3722} INFO - Setting next_dagrun for example_setup_teardown_taskflow to 2024-01-08T13:12:22.417705+00:00, run_after=2024-01-09T13:12:22.417705+00:00
[2024-01-09T10:12:22.427-0300] {processor.py:179} INFO - Processing /home/felipe/.local/lib/python3.11/site-packages/airflow/example_dags/example_setup_teardown_taskflow.py took 0.071 seconds
[2024-01-09T10:13:33.941-0300] {processor.py:157} INFO - Started process (PID=8928) to work on /home/felipe/.local/lib/python3.11/site-packages/airflow/example_dags/example_setup_teardown_taskflow.py
[2024-01-09T10:13:33.942-0300] {processor.py:829} INFO - Processing file /home/felipe/.local/lib/python3.11/site-packages/airflow/example_dags/example_setup_teardown_taskflow.py for tasks to queue
[2024-01-09T10:13:33.942-0300] {logging_mixin.py:154} INFO - [2024-01-09T10:13:33.942-0300] {dagbag.py:536} INFO - Filling up the DagBag from /home/felipe/.local/lib/python3.11/site-packages/airflow/example_dags/example_setup_teardown_taskflow.py
[2024-01-09T10:13:33.948-0300] {processor.py:839} INFO - DAG(s) dict_keys(['example_setup_teardown_taskflow']) retrieved from /home/felipe/.local/lib/python3.11/site-packages/airflow/example_dags/example_setup_teardown_taskflow.py
[2024-01-09T10:13:33.957-0300] {logging_mixin.py:154} INFO - [2024-01-09T10:13:33.957-0300] {dag.py:2941} INFO - Sync 1 DAGs
[2024-01-09T10:13:33.967-0300] {logging_mixin.py:154} INFO - [2024-01-09T10:13:33.967-0300] {dag.py:3722} INFO - Setting next_dagrun for example_setup_teardown_taskflow to 2024-01-08T13:13:33.967139+00:00, run_after=2024-01-09T13:13:33.967139+00:00
[2024-01-09T10:13:33.977-0300] {processor.py:179} INFO - Processing /home/felipe/.local/lib/python3.11/site-packages/airflow/example_dags/example_setup_teardown_taskflow.py took 0.037 seconds
[2024-01-09T10:14:48.635-0300] {processor.py:157} INFO - Started process (PID=9040) to work on /home/felipe/.local/lib/python3.11/site-packages/airflow/example_dags/example_setup_teardown_taskflow.py
[2024-01-09T10:14:48.668-0300] {processor.py:829} INFO - Processing file /home/felipe/.local/lib/python3.11/site-packages/airflow/example_dags/example_setup_teardown_taskflow.py for tasks to queue
[2024-01-09T10:14:48.668-0300] {logging_mixin.py:154} INFO - [2024-01-09T10:14:48.668-0300] {dagbag.py:536} INFO - Filling up the DagBag from /home/felipe/.local/lib/python3.11/site-packages/airflow/example_dags/example_setup_teardown_taskflow.py
[2024-01-09T10:14:48.674-0300] {processor.py:839} INFO - DAG(s) dict_keys(['example_setup_teardown_taskflow']) retrieved from /home/felipe/.local/lib/python3.11/site-packages/airflow/example_dags/example_setup_teardown_taskflow.py
[2024-01-09T10:14:48.684-0300] {logging_mixin.py:154} INFO - [2024-01-09T10:14:48.684-0300] {dag.py:2941} INFO - Sync 1 DAGs
[2024-01-09T10:14:48.694-0300] {logging_mixin.py:154} INFO - [2024-01-09T10:14:48.694-0300] {dag.py:3722} INFO - Setting next_dagrun for example_setup_teardown_taskflow to 2024-01-08T13:14:48.693905+00:00, run_after=2024-01-09T13:14:48.693905+00:00
[2024-01-09T10:14:48.711-0300] {processor.py:179} INFO - Processing /home/felipe/.local/lib/python3.11/site-packages/airflow/example_dags/example_setup_teardown_taskflow.py took 0.077 seconds
[2024-01-09T10:37:49.042-0300] {processor.py:157} INFO - Started process (PID=11696) to work on /home/felipe/.local/lib/python3.11/site-packages/airflow/example_dags/example_setup_teardown_taskflow.py
[2024-01-09T10:37:49.042-0300] {processor.py:829} INFO - Processing file /home/felipe/.local/lib/python3.11/site-packages/airflow/example_dags/example_setup_teardown_taskflow.py for tasks to queue
[2024-01-09T10:37:49.043-0300] {logging_mixin.py:154} INFO - [2024-01-09T10:37:49.043-0300] {dagbag.py:536} INFO - Filling up the DagBag from /home/felipe/.local/lib/python3.11/site-packages/airflow/example_dags/example_setup_teardown_taskflow.py
[2024-01-09T10:37:49.048-0300] {processor.py:839} INFO - DAG(s) dict_keys(['example_setup_teardown_taskflow']) retrieved from /home/felipe/.local/lib/python3.11/site-packages/airflow/example_dags/example_setup_teardown_taskflow.py
[2024-01-09T10:37:49.058-0300] {logging_mixin.py:154} INFO - [2024-01-09T10:37:49.058-0300] {dag.py:2941} INFO - Sync 1 DAGs
[2024-01-09T10:37:49.066-0300] {logging_mixin.py:154} INFO - [2024-01-09T10:37:49.066-0300] {dag.py:3722} INFO - Setting next_dagrun for example_setup_teardown_taskflow to 2024-01-08T13:37:49.066532+00:00, run_after=2024-01-09T13:37:49.066532+00:00
[2024-01-09T10:37:49.075-0300] {processor.py:179} INFO - Processing /home/felipe/.local/lib/python3.11/site-packages/airflow/example_dags/example_setup_teardown_taskflow.py took 0.035 seconds
[2024-01-09T10:38:39.400-0300] {processor.py:157} INFO - Started process (PID=11818) to work on /home/felipe/.local/lib/python3.11/site-packages/airflow/example_dags/example_setup_teardown_taskflow.py
[2024-01-09T10:38:39.432-0300] {processor.py:829} INFO - Processing file /home/felipe/.local/lib/python3.11/site-packages/airflow/example_dags/example_setup_teardown_taskflow.py for tasks to queue
[2024-01-09T10:38:39.433-0300] {logging_mixin.py:154} INFO - [2024-01-09T10:38:39.433-0300] {dagbag.py:536} INFO - Filling up the DagBag from /home/felipe/.local/lib/python3.11/site-packages/airflow/example_dags/example_setup_teardown_taskflow.py
[2024-01-09T10:38:39.438-0300] {processor.py:839} INFO - DAG(s) dict_keys(['example_setup_teardown_taskflow']) retrieved from /home/felipe/.local/lib/python3.11/site-packages/airflow/example_dags/example_setup_teardown_taskflow.py
[2024-01-09T10:38:39.447-0300] {logging_mixin.py:154} INFO - [2024-01-09T10:38:39.447-0300] {dag.py:2941} INFO - Sync 1 DAGs
[2024-01-09T10:38:39.455-0300] {logging_mixin.py:154} INFO - [2024-01-09T10:38:39.455-0300] {dag.py:3722} INFO - Setting next_dagrun for example_setup_teardown_taskflow to 2024-01-08T13:38:39.455051+00:00, run_after=2024-01-09T13:38:39.455051+00:00
[2024-01-09T10:38:39.471-0300] {processor.py:179} INFO - Processing /home/felipe/.local/lib/python3.11/site-packages/airflow/example_dags/example_setup_teardown_taskflow.py took 0.073 seconds
[2024-01-09T10:39:27.569-0300] {processor.py:157} INFO - Started process (PID=11902) to work on /home/felipe/.local/lib/python3.11/site-packages/airflow/example_dags/example_setup_teardown_taskflow.py
[2024-01-09T10:39:27.636-0300] {processor.py:829} INFO - Processing file /home/felipe/.local/lib/python3.11/site-packages/airflow/example_dags/example_setup_teardown_taskflow.py for tasks to queue
[2024-01-09T10:39:27.637-0300] {logging_mixin.py:154} INFO - [2024-01-09T10:39:27.637-0300] {dagbag.py:536} INFO - Filling up the DagBag from /home/felipe/.local/lib/python3.11/site-packages/airflow/example_dags/example_setup_teardown_taskflow.py
[2024-01-09T10:39:27.642-0300] {processor.py:839} INFO - DAG(s) dict_keys(['example_setup_teardown_taskflow']) retrieved from /home/felipe/.local/lib/python3.11/site-packages/airflow/example_dags/example_setup_teardown_taskflow.py
[2024-01-09T10:39:27.651-0300] {logging_mixin.py:154} INFO - [2024-01-09T10:39:27.651-0300] {dag.py:2941} INFO - Sync 1 DAGs
[2024-01-09T10:39:27.659-0300] {logging_mixin.py:154} INFO - [2024-01-09T10:39:27.658-0300] {dag.py:3722} INFO - Setting next_dagrun for example_setup_teardown_taskflow to 2024-01-08T13:39:27.658858+00:00, run_after=2024-01-09T13:39:27.658858+00:00
[2024-01-09T10:39:27.675-0300] {processor.py:179} INFO - Processing /home/felipe/.local/lib/python3.11/site-packages/airflow/example_dags/example_setup_teardown_taskflow.py took 0.107 seconds
[2024-01-09T10:40:24.316-0300] {processor.py:157} INFO - Started process (PID=12017) to work on /home/felipe/.local/lib/python3.11/site-packages/airflow/example_dags/example_setup_teardown_taskflow.py
[2024-01-09T10:40:24.349-0300] {processor.py:829} INFO - Processing file /home/felipe/.local/lib/python3.11/site-packages/airflow/example_dags/example_setup_teardown_taskflow.py for tasks to queue
[2024-01-09T10:40:24.349-0300] {logging_mixin.py:154} INFO - [2024-01-09T10:40:24.349-0300] {dagbag.py:536} INFO - Filling up the DagBag from /home/felipe/.local/lib/python3.11/site-packages/airflow/example_dags/example_setup_teardown_taskflow.py
[2024-01-09T10:40:24.357-0300] {processor.py:839} INFO - DAG(s) dict_keys(['example_setup_teardown_taskflow']) retrieved from /home/felipe/.local/lib/python3.11/site-packages/airflow/example_dags/example_setup_teardown_taskflow.py
[2024-01-09T10:40:24.370-0300] {logging_mixin.py:154} INFO - [2024-01-09T10:40:24.370-0300] {dag.py:2941} INFO - Sync 1 DAGs
[2024-01-09T10:40:24.381-0300] {logging_mixin.py:154} INFO - [2024-01-09T10:40:24.381-0300] {dag.py:3722} INFO - Setting next_dagrun for example_setup_teardown_taskflow to 2024-01-08T13:40:24.380930+00:00, run_after=2024-01-09T13:40:24.380930+00:00
[2024-01-09T10:40:24.389-0300] {processor.py:179} INFO - Processing /home/felipe/.local/lib/python3.11/site-packages/airflow/example_dags/example_setup_teardown_taskflow.py took 0.075 seconds
[2024-01-09T10:43:00.977-0300] {processor.py:157} INFO - Started process (PID=12434) to work on /home/felipe/.local/lib/python3.11/site-packages/airflow/example_dags/example_setup_teardown_taskflow.py
[2024-01-09T10:43:00.977-0300] {processor.py:829} INFO - Processing file /home/felipe/.local/lib/python3.11/site-packages/airflow/example_dags/example_setup_teardown_taskflow.py for tasks to queue
[2024-01-09T10:43:00.978-0300] {logging_mixin.py:154} INFO - [2024-01-09T10:43:00.978-0300] {dagbag.py:536} INFO - Filling up the DagBag from /home/felipe/.local/lib/python3.11/site-packages/airflow/example_dags/example_setup_teardown_taskflow.py
[2024-01-09T10:43:00.983-0300] {processor.py:839} INFO - DAG(s) dict_keys(['example_setup_teardown_taskflow']) retrieved from /home/felipe/.local/lib/python3.11/site-packages/airflow/example_dags/example_setup_teardown_taskflow.py
[2024-01-09T10:43:00.992-0300] {logging_mixin.py:154} INFO - [2024-01-09T10:43:00.992-0300] {dag.py:2941} INFO - Sync 1 DAGs
[2024-01-09T10:43:01.000-0300] {logging_mixin.py:154} INFO - [2024-01-09T10:43:01.000-0300] {dag.py:3722} INFO - Setting next_dagrun for example_setup_teardown_taskflow to 2024-01-08T13:43:01.000197+00:00, run_after=2024-01-09T13:43:01.000197+00:00
[2024-01-09T10:43:01.009-0300] {processor.py:179} INFO - Processing /home/felipe/.local/lib/python3.11/site-packages/airflow/example_dags/example_setup_teardown_taskflow.py took 0.034 seconds
[2024-01-09T10:47:18.776-0300] {processor.py:157} INFO - Started process (PID=13388) to work on /home/felipe/.local/lib/python3.11/site-packages/airflow/example_dags/example_setup_teardown_taskflow.py
[2024-01-09T10:47:18.808-0300] {processor.py:829} INFO - Processing file /home/felipe/.local/lib/python3.11/site-packages/airflow/example_dags/example_setup_teardown_taskflow.py for tasks to queue
[2024-01-09T10:47:18.808-0300] {logging_mixin.py:154} INFO - [2024-01-09T10:47:18.808-0300] {dagbag.py:536} INFO - Filling up the DagBag from /home/felipe/.local/lib/python3.11/site-packages/airflow/example_dags/example_setup_teardown_taskflow.py
[2024-01-09T10:47:18.814-0300] {processor.py:839} INFO - DAG(s) dict_keys(['example_setup_teardown_taskflow']) retrieved from /home/felipe/.local/lib/python3.11/site-packages/airflow/example_dags/example_setup_teardown_taskflow.py
[2024-01-09T10:47:18.823-0300] {logging_mixin.py:154} INFO - [2024-01-09T10:47:18.822-0300] {dag.py:2941} INFO - Sync 1 DAGs
[2024-01-09T10:47:18.831-0300] {logging_mixin.py:154} INFO - [2024-01-09T10:47:18.831-0300] {dag.py:3722} INFO - Setting next_dagrun for example_setup_teardown_taskflow to 2024-01-08T13:47:18.830913+00:00, run_after=2024-01-09T13:47:18.830913+00:00
[2024-01-09T10:47:18.848-0300] {processor.py:179} INFO - Processing /home/felipe/.local/lib/python3.11/site-packages/airflow/example_dags/example_setup_teardown_taskflow.py took 0.074 seconds
[2024-01-09T10:50:16.651-0300] {processor.py:157} INFO - Started process (PID=13840) to work on /home/felipe/.local/lib/python3.11/site-packages/airflow/example_dags/example_setup_teardown_taskflow.py
[2024-01-09T10:50:16.652-0300] {processor.py:829} INFO - Processing file /home/felipe/.local/lib/python3.11/site-packages/airflow/example_dags/example_setup_teardown_taskflow.py for tasks to queue
[2024-01-09T10:50:16.652-0300] {logging_mixin.py:154} INFO - [2024-01-09T10:50:16.652-0300] {dagbag.py:536} INFO - Filling up the DagBag from /home/felipe/.local/lib/python3.11/site-packages/airflow/example_dags/example_setup_teardown_taskflow.py
[2024-01-09T10:50:16.658-0300] {processor.py:839} INFO - DAG(s) dict_keys(['example_setup_teardown_taskflow']) retrieved from /home/felipe/.local/lib/python3.11/site-packages/airflow/example_dags/example_setup_teardown_taskflow.py
[2024-01-09T10:50:16.666-0300] {logging_mixin.py:154} INFO - [2024-01-09T10:50:16.666-0300] {dag.py:2941} INFO - Sync 1 DAGs
[2024-01-09T10:50:16.674-0300] {logging_mixin.py:154} INFO - [2024-01-09T10:50:16.674-0300] {dag.py:3722} INFO - Setting next_dagrun for example_setup_teardown_taskflow to 2024-01-08T13:50:16.674451+00:00, run_after=2024-01-09T13:50:16.674451+00:00
[2024-01-09T10:50:16.683-0300] {processor.py:179} INFO - Processing /home/felipe/.local/lib/python3.11/site-packages/airflow/example_dags/example_setup_teardown_taskflow.py took 0.033 seconds
[2024-01-09T10:52:18.974-0300] {processor.py:157} INFO - Started process (PID=14075) to work on /home/felipe/.local/lib/python3.11/site-packages/airflow/example_dags/example_setup_teardown_taskflow.py
[2024-01-09T10:52:19.045-0300] {processor.py:829} INFO - Processing file /home/felipe/.local/lib/python3.11/site-packages/airflow/example_dags/example_setup_teardown_taskflow.py for tasks to queue
[2024-01-09T10:52:19.046-0300] {logging_mixin.py:154} INFO - [2024-01-09T10:52:19.046-0300] {dagbag.py:536} INFO - Filling up the DagBag from /home/felipe/.local/lib/python3.11/site-packages/airflow/example_dags/example_setup_teardown_taskflow.py
[2024-01-09T10:52:19.051-0300] {processor.py:839} INFO - DAG(s) dict_keys(['example_setup_teardown_taskflow']) retrieved from /home/felipe/.local/lib/python3.11/site-packages/airflow/example_dags/example_setup_teardown_taskflow.py
[2024-01-09T10:52:19.061-0300] {logging_mixin.py:154} INFO - [2024-01-09T10:52:19.061-0300] {dag.py:2941} INFO - Sync 1 DAGs
[2024-01-09T10:52:19.070-0300] {logging_mixin.py:154} INFO - [2024-01-09T10:52:19.070-0300] {dag.py:3722} INFO - Setting next_dagrun for example_setup_teardown_taskflow to 2024-01-08T13:52:19.069956+00:00, run_after=2024-01-09T13:52:19.069956+00:00
[2024-01-09T10:52:19.087-0300] {processor.py:179} INFO - Processing /home/felipe/.local/lib/python3.11/site-packages/airflow/example_dags/example_setup_teardown_taskflow.py took 0.114 seconds
[2024-01-09T10:54:00.359-0300] {processor.py:157} INFO - Started process (PID=14392) to work on /home/felipe/.local/lib/python3.11/site-packages/airflow/example_dags/example_setup_teardown_taskflow.py
[2024-01-09T10:54:00.391-0300] {processor.py:829} INFO - Processing file /home/felipe/.local/lib/python3.11/site-packages/airflow/example_dags/example_setup_teardown_taskflow.py for tasks to queue
[2024-01-09T10:54:00.391-0300] {logging_mixin.py:154} INFO - [2024-01-09T10:54:00.391-0300] {dagbag.py:536} INFO - Filling up the DagBag from /home/felipe/.local/lib/python3.11/site-packages/airflow/example_dags/example_setup_teardown_taskflow.py
[2024-01-09T10:54:00.396-0300] {processor.py:839} INFO - DAG(s) dict_keys(['example_setup_teardown_taskflow']) retrieved from /home/felipe/.local/lib/python3.11/site-packages/airflow/example_dags/example_setup_teardown_taskflow.py
[2024-01-09T10:54:00.405-0300] {logging_mixin.py:154} INFO - [2024-01-09T10:54:00.405-0300] {dag.py:2941} INFO - Sync 1 DAGs
[2024-01-09T10:54:00.413-0300] {logging_mixin.py:154} INFO - [2024-01-09T10:54:00.413-0300] {dag.py:3722} INFO - Setting next_dagrun for example_setup_teardown_taskflow to 2024-01-08T13:54:00.413555+00:00, run_after=2024-01-09T13:54:00.413555+00:00
[2024-01-09T10:54:00.430-0300] {processor.py:179} INFO - Processing /home/felipe/.local/lib/python3.11/site-packages/airflow/example_dags/example_setup_teardown_taskflow.py took 0.073 seconds
[2024-01-09T10:57:05.789-0300] {processor.py:157} INFO - Started process (PID=15060) to work on /home/felipe/.local/lib/python3.11/site-packages/airflow/example_dags/example_setup_teardown_taskflow.py
[2024-01-09T10:57:05.821-0300] {processor.py:829} INFO - Processing file /home/felipe/.local/lib/python3.11/site-packages/airflow/example_dags/example_setup_teardown_taskflow.py for tasks to queue
[2024-01-09T10:57:05.822-0300] {logging_mixin.py:154} INFO - [2024-01-09T10:57:05.821-0300] {dagbag.py:536} INFO - Filling up the DagBag from /home/felipe/.local/lib/python3.11/site-packages/airflow/example_dags/example_setup_teardown_taskflow.py
[2024-01-09T10:57:05.827-0300] {processor.py:839} INFO - DAG(s) dict_keys(['example_setup_teardown_taskflow']) retrieved from /home/felipe/.local/lib/python3.11/site-packages/airflow/example_dags/example_setup_teardown_taskflow.py
[2024-01-09T10:57:05.836-0300] {logging_mixin.py:154} INFO - [2024-01-09T10:57:05.836-0300] {dag.py:2941} INFO - Sync 1 DAGs
[2024-01-09T10:57:05.844-0300] {logging_mixin.py:154} INFO - [2024-01-09T10:57:05.844-0300] {dag.py:3722} INFO - Setting next_dagrun for example_setup_teardown_taskflow to 2024-01-08T13:57:05.844422+00:00, run_after=2024-01-09T13:57:05.844422+00:00
[2024-01-09T10:57:05.861-0300] {processor.py:179} INFO - Processing /home/felipe/.local/lib/python3.11/site-packages/airflow/example_dags/example_setup_teardown_taskflow.py took 0.073 seconds
[2024-01-09T11:01:19.213-0300] {processor.py:157} INFO - Started process (PID=15690) to work on /home/felipe/.local/lib/python3.11/site-packages/airflow/example_dags/example_setup_teardown_taskflow.py
[2024-01-09T11:01:19.245-0300] {processor.py:829} INFO - Processing file /home/felipe/.local/lib/python3.11/site-packages/airflow/example_dags/example_setup_teardown_taskflow.py for tasks to queue
[2024-01-09T11:01:19.246-0300] {logging_mixin.py:154} INFO - [2024-01-09T11:01:19.245-0300] {dagbag.py:536} INFO - Filling up the DagBag from /home/felipe/.local/lib/python3.11/site-packages/airflow/example_dags/example_setup_teardown_taskflow.py
[2024-01-09T11:01:19.251-0300] {processor.py:839} INFO - DAG(s) dict_keys(['example_setup_teardown_taskflow']) retrieved from /home/felipe/.local/lib/python3.11/site-packages/airflow/example_dags/example_setup_teardown_taskflow.py
[2024-01-09T11:01:19.260-0300] {logging_mixin.py:154} INFO - [2024-01-09T11:01:19.260-0300] {dag.py:2941} INFO - Sync 1 DAGs
[2024-01-09T11:01:19.268-0300] {logging_mixin.py:154} INFO - [2024-01-09T11:01:19.268-0300] {dag.py:3722} INFO - Setting next_dagrun for example_setup_teardown_taskflow to 2024-01-08T14:01:19.268453+00:00, run_after=2024-01-09T14:01:19.268453+00:00
[2024-01-09T11:01:19.285-0300] {processor.py:179} INFO - Processing /home/felipe/.local/lib/python3.11/site-packages/airflow/example_dags/example_setup_teardown_taskflow.py took 0.074 seconds
[2024-01-09T20:53:10.388-0300] {processor.py:157} INFO - Started process (PID=36361) to work on /home/felipe/.local/lib/python3.11/site-packages/airflow/example_dags/example_setup_teardown_taskflow.py
[2024-01-09T20:53:10.389-0300] {processor.py:829} INFO - Processing file /home/felipe/.local/lib/python3.11/site-packages/airflow/example_dags/example_setup_teardown_taskflow.py for tasks to queue
[2024-01-09T20:53:10.390-0300] {logging_mixin.py:154} INFO - [2024-01-09T20:53:10.389-0300] {dagbag.py:536} INFO - Filling up the DagBag from /home/felipe/.local/lib/python3.11/site-packages/airflow/example_dags/example_setup_teardown_taskflow.py
[2024-01-09T20:53:10.396-0300] {processor.py:839} INFO - DAG(s) dict_keys(['example_setup_teardown_taskflow']) retrieved from /home/felipe/.local/lib/python3.11/site-packages/airflow/example_dags/example_setup_teardown_taskflow.py
[2024-01-09T20:53:10.406-0300] {logging_mixin.py:154} INFO - [2024-01-09T20:53:10.406-0300] {dag.py:2941} INFO - Sync 1 DAGs
[2024-01-09T20:53:10.415-0300] {logging_mixin.py:154} INFO - [2024-01-09T20:53:10.415-0300] {dag.py:3722} INFO - Setting next_dagrun for example_setup_teardown_taskflow to 2024-01-08T23:53:10.415643+00:00, run_after=2024-01-09T23:53:10.415643+00:00
[2024-01-09T20:53:10.429-0300] {processor.py:179} INFO - Processing /home/felipe/.local/lib/python3.11/site-packages/airflow/example_dags/example_setup_teardown_taskflow.py took 0.042 seconds
[2024-01-09T20:53:58.318-0300] {processor.py:157} INFO - Started process (PID=36585) to work on /home/felipe/.local/lib/python3.11/site-packages/airflow/example_dags/example_setup_teardown_taskflow.py
[2024-01-09T20:53:58.377-0300] {processor.py:829} INFO - Processing file /home/felipe/.local/lib/python3.11/site-packages/airflow/example_dags/example_setup_teardown_taskflow.py for tasks to queue
[2024-01-09T20:53:58.378-0300] {logging_mixin.py:154} INFO - [2024-01-09T20:53:58.378-0300] {dagbag.py:536} INFO - Filling up the DagBag from /home/felipe/.local/lib/python3.11/site-packages/airflow/example_dags/example_setup_teardown_taskflow.py
[2024-01-09T20:53:58.385-0300] {processor.py:839} INFO - DAG(s) dict_keys(['example_setup_teardown_taskflow']) retrieved from /home/felipe/.local/lib/python3.11/site-packages/airflow/example_dags/example_setup_teardown_taskflow.py
[2024-01-09T20:53:58.397-0300] {logging_mixin.py:154} INFO - [2024-01-09T20:53:58.397-0300] {dag.py:2941} INFO - Sync 1 DAGs
[2024-01-09T20:53:58.406-0300] {logging_mixin.py:154} INFO - [2024-01-09T20:53:58.406-0300] {dag.py:3722} INFO - Setting next_dagrun for example_setup_teardown_taskflow to 2024-01-08T23:53:58.406417+00:00, run_after=2024-01-09T23:53:58.406417+00:00
[2024-01-09T20:53:58.423-0300] {processor.py:179} INFO - Processing /home/felipe/.local/lib/python3.11/site-packages/airflow/example_dags/example_setup_teardown_taskflow.py took 0.107 seconds
[2024-01-09T20:54:49.288-0300] {processor.py:157} INFO - Started process (PID=36702) to work on /home/felipe/.local/lib/python3.11/site-packages/airflow/example_dags/example_setup_teardown_taskflow.py
[2024-01-09T20:54:49.320-0300] {processor.py:829} INFO - Processing file /home/felipe/.local/lib/python3.11/site-packages/airflow/example_dags/example_setup_teardown_taskflow.py for tasks to queue
[2024-01-09T20:54:49.320-0300] {logging_mixin.py:154} INFO - [2024-01-09T20:54:49.320-0300] {dagbag.py:536} INFO - Filling up the DagBag from /home/felipe/.local/lib/python3.11/site-packages/airflow/example_dags/example_setup_teardown_taskflow.py
[2024-01-09T20:54:49.326-0300] {processor.py:839} INFO - DAG(s) dict_keys(['example_setup_teardown_taskflow']) retrieved from /home/felipe/.local/lib/python3.11/site-packages/airflow/example_dags/example_setup_teardown_taskflow.py
[2024-01-09T20:54:49.335-0300] {logging_mixin.py:154} INFO - [2024-01-09T20:54:49.335-0300] {dag.py:2941} INFO - Sync 1 DAGs
[2024-01-09T20:54:49.345-0300] {logging_mixin.py:154} INFO - [2024-01-09T20:54:49.345-0300] {dag.py:3722} INFO - Setting next_dagrun for example_setup_teardown_taskflow to 2024-01-08T23:54:49.344942+00:00, run_after=2024-01-09T23:54:49.344942+00:00
[2024-01-09T20:54:49.361-0300] {processor.py:179} INFO - Processing /home/felipe/.local/lib/python3.11/site-packages/airflow/example_dags/example_setup_teardown_taskflow.py took 0.075 seconds
[2024-01-09T20:55:43.936-0300] {processor.py:157} INFO - Started process (PID=36842) to work on /home/felipe/.local/lib/python3.11/site-packages/airflow/example_dags/example_setup_teardown_taskflow.py
[2024-01-09T20:55:43.969-0300] {processor.py:829} INFO - Processing file /home/felipe/.local/lib/python3.11/site-packages/airflow/example_dags/example_setup_teardown_taskflow.py for tasks to queue
[2024-01-09T20:55:43.969-0300] {logging_mixin.py:154} INFO - [2024-01-09T20:55:43.969-0300] {dagbag.py:536} INFO - Filling up the DagBag from /home/felipe/.local/lib/python3.11/site-packages/airflow/example_dags/example_setup_teardown_taskflow.py
[2024-01-09T20:55:43.975-0300] {processor.py:839} INFO - DAG(s) dict_keys(['example_setup_teardown_taskflow']) retrieved from /home/felipe/.local/lib/python3.11/site-packages/airflow/example_dags/example_setup_teardown_taskflow.py
[2024-01-09T20:55:43.986-0300] {logging_mixin.py:154} INFO - [2024-01-09T20:55:43.986-0300] {dag.py:2941} INFO - Sync 1 DAGs
[2024-01-09T20:55:43.998-0300] {logging_mixin.py:154} INFO - [2024-01-09T20:55:43.997-0300] {dag.py:3722} INFO - Setting next_dagrun for example_setup_teardown_taskflow to 2024-01-08T23:55:43.997790+00:00, run_after=2024-01-09T23:55:43.997790+00:00
[2024-01-09T20:55:44.009-0300] {processor.py:179} INFO - Processing /home/felipe/.local/lib/python3.11/site-packages/airflow/example_dags/example_setup_teardown_taskflow.py took 0.076 seconds
[2024-01-09T20:56:37.482-0300] {processor.py:157} INFO - Started process (PID=36964) to work on /home/felipe/.local/lib/python3.11/site-packages/airflow/example_dags/example_setup_teardown_taskflow.py
[2024-01-09T20:56:37.553-0300] {processor.py:829} INFO - Processing file /home/felipe/.local/lib/python3.11/site-packages/airflow/example_dags/example_setup_teardown_taskflow.py for tasks to queue
[2024-01-09T20:56:37.554-0300] {logging_mixin.py:154} INFO - [2024-01-09T20:56:37.554-0300] {dagbag.py:536} INFO - Filling up the DagBag from /home/felipe/.local/lib/python3.11/site-packages/airflow/example_dags/example_setup_teardown_taskflow.py
[2024-01-09T20:56:37.560-0300] {processor.py:839} INFO - DAG(s) dict_keys(['example_setup_teardown_taskflow']) retrieved from /home/felipe/.local/lib/python3.11/site-packages/airflow/example_dags/example_setup_teardown_taskflow.py
[2024-01-09T20:56:37.571-0300] {logging_mixin.py:154} INFO - [2024-01-09T20:56:37.571-0300] {dag.py:2941} INFO - Sync 1 DAGs
[2024-01-09T20:56:37.582-0300] {logging_mixin.py:154} INFO - [2024-01-09T20:56:37.582-0300] {dag.py:3722} INFO - Setting next_dagrun for example_setup_teardown_taskflow to 2024-01-08T23:56:37.582580+00:00, run_after=2024-01-09T23:56:37.582580+00:00
[2024-01-09T20:56:37.600-0300] {processor.py:179} INFO - Processing /home/felipe/.local/lib/python3.11/site-packages/airflow/example_dags/example_setup_teardown_taskflow.py took 0.120 seconds
[2024-01-09T20:57:28.450-0300] {processor.py:157} INFO - Started process (PID=37075) to work on /home/felipe/.local/lib/python3.11/site-packages/airflow/example_dags/example_setup_teardown_taskflow.py
[2024-01-09T20:57:28.450-0300] {processor.py:829} INFO - Processing file /home/felipe/.local/lib/python3.11/site-packages/airflow/example_dags/example_setup_teardown_taskflow.py for tasks to queue
[2024-01-09T20:57:28.451-0300] {logging_mixin.py:154} INFO - [2024-01-09T20:57:28.451-0300] {dagbag.py:536} INFO - Filling up the DagBag from /home/felipe/.local/lib/python3.11/site-packages/airflow/example_dags/example_setup_teardown_taskflow.py
[2024-01-09T20:57:28.458-0300] {processor.py:839} INFO - DAG(s) dict_keys(['example_setup_teardown_taskflow']) retrieved from /home/felipe/.local/lib/python3.11/site-packages/airflow/example_dags/example_setup_teardown_taskflow.py
[2024-01-09T20:57:28.469-0300] {logging_mixin.py:154} INFO - [2024-01-09T20:57:28.469-0300] {dag.py:2941} INFO - Sync 1 DAGs
[2024-01-09T20:57:28.479-0300] {logging_mixin.py:154} INFO - [2024-01-09T20:57:28.479-0300] {dag.py:3722} INFO - Setting next_dagrun for example_setup_teardown_taskflow to 2024-01-08T23:57:28.479699+00:00, run_after=2024-01-09T23:57:28.479699+00:00
[2024-01-09T20:57:28.492-0300] {processor.py:179} INFO - Processing /home/felipe/.local/lib/python3.11/site-packages/airflow/example_dags/example_setup_teardown_taskflow.py took 0.045 seconds
[2024-01-09T20:58:18.464-0300] {processor.py:157} INFO - Started process (PID=37209) to work on /home/felipe/.local/lib/python3.11/site-packages/airflow/example_dags/example_setup_teardown_taskflow.py
[2024-01-09T20:58:18.496-0300] {processor.py:829} INFO - Processing file /home/felipe/.local/lib/python3.11/site-packages/airflow/example_dags/example_setup_teardown_taskflow.py for tasks to queue
[2024-01-09T20:58:18.496-0300] {logging_mixin.py:154} INFO - [2024-01-09T20:58:18.496-0300] {dagbag.py:536} INFO - Filling up the DagBag from /home/felipe/.local/lib/python3.11/site-packages/airflow/example_dags/example_setup_teardown_taskflow.py
[2024-01-09T20:58:18.503-0300] {processor.py:839} INFO - DAG(s) dict_keys(['example_setup_teardown_taskflow']) retrieved from /home/felipe/.local/lib/python3.11/site-packages/airflow/example_dags/example_setup_teardown_taskflow.py
[2024-01-09T20:58:18.513-0300] {logging_mixin.py:154} INFO - [2024-01-09T20:58:18.513-0300] {dag.py:2941} INFO - Sync 1 DAGs
[2024-01-09T20:58:18.523-0300] {logging_mixin.py:154} INFO - [2024-01-09T20:58:18.523-0300] {dag.py:3722} INFO - Setting next_dagrun for example_setup_teardown_taskflow to 2024-01-08T23:58:18.523118+00:00, run_after=2024-01-09T23:58:18.523118+00:00
[2024-01-09T20:58:18.541-0300] {processor.py:179} INFO - Processing /home/felipe/.local/lib/python3.11/site-packages/airflow/example_dags/example_setup_teardown_taskflow.py took 0.080 seconds
[2024-01-09T20:59:10.678-0300] {processor.py:157} INFO - Started process (PID=37338) to work on /home/felipe/.local/lib/python3.11/site-packages/airflow/example_dags/example_setup_teardown_taskflow.py
[2024-01-09T20:59:10.710-0300] {processor.py:829} INFO - Processing file /home/felipe/.local/lib/python3.11/site-packages/airflow/example_dags/example_setup_teardown_taskflow.py for tasks to queue
[2024-01-09T20:59:10.711-0300] {logging_mixin.py:154} INFO - [2024-01-09T20:59:10.711-0300] {dagbag.py:536} INFO - Filling up the DagBag from /home/felipe/.local/lib/python3.11/site-packages/airflow/example_dags/example_setup_teardown_taskflow.py
[2024-01-09T20:59:10.718-0300] {processor.py:839} INFO - DAG(s) dict_keys(['example_setup_teardown_taskflow']) retrieved from /home/felipe/.local/lib/python3.11/site-packages/airflow/example_dags/example_setup_teardown_taskflow.py
[2024-01-09T20:59:10.727-0300] {logging_mixin.py:154} INFO - [2024-01-09T20:59:10.727-0300] {dag.py:2941} INFO - Sync 1 DAGs
[2024-01-09T20:59:10.737-0300] {logging_mixin.py:154} INFO - [2024-01-09T20:59:10.737-0300] {dag.py:3722} INFO - Setting next_dagrun for example_setup_teardown_taskflow to 2024-01-08T23:59:10.737318+00:00, run_after=2024-01-09T23:59:10.737318+00:00
[2024-01-09T20:59:10.754-0300] {processor.py:179} INFO - Processing /home/felipe/.local/lib/python3.11/site-packages/airflow/example_dags/example_setup_teardown_taskflow.py took 0.078 seconds
