[2024-01-09T10:10:45.541-0300] {processor.py:157} INFO - Started process (PID=8592) to work on /home/felipe/.local/lib/python3.11/site-packages/airflow/example_dags/example_branch_labels.py
[2024-01-09T10:10:45.541-0300] {processor.py:829} INFO - Processing file /home/felipe/.local/lib/python3.11/site-packages/airflow/example_dags/example_branch_labels.py for tasks to queue
[2024-01-09T10:10:45.541-0300] {logging_mixin.py:154} INFO - [2024-01-09T10:10:45.541-0300] {dagbag.py:536} INFO - Filling up the DagBag from /home/felipe/.local/lib/python3.11/site-packages/airflow/example_dags/example_branch_labels.py
[2024-01-09T10:10:45.546-0300] {processor.py:839} INFO - DAG(s) dict_keys(['example_branch_labels']) retrieved from /home/felipe/.local/lib/python3.11/site-packages/airflow/example_dags/example_branch_labels.py
[2024-01-09T10:10:45.555-0300] {logging_mixin.py:154} INFO - [2024-01-09T10:10:45.555-0300] {dag.py:2941} INFO - Sync 1 DAGs
[2024-01-09T10:10:45.565-0300] {logging_mixin.py:154} INFO - [2024-01-09T10:10:45.565-0300] {dag.py:3722} INFO - Setting next_dagrun for example_branch_labels to 2024-01-08T00:00:00+00:00, run_after=2024-01-09T00:00:00+00:00
[2024-01-09T10:10:45.607-0300] {processor.py:179} INFO - Processing /home/felipe/.local/lib/python3.11/site-packages/airflow/example_dags/example_branch_labels.py took 0.068 seconds
[2024-01-09T10:11:39.036-0300] {processor.py:157} INFO - Started process (PID=8695) to work on /home/felipe/.local/lib/python3.11/site-packages/airflow/example_dags/example_branch_labels.py
[2024-01-09T10:11:39.075-0300] {processor.py:829} INFO - Processing file /home/felipe/.local/lib/python3.11/site-packages/airflow/example_dags/example_branch_labels.py for tasks to queue
[2024-01-09T10:11:39.075-0300] {logging_mixin.py:154} INFO - [2024-01-09T10:11:39.075-0300] {dagbag.py:536} INFO - Filling up the DagBag from /home/felipe/.local/lib/python3.11/site-packages/airflow/example_dags/example_branch_labels.py
[2024-01-09T10:11:39.080-0300] {processor.py:839} INFO - DAG(s) dict_keys(['example_branch_labels']) retrieved from /home/felipe/.local/lib/python3.11/site-packages/airflow/example_dags/example_branch_labels.py
[2024-01-09T10:11:39.089-0300] {logging_mixin.py:154} INFO - [2024-01-09T10:11:39.089-0300] {dag.py:2941} INFO - Sync 1 DAGs
[2024-01-09T10:11:39.099-0300] {logging_mixin.py:154} INFO - [2024-01-09T10:11:39.099-0300] {dag.py:3722} INFO - Setting next_dagrun for example_branch_labels to 2024-01-08T00:00:00+00:00, run_after=2024-01-09T00:00:00+00:00
[2024-01-09T10:11:39.115-0300] {processor.py:179} INFO - Processing /home/felipe/.local/lib/python3.11/site-packages/airflow/example_dags/example_branch_labels.py took 0.082 seconds
[2024-01-09T10:12:49.723-0300] {processor.py:157} INFO - Started process (PID=8856) to work on /home/felipe/.local/lib/python3.11/site-packages/airflow/example_dags/example_branch_labels.py
[2024-01-09T10:12:49.755-0300] {processor.py:829} INFO - Processing file /home/felipe/.local/lib/python3.11/site-packages/airflow/example_dags/example_branch_labels.py for tasks to queue
[2024-01-09T10:12:49.755-0300] {logging_mixin.py:154} INFO - [2024-01-09T10:12:49.755-0300] {dagbag.py:536} INFO - Filling up the DagBag from /home/felipe/.local/lib/python3.11/site-packages/airflow/example_dags/example_branch_labels.py
[2024-01-09T10:12:49.760-0300] {processor.py:839} INFO - DAG(s) dict_keys(['example_branch_labels']) retrieved from /home/felipe/.local/lib/python3.11/site-packages/airflow/example_dags/example_branch_labels.py
[2024-01-09T10:12:49.770-0300] {logging_mixin.py:154} INFO - [2024-01-09T10:12:49.770-0300] {dag.py:2941} INFO - Sync 1 DAGs
[2024-01-09T10:12:49.780-0300] {logging_mixin.py:154} INFO - [2024-01-09T10:12:49.780-0300] {dag.py:3722} INFO - Setting next_dagrun for example_branch_labels to 2024-01-08T00:00:00+00:00, run_after=2024-01-09T00:00:00+00:00
[2024-01-09T10:12:49.796-0300] {processor.py:179} INFO - Processing /home/felipe/.local/lib/python3.11/site-packages/airflow/example_dags/example_branch_labels.py took 0.076 seconds
[2024-01-09T10:14:00.987-0300] {processor.py:157} INFO - Started process (PID=8959) to work on /home/felipe/.local/lib/python3.11/site-packages/airflow/example_dags/example_branch_labels.py
[2024-01-09T10:14:01.019-0300] {processor.py:829} INFO - Processing file /home/felipe/.local/lib/python3.11/site-packages/airflow/example_dags/example_branch_labels.py for tasks to queue
[2024-01-09T10:14:01.020-0300] {logging_mixin.py:154} INFO - [2024-01-09T10:14:01.019-0300] {dagbag.py:536} INFO - Filling up the DagBag from /home/felipe/.local/lib/python3.11/site-packages/airflow/example_dags/example_branch_labels.py
[2024-01-09T10:14:01.024-0300] {processor.py:839} INFO - DAG(s) dict_keys(['example_branch_labels']) retrieved from /home/felipe/.local/lib/python3.11/site-packages/airflow/example_dags/example_branch_labels.py
[2024-01-09T10:14:01.034-0300] {logging_mixin.py:154} INFO - [2024-01-09T10:14:01.034-0300] {dag.py:2941} INFO - Sync 1 DAGs
[2024-01-09T10:14:01.044-0300] {logging_mixin.py:154} INFO - [2024-01-09T10:14:01.044-0300] {dag.py:3722} INFO - Setting next_dagrun for example_branch_labels to 2024-01-08T00:00:00+00:00, run_after=2024-01-09T00:00:00+00:00
[2024-01-09T10:14:01.061-0300] {processor.py:179} INFO - Processing /home/felipe/.local/lib/python3.11/site-packages/airflow/example_dags/example_branch_labels.py took 0.076 seconds
[2024-01-09T10:16:37.304-0300] {processor.py:157} INFO - Started process (PID=9251) to work on /home/felipe/.local/lib/python3.11/site-packages/airflow/example_dags/example_branch_labels.py
[2024-01-09T10:16:37.306-0300] {processor.py:829} INFO - Processing file /home/felipe/.local/lib/python3.11/site-packages/airflow/example_dags/example_branch_labels.py for tasks to queue
[2024-01-09T10:16:37.307-0300] {logging_mixin.py:154} INFO - [2024-01-09T10:16:37.307-0300] {dagbag.py:536} INFO - Filling up the DagBag from /home/felipe/.local/lib/python3.11/site-packages/airflow/example_dags/example_branch_labels.py
[2024-01-09T10:16:37.312-0300] {processor.py:839} INFO - DAG(s) dict_keys(['example_branch_labels']) retrieved from /home/felipe/.local/lib/python3.11/site-packages/airflow/example_dags/example_branch_labels.py
[2024-01-09T10:16:37.322-0300] {logging_mixin.py:154} INFO - [2024-01-09T10:16:37.322-0300] {dag.py:2941} INFO - Sync 1 DAGs
[2024-01-09T10:16:37.333-0300] {logging_mixin.py:154} INFO - [2024-01-09T10:16:37.332-0300] {dag.py:3722} INFO - Setting next_dagrun for example_branch_labels to 2024-01-08T00:00:00+00:00, run_after=2024-01-09T00:00:00+00:00
[2024-01-09T10:16:37.344-0300] {processor.py:179} INFO - Processing /home/felipe/.local/lib/python3.11/site-packages/airflow/example_dags/example_branch_labels.py took 0.042 seconds
[2024-01-09T10:37:59.429-0300] {processor.py:157} INFO - Started process (PID=11735) to work on /home/felipe/.local/lib/python3.11/site-packages/airflow/example_dags/example_branch_labels.py
[2024-01-09T10:37:59.462-0300] {processor.py:829} INFO - Processing file /home/felipe/.local/lib/python3.11/site-packages/airflow/example_dags/example_branch_labels.py for tasks to queue
[2024-01-09T10:37:59.462-0300] {logging_mixin.py:154} INFO - [2024-01-09T10:37:59.462-0300] {dagbag.py:536} INFO - Filling up the DagBag from /home/felipe/.local/lib/python3.11/site-packages/airflow/example_dags/example_branch_labels.py
[2024-01-09T10:37:59.467-0300] {processor.py:839} INFO - DAG(s) dict_keys(['example_branch_labels']) retrieved from /home/felipe/.local/lib/python3.11/site-packages/airflow/example_dags/example_branch_labels.py
[2024-01-09T10:37:59.476-0300] {logging_mixin.py:154} INFO - [2024-01-09T10:37:59.476-0300] {dag.py:2941} INFO - Sync 1 DAGs
[2024-01-09T10:37:59.484-0300] {logging_mixin.py:154} INFO - [2024-01-09T10:37:59.484-0300] {dag.py:3722} INFO - Setting next_dagrun for example_branch_labels to 2024-01-08T00:00:00+00:00, run_after=2024-01-09T00:00:00+00:00
[2024-01-09T10:37:59.495-0300] {processor.py:179} INFO - Processing /home/felipe/.local/lib/python3.11/site-packages/airflow/example_dags/example_branch_labels.py took 0.068 seconds
[2024-01-09T10:38:50.804-0300] {processor.py:157} INFO - Started process (PID=11830) to work on /home/felipe/.local/lib/python3.11/site-packages/airflow/example_dags/example_branch_labels.py
[2024-01-09T10:38:50.836-0300] {processor.py:829} INFO - Processing file /home/felipe/.local/lib/python3.11/site-packages/airflow/example_dags/example_branch_labels.py for tasks to queue
[2024-01-09T10:38:50.837-0300] {logging_mixin.py:154} INFO - [2024-01-09T10:38:50.837-0300] {dagbag.py:536} INFO - Filling up the DagBag from /home/felipe/.local/lib/python3.11/site-packages/airflow/example_dags/example_branch_labels.py
[2024-01-09T10:38:50.841-0300] {processor.py:839} INFO - DAG(s) dict_keys(['example_branch_labels']) retrieved from /home/felipe/.local/lib/python3.11/site-packages/airflow/example_dags/example_branch_labels.py
[2024-01-09T10:38:50.850-0300] {logging_mixin.py:154} INFO - [2024-01-09T10:38:50.850-0300] {dag.py:2941} INFO - Sync 1 DAGs
[2024-01-09T10:38:50.859-0300] {logging_mixin.py:154} INFO - [2024-01-09T10:38:50.859-0300] {dag.py:3722} INFO - Setting next_dagrun for example_branch_labels to 2024-01-08T00:00:00+00:00, run_after=2024-01-09T00:00:00+00:00
[2024-01-09T10:38:50.874-0300] {processor.py:179} INFO - Processing /home/felipe/.local/lib/python3.11/site-packages/airflow/example_dags/example_branch_labels.py took 0.072 seconds
[2024-01-09T10:39:49.417-0300] {processor.py:157} INFO - Started process (PID=11946) to work on /home/felipe/.local/lib/python3.11/site-packages/airflow/example_dags/example_branch_labels.py
[2024-01-09T10:39:49.449-0300] {processor.py:829} INFO - Processing file /home/felipe/.local/lib/python3.11/site-packages/airflow/example_dags/example_branch_labels.py for tasks to queue
[2024-01-09T10:39:49.450-0300] {logging_mixin.py:154} INFO - [2024-01-09T10:39:49.449-0300] {dagbag.py:536} INFO - Filling up the DagBag from /home/felipe/.local/lib/python3.11/site-packages/airflow/example_dags/example_branch_labels.py
[2024-01-09T10:39:49.454-0300] {processor.py:839} INFO - DAG(s) dict_keys(['example_branch_labels']) retrieved from /home/felipe/.local/lib/python3.11/site-packages/airflow/example_dags/example_branch_labels.py
[2024-01-09T10:39:49.463-0300] {logging_mixin.py:154} INFO - [2024-01-09T10:39:49.463-0300] {dag.py:2941} INFO - Sync 1 DAGs
[2024-01-09T10:39:49.472-0300] {logging_mixin.py:154} INFO - [2024-01-09T10:39:49.472-0300] {dag.py:3722} INFO - Setting next_dagrun for example_branch_labels to 2024-01-08T00:00:00+00:00, run_after=2024-01-09T00:00:00+00:00
[2024-01-09T10:39:49.488-0300] {processor.py:179} INFO - Processing /home/felipe/.local/lib/python3.11/site-packages/airflow/example_dags/example_branch_labels.py took 0.072 seconds
[2024-01-09T10:40:44.263-0300] {processor.py:157} INFO - Started process (PID=12105) to work on /home/felipe/.local/lib/python3.11/site-packages/airflow/example_dags/example_branch_labels.py
[2024-01-09T10:40:44.295-0300] {processor.py:829} INFO - Processing file /home/felipe/.local/lib/python3.11/site-packages/airflow/example_dags/example_branch_labels.py for tasks to queue
[2024-01-09T10:40:44.295-0300] {logging_mixin.py:154} INFO - [2024-01-09T10:40:44.295-0300] {dagbag.py:536} INFO - Filling up the DagBag from /home/felipe/.local/lib/python3.11/site-packages/airflow/example_dags/example_branch_labels.py
[2024-01-09T10:40:44.300-0300] {processor.py:839} INFO - DAG(s) dict_keys(['example_branch_labels']) retrieved from /home/felipe/.local/lib/python3.11/site-packages/airflow/example_dags/example_branch_labels.py
[2024-01-09T10:40:44.310-0300] {logging_mixin.py:154} INFO - [2024-01-09T10:40:44.310-0300] {dag.py:2941} INFO - Sync 1 DAGs
[2024-01-09T10:40:44.319-0300] {logging_mixin.py:154} INFO - [2024-01-09T10:40:44.319-0300] {dag.py:3722} INFO - Setting next_dagrun for example_branch_labels to 2024-01-08T00:00:00+00:00, run_after=2024-01-09T00:00:00+00:00
[2024-01-09T10:40:44.335-0300] {processor.py:179} INFO - Processing /home/felipe/.local/lib/python3.11/site-packages/airflow/example_dags/example_branch_labels.py took 0.075 seconds
[2024-01-09T10:45:06.349-0300] {processor.py:157} INFO - Started process (PID=12692) to work on /home/felipe/.local/lib/python3.11/site-packages/airflow/example_dags/example_branch_labels.py
[2024-01-09T10:45:06.381-0300] {processor.py:829} INFO - Processing file /home/felipe/.local/lib/python3.11/site-packages/airflow/example_dags/example_branch_labels.py for tasks to queue
[2024-01-09T10:45:06.382-0300] {logging_mixin.py:154} INFO - [2024-01-09T10:45:06.382-0300] {dagbag.py:536} INFO - Filling up the DagBag from /home/felipe/.local/lib/python3.11/site-packages/airflow/example_dags/example_branch_labels.py
[2024-01-09T10:45:06.386-0300] {processor.py:839} INFO - DAG(s) dict_keys(['example_branch_labels']) retrieved from /home/felipe/.local/lib/python3.11/site-packages/airflow/example_dags/example_branch_labels.py
[2024-01-09T10:45:06.395-0300] {logging_mixin.py:154} INFO - [2024-01-09T10:45:06.395-0300] {dag.py:2941} INFO - Sync 1 DAGs
[2024-01-09T10:45:06.404-0300] {logging_mixin.py:154} INFO - [2024-01-09T10:45:06.404-0300] {dag.py:3722} INFO - Setting next_dagrun for example_branch_labels to 2024-01-08T00:00:00+00:00, run_after=2024-01-09T00:00:00+00:00
[2024-01-09T10:45:06.420-0300] {processor.py:179} INFO - Processing /home/felipe/.local/lib/python3.11/site-packages/airflow/example_dags/example_branch_labels.py took 0.072 seconds
[2024-01-09T10:50:37.509-0300] {processor.py:157} INFO - Started process (PID=13872) to work on /home/felipe/.local/lib/python3.11/site-packages/airflow/example_dags/example_branch_labels.py
[2024-01-09T10:50:37.509-0300] {processor.py:829} INFO - Processing file /home/felipe/.local/lib/python3.11/site-packages/airflow/example_dags/example_branch_labels.py for tasks to queue
[2024-01-09T10:50:37.510-0300] {logging_mixin.py:154} INFO - [2024-01-09T10:50:37.509-0300] {dagbag.py:536} INFO - Filling up the DagBag from /home/felipe/.local/lib/python3.11/site-packages/airflow/example_dags/example_branch_labels.py
[2024-01-09T10:50:37.514-0300] {processor.py:839} INFO - DAG(s) dict_keys(['example_branch_labels']) retrieved from /home/felipe/.local/lib/python3.11/site-packages/airflow/example_dags/example_branch_labels.py
[2024-01-09T10:50:37.524-0300] {logging_mixin.py:154} INFO - [2024-01-09T10:50:37.524-0300] {dag.py:2941} INFO - Sync 1 DAGs
[2024-01-09T10:50:37.535-0300] {logging_mixin.py:154} INFO - [2024-01-09T10:50:37.535-0300] {dag.py:3722} INFO - Setting next_dagrun for example_branch_labels to 2024-01-08T00:00:00+00:00, run_after=2024-01-09T00:00:00+00:00
[2024-01-09T10:50:37.545-0300] {processor.py:179} INFO - Processing /home/felipe/.local/lib/python3.11/site-packages/airflow/example_dags/example_branch_labels.py took 0.038 seconds
[2024-01-09T10:54:01.673-0300] {processor.py:157} INFO - Started process (PID=14403) to work on /home/felipe/.local/lib/python3.11/site-packages/airflow/example_dags/example_branch_labels.py
[2024-01-09T10:54:01.741-0300] {processor.py:829} INFO - Processing file /home/felipe/.local/lib/python3.11/site-packages/airflow/example_dags/example_branch_labels.py for tasks to queue
[2024-01-09T10:54:01.742-0300] {logging_mixin.py:154} INFO - [2024-01-09T10:54:01.741-0300] {dagbag.py:536} INFO - Filling up the DagBag from /home/felipe/.local/lib/python3.11/site-packages/airflow/example_dags/example_branch_labels.py
[2024-01-09T10:54:01.746-0300] {processor.py:839} INFO - DAG(s) dict_keys(['example_branch_labels']) retrieved from /home/felipe/.local/lib/python3.11/site-packages/airflow/example_dags/example_branch_labels.py
[2024-01-09T10:54:01.755-0300] {logging_mixin.py:154} INFO - [2024-01-09T10:54:01.755-0300] {dag.py:2941} INFO - Sync 1 DAGs
[2024-01-09T10:54:01.764-0300] {logging_mixin.py:154} INFO - [2024-01-09T10:54:01.763-0300] {dag.py:3722} INFO - Setting next_dagrun for example_branch_labels to 2024-01-08T00:00:00+00:00, run_after=2024-01-09T00:00:00+00:00
[2024-01-09T10:54:01.779-0300] {processor.py:179} INFO - Processing /home/felipe/.local/lib/python3.11/site-packages/airflow/example_dags/example_branch_labels.py took 0.108 seconds
[2024-01-09T10:57:11.788-0300] {processor.py:157} INFO - Started process (PID=15066) to work on /home/felipe/.local/lib/python3.11/site-packages/airflow/example_dags/example_branch_labels.py
[2024-01-09T10:57:11.789-0300] {processor.py:829} INFO - Processing file /home/felipe/.local/lib/python3.11/site-packages/airflow/example_dags/example_branch_labels.py for tasks to queue
[2024-01-09T10:57:11.789-0300] {logging_mixin.py:154} INFO - [2024-01-09T10:57:11.789-0300] {dagbag.py:536} INFO - Filling up the DagBag from /home/felipe/.local/lib/python3.11/site-packages/airflow/example_dags/example_branch_labels.py
[2024-01-09T10:57:11.794-0300] {processor.py:839} INFO - DAG(s) dict_keys(['example_branch_labels']) retrieved from /home/felipe/.local/lib/python3.11/site-packages/airflow/example_dags/example_branch_labels.py
[2024-01-09T10:57:11.803-0300] {logging_mixin.py:154} INFO - [2024-01-09T10:57:11.803-0300] {dag.py:2941} INFO - Sync 1 DAGs
[2024-01-09T10:57:11.811-0300] {logging_mixin.py:154} INFO - [2024-01-09T10:57:11.811-0300] {dag.py:3722} INFO - Setting next_dagrun for example_branch_labels to 2024-01-08T00:00:00+00:00, run_after=2024-01-09T00:00:00+00:00
[2024-01-09T10:57:11.820-0300] {processor.py:179} INFO - Processing /home/felipe/.local/lib/python3.11/site-packages/airflow/example_dags/example_branch_labels.py took 0.034 seconds
[2024-01-09T11:01:26.054-0300] {processor.py:157} INFO - Started process (PID=15696) to work on /home/felipe/.local/lib/python3.11/site-packages/airflow/example_dags/example_branch_labels.py
[2024-01-09T11:01:26.102-0300] {processor.py:829} INFO - Processing file /home/felipe/.local/lib/python3.11/site-packages/airflow/example_dags/example_branch_labels.py for tasks to queue
[2024-01-09T11:01:26.103-0300] {logging_mixin.py:154} INFO - [2024-01-09T11:01:26.103-0300] {dagbag.py:536} INFO - Filling up the DagBag from /home/felipe/.local/lib/python3.11/site-packages/airflow/example_dags/example_branch_labels.py
[2024-01-09T11:01:26.107-0300] {processor.py:839} INFO - DAG(s) dict_keys(['example_branch_labels']) retrieved from /home/felipe/.local/lib/python3.11/site-packages/airflow/example_dags/example_branch_labels.py
[2024-01-09T11:01:26.116-0300] {logging_mixin.py:154} INFO - [2024-01-09T11:01:26.116-0300] {dag.py:2941} INFO - Sync 1 DAGs
[2024-01-09T11:01:26.124-0300] {logging_mixin.py:154} INFO - [2024-01-09T11:01:26.124-0300] {dag.py:3722} INFO - Setting next_dagrun for example_branch_labels to 2024-01-08T00:00:00+00:00, run_after=2024-01-09T00:00:00+00:00
[2024-01-09T11:01:26.140-0300] {processor.py:179} INFO - Processing /home/felipe/.local/lib/python3.11/site-packages/airflow/example_dags/example_branch_labels.py took 0.088 seconds
[2024-01-09T20:53:21.933-0300] {processor.py:157} INFO - Started process (PID=36423) to work on /home/felipe/.local/lib/python3.11/site-packages/airflow/example_dags/example_branch_labels.py
[2024-01-09T20:53:21.934-0300] {processor.py:829} INFO - Processing file /home/felipe/.local/lib/python3.11/site-packages/airflow/example_dags/example_branch_labels.py for tasks to queue
[2024-01-09T20:53:21.935-0300] {logging_mixin.py:154} INFO - [2024-01-09T20:53:21.934-0300] {dagbag.py:536} INFO - Filling up the DagBag from /home/felipe/.local/lib/python3.11/site-packages/airflow/example_dags/example_branch_labels.py
[2024-01-09T20:53:21.940-0300] {processor.py:839} INFO - DAG(s) dict_keys(['example_branch_labels']) retrieved from /home/felipe/.local/lib/python3.11/site-packages/airflow/example_dags/example_branch_labels.py
[2024-01-09T20:53:21.952-0300] {logging_mixin.py:154} INFO - [2024-01-09T20:53:21.951-0300] {dag.py:2941} INFO - Sync 1 DAGs
[2024-01-09T20:53:21.963-0300] {logging_mixin.py:154} INFO - [2024-01-09T20:53:21.963-0300] {dag.py:3722} INFO - Setting next_dagrun for example_branch_labels to 2024-01-08T00:00:00+00:00, run_after=2024-01-09T00:00:00+00:00
[2024-01-09T20:53:21.974-0300] {processor.py:179} INFO - Processing /home/felipe/.local/lib/python3.11/site-packages/airflow/example_dags/example_branch_labels.py took 0.043 seconds
[2024-01-09T20:54:17.333-0300] {processor.py:157} INFO - Started process (PID=36638) to work on /home/felipe/.local/lib/python3.11/site-packages/airflow/example_dags/example_branch_labels.py
[2024-01-09T20:54:17.365-0300] {processor.py:829} INFO - Processing file /home/felipe/.local/lib/python3.11/site-packages/airflow/example_dags/example_branch_labels.py for tasks to queue
[2024-01-09T20:54:17.366-0300] {logging_mixin.py:154} INFO - [2024-01-09T20:54:17.365-0300] {dagbag.py:536} INFO - Filling up the DagBag from /home/felipe/.local/lib/python3.11/site-packages/airflow/example_dags/example_branch_labels.py
[2024-01-09T20:54:17.370-0300] {processor.py:839} INFO - DAG(s) dict_keys(['example_branch_labels']) retrieved from /home/felipe/.local/lib/python3.11/site-packages/airflow/example_dags/example_branch_labels.py
[2024-01-09T20:54:17.380-0300] {logging_mixin.py:154} INFO - [2024-01-09T20:54:17.380-0300] {dag.py:2941} INFO - Sync 1 DAGs
[2024-01-09T20:54:17.390-0300] {logging_mixin.py:154} INFO - [2024-01-09T20:54:17.390-0300] {dag.py:3722} INFO - Setting next_dagrun for example_branch_labels to 2024-01-08T00:00:00+00:00, run_after=2024-01-09T00:00:00+00:00
[2024-01-09T20:54:17.406-0300] {processor.py:179} INFO - Processing /home/felipe/.local/lib/python3.11/site-packages/airflow/example_dags/example_branch_labels.py took 0.075 seconds
[2024-01-09T20:55:09.554-0300] {processor.py:157} INFO - Started process (PID=36755) to work on /home/felipe/.local/lib/python3.11/site-packages/airflow/example_dags/example_branch_labels.py
[2024-01-09T20:55:09.586-0300] {processor.py:829} INFO - Processing file /home/felipe/.local/lib/python3.11/site-packages/airflow/example_dags/example_branch_labels.py for tasks to queue
[2024-01-09T20:55:09.586-0300] {logging_mixin.py:154} INFO - [2024-01-09T20:55:09.586-0300] {dagbag.py:536} INFO - Filling up the DagBag from /home/felipe/.local/lib/python3.11/site-packages/airflow/example_dags/example_branch_labels.py
[2024-01-09T20:55:09.591-0300] {processor.py:839} INFO - DAG(s) dict_keys(['example_branch_labels']) retrieved from /home/felipe/.local/lib/python3.11/site-packages/airflow/example_dags/example_branch_labels.py
[2024-01-09T20:55:09.602-0300] {logging_mixin.py:154} INFO - [2024-01-09T20:55:09.602-0300] {dag.py:2941} INFO - Sync 1 DAGs
[2024-01-09T20:55:09.612-0300] {logging_mixin.py:154} INFO - [2024-01-09T20:55:09.612-0300] {dag.py:3722} INFO - Setting next_dagrun for example_branch_labels to 2024-01-08T00:00:00+00:00, run_after=2024-01-09T00:00:00+00:00
[2024-01-09T20:55:09.629-0300] {processor.py:179} INFO - Processing /home/felipe/.local/lib/python3.11/site-packages/airflow/example_dags/example_branch_labels.py took 0.077 seconds
[2024-01-09T20:56:03.481-0300] {processor.py:157} INFO - Started process (PID=36889) to work on /home/felipe/.local/lib/python3.11/site-packages/airflow/example_dags/example_branch_labels.py
[2024-01-09T20:56:03.513-0300] {processor.py:829} INFO - Processing file /home/felipe/.local/lib/python3.11/site-packages/airflow/example_dags/example_branch_labels.py for tasks to queue
[2024-01-09T20:56:03.514-0300] {logging_mixin.py:154} INFO - [2024-01-09T20:56:03.513-0300] {dagbag.py:536} INFO - Filling up the DagBag from /home/felipe/.local/lib/python3.11/site-packages/airflow/example_dags/example_branch_labels.py
[2024-01-09T20:56:03.518-0300] {processor.py:839} INFO - DAG(s) dict_keys(['example_branch_labels']) retrieved from /home/felipe/.local/lib/python3.11/site-packages/airflow/example_dags/example_branch_labels.py
[2024-01-09T20:56:03.529-0300] {logging_mixin.py:154} INFO - [2024-01-09T20:56:03.529-0300] {dag.py:2941} INFO - Sync 1 DAGs
[2024-01-09T20:56:03.540-0300] {logging_mixin.py:154} INFO - [2024-01-09T20:56:03.540-0300] {dag.py:3722} INFO - Setting next_dagrun for example_branch_labels to 2024-01-08T00:00:00+00:00, run_after=2024-01-09T00:00:00+00:00
[2024-01-09T20:56:03.557-0300] {processor.py:179} INFO - Processing /home/felipe/.local/lib/python3.11/site-packages/airflow/example_dags/example_branch_labels.py took 0.078 seconds
[2024-01-09T20:56:56.580-0300] {processor.py:157} INFO - Started process (PID=36996) to work on /home/felipe/.local/lib/python3.11/site-packages/airflow/example_dags/example_branch_labels.py
[2024-01-09T20:56:56.612-0300] {processor.py:829} INFO - Processing file /home/felipe/.local/lib/python3.11/site-packages/airflow/example_dags/example_branch_labels.py for tasks to queue
[2024-01-09T20:56:56.613-0300] {logging_mixin.py:154} INFO - [2024-01-09T20:56:56.613-0300] {dagbag.py:536} INFO - Filling up the DagBag from /home/felipe/.local/lib/python3.11/site-packages/airflow/example_dags/example_branch_labels.py
[2024-01-09T20:56:56.618-0300] {processor.py:839} INFO - DAG(s) dict_keys(['example_branch_labels']) retrieved from /home/felipe/.local/lib/python3.11/site-packages/airflow/example_dags/example_branch_labels.py
[2024-01-09T20:56:56.627-0300] {logging_mixin.py:154} INFO - [2024-01-09T20:56:56.627-0300] {dag.py:2941} INFO - Sync 1 DAGs
[2024-01-09T20:56:56.638-0300] {logging_mixin.py:154} INFO - [2024-01-09T20:56:56.638-0300] {dag.py:3722} INFO - Setting next_dagrun for example_branch_labels to 2024-01-08T00:00:00+00:00, run_after=2024-01-09T00:00:00+00:00
[2024-01-09T20:56:56.655-0300] {processor.py:179} INFO - Processing /home/felipe/.local/lib/python3.11/site-packages/airflow/example_dags/example_branch_labels.py took 0.077 seconds
[2024-01-09T20:57:46.512-0300] {processor.py:157} INFO - Started process (PID=37129) to work on /home/felipe/.local/lib/python3.11/site-packages/airflow/example_dags/example_branch_labels.py
[2024-01-09T20:57:46.544-0300] {processor.py:829} INFO - Processing file /home/felipe/.local/lib/python3.11/site-packages/airflow/example_dags/example_branch_labels.py for tasks to queue
[2024-01-09T20:57:46.545-0300] {logging_mixin.py:154} INFO - [2024-01-09T20:57:46.544-0300] {dagbag.py:536} INFO - Filling up the DagBag from /home/felipe/.local/lib/python3.11/site-packages/airflow/example_dags/example_branch_labels.py
[2024-01-09T20:57:46.549-0300] {processor.py:839} INFO - DAG(s) dict_keys(['example_branch_labels']) retrieved from /home/felipe/.local/lib/python3.11/site-packages/airflow/example_dags/example_branch_labels.py
[2024-01-09T20:57:46.559-0300] {logging_mixin.py:154} INFO - [2024-01-09T20:57:46.559-0300] {dag.py:2941} INFO - Sync 1 DAGs
[2024-01-09T20:57:46.569-0300] {logging_mixin.py:154} INFO - [2024-01-09T20:57:46.569-0300] {dag.py:3722} INFO - Setting next_dagrun for example_branch_labels to 2024-01-08T00:00:00+00:00, run_after=2024-01-09T00:00:00+00:00
[2024-01-09T20:57:46.586-0300] {processor.py:179} INFO - Processing /home/felipe/.local/lib/python3.11/site-packages/airflow/example_dags/example_branch_labels.py took 0.076 seconds
[2024-01-09T20:58:38.977-0300] {processor.py:157} INFO - Started process (PID=37243) to work on /home/felipe/.local/lib/python3.11/site-packages/airflow/example_dags/example_branch_labels.py
[2024-01-09T20:58:39.009-0300] {processor.py:829} INFO - Processing file /home/felipe/.local/lib/python3.11/site-packages/airflow/example_dags/example_branch_labels.py for tasks to queue
[2024-01-09T20:58:39.010-0300] {logging_mixin.py:154} INFO - [2024-01-09T20:58:39.009-0300] {dagbag.py:536} INFO - Filling up the DagBag from /home/felipe/.local/lib/python3.11/site-packages/airflow/example_dags/example_branch_labels.py
[2024-01-09T20:58:39.014-0300] {processor.py:839} INFO - DAG(s) dict_keys(['example_branch_labels']) retrieved from /home/felipe/.local/lib/python3.11/site-packages/airflow/example_dags/example_branch_labels.py
[2024-01-09T20:58:39.024-0300] {logging_mixin.py:154} INFO - [2024-01-09T20:58:39.024-0300] {dag.py:2941} INFO - Sync 1 DAGs
[2024-01-09T20:58:39.035-0300] {logging_mixin.py:154} INFO - [2024-01-09T20:58:39.035-0300] {dag.py:3722} INFO - Setting next_dagrun for example_branch_labels to 2024-01-08T00:00:00+00:00, run_after=2024-01-09T00:00:00+00:00
[2024-01-09T20:58:39.053-0300] {processor.py:179} INFO - Processing /home/felipe/.local/lib/python3.11/site-packages/airflow/example_dags/example_branch_labels.py took 0.078 seconds
[2024-01-09T20:59:30.708-0300] {processor.py:157} INFO - Started process (PID=37387) to work on /home/felipe/.local/lib/python3.11/site-packages/airflow/example_dags/example_branch_labels.py
[2024-01-09T20:59:30.734-0300] {processor.py:829} INFO - Processing file /home/felipe/.local/lib/python3.11/site-packages/airflow/example_dags/example_branch_labels.py for tasks to queue
[2024-01-09T20:59:30.735-0300] {logging_mixin.py:154} INFO - [2024-01-09T20:59:30.735-0300] {dagbag.py:536} INFO - Filling up the DagBag from /home/felipe/.local/lib/python3.11/site-packages/airflow/example_dags/example_branch_labels.py
[2024-01-09T20:59:30.740-0300] {processor.py:839} INFO - DAG(s) dict_keys(['example_branch_labels']) retrieved from /home/felipe/.local/lib/python3.11/site-packages/airflow/example_dags/example_branch_labels.py
[2024-01-09T20:59:30.750-0300] {logging_mixin.py:154} INFO - [2024-01-09T20:59:30.750-0300] {dag.py:2941} INFO - Sync 1 DAGs
[2024-01-09T20:59:30.761-0300] {logging_mixin.py:154} INFO - [2024-01-09T20:59:30.761-0300] {dag.py:3722} INFO - Setting next_dagrun for example_branch_labels to 2024-01-08T00:00:00+00:00, run_after=2024-01-09T00:00:00+00:00
[2024-01-09T20:59:30.771-0300] {processor.py:179} INFO - Processing /home/felipe/.local/lib/python3.11/site-packages/airflow/example_dags/example_branch_labels.py took 0.065 seconds
