[2024-01-09T10:10:11.650-0300] {processor.py:157} INFO - Started process (PID=8527) to work on /home/felipe/.local/lib/python3.11/site-packages/airflow/example_dags/example_dynamic_task_mapping.py
[2024-01-09T10:10:11.650-0300] {processor.py:829} INFO - Processing file /home/felipe/.local/lib/python3.11/site-packages/airflow/example_dags/example_dynamic_task_mapping.py for tasks to queue
[2024-01-09T10:10:11.651-0300] {logging_mixin.py:154} INFO - [2024-01-09T10:10:11.651-0300] {dagbag.py:536} INFO - Filling up the DagBag from /home/felipe/.local/lib/python3.11/site-packages/airflow/example_dags/example_dynamic_task_mapping.py
[2024-01-09T10:10:11.656-0300] {processor.py:839} INFO - DAG(s) dict_keys(['example_dynamic_task_mapping']) retrieved from /home/felipe/.local/lib/python3.11/site-packages/airflow/example_dags/example_dynamic_task_mapping.py
[2024-01-09T10:10:11.661-0300] {logging_mixin.py:154} INFO - [2024-01-09T10:10:11.661-0300] {dag.py:2941} INFO - Sync 1 DAGs
[2024-01-09T10:10:11.672-0300] {logging_mixin.py:154} INFO - [2024-01-09T10:10:11.672-0300] {dag.py:3722} INFO - Setting next_dagrun for example_dynamic_task_mapping to 2022-03-04T00:00:00+00:00, run_after=2022-03-05T00:00:00+00:00
[2024-01-09T10:10:11.713-0300] {processor.py:179} INFO - Processing /home/felipe/.local/lib/python3.11/site-packages/airflow/example_dags/example_dynamic_task_mapping.py took 0.064 seconds
[2024-01-09T10:11:06.853-0300] {processor.py:157} INFO - Started process (PID=8654) to work on /home/felipe/.local/lib/python3.11/site-packages/airflow/example_dags/example_dynamic_task_mapping.py
[2024-01-09T10:11:06.886-0300] {processor.py:829} INFO - Processing file /home/felipe/.local/lib/python3.11/site-packages/airflow/example_dags/example_dynamic_task_mapping.py for tasks to queue
[2024-01-09T10:11:06.886-0300] {logging_mixin.py:154} INFO - [2024-01-09T10:11:06.886-0300] {dagbag.py:536} INFO - Filling up the DagBag from /home/felipe/.local/lib/python3.11/site-packages/airflow/example_dags/example_dynamic_task_mapping.py
[2024-01-09T10:11:06.892-0300] {processor.py:839} INFO - DAG(s) dict_keys(['example_dynamic_task_mapping']) retrieved from /home/felipe/.local/lib/python3.11/site-packages/airflow/example_dags/example_dynamic_task_mapping.py
[2024-01-09T10:11:06.900-0300] {logging_mixin.py:154} INFO - [2024-01-09T10:11:06.900-0300] {dag.py:2941} INFO - Sync 1 DAGs
[2024-01-09T10:11:06.910-0300] {logging_mixin.py:154} INFO - [2024-01-09T10:11:06.910-0300] {dag.py:3722} INFO - Setting next_dagrun for example_dynamic_task_mapping to 2022-03-04T00:00:00+00:00, run_after=2022-03-05T00:00:00+00:00
[2024-01-09T10:11:06.927-0300] {processor.py:179} INFO - Processing /home/felipe/.local/lib/python3.11/site-packages/airflow/example_dags/example_dynamic_task_mapping.py took 0.075 seconds
[2024-01-09T10:11:54.768-0300] {processor.py:157} INFO - Started process (PID=8744) to work on /home/felipe/.local/lib/python3.11/site-packages/airflow/example_dags/example_dynamic_task_mapping.py
[2024-01-09T10:11:54.800-0300] {processor.py:829} INFO - Processing file /home/felipe/.local/lib/python3.11/site-packages/airflow/example_dags/example_dynamic_task_mapping.py for tasks to queue
[2024-01-09T10:11:54.800-0300] {logging_mixin.py:154} INFO - [2024-01-09T10:11:54.800-0300] {dagbag.py:536} INFO - Filling up the DagBag from /home/felipe/.local/lib/python3.11/site-packages/airflow/example_dags/example_dynamic_task_mapping.py
[2024-01-09T10:11:54.805-0300] {processor.py:839} INFO - DAG(s) dict_keys(['example_dynamic_task_mapping']) retrieved from /home/felipe/.local/lib/python3.11/site-packages/airflow/example_dags/example_dynamic_task_mapping.py
[2024-01-09T10:11:54.813-0300] {logging_mixin.py:154} INFO - [2024-01-09T10:11:54.813-0300] {dag.py:2941} INFO - Sync 1 DAGs
[2024-01-09T10:11:54.822-0300] {logging_mixin.py:154} INFO - [2024-01-09T10:11:54.822-0300] {dag.py:3722} INFO - Setting next_dagrun for example_dynamic_task_mapping to 2022-03-04T00:00:00+00:00, run_after=2022-03-05T00:00:00+00:00
[2024-01-09T10:11:54.838-0300] {processor.py:179} INFO - Processing /home/felipe/.local/lib/python3.11/site-packages/airflow/example_dags/example_dynamic_task_mapping.py took 0.072 seconds
[2024-01-09T10:12:40.534-0300] {processor.py:157} INFO - Started process (PID=8845) to work on /home/felipe/.local/lib/python3.11/site-packages/airflow/example_dags/example_dynamic_task_mapping.py
[2024-01-09T10:12:40.566-0300] {processor.py:829} INFO - Processing file /home/felipe/.local/lib/python3.11/site-packages/airflow/example_dags/example_dynamic_task_mapping.py for tasks to queue
[2024-01-09T10:12:40.567-0300] {logging_mixin.py:154} INFO - [2024-01-09T10:12:40.567-0300] {dagbag.py:536} INFO - Filling up the DagBag from /home/felipe/.local/lib/python3.11/site-packages/airflow/example_dags/example_dynamic_task_mapping.py
[2024-01-09T10:12:40.571-0300] {processor.py:839} INFO - DAG(s) dict_keys(['example_dynamic_task_mapping']) retrieved from /home/felipe/.local/lib/python3.11/site-packages/airflow/example_dags/example_dynamic_task_mapping.py
[2024-01-09T10:12:40.580-0300] {logging_mixin.py:154} INFO - [2024-01-09T10:12:40.580-0300] {dag.py:2941} INFO - Sync 1 DAGs
[2024-01-09T10:12:40.589-0300] {logging_mixin.py:154} INFO - [2024-01-09T10:12:40.589-0300] {dag.py:3722} INFO - Setting next_dagrun for example_dynamic_task_mapping to 2022-03-04T00:00:00+00:00, run_after=2022-03-05T00:00:00+00:00
[2024-01-09T10:12:40.606-0300] {processor.py:179} INFO - Processing /home/felipe/.local/lib/python3.11/site-packages/airflow/example_dags/example_dynamic_task_mapping.py took 0.074 seconds
[2024-01-09T10:13:29.968-0300] {processor.py:157} INFO - Started process (PID=8923) to work on /home/felipe/.local/lib/python3.11/site-packages/airflow/example_dags/example_dynamic_task_mapping.py
[2024-01-09T10:13:30.001-0300] {processor.py:829} INFO - Processing file /home/felipe/.local/lib/python3.11/site-packages/airflow/example_dags/example_dynamic_task_mapping.py for tasks to queue
[2024-01-09T10:13:30.001-0300] {logging_mixin.py:154} INFO - [2024-01-09T10:13:30.001-0300] {dagbag.py:536} INFO - Filling up the DagBag from /home/felipe/.local/lib/python3.11/site-packages/airflow/example_dags/example_dynamic_task_mapping.py
[2024-01-09T10:13:30.006-0300] {processor.py:839} INFO - DAG(s) dict_keys(['example_dynamic_task_mapping']) retrieved from /home/felipe/.local/lib/python3.11/site-packages/airflow/example_dags/example_dynamic_task_mapping.py
[2024-01-09T10:13:30.014-0300] {logging_mixin.py:154} INFO - [2024-01-09T10:13:30.014-0300] {dag.py:2941} INFO - Sync 1 DAGs
[2024-01-09T10:13:30.023-0300] {logging_mixin.py:154} INFO - [2024-01-09T10:13:30.023-0300] {dag.py:3722} INFO - Setting next_dagrun for example_dynamic_task_mapping to 2022-03-04T00:00:00+00:00, run_after=2022-03-05T00:00:00+00:00
[2024-01-09T10:13:30.040-0300] {processor.py:179} INFO - Processing /home/felipe/.local/lib/python3.11/site-packages/airflow/example_dags/example_dynamic_task_mapping.py took 0.073 seconds
[2024-01-09T10:14:21.837-0300] {processor.py:157} INFO - Started process (PID=9001) to work on /home/felipe/.local/lib/python3.11/site-packages/airflow/example_dags/example_dynamic_task_mapping.py
[2024-01-09T10:14:21.869-0300] {processor.py:829} INFO - Processing file /home/felipe/.local/lib/python3.11/site-packages/airflow/example_dags/example_dynamic_task_mapping.py for tasks to queue
[2024-01-09T10:14:21.870-0300] {logging_mixin.py:154} INFO - [2024-01-09T10:14:21.870-0300] {dagbag.py:536} INFO - Filling up the DagBag from /home/felipe/.local/lib/python3.11/site-packages/airflow/example_dags/example_dynamic_task_mapping.py
[2024-01-09T10:14:21.875-0300] {processor.py:839} INFO - DAG(s) dict_keys(['example_dynamic_task_mapping']) retrieved from /home/felipe/.local/lib/python3.11/site-packages/airflow/example_dags/example_dynamic_task_mapping.py
[2024-01-09T10:14:21.883-0300] {logging_mixin.py:154} INFO - [2024-01-09T10:14:21.883-0300] {dag.py:2941} INFO - Sync 1 DAGs
[2024-01-09T10:14:21.893-0300] {logging_mixin.py:154} INFO - [2024-01-09T10:14:21.893-0300] {dag.py:3722} INFO - Setting next_dagrun for example_dynamic_task_mapping to 2022-03-04T00:00:00+00:00, run_after=2022-03-05T00:00:00+00:00
[2024-01-09T10:14:21.909-0300] {processor.py:179} INFO - Processing /home/felipe/.local/lib/python3.11/site-packages/airflow/example_dags/example_dynamic_task_mapping.py took 0.074 seconds
[2024-01-09T10:15:17.181-0300] {processor.py:157} INFO - Started process (PID=9130) to work on /home/felipe/.local/lib/python3.11/site-packages/airflow/example_dags/example_dynamic_task_mapping.py
[2024-01-09T10:15:17.213-0300] {processor.py:829} INFO - Processing file /home/felipe/.local/lib/python3.11/site-packages/airflow/example_dags/example_dynamic_task_mapping.py for tasks to queue
[2024-01-09T10:15:17.213-0300] {logging_mixin.py:154} INFO - [2024-01-09T10:15:17.213-0300] {dagbag.py:536} INFO - Filling up the DagBag from /home/felipe/.local/lib/python3.11/site-packages/airflow/example_dags/example_dynamic_task_mapping.py
[2024-01-09T10:15:17.218-0300] {processor.py:839} INFO - DAG(s) dict_keys(['example_dynamic_task_mapping']) retrieved from /home/felipe/.local/lib/python3.11/site-packages/airflow/example_dags/example_dynamic_task_mapping.py
[2024-01-09T10:15:17.227-0300] {logging_mixin.py:154} INFO - [2024-01-09T10:15:17.227-0300] {dag.py:2941} INFO - Sync 1 DAGs
[2024-01-09T10:15:17.236-0300] {logging_mixin.py:154} INFO - [2024-01-09T10:15:17.236-0300] {dag.py:3722} INFO - Setting next_dagrun for example_dynamic_task_mapping to 2022-03-04T00:00:00+00:00, run_after=2022-03-05T00:00:00+00:00
[2024-01-09T10:15:17.252-0300] {processor.py:179} INFO - Processing /home/felipe/.local/lib/python3.11/site-packages/airflow/example_dags/example_dynamic_task_mapping.py took 0.073 seconds
[2024-01-09T10:22:45.808-0300] {processor.py:157} INFO - Started process (PID=9900) to work on /home/felipe/.local/lib/python3.11/site-packages/airflow/example_dags/example_dynamic_task_mapping.py
[2024-01-09T10:22:45.808-0300] {processor.py:829} INFO - Processing file /home/felipe/.local/lib/python3.11/site-packages/airflow/example_dags/example_dynamic_task_mapping.py for tasks to queue
[2024-01-09T10:22:45.809-0300] {logging_mixin.py:154} INFO - [2024-01-09T10:22:45.809-0300] {dagbag.py:536} INFO - Filling up the DagBag from /home/felipe/.local/lib/python3.11/site-packages/airflow/example_dags/example_dynamic_task_mapping.py
[2024-01-09T10:22:45.812-0300] {processor.py:839} INFO - DAG(s) dict_keys(['example_dynamic_task_mapping']) retrieved from /home/felipe/.local/lib/python3.11/site-packages/airflow/example_dags/example_dynamic_task_mapping.py
[2024-01-09T10:22:45.824-0300] {logging_mixin.py:154} INFO - [2024-01-09T10:22:45.824-0300] {dag.py:2941} INFO - Sync 1 DAGs
[2024-01-09T10:22:45.832-0300] {logging_mixin.py:154} INFO - [2024-01-09T10:22:45.832-0300] {dag.py:3722} INFO - Setting next_dagrun for example_dynamic_task_mapping to 2022-03-04T00:00:00+00:00, run_after=2022-03-05T00:00:00+00:00
[2024-01-09T10:22:45.840-0300] {processor.py:179} INFO - Processing /home/felipe/.local/lib/python3.11/site-packages/airflow/example_dags/example_dynamic_task_mapping.py took 0.034 seconds
[2024-01-09T10:38:13.403-0300] {processor.py:157} INFO - Started process (PID=11782) to work on /home/felipe/.local/lib/python3.11/site-packages/airflow/example_dags/example_dynamic_task_mapping.py
[2024-01-09T10:38:13.435-0300] {processor.py:829} INFO - Processing file /home/felipe/.local/lib/python3.11/site-packages/airflow/example_dags/example_dynamic_task_mapping.py for tasks to queue
[2024-01-09T10:38:13.435-0300] {logging_mixin.py:154} INFO - [2024-01-09T10:38:13.435-0300] {dagbag.py:536} INFO - Filling up the DagBag from /home/felipe/.local/lib/python3.11/site-packages/airflow/example_dags/example_dynamic_task_mapping.py
[2024-01-09T10:38:13.439-0300] {processor.py:839} INFO - DAG(s) dict_keys(['example_dynamic_task_mapping']) retrieved from /home/felipe/.local/lib/python3.11/site-packages/airflow/example_dags/example_dynamic_task_mapping.py
[2024-01-09T10:38:13.447-0300] {logging_mixin.py:154} INFO - [2024-01-09T10:38:13.447-0300] {dag.py:2941} INFO - Sync 1 DAGs
[2024-01-09T10:38:13.455-0300] {logging_mixin.py:154} INFO - [2024-01-09T10:38:13.454-0300] {dag.py:3722} INFO - Setting next_dagrun for example_dynamic_task_mapping to 2022-03-04T00:00:00+00:00, run_after=2022-03-05T00:00:00+00:00
[2024-01-09T10:38:13.470-0300] {processor.py:179} INFO - Processing /home/felipe/.local/lib/python3.11/site-packages/airflow/example_dags/example_dynamic_task_mapping.py took 0.070 seconds
[2024-01-09T10:39:03.952-0300] {processor.py:157} INFO - Started process (PID=11865) to work on /home/felipe/.local/lib/python3.11/site-packages/airflow/example_dags/example_dynamic_task_mapping.py
[2024-01-09T10:39:03.981-0300] {processor.py:829} INFO - Processing file /home/felipe/.local/lib/python3.11/site-packages/airflow/example_dags/example_dynamic_task_mapping.py for tasks to queue
[2024-01-09T10:39:03.982-0300] {logging_mixin.py:154} INFO - [2024-01-09T10:39:03.982-0300] {dagbag.py:536} INFO - Filling up the DagBag from /home/felipe/.local/lib/python3.11/site-packages/airflow/example_dags/example_dynamic_task_mapping.py
[2024-01-09T10:39:03.985-0300] {processor.py:839} INFO - DAG(s) dict_keys(['example_dynamic_task_mapping']) retrieved from /home/felipe/.local/lib/python3.11/site-packages/airflow/example_dags/example_dynamic_task_mapping.py
[2024-01-09T10:39:03.993-0300] {logging_mixin.py:154} INFO - [2024-01-09T10:39:03.993-0300] {dag.py:2941} INFO - Sync 1 DAGs
[2024-01-09T10:39:04.001-0300] {logging_mixin.py:154} INFO - [2024-01-09T10:39:04.001-0300] {dag.py:3722} INFO - Setting next_dagrun for example_dynamic_task_mapping to 2022-03-04T00:00:00+00:00, run_after=2022-03-05T00:00:00+00:00
[2024-01-09T10:39:04.015-0300] {processor.py:179} INFO - Processing /home/felipe/.local/lib/python3.11/site-packages/airflow/example_dags/example_dynamic_task_mapping.py took 0.065 seconds
[2024-01-09T10:39:43.140-0300] {processor.py:157} INFO - Started process (PID=11940) to work on /home/felipe/.local/lib/python3.11/site-packages/airflow/example_dags/example_dynamic_task_mapping.py
[2024-01-09T10:39:43.149-0300] {processor.py:829} INFO - Processing file /home/felipe/.local/lib/python3.11/site-packages/airflow/example_dags/example_dynamic_task_mapping.py for tasks to queue
[2024-01-09T10:39:43.150-0300] {logging_mixin.py:154} INFO - [2024-01-09T10:39:43.150-0300] {dagbag.py:536} INFO - Filling up the DagBag from /home/felipe/.local/lib/python3.11/site-packages/airflow/example_dags/example_dynamic_task_mapping.py
[2024-01-09T10:39:43.153-0300] {processor.py:839} INFO - DAG(s) dict_keys(['example_dynamic_task_mapping']) retrieved from /home/felipe/.local/lib/python3.11/site-packages/airflow/example_dags/example_dynamic_task_mapping.py
[2024-01-09T10:39:43.162-0300] {logging_mixin.py:154} INFO - [2024-01-09T10:39:43.162-0300] {dag.py:2941} INFO - Sync 1 DAGs
[2024-01-09T10:39:43.170-0300] {logging_mixin.py:154} INFO - [2024-01-09T10:39:43.170-0300] {dag.py:3722} INFO - Setting next_dagrun for example_dynamic_task_mapping to 2022-03-04T00:00:00+00:00, run_after=2022-03-05T00:00:00+00:00
[2024-01-09T10:39:43.183-0300] {processor.py:179} INFO - Processing /home/felipe/.local/lib/python3.11/site-packages/airflow/example_dags/example_dynamic_task_mapping.py took 0.045 seconds
[2024-01-09T10:40:20.316-0300] {processor.py:157} INFO - Started process (PID=12012) to work on /home/felipe/.local/lib/python3.11/site-packages/airflow/example_dags/example_dynamic_task_mapping.py
[2024-01-09T10:40:20.348-0300] {processor.py:829} INFO - Processing file /home/felipe/.local/lib/python3.11/site-packages/airflow/example_dags/example_dynamic_task_mapping.py for tasks to queue
[2024-01-09T10:40:20.349-0300] {logging_mixin.py:154} INFO - [2024-01-09T10:40:20.349-0300] {dagbag.py:536} INFO - Filling up the DagBag from /home/felipe/.local/lib/python3.11/site-packages/airflow/example_dags/example_dynamic_task_mapping.py
[2024-01-09T10:40:20.353-0300] {processor.py:839} INFO - DAG(s) dict_keys(['example_dynamic_task_mapping']) retrieved from /home/felipe/.local/lib/python3.11/site-packages/airflow/example_dags/example_dynamic_task_mapping.py
[2024-01-09T10:40:20.362-0300] {logging_mixin.py:154} INFO - [2024-01-09T10:40:20.362-0300] {dag.py:2941} INFO - Sync 1 DAGs
[2024-01-09T10:40:20.370-0300] {logging_mixin.py:154} INFO - [2024-01-09T10:40:20.370-0300] {dag.py:3722} INFO - Setting next_dagrun for example_dynamic_task_mapping to 2022-03-04T00:00:00+00:00, run_after=2022-03-05T00:00:00+00:00
[2024-01-09T10:40:20.382-0300] {processor.py:179} INFO - Processing /home/felipe/.local/lib/python3.11/site-packages/airflow/example_dags/example_dynamic_task_mapping.py took 0.068 seconds
[2024-01-09T10:41:15.916-0300] {processor.py:157} INFO - Started process (PID=12220) to work on /home/felipe/.local/lib/python3.11/site-packages/airflow/example_dags/example_dynamic_task_mapping.py
[2024-01-09T10:41:15.917-0300] {processor.py:829} INFO - Processing file /home/felipe/.local/lib/python3.11/site-packages/airflow/example_dags/example_dynamic_task_mapping.py for tasks to queue
[2024-01-09T10:41:15.917-0300] {logging_mixin.py:154} INFO - [2024-01-09T10:41:15.917-0300] {dagbag.py:536} INFO - Filling up the DagBag from /home/felipe/.local/lib/python3.11/site-packages/airflow/example_dags/example_dynamic_task_mapping.py
[2024-01-09T10:41:15.921-0300] {processor.py:839} INFO - DAG(s) dict_keys(['example_dynamic_task_mapping']) retrieved from /home/felipe/.local/lib/python3.11/site-packages/airflow/example_dags/example_dynamic_task_mapping.py
[2024-01-09T10:41:15.929-0300] {logging_mixin.py:154} INFO - [2024-01-09T10:41:15.929-0300] {dag.py:2941} INFO - Sync 1 DAGs
[2024-01-09T10:41:15.937-0300] {logging_mixin.py:154} INFO - [2024-01-09T10:41:15.937-0300] {dag.py:3722} INFO - Setting next_dagrun for example_dynamic_task_mapping to 2022-03-04T00:00:00+00:00, run_after=2022-03-05T00:00:00+00:00
[2024-01-09T10:41:15.945-0300] {processor.py:179} INFO - Processing /home/felipe/.local/lib/python3.11/site-packages/airflow/example_dags/example_dynamic_task_mapping.py took 0.031 seconds
[2024-01-09T10:44:00.404-0300] {processor.py:157} INFO - Started process (PID=12545) to work on /home/felipe/.local/lib/python3.11/site-packages/airflow/example_dags/example_dynamic_task_mapping.py
[2024-01-09T10:44:00.436-0300] {processor.py:829} INFO - Processing file /home/felipe/.local/lib/python3.11/site-packages/airflow/example_dags/example_dynamic_task_mapping.py for tasks to queue
[2024-01-09T10:44:00.437-0300] {logging_mixin.py:154} INFO - [2024-01-09T10:44:00.437-0300] {dagbag.py:536} INFO - Filling up the DagBag from /home/felipe/.local/lib/python3.11/site-packages/airflow/example_dags/example_dynamic_task_mapping.py
[2024-01-09T10:44:00.441-0300] {processor.py:839} INFO - DAG(s) dict_keys(['example_dynamic_task_mapping']) retrieved from /home/felipe/.local/lib/python3.11/site-packages/airflow/example_dags/example_dynamic_task_mapping.py
[2024-01-09T10:44:00.449-0300] {logging_mixin.py:154} INFO - [2024-01-09T10:44:00.449-0300] {dag.py:2941} INFO - Sync 1 DAGs
[2024-01-09T10:44:00.458-0300] {logging_mixin.py:154} INFO - [2024-01-09T10:44:00.457-0300] {dag.py:3722} INFO - Setting next_dagrun for example_dynamic_task_mapping to 2022-03-04T00:00:00+00:00, run_after=2022-03-05T00:00:00+00:00
[2024-01-09T10:44:00.474-0300] {processor.py:179} INFO - Processing /home/felipe/.local/lib/python3.11/site-packages/airflow/example_dags/example_dynamic_task_mapping.py took 0.071 seconds
[2024-01-09T10:46:09.800-0300] {processor.py:157} INFO - Started process (PID=12858) to work on /home/felipe/.local/lib/python3.11/site-packages/airflow/example_dags/example_dynamic_task_mapping.py
[2024-01-09T10:46:09.800-0300] {processor.py:829} INFO - Processing file /home/felipe/.local/lib/python3.11/site-packages/airflow/example_dags/example_dynamic_task_mapping.py for tasks to queue
[2024-01-09T10:46:09.801-0300] {logging_mixin.py:154} INFO - [2024-01-09T10:46:09.801-0300] {dagbag.py:536} INFO - Filling up the DagBag from /home/felipe/.local/lib/python3.11/site-packages/airflow/example_dags/example_dynamic_task_mapping.py
[2024-01-09T10:46:09.805-0300] {processor.py:839} INFO - DAG(s) dict_keys(['example_dynamic_task_mapping']) retrieved from /home/felipe/.local/lib/python3.11/site-packages/airflow/example_dags/example_dynamic_task_mapping.py
[2024-01-09T10:46:09.813-0300] {logging_mixin.py:154} INFO - [2024-01-09T10:46:09.813-0300] {dag.py:2941} INFO - Sync 1 DAGs
[2024-01-09T10:46:09.821-0300] {logging_mixin.py:154} INFO - [2024-01-09T10:46:09.821-0300] {dag.py:3722} INFO - Setting next_dagrun for example_dynamic_task_mapping to 2022-03-04T00:00:00+00:00, run_after=2022-03-05T00:00:00+00:00
[2024-01-09T10:46:09.834-0300] {processor.py:179} INFO - Processing /home/felipe/.local/lib/python3.11/site-packages/airflow/example_dags/example_dynamic_task_mapping.py took 0.037 seconds
[2024-01-09T10:49:09.364-0300] {processor.py:157} INFO - Started process (PID=13719) to work on /home/felipe/.local/lib/python3.11/site-packages/airflow/example_dags/example_dynamic_task_mapping.py
[2024-01-09T10:49:09.396-0300] {processor.py:829} INFO - Processing file /home/felipe/.local/lib/python3.11/site-packages/airflow/example_dags/example_dynamic_task_mapping.py for tasks to queue
[2024-01-09T10:49:09.396-0300] {logging_mixin.py:154} INFO - [2024-01-09T10:49:09.396-0300] {dagbag.py:536} INFO - Filling up the DagBag from /home/felipe/.local/lib/python3.11/site-packages/airflow/example_dags/example_dynamic_task_mapping.py
[2024-01-09T10:49:09.400-0300] {processor.py:839} INFO - DAG(s) dict_keys(['example_dynamic_task_mapping']) retrieved from /home/felipe/.local/lib/python3.11/site-packages/airflow/example_dags/example_dynamic_task_mapping.py
[2024-01-09T10:49:09.409-0300] {logging_mixin.py:154} INFO - [2024-01-09T10:49:09.409-0300] {dag.py:2941} INFO - Sync 1 DAGs
[2024-01-09T10:49:09.417-0300] {logging_mixin.py:154} INFO - [2024-01-09T10:49:09.417-0300] {dag.py:3722} INFO - Setting next_dagrun for example_dynamic_task_mapping to 2022-03-04T00:00:00+00:00, run_after=2022-03-05T00:00:00+00:00
[2024-01-09T10:49:09.432-0300] {processor.py:179} INFO - Processing /home/felipe/.local/lib/python3.11/site-packages/airflow/example_dags/example_dynamic_task_mapping.py took 0.071 seconds
[2024-01-09T10:51:57.895-0300] {processor.py:157} INFO - Started process (PID=14033) to work on /home/felipe/.local/lib/python3.11/site-packages/airflow/example_dags/example_dynamic_task_mapping.py
[2024-01-09T10:51:57.896-0300] {processor.py:829} INFO - Processing file /home/felipe/.local/lib/python3.11/site-packages/airflow/example_dags/example_dynamic_task_mapping.py for tasks to queue
[2024-01-09T10:51:57.896-0300] {logging_mixin.py:154} INFO - [2024-01-09T10:51:57.896-0300] {dagbag.py:536} INFO - Filling up the DagBag from /home/felipe/.local/lib/python3.11/site-packages/airflow/example_dags/example_dynamic_task_mapping.py
[2024-01-09T10:51:57.900-0300] {processor.py:839} INFO - DAG(s) dict_keys(['example_dynamic_task_mapping']) retrieved from /home/felipe/.local/lib/python3.11/site-packages/airflow/example_dags/example_dynamic_task_mapping.py
[2024-01-09T10:51:57.910-0300] {logging_mixin.py:154} INFO - [2024-01-09T10:51:57.910-0300] {dag.py:2941} INFO - Sync 1 DAGs
[2024-01-09T10:51:57.919-0300] {logging_mixin.py:154} INFO - [2024-01-09T10:51:57.919-0300] {dag.py:3722} INFO - Setting next_dagrun for example_dynamic_task_mapping to 2022-03-04T00:00:00+00:00, run_after=2022-03-05T00:00:00+00:00
[2024-01-09T10:51:57.941-0300] {processor.py:179} INFO - Processing /home/felipe/.local/lib/python3.11/site-packages/airflow/example_dags/example_dynamic_task_mapping.py took 0.048 seconds
[2024-01-09T10:53:38.682-0300] {processor.py:157} INFO - Started process (PID=14309) to work on /home/felipe/.local/lib/python3.11/site-packages/airflow/example_dags/example_dynamic_task_mapping.py
[2024-01-09T10:53:38.714-0300] {processor.py:829} INFO - Processing file /home/felipe/.local/lib/python3.11/site-packages/airflow/example_dags/example_dynamic_task_mapping.py for tasks to queue
[2024-01-09T10:53:38.714-0300] {logging_mixin.py:154} INFO - [2024-01-09T10:53:38.714-0300] {dagbag.py:536} INFO - Filling up the DagBag from /home/felipe/.local/lib/python3.11/site-packages/airflow/example_dags/example_dynamic_task_mapping.py
[2024-01-09T10:53:38.718-0300] {processor.py:839} INFO - DAG(s) dict_keys(['example_dynamic_task_mapping']) retrieved from /home/felipe/.local/lib/python3.11/site-packages/airflow/example_dags/example_dynamic_task_mapping.py
[2024-01-09T10:53:38.726-0300] {logging_mixin.py:154} INFO - [2024-01-09T10:53:38.726-0300] {dag.py:2941} INFO - Sync 1 DAGs
[2024-01-09T10:53:38.734-0300] {logging_mixin.py:154} INFO - [2024-01-09T10:53:38.733-0300] {dag.py:3722} INFO - Setting next_dagrun for example_dynamic_task_mapping to 2022-03-04T00:00:00+00:00, run_after=2022-03-05T00:00:00+00:00
[2024-01-09T10:53:38.749-0300] {processor.py:179} INFO - Processing /home/felipe/.local/lib/python3.11/site-packages/airflow/example_dags/example_dynamic_task_mapping.py took 0.069 seconds
[2024-01-09T10:56:04.556-0300] {processor.py:157} INFO - Started process (PID=14892) to work on /home/felipe/.local/lib/python3.11/site-packages/airflow/example_dags/example_dynamic_task_mapping.py
[2024-01-09T10:56:04.557-0300] {processor.py:829} INFO - Processing file /home/felipe/.local/lib/python3.11/site-packages/airflow/example_dags/example_dynamic_task_mapping.py for tasks to queue
[2024-01-09T10:56:04.557-0300] {logging_mixin.py:154} INFO - [2024-01-09T10:56:04.557-0300] {dagbag.py:536} INFO - Filling up the DagBag from /home/felipe/.local/lib/python3.11/site-packages/airflow/example_dags/example_dynamic_task_mapping.py
[2024-01-09T10:56:04.560-0300] {processor.py:839} INFO - DAG(s) dict_keys(['example_dynamic_task_mapping']) retrieved from /home/felipe/.local/lib/python3.11/site-packages/airflow/example_dags/example_dynamic_task_mapping.py
[2024-01-09T10:56:04.569-0300] {logging_mixin.py:154} INFO - [2024-01-09T10:56:04.569-0300] {dag.py:2941} INFO - Sync 1 DAGs
[2024-01-09T10:56:04.576-0300] {logging_mixin.py:154} INFO - [2024-01-09T10:56:04.576-0300] {dag.py:3722} INFO - Setting next_dagrun for example_dynamic_task_mapping to 2022-03-04T00:00:00+00:00, run_after=2022-03-05T00:00:00+00:00
[2024-01-09T10:56:04.595-0300] {processor.py:179} INFO - Processing /home/felipe/.local/lib/python3.11/site-packages/airflow/example_dags/example_dynamic_task_mapping.py took 0.041 seconds
[2024-01-09T10:58:14.094-0300] {processor.py:157} INFO - Started process (PID=15224) to work on /home/felipe/.local/lib/python3.11/site-packages/airflow/example_dags/example_dynamic_task_mapping.py
[2024-01-09T10:58:14.126-0300] {processor.py:829} INFO - Processing file /home/felipe/.local/lib/python3.11/site-packages/airflow/example_dags/example_dynamic_task_mapping.py for tasks to queue
[2024-01-09T10:58:14.126-0300] {logging_mixin.py:154} INFO - [2024-01-09T10:58:14.126-0300] {dagbag.py:536} INFO - Filling up the DagBag from /home/felipe/.local/lib/python3.11/site-packages/airflow/example_dags/example_dynamic_task_mapping.py
[2024-01-09T10:58:14.130-0300] {processor.py:839} INFO - DAG(s) dict_keys(['example_dynamic_task_mapping']) retrieved from /home/felipe/.local/lib/python3.11/site-packages/airflow/example_dags/example_dynamic_task_mapping.py
[2024-01-09T10:58:14.138-0300] {logging_mixin.py:154} INFO - [2024-01-09T10:58:14.138-0300] {dag.py:2941} INFO - Sync 1 DAGs
[2024-01-09T10:58:14.146-0300] {logging_mixin.py:154} INFO - [2024-01-09T10:58:14.146-0300] {dag.py:3722} INFO - Setting next_dagrun for example_dynamic_task_mapping to 2022-03-04T00:00:00+00:00, run_after=2022-03-05T00:00:00+00:00
[2024-01-09T10:58:14.162-0300] {processor.py:179} INFO - Processing /home/felipe/.local/lib/python3.11/site-packages/airflow/example_dags/example_dynamic_task_mapping.py took 0.070 seconds
[2024-01-09T10:59:58.355-0300] {processor.py:157} INFO - Started process (PID=15447) to work on /home/felipe/.local/lib/python3.11/site-packages/airflow/example_dags/example_dynamic_task_mapping.py
[2024-01-09T10:59:58.356-0300] {processor.py:829} INFO - Processing file /home/felipe/.local/lib/python3.11/site-packages/airflow/example_dags/example_dynamic_task_mapping.py for tasks to queue
[2024-01-09T10:59:58.356-0300] {logging_mixin.py:154} INFO - [2024-01-09T10:59:58.356-0300] {dagbag.py:536} INFO - Filling up the DagBag from /home/felipe/.local/lib/python3.11/site-packages/airflow/example_dags/example_dynamic_task_mapping.py
[2024-01-09T10:59:58.359-0300] {processor.py:839} INFO - DAG(s) dict_keys(['example_dynamic_task_mapping']) retrieved from /home/felipe/.local/lib/python3.11/site-packages/airflow/example_dags/example_dynamic_task_mapping.py
[2024-01-09T10:59:58.368-0300] {logging_mixin.py:154} INFO - [2024-01-09T10:59:58.367-0300] {dag.py:2941} INFO - Sync 1 DAGs
[2024-01-09T10:59:58.375-0300] {logging_mixin.py:154} INFO - [2024-01-09T10:59:58.375-0300] {dag.py:3722} INFO - Setting next_dagrun for example_dynamic_task_mapping to 2022-03-04T00:00:00+00:00, run_after=2022-03-05T00:00:00+00:00
[2024-01-09T10:59:58.384-0300] {processor.py:179} INFO - Processing /home/felipe/.local/lib/python3.11/site-packages/airflow/example_dags/example_dynamic_task_mapping.py took 0.031 seconds
[2024-01-09T11:02:26.993-0300] {processor.py:157} INFO - Started process (PID=15852) to work on /home/felipe/.local/lib/python3.11/site-packages/airflow/example_dags/example_dynamic_task_mapping.py
[2024-01-09T11:02:26.993-0300] {processor.py:829} INFO - Processing file /home/felipe/.local/lib/python3.11/site-packages/airflow/example_dags/example_dynamic_task_mapping.py for tasks to queue
[2024-01-09T11:02:26.994-0300] {logging_mixin.py:154} INFO - [2024-01-09T11:02:26.993-0300] {dagbag.py:536} INFO - Filling up the DagBag from /home/felipe/.local/lib/python3.11/site-packages/airflow/example_dags/example_dynamic_task_mapping.py
[2024-01-09T11:02:26.997-0300] {processor.py:839} INFO - DAG(s) dict_keys(['example_dynamic_task_mapping']) retrieved from /home/felipe/.local/lib/python3.11/site-packages/airflow/example_dags/example_dynamic_task_mapping.py
[2024-01-09T11:02:27.007-0300] {logging_mixin.py:154} INFO - [2024-01-09T11:02:27.007-0300] {dag.py:2941} INFO - Sync 1 DAGs
[2024-01-09T11:02:27.015-0300] {logging_mixin.py:154} INFO - [2024-01-09T11:02:27.015-0300] {dag.py:3722} INFO - Setting next_dagrun for example_dynamic_task_mapping to 2022-03-04T00:00:00+00:00, run_after=2022-03-05T00:00:00+00:00
[2024-01-09T11:02:27.032-0300] {processor.py:179} INFO - Processing /home/felipe/.local/lib/python3.11/site-packages/airflow/example_dags/example_dynamic_task_mapping.py took 0.042 seconds
[2024-01-09T20:52:46.966-0300] {processor.py:157} INFO - Started process (PID=36090) to work on /home/felipe/.local/lib/python3.11/site-packages/airflow/example_dags/example_dynamic_task_mapping.py
[2024-01-09T20:52:46.998-0300] {processor.py:829} INFO - Processing file /home/felipe/.local/lib/python3.11/site-packages/airflow/example_dags/example_dynamic_task_mapping.py for tasks to queue
[2024-01-09T20:52:46.999-0300] {logging_mixin.py:154} INFO - [2024-01-09T20:52:46.998-0300] {dagbag.py:536} INFO - Filling up the DagBag from /home/felipe/.local/lib/python3.11/site-packages/airflow/example_dags/example_dynamic_task_mapping.py
[2024-01-09T20:52:47.004-0300] {processor.py:839} INFO - DAG(s) dict_keys(['example_dynamic_task_mapping']) retrieved from /home/felipe/.local/lib/python3.11/site-packages/airflow/example_dags/example_dynamic_task_mapping.py
[2024-01-09T20:52:47.009-0300] {logging_mixin.py:154} INFO - [2024-01-09T20:52:47.009-0300] {dag.py:2941} INFO - Sync 1 DAGs
[2024-01-09T20:52:47.020-0300] {logging_mixin.py:154} INFO - [2024-01-09T20:52:47.020-0300] {dag.py:3722} INFO - Setting next_dagrun for example_dynamic_task_mapping to 2022-03-04T00:00:00+00:00, run_after=2022-03-05T00:00:00+00:00
[2024-01-09T20:52:47.036-0300] {processor.py:179} INFO - Processing /home/felipe/.local/lib/python3.11/site-packages/airflow/example_dags/example_dynamic_task_mapping.py took 0.073 seconds
[2024-01-09T20:53:36.421-0300] {processor.py:157} INFO - Started process (PID=36532) to work on /home/felipe/.local/lib/python3.11/site-packages/airflow/example_dags/example_dynamic_task_mapping.py
[2024-01-09T20:53:36.422-0300] {processor.py:829} INFO - Processing file /home/felipe/.local/lib/python3.11/site-packages/airflow/example_dags/example_dynamic_task_mapping.py for tasks to queue
[2024-01-09T20:53:36.422-0300] {logging_mixin.py:154} INFO - [2024-01-09T20:53:36.422-0300] {dagbag.py:536} INFO - Filling up the DagBag from /home/felipe/.local/lib/python3.11/site-packages/airflow/example_dags/example_dynamic_task_mapping.py
[2024-01-09T20:53:36.427-0300] {processor.py:839} INFO - DAG(s) dict_keys(['example_dynamic_task_mapping']) retrieved from /home/felipe/.local/lib/python3.11/site-packages/airflow/example_dags/example_dynamic_task_mapping.py
[2024-01-09T20:53:36.435-0300] {logging_mixin.py:154} INFO - [2024-01-09T20:53:36.435-0300] {dag.py:2941} INFO - Sync 1 DAGs
[2024-01-09T20:53:36.445-0300] {logging_mixin.py:154} INFO - [2024-01-09T20:53:36.445-0300] {dag.py:3722} INFO - Setting next_dagrun for example_dynamic_task_mapping to 2022-03-04T00:00:00+00:00, run_after=2022-03-05T00:00:00+00:00
[2024-01-09T20:53:36.466-0300] {processor.py:179} INFO - Processing /home/felipe/.local/lib/python3.11/site-packages/airflow/example_dags/example_dynamic_task_mapping.py took 0.046 seconds
[2024-01-09T20:54:22.473-0300] {processor.py:157} INFO - Started process (PID=36647) to work on /home/felipe/.local/lib/python3.11/site-packages/airflow/example_dags/example_dynamic_task_mapping.py
[2024-01-09T20:54:22.505-0300] {processor.py:829} INFO - Processing file /home/felipe/.local/lib/python3.11/site-packages/airflow/example_dags/example_dynamic_task_mapping.py for tasks to queue
[2024-01-09T20:54:22.506-0300] {logging_mixin.py:154} INFO - [2024-01-09T20:54:22.506-0300] {dagbag.py:536} INFO - Filling up the DagBag from /home/felipe/.local/lib/python3.11/site-packages/airflow/example_dags/example_dynamic_task_mapping.py
[2024-01-09T20:54:22.510-0300] {processor.py:839} INFO - DAG(s) dict_keys(['example_dynamic_task_mapping']) retrieved from /home/felipe/.local/lib/python3.11/site-packages/airflow/example_dags/example_dynamic_task_mapping.py
[2024-01-09T20:54:22.519-0300] {logging_mixin.py:154} INFO - [2024-01-09T20:54:22.519-0300] {dag.py:2941} INFO - Sync 1 DAGs
[2024-01-09T20:54:22.528-0300] {logging_mixin.py:154} INFO - [2024-01-09T20:54:22.528-0300] {dag.py:3722} INFO - Setting next_dagrun for example_dynamic_task_mapping to 2022-03-04T00:00:00+00:00, run_after=2022-03-05T00:00:00+00:00
[2024-01-09T20:54:22.544-0300] {processor.py:179} INFO - Processing /home/felipe/.local/lib/python3.11/site-packages/airflow/example_dags/example_dynamic_task_mapping.py took 0.073 seconds
[2024-01-09T20:55:01.303-0300] {processor.py:157} INFO - Started process (PID=36741) to work on /home/felipe/.local/lib/python3.11/site-packages/airflow/example_dags/example_dynamic_task_mapping.py
[2024-01-09T20:55:01.304-0300] {processor.py:829} INFO - Processing file /home/felipe/.local/lib/python3.11/site-packages/airflow/example_dags/example_dynamic_task_mapping.py for tasks to queue
[2024-01-09T20:55:01.305-0300] {logging_mixin.py:154} INFO - [2024-01-09T20:55:01.305-0300] {dagbag.py:536} INFO - Filling up the DagBag from /home/felipe/.local/lib/python3.11/site-packages/airflow/example_dags/example_dynamic_task_mapping.py
[2024-01-09T20:55:01.310-0300] {processor.py:839} INFO - DAG(s) dict_keys(['example_dynamic_task_mapping']) retrieved from /home/felipe/.local/lib/python3.11/site-packages/airflow/example_dags/example_dynamic_task_mapping.py
[2024-01-09T20:55:01.320-0300] {logging_mixin.py:154} INFO - [2024-01-09T20:55:01.320-0300] {dag.py:2941} INFO - Sync 1 DAGs
[2024-01-09T20:55:01.333-0300] {logging_mixin.py:154} INFO - [2024-01-09T20:55:01.333-0300] {dag.py:3722} INFO - Setting next_dagrun for example_dynamic_task_mapping to 2022-03-04T00:00:00+00:00, run_after=2022-03-05T00:00:00+00:00
[2024-01-09T20:55:01.352-0300] {processor.py:179} INFO - Processing /home/felipe/.local/lib/python3.11/site-packages/airflow/example_dags/example_dynamic_task_mapping.py took 0.051 seconds
[2024-01-09T20:55:38.693-0300] {processor.py:157} INFO - Started process (PID=36836) to work on /home/felipe/.local/lib/python3.11/site-packages/airflow/example_dags/example_dynamic_task_mapping.py
[2024-01-09T20:55:38.725-0300] {processor.py:829} INFO - Processing file /home/felipe/.local/lib/python3.11/site-packages/airflow/example_dags/example_dynamic_task_mapping.py for tasks to queue
[2024-01-09T20:55:38.726-0300] {logging_mixin.py:154} INFO - [2024-01-09T20:55:38.726-0300] {dagbag.py:536} INFO - Filling up the DagBag from /home/felipe/.local/lib/python3.11/site-packages/airflow/example_dags/example_dynamic_task_mapping.py
[2024-01-09T20:55:38.731-0300] {processor.py:839} INFO - DAG(s) dict_keys(['example_dynamic_task_mapping']) retrieved from /home/felipe/.local/lib/python3.11/site-packages/airflow/example_dags/example_dynamic_task_mapping.py
[2024-01-09T20:55:38.740-0300] {logging_mixin.py:154} INFO - [2024-01-09T20:55:38.740-0300] {dag.py:2941} INFO - Sync 1 DAGs
[2024-01-09T20:55:38.750-0300] {logging_mixin.py:154} INFO - [2024-01-09T20:55:38.750-0300] {dag.py:3722} INFO - Setting next_dagrun for example_dynamic_task_mapping to 2022-03-04T00:00:00+00:00, run_after=2022-03-05T00:00:00+00:00
[2024-01-09T20:55:38.767-0300] {processor.py:179} INFO - Processing /home/felipe/.local/lib/python3.11/site-packages/airflow/example_dags/example_dynamic_task_mapping.py took 0.075 seconds
[2024-01-09T20:56:13.612-0300] {processor.py:157} INFO - Started process (PID=36911) to work on /home/felipe/.local/lib/python3.11/site-packages/airflow/example_dags/example_dynamic_task_mapping.py
[2024-01-09T20:56:13.644-0300] {processor.py:829} INFO - Processing file /home/felipe/.local/lib/python3.11/site-packages/airflow/example_dags/example_dynamic_task_mapping.py for tasks to queue
[2024-01-09T20:56:13.645-0300] {logging_mixin.py:154} INFO - [2024-01-09T20:56:13.645-0300] {dagbag.py:536} INFO - Filling up the DagBag from /home/felipe/.local/lib/python3.11/site-packages/airflow/example_dags/example_dynamic_task_mapping.py
[2024-01-09T20:56:13.650-0300] {processor.py:839} INFO - DAG(s) dict_keys(['example_dynamic_task_mapping']) retrieved from /home/felipe/.local/lib/python3.11/site-packages/airflow/example_dags/example_dynamic_task_mapping.py
[2024-01-09T20:56:13.658-0300] {logging_mixin.py:154} INFO - [2024-01-09T20:56:13.658-0300] {dag.py:2941} INFO - Sync 1 DAGs
[2024-01-09T20:56:13.669-0300] {logging_mixin.py:154} INFO - [2024-01-09T20:56:13.669-0300] {dag.py:3722} INFO - Setting next_dagrun for example_dynamic_task_mapping to 2022-03-04T00:00:00+00:00, run_after=2022-03-05T00:00:00+00:00
[2024-01-09T20:56:13.686-0300] {processor.py:179} INFO - Processing /home/felipe/.local/lib/python3.11/site-packages/airflow/example_dags/example_dynamic_task_mapping.py took 0.076 seconds
[2024-01-09T20:56:49.701-0300] {processor.py:157} INFO - Started process (PID=36988) to work on /home/felipe/.local/lib/python3.11/site-packages/airflow/example_dags/example_dynamic_task_mapping.py
[2024-01-09T20:56:49.733-0300] {processor.py:829} INFO - Processing file /home/felipe/.local/lib/python3.11/site-packages/airflow/example_dags/example_dynamic_task_mapping.py for tasks to queue
[2024-01-09T20:56:49.733-0300] {logging_mixin.py:154} INFO - [2024-01-09T20:56:49.733-0300] {dagbag.py:536} INFO - Filling up the DagBag from /home/felipe/.local/lib/python3.11/site-packages/airflow/example_dags/example_dynamic_task_mapping.py
[2024-01-09T20:56:49.738-0300] {processor.py:839} INFO - DAG(s) dict_keys(['example_dynamic_task_mapping']) retrieved from /home/felipe/.local/lib/python3.11/site-packages/airflow/example_dags/example_dynamic_task_mapping.py
[2024-01-09T20:56:49.747-0300] {logging_mixin.py:154} INFO - [2024-01-09T20:56:49.747-0300] {dag.py:2941} INFO - Sync 1 DAGs
[2024-01-09T20:56:49.757-0300] {logging_mixin.py:154} INFO - [2024-01-09T20:56:49.757-0300] {dag.py:3722} INFO - Setting next_dagrun for example_dynamic_task_mapping to 2022-03-04T00:00:00+00:00, run_after=2022-03-05T00:00:00+00:00
[2024-01-09T20:56:49.774-0300] {processor.py:179} INFO - Processing /home/felipe/.local/lib/python3.11/site-packages/airflow/example_dags/example_dynamic_task_mapping.py took 0.075 seconds
[2024-01-09T20:57:38.848-0300] {processor.py:157} INFO - Started process (PID=37121) to work on /home/felipe/.local/lib/python3.11/site-packages/airflow/example_dags/example_dynamic_task_mapping.py
[2024-01-09T20:57:38.849-0300] {processor.py:829} INFO - Processing file /home/felipe/.local/lib/python3.11/site-packages/airflow/example_dags/example_dynamic_task_mapping.py for tasks to queue
[2024-01-09T20:57:38.849-0300] {logging_mixin.py:154} INFO - [2024-01-09T20:57:38.849-0300] {dagbag.py:536} INFO - Filling up the DagBag from /home/felipe/.local/lib/python3.11/site-packages/airflow/example_dags/example_dynamic_task_mapping.py
[2024-01-09T20:57:38.854-0300] {processor.py:839} INFO - DAG(s) dict_keys(['example_dynamic_task_mapping']) retrieved from /home/felipe/.local/lib/python3.11/site-packages/airflow/example_dags/example_dynamic_task_mapping.py
[2024-01-09T20:57:38.863-0300] {logging_mixin.py:154} INFO - [2024-01-09T20:57:38.863-0300] {dag.py:2941} INFO - Sync 1 DAGs
[2024-01-09T20:57:38.872-0300] {logging_mixin.py:154} INFO - [2024-01-09T20:57:38.872-0300] {dag.py:3722} INFO - Setting next_dagrun for example_dynamic_task_mapping to 2022-03-04T00:00:00+00:00, run_after=2022-03-05T00:00:00+00:00
[2024-01-09T20:57:38.882-0300] {processor.py:179} INFO - Processing /home/felipe/.local/lib/python3.11/site-packages/airflow/example_dags/example_dynamic_task_mapping.py took 0.035 seconds
[2024-01-09T20:58:29.880-0300] {processor.py:157} INFO - Started process (PID=37231) to work on /home/felipe/.local/lib/python3.11/site-packages/airflow/example_dags/example_dynamic_task_mapping.py
[2024-01-09T20:58:29.912-0300] {processor.py:829} INFO - Processing file /home/felipe/.local/lib/python3.11/site-packages/airflow/example_dags/example_dynamic_task_mapping.py for tasks to queue
[2024-01-09T20:58:29.912-0300] {logging_mixin.py:154} INFO - [2024-01-09T20:58:29.912-0300] {dagbag.py:536} INFO - Filling up the DagBag from /home/felipe/.local/lib/python3.11/site-packages/airflow/example_dags/example_dynamic_task_mapping.py
[2024-01-09T20:58:29.917-0300] {processor.py:839} INFO - DAG(s) dict_keys(['example_dynamic_task_mapping']) retrieved from /home/felipe/.local/lib/python3.11/site-packages/airflow/example_dags/example_dynamic_task_mapping.py
[2024-01-09T20:58:29.926-0300] {logging_mixin.py:154} INFO - [2024-01-09T20:58:29.926-0300] {dag.py:2941} INFO - Sync 1 DAGs
[2024-01-09T20:58:29.936-0300] {logging_mixin.py:154} INFO - [2024-01-09T20:58:29.935-0300] {dag.py:3722} INFO - Setting next_dagrun for example_dynamic_task_mapping to 2022-03-04T00:00:00+00:00, run_after=2022-03-05T00:00:00+00:00
[2024-01-09T20:58:29.952-0300] {processor.py:179} INFO - Processing /home/felipe/.local/lib/python3.11/site-packages/airflow/example_dags/example_dynamic_task_mapping.py took 0.074 seconds
[2024-01-09T20:59:04.918-0300] {processor.py:157} INFO - Started process (PID=37331) to work on /home/felipe/.local/lib/python3.11/site-packages/airflow/example_dags/example_dynamic_task_mapping.py
[2024-01-09T20:59:04.920-0300] {processor.py:829} INFO - Processing file /home/felipe/.local/lib/python3.11/site-packages/airflow/example_dags/example_dynamic_task_mapping.py for tasks to queue
[2024-01-09T20:59:04.921-0300] {logging_mixin.py:154} INFO - [2024-01-09T20:59:04.921-0300] {dagbag.py:536} INFO - Filling up the DagBag from /home/felipe/.local/lib/python3.11/site-packages/airflow/example_dags/example_dynamic_task_mapping.py
[2024-01-09T20:59:04.926-0300] {processor.py:839} INFO - DAG(s) dict_keys(['example_dynamic_task_mapping']) retrieved from /home/felipe/.local/lib/python3.11/site-packages/airflow/example_dags/example_dynamic_task_mapping.py
[2024-01-09T20:59:04.935-0300] {logging_mixin.py:154} INFO - [2024-01-09T20:59:04.935-0300] {dag.py:2941} INFO - Sync 1 DAGs
[2024-01-09T20:59:04.946-0300] {logging_mixin.py:154} INFO - [2024-01-09T20:59:04.946-0300] {dag.py:3722} INFO - Setting next_dagrun for example_dynamic_task_mapping to 2022-03-04T00:00:00+00:00, run_after=2022-03-05T00:00:00+00:00
[2024-01-09T20:59:04.973-0300] {processor.py:179} INFO - Processing /home/felipe/.local/lib/python3.11/site-packages/airflow/example_dags/example_dynamic_task_mapping.py took 0.057 seconds
[2024-01-09T20:59:40.941-0300] {processor.py:157} INFO - Started process (PID=37409) to work on /home/felipe/.local/lib/python3.11/site-packages/airflow/example_dags/example_dynamic_task_mapping.py
[2024-01-09T20:59:40.973-0300] {processor.py:829} INFO - Processing file /home/felipe/.local/lib/python3.11/site-packages/airflow/example_dags/example_dynamic_task_mapping.py for tasks to queue
[2024-01-09T20:59:40.974-0300] {logging_mixin.py:154} INFO - [2024-01-09T20:59:40.974-0300] {dagbag.py:536} INFO - Filling up the DagBag from /home/felipe/.local/lib/python3.11/site-packages/airflow/example_dags/example_dynamic_task_mapping.py
[2024-01-09T20:59:40.979-0300] {processor.py:839} INFO - DAG(s) dict_keys(['example_dynamic_task_mapping']) retrieved from /home/felipe/.local/lib/python3.11/site-packages/airflow/example_dags/example_dynamic_task_mapping.py
[2024-01-09T20:59:40.988-0300] {logging_mixin.py:154} INFO - [2024-01-09T20:59:40.988-0300] {dag.py:2941} INFO - Sync 1 DAGs
[2024-01-09T20:59:40.998-0300] {logging_mixin.py:154} INFO - [2024-01-09T20:59:40.998-0300] {dag.py:3722} INFO - Setting next_dagrun for example_dynamic_task_mapping to 2022-03-04T00:00:00+00:00, run_after=2022-03-05T00:00:00+00:00
[2024-01-09T20:59:41.008-0300] {processor.py:179} INFO - Processing /home/felipe/.local/lib/python3.11/site-packages/airflow/example_dags/example_dynamic_task_mapping.py took 0.069 seconds
