[2024-01-09T10:10:46.048-0300] {processor.py:157} INFO - Started process (PID=8593) to work on /home/felipe/.local/lib/python3.11/site-packages/airflow/example_dags/example_branch_python_dop_operator_3.py
[2024-01-09T10:10:46.049-0300] {processor.py:829} INFO - Processing file /home/felipe/.local/lib/python3.11/site-packages/airflow/example_dags/example_branch_python_dop_operator_3.py for tasks to queue
[2024-01-09T10:10:46.049-0300] {logging_mixin.py:154} INFO - [2024-01-09T10:10:46.049-0300] {dagbag.py:536} INFO - Filling up the DagBag from /home/felipe/.local/lib/python3.11/site-packages/airflow/example_dags/example_branch_python_dop_operator_3.py
[2024-01-09T10:10:46.054-0300] {processor.py:839} INFO - DAG(s) dict_keys(['example_branch_dop_operator_v3']) retrieved from /home/felipe/.local/lib/python3.11/site-packages/airflow/example_dags/example_branch_python_dop_operator_3.py
[2024-01-09T10:10:46.063-0300] {logging_mixin.py:154} INFO - [2024-01-09T10:10:46.063-0300] {dag.py:2941} INFO - Sync 1 DAGs
[2024-01-09T10:10:46.075-0300] {logging_mixin.py:154} INFO - [2024-01-09T10:10:46.075-0300] {dag.py:3722} INFO - Setting next_dagrun for example_branch_dop_operator_v3 to 2024-01-09T13:09:00+00:00, run_after=2024-01-09T13:10:00+00:00
[2024-01-09T10:10:46.117-0300] {processor.py:179} INFO - Processing /home/felipe/.local/lib/python3.11/site-packages/airflow/example_dags/example_branch_python_dop_operator_3.py took 0.070 seconds
[2024-01-09T10:11:57.813-0300] {processor.py:157} INFO - Started process (PID=8747) to work on /home/felipe/.local/lib/python3.11/site-packages/airflow/example_dags/example_branch_python_dop_operator_3.py
[2024-01-09T10:11:57.845-0300] {processor.py:829} INFO - Processing file /home/felipe/.local/lib/python3.11/site-packages/airflow/example_dags/example_branch_python_dop_operator_3.py for tasks to queue
[2024-01-09T10:11:57.845-0300] {logging_mixin.py:154} INFO - [2024-01-09T10:11:57.845-0300] {dagbag.py:536} INFO - Filling up the DagBag from /home/felipe/.local/lib/python3.11/site-packages/airflow/example_dags/example_branch_python_dop_operator_3.py
[2024-01-09T10:11:57.850-0300] {processor.py:839} INFO - DAG(s) dict_keys(['example_branch_dop_operator_v3']) retrieved from /home/felipe/.local/lib/python3.11/site-packages/airflow/example_dags/example_branch_python_dop_operator_3.py
[2024-01-09T10:11:57.859-0300] {logging_mixin.py:154} INFO - [2024-01-09T10:11:57.859-0300] {dag.py:2941} INFO - Sync 1 DAGs
[2024-01-09T10:11:57.871-0300] {logging_mixin.py:154} INFO - [2024-01-09T10:11:57.871-0300] {dag.py:3722} INFO - Setting next_dagrun for example_branch_dop_operator_v3 to 2024-01-09T13:10:00+00:00, run_after=2024-01-09T13:11:00+00:00
[2024-01-09T10:11:57.887-0300] {processor.py:179} INFO - Processing /home/felipe/.local/lib/python3.11/site-packages/airflow/example_dags/example_branch_python_dop_operator_3.py took 0.076 seconds
[2024-01-09T10:13:07.988-0300] {processor.py:157} INFO - Started process (PID=8877) to work on /home/felipe/.local/lib/python3.11/site-packages/airflow/example_dags/example_branch_python_dop_operator_3.py
[2024-01-09T10:13:08.021-0300] {processor.py:829} INFO - Processing file /home/felipe/.local/lib/python3.11/site-packages/airflow/example_dags/example_branch_python_dop_operator_3.py for tasks to queue
[2024-01-09T10:13:08.021-0300] {logging_mixin.py:154} INFO - [2024-01-09T10:13:08.021-0300] {dagbag.py:536} INFO - Filling up the DagBag from /home/felipe/.local/lib/python3.11/site-packages/airflow/example_dags/example_branch_python_dop_operator_3.py
[2024-01-09T10:13:08.027-0300] {processor.py:839} INFO - DAG(s) dict_keys(['example_branch_dop_operator_v3']) retrieved from /home/felipe/.local/lib/python3.11/site-packages/airflow/example_dags/example_branch_python_dop_operator_3.py
[2024-01-09T10:13:08.036-0300] {logging_mixin.py:154} INFO - [2024-01-09T10:13:08.036-0300] {dag.py:2941} INFO - Sync 1 DAGs
[2024-01-09T10:13:08.047-0300] {logging_mixin.py:154} INFO - [2024-01-09T10:13:08.047-0300] {dag.py:3722} INFO - Setting next_dagrun for example_branch_dop_operator_v3 to 2024-01-09T13:12:00+00:00, run_after=2024-01-09T13:13:00+00:00
[2024-01-09T10:13:08.064-0300] {processor.py:179} INFO - Processing /home/felipe/.local/lib/python3.11/site-packages/airflow/example_dags/example_branch_python_dop_operator_3.py took 0.078 seconds
[2024-01-09T10:14:25.802-0300] {processor.py:157} INFO - Started process (PID=9005) to work on /home/felipe/.local/lib/python3.11/site-packages/airflow/example_dags/example_branch_python_dop_operator_3.py
[2024-01-09T10:14:25.834-0300] {processor.py:829} INFO - Processing file /home/felipe/.local/lib/python3.11/site-packages/airflow/example_dags/example_branch_python_dop_operator_3.py for tasks to queue
[2024-01-09T10:14:25.834-0300] {logging_mixin.py:154} INFO - [2024-01-09T10:14:25.834-0300] {dagbag.py:536} INFO - Filling up the DagBag from /home/felipe/.local/lib/python3.11/site-packages/airflow/example_dags/example_branch_python_dop_operator_3.py
[2024-01-09T10:14:25.840-0300] {processor.py:839} INFO - DAG(s) dict_keys(['example_branch_dop_operator_v3']) retrieved from /home/felipe/.local/lib/python3.11/site-packages/airflow/example_dags/example_branch_python_dop_operator_3.py
[2024-01-09T10:14:25.849-0300] {logging_mixin.py:154} INFO - [2024-01-09T10:14:25.849-0300] {dag.py:2941} INFO - Sync 1 DAGs
[2024-01-09T10:14:25.861-0300] {logging_mixin.py:154} INFO - [2024-01-09T10:14:25.861-0300] {dag.py:3722} INFO - Setting next_dagrun for example_branch_dop_operator_v3 to 2024-01-09T13:13:00+00:00, run_after=2024-01-09T13:14:00+00:00
[2024-01-09T10:14:25.878-0300] {processor.py:179} INFO - Processing /home/felipe/.local/lib/python3.11/site-packages/airflow/example_dags/example_branch_python_dop_operator_3.py took 0.078 seconds
[2024-01-09T10:38:00.636-0300] {processor.py:157} INFO - Started process (PID=11736) to work on /home/felipe/.local/lib/python3.11/site-packages/airflow/example_dags/example_branch_python_dop_operator_3.py
[2024-01-09T10:38:00.668-0300] {processor.py:829} INFO - Processing file /home/felipe/.local/lib/python3.11/site-packages/airflow/example_dags/example_branch_python_dop_operator_3.py for tasks to queue
[2024-01-09T10:38:00.668-0300] {logging_mixin.py:154} INFO - [2024-01-09T10:38:00.668-0300] {dagbag.py:536} INFO - Filling up the DagBag from /home/felipe/.local/lib/python3.11/site-packages/airflow/example_dags/example_branch_python_dop_operator_3.py
[2024-01-09T10:38:00.673-0300] {processor.py:839} INFO - DAG(s) dict_keys(['example_branch_dop_operator_v3']) retrieved from /home/felipe/.local/lib/python3.11/site-packages/airflow/example_dags/example_branch_python_dop_operator_3.py
[2024-01-09T10:38:00.682-0300] {logging_mixin.py:154} INFO - [2024-01-09T10:38:00.682-0300] {dag.py:2941} INFO - Sync 1 DAGs
[2024-01-09T10:38:00.692-0300] {logging_mixin.py:154} INFO - [2024-01-09T10:38:00.692-0300] {dag.py:3722} INFO - Setting next_dagrun for example_branch_dop_operator_v3 to 2024-01-09T13:37:00+00:00, run_after=2024-01-09T13:38:00+00:00
[2024-01-09T10:38:00.708-0300] {processor.py:179} INFO - Processing /home/felipe/.local/lib/python3.11/site-packages/airflow/example_dags/example_branch_python_dop_operator_3.py took 0.074 seconds
[2024-01-09T10:38:51.404-0300] {processor.py:157} INFO - Started process (PID=11831) to work on /home/felipe/.local/lib/python3.11/site-packages/airflow/example_dags/example_branch_python_dop_operator_3.py
[2024-01-09T10:38:51.436-0300] {processor.py:829} INFO - Processing file /home/felipe/.local/lib/python3.11/site-packages/airflow/example_dags/example_branch_python_dop_operator_3.py for tasks to queue
[2024-01-09T10:38:51.437-0300] {logging_mixin.py:154} INFO - [2024-01-09T10:38:51.436-0300] {dagbag.py:536} INFO - Filling up the DagBag from /home/felipe/.local/lib/python3.11/site-packages/airflow/example_dags/example_branch_python_dop_operator_3.py
[2024-01-09T10:38:51.442-0300] {processor.py:839} INFO - DAG(s) dict_keys(['example_branch_dop_operator_v3']) retrieved from /home/felipe/.local/lib/python3.11/site-packages/airflow/example_dags/example_branch_python_dop_operator_3.py
[2024-01-09T10:38:51.451-0300] {logging_mixin.py:154} INFO - [2024-01-09T10:38:51.451-0300] {dag.py:2941} INFO - Sync 1 DAGs
[2024-01-09T10:38:51.460-0300] {logging_mixin.py:154} INFO - [2024-01-09T10:38:51.460-0300] {dag.py:3722} INFO - Setting next_dagrun for example_branch_dop_operator_v3 to 2024-01-09T13:37:00+00:00, run_after=2024-01-09T13:38:00+00:00
[2024-01-09T10:38:51.470-0300] {processor.py:179} INFO - Processing /home/felipe/.local/lib/python3.11/site-packages/airflow/example_dags/example_branch_python_dop_operator_3.py took 0.068 seconds
[2024-01-09T10:39:50.552-0300] {processor.py:157} INFO - Started process (PID=11947) to work on /home/felipe/.local/lib/python3.11/site-packages/airflow/example_dags/example_branch_python_dop_operator_3.py
[2024-01-09T10:39:50.584-0300] {processor.py:829} INFO - Processing file /home/felipe/.local/lib/python3.11/site-packages/airflow/example_dags/example_branch_python_dop_operator_3.py for tasks to queue
[2024-01-09T10:39:50.584-0300] {logging_mixin.py:154} INFO - [2024-01-09T10:39:50.584-0300] {dagbag.py:536} INFO - Filling up the DagBag from /home/felipe/.local/lib/python3.11/site-packages/airflow/example_dags/example_branch_python_dop_operator_3.py
[2024-01-09T10:39:50.589-0300] {processor.py:839} INFO - DAG(s) dict_keys(['example_branch_dop_operator_v3']) retrieved from /home/felipe/.local/lib/python3.11/site-packages/airflow/example_dags/example_branch_python_dop_operator_3.py
[2024-01-09T10:39:50.598-0300] {logging_mixin.py:154} INFO - [2024-01-09T10:39:50.598-0300] {dag.py:2941} INFO - Sync 1 DAGs
[2024-01-09T10:39:50.608-0300] {logging_mixin.py:154} INFO - [2024-01-09T10:39:50.608-0300] {dag.py:3722} INFO - Setting next_dagrun for example_branch_dop_operator_v3 to 2024-01-09T13:38:00+00:00, run_after=2024-01-09T13:39:00+00:00
[2024-01-09T10:39:50.624-0300] {processor.py:179} INFO - Processing /home/felipe/.local/lib/python3.11/site-packages/airflow/example_dags/example_branch_python_dop_operator_3.py took 0.075 seconds
[2024-01-09T10:40:44.856-0300] {processor.py:157} INFO - Started process (PID=12106) to work on /home/felipe/.local/lib/python3.11/site-packages/airflow/example_dags/example_branch_python_dop_operator_3.py
[2024-01-09T10:40:44.888-0300] {processor.py:829} INFO - Processing file /home/felipe/.local/lib/python3.11/site-packages/airflow/example_dags/example_branch_python_dop_operator_3.py for tasks to queue
[2024-01-09T10:40:44.889-0300] {logging_mixin.py:154} INFO - [2024-01-09T10:40:44.888-0300] {dagbag.py:536} INFO - Filling up the DagBag from /home/felipe/.local/lib/python3.11/site-packages/airflow/example_dags/example_branch_python_dop_operator_3.py
[2024-01-09T10:40:44.894-0300] {processor.py:839} INFO - DAG(s) dict_keys(['example_branch_dop_operator_v3']) retrieved from /home/felipe/.local/lib/python3.11/site-packages/airflow/example_dags/example_branch_python_dop_operator_3.py
[2024-01-09T10:40:44.902-0300] {logging_mixin.py:154} INFO - [2024-01-09T10:40:44.902-0300] {dag.py:2941} INFO - Sync 1 DAGs
[2024-01-09T10:40:44.912-0300] {logging_mixin.py:154} INFO - [2024-01-09T10:40:44.911-0300] {dag.py:3722} INFO - Setting next_dagrun for example_branch_dop_operator_v3 to 2024-01-09T13:39:00+00:00, run_after=2024-01-09T13:40:00+00:00
[2024-01-09T10:40:44.927-0300] {processor.py:179} INFO - Processing /home/felipe/.local/lib/python3.11/site-packages/airflow/example_dags/example_branch_python_dop_operator_3.py took 0.073 seconds
[2024-01-09T10:45:07.481-0300] {processor.py:157} INFO - Started process (PID=12693) to work on /home/felipe/.local/lib/python3.11/site-packages/airflow/example_dags/example_branch_python_dop_operator_3.py
[2024-01-09T10:45:07.502-0300] {processor.py:829} INFO - Processing file /home/felipe/.local/lib/python3.11/site-packages/airflow/example_dags/example_branch_python_dop_operator_3.py for tasks to queue
[2024-01-09T10:45:07.502-0300] {logging_mixin.py:154} INFO - [2024-01-09T10:45:07.502-0300] {dagbag.py:536} INFO - Filling up the DagBag from /home/felipe/.local/lib/python3.11/site-packages/airflow/example_dags/example_branch_python_dop_operator_3.py
[2024-01-09T10:45:07.507-0300] {processor.py:839} INFO - DAG(s) dict_keys(['example_branch_dop_operator_v3']) retrieved from /home/felipe/.local/lib/python3.11/site-packages/airflow/example_dags/example_branch_python_dop_operator_3.py
[2024-01-09T10:45:07.515-0300] {logging_mixin.py:154} INFO - [2024-01-09T10:45:07.515-0300] {dag.py:2941} INFO - Sync 1 DAGs
[2024-01-09T10:45:07.525-0300] {logging_mixin.py:154} INFO - [2024-01-09T10:45:07.525-0300] {dag.py:3722} INFO - Setting next_dagrun for example_branch_dop_operator_v3 to 2024-01-09T13:44:00+00:00, run_after=2024-01-09T13:45:00+00:00
[2024-01-09T10:45:07.542-0300] {processor.py:179} INFO - Processing /home/felipe/.local/lib/python3.11/site-packages/airflow/example_dags/example_branch_python_dop_operator_3.py took 0.063 seconds
[2024-01-09T10:50:48.772-0300] {processor.py:157} INFO - Started process (PID=13890) to work on /home/felipe/.local/lib/python3.11/site-packages/airflow/example_dags/example_branch_python_dop_operator_3.py
[2024-01-09T10:50:48.773-0300] {processor.py:829} INFO - Processing file /home/felipe/.local/lib/python3.11/site-packages/airflow/example_dags/example_branch_python_dop_operator_3.py for tasks to queue
[2024-01-09T10:50:48.773-0300] {logging_mixin.py:154} INFO - [2024-01-09T10:50:48.773-0300] {dagbag.py:536} INFO - Filling up the DagBag from /home/felipe/.local/lib/python3.11/site-packages/airflow/example_dags/example_branch_python_dop_operator_3.py
[2024-01-09T10:50:48.778-0300] {processor.py:839} INFO - DAG(s) dict_keys(['example_branch_dop_operator_v3']) retrieved from /home/felipe/.local/lib/python3.11/site-packages/airflow/example_dags/example_branch_python_dop_operator_3.py
[2024-01-09T10:50:48.787-0300] {logging_mixin.py:154} INFO - [2024-01-09T10:50:48.787-0300] {dag.py:2941} INFO - Sync 1 DAGs
[2024-01-09T10:50:48.797-0300] {logging_mixin.py:154} INFO - [2024-01-09T10:50:48.797-0300] {dag.py:3722} INFO - Setting next_dagrun for example_branch_dop_operator_v3 to 2024-01-09T13:49:00+00:00, run_after=2024-01-09T13:50:00+00:00
[2024-01-09T10:50:48.806-0300] {processor.py:179} INFO - Processing /home/felipe/.local/lib/python3.11/site-packages/airflow/example_dags/example_branch_python_dop_operator_3.py took 0.036 seconds
[2024-01-09T10:54:02.097-0300] {processor.py:157} INFO - Started process (PID=14404) to work on /home/felipe/.local/lib/python3.11/site-packages/airflow/example_dags/example_branch_python_dop_operator_3.py
[2024-01-09T10:54:02.129-0300] {processor.py:829} INFO - Processing file /home/felipe/.local/lib/python3.11/site-packages/airflow/example_dags/example_branch_python_dop_operator_3.py for tasks to queue
[2024-01-09T10:54:02.129-0300] {logging_mixin.py:154} INFO - [2024-01-09T10:54:02.129-0300] {dagbag.py:536} INFO - Filling up the DagBag from /home/felipe/.local/lib/python3.11/site-packages/airflow/example_dags/example_branch_python_dop_operator_3.py
[2024-01-09T10:54:02.134-0300] {processor.py:839} INFO - DAG(s) dict_keys(['example_branch_dop_operator_v3']) retrieved from /home/felipe/.local/lib/python3.11/site-packages/airflow/example_dags/example_branch_python_dop_operator_3.py
[2024-01-09T10:54:02.142-0300] {logging_mixin.py:154} INFO - [2024-01-09T10:54:02.142-0300] {dag.py:2941} INFO - Sync 1 DAGs
[2024-01-09T10:54:02.152-0300] {logging_mixin.py:154} INFO - [2024-01-09T10:54:02.152-0300] {dag.py:3722} INFO - Setting next_dagrun for example_branch_dop_operator_v3 to 2024-01-09T13:53:00+00:00, run_after=2024-01-09T13:54:00+00:00
[2024-01-09T10:54:02.168-0300] {processor.py:179} INFO - Processing /home/felipe/.local/lib/python3.11/site-packages/airflow/example_dags/example_branch_python_dop_operator_3.py took 0.073 seconds
[2024-01-09T10:57:12.365-0300] {processor.py:157} INFO - Started process (PID=15068) to work on /home/felipe/.local/lib/python3.11/site-packages/airflow/example_dags/example_branch_python_dop_operator_3.py
[2024-01-09T10:57:12.397-0300] {processor.py:829} INFO - Processing file /home/felipe/.local/lib/python3.11/site-packages/airflow/example_dags/example_branch_python_dop_operator_3.py for tasks to queue
[2024-01-09T10:57:12.397-0300] {logging_mixin.py:154} INFO - [2024-01-09T10:57:12.397-0300] {dagbag.py:536} INFO - Filling up the DagBag from /home/felipe/.local/lib/python3.11/site-packages/airflow/example_dags/example_branch_python_dop_operator_3.py
[2024-01-09T10:57:12.402-0300] {processor.py:839} INFO - DAG(s) dict_keys(['example_branch_dop_operator_v3']) retrieved from /home/felipe/.local/lib/python3.11/site-packages/airflow/example_dags/example_branch_python_dop_operator_3.py
[2024-01-09T10:57:12.411-0300] {logging_mixin.py:154} INFO - [2024-01-09T10:57:12.411-0300] {dag.py:2941} INFO - Sync 1 DAGs
[2024-01-09T10:57:12.421-0300] {logging_mixin.py:154} INFO - [2024-01-09T10:57:12.421-0300] {dag.py:3722} INFO - Setting next_dagrun for example_branch_dop_operator_v3 to 2024-01-09T13:56:00+00:00, run_after=2024-01-09T13:57:00+00:00
[2024-01-09T10:57:12.438-0300] {processor.py:179} INFO - Processing /home/felipe/.local/lib/python3.11/site-packages/airflow/example_dags/example_branch_python_dop_operator_3.py took 0.075 seconds
[2024-01-09T11:01:26.519-0300] {processor.py:157} INFO - Started process (PID=15697) to work on /home/felipe/.local/lib/python3.11/site-packages/airflow/example_dags/example_branch_python_dop_operator_3.py
[2024-01-09T11:01:26.551-0300] {processor.py:829} INFO - Processing file /home/felipe/.local/lib/python3.11/site-packages/airflow/example_dags/example_branch_python_dop_operator_3.py for tasks to queue
[2024-01-09T11:01:26.552-0300] {logging_mixin.py:154} INFO - [2024-01-09T11:01:26.551-0300] {dagbag.py:536} INFO - Filling up the DagBag from /home/felipe/.local/lib/python3.11/site-packages/airflow/example_dags/example_branch_python_dop_operator_3.py
[2024-01-09T11:01:26.557-0300] {processor.py:839} INFO - DAG(s) dict_keys(['example_branch_dop_operator_v3']) retrieved from /home/felipe/.local/lib/python3.11/site-packages/airflow/example_dags/example_branch_python_dop_operator_3.py
[2024-01-09T11:01:26.565-0300] {logging_mixin.py:154} INFO - [2024-01-09T11:01:26.565-0300] {dag.py:2941} INFO - Sync 1 DAGs
[2024-01-09T11:01:26.575-0300] {logging_mixin.py:154} INFO - [2024-01-09T11:01:26.575-0300] {dag.py:3722} INFO - Setting next_dagrun for example_branch_dop_operator_v3 to 2024-01-09T14:00:00+00:00, run_after=2024-01-09T14:01:00+00:00
[2024-01-09T11:01:26.592-0300] {processor.py:179} INFO - Processing /home/felipe/.local/lib/python3.11/site-packages/airflow/example_dags/example_branch_python_dop_operator_3.py took 0.075 seconds
[2024-01-09T20:53:22.498-0300] {processor.py:157} INFO - Started process (PID=36433) to work on /home/felipe/.local/lib/python3.11/site-packages/airflow/example_dags/example_branch_python_dop_operator_3.py
[2024-01-09T20:53:22.499-0300] {processor.py:829} INFO - Processing file /home/felipe/.local/lib/python3.11/site-packages/airflow/example_dags/example_branch_python_dop_operator_3.py for tasks to queue
[2024-01-09T20:53:22.500-0300] {logging_mixin.py:154} INFO - [2024-01-09T20:53:22.500-0300] {dagbag.py:536} INFO - Filling up the DagBag from /home/felipe/.local/lib/python3.11/site-packages/airflow/example_dags/example_branch_python_dop_operator_3.py
[2024-01-09T20:53:22.507-0300] {processor.py:839} INFO - DAG(s) dict_keys(['example_branch_dop_operator_v3']) retrieved from /home/felipe/.local/lib/python3.11/site-packages/airflow/example_dags/example_branch_python_dop_operator_3.py
[2024-01-09T20:53:22.522-0300] {logging_mixin.py:154} INFO - [2024-01-09T20:53:22.521-0300] {dag.py:2941} INFO - Sync 1 DAGs
[2024-01-09T20:53:22.540-0300] {logging_mixin.py:154} INFO - [2024-01-09T20:53:22.540-0300] {dag.py:3722} INFO - Setting next_dagrun for example_branch_dop_operator_v3 to 2024-01-09T23:52:00+00:00, run_after=2024-01-09T23:53:00+00:00
[2024-01-09T20:53:22.561-0300] {processor.py:179} INFO - Processing /home/felipe/.local/lib/python3.11/site-packages/airflow/example_dags/example_branch_python_dop_operator_3.py took 0.065 seconds
[2024-01-09T20:54:18.475-0300] {processor.py:157} INFO - Started process (PID=36639) to work on /home/felipe/.local/lib/python3.11/site-packages/airflow/example_dags/example_branch_python_dop_operator_3.py
[2024-01-09T20:54:18.475-0300] {processor.py:829} INFO - Processing file /home/felipe/.local/lib/python3.11/site-packages/airflow/example_dags/example_branch_python_dop_operator_3.py for tasks to queue
[2024-01-09T20:54:18.476-0300] {logging_mixin.py:154} INFO - [2024-01-09T20:54:18.476-0300] {dagbag.py:536} INFO - Filling up the DagBag from /home/felipe/.local/lib/python3.11/site-packages/airflow/example_dags/example_branch_python_dop_operator_3.py
[2024-01-09T20:54:18.481-0300] {processor.py:839} INFO - DAG(s) dict_keys(['example_branch_dop_operator_v3']) retrieved from /home/felipe/.local/lib/python3.11/site-packages/airflow/example_dags/example_branch_python_dop_operator_3.py
[2024-01-09T20:54:18.490-0300] {logging_mixin.py:154} INFO - [2024-01-09T20:54:18.490-0300] {dag.py:2941} INFO - Sync 1 DAGs
[2024-01-09T20:54:18.506-0300] {logging_mixin.py:154} INFO - [2024-01-09T20:54:18.506-0300] {dag.py:3722} INFO - Setting next_dagrun for example_branch_dop_operator_v3 to 2024-01-09T23:53:00+00:00, run_after=2024-01-09T23:54:00+00:00
[2024-01-09T20:54:18.518-0300] {processor.py:179} INFO - Processing /home/felipe/.local/lib/python3.11/site-packages/airflow/example_dags/example_branch_python_dop_operator_3.py took 0.046 seconds
[2024-01-09T20:55:10.689-0300] {processor.py:157} INFO - Started process (PID=36756) to work on /home/felipe/.local/lib/python3.11/site-packages/airflow/example_dags/example_branch_python_dop_operator_3.py
[2024-01-09T20:55:10.721-0300] {processor.py:829} INFO - Processing file /home/felipe/.local/lib/python3.11/site-packages/airflow/example_dags/example_branch_python_dop_operator_3.py for tasks to queue
[2024-01-09T20:55:10.721-0300] {logging_mixin.py:154} INFO - [2024-01-09T20:55:10.721-0300] {dagbag.py:536} INFO - Filling up the DagBag from /home/felipe/.local/lib/python3.11/site-packages/airflow/example_dags/example_branch_python_dop_operator_3.py
[2024-01-09T20:55:10.726-0300] {processor.py:839} INFO - DAG(s) dict_keys(['example_branch_dop_operator_v3']) retrieved from /home/felipe/.local/lib/python3.11/site-packages/airflow/example_dags/example_branch_python_dop_operator_3.py
[2024-01-09T20:55:10.736-0300] {logging_mixin.py:154} INFO - [2024-01-09T20:55:10.735-0300] {dag.py:2941} INFO - Sync 1 DAGs
[2024-01-09T20:55:10.747-0300] {logging_mixin.py:154} INFO - [2024-01-09T20:55:10.747-0300] {dag.py:3722} INFO - Setting next_dagrun for example_branch_dop_operator_v3 to 2024-01-09T23:54:00+00:00, run_after=2024-01-09T23:55:00+00:00
[2024-01-09T20:55:10.764-0300] {processor.py:179} INFO - Processing /home/felipe/.local/lib/python3.11/site-packages/airflow/example_dags/example_branch_python_dop_operator_3.py took 0.077 seconds
[2024-01-09T20:56:03.742-0300] {processor.py:157} INFO - Started process (PID=36890) to work on /home/felipe/.local/lib/python3.11/site-packages/airflow/example_dags/example_branch_python_dop_operator_3.py
[2024-01-09T20:56:03.774-0300] {processor.py:829} INFO - Processing file /home/felipe/.local/lib/python3.11/site-packages/airflow/example_dags/example_branch_python_dop_operator_3.py for tasks to queue
[2024-01-09T20:56:03.774-0300] {logging_mixin.py:154} INFO - [2024-01-09T20:56:03.774-0300] {dagbag.py:536} INFO - Filling up the DagBag from /home/felipe/.local/lib/python3.11/site-packages/airflow/example_dags/example_branch_python_dop_operator_3.py
[2024-01-09T20:56:03.780-0300] {processor.py:839} INFO - DAG(s) dict_keys(['example_branch_dop_operator_v3']) retrieved from /home/felipe/.local/lib/python3.11/site-packages/airflow/example_dags/example_branch_python_dop_operator_3.py
[2024-01-09T20:56:03.789-0300] {logging_mixin.py:154} INFO - [2024-01-09T20:56:03.789-0300] {dag.py:2941} INFO - Sync 1 DAGs
[2024-01-09T20:56:03.801-0300] {logging_mixin.py:154} INFO - [2024-01-09T20:56:03.801-0300] {dag.py:3722} INFO - Setting next_dagrun for example_branch_dop_operator_v3 to 2024-01-09T23:55:00+00:00, run_after=2024-01-09T23:56:00+00:00
[2024-01-09T20:56:03.819-0300] {processor.py:179} INFO - Processing /home/felipe/.local/lib/python3.11/site-packages/airflow/example_dags/example_branch_python_dop_operator_3.py took 0.079 seconds
[2024-01-09T20:56:57.708-0300] {processor.py:157} INFO - Started process (PID=36997) to work on /home/felipe/.local/lib/python3.11/site-packages/airflow/example_dags/example_branch_python_dop_operator_3.py
[2024-01-09T20:56:57.740-0300] {processor.py:829} INFO - Processing file /home/felipe/.local/lib/python3.11/site-packages/airflow/example_dags/example_branch_python_dop_operator_3.py for tasks to queue
[2024-01-09T20:56:57.741-0300] {logging_mixin.py:154} INFO - [2024-01-09T20:56:57.741-0300] {dagbag.py:536} INFO - Filling up the DagBag from /home/felipe/.local/lib/python3.11/site-packages/airflow/example_dags/example_branch_python_dop_operator_3.py
[2024-01-09T20:56:57.747-0300] {processor.py:839} INFO - DAG(s) dict_keys(['example_branch_dop_operator_v3']) retrieved from /home/felipe/.local/lib/python3.11/site-packages/airflow/example_dags/example_branch_python_dop_operator_3.py
[2024-01-09T20:56:57.756-0300] {logging_mixin.py:154} INFO - [2024-01-09T20:56:57.756-0300] {dag.py:2941} INFO - Sync 1 DAGs
[2024-01-09T20:56:57.768-0300] {logging_mixin.py:154} INFO - [2024-01-09T20:56:57.768-0300] {dag.py:3722} INFO - Setting next_dagrun for example_branch_dop_operator_v3 to 2024-01-09T23:55:00+00:00, run_after=2024-01-09T23:56:00+00:00
[2024-01-09T20:56:57.786-0300] {processor.py:179} INFO - Processing /home/felipe/.local/lib/python3.11/site-packages/airflow/example_dags/example_branch_python_dop_operator_3.py took 0.079 seconds
[2024-01-09T20:57:47.118-0300] {processor.py:157} INFO - Started process (PID=37130) to work on /home/felipe/.local/lib/python3.11/site-packages/airflow/example_dags/example_branch_python_dop_operator_3.py
[2024-01-09T20:57:47.118-0300] {processor.py:829} INFO - Processing file /home/felipe/.local/lib/python3.11/site-packages/airflow/example_dags/example_branch_python_dop_operator_3.py for tasks to queue
[2024-01-09T20:57:47.119-0300] {logging_mixin.py:154} INFO - [2024-01-09T20:57:47.119-0300] {dagbag.py:536} INFO - Filling up the DagBag from /home/felipe/.local/lib/python3.11/site-packages/airflow/example_dags/example_branch_python_dop_operator_3.py
[2024-01-09T20:57:47.124-0300] {processor.py:839} INFO - DAG(s) dict_keys(['example_branch_dop_operator_v3']) retrieved from /home/felipe/.local/lib/python3.11/site-packages/airflow/example_dags/example_branch_python_dop_operator_3.py
[2024-01-09T20:57:47.133-0300] {logging_mixin.py:154} INFO - [2024-01-09T20:57:47.133-0300] {dag.py:2941} INFO - Sync 1 DAGs
[2024-01-09T20:57:47.144-0300] {logging_mixin.py:154} INFO - [2024-01-09T20:57:47.144-0300] {dag.py:3722} INFO - Setting next_dagrun for example_branch_dop_operator_v3 to 2024-01-09T23:56:00+00:00, run_after=2024-01-09T23:57:00+00:00
[2024-01-09T20:57:47.154-0300] {processor.py:179} INFO - Processing /home/felipe/.local/lib/python3.11/site-packages/airflow/example_dags/example_branch_python_dop_operator_3.py took 0.038 seconds
[2024-01-09T20:58:40.119-0300] {processor.py:157} INFO - Started process (PID=37244) to work on /home/felipe/.local/lib/python3.11/site-packages/airflow/example_dags/example_branch_python_dop_operator_3.py
[2024-01-09T20:58:40.151-0300] {processor.py:829} INFO - Processing file /home/felipe/.local/lib/python3.11/site-packages/airflow/example_dags/example_branch_python_dop_operator_3.py for tasks to queue
[2024-01-09T20:58:40.152-0300] {logging_mixin.py:154} INFO - [2024-01-09T20:58:40.152-0300] {dagbag.py:536} INFO - Filling up the DagBag from /home/felipe/.local/lib/python3.11/site-packages/airflow/example_dags/example_branch_python_dop_operator_3.py
[2024-01-09T20:58:40.157-0300] {processor.py:839} INFO - DAG(s) dict_keys(['example_branch_dop_operator_v3']) retrieved from /home/felipe/.local/lib/python3.11/site-packages/airflow/example_dags/example_branch_python_dop_operator_3.py
[2024-01-09T20:58:40.167-0300] {logging_mixin.py:154} INFO - [2024-01-09T20:58:40.167-0300] {dag.py:2941} INFO - Sync 1 DAGs
[2024-01-09T20:58:40.179-0300] {logging_mixin.py:154} INFO - [2024-01-09T20:58:40.179-0300] {dag.py:3722} INFO - Setting next_dagrun for example_branch_dop_operator_v3 to 2024-01-09T23:57:00+00:00, run_after=2024-01-09T23:58:00+00:00
[2024-01-09T20:58:40.196-0300] {processor.py:179} INFO - Processing /home/felipe/.local/lib/python3.11/site-packages/airflow/example_dags/example_branch_python_dop_operator_3.py took 0.079 seconds
[2024-01-09T20:59:31.841-0300] {processor.py:157} INFO - Started process (PID=37388) to work on /home/felipe/.local/lib/python3.11/site-packages/airflow/example_dags/example_branch_python_dop_operator_3.py
[2024-01-09T20:59:31.873-0300] {processor.py:829} INFO - Processing file /home/felipe/.local/lib/python3.11/site-packages/airflow/example_dags/example_branch_python_dop_operator_3.py for tasks to queue
[2024-01-09T20:59:31.874-0300] {logging_mixin.py:154} INFO - [2024-01-09T20:59:31.873-0300] {dagbag.py:536} INFO - Filling up the DagBag from /home/felipe/.local/lib/python3.11/site-packages/airflow/example_dags/example_branch_python_dop_operator_3.py
[2024-01-09T20:59:31.879-0300] {processor.py:839} INFO - DAG(s) dict_keys(['example_branch_dop_operator_v3']) retrieved from /home/felipe/.local/lib/python3.11/site-packages/airflow/example_dags/example_branch_python_dop_operator_3.py
[2024-01-09T20:59:31.889-0300] {logging_mixin.py:154} INFO - [2024-01-09T20:59:31.889-0300] {dag.py:2941} INFO - Sync 1 DAGs
[2024-01-09T20:59:31.901-0300] {logging_mixin.py:154} INFO - [2024-01-09T20:59:31.901-0300] {dag.py:3722} INFO - Setting next_dagrun for example_branch_dop_operator_v3 to 2024-01-09T23:58:00+00:00, run_after=2024-01-09T23:59:00+00:00
[2024-01-09T20:59:31.919-0300] {processor.py:179} INFO - Processing /home/felipe/.local/lib/python3.11/site-packages/airflow/example_dags/example_branch_python_dop_operator_3.py took 0.080 seconds
