[2024-01-09T10:10:19.651-0300] {processor.py:157} INFO - Started process (PID=8535) to work on /home/felipe/.local/lib/python3.11/site-packages/airflow/example_dags/example_short_circuit_operator.py
[2024-01-09T10:10:19.651-0300] {processor.py:829} INFO - Processing file /home/felipe/.local/lib/python3.11/site-packages/airflow/example_dags/example_short_circuit_operator.py for tasks to queue
[2024-01-09T10:10:19.652-0300] {logging_mixin.py:154} INFO - [2024-01-09T10:10:19.651-0300] {dagbag.py:536} INFO - Filling up the DagBag from /home/felipe/.local/lib/python3.11/site-packages/airflow/example_dags/example_short_circuit_operator.py
[2024-01-09T10:10:19.660-0300] {processor.py:839} INFO - DAG(s) dict_keys(['example_short_circuit_operator']) retrieved from /home/felipe/.local/lib/python3.11/site-packages/airflow/example_dags/example_short_circuit_operator.py
[2024-01-09T10:10:19.665-0300] {logging_mixin.py:154} INFO - [2024-01-09T10:10:19.665-0300] {dag.py:2941} INFO - Sync 1 DAGs
[2024-01-09T10:10:19.676-0300] {logging_mixin.py:154} INFO - [2024-01-09T10:10:19.676-0300] {dag.py:3722} INFO - Setting next_dagrun for example_short_circuit_operator to 2024-01-08T13:10:19.676565+00:00, run_after=2024-01-09T13:10:19.676565+00:00
[2024-01-09T10:10:19.718-0300] {processor.py:179} INFO - Processing /home/felipe/.local/lib/python3.11/site-packages/airflow/example_dags/example_short_circuit_operator.py took 0.069 seconds
[2024-01-09T10:11:13.769-0300] {processor.py:157} INFO - Started process (PID=8664) to work on /home/felipe/.local/lib/python3.11/site-packages/airflow/example_dags/example_short_circuit_operator.py
[2024-01-09T10:11:13.801-0300] {processor.py:829} INFO - Processing file /home/felipe/.local/lib/python3.11/site-packages/airflow/example_dags/example_short_circuit_operator.py for tasks to queue
[2024-01-09T10:11:13.801-0300] {logging_mixin.py:154} INFO - [2024-01-09T10:11:13.801-0300] {dagbag.py:536} INFO - Filling up the DagBag from /home/felipe/.local/lib/python3.11/site-packages/airflow/example_dags/example_short_circuit_operator.py
[2024-01-09T10:11:13.807-0300] {processor.py:839} INFO - DAG(s) dict_keys(['example_short_circuit_operator']) retrieved from /home/felipe/.local/lib/python3.11/site-packages/airflow/example_dags/example_short_circuit_operator.py
[2024-01-09T10:11:13.817-0300] {logging_mixin.py:154} INFO - [2024-01-09T10:11:13.817-0300] {dag.py:2941} INFO - Sync 1 DAGs
[2024-01-09T10:11:13.827-0300] {logging_mixin.py:154} INFO - [2024-01-09T10:11:13.827-0300] {dag.py:3722} INFO - Setting next_dagrun for example_short_circuit_operator to 2024-01-08T13:11:13.827426+00:00, run_after=2024-01-09T13:11:13.827426+00:00
[2024-01-09T10:11:13.844-0300] {processor.py:179} INFO - Processing /home/felipe/.local/lib/python3.11/site-packages/airflow/example_dags/example_short_circuit_operator.py took 0.077 seconds
[2024-01-09T10:12:06.945-0300] {processor.py:157} INFO - Started process (PID=8757) to work on /home/felipe/.local/lib/python3.11/site-packages/airflow/example_dags/example_short_circuit_operator.py
[2024-01-09T10:12:06.977-0300] {processor.py:829} INFO - Processing file /home/felipe/.local/lib/python3.11/site-packages/airflow/example_dags/example_short_circuit_operator.py for tasks to queue
[2024-01-09T10:12:06.978-0300] {logging_mixin.py:154} INFO - [2024-01-09T10:12:06.977-0300] {dagbag.py:536} INFO - Filling up the DagBag from /home/felipe/.local/lib/python3.11/site-packages/airflow/example_dags/example_short_circuit_operator.py
[2024-01-09T10:12:06.984-0300] {processor.py:839} INFO - DAG(s) dict_keys(['example_short_circuit_operator']) retrieved from /home/felipe/.local/lib/python3.11/site-packages/airflow/example_dags/example_short_circuit_operator.py
[2024-01-09T10:12:06.994-0300] {logging_mixin.py:154} INFO - [2024-01-09T10:12:06.994-0300] {dag.py:2941} INFO - Sync 1 DAGs
[2024-01-09T10:12:07.004-0300] {logging_mixin.py:154} INFO - [2024-01-09T10:12:07.004-0300] {dag.py:3722} INFO - Setting next_dagrun for example_short_circuit_operator to 2024-01-08T13:12:07.003965+00:00, run_after=2024-01-09T13:12:07.003965+00:00
[2024-01-09T10:12:07.021-0300] {processor.py:179} INFO - Processing /home/felipe/.local/lib/python3.11/site-packages/airflow/example_dags/example_short_circuit_operator.py took 0.078 seconds
[2024-01-09T10:12:54.857-0300] {processor.py:157} INFO - Started process (PID=8862) to work on /home/felipe/.local/lib/python3.11/site-packages/airflow/example_dags/example_short_circuit_operator.py
[2024-01-09T10:12:54.862-0300] {processor.py:829} INFO - Processing file /home/felipe/.local/lib/python3.11/site-packages/airflow/example_dags/example_short_circuit_operator.py for tasks to queue
[2024-01-09T10:12:54.862-0300] {logging_mixin.py:154} INFO - [2024-01-09T10:12:54.862-0300] {dagbag.py:536} INFO - Filling up the DagBag from /home/felipe/.local/lib/python3.11/site-packages/airflow/example_dags/example_short_circuit_operator.py
[2024-01-09T10:12:54.867-0300] {processor.py:839} INFO - DAG(s) dict_keys(['example_short_circuit_operator']) retrieved from /home/felipe/.local/lib/python3.11/site-packages/airflow/example_dags/example_short_circuit_operator.py
[2024-01-09T10:12:54.877-0300] {logging_mixin.py:154} INFO - [2024-01-09T10:12:54.876-0300] {dag.py:2941} INFO - Sync 1 DAGs
[2024-01-09T10:12:54.886-0300] {logging_mixin.py:154} INFO - [2024-01-09T10:12:54.886-0300] {dag.py:3722} INFO - Setting next_dagrun for example_short_circuit_operator to 2024-01-08T13:12:54.886208+00:00, run_after=2024-01-09T13:12:54.886208+00:00
[2024-01-09T10:12:54.897-0300] {processor.py:179} INFO - Processing /home/felipe/.local/lib/python3.11/site-packages/airflow/example_dags/example_short_circuit_operator.py took 0.042 seconds
[2024-01-09T10:13:41.799-0300] {processor.py:157} INFO - Started process (PID=8938) to work on /home/felipe/.local/lib/python3.11/site-packages/airflow/example_dags/example_short_circuit_operator.py
[2024-01-09T10:13:41.831-0300] {processor.py:829} INFO - Processing file /home/felipe/.local/lib/python3.11/site-packages/airflow/example_dags/example_short_circuit_operator.py for tasks to queue
[2024-01-09T10:13:41.831-0300] {logging_mixin.py:154} INFO - [2024-01-09T10:13:41.831-0300] {dagbag.py:536} INFO - Filling up the DagBag from /home/felipe/.local/lib/python3.11/site-packages/airflow/example_dags/example_short_circuit_operator.py
[2024-01-09T10:13:41.836-0300] {processor.py:839} INFO - DAG(s) dict_keys(['example_short_circuit_operator']) retrieved from /home/felipe/.local/lib/python3.11/site-packages/airflow/example_dags/example_short_circuit_operator.py
[2024-01-09T10:13:41.846-0300] {logging_mixin.py:154} INFO - [2024-01-09T10:13:41.846-0300] {dag.py:2941} INFO - Sync 1 DAGs
[2024-01-09T10:13:41.856-0300] {logging_mixin.py:154} INFO - [2024-01-09T10:13:41.856-0300] {dag.py:3722} INFO - Setting next_dagrun for example_short_circuit_operator to 2024-01-08T13:13:41.855972+00:00, run_after=2024-01-09T13:13:41.855972+00:00
[2024-01-09T10:13:41.873-0300] {processor.py:179} INFO - Processing /home/felipe/.local/lib/python3.11/site-packages/airflow/example_dags/example_short_circuit_operator.py took 0.076 seconds
[2024-01-09T10:14:33.809-0300] {processor.py:157} INFO - Started process (PID=9015) to work on /home/felipe/.local/lib/python3.11/site-packages/airflow/example_dags/example_short_circuit_operator.py
[2024-01-09T10:14:33.810-0300] {processor.py:829} INFO - Processing file /home/felipe/.local/lib/python3.11/site-packages/airflow/example_dags/example_short_circuit_operator.py for tasks to queue
[2024-01-09T10:14:33.810-0300] {logging_mixin.py:154} INFO - [2024-01-09T10:14:33.810-0300] {dagbag.py:536} INFO - Filling up the DagBag from /home/felipe/.local/lib/python3.11/site-packages/airflow/example_dags/example_short_circuit_operator.py
[2024-01-09T10:14:33.815-0300] {processor.py:839} INFO - DAG(s) dict_keys(['example_short_circuit_operator']) retrieved from /home/felipe/.local/lib/python3.11/site-packages/airflow/example_dags/example_short_circuit_operator.py
[2024-01-09T10:14:33.824-0300] {logging_mixin.py:154} INFO - [2024-01-09T10:14:33.824-0300] {dag.py:2941} INFO - Sync 1 DAGs
[2024-01-09T10:14:33.834-0300] {logging_mixin.py:154} INFO - [2024-01-09T10:14:33.834-0300] {dag.py:3722} INFO - Setting next_dagrun for example_short_circuit_operator to 2024-01-08T13:14:33.833870+00:00, run_after=2024-01-09T13:14:33.833870+00:00
[2024-01-09T10:14:33.851-0300] {processor.py:179} INFO - Processing /home/felipe/.local/lib/python3.11/site-packages/airflow/example_dags/example_short_circuit_operator.py took 0.044 seconds
[2024-01-09T10:28:25.527-0300] {processor.py:157} INFO - Started process (PID=10598) to work on /home/felipe/.local/lib/python3.11/site-packages/airflow/example_dags/example_short_circuit_operator.py
[2024-01-09T10:28:25.535-0300] {processor.py:829} INFO - Processing file /home/felipe/.local/lib/python3.11/site-packages/airflow/example_dags/example_short_circuit_operator.py for tasks to queue
[2024-01-09T10:28:25.535-0300] {logging_mixin.py:154} INFO - [2024-01-09T10:28:25.535-0300] {dagbag.py:536} INFO - Filling up the DagBag from /home/felipe/.local/lib/python3.11/site-packages/airflow/example_dags/example_short_circuit_operator.py
[2024-01-09T10:28:25.539-0300] {processor.py:839} INFO - DAG(s) dict_keys(['example_short_circuit_operator']) retrieved from /home/felipe/.local/lib/python3.11/site-packages/airflow/example_dags/example_short_circuit_operator.py
[2024-01-09T10:28:25.552-0300] {logging_mixin.py:154} INFO - [2024-01-09T10:28:25.552-0300] {dag.py:2941} INFO - Sync 1 DAGs
[2024-01-09T10:28:25.560-0300] {logging_mixin.py:154} INFO - [2024-01-09T10:28:25.560-0300] {dag.py:3722} INFO - Setting next_dagrun for example_short_circuit_operator to 2024-01-08T13:28:25.560074+00:00, run_after=2024-01-09T13:28:25.560074+00:00
[2024-01-09T10:28:25.569-0300] {processor.py:179} INFO - Processing /home/felipe/.local/lib/python3.11/site-packages/airflow/example_dags/example_short_circuit_operator.py took 0.043 seconds
[2024-01-09T10:38:21.511-0300] {processor.py:157} INFO - Started process (PID=11790) to work on /home/felipe/.local/lib/python3.11/site-packages/airflow/example_dags/example_short_circuit_operator.py
[2024-01-09T10:38:21.543-0300] {processor.py:829} INFO - Processing file /home/felipe/.local/lib/python3.11/site-packages/airflow/example_dags/example_short_circuit_operator.py for tasks to queue
[2024-01-09T10:38:21.544-0300] {logging_mixin.py:154} INFO - [2024-01-09T10:38:21.543-0300] {dagbag.py:536} INFO - Filling up the DagBag from /home/felipe/.local/lib/python3.11/site-packages/airflow/example_dags/example_short_circuit_operator.py
[2024-01-09T10:38:21.547-0300] {processor.py:839} INFO - DAG(s) dict_keys(['example_short_circuit_operator']) retrieved from /home/felipe/.local/lib/python3.11/site-packages/airflow/example_dags/example_short_circuit_operator.py
[2024-01-09T10:38:21.557-0300] {logging_mixin.py:154} INFO - [2024-01-09T10:38:21.557-0300] {dag.py:2941} INFO - Sync 1 DAGs
[2024-01-09T10:38:21.564-0300] {logging_mixin.py:154} INFO - [2024-01-09T10:38:21.564-0300] {dag.py:3722} INFO - Setting next_dagrun for example_short_circuit_operator to 2024-01-08T13:38:21.564805+00:00, run_after=2024-01-09T13:38:21.564805+00:00
[2024-01-09T10:38:21.580-0300] {processor.py:179} INFO - Processing /home/felipe/.local/lib/python3.11/site-packages/airflow/example_dags/example_short_circuit_operator.py took 0.072 seconds
[2024-01-09T10:39:11.954-0300] {processor.py:157} INFO - Started process (PID=11873) to work on /home/felipe/.local/lib/python3.11/site-packages/airflow/example_dags/example_short_circuit_operator.py
[2024-01-09T10:39:11.954-0300] {processor.py:829} INFO - Processing file /home/felipe/.local/lib/python3.11/site-packages/airflow/example_dags/example_short_circuit_operator.py for tasks to queue
[2024-01-09T10:39:11.955-0300] {logging_mixin.py:154} INFO - [2024-01-09T10:39:11.954-0300] {dagbag.py:536} INFO - Filling up the DagBag from /home/felipe/.local/lib/python3.11/site-packages/airflow/example_dags/example_short_circuit_operator.py
[2024-01-09T10:39:11.958-0300] {processor.py:839} INFO - DAG(s) dict_keys(['example_short_circuit_operator']) retrieved from /home/felipe/.local/lib/python3.11/site-packages/airflow/example_dags/example_short_circuit_operator.py
[2024-01-09T10:39:11.968-0300] {logging_mixin.py:154} INFO - [2024-01-09T10:39:11.968-0300] {dag.py:2941} INFO - Sync 1 DAGs
[2024-01-09T10:39:11.976-0300] {logging_mixin.py:154} INFO - [2024-01-09T10:39:11.976-0300] {dag.py:3722} INFO - Setting next_dagrun for example_short_circuit_operator to 2024-01-08T13:39:11.976285+00:00, run_after=2024-01-09T13:39:11.976285+00:00
[2024-01-09T10:39:11.985-0300] {processor.py:179} INFO - Processing /home/felipe/.local/lib/python3.11/site-packages/airflow/example_dags/example_short_circuit_operator.py took 0.033 seconds
[2024-01-09T10:40:00.376-0300] {processor.py:157} INFO - Started process (PID=11969) to work on /home/felipe/.local/lib/python3.11/site-packages/airflow/example_dags/example_short_circuit_operator.py
[2024-01-09T10:40:00.409-0300] {processor.py:829} INFO - Processing file /home/felipe/.local/lib/python3.11/site-packages/airflow/example_dags/example_short_circuit_operator.py for tasks to queue
[2024-01-09T10:40:00.409-0300] {logging_mixin.py:154} INFO - [2024-01-09T10:40:00.409-0300] {dagbag.py:536} INFO - Filling up the DagBag from /home/felipe/.local/lib/python3.11/site-packages/airflow/example_dags/example_short_circuit_operator.py
[2024-01-09T10:40:00.413-0300] {processor.py:839} INFO - DAG(s) dict_keys(['example_short_circuit_operator']) retrieved from /home/felipe/.local/lib/python3.11/site-packages/airflow/example_dags/example_short_circuit_operator.py
[2024-01-09T10:40:00.423-0300] {logging_mixin.py:154} INFO - [2024-01-09T10:40:00.423-0300] {dag.py:2941} INFO - Sync 1 DAGs
[2024-01-09T10:40:00.431-0300] {logging_mixin.py:154} INFO - [2024-01-09T10:40:00.431-0300] {dag.py:3722} INFO - Setting next_dagrun for example_short_circuit_operator to 2024-01-08T13:40:00.430924+00:00, run_after=2024-01-09T13:40:00.430924+00:00
[2024-01-09T10:40:00.447-0300] {processor.py:179} INFO - Processing /home/felipe/.local/lib/python3.11/site-packages/airflow/example_dags/example_short_circuit_operator.py took 0.072 seconds
[2024-01-09T10:40:39.408-0300] {processor.py:157} INFO - Started process (PID=12071) to work on /home/felipe/.local/lib/python3.11/site-packages/airflow/example_dags/example_short_circuit_operator.py
[2024-01-09T10:40:39.409-0300] {processor.py:829} INFO - Processing file /home/felipe/.local/lib/python3.11/site-packages/airflow/example_dags/example_short_circuit_operator.py for tasks to queue
[2024-01-09T10:40:39.409-0300] {logging_mixin.py:154} INFO - [2024-01-09T10:40:39.409-0300] {dagbag.py:536} INFO - Filling up the DagBag from /home/felipe/.local/lib/python3.11/site-packages/airflow/example_dags/example_short_circuit_operator.py
[2024-01-09T10:40:39.413-0300] {processor.py:839} INFO - DAG(s) dict_keys(['example_short_circuit_operator']) retrieved from /home/felipe/.local/lib/python3.11/site-packages/airflow/example_dags/example_short_circuit_operator.py
[2024-01-09T10:40:39.423-0300] {logging_mixin.py:154} INFO - [2024-01-09T10:40:39.423-0300] {dag.py:2941} INFO - Sync 1 DAGs
[2024-01-09T10:40:39.431-0300] {logging_mixin.py:154} INFO - [2024-01-09T10:40:39.431-0300] {dag.py:3722} INFO - Setting next_dagrun for example_short_circuit_operator to 2024-01-08T13:40:39.431670+00:00, run_after=2024-01-09T13:40:39.431670+00:00
[2024-01-09T10:40:39.440-0300] {processor.py:179} INFO - Processing /home/felipe/.local/lib/python3.11/site-packages/airflow/example_dags/example_short_circuit_operator.py took 0.034 seconds
[2024-01-09T10:44:08.788-0300] {processor.py:157} INFO - Started process (PID=12584) to work on /home/felipe/.local/lib/python3.11/site-packages/airflow/example_dags/example_short_circuit_operator.py
[2024-01-09T10:44:08.788-0300] {processor.py:829} INFO - Processing file /home/felipe/.local/lib/python3.11/site-packages/airflow/example_dags/example_short_circuit_operator.py for tasks to queue
[2024-01-09T10:44:08.789-0300] {logging_mixin.py:154} INFO - [2024-01-09T10:44:08.789-0300] {dagbag.py:536} INFO - Filling up the DagBag from /home/felipe/.local/lib/python3.11/site-packages/airflow/example_dags/example_short_circuit_operator.py
[2024-01-09T10:44:08.793-0300] {processor.py:839} INFO - DAG(s) dict_keys(['example_short_circuit_operator']) retrieved from /home/felipe/.local/lib/python3.11/site-packages/airflow/example_dags/example_short_circuit_operator.py
[2024-01-09T10:44:08.804-0300] {logging_mixin.py:154} INFO - [2024-01-09T10:44:08.803-0300] {dag.py:2941} INFO - Sync 1 DAGs
[2024-01-09T10:44:08.812-0300] {logging_mixin.py:154} INFO - [2024-01-09T10:44:08.812-0300] {dag.py:3722} INFO - Setting next_dagrun for example_short_circuit_operator to 2024-01-08T13:44:08.812381+00:00, run_after=2024-01-09T13:44:08.812381+00:00
[2024-01-09T10:44:08.823-0300] {processor.py:179} INFO - Processing /home/felipe/.local/lib/python3.11/site-packages/airflow/example_dags/example_short_circuit_operator.py took 0.037 seconds
[2024-01-09T10:46:16.695-0300] {processor.py:157} INFO - Started process (PID=12866) to work on /home/felipe/.local/lib/python3.11/site-packages/airflow/example_dags/example_short_circuit_operator.py
[2024-01-09T10:46:16.727-0300] {processor.py:829} INFO - Processing file /home/felipe/.local/lib/python3.11/site-packages/airflow/example_dags/example_short_circuit_operator.py for tasks to queue
[2024-01-09T10:46:16.727-0300] {logging_mixin.py:154} INFO - [2024-01-09T10:46:16.727-0300] {dagbag.py:536} INFO - Filling up the DagBag from /home/felipe/.local/lib/python3.11/site-packages/airflow/example_dags/example_short_circuit_operator.py
[2024-01-09T10:46:16.731-0300] {processor.py:839} INFO - DAG(s) dict_keys(['example_short_circuit_operator']) retrieved from /home/felipe/.local/lib/python3.11/site-packages/airflow/example_dags/example_short_circuit_operator.py
[2024-01-09T10:46:16.742-0300] {logging_mixin.py:154} INFO - [2024-01-09T10:46:16.741-0300] {dag.py:2941} INFO - Sync 1 DAGs
[2024-01-09T10:46:16.750-0300] {logging_mixin.py:154} INFO - [2024-01-09T10:46:16.750-0300] {dag.py:3722} INFO - Setting next_dagrun for example_short_circuit_operator to 2024-01-08T13:46:16.750293+00:00, run_after=2024-01-09T13:46:16.750293+00:00
[2024-01-09T10:46:16.767-0300] {processor.py:179} INFO - Processing /home/felipe/.local/lib/python3.11/site-packages/airflow/example_dags/example_short_circuit_operator.py took 0.074 seconds
[2024-01-09T10:49:16.253-0300] {processor.py:157} INFO - Started process (PID=13755) to work on /home/felipe/.local/lib/python3.11/site-packages/airflow/example_dags/example_short_circuit_operator.py
[2024-01-09T10:49:16.285-0300] {processor.py:829} INFO - Processing file /home/felipe/.local/lib/python3.11/site-packages/airflow/example_dags/example_short_circuit_operator.py for tasks to queue
[2024-01-09T10:49:16.286-0300] {logging_mixin.py:154} INFO - [2024-01-09T10:49:16.286-0300] {dagbag.py:536} INFO - Filling up the DagBag from /home/felipe/.local/lib/python3.11/site-packages/airflow/example_dags/example_short_circuit_operator.py
[2024-01-09T10:49:16.290-0300] {processor.py:839} INFO - DAG(s) dict_keys(['example_short_circuit_operator']) retrieved from /home/felipe/.local/lib/python3.11/site-packages/airflow/example_dags/example_short_circuit_operator.py
[2024-01-09T10:49:16.299-0300] {logging_mixin.py:154} INFO - [2024-01-09T10:49:16.299-0300] {dag.py:2941} INFO - Sync 1 DAGs
[2024-01-09T10:49:16.307-0300] {logging_mixin.py:154} INFO - [2024-01-09T10:49:16.307-0300] {dag.py:3722} INFO - Setting next_dagrun for example_short_circuit_operator to 2024-01-08T13:49:16.307750+00:00, run_after=2024-01-09T13:49:16.307750+00:00
[2024-01-09T10:49:16.329-0300] {processor.py:179} INFO - Processing /home/felipe/.local/lib/python3.11/site-packages/airflow/example_dags/example_short_circuit_operator.py took 0.078 seconds
[2024-01-09T10:52:06.294-0300] {processor.py:157} INFO - Started process (PID=14043) to work on /home/felipe/.local/lib/python3.11/site-packages/airflow/example_dags/example_short_circuit_operator.py
[2024-01-09T10:52:06.326-0300] {processor.py:829} INFO - Processing file /home/felipe/.local/lib/python3.11/site-packages/airflow/example_dags/example_short_circuit_operator.py for tasks to queue
[2024-01-09T10:52:06.326-0300] {logging_mixin.py:154} INFO - [2024-01-09T10:52:06.326-0300] {dagbag.py:536} INFO - Filling up the DagBag from /home/felipe/.local/lib/python3.11/site-packages/airflow/example_dags/example_short_circuit_operator.py
[2024-01-09T10:52:06.330-0300] {processor.py:839} INFO - DAG(s) dict_keys(['example_short_circuit_operator']) retrieved from /home/felipe/.local/lib/python3.11/site-packages/airflow/example_dags/example_short_circuit_operator.py
[2024-01-09T10:52:06.340-0300] {logging_mixin.py:154} INFO - [2024-01-09T10:52:06.340-0300] {dag.py:2941} INFO - Sync 1 DAGs
[2024-01-09T10:52:06.349-0300] {logging_mixin.py:154} INFO - [2024-01-09T10:52:06.349-0300] {dag.py:3722} INFO - Setting next_dagrun for example_short_circuit_operator to 2024-01-08T13:52:06.348892+00:00, run_after=2024-01-09T13:52:06.348892+00:00
[2024-01-09T10:52:06.365-0300] {processor.py:179} INFO - Processing /home/felipe/.local/lib/python3.11/site-packages/airflow/example_dags/example_short_circuit_operator.py took 0.074 seconds
[2024-01-09T10:53:46.077-0300] {processor.py:157} INFO - Started process (PID=14324) to work on /home/felipe/.local/lib/python3.11/site-packages/airflow/example_dags/example_short_circuit_operator.py
[2024-01-09T10:53:46.077-0300] {processor.py:829} INFO - Processing file /home/felipe/.local/lib/python3.11/site-packages/airflow/example_dags/example_short_circuit_operator.py for tasks to queue
[2024-01-09T10:53:46.078-0300] {logging_mixin.py:154} INFO - [2024-01-09T10:53:46.077-0300] {dagbag.py:536} INFO - Filling up the DagBag from /home/felipe/.local/lib/python3.11/site-packages/airflow/example_dags/example_short_circuit_operator.py
[2024-01-09T10:53:46.081-0300] {processor.py:839} INFO - DAG(s) dict_keys(['example_short_circuit_operator']) retrieved from /home/felipe/.local/lib/python3.11/site-packages/airflow/example_dags/example_short_circuit_operator.py
[2024-01-09T10:53:46.091-0300] {logging_mixin.py:154} INFO - [2024-01-09T10:53:46.091-0300] {dag.py:2941} INFO - Sync 1 DAGs
[2024-01-09T10:53:46.100-0300] {logging_mixin.py:154} INFO - [2024-01-09T10:53:46.099-0300] {dag.py:3722} INFO - Setting next_dagrun for example_short_circuit_operator to 2024-01-08T13:53:46.099831+00:00, run_after=2024-01-09T13:53:46.099831+00:00
[2024-01-09T10:53:46.109-0300] {processor.py:179} INFO - Processing /home/felipe/.local/lib/python3.11/site-packages/airflow/example_dags/example_short_circuit_operator.py took 0.035 seconds
[2024-01-09T10:56:13.072-0300] {processor.py:157} INFO - Started process (PID=14912) to work on /home/felipe/.local/lib/python3.11/site-packages/airflow/example_dags/example_short_circuit_operator.py
[2024-01-09T10:56:13.076-0300] {processor.py:829} INFO - Processing file /home/felipe/.local/lib/python3.11/site-packages/airflow/example_dags/example_short_circuit_operator.py for tasks to queue
[2024-01-09T10:56:13.077-0300] {logging_mixin.py:154} INFO - [2024-01-09T10:56:13.076-0300] {dagbag.py:536} INFO - Filling up the DagBag from /home/felipe/.local/lib/python3.11/site-packages/airflow/example_dags/example_short_circuit_operator.py
[2024-01-09T10:56:13.080-0300] {processor.py:839} INFO - DAG(s) dict_keys(['example_short_circuit_operator']) retrieved from /home/felipe/.local/lib/python3.11/site-packages/airflow/example_dags/example_short_circuit_operator.py
[2024-01-09T10:56:13.090-0300] {logging_mixin.py:154} INFO - [2024-01-09T10:56:13.090-0300] {dag.py:2941} INFO - Sync 1 DAGs
[2024-01-09T10:56:13.098-0300] {logging_mixin.py:154} INFO - [2024-01-09T10:56:13.098-0300] {dag.py:3722} INFO - Setting next_dagrun for example_short_circuit_operator to 2024-01-08T13:56:13.098378+00:00, run_after=2024-01-09T13:56:13.098378+00:00
[2024-01-09T10:56:13.107-0300] {processor.py:179} INFO - Processing /home/felipe/.local/lib/python3.11/site-packages/airflow/example_dags/example_short_circuit_operator.py took 0.037 seconds
[2024-01-09T10:58:20.863-0300] {processor.py:157} INFO - Started process (PID=15234) to work on /home/felipe/.local/lib/python3.11/site-packages/airflow/example_dags/example_short_circuit_operator.py
[2024-01-09T10:58:20.864-0300] {processor.py:829} INFO - Processing file /home/felipe/.local/lib/python3.11/site-packages/airflow/example_dags/example_short_circuit_operator.py for tasks to queue
[2024-01-09T10:58:20.864-0300] {logging_mixin.py:154} INFO - [2024-01-09T10:58:20.864-0300] {dagbag.py:536} INFO - Filling up the DagBag from /home/felipe/.local/lib/python3.11/site-packages/airflow/example_dags/example_short_circuit_operator.py
[2024-01-09T10:58:20.868-0300] {processor.py:839} INFO - DAG(s) dict_keys(['example_short_circuit_operator']) retrieved from /home/felipe/.local/lib/python3.11/site-packages/airflow/example_dags/example_short_circuit_operator.py
[2024-01-09T10:58:20.877-0300] {logging_mixin.py:154} INFO - [2024-01-09T10:58:20.877-0300] {dag.py:2941} INFO - Sync 1 DAGs
[2024-01-09T10:58:20.885-0300] {logging_mixin.py:154} INFO - [2024-01-09T10:58:20.885-0300] {dag.py:3722} INFO - Setting next_dagrun for example_short_circuit_operator to 2024-01-08T13:58:20.885478+00:00, run_after=2024-01-09T13:58:20.885478+00:00
[2024-01-09T10:58:20.894-0300] {processor.py:179} INFO - Processing /home/felipe/.local/lib/python3.11/site-packages/airflow/example_dags/example_short_circuit_operator.py took 0.033 seconds
[2024-01-09T11:00:21.837-0300] {processor.py:157} INFO - Started process (PID=15486) to work on /home/felipe/.local/lib/python3.11/site-packages/airflow/example_dags/example_short_circuit_operator.py
[2024-01-09T11:00:21.838-0300] {processor.py:829} INFO - Processing file /home/felipe/.local/lib/python3.11/site-packages/airflow/example_dags/example_short_circuit_operator.py for tasks to queue
[2024-01-09T11:00:21.838-0300] {logging_mixin.py:154} INFO - [2024-01-09T11:00:21.838-0300] {dagbag.py:536} INFO - Filling up the DagBag from /home/felipe/.local/lib/python3.11/site-packages/airflow/example_dags/example_short_circuit_operator.py
[2024-01-09T11:00:21.842-0300] {processor.py:839} INFO - DAG(s) dict_keys(['example_short_circuit_operator']) retrieved from /home/felipe/.local/lib/python3.11/site-packages/airflow/example_dags/example_short_circuit_operator.py
[2024-01-09T11:00:21.853-0300] {logging_mixin.py:154} INFO - [2024-01-09T11:00:21.853-0300] {dag.py:2941} INFO - Sync 1 DAGs
[2024-01-09T11:00:21.861-0300] {logging_mixin.py:154} INFO - [2024-01-09T11:00:21.861-0300] {dag.py:3722} INFO - Setting next_dagrun for example_short_circuit_operator to 2024-01-08T14:00:21.861234+00:00, run_after=2024-01-09T14:00:21.861234+00:00
[2024-01-09T11:00:21.873-0300] {processor.py:179} INFO - Processing /home/felipe/.local/lib/python3.11/site-packages/airflow/example_dags/example_short_circuit_operator.py took 0.038 seconds
[2024-01-09T20:52:53.829-0300] {processor.py:157} INFO - Started process (PID=36100) to work on /home/felipe/.local/lib/python3.11/site-packages/airflow/example_dags/example_short_circuit_operator.py
[2024-01-09T20:52:53.862-0300] {processor.py:829} INFO - Processing file /home/felipe/.local/lib/python3.11/site-packages/airflow/example_dags/example_short_circuit_operator.py for tasks to queue
[2024-01-09T20:52:53.862-0300] {logging_mixin.py:154} INFO - [2024-01-09T20:52:53.862-0300] {dagbag.py:536} INFO - Filling up the DagBag from /home/felipe/.local/lib/python3.11/site-packages/airflow/example_dags/example_short_circuit_operator.py
[2024-01-09T20:52:53.870-0300] {processor.py:839} INFO - DAG(s) dict_keys(['example_short_circuit_operator']) retrieved from /home/felipe/.local/lib/python3.11/site-packages/airflow/example_dags/example_short_circuit_operator.py
[2024-01-09T20:52:53.875-0300] {logging_mixin.py:154} INFO - [2024-01-09T20:52:53.875-0300] {dag.py:2941} INFO - Sync 1 DAGs
[2024-01-09T20:52:53.885-0300] {logging_mixin.py:154} INFO - [2024-01-09T20:52:53.885-0300] {dag.py:3722} INFO - Setting next_dagrun for example_short_circuit_operator to 2024-01-08T23:52:53.884990+00:00, run_after=2024-01-09T23:52:53.884990+00:00
[2024-01-09T20:52:53.902-0300] {processor.py:179} INFO - Processing /home/felipe/.local/lib/python3.11/site-packages/airflow/example_dags/example_short_circuit_operator.py took 0.074 seconds
[2024-01-09T20:53:43.721-0300] {processor.py:157} INFO - Started process (PID=36555) to work on /home/felipe/.local/lib/python3.11/site-packages/airflow/example_dags/example_short_circuit_operator.py
[2024-01-09T20:53:43.722-0300] {processor.py:829} INFO - Processing file /home/felipe/.local/lib/python3.11/site-packages/airflow/example_dags/example_short_circuit_operator.py for tasks to queue
[2024-01-09T20:53:43.722-0300] {logging_mixin.py:154} INFO - [2024-01-09T20:53:43.722-0300] {dagbag.py:536} INFO - Filling up the DagBag from /home/felipe/.local/lib/python3.11/site-packages/airflow/example_dags/example_short_circuit_operator.py
[2024-01-09T20:53:43.727-0300] {processor.py:839} INFO - DAG(s) dict_keys(['example_short_circuit_operator']) retrieved from /home/felipe/.local/lib/python3.11/site-packages/airflow/example_dags/example_short_circuit_operator.py
[2024-01-09T20:53:43.738-0300] {logging_mixin.py:154} INFO - [2024-01-09T20:53:43.737-0300] {dag.py:2941} INFO - Sync 1 DAGs
[2024-01-09T20:53:43.748-0300] {logging_mixin.py:154} INFO - [2024-01-09T20:53:43.748-0300] {dag.py:3722} INFO - Setting next_dagrun for example_short_circuit_operator to 2024-01-08T23:53:43.747948+00:00, run_after=2024-01-09T23:53:43.747948+00:00
[2024-01-09T20:53:43.759-0300] {processor.py:179} INFO - Processing /home/felipe/.local/lib/python3.11/site-packages/airflow/example_dags/example_short_circuit_operator.py took 0.040 seconds
[2024-01-09T20:54:30.478-0300] {processor.py:157} INFO - Started process (PID=36658) to work on /home/felipe/.local/lib/python3.11/site-packages/airflow/example_dags/example_short_circuit_operator.py
[2024-01-09T20:54:30.511-0300] {processor.py:829} INFO - Processing file /home/felipe/.local/lib/python3.11/site-packages/airflow/example_dags/example_short_circuit_operator.py for tasks to queue
[2024-01-09T20:54:30.511-0300] {logging_mixin.py:154} INFO - [2024-01-09T20:54:30.511-0300] {dagbag.py:536} INFO - Filling up the DagBag from /home/felipe/.local/lib/python3.11/site-packages/airflow/example_dags/example_short_circuit_operator.py
[2024-01-09T20:54:30.516-0300] {processor.py:839} INFO - DAG(s) dict_keys(['example_short_circuit_operator']) retrieved from /home/felipe/.local/lib/python3.11/site-packages/airflow/example_dags/example_short_circuit_operator.py
[2024-01-09T20:54:30.526-0300] {logging_mixin.py:154} INFO - [2024-01-09T20:54:30.526-0300] {dag.py:2941} INFO - Sync 1 DAGs
[2024-01-09T20:54:30.536-0300] {logging_mixin.py:154} INFO - [2024-01-09T20:54:30.536-0300] {dag.py:3722} INFO - Setting next_dagrun for example_short_circuit_operator to 2024-01-08T23:54:30.535867+00:00, run_after=2024-01-09T23:54:30.535867+00:00
[2024-01-09T20:54:30.552-0300] {processor.py:179} INFO - Processing /home/felipe/.local/lib/python3.11/site-packages/airflow/example_dags/example_short_circuit_operator.py took 0.076 seconds
[2024-01-09T20:55:22.249-0300] {processor.py:157} INFO - Started process (PID=36793) to work on /home/felipe/.local/lib/python3.11/site-packages/airflow/example_dags/example_short_circuit_operator.py
[2024-01-09T20:55:22.281-0300] {processor.py:829} INFO - Processing file /home/felipe/.local/lib/python3.11/site-packages/airflow/example_dags/example_short_circuit_operator.py for tasks to queue
[2024-01-09T20:55:22.281-0300] {logging_mixin.py:154} INFO - [2024-01-09T20:55:22.281-0300] {dagbag.py:536} INFO - Filling up the DagBag from /home/felipe/.local/lib/python3.11/site-packages/airflow/example_dags/example_short_circuit_operator.py
[2024-01-09T20:55:22.286-0300] {processor.py:839} INFO - DAG(s) dict_keys(['example_short_circuit_operator']) retrieved from /home/felipe/.local/lib/python3.11/site-packages/airflow/example_dags/example_short_circuit_operator.py
[2024-01-09T20:55:22.296-0300] {logging_mixin.py:154} INFO - [2024-01-09T20:55:22.296-0300] {dag.py:2941} INFO - Sync 1 DAGs
[2024-01-09T20:55:22.306-0300] {logging_mixin.py:154} INFO - [2024-01-09T20:55:22.306-0300] {dag.py:3722} INFO - Setting next_dagrun for example_short_circuit_operator to 2024-01-08T23:55:22.306748+00:00, run_after=2024-01-09T23:55:22.306748+00:00
[2024-01-09T20:55:22.323-0300] {processor.py:179} INFO - Processing /home/felipe/.local/lib/python3.11/site-packages/airflow/example_dags/example_short_circuit_operator.py took 0.077 seconds
[2024-01-09T20:56:14.246-0300] {processor.py:157} INFO - Started process (PID=36912) to work on /home/felipe/.local/lib/python3.11/site-packages/airflow/example_dags/example_short_circuit_operator.py
[2024-01-09T20:56:14.278-0300] {processor.py:829} INFO - Processing file /home/felipe/.local/lib/python3.11/site-packages/airflow/example_dags/example_short_circuit_operator.py for tasks to queue
[2024-01-09T20:56:14.279-0300] {logging_mixin.py:154} INFO - [2024-01-09T20:56:14.279-0300] {dagbag.py:536} INFO - Filling up the DagBag from /home/felipe/.local/lib/python3.11/site-packages/airflow/example_dags/example_short_circuit_operator.py
[2024-01-09T20:56:14.284-0300] {processor.py:839} INFO - DAG(s) dict_keys(['example_short_circuit_operator']) retrieved from /home/felipe/.local/lib/python3.11/site-packages/airflow/example_dags/example_short_circuit_operator.py
[2024-01-09T20:56:14.295-0300] {logging_mixin.py:154} INFO - [2024-01-09T20:56:14.295-0300] {dag.py:2941} INFO - Sync 1 DAGs
[2024-01-09T20:56:14.305-0300] {logging_mixin.py:154} INFO - [2024-01-09T20:56:14.305-0300] {dag.py:3722} INFO - Setting next_dagrun for example_short_circuit_operator to 2024-01-08T23:56:14.304972+00:00, run_after=2024-01-09T23:56:14.304972+00:00
[2024-01-09T20:56:14.322-0300] {processor.py:179} INFO - Processing /home/felipe/.local/lib/python3.11/site-packages/airflow/example_dags/example_short_circuit_operator.py took 0.078 seconds
[2024-01-09T20:56:53.003-0300] {processor.py:157} INFO - Started process (PID=36992) to work on /home/felipe/.local/lib/python3.11/site-packages/airflow/example_dags/example_short_circuit_operator.py
[2024-01-09T20:56:53.035-0300] {processor.py:829} INFO - Processing file /home/felipe/.local/lib/python3.11/site-packages/airflow/example_dags/example_short_circuit_operator.py for tasks to queue
[2024-01-09T20:56:53.036-0300] {logging_mixin.py:154} INFO - [2024-01-09T20:56:53.036-0300] {dagbag.py:536} INFO - Filling up the DagBag from /home/felipe/.local/lib/python3.11/site-packages/airflow/example_dags/example_short_circuit_operator.py
[2024-01-09T20:56:53.041-0300] {processor.py:839} INFO - DAG(s) dict_keys(['example_short_circuit_operator']) retrieved from /home/felipe/.local/lib/python3.11/site-packages/airflow/example_dags/example_short_circuit_operator.py
[2024-01-09T20:56:53.052-0300] {logging_mixin.py:154} INFO - [2024-01-09T20:56:53.052-0300] {dag.py:2941} INFO - Sync 1 DAGs
[2024-01-09T20:56:53.062-0300] {logging_mixin.py:154} INFO - [2024-01-09T20:56:53.062-0300] {dag.py:3722} INFO - Setting next_dagrun for example_short_circuit_operator to 2024-01-08T23:56:53.062248+00:00, run_after=2024-01-09T23:56:53.062248+00:00
[2024-01-09T20:56:53.080-0300] {processor.py:179} INFO - Processing /home/felipe/.local/lib/python3.11/site-packages/airflow/example_dags/example_short_circuit_operator.py took 0.079 seconds
[2024-01-09T20:57:41.980-0300] {processor.py:157} INFO - Started process (PID=37125) to work on /home/felipe/.local/lib/python3.11/site-packages/airflow/example_dags/example_short_circuit_operator.py
[2024-01-09T20:57:41.981-0300] {processor.py:829} INFO - Processing file /home/felipe/.local/lib/python3.11/site-packages/airflow/example_dags/example_short_circuit_operator.py for tasks to queue
[2024-01-09T20:57:41.981-0300] {logging_mixin.py:154} INFO - [2024-01-09T20:57:41.981-0300] {dagbag.py:536} INFO - Filling up the DagBag from /home/felipe/.local/lib/python3.11/site-packages/airflow/example_dags/example_short_circuit_operator.py
[2024-01-09T20:57:41.986-0300] {processor.py:839} INFO - DAG(s) dict_keys(['example_short_circuit_operator']) retrieved from /home/felipe/.local/lib/python3.11/site-packages/airflow/example_dags/example_short_circuit_operator.py
[2024-01-09T20:57:41.996-0300] {logging_mixin.py:154} INFO - [2024-01-09T20:57:41.996-0300] {dag.py:2941} INFO - Sync 1 DAGs
[2024-01-09T20:57:42.005-0300] {logging_mixin.py:154} INFO - [2024-01-09T20:57:42.005-0300] {dag.py:3722} INFO - Setting next_dagrun for example_short_circuit_operator to 2024-01-08T23:57:42.005050+00:00, run_after=2024-01-09T23:57:42.005050+00:00
[2024-01-09T20:57:42.016-0300] {processor.py:179} INFO - Processing /home/felipe/.local/lib/python3.11/site-packages/airflow/example_dags/example_short_circuit_operator.py took 0.037 seconds
[2024-01-09T20:58:33.884-0300] {processor.py:157} INFO - Started process (PID=37237) to work on /home/felipe/.local/lib/python3.11/site-packages/airflow/example_dags/example_short_circuit_operator.py
[2024-01-09T20:58:33.906-0300] {processor.py:829} INFO - Processing file /home/felipe/.local/lib/python3.11/site-packages/airflow/example_dags/example_short_circuit_operator.py for tasks to queue
[2024-01-09T20:58:33.906-0300] {logging_mixin.py:154} INFO - [2024-01-09T20:58:33.906-0300] {dagbag.py:536} INFO - Filling up the DagBag from /home/felipe/.local/lib/python3.11/site-packages/airflow/example_dags/example_short_circuit_operator.py
[2024-01-09T20:58:33.911-0300] {processor.py:839} INFO - DAG(s) dict_keys(['example_short_circuit_operator']) retrieved from /home/felipe/.local/lib/python3.11/site-packages/airflow/example_dags/example_short_circuit_operator.py
[2024-01-09T20:58:33.921-0300] {logging_mixin.py:154} INFO - [2024-01-09T20:58:33.921-0300] {dag.py:2941} INFO - Sync 1 DAGs
[2024-01-09T20:58:33.932-0300] {logging_mixin.py:154} INFO - [2024-01-09T20:58:33.931-0300] {dag.py:3722} INFO - Setting next_dagrun for example_short_circuit_operator to 2024-01-08T23:58:33.931863+00:00, run_after=2024-01-09T23:58:33.931863+00:00
[2024-01-09T20:58:33.949-0300] {processor.py:179} INFO - Processing /home/felipe/.local/lib/python3.11/site-packages/airflow/example_dags/example_short_circuit_operator.py took 0.066 seconds
[2024-01-09T20:59:25.576-0300] {processor.py:157} INFO - Started process (PID=37381) to work on /home/felipe/.local/lib/python3.11/site-packages/airflow/example_dags/example_short_circuit_operator.py
[2024-01-09T20:59:25.609-0300] {processor.py:829} INFO - Processing file /home/felipe/.local/lib/python3.11/site-packages/airflow/example_dags/example_short_circuit_operator.py for tasks to queue
[2024-01-09T20:59:25.609-0300] {logging_mixin.py:154} INFO - [2024-01-09T20:59:25.609-0300] {dagbag.py:536} INFO - Filling up the DagBag from /home/felipe/.local/lib/python3.11/site-packages/airflow/example_dags/example_short_circuit_operator.py
[2024-01-09T20:59:25.615-0300] {processor.py:839} INFO - DAG(s) dict_keys(['example_short_circuit_operator']) retrieved from /home/felipe/.local/lib/python3.11/site-packages/airflow/example_dags/example_short_circuit_operator.py
[2024-01-09T20:59:25.625-0300] {logging_mixin.py:154} INFO - [2024-01-09T20:59:25.625-0300] {dag.py:2941} INFO - Sync 1 DAGs
[2024-01-09T20:59:25.635-0300] {logging_mixin.py:154} INFO - [2024-01-09T20:59:25.635-0300] {dag.py:3722} INFO - Setting next_dagrun for example_short_circuit_operator to 2024-01-08T23:59:25.635491+00:00, run_after=2024-01-09T23:59:25.635491+00:00
[2024-01-09T20:59:25.646-0300] {processor.py:179} INFO - Processing /home/felipe/.local/lib/python3.11/site-packages/airflow/example_dags/example_short_circuit_operator.py took 0.073 seconds
