[2024-01-09T10:10:16.784-0300] {processor.py:157} INFO - Started process (PID=8532) to work on /home/felipe/.local/lib/python3.11/site-packages/airflow/example_dags/example_nested_branch_dag.py
[2024-01-09T10:10:16.784-0300] {processor.py:829} INFO - Processing file /home/felipe/.local/lib/python3.11/site-packages/airflow/example_dags/example_nested_branch_dag.py for tasks to queue
[2024-01-09T10:10:16.785-0300] {logging_mixin.py:154} INFO - [2024-01-09T10:10:16.784-0300] {dagbag.py:536} INFO - Filling up the DagBag from /home/felipe/.local/lib/python3.11/site-packages/airflow/example_dags/example_nested_branch_dag.py
[2024-01-09T10:10:16.793-0300] {processor.py:839} INFO - DAG(s) dict_keys(['example_nested_branch_dag']) retrieved from /home/felipe/.local/lib/python3.11/site-packages/airflow/example_dags/example_nested_branch_dag.py
[2024-01-09T10:10:16.798-0300] {logging_mixin.py:154} INFO - [2024-01-09T10:10:16.798-0300] {dag.py:2941} INFO - Sync 1 DAGs
[2024-01-09T10:10:16.809-0300] {logging_mixin.py:154} INFO - [2024-01-09T10:10:16.809-0300] {dag.py:3722} INFO - Setting next_dagrun for example_nested_branch_dag to 2024-01-08T00:00:00+00:00, run_after=2024-01-09T00:00:00+00:00
[2024-01-09T10:10:16.853-0300] {processor.py:179} INFO - Processing /home/felipe/.local/lib/python3.11/site-packages/airflow/example_dags/example_nested_branch_dag.py took 0.071 seconds
[2024-01-09T10:11:12.029-0300] {processor.py:157} INFO - Started process (PID=8661) to work on /home/felipe/.local/lib/python3.11/site-packages/airflow/example_dags/example_nested_branch_dag.py
[2024-01-09T10:11:12.062-0300] {processor.py:829} INFO - Processing file /home/felipe/.local/lib/python3.11/site-packages/airflow/example_dags/example_nested_branch_dag.py for tasks to queue
[2024-01-09T10:11:12.062-0300] {logging_mixin.py:154} INFO - [2024-01-09T10:11:12.062-0300] {dagbag.py:536} INFO - Filling up the DagBag from /home/felipe/.local/lib/python3.11/site-packages/airflow/example_dags/example_nested_branch_dag.py
[2024-01-09T10:11:12.068-0300] {processor.py:839} INFO - DAG(s) dict_keys(['example_nested_branch_dag']) retrieved from /home/felipe/.local/lib/python3.11/site-packages/airflow/example_dags/example_nested_branch_dag.py
[2024-01-09T10:11:12.078-0300] {logging_mixin.py:154} INFO - [2024-01-09T10:11:12.078-0300] {dag.py:2941} INFO - Sync 1 DAGs
[2024-01-09T10:11:12.089-0300] {logging_mixin.py:154} INFO - [2024-01-09T10:11:12.088-0300] {dag.py:3722} INFO - Setting next_dagrun for example_nested_branch_dag to 2024-01-08T00:00:00+00:00, run_after=2024-01-09T00:00:00+00:00
[2024-01-09T10:11:12.105-0300] {processor.py:179} INFO - Processing /home/felipe/.local/lib/python3.11/site-packages/airflow/example_dags/example_nested_branch_dag.py took 0.078 seconds
[2024-01-09T10:12:04.075-0300] {processor.py:157} INFO - Started process (PID=8754) to work on /home/felipe/.local/lib/python3.11/site-packages/airflow/example_dags/example_nested_branch_dag.py
[2024-01-09T10:12:04.075-0300] {processor.py:829} INFO - Processing file /home/felipe/.local/lib/python3.11/site-packages/airflow/example_dags/example_nested_branch_dag.py for tasks to queue
[2024-01-09T10:12:04.076-0300] {logging_mixin.py:154} INFO - [2024-01-09T10:12:04.075-0300] {dagbag.py:536} INFO - Filling up the DagBag from /home/felipe/.local/lib/python3.11/site-packages/airflow/example_dags/example_nested_branch_dag.py
[2024-01-09T10:12:04.081-0300] {processor.py:839} INFO - DAG(s) dict_keys(['example_nested_branch_dag']) retrieved from /home/felipe/.local/lib/python3.11/site-packages/airflow/example_dags/example_nested_branch_dag.py
[2024-01-09T10:12:04.091-0300] {logging_mixin.py:154} INFO - [2024-01-09T10:12:04.091-0300] {dag.py:2941} INFO - Sync 1 DAGs
[2024-01-09T10:12:04.101-0300] {logging_mixin.py:154} INFO - [2024-01-09T10:12:04.101-0300] {dag.py:3722} INFO - Setting next_dagrun for example_nested_branch_dag to 2024-01-08T00:00:00+00:00, run_after=2024-01-09T00:00:00+00:00
[2024-01-09T10:12:04.110-0300] {processor.py:179} INFO - Processing /home/felipe/.local/lib/python3.11/site-packages/airflow/example_dags/example_nested_branch_dag.py took 0.038 seconds
[2024-01-09T10:12:52.446-0300] {processor.py:157} INFO - Started process (PID=8859) to work on /home/felipe/.local/lib/python3.11/site-packages/airflow/example_dags/example_nested_branch_dag.py
[2024-01-09T10:12:52.478-0300] {processor.py:829} INFO - Processing file /home/felipe/.local/lib/python3.11/site-packages/airflow/example_dags/example_nested_branch_dag.py for tasks to queue
[2024-01-09T10:12:52.478-0300] {logging_mixin.py:154} INFO - [2024-01-09T10:12:52.478-0300] {dagbag.py:536} INFO - Filling up the DagBag from /home/felipe/.local/lib/python3.11/site-packages/airflow/example_dags/example_nested_branch_dag.py
[2024-01-09T10:12:52.484-0300] {processor.py:839} INFO - DAG(s) dict_keys(['example_nested_branch_dag']) retrieved from /home/felipe/.local/lib/python3.11/site-packages/airflow/example_dags/example_nested_branch_dag.py
[2024-01-09T10:12:52.493-0300] {logging_mixin.py:154} INFO - [2024-01-09T10:12:52.493-0300] {dag.py:2941} INFO - Sync 1 DAGs
[2024-01-09T10:12:52.503-0300] {logging_mixin.py:154} INFO - [2024-01-09T10:12:52.503-0300] {dag.py:3722} INFO - Setting next_dagrun for example_nested_branch_dag to 2024-01-08T00:00:00+00:00, run_after=2024-01-09T00:00:00+00:00
[2024-01-09T10:12:52.519-0300] {processor.py:179} INFO - Processing /home/felipe/.local/lib/python3.11/site-packages/airflow/example_dags/example_nested_branch_dag.py took 0.076 seconds
[2024-01-09T10:13:39.074-0300] {processor.py:157} INFO - Started process (PID=8934) to work on /home/felipe/.local/lib/python3.11/site-packages/airflow/example_dags/example_nested_branch_dag.py
[2024-01-09T10:13:39.075-0300] {processor.py:829} INFO - Processing file /home/felipe/.local/lib/python3.11/site-packages/airflow/example_dags/example_nested_branch_dag.py for tasks to queue
[2024-01-09T10:13:39.075-0300] {logging_mixin.py:154} INFO - [2024-01-09T10:13:39.075-0300] {dagbag.py:536} INFO - Filling up the DagBag from /home/felipe/.local/lib/python3.11/site-packages/airflow/example_dags/example_nested_branch_dag.py
[2024-01-09T10:13:39.080-0300] {processor.py:839} INFO - DAG(s) dict_keys(['example_nested_branch_dag']) retrieved from /home/felipe/.local/lib/python3.11/site-packages/airflow/example_dags/example_nested_branch_dag.py
[2024-01-09T10:13:39.090-0300] {logging_mixin.py:154} INFO - [2024-01-09T10:13:39.090-0300] {dag.py:2941} INFO - Sync 1 DAGs
[2024-01-09T10:13:39.100-0300] {logging_mixin.py:154} INFO - [2024-01-09T10:13:39.100-0300] {dag.py:3722} INFO - Setting next_dagrun for example_nested_branch_dag to 2024-01-08T00:00:00+00:00, run_after=2024-01-09T00:00:00+00:00
[2024-01-09T10:13:39.109-0300] {processor.py:179} INFO - Processing /home/felipe/.local/lib/python3.11/site-packages/airflow/example_dags/example_nested_branch_dag.py took 0.038 seconds
[2024-01-09T10:14:32.078-0300] {processor.py:157} INFO - Started process (PID=9012) to work on /home/felipe/.local/lib/python3.11/site-packages/airflow/example_dags/example_nested_branch_dag.py
[2024-01-09T10:14:32.110-0300] {processor.py:829} INFO - Processing file /home/felipe/.local/lib/python3.11/site-packages/airflow/example_dags/example_nested_branch_dag.py for tasks to queue
[2024-01-09T10:14:32.110-0300] {logging_mixin.py:154} INFO - [2024-01-09T10:14:32.110-0300] {dagbag.py:536} INFO - Filling up the DagBag from /home/felipe/.local/lib/python3.11/site-packages/airflow/example_dags/example_nested_branch_dag.py
[2024-01-09T10:14:32.116-0300] {processor.py:839} INFO - DAG(s) dict_keys(['example_nested_branch_dag']) retrieved from /home/felipe/.local/lib/python3.11/site-packages/airflow/example_dags/example_nested_branch_dag.py
[2024-01-09T10:14:32.125-0300] {logging_mixin.py:154} INFO - [2024-01-09T10:14:32.125-0300] {dag.py:2941} INFO - Sync 1 DAGs
[2024-01-09T10:14:32.136-0300] {logging_mixin.py:154} INFO - [2024-01-09T10:14:32.135-0300] {dag.py:3722} INFO - Setting next_dagrun for example_nested_branch_dag to 2024-01-08T00:00:00+00:00, run_after=2024-01-09T00:00:00+00:00
[2024-01-09T10:14:32.152-0300] {processor.py:179} INFO - Processing /home/felipe/.local/lib/python3.11/site-packages/airflow/example_dags/example_nested_branch_dag.py took 0.077 seconds
[2024-01-09T10:26:21.626-0300] {processor.py:157} INFO - Started process (PID=10379) to work on /home/felipe/.local/lib/python3.11/site-packages/airflow/example_dags/example_nested_branch_dag.py
[2024-01-09T10:26:21.631-0300] {processor.py:829} INFO - Processing file /home/felipe/.local/lib/python3.11/site-packages/airflow/example_dags/example_nested_branch_dag.py for tasks to queue
[2024-01-09T10:26:21.631-0300] {logging_mixin.py:154} INFO - [2024-01-09T10:26:21.631-0300] {dagbag.py:536} INFO - Filling up the DagBag from /home/felipe/.local/lib/python3.11/site-packages/airflow/example_dags/example_nested_branch_dag.py
[2024-01-09T10:26:21.637-0300] {processor.py:839} INFO - DAG(s) dict_keys(['example_nested_branch_dag']) retrieved from /home/felipe/.local/lib/python3.11/site-packages/airflow/example_dags/example_nested_branch_dag.py
[2024-01-09T10:26:21.649-0300] {logging_mixin.py:154} INFO - [2024-01-09T10:26:21.649-0300] {dag.py:2941} INFO - Sync 1 DAGs
[2024-01-09T10:26:21.658-0300] {logging_mixin.py:154} INFO - [2024-01-09T10:26:21.658-0300] {dag.py:3722} INFO - Setting next_dagrun for example_nested_branch_dag to 2024-01-08T00:00:00+00:00, run_after=2024-01-09T00:00:00+00:00
[2024-01-09T10:26:21.671-0300] {processor.py:179} INFO - Processing /home/felipe/.local/lib/python3.11/site-packages/airflow/example_dags/example_nested_branch_dag.py took 0.046 seconds
[2024-01-09T10:38:18.547-0300] {processor.py:157} INFO - Started process (PID=11787) to work on /home/felipe/.local/lib/python3.11/site-packages/airflow/example_dags/example_nested_branch_dag.py
[2024-01-09T10:38:18.579-0300] {processor.py:829} INFO - Processing file /home/felipe/.local/lib/python3.11/site-packages/airflow/example_dags/example_nested_branch_dag.py for tasks to queue
[2024-01-09T10:38:18.579-0300] {logging_mixin.py:154} INFO - [2024-01-09T10:38:18.579-0300] {dagbag.py:536} INFO - Filling up the DagBag from /home/felipe/.local/lib/python3.11/site-packages/airflow/example_dags/example_nested_branch_dag.py
[2024-01-09T10:38:18.585-0300] {processor.py:839} INFO - DAG(s) dict_keys(['example_nested_branch_dag']) retrieved from /home/felipe/.local/lib/python3.11/site-packages/airflow/example_dags/example_nested_branch_dag.py
[2024-01-09T10:38:18.594-0300] {logging_mixin.py:154} INFO - [2024-01-09T10:38:18.594-0300] {dag.py:2941} INFO - Sync 1 DAGs
[2024-01-09T10:38:18.602-0300] {logging_mixin.py:154} INFO - [2024-01-09T10:38:18.602-0300] {dag.py:3722} INFO - Setting next_dagrun for example_nested_branch_dag to 2024-01-08T00:00:00+00:00, run_after=2024-01-09T00:00:00+00:00
[2024-01-09T10:38:18.618-0300] {processor.py:179} INFO - Processing /home/felipe/.local/lib/python3.11/site-packages/airflow/example_dags/example_nested_branch_dag.py took 0.073 seconds
[2024-01-09T10:39:09.089-0300] {processor.py:157} INFO - Started process (PID=11870) to work on /home/felipe/.local/lib/python3.11/site-packages/airflow/example_dags/example_nested_branch_dag.py
[2024-01-09T10:39:09.121-0300] {processor.py:829} INFO - Processing file /home/felipe/.local/lib/python3.11/site-packages/airflow/example_dags/example_nested_branch_dag.py for tasks to queue
[2024-01-09T10:39:09.121-0300] {logging_mixin.py:154} INFO - [2024-01-09T10:39:09.121-0300] {dagbag.py:536} INFO - Filling up the DagBag from /home/felipe/.local/lib/python3.11/site-packages/airflow/example_dags/example_nested_branch_dag.py
[2024-01-09T10:39:09.127-0300] {processor.py:839} INFO - DAG(s) dict_keys(['example_nested_branch_dag']) retrieved from /home/felipe/.local/lib/python3.11/site-packages/airflow/example_dags/example_nested_branch_dag.py
[2024-01-09T10:39:09.136-0300] {logging_mixin.py:154} INFO - [2024-01-09T10:39:09.136-0300] {dag.py:2941} INFO - Sync 1 DAGs
[2024-01-09T10:39:09.145-0300] {logging_mixin.py:154} INFO - [2024-01-09T10:39:09.145-0300] {dag.py:3722} INFO - Setting next_dagrun for example_nested_branch_dag to 2024-01-08T00:00:00+00:00, run_after=2024-01-09T00:00:00+00:00
[2024-01-09T10:39:09.161-0300] {processor.py:179} INFO - Processing /home/felipe/.local/lib/python3.11/site-packages/airflow/example_dags/example_nested_branch_dag.py took 0.074 seconds
[2024-01-09T10:39:57.647-0300] {processor.py:157} INFO - Started process (PID=11966) to work on /home/felipe/.local/lib/python3.11/site-packages/airflow/example_dags/example_nested_branch_dag.py
[2024-01-09T10:39:57.679-0300] {processor.py:829} INFO - Processing file /home/felipe/.local/lib/python3.11/site-packages/airflow/example_dags/example_nested_branch_dag.py for tasks to queue
[2024-01-09T10:39:57.680-0300] {logging_mixin.py:154} INFO - [2024-01-09T10:39:57.679-0300] {dagbag.py:536} INFO - Filling up the DagBag from /home/felipe/.local/lib/python3.11/site-packages/airflow/example_dags/example_nested_branch_dag.py
[2024-01-09T10:39:57.686-0300] {processor.py:839} INFO - DAG(s) dict_keys(['example_nested_branch_dag']) retrieved from /home/felipe/.local/lib/python3.11/site-packages/airflow/example_dags/example_nested_branch_dag.py
[2024-01-09T10:39:57.695-0300] {logging_mixin.py:154} INFO - [2024-01-09T10:39:57.695-0300] {dag.py:2941} INFO - Sync 1 DAGs
[2024-01-09T10:39:57.703-0300] {logging_mixin.py:154} INFO - [2024-01-09T10:39:57.703-0300] {dag.py:3722} INFO - Setting next_dagrun for example_nested_branch_dag to 2024-01-08T00:00:00+00:00, run_after=2024-01-09T00:00:00+00:00
[2024-01-09T10:39:57.719-0300] {processor.py:179} INFO - Processing /home/felipe/.local/lib/python3.11/site-packages/airflow/example_dags/example_nested_branch_dag.py took 0.074 seconds
[2024-01-09T10:40:35.913-0300] {processor.py:157} INFO - Started process (PID=12056) to work on /home/felipe/.local/lib/python3.11/site-packages/airflow/example_dags/example_nested_branch_dag.py
[2024-01-09T10:40:35.986-0300] {processor.py:829} INFO - Processing file /home/felipe/.local/lib/python3.11/site-packages/airflow/example_dags/example_nested_branch_dag.py for tasks to queue
[2024-01-09T10:40:35.986-0300] {logging_mixin.py:154} INFO - [2024-01-09T10:40:35.986-0300] {dagbag.py:536} INFO - Filling up the DagBag from /home/felipe/.local/lib/python3.11/site-packages/airflow/example_dags/example_nested_branch_dag.py
[2024-01-09T10:40:35.992-0300] {processor.py:839} INFO - DAG(s) dict_keys(['example_nested_branch_dag']) retrieved from /home/felipe/.local/lib/python3.11/site-packages/airflow/example_dags/example_nested_branch_dag.py
[2024-01-09T10:40:36.001-0300] {logging_mixin.py:154} INFO - [2024-01-09T10:40:36.001-0300] {dag.py:2941} INFO - Sync 1 DAGs
[2024-01-09T10:40:36.009-0300] {logging_mixin.py:154} INFO - [2024-01-09T10:40:36.009-0300] {dag.py:3722} INFO - Setting next_dagrun for example_nested_branch_dag to 2024-01-08T00:00:00+00:00, run_after=2024-01-09T00:00:00+00:00
[2024-01-09T10:40:36.029-0300] {processor.py:179} INFO - Processing /home/felipe/.local/lib/python3.11/site-packages/airflow/example_dags/example_nested_branch_dag.py took 0.118 seconds
[2024-01-09T10:42:16.017-0300] {processor.py:157} INFO - Started process (PID=12357) to work on /home/felipe/.local/lib/python3.11/site-packages/airflow/example_dags/example_nested_branch_dag.py
[2024-01-09T10:42:16.050-0300] {processor.py:829} INFO - Processing file /home/felipe/.local/lib/python3.11/site-packages/airflow/example_dags/example_nested_branch_dag.py for tasks to queue
[2024-01-09T10:42:16.050-0300] {logging_mixin.py:154} INFO - [2024-01-09T10:42:16.050-0300] {dagbag.py:536} INFO - Filling up the DagBag from /home/felipe/.local/lib/python3.11/site-packages/airflow/example_dags/example_nested_branch_dag.py
[2024-01-09T10:42:16.057-0300] {processor.py:839} INFO - DAG(s) dict_keys(['example_nested_branch_dag']) retrieved from /home/felipe/.local/lib/python3.11/site-packages/airflow/example_dags/example_nested_branch_dag.py
[2024-01-09T10:42:16.066-0300] {logging_mixin.py:154} INFO - [2024-01-09T10:42:16.066-0300] {dag.py:2941} INFO - Sync 1 DAGs
[2024-01-09T10:42:16.075-0300] {logging_mixin.py:154} INFO - [2024-01-09T10:42:16.075-0300] {dag.py:3722} INFO - Setting next_dagrun for example_nested_branch_dag to 2024-01-08T00:00:00+00:00, run_after=2024-01-09T00:00:00+00:00
[2024-01-09T10:42:16.091-0300] {processor.py:179} INFO - Processing /home/felipe/.local/lib/python3.11/site-packages/airflow/example_dags/example_nested_branch_dag.py took 0.076 seconds
[2024-01-09T10:44:05.397-0300] {processor.py:157} INFO - Started process (PID=12550) to work on /home/felipe/.local/lib/python3.11/site-packages/airflow/example_dags/example_nested_branch_dag.py
[2024-01-09T10:44:05.398-0300] {processor.py:829} INFO - Processing file /home/felipe/.local/lib/python3.11/site-packages/airflow/example_dags/example_nested_branch_dag.py for tasks to queue
[2024-01-09T10:44:05.398-0300] {logging_mixin.py:154} INFO - [2024-01-09T10:44:05.398-0300] {dagbag.py:536} INFO - Filling up the DagBag from /home/felipe/.local/lib/python3.11/site-packages/airflow/example_dags/example_nested_branch_dag.py
[2024-01-09T10:44:05.404-0300] {processor.py:839} INFO - DAG(s) dict_keys(['example_nested_branch_dag']) retrieved from /home/felipe/.local/lib/python3.11/site-packages/airflow/example_dags/example_nested_branch_dag.py
[2024-01-09T10:44:05.413-0300] {logging_mixin.py:154} INFO - [2024-01-09T10:44:05.413-0300] {dag.py:2941} INFO - Sync 1 DAGs
[2024-01-09T10:44:05.422-0300] {logging_mixin.py:154} INFO - [2024-01-09T10:44:05.422-0300] {dag.py:3722} INFO - Setting next_dagrun for example_nested_branch_dag to 2024-01-08T00:00:00+00:00, run_after=2024-01-09T00:00:00+00:00
[2024-01-09T10:44:05.431-0300] {processor.py:179} INFO - Processing /home/felipe/.local/lib/python3.11/site-packages/airflow/example_dags/example_nested_branch_dag.py took 0.036 seconds
[2024-01-09T10:46:14.958-0300] {processor.py:157} INFO - Started process (PID=12863) to work on /home/felipe/.local/lib/python3.11/site-packages/airflow/example_dags/example_nested_branch_dag.py
[2024-01-09T10:46:14.991-0300] {processor.py:829} INFO - Processing file /home/felipe/.local/lib/python3.11/site-packages/airflow/example_dags/example_nested_branch_dag.py for tasks to queue
[2024-01-09T10:46:14.991-0300] {logging_mixin.py:154} INFO - [2024-01-09T10:46:14.991-0300] {dagbag.py:536} INFO - Filling up the DagBag from /home/felipe/.local/lib/python3.11/site-packages/airflow/example_dags/example_nested_branch_dag.py
[2024-01-09T10:46:14.997-0300] {processor.py:839} INFO - DAG(s) dict_keys(['example_nested_branch_dag']) retrieved from /home/felipe/.local/lib/python3.11/site-packages/airflow/example_dags/example_nested_branch_dag.py
[2024-01-09T10:46:15.006-0300] {logging_mixin.py:154} INFO - [2024-01-09T10:46:15.006-0300] {dag.py:2941} INFO - Sync 1 DAGs
[2024-01-09T10:46:15.015-0300] {logging_mixin.py:154} INFO - [2024-01-09T10:46:15.015-0300] {dag.py:3722} INFO - Setting next_dagrun for example_nested_branch_dag to 2024-01-08T00:00:00+00:00, run_after=2024-01-09T00:00:00+00:00
[2024-01-09T10:46:15.032-0300] {processor.py:179} INFO - Processing /home/felipe/.local/lib/python3.11/site-packages/airflow/example_dags/example_nested_branch_dag.py took 0.075 seconds
[2024-01-09T10:49:14.512-0300] {processor.py:157} INFO - Started process (PID=13752) to work on /home/felipe/.local/lib/python3.11/site-packages/airflow/example_dags/example_nested_branch_dag.py
[2024-01-09T10:49:14.544-0300] {processor.py:829} INFO - Processing file /home/felipe/.local/lib/python3.11/site-packages/airflow/example_dags/example_nested_branch_dag.py for tasks to queue
[2024-01-09T10:49:14.545-0300] {logging_mixin.py:154} INFO - [2024-01-09T10:49:14.545-0300] {dagbag.py:536} INFO - Filling up the DagBag from /home/felipe/.local/lib/python3.11/site-packages/airflow/example_dags/example_nested_branch_dag.py
[2024-01-09T10:49:14.551-0300] {processor.py:839} INFO - DAG(s) dict_keys(['example_nested_branch_dag']) retrieved from /home/felipe/.local/lib/python3.11/site-packages/airflow/example_dags/example_nested_branch_dag.py
[2024-01-09T10:49:14.560-0300] {logging_mixin.py:154} INFO - [2024-01-09T10:49:14.560-0300] {dag.py:2941} INFO - Sync 1 DAGs
[2024-01-09T10:49:14.569-0300] {logging_mixin.py:154} INFO - [2024-01-09T10:49:14.569-0300] {dag.py:3722} INFO - Setting next_dagrun for example_nested_branch_dag to 2024-01-08T00:00:00+00:00, run_after=2024-01-09T00:00:00+00:00
[2024-01-09T10:49:14.588-0300] {processor.py:179} INFO - Processing /home/felipe/.local/lib/python3.11/site-packages/airflow/example_dags/example_nested_branch_dag.py took 0.077 seconds
[2024-01-09T10:52:02.896-0300] {processor.py:157} INFO - Started process (PID=14040) to work on /home/felipe/.local/lib/python3.11/site-packages/airflow/example_dags/example_nested_branch_dag.py
[2024-01-09T10:52:02.928-0300] {processor.py:829} INFO - Processing file /home/felipe/.local/lib/python3.11/site-packages/airflow/example_dags/example_nested_branch_dag.py for tasks to queue
[2024-01-09T10:52:02.929-0300] {logging_mixin.py:154} INFO - [2024-01-09T10:52:02.928-0300] {dagbag.py:536} INFO - Filling up the DagBag from /home/felipe/.local/lib/python3.11/site-packages/airflow/example_dags/example_nested_branch_dag.py
[2024-01-09T10:52:02.934-0300] {processor.py:839} INFO - DAG(s) dict_keys(['example_nested_branch_dag']) retrieved from /home/felipe/.local/lib/python3.11/site-packages/airflow/example_dags/example_nested_branch_dag.py
[2024-01-09T10:52:02.943-0300] {logging_mixin.py:154} INFO - [2024-01-09T10:52:02.943-0300] {dag.py:2941} INFO - Sync 1 DAGs
[2024-01-09T10:52:02.952-0300] {logging_mixin.py:154} INFO - [2024-01-09T10:52:02.952-0300] {dag.py:3722} INFO - Setting next_dagrun for example_nested_branch_dag to 2024-01-08T00:00:00+00:00, run_after=2024-01-09T00:00:00+00:00
[2024-01-09T10:52:02.969-0300] {processor.py:179} INFO - Processing /home/felipe/.local/lib/python3.11/site-packages/airflow/example_dags/example_nested_branch_dag.py took 0.075 seconds
[2024-01-09T10:53:42.680-0300] {processor.py:157} INFO - Started process (PID=14320) to work on /home/felipe/.local/lib/python3.11/site-packages/airflow/example_dags/example_nested_branch_dag.py
[2024-01-09T10:53:42.712-0300] {processor.py:829} INFO - Processing file /home/felipe/.local/lib/python3.11/site-packages/airflow/example_dags/example_nested_branch_dag.py for tasks to queue
[2024-01-09T10:53:42.712-0300] {logging_mixin.py:154} INFO - [2024-01-09T10:53:42.712-0300] {dagbag.py:536} INFO - Filling up the DagBag from /home/felipe/.local/lib/python3.11/site-packages/airflow/example_dags/example_nested_branch_dag.py
[2024-01-09T10:53:42.718-0300] {processor.py:839} INFO - DAG(s) dict_keys(['example_nested_branch_dag']) retrieved from /home/felipe/.local/lib/python3.11/site-packages/airflow/example_dags/example_nested_branch_dag.py
[2024-01-09T10:53:42.727-0300] {logging_mixin.py:154} INFO - [2024-01-09T10:53:42.727-0300] {dag.py:2941} INFO - Sync 1 DAGs
[2024-01-09T10:53:42.735-0300] {logging_mixin.py:154} INFO - [2024-01-09T10:53:42.735-0300] {dag.py:3722} INFO - Setting next_dagrun for example_nested_branch_dag to 2024-01-08T00:00:00+00:00, run_after=2024-01-09T00:00:00+00:00
[2024-01-09T10:53:42.751-0300] {processor.py:179} INFO - Processing /home/felipe/.local/lib/python3.11/site-packages/airflow/example_dags/example_nested_branch_dag.py took 0.073 seconds
[2024-01-09T10:56:09.555-0300] {processor.py:157} INFO - Started process (PID=14908) to work on /home/felipe/.local/lib/python3.11/site-packages/airflow/example_dags/example_nested_branch_dag.py
[2024-01-09T10:56:09.587-0300] {processor.py:829} INFO - Processing file /home/felipe/.local/lib/python3.11/site-packages/airflow/example_dags/example_nested_branch_dag.py for tasks to queue
[2024-01-09T10:56:09.587-0300] {logging_mixin.py:154} INFO - [2024-01-09T10:56:09.587-0300] {dagbag.py:536} INFO - Filling up the DagBag from /home/felipe/.local/lib/python3.11/site-packages/airflow/example_dags/example_nested_branch_dag.py
[2024-01-09T10:56:09.593-0300] {processor.py:839} INFO - DAG(s) dict_keys(['example_nested_branch_dag']) retrieved from /home/felipe/.local/lib/python3.11/site-packages/airflow/example_dags/example_nested_branch_dag.py
[2024-01-09T10:56:09.602-0300] {logging_mixin.py:154} INFO - [2024-01-09T10:56:09.602-0300] {dag.py:2941} INFO - Sync 1 DAGs
[2024-01-09T10:56:09.610-0300] {logging_mixin.py:154} INFO - [2024-01-09T10:56:09.610-0300] {dag.py:3722} INFO - Setting next_dagrun for example_nested_branch_dag to 2024-01-08T00:00:00+00:00, run_after=2024-01-09T00:00:00+00:00
[2024-01-09T10:56:09.626-0300] {processor.py:179} INFO - Processing /home/felipe/.local/lib/python3.11/site-packages/airflow/example_dags/example_nested_branch_dag.py took 0.074 seconds
[2024-01-09T10:58:19.131-0300] {processor.py:157} INFO - Started process (PID=15229) to work on /home/felipe/.local/lib/python3.11/site-packages/airflow/example_dags/example_nested_branch_dag.py
[2024-01-09T10:58:19.163-0300] {processor.py:829} INFO - Processing file /home/felipe/.local/lib/python3.11/site-packages/airflow/example_dags/example_nested_branch_dag.py for tasks to queue
[2024-01-09T10:58:19.164-0300] {logging_mixin.py:154} INFO - [2024-01-09T10:58:19.163-0300] {dagbag.py:536} INFO - Filling up the DagBag from /home/felipe/.local/lib/python3.11/site-packages/airflow/example_dags/example_nested_branch_dag.py
[2024-01-09T10:58:19.169-0300] {processor.py:839} INFO - DAG(s) dict_keys(['example_nested_branch_dag']) retrieved from /home/felipe/.local/lib/python3.11/site-packages/airflow/example_dags/example_nested_branch_dag.py
[2024-01-09T10:58:19.178-0300] {logging_mixin.py:154} INFO - [2024-01-09T10:58:19.177-0300] {dag.py:2941} INFO - Sync 1 DAGs
[2024-01-09T10:58:19.186-0300] {logging_mixin.py:154} INFO - [2024-01-09T10:58:19.186-0300] {dag.py:3722} INFO - Setting next_dagrun for example_nested_branch_dag to 2024-01-08T00:00:00+00:00, run_after=2024-01-09T00:00:00+00:00
[2024-01-09T10:58:19.202-0300] {processor.py:179} INFO - Processing /home/felipe/.local/lib/python3.11/site-packages/airflow/example_dags/example_nested_branch_dag.py took 0.073 seconds
[2024-01-09T11:00:19.220-0300] {processor.py:157} INFO - Started process (PID=15483) to work on /home/felipe/.local/lib/python3.11/site-packages/airflow/example_dags/example_nested_branch_dag.py
[2024-01-09T11:00:19.252-0300] {processor.py:829} INFO - Processing file /home/felipe/.local/lib/python3.11/site-packages/airflow/example_dags/example_nested_branch_dag.py for tasks to queue
[2024-01-09T11:00:19.253-0300] {logging_mixin.py:154} INFO - [2024-01-09T11:00:19.252-0300] {dagbag.py:536} INFO - Filling up the DagBag from /home/felipe/.local/lib/python3.11/site-packages/airflow/example_dags/example_nested_branch_dag.py
[2024-01-09T11:00:19.258-0300] {processor.py:839} INFO - DAG(s) dict_keys(['example_nested_branch_dag']) retrieved from /home/felipe/.local/lib/python3.11/site-packages/airflow/example_dags/example_nested_branch_dag.py
[2024-01-09T11:00:19.267-0300] {logging_mixin.py:154} INFO - [2024-01-09T11:00:19.267-0300] {dag.py:2941} INFO - Sync 1 DAGs
[2024-01-09T11:00:19.276-0300] {logging_mixin.py:154} INFO - [2024-01-09T11:00:19.276-0300] {dag.py:3722} INFO - Setting next_dagrun for example_nested_branch_dag to 2024-01-08T00:00:00+00:00, run_after=2024-01-09T00:00:00+00:00
[2024-01-09T11:00:19.292-0300] {processor.py:179} INFO - Processing /home/felipe/.local/lib/python3.11/site-packages/airflow/example_dags/example_nested_branch_dag.py took 0.074 seconds
[2024-01-09T11:03:26.994-0300] {processor.py:157} INFO - Started process (PID=15982) to work on /home/felipe/.local/lib/python3.11/site-packages/airflow/example_dags/example_nested_branch_dag.py
[2024-01-09T11:03:26.994-0300] {processor.py:829} INFO - Processing file /home/felipe/.local/lib/python3.11/site-packages/airflow/example_dags/example_nested_branch_dag.py for tasks to queue
[2024-01-09T11:03:26.995-0300] {logging_mixin.py:154} INFO - [2024-01-09T11:03:26.995-0300] {dagbag.py:536} INFO - Filling up the DagBag from /home/felipe/.local/lib/python3.11/site-packages/airflow/example_dags/example_nested_branch_dag.py
[2024-01-09T11:03:27.001-0300] {processor.py:839} INFO - DAG(s) dict_keys(['example_nested_branch_dag']) retrieved from /home/felipe/.local/lib/python3.11/site-packages/airflow/example_dags/example_nested_branch_dag.py
[2024-01-09T11:03:27.010-0300] {logging_mixin.py:154} INFO - [2024-01-09T11:03:27.010-0300] {dag.py:2941} INFO - Sync 1 DAGs
[2024-01-09T11:03:27.020-0300] {logging_mixin.py:154} INFO - [2024-01-09T11:03:27.019-0300] {dag.py:3722} INFO - Setting next_dagrun for example_nested_branch_dag to 2024-01-08T00:00:00+00:00, run_after=2024-01-09T00:00:00+00:00
[2024-01-09T11:03:27.036-0300] {processor.py:179} INFO - Processing /home/felipe/.local/lib/python3.11/site-packages/airflow/example_dags/example_nested_branch_dag.py took 0.044 seconds
[2024-01-09T20:52:50.960-0300] {processor.py:157} INFO - Started process (PID=36095) to work on /home/felipe/.local/lib/python3.11/site-packages/airflow/example_dags/example_nested_branch_dag.py
[2024-01-09T20:52:50.992-0300] {processor.py:829} INFO - Processing file /home/felipe/.local/lib/python3.11/site-packages/airflow/example_dags/example_nested_branch_dag.py for tasks to queue
[2024-01-09T20:52:50.993-0300] {logging_mixin.py:154} INFO - [2024-01-09T20:52:50.993-0300] {dagbag.py:536} INFO - Filling up the DagBag from /home/felipe/.local/lib/python3.11/site-packages/airflow/example_dags/example_nested_branch_dag.py
[2024-01-09T20:52:51.002-0300] {processor.py:839} INFO - DAG(s) dict_keys(['example_nested_branch_dag']) retrieved from /home/felipe/.local/lib/python3.11/site-packages/airflow/example_dags/example_nested_branch_dag.py
[2024-01-09T20:52:51.006-0300] {logging_mixin.py:154} INFO - [2024-01-09T20:52:51.006-0300] {dag.py:2941} INFO - Sync 1 DAGs
[2024-01-09T20:52:51.018-0300] {logging_mixin.py:154} INFO - [2024-01-09T20:52:51.018-0300] {dag.py:3722} INFO - Setting next_dagrun for example_nested_branch_dag to 2024-01-08T00:00:00+00:00, run_after=2024-01-09T00:00:00+00:00
[2024-01-09T20:52:51.034-0300] {processor.py:179} INFO - Processing /home/felipe/.local/lib/python3.11/site-packages/airflow/example_dags/example_nested_branch_dag.py took 0.076 seconds
[2024-01-09T20:53:40.330-0300] {processor.py:157} INFO - Started process (PID=36537) to work on /home/felipe/.local/lib/python3.11/site-packages/airflow/example_dags/example_nested_branch_dag.py
[2024-01-09T20:53:40.362-0300] {processor.py:829} INFO - Processing file /home/felipe/.local/lib/python3.11/site-packages/airflow/example_dags/example_nested_branch_dag.py for tasks to queue
[2024-01-09T20:53:40.363-0300] {logging_mixin.py:154} INFO - [2024-01-09T20:53:40.363-0300] {dagbag.py:536} INFO - Filling up the DagBag from /home/felipe/.local/lib/python3.11/site-packages/airflow/example_dags/example_nested_branch_dag.py
[2024-01-09T20:53:40.369-0300] {processor.py:839} INFO - DAG(s) dict_keys(['example_nested_branch_dag']) retrieved from /home/felipe/.local/lib/python3.11/site-packages/airflow/example_dags/example_nested_branch_dag.py
[2024-01-09T20:53:40.379-0300] {logging_mixin.py:154} INFO - [2024-01-09T20:53:40.379-0300] {dag.py:2941} INFO - Sync 1 DAGs
[2024-01-09T20:53:40.389-0300] {logging_mixin.py:154} INFO - [2024-01-09T20:53:40.389-0300] {dag.py:3722} INFO - Setting next_dagrun for example_nested_branch_dag to 2024-01-08T00:00:00+00:00, run_after=2024-01-09T00:00:00+00:00
[2024-01-09T20:53:40.406-0300] {processor.py:179} INFO - Processing /home/felipe/.local/lib/python3.11/site-packages/airflow/example_dags/example_nested_branch_dag.py took 0.078 seconds
[2024-01-09T20:54:27.716-0300] {processor.py:157} INFO - Started process (PID=36655) to work on /home/felipe/.local/lib/python3.11/site-packages/airflow/example_dags/example_nested_branch_dag.py
[2024-01-09T20:54:27.743-0300] {processor.py:829} INFO - Processing file /home/felipe/.local/lib/python3.11/site-packages/airflow/example_dags/example_nested_branch_dag.py for tasks to queue
[2024-01-09T20:54:27.743-0300] {logging_mixin.py:154} INFO - [2024-01-09T20:54:27.743-0300] {dagbag.py:536} INFO - Filling up the DagBag from /home/felipe/.local/lib/python3.11/site-packages/airflow/example_dags/example_nested_branch_dag.py
[2024-01-09T20:54:27.749-0300] {processor.py:839} INFO - DAG(s) dict_keys(['example_nested_branch_dag']) retrieved from /home/felipe/.local/lib/python3.11/site-packages/airflow/example_dags/example_nested_branch_dag.py
[2024-01-09T20:54:27.759-0300] {logging_mixin.py:154} INFO - [2024-01-09T20:54:27.759-0300] {dag.py:2941} INFO - Sync 1 DAGs
[2024-01-09T20:54:27.769-0300] {logging_mixin.py:154} INFO - [2024-01-09T20:54:27.769-0300] {dag.py:3722} INFO - Setting next_dagrun for example_nested_branch_dag to 2024-01-08T00:00:00+00:00, run_after=2024-01-09T00:00:00+00:00
[2024-01-09T20:54:27.778-0300] {processor.py:179} INFO - Processing /home/felipe/.local/lib/python3.11/site-packages/airflow/example_dags/example_nested_branch_dag.py took 0.064 seconds
[2024-01-09T20:55:19.687-0300] {processor.py:157} INFO - Started process (PID=36790) to work on /home/felipe/.local/lib/python3.11/site-packages/airflow/example_dags/example_nested_branch_dag.py
[2024-01-09T20:55:19.719-0300] {processor.py:829} INFO - Processing file /home/felipe/.local/lib/python3.11/site-packages/airflow/example_dags/example_nested_branch_dag.py for tasks to queue
[2024-01-09T20:55:19.720-0300] {logging_mixin.py:154} INFO - [2024-01-09T20:55:19.720-0300] {dagbag.py:536} INFO - Filling up the DagBag from /home/felipe/.local/lib/python3.11/site-packages/airflow/example_dags/example_nested_branch_dag.py
[2024-01-09T20:55:19.727-0300] {processor.py:839} INFO - DAG(s) dict_keys(['example_nested_branch_dag']) retrieved from /home/felipe/.local/lib/python3.11/site-packages/airflow/example_dags/example_nested_branch_dag.py
[2024-01-09T20:55:19.737-0300] {logging_mixin.py:154} INFO - [2024-01-09T20:55:19.736-0300] {dag.py:2941} INFO - Sync 1 DAGs
[2024-01-09T20:55:19.747-0300] {logging_mixin.py:154} INFO - [2024-01-09T20:55:19.747-0300] {dag.py:3722} INFO - Setting next_dagrun for example_nested_branch_dag to 2024-01-08T00:00:00+00:00, run_after=2024-01-09T00:00:00+00:00
[2024-01-09T20:55:19.764-0300] {processor.py:179} INFO - Processing /home/felipe/.local/lib/python3.11/site-packages/airflow/example_dags/example_nested_branch_dag.py took 0.079 seconds
[2024-01-09T20:55:58.452-0300] {processor.py:157} INFO - Started process (PID=36883) to work on /home/felipe/.local/lib/python3.11/site-packages/airflow/example_dags/example_nested_branch_dag.py
[2024-01-09T20:55:58.484-0300] {processor.py:829} INFO - Processing file /home/felipe/.local/lib/python3.11/site-packages/airflow/example_dags/example_nested_branch_dag.py for tasks to queue
[2024-01-09T20:55:58.485-0300] {logging_mixin.py:154} INFO - [2024-01-09T20:55:58.485-0300] {dagbag.py:536} INFO - Filling up the DagBag from /home/felipe/.local/lib/python3.11/site-packages/airflow/example_dags/example_nested_branch_dag.py
[2024-01-09T20:55:58.491-0300] {processor.py:839} INFO - DAG(s) dict_keys(['example_nested_branch_dag']) retrieved from /home/felipe/.local/lib/python3.11/site-packages/airflow/example_dags/example_nested_branch_dag.py
[2024-01-09T20:55:58.501-0300] {logging_mixin.py:154} INFO - [2024-01-09T20:55:58.501-0300] {dag.py:2941} INFO - Sync 1 DAGs
[2024-01-09T20:55:58.511-0300] {logging_mixin.py:154} INFO - [2024-01-09T20:55:58.511-0300] {dag.py:3722} INFO - Setting next_dagrun for example_nested_branch_dag to 2024-01-08T00:00:00+00:00, run_after=2024-01-09T00:00:00+00:00
[2024-01-09T20:55:58.528-0300] {processor.py:179} INFO - Processing /home/felipe/.local/lib/python3.11/site-packages/airflow/example_dags/example_nested_branch_dag.py took 0.078 seconds
[2024-01-09T20:56:50.311-0300] {processor.py:157} INFO - Started process (PID=36989) to work on /home/felipe/.local/lib/python3.11/site-packages/airflow/example_dags/example_nested_branch_dag.py
[2024-01-09T20:56:50.344-0300] {processor.py:829} INFO - Processing file /home/felipe/.local/lib/python3.11/site-packages/airflow/example_dags/example_nested_branch_dag.py for tasks to queue
[2024-01-09T20:56:50.344-0300] {logging_mixin.py:154} INFO - [2024-01-09T20:56:50.344-0300] {dagbag.py:536} INFO - Filling up the DagBag from /home/felipe/.local/lib/python3.11/site-packages/airflow/example_dags/example_nested_branch_dag.py
[2024-01-09T20:56:50.351-0300] {processor.py:839} INFO - DAG(s) dict_keys(['example_nested_branch_dag']) retrieved from /home/felipe/.local/lib/python3.11/site-packages/airflow/example_dags/example_nested_branch_dag.py
[2024-01-09T20:56:50.362-0300] {logging_mixin.py:154} INFO - [2024-01-09T20:56:50.362-0300] {dag.py:2941} INFO - Sync 1 DAGs
[2024-01-09T20:56:50.373-0300] {logging_mixin.py:154} INFO - [2024-01-09T20:56:50.373-0300] {dag.py:3722} INFO - Setting next_dagrun for example_nested_branch_dag to 2024-01-08T00:00:00+00:00, run_after=2024-01-09T00:00:00+00:00
[2024-01-09T20:56:50.390-0300] {processor.py:179} INFO - Processing /home/felipe/.local/lib/python3.11/site-packages/airflow/example_dags/example_nested_branch_dag.py took 0.081 seconds
[2024-01-09T20:57:39.897-0300] {processor.py:157} INFO - Started process (PID=37122) to work on /home/felipe/.local/lib/python3.11/site-packages/airflow/example_dags/example_nested_branch_dag.py
[2024-01-09T20:57:39.897-0300] {processor.py:829} INFO - Processing file /home/felipe/.local/lib/python3.11/site-packages/airflow/example_dags/example_nested_branch_dag.py for tasks to queue
[2024-01-09T20:57:39.898-0300] {logging_mixin.py:154} INFO - [2024-01-09T20:57:39.897-0300] {dagbag.py:536} INFO - Filling up the DagBag from /home/felipe/.local/lib/python3.11/site-packages/airflow/example_dags/example_nested_branch_dag.py
[2024-01-09T20:57:39.904-0300] {processor.py:839} INFO - DAG(s) dict_keys(['example_nested_branch_dag']) retrieved from /home/felipe/.local/lib/python3.11/site-packages/airflow/example_dags/example_nested_branch_dag.py
[2024-01-09T20:57:39.913-0300] {logging_mixin.py:154} INFO - [2024-01-09T20:57:39.913-0300] {dag.py:2941} INFO - Sync 1 DAGs
[2024-01-09T20:57:39.923-0300] {logging_mixin.py:154} INFO - [2024-01-09T20:57:39.923-0300] {dag.py:3722} INFO - Setting next_dagrun for example_nested_branch_dag to 2024-01-08T00:00:00+00:00, run_after=2024-01-09T00:00:00+00:00
[2024-01-09T20:57:39.933-0300] {processor.py:179} INFO - Processing /home/felipe/.local/lib/python3.11/site-packages/airflow/example_dags/example_nested_branch_dag.py took 0.038 seconds
[2024-01-09T20:58:31.006-0300] {processor.py:157} INFO - Started process (PID=37234) to work on /home/felipe/.local/lib/python3.11/site-packages/airflow/example_dags/example_nested_branch_dag.py
[2024-01-09T20:58:31.030-0300] {processor.py:829} INFO - Processing file /home/felipe/.local/lib/python3.11/site-packages/airflow/example_dags/example_nested_branch_dag.py for tasks to queue
[2024-01-09T20:58:31.031-0300] {logging_mixin.py:154} INFO - [2024-01-09T20:58:31.030-0300] {dagbag.py:536} INFO - Filling up the DagBag from /home/felipe/.local/lib/python3.11/site-packages/airflow/example_dags/example_nested_branch_dag.py
[2024-01-09T20:58:31.037-0300] {processor.py:839} INFO - DAG(s) dict_keys(['example_nested_branch_dag']) retrieved from /home/felipe/.local/lib/python3.11/site-packages/airflow/example_dags/example_nested_branch_dag.py
[2024-01-09T20:58:31.047-0300] {logging_mixin.py:154} INFO - [2024-01-09T20:58:31.046-0300] {dag.py:2941} INFO - Sync 1 DAGs
[2024-01-09T20:58:31.057-0300] {logging_mixin.py:154} INFO - [2024-01-09T20:58:31.057-0300] {dag.py:3722} INFO - Setting next_dagrun for example_nested_branch_dag to 2024-01-08T00:00:00+00:00, run_after=2024-01-09T00:00:00+00:00
[2024-01-09T20:58:31.070-0300] {processor.py:179} INFO - Processing /home/felipe/.local/lib/python3.11/site-packages/airflow/example_dags/example_nested_branch_dag.py took 0.066 seconds
[2024-01-09T20:59:08.354-0300] {processor.py:157} INFO - Started process (PID=37335) to work on /home/felipe/.local/lib/python3.11/site-packages/airflow/example_dags/example_nested_branch_dag.py
[2024-01-09T20:59:08.387-0300] {processor.py:829} INFO - Processing file /home/felipe/.local/lib/python3.11/site-packages/airflow/example_dags/example_nested_branch_dag.py for tasks to queue
[2024-01-09T20:59:08.387-0300] {logging_mixin.py:154} INFO - [2024-01-09T20:59:08.387-0300] {dagbag.py:536} INFO - Filling up the DagBag from /home/felipe/.local/lib/python3.11/site-packages/airflow/example_dags/example_nested_branch_dag.py
[2024-01-09T20:59:08.393-0300] {processor.py:839} INFO - DAG(s) dict_keys(['example_nested_branch_dag']) retrieved from /home/felipe/.local/lib/python3.11/site-packages/airflow/example_dags/example_nested_branch_dag.py
[2024-01-09T20:59:08.404-0300] {logging_mixin.py:154} INFO - [2024-01-09T20:59:08.404-0300] {dag.py:2941} INFO - Sync 1 DAGs
[2024-01-09T20:59:08.415-0300] {logging_mixin.py:154} INFO - [2024-01-09T20:59:08.415-0300] {dag.py:3722} INFO - Setting next_dagrun for example_nested_branch_dag to 2024-01-08T00:00:00+00:00, run_after=2024-01-09T00:00:00+00:00
[2024-01-09T20:59:08.433-0300] {processor.py:179} INFO - Processing /home/felipe/.local/lib/python3.11/site-packages/airflow/example_dags/example_nested_branch_dag.py took 0.081 seconds
