[2024-01-09T10:10:49.448-0300] {processor.py:157} INFO - Started process (PID=8596) to work on /home/felipe/.local/lib/python3.11/site-packages/airflow/example_dags/example_branch_day_of_week_operator.py
[2024-01-09T10:10:49.448-0300] {processor.py:829} INFO - Processing file /home/felipe/.local/lib/python3.11/site-packages/airflow/example_dags/example_branch_day_of_week_operator.py for tasks to queue
[2024-01-09T10:10:49.449-0300] {logging_mixin.py:154} INFO - [2024-01-09T10:10:49.448-0300] {dagbag.py:536} INFO - Filling up the DagBag from /home/felipe/.local/lib/python3.11/site-packages/airflow/example_dags/example_branch_day_of_week_operator.py
[2024-01-09T10:10:49.454-0300] {processor.py:839} INFO - DAG(s) dict_keys(['example_weekday_branch_operator']) retrieved from /home/felipe/.local/lib/python3.11/site-packages/airflow/example_dags/example_branch_day_of_week_operator.py
[2024-01-09T10:10:49.463-0300] {logging_mixin.py:154} INFO - [2024-01-09T10:10:49.463-0300] {dag.py:2941} INFO - Sync 1 DAGs
[2024-01-09T10:10:49.474-0300] {logging_mixin.py:154} INFO - [2024-01-09T10:10:49.474-0300] {dag.py:3722} INFO - Setting next_dagrun for example_weekday_branch_operator to 2024-01-08T00:00:00+00:00, run_after=2024-01-09T00:00:00+00:00
[2024-01-09T10:10:49.517-0300] {processor.py:179} INFO - Processing /home/felipe/.local/lib/python3.11/site-packages/airflow/example_dags/example_branch_day_of_week_operator.py took 0.071 seconds
[2024-01-09T10:12:00.441-0300] {processor.py:157} INFO - Started process (PID=8750) to work on /home/felipe/.local/lib/python3.11/site-packages/airflow/example_dags/example_branch_day_of_week_operator.py
[2024-01-09T10:12:00.473-0300] {processor.py:829} INFO - Processing file /home/felipe/.local/lib/python3.11/site-packages/airflow/example_dags/example_branch_day_of_week_operator.py for tasks to queue
[2024-01-09T10:12:00.473-0300] {logging_mixin.py:154} INFO - [2024-01-09T10:12:00.473-0300] {dagbag.py:536} INFO - Filling up the DagBag from /home/felipe/.local/lib/python3.11/site-packages/airflow/example_dags/example_branch_day_of_week_operator.py
[2024-01-09T10:12:00.478-0300] {processor.py:839} INFO - DAG(s) dict_keys(['example_weekday_branch_operator']) retrieved from /home/felipe/.local/lib/python3.11/site-packages/airflow/example_dags/example_branch_day_of_week_operator.py
[2024-01-09T10:12:00.488-0300] {logging_mixin.py:154} INFO - [2024-01-09T10:12:00.488-0300] {dag.py:2941} INFO - Sync 1 DAGs
[2024-01-09T10:12:00.498-0300] {logging_mixin.py:154} INFO - [2024-01-09T10:12:00.498-0300] {dag.py:3722} INFO - Setting next_dagrun for example_weekday_branch_operator to 2024-01-08T00:00:00+00:00, run_after=2024-01-09T00:00:00+00:00
[2024-01-09T10:12:00.514-0300] {processor.py:179} INFO - Processing /home/felipe/.local/lib/python3.11/site-packages/airflow/example_dags/example_branch_day_of_week_operator.py took 0.076 seconds
[2024-01-09T10:13:11.389-0300] {processor.py:157} INFO - Started process (PID=8880) to work on /home/felipe/.local/lib/python3.11/site-packages/airflow/example_dags/example_branch_day_of_week_operator.py
[2024-01-09T10:13:11.421-0300] {processor.py:829} INFO - Processing file /home/felipe/.local/lib/python3.11/site-packages/airflow/example_dags/example_branch_day_of_week_operator.py for tasks to queue
[2024-01-09T10:13:11.422-0300] {logging_mixin.py:154} INFO - [2024-01-09T10:13:11.421-0300] {dagbag.py:536} INFO - Filling up the DagBag from /home/felipe/.local/lib/python3.11/site-packages/airflow/example_dags/example_branch_day_of_week_operator.py
[2024-01-09T10:13:11.426-0300] {processor.py:839} INFO - DAG(s) dict_keys(['example_weekday_branch_operator']) retrieved from /home/felipe/.local/lib/python3.11/site-packages/airflow/example_dags/example_branch_day_of_week_operator.py
[2024-01-09T10:13:11.436-0300] {logging_mixin.py:154} INFO - [2024-01-09T10:13:11.436-0300] {dag.py:2941} INFO - Sync 1 DAGs
[2024-01-09T10:13:11.446-0300] {logging_mixin.py:154} INFO - [2024-01-09T10:13:11.446-0300] {dag.py:3722} INFO - Setting next_dagrun for example_weekday_branch_operator to 2024-01-08T00:00:00+00:00, run_after=2024-01-09T00:00:00+00:00
[2024-01-09T10:13:11.463-0300] {processor.py:179} INFO - Processing /home/felipe/.local/lib/python3.11/site-packages/airflow/example_dags/example_branch_day_of_week_operator.py took 0.076 seconds
[2024-01-09T10:14:28.428-0300] {processor.py:157} INFO - Started process (PID=9008) to work on /home/felipe/.local/lib/python3.11/site-packages/airflow/example_dags/example_branch_day_of_week_operator.py
[2024-01-09T10:14:28.460-0300] {processor.py:829} INFO - Processing file /home/felipe/.local/lib/python3.11/site-packages/airflow/example_dags/example_branch_day_of_week_operator.py for tasks to queue
[2024-01-09T10:14:28.460-0300] {logging_mixin.py:154} INFO - [2024-01-09T10:14:28.460-0300] {dagbag.py:536} INFO - Filling up the DagBag from /home/felipe/.local/lib/python3.11/site-packages/airflow/example_dags/example_branch_day_of_week_operator.py
[2024-01-09T10:14:28.465-0300] {processor.py:839} INFO - DAG(s) dict_keys(['example_weekday_branch_operator']) retrieved from /home/felipe/.local/lib/python3.11/site-packages/airflow/example_dags/example_branch_day_of_week_operator.py
[2024-01-09T10:14:28.477-0300] {logging_mixin.py:154} INFO - [2024-01-09T10:14:28.477-0300] {dag.py:2941} INFO - Sync 1 DAGs
[2024-01-09T10:14:28.488-0300] {logging_mixin.py:154} INFO - [2024-01-09T10:14:28.488-0300] {dag.py:3722} INFO - Setting next_dagrun for example_weekday_branch_operator to 2024-01-08T00:00:00+00:00, run_after=2024-01-09T00:00:00+00:00
[2024-01-09T10:14:28.504-0300] {processor.py:179} INFO - Processing /home/felipe/.local/lib/python3.11/site-packages/airflow/example_dags/example_branch_day_of_week_operator.py took 0.079 seconds
[2024-01-09T10:38:04.027-0300] {processor.py:157} INFO - Started process (PID=11739) to work on /home/felipe/.local/lib/python3.11/site-packages/airflow/example_dags/example_branch_day_of_week_operator.py
[2024-01-09T10:38:04.059-0300] {processor.py:829} INFO - Processing file /home/felipe/.local/lib/python3.11/site-packages/airflow/example_dags/example_branch_day_of_week_operator.py for tasks to queue
[2024-01-09T10:38:04.059-0300] {logging_mixin.py:154} INFO - [2024-01-09T10:38:04.059-0300] {dagbag.py:536} INFO - Filling up the DagBag from /home/felipe/.local/lib/python3.11/site-packages/airflow/example_dags/example_branch_day_of_week_operator.py
[2024-01-09T10:38:04.064-0300] {processor.py:839} INFO - DAG(s) dict_keys(['example_weekday_branch_operator']) retrieved from /home/felipe/.local/lib/python3.11/site-packages/airflow/example_dags/example_branch_day_of_week_operator.py
[2024-01-09T10:38:04.072-0300] {logging_mixin.py:154} INFO - [2024-01-09T10:38:04.072-0300] {dag.py:2941} INFO - Sync 1 DAGs
[2024-01-09T10:38:04.081-0300] {logging_mixin.py:154} INFO - [2024-01-09T10:38:04.081-0300] {dag.py:3722} INFO - Setting next_dagrun for example_weekday_branch_operator to 2024-01-08T00:00:00+00:00, run_after=2024-01-09T00:00:00+00:00
[2024-01-09T10:38:04.096-0300] {processor.py:179} INFO - Processing /home/felipe/.local/lib/python3.11/site-packages/airflow/example_dags/example_branch_day_of_week_operator.py took 0.072 seconds
[2024-01-09T10:38:54.714-0300] {processor.py:157} INFO - Started process (PID=11834) to work on /home/felipe/.local/lib/python3.11/site-packages/airflow/example_dags/example_branch_day_of_week_operator.py
[2024-01-09T10:38:54.746-0300] {processor.py:829} INFO - Processing file /home/felipe/.local/lib/python3.11/site-packages/airflow/example_dags/example_branch_day_of_week_operator.py for tasks to queue
[2024-01-09T10:38:54.747-0300] {logging_mixin.py:154} INFO - [2024-01-09T10:38:54.747-0300] {dagbag.py:536} INFO - Filling up the DagBag from /home/felipe/.local/lib/python3.11/site-packages/airflow/example_dags/example_branch_day_of_week_operator.py
[2024-01-09T10:38:54.751-0300] {processor.py:839} INFO - DAG(s) dict_keys(['example_weekday_branch_operator']) retrieved from /home/felipe/.local/lib/python3.11/site-packages/airflow/example_dags/example_branch_day_of_week_operator.py
[2024-01-09T10:38:54.760-0300] {logging_mixin.py:154} INFO - [2024-01-09T10:38:54.760-0300] {dag.py:2941} INFO - Sync 1 DAGs
[2024-01-09T10:38:54.769-0300] {logging_mixin.py:154} INFO - [2024-01-09T10:38:54.768-0300] {dag.py:3722} INFO - Setting next_dagrun for example_weekday_branch_operator to 2024-01-08T00:00:00+00:00, run_after=2024-01-09T00:00:00+00:00
[2024-01-09T10:38:54.785-0300] {processor.py:179} INFO - Processing /home/felipe/.local/lib/python3.11/site-packages/airflow/example_dags/example_branch_day_of_week_operator.py took 0.073 seconds
[2024-01-09T10:39:53.417-0300] {processor.py:157} INFO - Started process (PID=11950) to work on /home/felipe/.local/lib/python3.11/site-packages/airflow/example_dags/example_branch_day_of_week_operator.py
[2024-01-09T10:39:53.418-0300] {processor.py:829} INFO - Processing file /home/felipe/.local/lib/python3.11/site-packages/airflow/example_dags/example_branch_day_of_week_operator.py for tasks to queue
[2024-01-09T10:39:53.418-0300] {logging_mixin.py:154} INFO - [2024-01-09T10:39:53.418-0300] {dagbag.py:536} INFO - Filling up the DagBag from /home/felipe/.local/lib/python3.11/site-packages/airflow/example_dags/example_branch_day_of_week_operator.py
[2024-01-09T10:39:53.423-0300] {processor.py:839} INFO - DAG(s) dict_keys(['example_weekday_branch_operator']) retrieved from /home/felipe/.local/lib/python3.11/site-packages/airflow/example_dags/example_branch_day_of_week_operator.py
[2024-01-09T10:39:53.432-0300] {logging_mixin.py:154} INFO - [2024-01-09T10:39:53.432-0300] {dag.py:2941} INFO - Sync 1 DAGs
[2024-01-09T10:39:53.440-0300] {logging_mixin.py:154} INFO - [2024-01-09T10:39:53.440-0300] {dag.py:3722} INFO - Setting next_dagrun for example_weekday_branch_operator to 2024-01-08T00:00:00+00:00, run_after=2024-01-09T00:00:00+00:00
[2024-01-09T10:39:53.449-0300] {processor.py:179} INFO - Processing /home/felipe/.local/lib/python3.11/site-packages/airflow/example_dags/example_branch_day_of_week_operator.py took 0.034 seconds
[2024-01-09T10:40:47.279-0300] {processor.py:157} INFO - Started process (PID=12109) to work on /home/felipe/.local/lib/python3.11/site-packages/airflow/example_dags/example_branch_day_of_week_operator.py
[2024-01-09T10:40:47.311-0300] {processor.py:829} INFO - Processing file /home/felipe/.local/lib/python3.11/site-packages/airflow/example_dags/example_branch_day_of_week_operator.py for tasks to queue
[2024-01-09T10:40:47.311-0300] {logging_mixin.py:154} INFO - [2024-01-09T10:40:47.311-0300] {dagbag.py:536} INFO - Filling up the DagBag from /home/felipe/.local/lib/python3.11/site-packages/airflow/example_dags/example_branch_day_of_week_operator.py
[2024-01-09T10:40:47.316-0300] {processor.py:839} INFO - DAG(s) dict_keys(['example_weekday_branch_operator']) retrieved from /home/felipe/.local/lib/python3.11/site-packages/airflow/example_dags/example_branch_day_of_week_operator.py
[2024-01-09T10:40:47.325-0300] {logging_mixin.py:154} INFO - [2024-01-09T10:40:47.325-0300] {dag.py:2941} INFO - Sync 1 DAGs
[2024-01-09T10:40:47.333-0300] {logging_mixin.py:154} INFO - [2024-01-09T10:40:47.333-0300] {dag.py:3722} INFO - Setting next_dagrun for example_weekday_branch_operator to 2024-01-08T00:00:00+00:00, run_after=2024-01-09T00:00:00+00:00
[2024-01-09T10:40:47.349-0300] {processor.py:179} INFO - Processing /home/felipe/.local/lib/python3.11/site-packages/airflow/example_dags/example_branch_day_of_week_operator.py took 0.073 seconds
[2024-01-09T10:45:10.186-0300] {processor.py:157} INFO - Started process (PID=12697) to work on /home/felipe/.local/lib/python3.11/site-packages/airflow/example_dags/example_branch_day_of_week_operator.py
[2024-01-09T10:45:10.187-0300] {processor.py:829} INFO - Processing file /home/felipe/.local/lib/python3.11/site-packages/airflow/example_dags/example_branch_day_of_week_operator.py for tasks to queue
[2024-01-09T10:45:10.187-0300] {logging_mixin.py:154} INFO - [2024-01-09T10:45:10.187-0300] {dagbag.py:536} INFO - Filling up the DagBag from /home/felipe/.local/lib/python3.11/site-packages/airflow/example_dags/example_branch_day_of_week_operator.py
[2024-01-09T10:45:10.192-0300] {processor.py:839} INFO - DAG(s) dict_keys(['example_weekday_branch_operator']) retrieved from /home/felipe/.local/lib/python3.11/site-packages/airflow/example_dags/example_branch_day_of_week_operator.py
[2024-01-09T10:45:10.200-0300] {logging_mixin.py:154} INFO - [2024-01-09T10:45:10.200-0300] {dag.py:2941} INFO - Sync 1 DAGs
[2024-01-09T10:45:10.208-0300] {logging_mixin.py:154} INFO - [2024-01-09T10:45:10.208-0300] {dag.py:3722} INFO - Setting next_dagrun for example_weekday_branch_operator to 2024-01-08T00:00:00+00:00, run_after=2024-01-09T00:00:00+00:00
[2024-01-09T10:45:10.223-0300] {processor.py:179} INFO - Processing /home/felipe/.local/lib/python3.11/site-packages/airflow/example_dags/example_branch_day_of_week_operator.py took 0.039 seconds
[2024-01-09T10:51:03.775-0300] {processor.py:157} INFO - Started process (PID=13911) to work on /home/felipe/.local/lib/python3.11/site-packages/airflow/example_dags/example_branch_day_of_week_operator.py
[2024-01-09T10:51:03.849-0300] {processor.py:829} INFO - Processing file /home/felipe/.local/lib/python3.11/site-packages/airflow/example_dags/example_branch_day_of_week_operator.py for tasks to queue
[2024-01-09T10:51:03.850-0300] {logging_mixin.py:154} INFO - [2024-01-09T10:51:03.849-0300] {dagbag.py:536} INFO - Filling up the DagBag from /home/felipe/.local/lib/python3.11/site-packages/airflow/example_dags/example_branch_day_of_week_operator.py
[2024-01-09T10:51:03.854-0300] {processor.py:839} INFO - DAG(s) dict_keys(['example_weekday_branch_operator']) retrieved from /home/felipe/.local/lib/python3.11/site-packages/airflow/example_dags/example_branch_day_of_week_operator.py
[2024-01-09T10:51:03.863-0300] {logging_mixin.py:154} INFO - [2024-01-09T10:51:03.863-0300] {dag.py:2941} INFO - Sync 1 DAGs
[2024-01-09T10:51:03.872-0300] {logging_mixin.py:154} INFO - [2024-01-09T10:51:03.872-0300] {dag.py:3722} INFO - Setting next_dagrun for example_weekday_branch_operator to 2024-01-08T00:00:00+00:00, run_after=2024-01-09T00:00:00+00:00
[2024-01-09T10:51:03.889-0300] {processor.py:179} INFO - Processing /home/felipe/.local/lib/python3.11/site-packages/airflow/example_dags/example_branch_day_of_week_operator.py took 0.115 seconds
[2024-01-09T10:54:05.489-0300] {processor.py:157} INFO - Started process (PID=14436) to work on /home/felipe/.local/lib/python3.11/site-packages/airflow/example_dags/example_branch_day_of_week_operator.py
[2024-01-09T10:54:05.530-0300] {processor.py:829} INFO - Processing file /home/felipe/.local/lib/python3.11/site-packages/airflow/example_dags/example_branch_day_of_week_operator.py for tasks to queue
[2024-01-09T10:54:05.531-0300] {logging_mixin.py:154} INFO - [2024-01-09T10:54:05.530-0300] {dagbag.py:536} INFO - Filling up the DagBag from /home/felipe/.local/lib/python3.11/site-packages/airflow/example_dags/example_branch_day_of_week_operator.py
[2024-01-09T10:54:05.536-0300] {processor.py:839} INFO - DAG(s) dict_keys(['example_weekday_branch_operator']) retrieved from /home/felipe/.local/lib/python3.11/site-packages/airflow/example_dags/example_branch_day_of_week_operator.py
[2024-01-09T10:54:05.545-0300] {logging_mixin.py:154} INFO - [2024-01-09T10:54:05.545-0300] {dag.py:2941} INFO - Sync 1 DAGs
[2024-01-09T10:54:05.555-0300] {logging_mixin.py:154} INFO - [2024-01-09T10:54:05.555-0300] {dag.py:3722} INFO - Setting next_dagrun for example_weekday_branch_operator to 2024-01-08T00:00:00+00:00, run_after=2024-01-09T00:00:00+00:00
[2024-01-09T10:54:05.565-0300] {processor.py:179} INFO - Processing /home/felipe/.local/lib/python3.11/site-packages/airflow/example_dags/example_branch_day_of_week_operator.py took 0.078 seconds
[2024-01-09T10:57:15.773-0300] {processor.py:157} INFO - Started process (PID=15071) to work on /home/felipe/.local/lib/python3.11/site-packages/airflow/example_dags/example_branch_day_of_week_operator.py
[2024-01-09T10:57:15.805-0300] {processor.py:829} INFO - Processing file /home/felipe/.local/lib/python3.11/site-packages/airflow/example_dags/example_branch_day_of_week_operator.py for tasks to queue
[2024-01-09T10:57:15.806-0300] {logging_mixin.py:154} INFO - [2024-01-09T10:57:15.806-0300] {dagbag.py:536} INFO - Filling up the DagBag from /home/felipe/.local/lib/python3.11/site-packages/airflow/example_dags/example_branch_day_of_week_operator.py
[2024-01-09T10:57:15.811-0300] {processor.py:839} INFO - DAG(s) dict_keys(['example_weekday_branch_operator']) retrieved from /home/felipe/.local/lib/python3.11/site-packages/airflow/example_dags/example_branch_day_of_week_operator.py
[2024-01-09T10:57:15.820-0300] {logging_mixin.py:154} INFO - [2024-01-09T10:57:15.820-0300] {dag.py:2941} INFO - Sync 1 DAGs
[2024-01-09T10:57:15.828-0300] {logging_mixin.py:154} INFO - [2024-01-09T10:57:15.828-0300] {dag.py:3722} INFO - Setting next_dagrun for example_weekday_branch_operator to 2024-01-08T00:00:00+00:00, run_after=2024-01-09T00:00:00+00:00
[2024-01-09T10:57:15.844-0300] {processor.py:179} INFO - Processing /home/felipe/.local/lib/python3.11/site-packages/airflow/example_dags/example_branch_day_of_week_operator.py took 0.073 seconds
[2024-01-09T11:01:36.184-0300] {processor.py:157} INFO - Started process (PID=15718) to work on /home/felipe/.local/lib/python3.11/site-packages/airflow/example_dags/example_branch_day_of_week_operator.py
[2024-01-09T11:01:36.185-0300] {processor.py:829} INFO - Processing file /home/felipe/.local/lib/python3.11/site-packages/airflow/example_dags/example_branch_day_of_week_operator.py for tasks to queue
[2024-01-09T11:01:36.186-0300] {logging_mixin.py:154} INFO - [2024-01-09T11:01:36.185-0300] {dagbag.py:536} INFO - Filling up the DagBag from /home/felipe/.local/lib/python3.11/site-packages/airflow/example_dags/example_branch_day_of_week_operator.py
[2024-01-09T11:01:36.190-0300] {processor.py:839} INFO - DAG(s) dict_keys(['example_weekday_branch_operator']) retrieved from /home/felipe/.local/lib/python3.11/site-packages/airflow/example_dags/example_branch_day_of_week_operator.py
[2024-01-09T11:01:36.199-0300] {logging_mixin.py:154} INFO - [2024-01-09T11:01:36.199-0300] {dag.py:2941} INFO - Sync 1 DAGs
[2024-01-09T11:01:36.208-0300] {logging_mixin.py:154} INFO - [2024-01-09T11:01:36.208-0300] {dag.py:3722} INFO - Setting next_dagrun for example_weekday_branch_operator to 2024-01-08T00:00:00+00:00, run_after=2024-01-09T00:00:00+00:00
[2024-01-09T11:01:36.217-0300] {processor.py:179} INFO - Processing /home/felipe/.local/lib/python3.11/site-packages/airflow/example_dags/example_branch_day_of_week_operator.py took 0.035 seconds
[2024-01-09T20:53:25.885-0300] {processor.py:157} INFO - Started process (PID=36453) to work on /home/felipe/.local/lib/python3.11/site-packages/airflow/example_dags/example_branch_day_of_week_operator.py
[2024-01-09T20:53:25.886-0300] {processor.py:829} INFO - Processing file /home/felipe/.local/lib/python3.11/site-packages/airflow/example_dags/example_branch_day_of_week_operator.py for tasks to queue
[2024-01-09T20:53:25.886-0300] {logging_mixin.py:154} INFO - [2024-01-09T20:53:25.886-0300] {dagbag.py:536} INFO - Filling up the DagBag from /home/felipe/.local/lib/python3.11/site-packages/airflow/example_dags/example_branch_day_of_week_operator.py
[2024-01-09T20:53:25.891-0300] {processor.py:839} INFO - DAG(s) dict_keys(['example_weekday_branch_operator']) retrieved from /home/felipe/.local/lib/python3.11/site-packages/airflow/example_dags/example_branch_day_of_week_operator.py
[2024-01-09T20:53:25.901-0300] {logging_mixin.py:154} INFO - [2024-01-09T20:53:25.901-0300] {dag.py:2941} INFO - Sync 1 DAGs
[2024-01-09T20:53:25.911-0300] {logging_mixin.py:154} INFO - [2024-01-09T20:53:25.911-0300] {dag.py:3722} INFO - Setting next_dagrun for example_weekday_branch_operator to 2024-01-08T00:00:00+00:00, run_after=2024-01-09T00:00:00+00:00
[2024-01-09T20:53:25.930-0300] {processor.py:179} INFO - Processing /home/felipe/.local/lib/python3.11/site-packages/airflow/example_dags/example_branch_day_of_week_operator.py took 0.046 seconds
[2024-01-09T20:54:20.201-0300] {processor.py:157} INFO - Started process (PID=36645) to work on /home/felipe/.local/lib/python3.11/site-packages/airflow/example_dags/example_branch_day_of_week_operator.py
[2024-01-09T20:54:20.233-0300] {processor.py:829} INFO - Processing file /home/felipe/.local/lib/python3.11/site-packages/airflow/example_dags/example_branch_day_of_week_operator.py for tasks to queue
[2024-01-09T20:54:20.234-0300] {logging_mixin.py:154} INFO - [2024-01-09T20:54:20.234-0300] {dagbag.py:536} INFO - Filling up the DagBag from /home/felipe/.local/lib/python3.11/site-packages/airflow/example_dags/example_branch_day_of_week_operator.py
[2024-01-09T20:54:20.239-0300] {processor.py:839} INFO - DAG(s) dict_keys(['example_weekday_branch_operator']) retrieved from /home/felipe/.local/lib/python3.11/site-packages/airflow/example_dags/example_branch_day_of_week_operator.py
[2024-01-09T20:54:20.248-0300] {logging_mixin.py:154} INFO - [2024-01-09T20:54:20.248-0300] {dag.py:2941} INFO - Sync 1 DAGs
[2024-01-09T20:54:20.258-0300] {logging_mixin.py:154} INFO - [2024-01-09T20:54:20.258-0300] {dag.py:3722} INFO - Setting next_dagrun for example_weekday_branch_operator to 2024-01-08T00:00:00+00:00, run_after=2024-01-09T00:00:00+00:00
[2024-01-09T20:54:20.275-0300] {processor.py:179} INFO - Processing /home/felipe/.local/lib/python3.11/site-packages/airflow/example_dags/example_branch_day_of_week_operator.py took 0.075 seconds
[2024-01-09T20:55:13.833-0300] {processor.py:157} INFO - Started process (PID=36761) to work on /home/felipe/.local/lib/python3.11/site-packages/airflow/example_dags/example_branch_day_of_week_operator.py
[2024-01-09T20:55:13.866-0300] {processor.py:829} INFO - Processing file /home/felipe/.local/lib/python3.11/site-packages/airflow/example_dags/example_branch_day_of_week_operator.py for tasks to queue
[2024-01-09T20:55:13.866-0300] {logging_mixin.py:154} INFO - [2024-01-09T20:55:13.866-0300] {dagbag.py:536} INFO - Filling up the DagBag from /home/felipe/.local/lib/python3.11/site-packages/airflow/example_dags/example_branch_day_of_week_operator.py
[2024-01-09T20:55:13.871-0300] {processor.py:839} INFO - DAG(s) dict_keys(['example_weekday_branch_operator']) retrieved from /home/felipe/.local/lib/python3.11/site-packages/airflow/example_dags/example_branch_day_of_week_operator.py
[2024-01-09T20:55:13.880-0300] {logging_mixin.py:154} INFO - [2024-01-09T20:55:13.880-0300] {dag.py:2941} INFO - Sync 1 DAGs
[2024-01-09T20:55:13.891-0300] {logging_mixin.py:154} INFO - [2024-01-09T20:55:13.891-0300] {dag.py:3722} INFO - Setting next_dagrun for example_weekday_branch_operator to 2024-01-08T00:00:00+00:00, run_after=2024-01-09T00:00:00+00:00
[2024-01-09T20:55:13.909-0300] {processor.py:179} INFO - Processing /home/felipe/.local/lib/python3.11/site-packages/airflow/example_dags/example_branch_day_of_week_operator.py took 0.077 seconds
[2024-01-09T20:56:07.141-0300] {processor.py:157} INFO - Started process (PID=36893) to work on /home/felipe/.local/lib/python3.11/site-packages/airflow/example_dags/example_branch_day_of_week_operator.py
[2024-01-09T20:56:07.174-0300] {processor.py:829} INFO - Processing file /home/felipe/.local/lib/python3.11/site-packages/airflow/example_dags/example_branch_day_of_week_operator.py for tasks to queue
[2024-01-09T20:56:07.174-0300] {logging_mixin.py:154} INFO - [2024-01-09T20:56:07.174-0300] {dagbag.py:536} INFO - Filling up the DagBag from /home/felipe/.local/lib/python3.11/site-packages/airflow/example_dags/example_branch_day_of_week_operator.py
[2024-01-09T20:56:07.179-0300] {processor.py:839} INFO - DAG(s) dict_keys(['example_weekday_branch_operator']) retrieved from /home/felipe/.local/lib/python3.11/site-packages/airflow/example_dags/example_branch_day_of_week_operator.py
[2024-01-09T20:56:07.190-0300] {logging_mixin.py:154} INFO - [2024-01-09T20:56:07.190-0300] {dag.py:2941} INFO - Sync 1 DAGs
[2024-01-09T20:56:07.201-0300] {logging_mixin.py:154} INFO - [2024-01-09T20:56:07.201-0300] {dag.py:3722} INFO - Setting next_dagrun for example_weekday_branch_operator to 2024-01-08T00:00:00+00:00, run_after=2024-01-09T00:00:00+00:00
[2024-01-09T20:56:07.218-0300] {processor.py:179} INFO - Processing /home/felipe/.local/lib/python3.11/site-packages/airflow/example_dags/example_branch_day_of_week_operator.py took 0.080 seconds
[2024-01-09T20:57:00.581-0300] {processor.py:157} INFO - Started process (PID=37007) to work on /home/felipe/.local/lib/python3.11/site-packages/airflow/example_dags/example_branch_day_of_week_operator.py
[2024-01-09T20:57:00.613-0300] {processor.py:829} INFO - Processing file /home/felipe/.local/lib/python3.11/site-packages/airflow/example_dags/example_branch_day_of_week_operator.py for tasks to queue
[2024-01-09T20:57:00.614-0300] {logging_mixin.py:154} INFO - [2024-01-09T20:57:00.614-0300] {dagbag.py:536} INFO - Filling up the DagBag from /home/felipe/.local/lib/python3.11/site-packages/airflow/example_dags/example_branch_day_of_week_operator.py
[2024-01-09T20:57:00.619-0300] {processor.py:839} INFO - DAG(s) dict_keys(['example_weekday_branch_operator']) retrieved from /home/felipe/.local/lib/python3.11/site-packages/airflow/example_dags/example_branch_day_of_week_operator.py
[2024-01-09T20:57:00.629-0300] {logging_mixin.py:154} INFO - [2024-01-09T20:57:00.629-0300] {dag.py:2941} INFO - Sync 1 DAGs
[2024-01-09T20:57:00.640-0300] {logging_mixin.py:154} INFO - [2024-01-09T20:57:00.640-0300] {dag.py:3722} INFO - Setting next_dagrun for example_weekday_branch_operator to 2024-01-08T00:00:00+00:00, run_after=2024-01-09T00:00:00+00:00
[2024-01-09T20:57:00.650-0300] {processor.py:179} INFO - Processing /home/felipe/.local/lib/python3.11/site-packages/airflow/example_dags/example_branch_day_of_week_operator.py took 0.071 seconds
[2024-01-09T20:57:50.523-0300] {processor.py:157} INFO - Started process (PID=37133) to work on /home/felipe/.local/lib/python3.11/site-packages/airflow/example_dags/example_branch_day_of_week_operator.py
[2024-01-09T20:57:50.555-0300] {processor.py:829} INFO - Processing file /home/felipe/.local/lib/python3.11/site-packages/airflow/example_dags/example_branch_day_of_week_operator.py for tasks to queue
[2024-01-09T20:57:50.555-0300] {logging_mixin.py:154} INFO - [2024-01-09T20:57:50.555-0300] {dagbag.py:536} INFO - Filling up the DagBag from /home/felipe/.local/lib/python3.11/site-packages/airflow/example_dags/example_branch_day_of_week_operator.py
[2024-01-09T20:57:50.560-0300] {processor.py:839} INFO - DAG(s) dict_keys(['example_weekday_branch_operator']) retrieved from /home/felipe/.local/lib/python3.11/site-packages/airflow/example_dags/example_branch_day_of_week_operator.py
[2024-01-09T20:57:50.570-0300] {logging_mixin.py:154} INFO - [2024-01-09T20:57:50.570-0300] {dag.py:2941} INFO - Sync 1 DAGs
[2024-01-09T20:57:50.580-0300] {logging_mixin.py:154} INFO - [2024-01-09T20:57:50.580-0300] {dag.py:3722} INFO - Setting next_dagrun for example_weekday_branch_operator to 2024-01-08T00:00:00+00:00, run_after=2024-01-09T00:00:00+00:00
[2024-01-09T20:57:50.596-0300] {processor.py:179} INFO - Processing /home/felipe/.local/lib/python3.11/site-packages/airflow/example_dags/example_branch_day_of_week_operator.py took 0.076 seconds
[2024-01-09T20:58:42.100-0300] {processor.py:157} INFO - Started process (PID=37247) to work on /home/felipe/.local/lib/python3.11/site-packages/airflow/example_dags/example_branch_day_of_week_operator.py
[2024-01-09T20:58:42.135-0300] {processor.py:829} INFO - Processing file /home/felipe/.local/lib/python3.11/site-packages/airflow/example_dags/example_branch_day_of_week_operator.py for tasks to queue
[2024-01-09T20:58:42.136-0300] {logging_mixin.py:154} INFO - [2024-01-09T20:58:42.136-0300] {dagbag.py:536} INFO - Filling up the DagBag from /home/felipe/.local/lib/python3.11/site-packages/airflow/example_dags/example_branch_day_of_week_operator.py
[2024-01-09T20:58:42.140-0300] {processor.py:839} INFO - DAG(s) dict_keys(['example_weekday_branch_operator']) retrieved from /home/felipe/.local/lib/python3.11/site-packages/airflow/example_dags/example_branch_day_of_week_operator.py
[2024-01-09T20:58:42.150-0300] {logging_mixin.py:154} INFO - [2024-01-09T20:58:42.150-0300] {dag.py:2941} INFO - Sync 1 DAGs
[2024-01-09T20:58:42.161-0300] {logging_mixin.py:154} INFO - [2024-01-09T20:58:42.161-0300] {dag.py:3722} INFO - Setting next_dagrun for example_weekday_branch_operator to 2024-01-08T00:00:00+00:00, run_after=2024-01-09T00:00:00+00:00
[2024-01-09T20:58:42.178-0300] {processor.py:179} INFO - Processing /home/felipe/.local/lib/python3.11/site-packages/airflow/example_dags/example_branch_day_of_week_operator.py took 0.080 seconds
[2024-01-09T20:59:35.000-0300] {processor.py:157} INFO - Started process (PID=37392) to work on /home/felipe/.local/lib/python3.11/site-packages/airflow/example_dags/example_branch_day_of_week_operator.py
[2024-01-09T20:59:35.032-0300] {processor.py:829} INFO - Processing file /home/felipe/.local/lib/python3.11/site-packages/airflow/example_dags/example_branch_day_of_week_operator.py for tasks to queue
[2024-01-09T20:59:35.033-0300] {logging_mixin.py:154} INFO - [2024-01-09T20:59:35.032-0300] {dagbag.py:536} INFO - Filling up the DagBag from /home/felipe/.local/lib/python3.11/site-packages/airflow/example_dags/example_branch_day_of_week_operator.py
[2024-01-09T20:59:35.038-0300] {processor.py:839} INFO - DAG(s) dict_keys(['example_weekday_branch_operator']) retrieved from /home/felipe/.local/lib/python3.11/site-packages/airflow/example_dags/example_branch_day_of_week_operator.py
[2024-01-09T20:59:35.049-0300] {logging_mixin.py:154} INFO - [2024-01-09T20:59:35.049-0300] {dag.py:2941} INFO - Sync 1 DAGs
[2024-01-09T20:59:35.059-0300] {logging_mixin.py:154} INFO - [2024-01-09T20:59:35.059-0300] {dag.py:3722} INFO - Setting next_dagrun for example_weekday_branch_operator to 2024-01-08T00:00:00+00:00, run_after=2024-01-09T00:00:00+00:00
[2024-01-09T20:59:35.077-0300] {processor.py:179} INFO - Processing /home/felipe/.local/lib/python3.11/site-packages/airflow/example_dags/example_branch_day_of_week_operator.py took 0.079 seconds
