[2024-01-09T10:10:26.917-0300] {processor.py:157} INFO - Started process (PID=8543) to work on /home/felipe/.local/lib/python3.11/site-packages/airflow/example_dags/example_sensor_decorator.py
[2024-01-09T10:10:26.917-0300] {processor.py:829} INFO - Processing file /home/felipe/.local/lib/python3.11/site-packages/airflow/example_dags/example_sensor_decorator.py for tasks to queue
[2024-01-09T10:10:26.918-0300] {logging_mixin.py:154} INFO - [2024-01-09T10:10:26.918-0300] {dagbag.py:536} INFO - Filling up the DagBag from /home/felipe/.local/lib/python3.11/site-packages/airflow/example_dags/example_sensor_decorator.py
[2024-01-09T10:10:26.923-0300] {processor.py:839} INFO - DAG(s) dict_keys(['example_sensor_decorator']) retrieved from /home/felipe/.local/lib/python3.11/site-packages/airflow/example_dags/example_sensor_decorator.py
[2024-01-09T10:10:26.935-0300] {logging_mixin.py:154} INFO - [2024-01-09T10:10:26.935-0300] {dag.py:2941} INFO - Sync 1 DAGs
[2024-01-09T10:10:26.941-0300] {logging_mixin.py:154} INFO - [2024-01-09T10:10:26.941-0300] {dag.py:3722} INFO - Setting next_dagrun for example_sensor_decorator to None, run_after=None
[2024-01-09T10:10:26.982-0300] {processor.py:179} INFO - Processing /home/felipe/.local/lib/python3.11/site-packages/airflow/example_dags/example_sensor_decorator.py took 0.067 seconds
[2024-01-09T10:11:21.168-0300] {processor.py:157} INFO - Started process (PID=8672) to work on /home/felipe/.local/lib/python3.11/site-packages/airflow/example_dags/example_sensor_decorator.py
[2024-01-09T10:11:21.200-0300] {processor.py:829} INFO - Processing file /home/felipe/.local/lib/python3.11/site-packages/airflow/example_dags/example_sensor_decorator.py for tasks to queue
[2024-01-09T10:11:21.201-0300] {logging_mixin.py:154} INFO - [2024-01-09T10:11:21.200-0300] {dagbag.py:536} INFO - Filling up the DagBag from /home/felipe/.local/lib/python3.11/site-packages/airflow/example_dags/example_sensor_decorator.py
[2024-01-09T10:11:21.204-0300] {processor.py:839} INFO - DAG(s) dict_keys(['example_sensor_decorator']) retrieved from /home/felipe/.local/lib/python3.11/site-packages/airflow/example_dags/example_sensor_decorator.py
[2024-01-09T10:11:21.213-0300] {logging_mixin.py:154} INFO - [2024-01-09T10:11:21.213-0300] {dag.py:2941} INFO - Sync 1 DAGs
[2024-01-09T10:11:21.219-0300] {logging_mixin.py:154} INFO - [2024-01-09T10:11:21.219-0300] {dag.py:3722} INFO - Setting next_dagrun for example_sensor_decorator to None, run_after=None
[2024-01-09T10:11:21.237-0300] {processor.py:179} INFO - Processing /home/felipe/.local/lib/python3.11/site-packages/airflow/example_dags/example_sensor_decorator.py took 0.071 seconds
[2024-01-09T10:12:14.357-0300] {processor.py:157} INFO - Started process (PID=8778) to work on /home/felipe/.local/lib/python3.11/site-packages/airflow/example_dags/example_sensor_decorator.py
[2024-01-09T10:12:14.368-0300] {processor.py:829} INFO - Processing file /home/felipe/.local/lib/python3.11/site-packages/airflow/example_dags/example_sensor_decorator.py for tasks to queue
[2024-01-09T10:12:14.369-0300] {logging_mixin.py:154} INFO - [2024-01-09T10:12:14.368-0300] {dagbag.py:536} INFO - Filling up the DagBag from /home/felipe/.local/lib/python3.11/site-packages/airflow/example_dags/example_sensor_decorator.py
[2024-01-09T10:12:14.372-0300] {processor.py:839} INFO - DAG(s) dict_keys(['example_sensor_decorator']) retrieved from /home/felipe/.local/lib/python3.11/site-packages/airflow/example_dags/example_sensor_decorator.py
[2024-01-09T10:12:14.381-0300] {logging_mixin.py:154} INFO - [2024-01-09T10:12:14.381-0300] {dag.py:2941} INFO - Sync 1 DAGs
[2024-01-09T10:12:14.387-0300] {logging_mixin.py:154} INFO - [2024-01-09T10:12:14.387-0300] {dag.py:3722} INFO - Setting next_dagrun for example_sensor_decorator to None, run_after=None
[2024-01-09T10:12:14.396-0300] {processor.py:179} INFO - Processing /home/felipe/.local/lib/python3.11/site-packages/airflow/example_dags/example_sensor_decorator.py took 0.041 seconds
[2024-01-09T10:13:02.269-0300] {processor.py:157} INFO - Started process (PID=8870) to work on /home/felipe/.local/lib/python3.11/site-packages/airflow/example_dags/example_sensor_decorator.py
[2024-01-09T10:13:02.301-0300] {processor.py:829} INFO - Processing file /home/felipe/.local/lib/python3.11/site-packages/airflow/example_dags/example_sensor_decorator.py for tasks to queue
[2024-01-09T10:13:02.302-0300] {logging_mixin.py:154} INFO - [2024-01-09T10:13:02.301-0300] {dagbag.py:536} INFO - Filling up the DagBag from /home/felipe/.local/lib/python3.11/site-packages/airflow/example_dags/example_sensor_decorator.py
[2024-01-09T10:13:02.305-0300] {processor.py:839} INFO - DAG(s) dict_keys(['example_sensor_decorator']) retrieved from /home/felipe/.local/lib/python3.11/site-packages/airflow/example_dags/example_sensor_decorator.py
[2024-01-09T10:13:02.314-0300] {logging_mixin.py:154} INFO - [2024-01-09T10:13:02.314-0300] {dag.py:2941} INFO - Sync 1 DAGs
[2024-01-09T10:13:02.320-0300] {logging_mixin.py:154} INFO - [2024-01-09T10:13:02.320-0300] {dag.py:3722} INFO - Setting next_dagrun for example_sensor_decorator to None, run_after=None
[2024-01-09T10:13:02.336-0300] {processor.py:179} INFO - Processing /home/felipe/.local/lib/python3.11/site-packages/airflow/example_dags/example_sensor_decorator.py took 0.069 seconds
[2024-01-09T10:13:49.338-0300] {processor.py:157} INFO - Started process (PID=8946) to work on /home/felipe/.local/lib/python3.11/site-packages/airflow/example_dags/example_sensor_decorator.py
[2024-01-09T10:13:49.342-0300] {processor.py:829} INFO - Processing file /home/felipe/.local/lib/python3.11/site-packages/airflow/example_dags/example_sensor_decorator.py for tasks to queue
[2024-01-09T10:13:49.343-0300] {logging_mixin.py:154} INFO - [2024-01-09T10:13:49.343-0300] {dagbag.py:536} INFO - Filling up the DagBag from /home/felipe/.local/lib/python3.11/site-packages/airflow/example_dags/example_sensor_decorator.py
[2024-01-09T10:13:49.346-0300] {processor.py:839} INFO - DAG(s) dict_keys(['example_sensor_decorator']) retrieved from /home/felipe/.local/lib/python3.11/site-packages/airflow/example_dags/example_sensor_decorator.py
[2024-01-09T10:13:49.356-0300] {logging_mixin.py:154} INFO - [2024-01-09T10:13:49.355-0300] {dag.py:2941} INFO - Sync 1 DAGs
[2024-01-09T10:13:49.361-0300] {logging_mixin.py:154} INFO - [2024-01-09T10:13:49.361-0300] {dag.py:3722} INFO - Setting next_dagrun for example_sensor_decorator to None, run_after=None
[2024-01-09T10:13:49.374-0300] {processor.py:179} INFO - Processing /home/felipe/.local/lib/python3.11/site-packages/airflow/example_dags/example_sensor_decorator.py took 0.038 seconds
[2024-01-09T10:14:42.368-0300] {processor.py:157} INFO - Started process (PID=9026) to work on /home/felipe/.local/lib/python3.11/site-packages/airflow/example_dags/example_sensor_decorator.py
[2024-01-09T10:14:42.400-0300] {processor.py:829} INFO - Processing file /home/felipe/.local/lib/python3.11/site-packages/airflow/example_dags/example_sensor_decorator.py for tasks to queue
[2024-01-09T10:14:42.400-0300] {logging_mixin.py:154} INFO - [2024-01-09T10:14:42.400-0300] {dagbag.py:536} INFO - Filling up the DagBag from /home/felipe/.local/lib/python3.11/site-packages/airflow/example_dags/example_sensor_decorator.py
[2024-01-09T10:14:42.404-0300] {processor.py:839} INFO - DAG(s) dict_keys(['example_sensor_decorator']) retrieved from /home/felipe/.local/lib/python3.11/site-packages/airflow/example_dags/example_sensor_decorator.py
[2024-01-09T10:14:42.413-0300] {logging_mixin.py:154} INFO - [2024-01-09T10:14:42.412-0300] {dag.py:2941} INFO - Sync 1 DAGs
[2024-01-09T10:14:42.418-0300] {logging_mixin.py:154} INFO - [2024-01-09T10:14:42.418-0300] {dag.py:3722} INFO - Setting next_dagrun for example_sensor_decorator to None, run_after=None
[2024-01-09T10:14:42.435-0300] {processor.py:179} INFO - Processing /home/felipe/.local/lib/python3.11/site-packages/airflow/example_dags/example_sensor_decorator.py took 0.069 seconds
[2024-01-09T10:33:50.035-0300] {processor.py:157} INFO - Started process (PID=11283) to work on /home/felipe/.local/lib/python3.11/site-packages/airflow/example_dags/example_sensor_decorator.py
[2024-01-09T10:33:50.042-0300] {processor.py:829} INFO - Processing file /home/felipe/.local/lib/python3.11/site-packages/airflow/example_dags/example_sensor_decorator.py for tasks to queue
[2024-01-09T10:33:50.042-0300] {logging_mixin.py:154} INFO - [2024-01-09T10:33:50.042-0300] {dagbag.py:536} INFO - Filling up the DagBag from /home/felipe/.local/lib/python3.11/site-packages/airflow/example_dags/example_sensor_decorator.py
[2024-01-09T10:33:50.045-0300] {processor.py:839} INFO - DAG(s) dict_keys(['example_sensor_decorator']) retrieved from /home/felipe/.local/lib/python3.11/site-packages/airflow/example_dags/example_sensor_decorator.py
[2024-01-09T10:33:50.057-0300] {logging_mixin.py:154} INFO - [2024-01-09T10:33:50.057-0300] {dag.py:2941} INFO - Sync 1 DAGs
[2024-01-09T10:33:50.063-0300] {logging_mixin.py:154} INFO - [2024-01-09T10:33:50.063-0300] {dag.py:3722} INFO - Setting next_dagrun for example_sensor_decorator to None, run_after=None
[2024-01-09T10:33:50.071-0300] {processor.py:179} INFO - Processing /home/felipe/.local/lib/python3.11/site-packages/airflow/example_dags/example_sensor_decorator.py took 0.038 seconds
[2024-01-09T10:38:29.422-0300] {processor.py:157} INFO - Started process (PID=11798) to work on /home/felipe/.local/lib/python3.11/site-packages/airflow/example_dags/example_sensor_decorator.py
[2024-01-09T10:38:29.422-0300] {processor.py:829} INFO - Processing file /home/felipe/.local/lib/python3.11/site-packages/airflow/example_dags/example_sensor_decorator.py for tasks to queue
[2024-01-09T10:38:29.423-0300] {logging_mixin.py:154} INFO - [2024-01-09T10:38:29.423-0300] {dagbag.py:536} INFO - Filling up the DagBag from /home/felipe/.local/lib/python3.11/site-packages/airflow/example_dags/example_sensor_decorator.py
[2024-01-09T10:38:29.426-0300] {processor.py:839} INFO - DAG(s) dict_keys(['example_sensor_decorator']) retrieved from /home/felipe/.local/lib/python3.11/site-packages/airflow/example_dags/example_sensor_decorator.py
[2024-01-09T10:38:29.435-0300] {logging_mixin.py:154} INFO - [2024-01-09T10:38:29.435-0300] {dag.py:2941} INFO - Sync 1 DAGs
[2024-01-09T10:38:29.440-0300] {logging_mixin.py:154} INFO - [2024-01-09T10:38:29.440-0300] {dag.py:3722} INFO - Setting next_dagrun for example_sensor_decorator to None, run_after=None
[2024-01-09T10:38:29.455-0300] {processor.py:179} INFO - Processing /home/felipe/.local/lib/python3.11/site-packages/airflow/example_dags/example_sensor_decorator.py took 0.035 seconds
[2024-01-09T10:39:20.949-0300] {processor.py:157} INFO - Started process (PID=11893) to work on /home/felipe/.local/lib/python3.11/site-packages/airflow/example_dags/example_sensor_decorator.py
[2024-01-09T10:39:20.981-0300] {processor.py:829} INFO - Processing file /home/felipe/.local/lib/python3.11/site-packages/airflow/example_dags/example_sensor_decorator.py for tasks to queue
[2024-01-09T10:39:20.982-0300] {logging_mixin.py:154} INFO - [2024-01-09T10:39:20.982-0300] {dagbag.py:536} INFO - Filling up the DagBag from /home/felipe/.local/lib/python3.11/site-packages/airflow/example_dags/example_sensor_decorator.py
[2024-01-09T10:39:20.986-0300] {processor.py:839} INFO - DAG(s) dict_keys(['example_sensor_decorator']) retrieved from /home/felipe/.local/lib/python3.11/site-packages/airflow/example_dags/example_sensor_decorator.py
[2024-01-09T10:39:20.994-0300] {logging_mixin.py:154} INFO - [2024-01-09T10:39:20.994-0300] {dag.py:2941} INFO - Sync 1 DAGs
[2024-01-09T10:39:20.999-0300] {logging_mixin.py:154} INFO - [2024-01-09T10:39:20.999-0300] {dag.py:3722} INFO - Setting next_dagrun for example_sensor_decorator to None, run_after=None
[2024-01-09T10:39:21.015-0300] {processor.py:179} INFO - Processing /home/felipe/.local/lib/python3.11/site-packages/airflow/example_dags/example_sensor_decorator.py took 0.067 seconds
[2024-01-09T10:40:08.832-0300] {processor.py:157} INFO - Started process (PID=11978) to work on /home/felipe/.local/lib/python3.11/site-packages/airflow/example_dags/example_sensor_decorator.py
[2024-01-09T10:40:08.833-0300] {processor.py:829} INFO - Processing file /home/felipe/.local/lib/python3.11/site-packages/airflow/example_dags/example_sensor_decorator.py for tasks to queue
[2024-01-09T10:40:08.833-0300] {logging_mixin.py:154} INFO - [2024-01-09T10:40:08.833-0300] {dagbag.py:536} INFO - Filling up the DagBag from /home/felipe/.local/lib/python3.11/site-packages/airflow/example_dags/example_sensor_decorator.py
[2024-01-09T10:40:08.837-0300] {processor.py:839} INFO - DAG(s) dict_keys(['example_sensor_decorator']) retrieved from /home/felipe/.local/lib/python3.11/site-packages/airflow/example_dags/example_sensor_decorator.py
[2024-01-09T10:40:08.845-0300] {logging_mixin.py:154} INFO - [2024-01-09T10:40:08.845-0300] {dag.py:2941} INFO - Sync 1 DAGs
[2024-01-09T10:40:08.850-0300] {logging_mixin.py:154} INFO - [2024-01-09T10:40:08.850-0300] {dag.py:3722} INFO - Setting next_dagrun for example_sensor_decorator to None, run_after=None
[2024-01-09T10:40:08.859-0300] {processor.py:179} INFO - Processing /home/felipe/.local/lib/python3.11/site-packages/airflow/example_dags/example_sensor_decorator.py took 0.028 seconds
[2024-01-09T10:41:01.916-0300] {processor.py:157} INFO - Started process (PID=12168) to work on /home/felipe/.local/lib/python3.11/site-packages/airflow/example_dags/example_sensor_decorator.py
[2024-01-09T10:41:01.916-0300] {processor.py:829} INFO - Processing file /home/felipe/.local/lib/python3.11/site-packages/airflow/example_dags/example_sensor_decorator.py for tasks to queue
[2024-01-09T10:41:01.917-0300] {logging_mixin.py:154} INFO - [2024-01-09T10:41:01.916-0300] {dagbag.py:536} INFO - Filling up the DagBag from /home/felipe/.local/lib/python3.11/site-packages/airflow/example_dags/example_sensor_decorator.py
[2024-01-09T10:41:01.920-0300] {processor.py:839} INFO - DAG(s) dict_keys(['example_sensor_decorator']) retrieved from /home/felipe/.local/lib/python3.11/site-packages/airflow/example_dags/example_sensor_decorator.py
[2024-01-09T10:41:01.929-0300] {logging_mixin.py:154} INFO - [2024-01-09T10:41:01.929-0300] {dag.py:2941} INFO - Sync 1 DAGs
[2024-01-09T10:41:01.934-0300] {logging_mixin.py:154} INFO - [2024-01-09T10:41:01.934-0300] {dag.py:3722} INFO - Setting next_dagrun for example_sensor_decorator to None, run_after=None
[2024-01-09T10:41:01.943-0300] {processor.py:179} INFO - Processing /home/felipe/.local/lib/python3.11/site-packages/airflow/example_dags/example_sensor_decorator.py took 0.030 seconds
[2024-01-09T10:44:14.532-0300] {processor.py:157} INFO - Started process (PID=12611) to work on /home/felipe/.local/lib/python3.11/site-packages/airflow/example_dags/example_sensor_decorator.py
[2024-01-09T10:44:14.532-0300] {processor.py:829} INFO - Processing file /home/felipe/.local/lib/python3.11/site-packages/airflow/example_dags/example_sensor_decorator.py for tasks to queue
[2024-01-09T10:44:14.533-0300] {logging_mixin.py:154} INFO - [2024-01-09T10:44:14.533-0300] {dagbag.py:536} INFO - Filling up the DagBag from /home/felipe/.local/lib/python3.11/site-packages/airflow/example_dags/example_sensor_decorator.py
[2024-01-09T10:44:14.536-0300] {processor.py:839} INFO - DAG(s) dict_keys(['example_sensor_decorator']) retrieved from /home/felipe/.local/lib/python3.11/site-packages/airflow/example_dags/example_sensor_decorator.py
[2024-01-09T10:44:14.545-0300] {logging_mixin.py:154} INFO - [2024-01-09T10:44:14.545-0300] {dag.py:2941} INFO - Sync 1 DAGs
[2024-01-09T10:44:14.550-0300] {logging_mixin.py:154} INFO - [2024-01-09T10:44:14.550-0300] {dag.py:3722} INFO - Setting next_dagrun for example_sensor_decorator to None, run_after=None
[2024-01-09T10:44:14.560-0300] {processor.py:179} INFO - Processing /home/felipe/.local/lib/python3.11/site-packages/airflow/example_dags/example_sensor_decorator.py took 0.030 seconds
[2024-01-09T10:47:11.215-0300] {processor.py:157} INFO - Started process (PID=13381) to work on /home/felipe/.local/lib/python3.11/site-packages/airflow/example_dags/example_sensor_decorator.py
[2024-01-09T10:47:11.216-0300] {processor.py:829} INFO - Processing file /home/felipe/.local/lib/python3.11/site-packages/airflow/example_dags/example_sensor_decorator.py for tasks to queue
[2024-01-09T10:47:11.216-0300] {logging_mixin.py:154} INFO - [2024-01-09T10:47:11.216-0300] {dagbag.py:536} INFO - Filling up the DagBag from /home/felipe/.local/lib/python3.11/site-packages/airflow/example_dags/example_sensor_decorator.py
[2024-01-09T10:47:11.220-0300] {processor.py:839} INFO - DAG(s) dict_keys(['example_sensor_decorator']) retrieved from /home/felipe/.local/lib/python3.11/site-packages/airflow/example_dags/example_sensor_decorator.py
[2024-01-09T10:47:11.228-0300] {logging_mixin.py:154} INFO - [2024-01-09T10:47:11.228-0300] {dag.py:2941} INFO - Sync 1 DAGs
[2024-01-09T10:47:11.233-0300] {logging_mixin.py:154} INFO - [2024-01-09T10:47:11.233-0300] {dag.py:3722} INFO - Setting next_dagrun for example_sensor_decorator to None, run_after=None
[2024-01-09T10:47:11.251-0300] {processor.py:179} INFO - Processing /home/felipe/.local/lib/python3.11/site-packages/airflow/example_dags/example_sensor_decorator.py took 0.038 seconds
[2024-01-09T10:50:09.390-0300] {processor.py:157} INFO - Started process (PID=13831) to work on /home/felipe/.local/lib/python3.11/site-packages/airflow/example_dags/example_sensor_decorator.py
[2024-01-09T10:50:09.422-0300] {processor.py:829} INFO - Processing file /home/felipe/.local/lib/python3.11/site-packages/airflow/example_dags/example_sensor_decorator.py for tasks to queue
[2024-01-09T10:50:09.423-0300] {logging_mixin.py:154} INFO - [2024-01-09T10:50:09.422-0300] {dagbag.py:536} INFO - Filling up the DagBag from /home/felipe/.local/lib/python3.11/site-packages/airflow/example_dags/example_sensor_decorator.py
[2024-01-09T10:50:09.426-0300] {processor.py:839} INFO - DAG(s) dict_keys(['example_sensor_decorator']) retrieved from /home/felipe/.local/lib/python3.11/site-packages/airflow/example_dags/example_sensor_decorator.py
[2024-01-09T10:50:09.435-0300] {logging_mixin.py:154} INFO - [2024-01-09T10:50:09.435-0300] {dag.py:2941} INFO - Sync 1 DAGs
[2024-01-09T10:50:09.440-0300] {logging_mixin.py:154} INFO - [2024-01-09T10:50:09.440-0300] {dag.py:3722} INFO - Setting next_dagrun for example_sensor_decorator to None, run_after=None
[2024-01-09T10:50:09.457-0300] {processor.py:179} INFO - Processing /home/felipe/.local/lib/python3.11/site-packages/airflow/example_dags/example_sensor_decorator.py took 0.069 seconds
[2024-01-09T10:52:12.897-0300] {processor.py:157} INFO - Started process (PID=14057) to work on /home/felipe/.local/lib/python3.11/site-packages/airflow/example_dags/example_sensor_decorator.py
[2024-01-09T10:52:12.929-0300] {processor.py:829} INFO - Processing file /home/felipe/.local/lib/python3.11/site-packages/airflow/example_dags/example_sensor_decorator.py for tasks to queue
[2024-01-09T10:52:12.930-0300] {logging_mixin.py:154} INFO - [2024-01-09T10:52:12.929-0300] {dagbag.py:536} INFO - Filling up the DagBag from /home/felipe/.local/lib/python3.11/site-packages/airflow/example_dags/example_sensor_decorator.py
[2024-01-09T10:52:12.933-0300] {processor.py:839} INFO - DAG(s) dict_keys(['example_sensor_decorator']) retrieved from /home/felipe/.local/lib/python3.11/site-packages/airflow/example_dags/example_sensor_decorator.py
[2024-01-09T10:52:12.941-0300] {logging_mixin.py:154} INFO - [2024-01-09T10:52:12.941-0300] {dag.py:2941} INFO - Sync 1 DAGs
[2024-01-09T10:52:12.946-0300] {logging_mixin.py:154} INFO - [2024-01-09T10:52:12.946-0300] {dag.py:3722} INFO - Setting next_dagrun for example_sensor_decorator to None, run_after=None
[2024-01-09T10:52:12.955-0300] {processor.py:179} INFO - Processing /home/felipe/.local/lib/python3.11/site-packages/airflow/example_dags/example_sensor_decorator.py took 0.060 seconds
[2024-01-09T10:53:51.820-0300] {processor.py:157} INFO - Started process (PID=14343) to work on /home/felipe/.local/lib/python3.11/site-packages/airflow/example_dags/example_sensor_decorator.py
[2024-01-09T10:53:51.853-0300] {processor.py:829} INFO - Processing file /home/felipe/.local/lib/python3.11/site-packages/airflow/example_dags/example_sensor_decorator.py for tasks to queue
[2024-01-09T10:53:51.853-0300] {logging_mixin.py:154} INFO - [2024-01-09T10:53:51.853-0300] {dagbag.py:536} INFO - Filling up the DagBag from /home/felipe/.local/lib/python3.11/site-packages/airflow/example_dags/example_sensor_decorator.py
[2024-01-09T10:53:51.857-0300] {processor.py:839} INFO - DAG(s) dict_keys(['example_sensor_decorator']) retrieved from /home/felipe/.local/lib/python3.11/site-packages/airflow/example_dags/example_sensor_decorator.py
[2024-01-09T10:53:51.865-0300] {logging_mixin.py:154} INFO - [2024-01-09T10:53:51.865-0300] {dag.py:2941} INFO - Sync 1 DAGs
[2024-01-09T10:53:51.870-0300] {logging_mixin.py:154} INFO - [2024-01-09T10:53:51.870-0300] {dag.py:3722} INFO - Setting next_dagrun for example_sensor_decorator to None, run_after=None
[2024-01-09T10:53:51.886-0300] {processor.py:179} INFO - Processing /home/felipe/.local/lib/python3.11/site-packages/airflow/example_dags/example_sensor_decorator.py took 0.068 seconds
[2024-01-09T10:56:20.760-0300] {processor.py:157} INFO - Started process (PID=14921) to work on /home/felipe/.local/lib/python3.11/site-packages/airflow/example_dags/example_sensor_decorator.py
[2024-01-09T10:56:20.792-0300] {processor.py:829} INFO - Processing file /home/felipe/.local/lib/python3.11/site-packages/airflow/example_dags/example_sensor_decorator.py for tasks to queue
[2024-01-09T10:56:20.792-0300] {logging_mixin.py:154} INFO - [2024-01-09T10:56:20.792-0300] {dagbag.py:536} INFO - Filling up the DagBag from /home/felipe/.local/lib/python3.11/site-packages/airflow/example_dags/example_sensor_decorator.py
[2024-01-09T10:56:20.796-0300] {processor.py:839} INFO - DAG(s) dict_keys(['example_sensor_decorator']) retrieved from /home/felipe/.local/lib/python3.11/site-packages/airflow/example_dags/example_sensor_decorator.py
[2024-01-09T10:56:20.804-0300] {logging_mixin.py:154} INFO - [2024-01-09T10:56:20.804-0300] {dag.py:2941} INFO - Sync 1 DAGs
[2024-01-09T10:56:20.810-0300] {logging_mixin.py:154} INFO - [2024-01-09T10:56:20.810-0300] {dag.py:3722} INFO - Setting next_dagrun for example_sensor_decorator to None, run_after=None
[2024-01-09T10:56:20.826-0300] {processor.py:179} INFO - Processing /home/felipe/.local/lib/python3.11/site-packages/airflow/example_dags/example_sensor_decorator.py took 0.068 seconds
[2024-01-09T10:58:27.385-0300] {processor.py:157} INFO - Started process (PID=15249) to work on /home/felipe/.local/lib/python3.11/site-packages/airflow/example_dags/example_sensor_decorator.py
[2024-01-09T10:58:27.417-0300] {processor.py:829} INFO - Processing file /home/felipe/.local/lib/python3.11/site-packages/airflow/example_dags/example_sensor_decorator.py for tasks to queue
[2024-01-09T10:58:27.418-0300] {logging_mixin.py:154} INFO - [2024-01-09T10:58:27.417-0300] {dagbag.py:536} INFO - Filling up the DagBag from /home/felipe/.local/lib/python3.11/site-packages/airflow/example_dags/example_sensor_decorator.py
[2024-01-09T10:58:27.421-0300] {processor.py:839} INFO - DAG(s) dict_keys(['example_sensor_decorator']) retrieved from /home/felipe/.local/lib/python3.11/site-packages/airflow/example_dags/example_sensor_decorator.py
[2024-01-09T10:58:27.429-0300] {logging_mixin.py:154} INFO - [2024-01-09T10:58:27.429-0300] {dag.py:2941} INFO - Sync 1 DAGs
[2024-01-09T10:58:27.435-0300] {logging_mixin.py:154} INFO - [2024-01-09T10:58:27.435-0300] {dag.py:3722} INFO - Setting next_dagrun for example_sensor_decorator to None, run_after=None
[2024-01-09T10:58:27.451-0300] {processor.py:179} INFO - Processing /home/felipe/.local/lib/python3.11/site-packages/airflow/example_dags/example_sensor_decorator.py took 0.068 seconds
[2024-01-09T11:00:42.236-0300] {processor.py:157} INFO - Started process (PID=15611) to work on /home/felipe/.local/lib/python3.11/site-packages/airflow/example_dags/example_sensor_decorator.py
[2024-01-09T11:00:42.237-0300] {processor.py:829} INFO - Processing file /home/felipe/.local/lib/python3.11/site-packages/airflow/example_dags/example_sensor_decorator.py for tasks to queue
[2024-01-09T11:00:42.237-0300] {logging_mixin.py:154} INFO - [2024-01-09T11:00:42.237-0300] {dagbag.py:536} INFO - Filling up the DagBag from /home/felipe/.local/lib/python3.11/site-packages/airflow/example_dags/example_sensor_decorator.py
[2024-01-09T11:00:42.241-0300] {processor.py:839} INFO - DAG(s) dict_keys(['example_sensor_decorator']) retrieved from /home/felipe/.local/lib/python3.11/site-packages/airflow/example_dags/example_sensor_decorator.py
[2024-01-09T11:00:42.249-0300] {logging_mixin.py:154} INFO - [2024-01-09T11:00:42.249-0300] {dag.py:2941} INFO - Sync 1 DAGs
[2024-01-09T11:00:42.255-0300] {logging_mixin.py:154} INFO - [2024-01-09T11:00:42.255-0300] {dag.py:3722} INFO - Setting next_dagrun for example_sensor_decorator to None, run_after=None
[2024-01-09T11:00:42.264-0300] {processor.py:179} INFO - Processing /home/felipe/.local/lib/python3.11/site-packages/airflow/example_dags/example_sensor_decorator.py took 0.030 seconds
[2024-01-09T20:53:02.369-0300] {processor.py:157} INFO - Started process (PID=36155) to work on /home/felipe/.local/lib/python3.11/site-packages/airflow/example_dags/example_sensor_decorator.py
[2024-01-09T20:53:02.402-0300] {processor.py:829} INFO - Processing file /home/felipe/.local/lib/python3.11/site-packages/airflow/example_dags/example_sensor_decorator.py for tasks to queue
[2024-01-09T20:53:02.402-0300] {logging_mixin.py:154} INFO - [2024-01-09T20:53:02.402-0300] {dagbag.py:536} INFO - Filling up the DagBag from /home/felipe/.local/lib/python3.11/site-packages/airflow/example_dags/example_sensor_decorator.py
[2024-01-09T20:53:02.408-0300] {processor.py:839} INFO - DAG(s) dict_keys(['example_sensor_decorator']) retrieved from /home/felipe/.local/lib/python3.11/site-packages/airflow/example_dags/example_sensor_decorator.py
[2024-01-09T20:53:02.413-0300] {logging_mixin.py:154} INFO - [2024-01-09T20:53:02.413-0300] {dag.py:2941} INFO - Sync 1 DAGs
[2024-01-09T20:53:02.420-0300] {logging_mixin.py:154} INFO - [2024-01-09T20:53:02.420-0300] {dag.py:3722} INFO - Setting next_dagrun for example_sensor_decorator to None, run_after=None
[2024-01-09T20:53:02.438-0300] {processor.py:179} INFO - Processing /home/felipe/.local/lib/python3.11/site-packages/airflow/example_dags/example_sensor_decorator.py took 0.071 seconds
[2024-01-09T20:53:50.593-0300] {processor.py:157} INFO - Started process (PID=36575) to work on /home/felipe/.local/lib/python3.11/site-packages/airflow/example_dags/example_sensor_decorator.py
[2024-01-09T20:53:50.593-0300] {processor.py:829} INFO - Processing file /home/felipe/.local/lib/python3.11/site-packages/airflow/example_dags/example_sensor_decorator.py for tasks to queue
[2024-01-09T20:53:50.594-0300] {logging_mixin.py:154} INFO - [2024-01-09T20:53:50.593-0300] {dagbag.py:536} INFO - Filling up the DagBag from /home/felipe/.local/lib/python3.11/site-packages/airflow/example_dags/example_sensor_decorator.py
[2024-01-09T20:53:50.597-0300] {processor.py:839} INFO - DAG(s) dict_keys(['example_sensor_decorator']) retrieved from /home/felipe/.local/lib/python3.11/site-packages/airflow/example_dags/example_sensor_decorator.py
[2024-01-09T20:53:50.606-0300] {logging_mixin.py:154} INFO - [2024-01-09T20:53:50.606-0300] {dag.py:2941} INFO - Sync 1 DAGs
[2024-01-09T20:53:50.612-0300] {logging_mixin.py:154} INFO - [2024-01-09T20:53:50.612-0300] {dag.py:3722} INFO - Setting next_dagrun for example_sensor_decorator to None, run_after=None
[2024-01-09T20:53:50.633-0300] {processor.py:179} INFO - Processing /home/felipe/.local/lib/python3.11/site-packages/airflow/example_dags/example_sensor_decorator.py took 0.043 seconds
[2024-01-09T20:54:37.340-0300] {processor.py:157} INFO - Started process (PID=36667) to work on /home/felipe/.local/lib/python3.11/site-packages/airflow/example_dags/example_sensor_decorator.py
[2024-01-09T20:54:37.341-0300] {processor.py:829} INFO - Processing file /home/felipe/.local/lib/python3.11/site-packages/airflow/example_dags/example_sensor_decorator.py for tasks to queue
[2024-01-09T20:54:37.341-0300] {logging_mixin.py:154} INFO - [2024-01-09T20:54:37.341-0300] {dagbag.py:536} INFO - Filling up the DagBag from /home/felipe/.local/lib/python3.11/site-packages/airflow/example_dags/example_sensor_decorator.py
[2024-01-09T20:54:37.345-0300] {processor.py:839} INFO - DAG(s) dict_keys(['example_sensor_decorator']) retrieved from /home/felipe/.local/lib/python3.11/site-packages/airflow/example_dags/example_sensor_decorator.py
[2024-01-09T20:54:37.353-0300] {logging_mixin.py:154} INFO - [2024-01-09T20:54:37.353-0300] {dag.py:2941} INFO - Sync 1 DAGs
[2024-01-09T20:54:37.359-0300] {logging_mixin.py:154} INFO - [2024-01-09T20:54:37.358-0300] {dag.py:3722} INFO - Setting next_dagrun for example_sensor_decorator to None, run_after=None
[2024-01-09T20:54:37.371-0300] {processor.py:179} INFO - Processing /home/felipe/.local/lib/python3.11/site-packages/airflow/example_dags/example_sensor_decorator.py took 0.033 seconds
[2024-01-09T20:55:29.647-0300] {processor.py:157} INFO - Started process (PID=36815) to work on /home/felipe/.local/lib/python3.11/site-packages/airflow/example_dags/example_sensor_decorator.py
[2024-01-09T20:55:29.679-0300] {processor.py:829} INFO - Processing file /home/felipe/.local/lib/python3.11/site-packages/airflow/example_dags/example_sensor_decorator.py for tasks to queue
[2024-01-09T20:55:29.680-0300] {logging_mixin.py:154} INFO - [2024-01-09T20:55:29.679-0300] {dagbag.py:536} INFO - Filling up the DagBag from /home/felipe/.local/lib/python3.11/site-packages/airflow/example_dags/example_sensor_decorator.py
[2024-01-09T20:55:29.685-0300] {processor.py:839} INFO - DAG(s) dict_keys(['example_sensor_decorator']) retrieved from /home/felipe/.local/lib/python3.11/site-packages/airflow/example_dags/example_sensor_decorator.py
[2024-01-09T20:55:29.698-0300] {logging_mixin.py:154} INFO - [2024-01-09T20:55:29.698-0300] {dag.py:2941} INFO - Sync 1 DAGs
[2024-01-09T20:55:29.705-0300] {logging_mixin.py:154} INFO - [2024-01-09T20:55:29.705-0300] {dag.py:3722} INFO - Setting next_dagrun for example_sensor_decorator to None, run_after=None
[2024-01-09T20:55:29.722-0300] {processor.py:179} INFO - Processing /home/felipe/.local/lib/python3.11/site-packages/airflow/example_dags/example_sensor_decorator.py took 0.078 seconds
[2024-01-09T20:56:22.612-0300] {processor.py:157} INFO - Started process (PID=36920) to work on /home/felipe/.local/lib/python3.11/site-packages/airflow/example_dags/example_sensor_decorator.py
[2024-01-09T20:56:22.644-0300] {processor.py:829} INFO - Processing file /home/felipe/.local/lib/python3.11/site-packages/airflow/example_dags/example_sensor_decorator.py for tasks to queue
[2024-01-09T20:56:22.645-0300] {logging_mixin.py:154} INFO - [2024-01-09T20:56:22.645-0300] {dagbag.py:536} INFO - Filling up the DagBag from /home/felipe/.local/lib/python3.11/site-packages/airflow/example_dags/example_sensor_decorator.py
[2024-01-09T20:56:22.649-0300] {processor.py:839} INFO - DAG(s) dict_keys(['example_sensor_decorator']) retrieved from /home/felipe/.local/lib/python3.11/site-packages/airflow/example_dags/example_sensor_decorator.py
[2024-01-09T20:56:22.658-0300] {logging_mixin.py:154} INFO - [2024-01-09T20:56:22.658-0300] {dag.py:2941} INFO - Sync 1 DAGs
[2024-01-09T20:56:22.664-0300] {logging_mixin.py:154} INFO - [2024-01-09T20:56:22.664-0300] {dag.py:3722} INFO - Setting next_dagrun for example_sensor_decorator to None, run_after=None
[2024-01-09T20:56:22.682-0300] {processor.py:179} INFO - Processing /home/felipe/.local/lib/python3.11/site-packages/airflow/example_dags/example_sensor_decorator.py took 0.072 seconds
[2024-01-09T20:57:13.277-0300] {processor.py:157} INFO - Started process (PID=37048) to work on /home/felipe/.local/lib/python3.11/site-packages/airflow/example_dags/example_sensor_decorator.py
[2024-01-09T20:57:13.310-0300] {processor.py:829} INFO - Processing file /home/felipe/.local/lib/python3.11/site-packages/airflow/example_dags/example_sensor_decorator.py for tasks to queue
[2024-01-09T20:57:13.310-0300] {logging_mixin.py:154} INFO - [2024-01-09T20:57:13.310-0300] {dagbag.py:536} INFO - Filling up the DagBag from /home/felipe/.local/lib/python3.11/site-packages/airflow/example_dags/example_sensor_decorator.py
[2024-01-09T20:57:13.315-0300] {processor.py:839} INFO - DAG(s) dict_keys(['example_sensor_decorator']) retrieved from /home/felipe/.local/lib/python3.11/site-packages/airflow/example_dags/example_sensor_decorator.py
[2024-01-09T20:57:13.324-0300] {logging_mixin.py:154} INFO - [2024-01-09T20:57:13.324-0300] {dag.py:2941} INFO - Sync 1 DAGs
[2024-01-09T20:57:13.330-0300] {logging_mixin.py:154} INFO - [2024-01-09T20:57:13.330-0300] {dag.py:3722} INFO - Setting next_dagrun for example_sensor_decorator to None, run_after=None
[2024-01-09T20:57:13.348-0300] {processor.py:179} INFO - Processing /home/felipe/.local/lib/python3.11/site-packages/airflow/example_dags/example_sensor_decorator.py took 0.072 seconds
[2024-01-09T20:58:01.573-0300] {processor.py:157} INFO - Started process (PID=37157) to work on /home/felipe/.local/lib/python3.11/site-packages/airflow/example_dags/example_sensor_decorator.py
[2024-01-09T20:58:01.573-0300] {processor.py:829} INFO - Processing file /home/felipe/.local/lib/python3.11/site-packages/airflow/example_dags/example_sensor_decorator.py for tasks to queue
[2024-01-09T20:58:01.574-0300] {logging_mixin.py:154} INFO - [2024-01-09T20:58:01.574-0300] {dagbag.py:536} INFO - Filling up the DagBag from /home/felipe/.local/lib/python3.11/site-packages/airflow/example_dags/example_sensor_decorator.py
[2024-01-09T20:58:01.577-0300] {processor.py:839} INFO - DAG(s) dict_keys(['example_sensor_decorator']) retrieved from /home/felipe/.local/lib/python3.11/site-packages/airflow/example_dags/example_sensor_decorator.py
[2024-01-09T20:58:01.586-0300] {logging_mixin.py:154} INFO - [2024-01-09T20:58:01.586-0300] {dag.py:2941} INFO - Sync 1 DAGs
[2024-01-09T20:58:01.591-0300] {logging_mixin.py:154} INFO - [2024-01-09T20:58:01.591-0300] {dag.py:3722} INFO - Setting next_dagrun for example_sensor_decorator to None, run_after=None
[2024-01-09T20:58:01.605-0300] {processor.py:179} INFO - Processing /home/felipe/.local/lib/python3.11/site-packages/airflow/example_dags/example_sensor_decorator.py took 0.034 seconds
[2024-01-09T20:58:55.548-0300] {processor.py:157} INFO - Started process (PID=37299) to work on /home/felipe/.local/lib/python3.11/site-packages/airflow/example_dags/example_sensor_decorator.py
[2024-01-09T20:58:55.581-0300] {processor.py:829} INFO - Processing file /home/felipe/.local/lib/python3.11/site-packages/airflow/example_dags/example_sensor_decorator.py for tasks to queue
[2024-01-09T20:58:55.581-0300] {logging_mixin.py:154} INFO - [2024-01-09T20:58:55.581-0300] {dagbag.py:536} INFO - Filling up the DagBag from /home/felipe/.local/lib/python3.11/site-packages/airflow/example_dags/example_sensor_decorator.py
[2024-01-09T20:58:55.586-0300] {processor.py:839} INFO - DAG(s) dict_keys(['example_sensor_decorator']) retrieved from /home/felipe/.local/lib/python3.11/site-packages/airflow/example_dags/example_sensor_decorator.py
[2024-01-09T20:58:55.595-0300] {logging_mixin.py:154} INFO - [2024-01-09T20:58:55.595-0300] {dag.py:2941} INFO - Sync 1 DAGs
[2024-01-09T20:58:55.602-0300] {logging_mixin.py:154} INFO - [2024-01-09T20:58:55.602-0300] {dag.py:3722} INFO - Setting next_dagrun for example_sensor_decorator to None, run_after=None
[2024-01-09T20:58:55.622-0300] {processor.py:179} INFO - Processing /home/felipe/.local/lib/python3.11/site-packages/airflow/example_dags/example_sensor_decorator.py took 0.075 seconds
[2024-01-09T20:59:50.609-0300] {processor.py:157} INFO - Started process (PID=37419) to work on /home/felipe/.local/lib/python3.11/site-packages/airflow/example_dags/example_sensor_decorator.py
[2024-01-09T20:59:50.641-0300] {processor.py:829} INFO - Processing file /home/felipe/.local/lib/python3.11/site-packages/airflow/example_dags/example_sensor_decorator.py for tasks to queue
[2024-01-09T20:59:50.642-0300] {logging_mixin.py:154} INFO - [2024-01-09T20:59:50.642-0300] {dagbag.py:536} INFO - Filling up the DagBag from /home/felipe/.local/lib/python3.11/site-packages/airflow/example_dags/example_sensor_decorator.py
[2024-01-09T20:59:50.646-0300] {processor.py:839} INFO - DAG(s) dict_keys(['example_sensor_decorator']) retrieved from /home/felipe/.local/lib/python3.11/site-packages/airflow/example_dags/example_sensor_decorator.py
[2024-01-09T20:59:50.656-0300] {logging_mixin.py:154} INFO - [2024-01-09T20:59:50.655-0300] {dag.py:2941} INFO - Sync 1 DAGs
[2024-01-09T20:59:50.662-0300] {logging_mixin.py:154} INFO - [2024-01-09T20:59:50.662-0300] {dag.py:3722} INFO - Setting next_dagrun for example_sensor_decorator to None, run_after=None
[2024-01-09T20:59:50.679-0300] {processor.py:179} INFO - Processing /home/felipe/.local/lib/python3.11/site-packages/airflow/example_dags/example_sensor_decorator.py took 0.071 seconds
