[2024-01-09T10:10:18.518-0300] {processor.py:157} INFO - Started process (PID=8534) to work on /home/felipe/.local/lib/python3.11/site-packages/airflow/example_dags/example_dynamic_task_mapping_with_no_taskflow_operators.py
[2024-01-09T10:10:18.518-0300] {processor.py:829} INFO - Processing file /home/felipe/.local/lib/python3.11/site-packages/airflow/example_dags/example_dynamic_task_mapping_with_no_taskflow_operators.py for tasks to queue
[2024-01-09T10:10:18.519-0300] {logging_mixin.py:154} INFO - [2024-01-09T10:10:18.518-0300] {dagbag.py:536} INFO - Filling up the DagBag from /home/felipe/.local/lib/python3.11/site-packages/airflow/example_dags/example_dynamic_task_mapping_with_no_taskflow_operators.py
[2024-01-09T10:10:18.526-0300] {processor.py:839} INFO - DAG(s) dict_keys(['example_dynamic_task_mapping_with_no_taskflow_operators']) retrieved from /home/felipe/.local/lib/python3.11/site-packages/airflow/example_dags/example_dynamic_task_mapping_with_no_taskflow_operators.py
[2024-01-09T10:10:18.531-0300] {logging_mixin.py:154} INFO - [2024-01-09T10:10:18.531-0300] {dag.py:2941} INFO - Sync 1 DAGs
[2024-01-09T10:10:18.541-0300] {logging_mixin.py:154} INFO - [2024-01-09T10:10:18.541-0300] {dag.py:3722} INFO - Setting next_dagrun for example_dynamic_task_mapping_with_no_taskflow_operators to 2024-01-08T13:10:18.541429+00:00, run_after=2024-01-09T13:10:18.541429+00:00
[2024-01-09T10:10:18.551-0300] {processor.py:179} INFO - Processing /home/felipe/.local/lib/python3.11/site-packages/airflow/example_dags/example_dynamic_task_mapping_with_no_taskflow_operators.py took 0.035 seconds
[2024-01-09T10:11:13.459-0300] {processor.py:157} INFO - Started process (PID=8663) to work on /home/felipe/.local/lib/python3.11/site-packages/airflow/example_dags/example_dynamic_task_mapping_with_no_taskflow_operators.py
[2024-01-09T10:11:13.460-0300] {processor.py:829} INFO - Processing file /home/felipe/.local/lib/python3.11/site-packages/airflow/example_dags/example_dynamic_task_mapping_with_no_taskflow_operators.py for tasks to queue
[2024-01-09T10:11:13.460-0300] {logging_mixin.py:154} INFO - [2024-01-09T10:11:13.460-0300] {dagbag.py:536} INFO - Filling up the DagBag from /home/felipe/.local/lib/python3.11/site-packages/airflow/example_dags/example_dynamic_task_mapping_with_no_taskflow_operators.py
[2024-01-09T10:11:13.464-0300] {processor.py:839} INFO - DAG(s) dict_keys(['example_dynamic_task_mapping_with_no_taskflow_operators']) retrieved from /home/felipe/.local/lib/python3.11/site-packages/airflow/example_dags/example_dynamic_task_mapping_with_no_taskflow_operators.py
[2024-01-09T10:11:13.472-0300] {logging_mixin.py:154} INFO - [2024-01-09T10:11:13.472-0300] {dag.py:2941} INFO - Sync 1 DAGs
[2024-01-09T10:11:13.482-0300] {logging_mixin.py:154} INFO - [2024-01-09T10:11:13.482-0300] {dag.py:3722} INFO - Setting next_dagrun for example_dynamic_task_mapping_with_no_taskflow_operators to 2024-01-08T13:11:13.482740+00:00, run_after=2024-01-09T13:11:13.482740+00:00
[2024-01-09T10:11:13.492-0300] {processor.py:179} INFO - Processing /home/felipe/.local/lib/python3.11/site-packages/airflow/example_dags/example_dynamic_task_mapping_with_no_taskflow_operators.py took 0.035 seconds
[2024-01-09T10:12:06.344-0300] {processor.py:157} INFO - Started process (PID=8756) to work on /home/felipe/.local/lib/python3.11/site-packages/airflow/example_dags/example_dynamic_task_mapping_with_no_taskflow_operators.py
[2024-01-09T10:12:06.376-0300] {processor.py:829} INFO - Processing file /home/felipe/.local/lib/python3.11/site-packages/airflow/example_dags/example_dynamic_task_mapping_with_no_taskflow_operators.py for tasks to queue
[2024-01-09T10:12:06.377-0300] {logging_mixin.py:154} INFO - [2024-01-09T10:12:06.377-0300] {dagbag.py:536} INFO - Filling up the DagBag from /home/felipe/.local/lib/python3.11/site-packages/airflow/example_dags/example_dynamic_task_mapping_with_no_taskflow_operators.py
[2024-01-09T10:12:06.381-0300] {processor.py:839} INFO - DAG(s) dict_keys(['example_dynamic_task_mapping_with_no_taskflow_operators']) retrieved from /home/felipe/.local/lib/python3.11/site-packages/airflow/example_dags/example_dynamic_task_mapping_with_no_taskflow_operators.py
[2024-01-09T10:12:06.390-0300] {logging_mixin.py:154} INFO - [2024-01-09T10:12:06.390-0300] {dag.py:2941} INFO - Sync 1 DAGs
[2024-01-09T10:12:06.399-0300] {logging_mixin.py:154} INFO - [2024-01-09T10:12:06.399-0300] {dag.py:3722} INFO - Setting next_dagrun for example_dynamic_task_mapping_with_no_taskflow_operators to 2024-01-08T13:12:06.399756+00:00, run_after=2024-01-09T13:12:06.399756+00:00
[2024-01-09T10:12:06.416-0300] {processor.py:179} INFO - Processing /home/felipe/.local/lib/python3.11/site-packages/airflow/example_dags/example_dynamic_task_mapping_with_no_taskflow_operators.py took 0.074 seconds
[2024-01-09T10:12:53.724-0300] {processor.py:157} INFO - Started process (PID=8861) to work on /home/felipe/.local/lib/python3.11/site-packages/airflow/example_dags/example_dynamic_task_mapping_with_no_taskflow_operators.py
[2024-01-09T10:12:53.756-0300] {processor.py:829} INFO - Processing file /home/felipe/.local/lib/python3.11/site-packages/airflow/example_dags/example_dynamic_task_mapping_with_no_taskflow_operators.py for tasks to queue
[2024-01-09T10:12:53.756-0300] {logging_mixin.py:154} INFO - [2024-01-09T10:12:53.756-0300] {dagbag.py:536} INFO - Filling up the DagBag from /home/felipe/.local/lib/python3.11/site-packages/airflow/example_dags/example_dynamic_task_mapping_with_no_taskflow_operators.py
[2024-01-09T10:12:53.761-0300] {processor.py:839} INFO - DAG(s) dict_keys(['example_dynamic_task_mapping_with_no_taskflow_operators']) retrieved from /home/felipe/.local/lib/python3.11/site-packages/airflow/example_dags/example_dynamic_task_mapping_with_no_taskflow_operators.py
[2024-01-09T10:12:53.769-0300] {logging_mixin.py:154} INFO - [2024-01-09T10:12:53.769-0300] {dag.py:2941} INFO - Sync 1 DAGs
[2024-01-09T10:12:53.779-0300] {logging_mixin.py:154} INFO - [2024-01-09T10:12:53.779-0300] {dag.py:3722} INFO - Setting next_dagrun for example_dynamic_task_mapping_with_no_taskflow_operators to 2024-01-08T13:12:53.778883+00:00, run_after=2024-01-09T13:12:53.778883+00:00
[2024-01-09T10:12:53.795-0300] {processor.py:179} INFO - Processing /home/felipe/.local/lib/python3.11/site-packages/airflow/example_dags/example_dynamic_task_mapping_with_no_taskflow_operators.py took 0.073 seconds
[2024-01-09T10:13:41.335-0300] {processor.py:157} INFO - Started process (PID=8936) to work on /home/felipe/.local/lib/python3.11/site-packages/airflow/example_dags/example_dynamic_task_mapping_with_no_taskflow_operators.py
[2024-01-09T10:13:41.367-0300] {processor.py:829} INFO - Processing file /home/felipe/.local/lib/python3.11/site-packages/airflow/example_dags/example_dynamic_task_mapping_with_no_taskflow_operators.py for tasks to queue
[2024-01-09T10:13:41.368-0300] {logging_mixin.py:154} INFO - [2024-01-09T10:13:41.368-0300] {dagbag.py:536} INFO - Filling up the DagBag from /home/felipe/.local/lib/python3.11/site-packages/airflow/example_dags/example_dynamic_task_mapping_with_no_taskflow_operators.py
[2024-01-09T10:13:41.372-0300] {processor.py:839} INFO - DAG(s) dict_keys(['example_dynamic_task_mapping_with_no_taskflow_operators']) retrieved from /home/felipe/.local/lib/python3.11/site-packages/airflow/example_dags/example_dynamic_task_mapping_with_no_taskflow_operators.py
[2024-01-09T10:13:41.381-0300] {logging_mixin.py:154} INFO - [2024-01-09T10:13:41.380-0300] {dag.py:2941} INFO - Sync 1 DAGs
[2024-01-09T10:13:41.390-0300] {logging_mixin.py:154} INFO - [2024-01-09T10:13:41.390-0300] {dag.py:3722} INFO - Setting next_dagrun for example_dynamic_task_mapping_with_no_taskflow_operators to 2024-01-08T13:13:41.390273+00:00, run_after=2024-01-09T13:13:41.390273+00:00
[2024-01-09T10:13:41.407-0300] {processor.py:179} INFO - Processing /home/felipe/.local/lib/python3.11/site-packages/airflow/example_dags/example_dynamic_task_mapping_with_no_taskflow_operators.py took 0.073 seconds
[2024-01-09T10:14:33.668-0300] {processor.py:157} INFO - Started process (PID=9014) to work on /home/felipe/.local/lib/python3.11/site-packages/airflow/example_dags/example_dynamic_task_mapping_with_no_taskflow_operators.py
[2024-01-09T10:14:33.700-0300] {processor.py:829} INFO - Processing file /home/felipe/.local/lib/python3.11/site-packages/airflow/example_dags/example_dynamic_task_mapping_with_no_taskflow_operators.py for tasks to queue
[2024-01-09T10:14:33.701-0300] {logging_mixin.py:154} INFO - [2024-01-09T10:14:33.700-0300] {dagbag.py:536} INFO - Filling up the DagBag from /home/felipe/.local/lib/python3.11/site-packages/airflow/example_dags/example_dynamic_task_mapping_with_no_taskflow_operators.py
[2024-01-09T10:14:33.705-0300] {processor.py:839} INFO - DAG(s) dict_keys(['example_dynamic_task_mapping_with_no_taskflow_operators']) retrieved from /home/felipe/.local/lib/python3.11/site-packages/airflow/example_dags/example_dynamic_task_mapping_with_no_taskflow_operators.py
[2024-01-09T10:14:33.713-0300] {logging_mixin.py:154} INFO - [2024-01-09T10:14:33.713-0300] {dag.py:2941} INFO - Sync 1 DAGs
[2024-01-09T10:14:33.722-0300] {logging_mixin.py:154} INFO - [2024-01-09T10:14:33.722-0300] {dag.py:3722} INFO - Setting next_dagrun for example_dynamic_task_mapping_with_no_taskflow_operators to 2024-01-08T13:14:33.722596+00:00, run_after=2024-01-09T13:14:33.722596+00:00
[2024-01-09T10:14:33.739-0300] {processor.py:179} INFO - Processing /home/felipe/.local/lib/python3.11/site-packages/airflow/example_dags/example_dynamic_task_mapping_with_no_taskflow_operators.py took 0.073 seconds
[2024-01-09T10:27:47.011-0300] {processor.py:157} INFO - Started process (PID=10525) to work on /home/felipe/.local/lib/python3.11/site-packages/airflow/example_dags/example_dynamic_task_mapping_with_no_taskflow_operators.py
[2024-01-09T10:27:47.012-0300] {processor.py:829} INFO - Processing file /home/felipe/.local/lib/python3.11/site-packages/airflow/example_dags/example_dynamic_task_mapping_with_no_taskflow_operators.py for tasks to queue
[2024-01-09T10:27:47.012-0300] {logging_mixin.py:154} INFO - [2024-01-09T10:27:47.012-0300] {dagbag.py:536} INFO - Filling up the DagBag from /home/felipe/.local/lib/python3.11/site-packages/airflow/example_dags/example_dynamic_task_mapping_with_no_taskflow_operators.py
[2024-01-09T10:27:47.015-0300] {processor.py:839} INFO - DAG(s) dict_keys(['example_dynamic_task_mapping_with_no_taskflow_operators']) retrieved from /home/felipe/.local/lib/python3.11/site-packages/airflow/example_dags/example_dynamic_task_mapping_with_no_taskflow_operators.py
[2024-01-09T10:27:47.027-0300] {logging_mixin.py:154} INFO - [2024-01-09T10:27:47.027-0300] {dag.py:2941} INFO - Sync 1 DAGs
[2024-01-09T10:27:47.035-0300] {logging_mixin.py:154} INFO - [2024-01-09T10:27:47.035-0300] {dag.py:3722} INFO - Setting next_dagrun for example_dynamic_task_mapping_with_no_taskflow_operators to 2024-01-08T13:27:47.035377+00:00, run_after=2024-01-09T13:27:47.035377+00:00
[2024-01-09T10:27:47.044-0300] {processor.py:179} INFO - Processing /home/felipe/.local/lib/python3.11/site-packages/airflow/example_dags/example_dynamic_task_mapping_with_no_taskflow_operators.py took 0.035 seconds
[2024-01-09T10:38:20.373-0300] {processor.py:157} INFO - Started process (PID=11789) to work on /home/felipe/.local/lib/python3.11/site-packages/airflow/example_dags/example_dynamic_task_mapping_with_no_taskflow_operators.py
[2024-01-09T10:38:20.405-0300] {processor.py:829} INFO - Processing file /home/felipe/.local/lib/python3.11/site-packages/airflow/example_dags/example_dynamic_task_mapping_with_no_taskflow_operators.py for tasks to queue
[2024-01-09T10:38:20.405-0300] {logging_mixin.py:154} INFO - [2024-01-09T10:38:20.405-0300] {dagbag.py:536} INFO - Filling up the DagBag from /home/felipe/.local/lib/python3.11/site-packages/airflow/example_dags/example_dynamic_task_mapping_with_no_taskflow_operators.py
[2024-01-09T10:38:20.409-0300] {processor.py:839} INFO - DAG(s) dict_keys(['example_dynamic_task_mapping_with_no_taskflow_operators']) retrieved from /home/felipe/.local/lib/python3.11/site-packages/airflow/example_dags/example_dynamic_task_mapping_with_no_taskflow_operators.py
[2024-01-09T10:38:20.417-0300] {logging_mixin.py:154} INFO - [2024-01-09T10:38:20.417-0300] {dag.py:2941} INFO - Sync 1 DAGs
[2024-01-09T10:38:20.424-0300] {logging_mixin.py:154} INFO - [2024-01-09T10:38:20.424-0300] {dag.py:3722} INFO - Setting next_dagrun for example_dynamic_task_mapping_with_no_taskflow_operators to 2024-01-08T13:38:20.424803+00:00, run_after=2024-01-09T13:38:20.424803+00:00
[2024-01-09T10:38:20.440-0300] {processor.py:179} INFO - Processing /home/felipe/.local/lib/python3.11/site-packages/airflow/example_dags/example_dynamic_task_mapping_with_no_taskflow_operators.py took 0.069 seconds
[2024-01-09T10:39:11.357-0300] {processor.py:157} INFO - Started process (PID=11872) to work on /home/felipe/.local/lib/python3.11/site-packages/airflow/example_dags/example_dynamic_task_mapping_with_no_taskflow_operators.py
[2024-01-09T10:39:11.389-0300] {processor.py:829} INFO - Processing file /home/felipe/.local/lib/python3.11/site-packages/airflow/example_dags/example_dynamic_task_mapping_with_no_taskflow_operators.py for tasks to queue
[2024-01-09T10:39:11.389-0300] {logging_mixin.py:154} INFO - [2024-01-09T10:39:11.389-0300] {dagbag.py:536} INFO - Filling up the DagBag from /home/felipe/.local/lib/python3.11/site-packages/airflow/example_dags/example_dynamic_task_mapping_with_no_taskflow_operators.py
[2024-01-09T10:39:11.393-0300] {processor.py:839} INFO - DAG(s) dict_keys(['example_dynamic_task_mapping_with_no_taskflow_operators']) retrieved from /home/felipe/.local/lib/python3.11/site-packages/airflow/example_dags/example_dynamic_task_mapping_with_no_taskflow_operators.py
[2024-01-09T10:39:11.401-0300] {logging_mixin.py:154} INFO - [2024-01-09T10:39:11.401-0300] {dag.py:2941} INFO - Sync 1 DAGs
[2024-01-09T10:39:11.409-0300] {logging_mixin.py:154} INFO - [2024-01-09T10:39:11.409-0300] {dag.py:3722} INFO - Setting next_dagrun for example_dynamic_task_mapping_with_no_taskflow_operators to 2024-01-08T13:39:11.409216+00:00, run_after=2024-01-09T13:39:11.409216+00:00
[2024-01-09T10:39:11.425-0300] {processor.py:179} INFO - Processing /home/felipe/.local/lib/python3.11/site-packages/airflow/example_dags/example_dynamic_task_mapping_with_no_taskflow_operators.py took 0.070 seconds
[2024-01-09T10:39:59.685-0300] {processor.py:157} INFO - Started process (PID=11968) to work on /home/felipe/.local/lib/python3.11/site-packages/airflow/example_dags/example_dynamic_task_mapping_with_no_taskflow_operators.py
[2024-01-09T10:39:59.717-0300] {processor.py:829} INFO - Processing file /home/felipe/.local/lib/python3.11/site-packages/airflow/example_dags/example_dynamic_task_mapping_with_no_taskflow_operators.py for tasks to queue
[2024-01-09T10:39:59.718-0300] {logging_mixin.py:154} INFO - [2024-01-09T10:39:59.718-0300] {dagbag.py:536} INFO - Filling up the DagBag from /home/felipe/.local/lib/python3.11/site-packages/airflow/example_dags/example_dynamic_task_mapping_with_no_taskflow_operators.py
[2024-01-09T10:39:59.721-0300] {processor.py:839} INFO - DAG(s) dict_keys(['example_dynamic_task_mapping_with_no_taskflow_operators']) retrieved from /home/felipe/.local/lib/python3.11/site-packages/airflow/example_dags/example_dynamic_task_mapping_with_no_taskflow_operators.py
[2024-01-09T10:39:59.730-0300] {logging_mixin.py:154} INFO - [2024-01-09T10:39:59.730-0300] {dag.py:2941} INFO - Sync 1 DAGs
[2024-01-09T10:39:59.738-0300] {logging_mixin.py:154} INFO - [2024-01-09T10:39:59.737-0300] {dag.py:3722} INFO - Setting next_dagrun for example_dynamic_task_mapping_with_no_taskflow_operators to 2024-01-08T13:39:59.737860+00:00, run_after=2024-01-09T13:39:59.737860+00:00
[2024-01-09T10:39:59.753-0300] {processor.py:179} INFO - Processing /home/felipe/.local/lib/python3.11/site-packages/airflow/example_dags/example_dynamic_task_mapping_with_no_taskflow_operators.py took 0.070 seconds
[2024-01-09T10:40:38.275-0300] {processor.py:157} INFO - Started process (PID=12069) to work on /home/felipe/.local/lib/python3.11/site-packages/airflow/example_dags/example_dynamic_task_mapping_with_no_taskflow_operators.py
[2024-01-09T10:40:38.275-0300] {processor.py:829} INFO - Processing file /home/felipe/.local/lib/python3.11/site-packages/airflow/example_dags/example_dynamic_task_mapping_with_no_taskflow_operators.py for tasks to queue
[2024-01-09T10:40:38.276-0300] {logging_mixin.py:154} INFO - [2024-01-09T10:40:38.276-0300] {dagbag.py:536} INFO - Filling up the DagBag from /home/felipe/.local/lib/python3.11/site-packages/airflow/example_dags/example_dynamic_task_mapping_with_no_taskflow_operators.py
[2024-01-09T10:40:38.279-0300] {processor.py:839} INFO - DAG(s) dict_keys(['example_dynamic_task_mapping_with_no_taskflow_operators']) retrieved from /home/felipe/.local/lib/python3.11/site-packages/airflow/example_dags/example_dynamic_task_mapping_with_no_taskflow_operators.py
[2024-01-09T10:40:38.288-0300] {logging_mixin.py:154} INFO - [2024-01-09T10:40:38.288-0300] {dag.py:2941} INFO - Sync 1 DAGs
[2024-01-09T10:40:38.297-0300] {logging_mixin.py:154} INFO - [2024-01-09T10:40:38.297-0300] {dag.py:3722} INFO - Setting next_dagrun for example_dynamic_task_mapping_with_no_taskflow_operators to 2024-01-08T13:40:38.296940+00:00, run_after=2024-01-09T13:40:38.296940+00:00
[2024-01-09T10:40:38.306-0300] {processor.py:179} INFO - Processing /home/felipe/.local/lib/python3.11/site-packages/airflow/example_dags/example_dynamic_task_mapping_with_no_taskflow_operators.py took 0.033 seconds
[2024-01-09T10:44:07.659-0300] {processor.py:157} INFO - Started process (PID=12553) to work on /home/felipe/.local/lib/python3.11/site-packages/airflow/example_dags/example_dynamic_task_mapping_with_no_taskflow_operators.py
[2024-01-09T10:44:07.691-0300] {processor.py:829} INFO - Processing file /home/felipe/.local/lib/python3.11/site-packages/airflow/example_dags/example_dynamic_task_mapping_with_no_taskflow_operators.py for tasks to queue
[2024-01-09T10:44:07.692-0300] {logging_mixin.py:154} INFO - [2024-01-09T10:44:07.691-0300] {dagbag.py:536} INFO - Filling up the DagBag from /home/felipe/.local/lib/python3.11/site-packages/airflow/example_dags/example_dynamic_task_mapping_with_no_taskflow_operators.py
[2024-01-09T10:44:07.695-0300] {processor.py:839} INFO - DAG(s) dict_keys(['example_dynamic_task_mapping_with_no_taskflow_operators']) retrieved from /home/felipe/.local/lib/python3.11/site-packages/airflow/example_dags/example_dynamic_task_mapping_with_no_taskflow_operators.py
[2024-01-09T10:44:07.704-0300] {logging_mixin.py:154} INFO - [2024-01-09T10:44:07.704-0300] {dag.py:2941} INFO - Sync 1 DAGs
[2024-01-09T10:44:07.712-0300] {logging_mixin.py:154} INFO - [2024-01-09T10:44:07.712-0300] {dag.py:3722} INFO - Setting next_dagrun for example_dynamic_task_mapping_with_no_taskflow_operators to 2024-01-08T13:44:07.712337+00:00, run_after=2024-01-09T13:44:07.712337+00:00
[2024-01-09T10:44:07.728-0300] {processor.py:179} INFO - Processing /home/felipe/.local/lib/python3.11/site-packages/airflow/example_dags/example_dynamic_task_mapping_with_no_taskflow_operators.py took 0.071 seconds
[2024-01-09T10:46:16.384-0300] {processor.py:157} INFO - Started process (PID=12865) to work on /home/felipe/.local/lib/python3.11/site-packages/airflow/example_dags/example_dynamic_task_mapping_with_no_taskflow_operators.py
[2024-01-09T10:46:16.416-0300] {processor.py:829} INFO - Processing file /home/felipe/.local/lib/python3.11/site-packages/airflow/example_dags/example_dynamic_task_mapping_with_no_taskflow_operators.py for tasks to queue
[2024-01-09T10:46:16.417-0300] {logging_mixin.py:154} INFO - [2024-01-09T10:46:16.417-0300] {dagbag.py:536} INFO - Filling up the DagBag from /home/felipe/.local/lib/python3.11/site-packages/airflow/example_dags/example_dynamic_task_mapping_with_no_taskflow_operators.py
[2024-01-09T10:46:16.421-0300] {processor.py:839} INFO - DAG(s) dict_keys(['example_dynamic_task_mapping_with_no_taskflow_operators']) retrieved from /home/felipe/.local/lib/python3.11/site-packages/airflow/example_dags/example_dynamic_task_mapping_with_no_taskflow_operators.py
[2024-01-09T10:46:16.430-0300] {logging_mixin.py:154} INFO - [2024-01-09T10:46:16.430-0300] {dag.py:2941} INFO - Sync 1 DAGs
[2024-01-09T10:46:16.438-0300] {logging_mixin.py:154} INFO - [2024-01-09T10:46:16.438-0300] {dag.py:3722} INFO - Setting next_dagrun for example_dynamic_task_mapping_with_no_taskflow_operators to 2024-01-08T13:46:16.438369+00:00, run_after=2024-01-09T13:46:16.438369+00:00
[2024-01-09T10:46:16.455-0300] {processor.py:179} INFO - Processing /home/felipe/.local/lib/python3.11/site-packages/airflow/example_dags/example_dynamic_task_mapping_with_no_taskflow_operators.py took 0.073 seconds
[2024-01-09T10:49:15.944-0300] {processor.py:157} INFO - Started process (PID=13754) to work on /home/felipe/.local/lib/python3.11/site-packages/airflow/example_dags/example_dynamic_task_mapping_with_no_taskflow_operators.py
[2024-01-09T10:49:15.976-0300] {processor.py:829} INFO - Processing file /home/felipe/.local/lib/python3.11/site-packages/airflow/example_dags/example_dynamic_task_mapping_with_no_taskflow_operators.py for tasks to queue
[2024-01-09T10:49:15.977-0300] {logging_mixin.py:154} INFO - [2024-01-09T10:49:15.977-0300] {dagbag.py:536} INFO - Filling up the DagBag from /home/felipe/.local/lib/python3.11/site-packages/airflow/example_dags/example_dynamic_task_mapping_with_no_taskflow_operators.py
[2024-01-09T10:49:15.980-0300] {processor.py:839} INFO - DAG(s) dict_keys(['example_dynamic_task_mapping_with_no_taskflow_operators']) retrieved from /home/felipe/.local/lib/python3.11/site-packages/airflow/example_dags/example_dynamic_task_mapping_with_no_taskflow_operators.py
[2024-01-09T10:49:15.988-0300] {logging_mixin.py:154} INFO - [2024-01-09T10:49:15.988-0300] {dag.py:2941} INFO - Sync 1 DAGs
[2024-01-09T10:49:15.996-0300] {logging_mixin.py:154} INFO - [2024-01-09T10:49:15.996-0300] {dag.py:3722} INFO - Setting next_dagrun for example_dynamic_task_mapping_with_no_taskflow_operators to 2024-01-08T13:49:15.996149+00:00, run_after=2024-01-09T13:49:15.996149+00:00
[2024-01-09T10:49:16.012-0300] {processor.py:179} INFO - Processing /home/felipe/.local/lib/python3.11/site-packages/airflow/example_dags/example_dynamic_task_mapping_with_no_taskflow_operators.py took 0.069 seconds
[2024-01-09T10:52:05.165-0300] {processor.py:157} INFO - Started process (PID=14042) to work on /home/felipe/.local/lib/python3.11/site-packages/airflow/example_dags/example_dynamic_task_mapping_with_no_taskflow_operators.py
[2024-01-09T10:52:05.197-0300] {processor.py:829} INFO - Processing file /home/felipe/.local/lib/python3.11/site-packages/airflow/example_dags/example_dynamic_task_mapping_with_no_taskflow_operators.py for tasks to queue
[2024-01-09T10:52:05.198-0300] {logging_mixin.py:154} INFO - [2024-01-09T10:52:05.197-0300] {dagbag.py:536} INFO - Filling up the DagBag from /home/felipe/.local/lib/python3.11/site-packages/airflow/example_dags/example_dynamic_task_mapping_with_no_taskflow_operators.py
[2024-01-09T10:52:05.201-0300] {processor.py:839} INFO - DAG(s) dict_keys(['example_dynamic_task_mapping_with_no_taskflow_operators']) retrieved from /home/felipe/.local/lib/python3.11/site-packages/airflow/example_dags/example_dynamic_task_mapping_with_no_taskflow_operators.py
[2024-01-09T10:52:05.210-0300] {logging_mixin.py:154} INFO - [2024-01-09T10:52:05.209-0300] {dag.py:2941} INFO - Sync 1 DAGs
[2024-01-09T10:52:05.217-0300] {logging_mixin.py:154} INFO - [2024-01-09T10:52:05.217-0300] {dag.py:3722} INFO - Setting next_dagrun for example_dynamic_task_mapping_with_no_taskflow_operators to 2024-01-08T13:52:05.217630+00:00, run_after=2024-01-09T13:52:05.217630+00:00
[2024-01-09T10:52:05.233-0300] {processor.py:179} INFO - Processing /home/felipe/.local/lib/python3.11/site-packages/airflow/example_dags/example_dynamic_task_mapping_with_no_taskflow_operators.py took 0.070 seconds
[2024-01-09T10:53:44.944-0300] {processor.py:157} INFO - Started process (PID=14323) to work on /home/felipe/.local/lib/python3.11/site-packages/airflow/example_dags/example_dynamic_task_mapping_with_no_taskflow_operators.py
[2024-01-09T10:53:44.976-0300] {processor.py:829} INFO - Processing file /home/felipe/.local/lib/python3.11/site-packages/airflow/example_dags/example_dynamic_task_mapping_with_no_taskflow_operators.py for tasks to queue
[2024-01-09T10:53:44.977-0300] {logging_mixin.py:154} INFO - [2024-01-09T10:53:44.977-0300] {dagbag.py:536} INFO - Filling up the DagBag from /home/felipe/.local/lib/python3.11/site-packages/airflow/example_dags/example_dynamic_task_mapping_with_no_taskflow_operators.py
[2024-01-09T10:53:44.980-0300] {processor.py:839} INFO - DAG(s) dict_keys(['example_dynamic_task_mapping_with_no_taskflow_operators']) retrieved from /home/felipe/.local/lib/python3.11/site-packages/airflow/example_dags/example_dynamic_task_mapping_with_no_taskflow_operators.py
[2024-01-09T10:53:44.988-0300] {logging_mixin.py:154} INFO - [2024-01-09T10:53:44.988-0300] {dag.py:2941} INFO - Sync 1 DAGs
[2024-01-09T10:53:44.996-0300] {logging_mixin.py:154} INFO - [2024-01-09T10:53:44.996-0300] {dag.py:3722} INFO - Setting next_dagrun for example_dynamic_task_mapping_with_no_taskflow_operators to 2024-01-08T13:53:44.996521+00:00, run_after=2024-01-09T13:53:44.996521+00:00
[2024-01-09T10:53:45.013-0300] {processor.py:179} INFO - Processing /home/felipe/.local/lib/python3.11/site-packages/airflow/example_dags/example_dynamic_task_mapping_with_no_taskflow_operators.py took 0.070 seconds
[2024-01-09T10:56:11.919-0300] {processor.py:157} INFO - Started process (PID=14911) to work on /home/felipe/.local/lib/python3.11/site-packages/airflow/example_dags/example_dynamic_task_mapping_with_no_taskflow_operators.py
[2024-01-09T10:56:11.951-0300] {processor.py:829} INFO - Processing file /home/felipe/.local/lib/python3.11/site-packages/airflow/example_dags/example_dynamic_task_mapping_with_no_taskflow_operators.py for tasks to queue
[2024-01-09T10:56:11.951-0300] {logging_mixin.py:154} INFO - [2024-01-09T10:56:11.951-0300] {dagbag.py:536} INFO - Filling up the DagBag from /home/felipe/.local/lib/python3.11/site-packages/airflow/example_dags/example_dynamic_task_mapping_with_no_taskflow_operators.py
[2024-01-09T10:56:11.955-0300] {processor.py:839} INFO - DAG(s) dict_keys(['example_dynamic_task_mapping_with_no_taskflow_operators']) retrieved from /home/felipe/.local/lib/python3.11/site-packages/airflow/example_dags/example_dynamic_task_mapping_with_no_taskflow_operators.py
[2024-01-09T10:56:11.963-0300] {logging_mixin.py:154} INFO - [2024-01-09T10:56:11.963-0300] {dag.py:2941} INFO - Sync 1 DAGs
[2024-01-09T10:56:11.971-0300] {logging_mixin.py:154} INFO - [2024-01-09T10:56:11.971-0300] {dag.py:3722} INFO - Setting next_dagrun for example_dynamic_task_mapping_with_no_taskflow_operators to 2024-01-08T13:56:11.971211+00:00, run_after=2024-01-09T13:56:11.971211+00:00
[2024-01-09T10:56:11.987-0300] {processor.py:179} INFO - Processing /home/felipe/.local/lib/python3.11/site-packages/airflow/example_dags/example_dynamic_task_mapping_with_no_taskflow_operators.py took 0.070 seconds
[2024-01-09T10:58:20.609-0300] {processor.py:157} INFO - Started process (PID=15233) to work on /home/felipe/.local/lib/python3.11/site-packages/airflow/example_dags/example_dynamic_task_mapping_with_no_taskflow_operators.py
[2024-01-09T10:58:20.641-0300] {processor.py:829} INFO - Processing file /home/felipe/.local/lib/python3.11/site-packages/airflow/example_dags/example_dynamic_task_mapping_with_no_taskflow_operators.py for tasks to queue
[2024-01-09T10:58:20.642-0300] {logging_mixin.py:154} INFO - [2024-01-09T10:58:20.641-0300] {dagbag.py:536} INFO - Filling up the DagBag from /home/felipe/.local/lib/python3.11/site-packages/airflow/example_dags/example_dynamic_task_mapping_with_no_taskflow_operators.py
[2024-01-09T10:58:20.645-0300] {processor.py:839} INFO - DAG(s) dict_keys(['example_dynamic_task_mapping_with_no_taskflow_operators']) retrieved from /home/felipe/.local/lib/python3.11/site-packages/airflow/example_dags/example_dynamic_task_mapping_with_no_taskflow_operators.py
[2024-01-09T10:58:20.653-0300] {logging_mixin.py:154} INFO - [2024-01-09T10:58:20.653-0300] {dag.py:2941} INFO - Sync 1 DAGs
[2024-01-09T10:58:20.661-0300] {logging_mixin.py:154} INFO - [2024-01-09T10:58:20.661-0300] {dag.py:3722} INFO - Setting next_dagrun for example_dynamic_task_mapping_with_no_taskflow_operators to 2024-01-08T13:58:20.660878+00:00, run_after=2024-01-09T13:58:20.660878+00:00
[2024-01-09T10:58:20.676-0300] {processor.py:179} INFO - Processing /home/felipe/.local/lib/python3.11/site-packages/airflow/example_dags/example_dynamic_task_mapping_with_no_taskflow_operators.py took 0.069 seconds
[2024-01-09T11:00:20.701-0300] {processor.py:157} INFO - Started process (PID=15485) to work on /home/felipe/.local/lib/python3.11/site-packages/airflow/example_dags/example_dynamic_task_mapping_with_no_taskflow_operators.py
[2024-01-09T11:00:20.702-0300] {processor.py:829} INFO - Processing file /home/felipe/.local/lib/python3.11/site-packages/airflow/example_dags/example_dynamic_task_mapping_with_no_taskflow_operators.py for tasks to queue
[2024-01-09T11:00:20.702-0300] {logging_mixin.py:154} INFO - [2024-01-09T11:00:20.702-0300] {dagbag.py:536} INFO - Filling up the DagBag from /home/felipe/.local/lib/python3.11/site-packages/airflow/example_dags/example_dynamic_task_mapping_with_no_taskflow_operators.py
[2024-01-09T11:00:20.706-0300] {processor.py:839} INFO - DAG(s) dict_keys(['example_dynamic_task_mapping_with_no_taskflow_operators']) retrieved from /home/felipe/.local/lib/python3.11/site-packages/airflow/example_dags/example_dynamic_task_mapping_with_no_taskflow_operators.py
[2024-01-09T11:00:20.714-0300] {logging_mixin.py:154} INFO - [2024-01-09T11:00:20.714-0300] {dag.py:2941} INFO - Sync 1 DAGs
[2024-01-09T11:00:20.723-0300] {logging_mixin.py:154} INFO - [2024-01-09T11:00:20.723-0300] {dag.py:3722} INFO - Setting next_dagrun for example_dynamic_task_mapping_with_no_taskflow_operators to 2024-01-08T14:00:20.722990+00:00, run_after=2024-01-09T14:00:20.722990+00:00
[2024-01-09T11:00:20.732-0300] {processor.py:179} INFO - Processing /home/felipe/.local/lib/python3.11/site-packages/airflow/example_dags/example_dynamic_task_mapping_with_no_taskflow_operators.py took 0.033 seconds
[2024-01-09T11:03:52.188-0300] {processor.py:157} INFO - Started process (PID=16022) to work on /home/felipe/.local/lib/python3.11/site-packages/airflow/example_dags/example_dynamic_task_mapping_with_no_taskflow_operators.py
[2024-01-09T11:03:52.188-0300] {processor.py:829} INFO - Processing file /home/felipe/.local/lib/python3.11/site-packages/airflow/example_dags/example_dynamic_task_mapping_with_no_taskflow_operators.py for tasks to queue
[2024-01-09T11:03:52.188-0300] {logging_mixin.py:154} INFO - [2024-01-09T11:03:52.188-0300] {dagbag.py:536} INFO - Filling up the DagBag from /home/felipe/.local/lib/python3.11/site-packages/airflow/example_dags/example_dynamic_task_mapping_with_no_taskflow_operators.py
[2024-01-09T11:03:52.192-0300] {processor.py:839} INFO - DAG(s) dict_keys(['example_dynamic_task_mapping_with_no_taskflow_operators']) retrieved from /home/felipe/.local/lib/python3.11/site-packages/airflow/example_dags/example_dynamic_task_mapping_with_no_taskflow_operators.py
[2024-01-09T11:03:52.200-0300] {logging_mixin.py:154} INFO - [2024-01-09T11:03:52.200-0300] {dag.py:2941} INFO - Sync 1 DAGs
[2024-01-09T11:03:52.209-0300] {logging_mixin.py:154} INFO - [2024-01-09T11:03:52.209-0300] {dag.py:3722} INFO - Setting next_dagrun for example_dynamic_task_mapping_with_no_taskflow_operators to 2024-01-08T14:03:52.208972+00:00, run_after=2024-01-09T14:03:52.208972+00:00
[2024-01-09T11:03:52.218-0300] {processor.py:179} INFO - Processing /home/felipe/.local/lib/python3.11/site-packages/airflow/example_dags/example_dynamic_task_mapping_with_no_taskflow_operators.py took 0.032 seconds
[2024-01-09T20:52:52.692-0300] {processor.py:157} INFO - Started process (PID=36099) to work on /home/felipe/.local/lib/python3.11/site-packages/airflow/example_dags/example_dynamic_task_mapping_with_no_taskflow_operators.py
[2024-01-09T20:52:52.724-0300] {processor.py:829} INFO - Processing file /home/felipe/.local/lib/python3.11/site-packages/airflow/example_dags/example_dynamic_task_mapping_with_no_taskflow_operators.py for tasks to queue
[2024-01-09T20:52:52.725-0300] {logging_mixin.py:154} INFO - [2024-01-09T20:52:52.725-0300] {dagbag.py:536} INFO - Filling up the DagBag from /home/felipe/.local/lib/python3.11/site-packages/airflow/example_dags/example_dynamic_task_mapping_with_no_taskflow_operators.py
[2024-01-09T20:52:52.732-0300] {processor.py:839} INFO - DAG(s) dict_keys(['example_dynamic_task_mapping_with_no_taskflow_operators']) retrieved from /home/felipe/.local/lib/python3.11/site-packages/airflow/example_dags/example_dynamic_task_mapping_with_no_taskflow_operators.py
[2024-01-09T20:52:52.737-0300] {logging_mixin.py:154} INFO - [2024-01-09T20:52:52.737-0300] {dag.py:2941} INFO - Sync 1 DAGs
[2024-01-09T20:52:52.747-0300] {logging_mixin.py:154} INFO - [2024-01-09T20:52:52.747-0300] {dag.py:3722} INFO - Setting next_dagrun for example_dynamic_task_mapping_with_no_taskflow_operators to 2024-01-08T23:52:52.747198+00:00, run_after=2024-01-09T23:52:52.747198+00:00
[2024-01-09T20:52:52.763-0300] {processor.py:179} INFO - Processing /home/felipe/.local/lib/python3.11/site-packages/airflow/example_dags/example_dynamic_task_mapping_with_no_taskflow_operators.py took 0.074 seconds
[2024-01-09T20:53:42.586-0300] {processor.py:157} INFO - Started process (PID=36553) to work on /home/felipe/.local/lib/python3.11/site-packages/airflow/example_dags/example_dynamic_task_mapping_with_no_taskflow_operators.py
[2024-01-09T20:53:42.638-0300] {processor.py:829} INFO - Processing file /home/felipe/.local/lib/python3.11/site-packages/airflow/example_dags/example_dynamic_task_mapping_with_no_taskflow_operators.py for tasks to queue
[2024-01-09T20:53:42.639-0300] {logging_mixin.py:154} INFO - [2024-01-09T20:53:42.639-0300] {dagbag.py:536} INFO - Filling up the DagBag from /home/felipe/.local/lib/python3.11/site-packages/airflow/example_dags/example_dynamic_task_mapping_with_no_taskflow_operators.py
[2024-01-09T20:53:42.643-0300] {processor.py:839} INFO - DAG(s) dict_keys(['example_dynamic_task_mapping_with_no_taskflow_operators']) retrieved from /home/felipe/.local/lib/python3.11/site-packages/airflow/example_dags/example_dynamic_task_mapping_with_no_taskflow_operators.py
[2024-01-09T20:53:42.652-0300] {logging_mixin.py:154} INFO - [2024-01-09T20:53:42.652-0300] {dag.py:2941} INFO - Sync 1 DAGs
[2024-01-09T20:53:42.663-0300] {logging_mixin.py:154} INFO - [2024-01-09T20:53:42.663-0300] {dag.py:3722} INFO - Setting next_dagrun for example_dynamic_task_mapping_with_no_taskflow_operators to 2024-01-08T23:53:42.663119+00:00, run_after=2024-01-09T23:53:42.663119+00:00
[2024-01-09T20:53:42.682-0300] {processor.py:179} INFO - Processing /home/felipe/.local/lib/python3.11/site-packages/airflow/example_dags/example_dynamic_task_mapping_with_no_taskflow_operators.py took 0.098 seconds
[2024-01-09T20:54:29.958-0300] {processor.py:157} INFO - Started process (PID=36657) to work on /home/felipe/.local/lib/python3.11/site-packages/airflow/example_dags/example_dynamic_task_mapping_with_no_taskflow_operators.py
[2024-01-09T20:54:29.965-0300] {processor.py:829} INFO - Processing file /home/felipe/.local/lib/python3.11/site-packages/airflow/example_dags/example_dynamic_task_mapping_with_no_taskflow_operators.py for tasks to queue
[2024-01-09T20:54:29.965-0300] {logging_mixin.py:154} INFO - [2024-01-09T20:54:29.965-0300] {dagbag.py:536} INFO - Filling up the DagBag from /home/felipe/.local/lib/python3.11/site-packages/airflow/example_dags/example_dynamic_task_mapping_with_no_taskflow_operators.py
[2024-01-09T20:54:29.970-0300] {processor.py:839} INFO - DAG(s) dict_keys(['example_dynamic_task_mapping_with_no_taskflow_operators']) retrieved from /home/felipe/.local/lib/python3.11/site-packages/airflow/example_dags/example_dynamic_task_mapping_with_no_taskflow_operators.py
[2024-01-09T20:54:29.978-0300] {logging_mixin.py:154} INFO - [2024-01-09T20:54:29.978-0300] {dag.py:2941} INFO - Sync 1 DAGs
[2024-01-09T20:54:29.988-0300] {logging_mixin.py:154} INFO - [2024-01-09T20:54:29.988-0300] {dag.py:3722} INFO - Setting next_dagrun for example_dynamic_task_mapping_with_no_taskflow_operators to 2024-01-08T23:54:29.988297+00:00, run_after=2024-01-09T23:54:29.988297+00:00
[2024-01-09T20:54:29.998-0300] {processor.py:179} INFO - Processing /home/felipe/.local/lib/python3.11/site-packages/airflow/example_dags/example_dynamic_task_mapping_with_no_taskflow_operators.py took 0.041 seconds
[2024-01-09T20:55:21.945-0300] {processor.py:157} INFO - Started process (PID=36792) to work on /home/felipe/.local/lib/python3.11/site-packages/airflow/example_dags/example_dynamic_task_mapping_with_no_taskflow_operators.py
[2024-01-09T20:55:21.977-0300] {processor.py:829} INFO - Processing file /home/felipe/.local/lib/python3.11/site-packages/airflow/example_dags/example_dynamic_task_mapping_with_no_taskflow_operators.py for tasks to queue
[2024-01-09T20:55:21.977-0300] {logging_mixin.py:154} INFO - [2024-01-09T20:55:21.977-0300] {dagbag.py:536} INFO - Filling up the DagBag from /home/felipe/.local/lib/python3.11/site-packages/airflow/example_dags/example_dynamic_task_mapping_with_no_taskflow_operators.py
[2024-01-09T20:55:21.982-0300] {processor.py:839} INFO - DAG(s) dict_keys(['example_dynamic_task_mapping_with_no_taskflow_operators']) retrieved from /home/felipe/.local/lib/python3.11/site-packages/airflow/example_dags/example_dynamic_task_mapping_with_no_taskflow_operators.py
[2024-01-09T20:55:21.990-0300] {logging_mixin.py:154} INFO - [2024-01-09T20:55:21.990-0300] {dag.py:2941} INFO - Sync 1 DAGs
[2024-01-09T20:55:22.000-0300] {logging_mixin.py:154} INFO - [2024-01-09T20:55:22.000-0300] {dag.py:3722} INFO - Setting next_dagrun for example_dynamic_task_mapping_with_no_taskflow_operators to 2024-01-08T23:55:22.000281+00:00, run_after=2024-01-09T23:55:22.000281+00:00
[2024-01-09T20:55:22.017-0300] {processor.py:179} INFO - Processing /home/felipe/.local/lib/python3.11/site-packages/airflow/example_dags/example_dynamic_task_mapping_with_no_taskflow_operators.py took 0.074 seconds
[2024-01-09T20:55:59.745-0300] {processor.py:157} INFO - Started process (PID=36885) to work on /home/felipe/.local/lib/python3.11/site-packages/airflow/example_dags/example_dynamic_task_mapping_with_no_taskflow_operators.py
[2024-01-09T20:55:59.777-0300] {processor.py:829} INFO - Processing file /home/felipe/.local/lib/python3.11/site-packages/airflow/example_dags/example_dynamic_task_mapping_with_no_taskflow_operators.py for tasks to queue
[2024-01-09T20:55:59.778-0300] {logging_mixin.py:154} INFO - [2024-01-09T20:55:59.778-0300] {dagbag.py:536} INFO - Filling up the DagBag from /home/felipe/.local/lib/python3.11/site-packages/airflow/example_dags/example_dynamic_task_mapping_with_no_taskflow_operators.py
[2024-01-09T20:55:59.783-0300] {processor.py:839} INFO - DAG(s) dict_keys(['example_dynamic_task_mapping_with_no_taskflow_operators']) retrieved from /home/felipe/.local/lib/python3.11/site-packages/airflow/example_dags/example_dynamic_task_mapping_with_no_taskflow_operators.py
[2024-01-09T20:55:59.793-0300] {logging_mixin.py:154} INFO - [2024-01-09T20:55:59.793-0300] {dag.py:2941} INFO - Sync 1 DAGs
[2024-01-09T20:55:59.806-0300] {logging_mixin.py:154} INFO - [2024-01-09T20:55:59.806-0300] {dag.py:3722} INFO - Setting next_dagrun for example_dynamic_task_mapping_with_no_taskflow_operators to 2024-01-08T23:55:59.806217+00:00, run_after=2024-01-09T23:55:59.806217+00:00
[2024-01-09T20:55:59.816-0300] {processor.py:179} INFO - Processing /home/felipe/.local/lib/python3.11/site-packages/airflow/example_dags/example_dynamic_task_mapping_with_no_taskflow_operators.py took 0.074 seconds
[2024-01-09T20:56:51.873-0300] {processor.py:157} INFO - Started process (PID=36991) to work on /home/felipe/.local/lib/python3.11/site-packages/airflow/example_dags/example_dynamic_task_mapping_with_no_taskflow_operators.py
[2024-01-09T20:56:51.906-0300] {processor.py:829} INFO - Processing file /home/felipe/.local/lib/python3.11/site-packages/airflow/example_dags/example_dynamic_task_mapping_with_no_taskflow_operators.py for tasks to queue
[2024-01-09T20:56:51.906-0300] {logging_mixin.py:154} INFO - [2024-01-09T20:56:51.906-0300] {dagbag.py:536} INFO - Filling up the DagBag from /home/felipe/.local/lib/python3.11/site-packages/airflow/example_dags/example_dynamic_task_mapping_with_no_taskflow_operators.py
[2024-01-09T20:56:51.911-0300] {processor.py:839} INFO - DAG(s) dict_keys(['example_dynamic_task_mapping_with_no_taskflow_operators']) retrieved from /home/felipe/.local/lib/python3.11/site-packages/airflow/example_dags/example_dynamic_task_mapping_with_no_taskflow_operators.py
[2024-01-09T20:56:51.920-0300] {logging_mixin.py:154} INFO - [2024-01-09T20:56:51.920-0300] {dag.py:2941} INFO - Sync 1 DAGs
[2024-01-09T20:56:51.930-0300] {logging_mixin.py:154} INFO - [2024-01-09T20:56:51.930-0300] {dag.py:3722} INFO - Setting next_dagrun for example_dynamic_task_mapping_with_no_taskflow_operators to 2024-01-08T23:56:51.930577+00:00, run_after=2024-01-09T23:56:51.930577+00:00
[2024-01-09T20:56:51.948-0300] {processor.py:179} INFO - Processing /home/felipe/.local/lib/python3.11/site-packages/airflow/example_dags/example_dynamic_task_mapping_with_no_taskflow_operators.py took 0.076 seconds
[2024-01-09T20:57:41.305-0300] {processor.py:157} INFO - Started process (PID=37124) to work on /home/felipe/.local/lib/python3.11/site-packages/airflow/example_dags/example_dynamic_task_mapping_with_no_taskflow_operators.py
[2024-01-09T20:57:41.337-0300] {processor.py:829} INFO - Processing file /home/felipe/.local/lib/python3.11/site-packages/airflow/example_dags/example_dynamic_task_mapping_with_no_taskflow_operators.py for tasks to queue
[2024-01-09T20:57:41.337-0300] {logging_mixin.py:154} INFO - [2024-01-09T20:57:41.337-0300] {dagbag.py:536} INFO - Filling up the DagBag from /home/felipe/.local/lib/python3.11/site-packages/airflow/example_dags/example_dynamic_task_mapping_with_no_taskflow_operators.py
[2024-01-09T20:57:41.342-0300] {processor.py:839} INFO - DAG(s) dict_keys(['example_dynamic_task_mapping_with_no_taskflow_operators']) retrieved from /home/felipe/.local/lib/python3.11/site-packages/airflow/example_dags/example_dynamic_task_mapping_with_no_taskflow_operators.py
[2024-01-09T20:57:41.350-0300] {logging_mixin.py:154} INFO - [2024-01-09T20:57:41.350-0300] {dag.py:2941} INFO - Sync 1 DAGs
[2024-01-09T20:57:41.359-0300] {logging_mixin.py:154} INFO - [2024-01-09T20:57:41.359-0300] {dag.py:3722} INFO - Setting next_dagrun for example_dynamic_task_mapping_with_no_taskflow_operators to 2024-01-08T23:57:41.359158+00:00, run_after=2024-01-09T23:57:41.359158+00:00
[2024-01-09T20:57:41.375-0300] {processor.py:179} INFO - Processing /home/felipe/.local/lib/python3.11/site-packages/airflow/example_dags/example_dynamic_task_mapping_with_no_taskflow_operators.py took 0.072 seconds
[2024-01-09T20:58:33.100-0300] {processor.py:157} INFO - Started process (PID=37236) to work on /home/felipe/.local/lib/python3.11/site-packages/airflow/example_dags/example_dynamic_task_mapping_with_no_taskflow_operators.py
[2024-01-09T20:58:33.132-0300] {processor.py:829} INFO - Processing file /home/felipe/.local/lib/python3.11/site-packages/airflow/example_dags/example_dynamic_task_mapping_with_no_taskflow_operators.py for tasks to queue
[2024-01-09T20:58:33.133-0300] {logging_mixin.py:154} INFO - [2024-01-09T20:58:33.133-0300] {dagbag.py:536} INFO - Filling up the DagBag from /home/felipe/.local/lib/python3.11/site-packages/airflow/example_dags/example_dynamic_task_mapping_with_no_taskflow_operators.py
[2024-01-09T20:58:33.138-0300] {processor.py:839} INFO - DAG(s) dict_keys(['example_dynamic_task_mapping_with_no_taskflow_operators']) retrieved from /home/felipe/.local/lib/python3.11/site-packages/airflow/example_dags/example_dynamic_task_mapping_with_no_taskflow_operators.py
[2024-01-09T20:58:33.146-0300] {logging_mixin.py:154} INFO - [2024-01-09T20:58:33.146-0300] {dag.py:2941} INFO - Sync 1 DAGs
[2024-01-09T20:58:33.156-0300] {logging_mixin.py:154} INFO - [2024-01-09T20:58:33.156-0300] {dag.py:3722} INFO - Setting next_dagrun for example_dynamic_task_mapping_with_no_taskflow_operators to 2024-01-08T23:58:33.156467+00:00, run_after=2024-01-09T23:58:33.156467+00:00
[2024-01-09T20:58:33.174-0300] {processor.py:179} INFO - Processing /home/felipe/.local/lib/python3.11/site-packages/airflow/example_dags/example_dynamic_task_mapping_with_no_taskflow_operators.py took 0.075 seconds
[2024-01-09T20:59:24.873-0300] {processor.py:157} INFO - Started process (PID=37380) to work on /home/felipe/.local/lib/python3.11/site-packages/airflow/example_dags/example_dynamic_task_mapping_with_no_taskflow_operators.py
[2024-01-09T20:59:24.905-0300] {processor.py:829} INFO - Processing file /home/felipe/.local/lib/python3.11/site-packages/airflow/example_dags/example_dynamic_task_mapping_with_no_taskflow_operators.py for tasks to queue
[2024-01-09T20:59:24.905-0300] {logging_mixin.py:154} INFO - [2024-01-09T20:59:24.905-0300] {dagbag.py:536} INFO - Filling up the DagBag from /home/felipe/.local/lib/python3.11/site-packages/airflow/example_dags/example_dynamic_task_mapping_with_no_taskflow_operators.py
[2024-01-09T20:59:24.911-0300] {processor.py:839} INFO - DAG(s) dict_keys(['example_dynamic_task_mapping_with_no_taskflow_operators']) retrieved from /home/felipe/.local/lib/python3.11/site-packages/airflow/example_dags/example_dynamic_task_mapping_with_no_taskflow_operators.py
[2024-01-09T20:59:24.919-0300] {logging_mixin.py:154} INFO - [2024-01-09T20:59:24.919-0300] {dag.py:2941} INFO - Sync 1 DAGs
[2024-01-09T20:59:24.929-0300] {logging_mixin.py:154} INFO - [2024-01-09T20:59:24.929-0300] {dag.py:3722} INFO - Setting next_dagrun for example_dynamic_task_mapping_with_no_taskflow_operators to 2024-01-08T23:59:24.929231+00:00, run_after=2024-01-09T23:59:24.929231+00:00
[2024-01-09T20:59:24.946-0300] {processor.py:179} INFO - Processing /home/felipe/.local/lib/python3.11/site-packages/airflow/example_dags/example_dynamic_task_mapping_with_no_taskflow_operators.py took 0.076 seconds
