[2024-01-09T10:10:40.787-0300] {processor.py:157} INFO - Started process (PID=8582) to work on /home/felipe/.local/lib/python3.11/site-packages/airflow/example_dags/example_setup_teardown.py
[2024-01-09T10:10:40.787-0300] {processor.py:829} INFO - Processing file /home/felipe/.local/lib/python3.11/site-packages/airflow/example_dags/example_setup_teardown.py for tasks to queue
[2024-01-09T10:10:40.788-0300] {logging_mixin.py:154} INFO - [2024-01-09T10:10:40.787-0300] {dagbag.py:536} INFO - Filling up the DagBag from /home/felipe/.local/lib/python3.11/site-packages/airflow/example_dags/example_setup_teardown.py
[2024-01-09T10:10:40.792-0300] {processor.py:839} INFO - DAG(s) dict_keys(['example_setup_teardown']) retrieved from /home/felipe/.local/lib/python3.11/site-packages/airflow/example_dags/example_setup_teardown.py
[2024-01-09T10:10:40.801-0300] {logging_mixin.py:154} INFO - [2024-01-09T10:10:40.801-0300] {dag.py:2941} INFO - Sync 1 DAGs
[2024-01-09T10:10:40.810-0300] {logging_mixin.py:154} INFO - [2024-01-09T10:10:40.810-0300] {dag.py:3722} INFO - Setting next_dagrun for example_setup_teardown to 2024-01-08T13:10:40.810674+00:00, run_after=2024-01-09T13:10:40.810674+00:00
[2024-01-09T10:10:40.853-0300] {processor.py:179} INFO - Processing /home/felipe/.local/lib/python3.11/site-packages/airflow/example_dags/example_setup_teardown.py took 0.068 seconds
[2024-01-09T10:11:34.310-0300] {processor.py:157} INFO - Started process (PID=8689) to work on /home/felipe/.local/lib/python3.11/site-packages/airflow/example_dags/example_setup_teardown.py
[2024-01-09T10:11:34.343-0300] {processor.py:829} INFO - Processing file /home/felipe/.local/lib/python3.11/site-packages/airflow/example_dags/example_setup_teardown.py for tasks to queue
[2024-01-09T10:11:34.343-0300] {logging_mixin.py:154} INFO - [2024-01-09T10:11:34.343-0300] {dagbag.py:536} INFO - Filling up the DagBag from /home/felipe/.local/lib/python3.11/site-packages/airflow/example_dags/example_setup_teardown.py
[2024-01-09T10:11:34.350-0300] {processor.py:839} INFO - DAG(s) dict_keys(['example_setup_teardown']) retrieved from /home/felipe/.local/lib/python3.11/site-packages/airflow/example_dags/example_setup_teardown.py
[2024-01-09T10:11:34.359-0300] {logging_mixin.py:154} INFO - [2024-01-09T10:11:34.359-0300] {dag.py:2941} INFO - Sync 1 DAGs
[2024-01-09T10:11:34.368-0300] {logging_mixin.py:154} INFO - [2024-01-09T10:11:34.368-0300] {dag.py:3722} INFO - Setting next_dagrun for example_setup_teardown to 2024-01-08T13:11:34.368463+00:00, run_after=2024-01-09T13:11:34.368463+00:00
[2024-01-09T10:11:34.385-0300] {processor.py:179} INFO - Processing /home/felipe/.local/lib/python3.11/site-packages/airflow/example_dags/example_setup_teardown.py took 0.077 seconds
[2024-01-09T10:12:45.812-0300] {processor.py:157} INFO - Started process (PID=8851) to work on /home/felipe/.local/lib/python3.11/site-packages/airflow/example_dags/example_setup_teardown.py
[2024-01-09T10:12:45.844-0300] {processor.py:829} INFO - Processing file /home/felipe/.local/lib/python3.11/site-packages/airflow/example_dags/example_setup_teardown.py for tasks to queue
[2024-01-09T10:12:45.845-0300] {logging_mixin.py:154} INFO - [2024-01-09T10:12:45.844-0300] {dagbag.py:536} INFO - Filling up the DagBag from /home/felipe/.local/lib/python3.11/site-packages/airflow/example_dags/example_setup_teardown.py
[2024-01-09T10:12:45.849-0300] {processor.py:839} INFO - DAG(s) dict_keys(['example_setup_teardown']) retrieved from /home/felipe/.local/lib/python3.11/site-packages/airflow/example_dags/example_setup_teardown.py
[2024-01-09T10:12:45.857-0300] {logging_mixin.py:154} INFO - [2024-01-09T10:12:45.857-0300] {dag.py:2941} INFO - Sync 1 DAGs
[2024-01-09T10:12:45.867-0300] {logging_mixin.py:154} INFO - [2024-01-09T10:12:45.867-0300] {dag.py:3722} INFO - Setting next_dagrun for example_setup_teardown to 2024-01-08T13:12:45.867020+00:00, run_after=2024-01-09T13:12:45.867020+00:00
[2024-01-09T10:12:45.883-0300] {processor.py:179} INFO - Processing /home/felipe/.local/lib/python3.11/site-packages/airflow/example_dags/example_setup_teardown.py took 0.073 seconds
[2024-01-09T10:13:56.742-0300] {processor.py:157} INFO - Started process (PID=8954) to work on /home/felipe/.local/lib/python3.11/site-packages/airflow/example_dags/example_setup_teardown.py
[2024-01-09T10:13:56.774-0300] {processor.py:829} INFO - Processing file /home/felipe/.local/lib/python3.11/site-packages/airflow/example_dags/example_setup_teardown.py for tasks to queue
[2024-01-09T10:13:56.775-0300] {logging_mixin.py:154} INFO - [2024-01-09T10:13:56.775-0300] {dagbag.py:536} INFO - Filling up the DagBag from /home/felipe/.local/lib/python3.11/site-packages/airflow/example_dags/example_setup_teardown.py
[2024-01-09T10:13:56.779-0300] {processor.py:839} INFO - DAG(s) dict_keys(['example_setup_teardown']) retrieved from /home/felipe/.local/lib/python3.11/site-packages/airflow/example_dags/example_setup_teardown.py
[2024-01-09T10:13:56.788-0300] {logging_mixin.py:154} INFO - [2024-01-09T10:13:56.788-0300] {dag.py:2941} INFO - Sync 1 DAGs
[2024-01-09T10:13:56.797-0300] {logging_mixin.py:154} INFO - [2024-01-09T10:13:56.797-0300] {dag.py:3722} INFO - Setting next_dagrun for example_setup_teardown to 2024-01-08T13:13:56.797641+00:00, run_after=2024-01-09T13:13:56.797641+00:00
[2024-01-09T10:13:56.814-0300] {processor.py:179} INFO - Processing /home/felipe/.local/lib/python3.11/site-packages/airflow/example_dags/example_setup_teardown.py took 0.074 seconds
[2024-01-09T10:14:53.932-0300] {processor.py:157} INFO - Started process (PID=9046) to work on /home/felipe/.local/lib/python3.11/site-packages/airflow/example_dags/example_setup_teardown.py
[2024-01-09T10:14:53.934-0300] {processor.py:829} INFO - Processing file /home/felipe/.local/lib/python3.11/site-packages/airflow/example_dags/example_setup_teardown.py for tasks to queue
[2024-01-09T10:14:53.934-0300] {logging_mixin.py:154} INFO - [2024-01-09T10:14:53.934-0300] {dagbag.py:536} INFO - Filling up the DagBag from /home/felipe/.local/lib/python3.11/site-packages/airflow/example_dags/example_setup_teardown.py
[2024-01-09T10:14:53.939-0300] {processor.py:839} INFO - DAG(s) dict_keys(['example_setup_teardown']) retrieved from /home/felipe/.local/lib/python3.11/site-packages/airflow/example_dags/example_setup_teardown.py
[2024-01-09T10:14:53.949-0300] {logging_mixin.py:154} INFO - [2024-01-09T10:14:53.949-0300] {dag.py:2941} INFO - Sync 1 DAGs
[2024-01-09T10:14:53.959-0300] {logging_mixin.py:154} INFO - [2024-01-09T10:14:53.959-0300] {dag.py:3722} INFO - Setting next_dagrun for example_setup_teardown to 2024-01-08T13:14:53.959753+00:00, run_after=2024-01-09T13:14:53.959753+00:00
[2024-01-09T10:14:53.975-0300] {processor.py:179} INFO - Processing /home/felipe/.local/lib/python3.11/site-packages/airflow/example_dags/example_setup_teardown.py took 0.046 seconds
[2024-01-09T10:37:54.532-0300] {processor.py:157} INFO - Started process (PID=11730) to work on /home/felipe/.local/lib/python3.11/site-packages/airflow/example_dags/example_setup_teardown.py
[2024-01-09T10:37:54.592-0300] {processor.py:829} INFO - Processing file /home/felipe/.local/lib/python3.11/site-packages/airflow/example_dags/example_setup_teardown.py for tasks to queue
[2024-01-09T10:37:54.592-0300] {logging_mixin.py:154} INFO - [2024-01-09T10:37:54.592-0300] {dagbag.py:536} INFO - Filling up the DagBag from /home/felipe/.local/lib/python3.11/site-packages/airflow/example_dags/example_setup_teardown.py
[2024-01-09T10:37:54.596-0300] {processor.py:839} INFO - DAG(s) dict_keys(['example_setup_teardown']) retrieved from /home/felipe/.local/lib/python3.11/site-packages/airflow/example_dags/example_setup_teardown.py
[2024-01-09T10:37:54.605-0300] {logging_mixin.py:154} INFO - [2024-01-09T10:37:54.605-0300] {dag.py:2941} INFO - Sync 1 DAGs
[2024-01-09T10:37:54.613-0300] {logging_mixin.py:154} INFO - [2024-01-09T10:37:54.613-0300] {dag.py:3722} INFO - Setting next_dagrun for example_setup_teardown to 2024-01-08T13:37:54.613195+00:00, run_after=2024-01-09T13:37:54.613195+00:00
[2024-01-09T10:37:54.629-0300] {processor.py:179} INFO - Processing /home/felipe/.local/lib/python3.11/site-packages/airflow/example_dags/example_setup_teardown.py took 0.099 seconds
[2024-01-09T10:38:45.713-0300] {processor.py:157} INFO - Started process (PID=11825) to work on /home/felipe/.local/lib/python3.11/site-packages/airflow/example_dags/example_setup_teardown.py
[2024-01-09T10:38:45.745-0300] {processor.py:829} INFO - Processing file /home/felipe/.local/lib/python3.11/site-packages/airflow/example_dags/example_setup_teardown.py for tasks to queue
[2024-01-09T10:38:45.746-0300] {logging_mixin.py:154} INFO - [2024-01-09T10:38:45.745-0300] {dagbag.py:536} INFO - Filling up the DagBag from /home/felipe/.local/lib/python3.11/site-packages/airflow/example_dags/example_setup_teardown.py
[2024-01-09T10:38:45.749-0300] {processor.py:839} INFO - DAG(s) dict_keys(['example_setup_teardown']) retrieved from /home/felipe/.local/lib/python3.11/site-packages/airflow/example_dags/example_setup_teardown.py
[2024-01-09T10:38:45.758-0300] {logging_mixin.py:154} INFO - [2024-01-09T10:38:45.758-0300] {dag.py:2941} INFO - Sync 1 DAGs
[2024-01-09T10:38:45.765-0300] {logging_mixin.py:154} INFO - [2024-01-09T10:38:45.765-0300] {dag.py:3722} INFO - Setting next_dagrun for example_setup_teardown to 2024-01-08T13:38:45.765580+00:00, run_after=2024-01-09T13:38:45.765580+00:00
[2024-01-09T10:38:45.782-0300] {processor.py:179} INFO - Processing /home/felipe/.local/lib/python3.11/site-packages/airflow/example_dags/example_setup_teardown.py took 0.070 seconds
[2024-01-09T10:39:34.005-0300] {processor.py:157} INFO - Started process (PID=11908) to work on /home/felipe/.local/lib/python3.11/site-packages/airflow/example_dags/example_setup_teardown.py
[2024-01-09T10:39:34.037-0300] {processor.py:829} INFO - Processing file /home/felipe/.local/lib/python3.11/site-packages/airflow/example_dags/example_setup_teardown.py for tasks to queue
[2024-01-09T10:39:34.038-0300] {logging_mixin.py:154} INFO - [2024-01-09T10:39:34.037-0300] {dagbag.py:536} INFO - Filling up the DagBag from /home/felipe/.local/lib/python3.11/site-packages/airflow/example_dags/example_setup_teardown.py
[2024-01-09T10:39:34.041-0300] {processor.py:839} INFO - DAG(s) dict_keys(['example_setup_teardown']) retrieved from /home/felipe/.local/lib/python3.11/site-packages/airflow/example_dags/example_setup_teardown.py
[2024-01-09T10:39:34.050-0300] {logging_mixin.py:154} INFO - [2024-01-09T10:39:34.050-0300] {dag.py:2941} INFO - Sync 1 DAGs
[2024-01-09T10:39:34.057-0300] {logging_mixin.py:154} INFO - [2024-01-09T10:39:34.057-0300] {dag.py:3722} INFO - Setting next_dagrun for example_setup_teardown to 2024-01-08T13:39:34.057773+00:00, run_after=2024-01-09T13:39:34.057773+00:00
[2024-01-09T10:39:34.074-0300] {processor.py:179} INFO - Processing /home/felipe/.local/lib/python3.11/site-packages/airflow/example_dags/example_setup_teardown.py took 0.070 seconds
[2024-01-09T10:40:29.453-0300] {processor.py:157} INFO - Started process (PID=12023) to work on /home/felipe/.local/lib/python3.11/site-packages/airflow/example_dags/example_setup_teardown.py
[2024-01-09T10:40:29.485-0300] {processor.py:829} INFO - Processing file /home/felipe/.local/lib/python3.11/site-packages/airflow/example_dags/example_setup_teardown.py for tasks to queue
[2024-01-09T10:40:29.485-0300] {logging_mixin.py:154} INFO - [2024-01-09T10:40:29.485-0300] {dagbag.py:536} INFO - Filling up the DagBag from /home/felipe/.local/lib/python3.11/site-packages/airflow/example_dags/example_setup_teardown.py
[2024-01-09T10:40:29.489-0300] {processor.py:839} INFO - DAG(s) dict_keys(['example_setup_teardown']) retrieved from /home/felipe/.local/lib/python3.11/site-packages/airflow/example_dags/example_setup_teardown.py
[2024-01-09T10:40:29.497-0300] {logging_mixin.py:154} INFO - [2024-01-09T10:40:29.497-0300] {dag.py:2941} INFO - Sync 1 DAGs
[2024-01-09T10:40:29.505-0300] {logging_mixin.py:154} INFO - [2024-01-09T10:40:29.505-0300] {dag.py:3722} INFO - Setting next_dagrun for example_setup_teardown to 2024-01-08T13:40:29.505547+00:00, run_after=2024-01-09T13:40:29.505547+00:00
[2024-01-09T10:40:29.521-0300] {processor.py:179} INFO - Processing /home/felipe/.local/lib/python3.11/site-packages/airflow/example_dags/example_setup_teardown.py took 0.070 seconds
[2024-01-09T10:43:05.918-0300] {processor.py:157} INFO - Started process (PID=12441) to work on /home/felipe/.local/lib/python3.11/site-packages/airflow/example_dags/example_setup_teardown.py
[2024-01-09T10:43:05.919-0300] {processor.py:829} INFO - Processing file /home/felipe/.local/lib/python3.11/site-packages/airflow/example_dags/example_setup_teardown.py for tasks to queue
[2024-01-09T10:43:05.919-0300] {logging_mixin.py:154} INFO - [2024-01-09T10:43:05.919-0300] {dagbag.py:536} INFO - Filling up the DagBag from /home/felipe/.local/lib/python3.11/site-packages/airflow/example_dags/example_setup_teardown.py
[2024-01-09T10:43:05.923-0300] {processor.py:839} INFO - DAG(s) dict_keys(['example_setup_teardown']) retrieved from /home/felipe/.local/lib/python3.11/site-packages/airflow/example_dags/example_setup_teardown.py
[2024-01-09T10:43:05.931-0300] {logging_mixin.py:154} INFO - [2024-01-09T10:43:05.931-0300] {dag.py:2941} INFO - Sync 1 DAGs
[2024-01-09T10:43:05.939-0300] {logging_mixin.py:154} INFO - [2024-01-09T10:43:05.939-0300] {dag.py:3722} INFO - Setting next_dagrun for example_setup_teardown to 2024-01-08T13:43:05.939450+00:00, run_after=2024-01-09T13:43:05.939450+00:00
[2024-01-09T10:43:05.948-0300] {processor.py:179} INFO - Processing /home/felipe/.local/lib/python3.11/site-packages/airflow/example_dags/example_setup_teardown.py took 0.032 seconds
[2024-01-09T10:48:04.128-0300] {processor.py:157} INFO - Started process (PID=13548) to work on /home/felipe/.local/lib/python3.11/site-packages/airflow/example_dags/example_setup_teardown.py
[2024-01-09T10:48:04.160-0300] {processor.py:829} INFO - Processing file /home/felipe/.local/lib/python3.11/site-packages/airflow/example_dags/example_setup_teardown.py for tasks to queue
[2024-01-09T10:48:04.161-0300] {logging_mixin.py:154} INFO - [2024-01-09T10:48:04.161-0300] {dagbag.py:536} INFO - Filling up the DagBag from /home/felipe/.local/lib/python3.11/site-packages/airflow/example_dags/example_setup_teardown.py
[2024-01-09T10:48:04.165-0300] {processor.py:839} INFO - DAG(s) dict_keys(['example_setup_teardown']) retrieved from /home/felipe/.local/lib/python3.11/site-packages/airflow/example_dags/example_setup_teardown.py
[2024-01-09T10:48:04.173-0300] {logging_mixin.py:154} INFO - [2024-01-09T10:48:04.173-0300] {dag.py:2941} INFO - Sync 1 DAGs
[2024-01-09T10:48:04.181-0300] {logging_mixin.py:154} INFO - [2024-01-09T10:48:04.181-0300] {dag.py:3722} INFO - Setting next_dagrun for example_setup_teardown to 2024-01-08T13:48:04.180877+00:00, run_after=2024-01-09T13:48:04.180877+00:00
[2024-01-09T10:48:04.197-0300] {processor.py:179} INFO - Processing /home/felipe/.local/lib/python3.11/site-packages/airflow/example_dags/example_setup_teardown.py took 0.070 seconds
[2024-01-09T10:53:08.888-0300] {processor.py:157} INFO - Started process (PID=14160) to work on /home/felipe/.local/lib/python3.11/site-packages/airflow/example_dags/example_setup_teardown.py
[2024-01-09T10:53:08.890-0300] {processor.py:829} INFO - Processing file /home/felipe/.local/lib/python3.11/site-packages/airflow/example_dags/example_setup_teardown.py for tasks to queue
[2024-01-09T10:53:08.891-0300] {logging_mixin.py:154} INFO - [2024-01-09T10:53:08.891-0300] {dagbag.py:536} INFO - Filling up the DagBag from /home/felipe/.local/lib/python3.11/site-packages/airflow/example_dags/example_setup_teardown.py
[2024-01-09T10:53:08.895-0300] {processor.py:839} INFO - DAG(s) dict_keys(['example_setup_teardown']) retrieved from /home/felipe/.local/lib/python3.11/site-packages/airflow/example_dags/example_setup_teardown.py
[2024-01-09T10:53:08.903-0300] {logging_mixin.py:154} INFO - [2024-01-09T10:53:08.903-0300] {dag.py:2941} INFO - Sync 1 DAGs
[2024-01-09T10:53:08.911-0300] {logging_mixin.py:154} INFO - [2024-01-09T10:53:08.911-0300] {dag.py:3722} INFO - Setting next_dagrun for example_setup_teardown to 2024-01-08T13:53:08.911235+00:00, run_after=2024-01-09T13:53:08.911235+00:00
[2024-01-09T10:53:08.930-0300] {processor.py:179} INFO - Processing /home/felipe/.local/lib/python3.11/site-packages/airflow/example_dags/example_setup_teardown.py took 0.043 seconds
[2024-01-09T10:54:45.649-0300] {processor.py:157} INFO - Started process (PID=14635) to work on /home/felipe/.local/lib/python3.11/site-packages/airflow/example_dags/example_setup_teardown.py
[2024-01-09T10:54:45.649-0300] {processor.py:829} INFO - Processing file /home/felipe/.local/lib/python3.11/site-packages/airflow/example_dags/example_setup_teardown.py for tasks to queue
[2024-01-09T10:54:45.650-0300] {logging_mixin.py:154} INFO - [2024-01-09T10:54:45.650-0300] {dagbag.py:536} INFO - Filling up the DagBag from /home/felipe/.local/lib/python3.11/site-packages/airflow/example_dags/example_setup_teardown.py
[2024-01-09T10:54:45.653-0300] {processor.py:839} INFO - DAG(s) dict_keys(['example_setup_teardown']) retrieved from /home/felipe/.local/lib/python3.11/site-packages/airflow/example_dags/example_setup_teardown.py
[2024-01-09T10:54:45.663-0300] {logging_mixin.py:154} INFO - [2024-01-09T10:54:45.663-0300] {dag.py:2941} INFO - Sync 1 DAGs
[2024-01-09T10:54:45.671-0300] {logging_mixin.py:154} INFO - [2024-01-09T10:54:45.670-0300] {dag.py:3722} INFO - Setting next_dagrun for example_setup_teardown to 2024-01-08T13:54:45.670865+00:00, run_after=2024-01-09T13:54:45.670865+00:00
[2024-01-09T10:54:45.680-0300] {processor.py:179} INFO - Processing /home/felipe/.local/lib/python3.11/site-packages/airflow/example_dags/example_setup_teardown.py took 0.033 seconds
[2024-01-09T10:59:09.063-0300] {processor.py:157} INFO - Started process (PID=15338) to work on /home/felipe/.local/lib/python3.11/site-packages/airflow/example_dags/example_setup_teardown.py
[2024-01-09T10:59:09.063-0300] {processor.py:829} INFO - Processing file /home/felipe/.local/lib/python3.11/site-packages/airflow/example_dags/example_setup_teardown.py for tasks to queue
[2024-01-09T10:59:09.064-0300] {logging_mixin.py:154} INFO - [2024-01-09T10:59:09.064-0300] {dagbag.py:536} INFO - Filling up the DagBag from /home/felipe/.local/lib/python3.11/site-packages/airflow/example_dags/example_setup_teardown.py
[2024-01-09T10:59:09.068-0300] {processor.py:839} INFO - DAG(s) dict_keys(['example_setup_teardown']) retrieved from /home/felipe/.local/lib/python3.11/site-packages/airflow/example_dags/example_setup_teardown.py
[2024-01-09T10:59:09.077-0300] {logging_mixin.py:154} INFO - [2024-01-09T10:59:09.077-0300] {dag.py:2941} INFO - Sync 1 DAGs
[2024-01-09T10:59:09.085-0300] {logging_mixin.py:154} INFO - [2024-01-09T10:59:09.085-0300] {dag.py:3722} INFO - Setting next_dagrun for example_setup_teardown to 2024-01-08T13:59:09.085377+00:00, run_after=2024-01-09T13:59:09.085377+00:00
[2024-01-09T10:59:09.094-0300] {processor.py:179} INFO - Processing /home/felipe/.local/lib/python3.11/site-packages/airflow/example_dags/example_setup_teardown.py took 0.034 seconds
[2024-01-09T20:53:16.760-0300] {processor.py:157} INFO - Started process (PID=36371) to work on /home/felipe/.local/lib/python3.11/site-packages/airflow/example_dags/example_setup_teardown.py
[2024-01-09T20:53:16.793-0300] {processor.py:829} INFO - Processing file /home/felipe/.local/lib/python3.11/site-packages/airflow/example_dags/example_setup_teardown.py for tasks to queue
[2024-01-09T20:53:16.793-0300] {logging_mixin.py:154} INFO - [2024-01-09T20:53:16.793-0300] {dagbag.py:536} INFO - Filling up the DagBag from /home/felipe/.local/lib/python3.11/site-packages/airflow/example_dags/example_setup_teardown.py
[2024-01-09T20:53:16.798-0300] {processor.py:839} INFO - DAG(s) dict_keys(['example_setup_teardown']) retrieved from /home/felipe/.local/lib/python3.11/site-packages/airflow/example_dags/example_setup_teardown.py
[2024-01-09T20:53:16.807-0300] {logging_mixin.py:154} INFO - [2024-01-09T20:53:16.807-0300] {dag.py:2941} INFO - Sync 1 DAGs
[2024-01-09T20:53:16.817-0300] {logging_mixin.py:154} INFO - [2024-01-09T20:53:16.816-0300] {dag.py:3722} INFO - Setting next_dagrun for example_setup_teardown to 2024-01-08T23:53:16.816829+00:00, run_after=2024-01-09T23:53:16.816829+00:00
[2024-01-09T20:53:16.834-0300] {processor.py:179} INFO - Processing /home/felipe/.local/lib/python3.11/site-packages/airflow/example_dags/example_setup_teardown.py took 0.075 seconds
[2024-01-09T20:54:04.268-0300] {processor.py:157} INFO - Started process (PID=36591) to work on /home/felipe/.local/lib/python3.11/site-packages/airflow/example_dags/example_setup_teardown.py
[2024-01-09T20:54:04.300-0300] {processor.py:829} INFO - Processing file /home/felipe/.local/lib/python3.11/site-packages/airflow/example_dags/example_setup_teardown.py for tasks to queue
[2024-01-09T20:54:04.301-0300] {logging_mixin.py:154} INFO - [2024-01-09T20:54:04.301-0300] {dagbag.py:536} INFO - Filling up the DagBag from /home/felipe/.local/lib/python3.11/site-packages/airflow/example_dags/example_setup_teardown.py
[2024-01-09T20:54:04.306-0300] {processor.py:839} INFO - DAG(s) dict_keys(['example_setup_teardown']) retrieved from /home/felipe/.local/lib/python3.11/site-packages/airflow/example_dags/example_setup_teardown.py
[2024-01-09T20:54:04.315-0300] {logging_mixin.py:154} INFO - [2024-01-09T20:54:04.315-0300] {dag.py:2941} INFO - Sync 1 DAGs
[2024-01-09T20:54:04.324-0300] {logging_mixin.py:154} INFO - [2024-01-09T20:54:04.324-0300] {dag.py:3722} INFO - Setting next_dagrun for example_setup_teardown to 2024-01-08T23:54:04.324180+00:00, run_after=2024-01-09T23:54:04.324180+00:00
[2024-01-09T20:54:04.341-0300] {processor.py:179} INFO - Processing /home/felipe/.local/lib/python3.11/site-packages/airflow/example_dags/example_setup_teardown.py took 0.074 seconds
[2024-01-09T20:54:55.560-0300] {processor.py:157} INFO - Started process (PID=36723) to work on /home/felipe/.local/lib/python3.11/site-packages/airflow/example_dags/example_setup_teardown.py
[2024-01-09T20:54:55.584-0300] {processor.py:829} INFO - Processing file /home/felipe/.local/lib/python3.11/site-packages/airflow/example_dags/example_setup_teardown.py for tasks to queue
[2024-01-09T20:54:55.584-0300] {logging_mixin.py:154} INFO - [2024-01-09T20:54:55.584-0300] {dagbag.py:536} INFO - Filling up the DagBag from /home/felipe/.local/lib/python3.11/site-packages/airflow/example_dags/example_setup_teardown.py
[2024-01-09T20:54:55.589-0300] {processor.py:839} INFO - DAG(s) dict_keys(['example_setup_teardown']) retrieved from /home/felipe/.local/lib/python3.11/site-packages/airflow/example_dags/example_setup_teardown.py
[2024-01-09T20:54:55.598-0300] {logging_mixin.py:154} INFO - [2024-01-09T20:54:55.598-0300] {dag.py:2941} INFO - Sync 1 DAGs
[2024-01-09T20:54:55.608-0300] {logging_mixin.py:154} INFO - [2024-01-09T20:54:55.608-0300] {dag.py:3722} INFO - Setting next_dagrun for example_setup_teardown to 2024-01-08T23:54:55.608263+00:00, run_after=2024-01-09T23:54:55.608263+00:00
[2024-01-09T20:54:55.618-0300] {processor.py:179} INFO - Processing /home/felipe/.local/lib/python3.11/site-packages/airflow/example_dags/example_setup_teardown.py took 0.060 seconds
[2024-01-09T20:55:49.957-0300] {processor.py:157} INFO - Started process (PID=36851) to work on /home/felipe/.local/lib/python3.11/site-packages/airflow/example_dags/example_setup_teardown.py
[2024-01-09T20:55:49.989-0300] {processor.py:829} INFO - Processing file /home/felipe/.local/lib/python3.11/site-packages/airflow/example_dags/example_setup_teardown.py for tasks to queue
[2024-01-09T20:55:49.990-0300] {logging_mixin.py:154} INFO - [2024-01-09T20:55:49.990-0300] {dagbag.py:536} INFO - Filling up the DagBag from /home/felipe/.local/lib/python3.11/site-packages/airflow/example_dags/example_setup_teardown.py
[2024-01-09T20:55:49.995-0300] {processor.py:839} INFO - DAG(s) dict_keys(['example_setup_teardown']) retrieved from /home/felipe/.local/lib/python3.11/site-packages/airflow/example_dags/example_setup_teardown.py
[2024-01-09T20:55:50.004-0300] {logging_mixin.py:154} INFO - [2024-01-09T20:55:50.004-0300] {dag.py:2941} INFO - Sync 1 DAGs
[2024-01-09T20:55:50.014-0300] {logging_mixin.py:154} INFO - [2024-01-09T20:55:50.013-0300] {dag.py:3722} INFO - Setting next_dagrun for example_setup_teardown to 2024-01-08T23:55:50.013813+00:00, run_after=2024-01-09T23:55:50.013813+00:00
[2024-01-09T20:55:50.031-0300] {processor.py:179} INFO - Processing /home/felipe/.local/lib/python3.11/site-packages/airflow/example_dags/example_setup_teardown.py took 0.075 seconds
[2024-01-09T20:56:42.883-0300] {processor.py:157} INFO - Started process (PID=36971) to work on /home/felipe/.local/lib/python3.11/site-packages/airflow/example_dags/example_setup_teardown.py
[2024-01-09T20:56:42.916-0300] {processor.py:829} INFO - Processing file /home/felipe/.local/lib/python3.11/site-packages/airflow/example_dags/example_setup_teardown.py for tasks to queue
[2024-01-09T20:56:42.916-0300] {logging_mixin.py:154} INFO - [2024-01-09T20:56:42.916-0300] {dagbag.py:536} INFO - Filling up the DagBag from /home/felipe/.local/lib/python3.11/site-packages/airflow/example_dags/example_setup_teardown.py
[2024-01-09T20:56:42.921-0300] {processor.py:839} INFO - DAG(s) dict_keys(['example_setup_teardown']) retrieved from /home/felipe/.local/lib/python3.11/site-packages/airflow/example_dags/example_setup_teardown.py
[2024-01-09T20:56:42.930-0300] {logging_mixin.py:154} INFO - [2024-01-09T20:56:42.930-0300] {dag.py:2941} INFO - Sync 1 DAGs
[2024-01-09T20:56:42.940-0300] {logging_mixin.py:154} INFO - [2024-01-09T20:56:42.940-0300] {dag.py:3722} INFO - Setting next_dagrun for example_setup_teardown to 2024-01-08T23:56:42.940397+00:00, run_after=2024-01-09T23:56:42.940397+00:00
[2024-01-09T20:56:42.958-0300] {processor.py:179} INFO - Processing /home/felipe/.local/lib/python3.11/site-packages/airflow/example_dags/example_setup_teardown.py took 0.076 seconds
[2024-01-09T20:57:33.576-0300] {processor.py:157} INFO - Started process (PID=37091) to work on /home/felipe/.local/lib/python3.11/site-packages/airflow/example_dags/example_setup_teardown.py
[2024-01-09T20:57:33.608-0300] {processor.py:829} INFO - Processing file /home/felipe/.local/lib/python3.11/site-packages/airflow/example_dags/example_setup_teardown.py for tasks to queue
[2024-01-09T20:57:33.609-0300] {logging_mixin.py:154} INFO - [2024-01-09T20:57:33.608-0300] {dagbag.py:536} INFO - Filling up the DagBag from /home/felipe/.local/lib/python3.11/site-packages/airflow/example_dags/example_setup_teardown.py
[2024-01-09T20:57:33.614-0300] {processor.py:839} INFO - DAG(s) dict_keys(['example_setup_teardown']) retrieved from /home/felipe/.local/lib/python3.11/site-packages/airflow/example_dags/example_setup_teardown.py
[2024-01-09T20:57:33.623-0300] {logging_mixin.py:154} INFO - [2024-01-09T20:57:33.623-0300] {dag.py:2941} INFO - Sync 1 DAGs
[2024-01-09T20:57:33.633-0300] {logging_mixin.py:154} INFO - [2024-01-09T20:57:33.633-0300] {dag.py:3722} INFO - Setting next_dagrun for example_setup_teardown to 2024-01-08T23:57:33.632981+00:00, run_after=2024-01-09T23:57:33.632981+00:00
[2024-01-09T20:57:33.650-0300] {processor.py:179} INFO - Processing /home/felipe/.local/lib/python3.11/site-packages/airflow/example_dags/example_setup_teardown.py took 0.076 seconds
[2024-01-09T20:58:24.746-0300] {processor.py:157} INFO - Started process (PID=37215) to work on /home/felipe/.local/lib/python3.11/site-packages/airflow/example_dags/example_setup_teardown.py
[2024-01-09T20:58:24.746-0300] {processor.py:829} INFO - Processing file /home/felipe/.local/lib/python3.11/site-packages/airflow/example_dags/example_setup_teardown.py for tasks to queue
[2024-01-09T20:58:24.747-0300] {logging_mixin.py:154} INFO - [2024-01-09T20:58:24.746-0300] {dagbag.py:536} INFO - Filling up the DagBag from /home/felipe/.local/lib/python3.11/site-packages/airflow/example_dags/example_setup_teardown.py
[2024-01-09T20:58:24.751-0300] {processor.py:839} INFO - DAG(s) dict_keys(['example_setup_teardown']) retrieved from /home/felipe/.local/lib/python3.11/site-packages/airflow/example_dags/example_setup_teardown.py
[2024-01-09T20:58:24.761-0300] {logging_mixin.py:154} INFO - [2024-01-09T20:58:24.760-0300] {dag.py:2941} INFO - Sync 1 DAGs
[2024-01-09T20:58:24.770-0300] {logging_mixin.py:154} INFO - [2024-01-09T20:58:24.770-0300] {dag.py:3722} INFO - Setting next_dagrun for example_setup_teardown to 2024-01-08T23:58:24.770473+00:00, run_after=2024-01-09T23:58:24.770473+00:00
[2024-01-09T20:58:24.797-0300] {processor.py:179} INFO - Processing /home/felipe/.local/lib/python3.11/site-packages/airflow/example_dags/example_setup_teardown.py took 0.053 seconds
[2024-01-09T20:59:16.353-0300] {processor.py:157} INFO - Started process (PID=37345) to work on /home/felipe/.local/lib/python3.11/site-packages/airflow/example_dags/example_setup_teardown.py
[2024-01-09T20:59:16.385-0300] {processor.py:829} INFO - Processing file /home/felipe/.local/lib/python3.11/site-packages/airflow/example_dags/example_setup_teardown.py for tasks to queue
[2024-01-09T20:59:16.385-0300] {logging_mixin.py:154} INFO - [2024-01-09T20:59:16.385-0300] {dagbag.py:536} INFO - Filling up the DagBag from /home/felipe/.local/lib/python3.11/site-packages/airflow/example_dags/example_setup_teardown.py
[2024-01-09T20:59:16.390-0300] {processor.py:839} INFO - DAG(s) dict_keys(['example_setup_teardown']) retrieved from /home/felipe/.local/lib/python3.11/site-packages/airflow/example_dags/example_setup_teardown.py
[2024-01-09T20:59:16.400-0300] {logging_mixin.py:154} INFO - [2024-01-09T20:59:16.400-0300] {dag.py:2941} INFO - Sync 1 DAGs
[2024-01-09T20:59:16.410-0300] {logging_mixin.py:154} INFO - [2024-01-09T20:59:16.410-0300] {dag.py:3722} INFO - Setting next_dagrun for example_setup_teardown to 2024-01-08T23:59:16.409910+00:00, run_after=2024-01-09T23:59:16.409910+00:00
[2024-01-09T20:59:16.429-0300] {processor.py:179} INFO - Processing /home/felipe/.local/lib/python3.11/site-packages/airflow/example_dags/example_setup_teardown.py took 0.078 seconds
