[2024-01-09T10:10:32.198-0300] {processor.py:157} INFO - Started process (PID=8556) to work on /home/felipe/.local/lib/python3.11/site-packages/airflow/example_dags/example_task_group.py
[2024-01-09T10:10:32.199-0300] {processor.py:829} INFO - Processing file /home/felipe/.local/lib/python3.11/site-packages/airflow/example_dags/example_task_group.py for tasks to queue
[2024-01-09T10:10:32.199-0300] {logging_mixin.py:154} INFO - [2024-01-09T10:10:32.199-0300] {dagbag.py:536} INFO - Filling up the DagBag from /home/felipe/.local/lib/python3.11/site-packages/airflow/example_dags/example_task_group.py
[2024-01-09T10:10:32.204-0300] {processor.py:839} INFO - DAG(s) dict_keys(['example_task_group']) retrieved from /home/felipe/.local/lib/python3.11/site-packages/airflow/example_dags/example_task_group.py
[2024-01-09T10:10:32.218-0300] {logging_mixin.py:154} INFO - [2024-01-09T10:10:32.217-0300] {dag.py:2941} INFO - Sync 1 DAGs
[2024-01-09T10:10:32.227-0300] {logging_mixin.py:154} INFO - [2024-01-09T10:10:32.227-0300] {dag.py:3722} INFO - Setting next_dagrun for example_task_group to 2024-01-08T13:10:32.227432+00:00, run_after=2024-01-09T13:10:32.227432+00:00
[2024-01-09T10:10:32.274-0300] {processor.py:179} INFO - Processing /home/felipe/.local/lib/python3.11/site-packages/airflow/example_dags/example_task_group.py took 0.078 seconds
[2024-01-09T10:11:26.309-0300] {processor.py:157} INFO - Started process (PID=8678) to work on /home/felipe/.local/lib/python3.11/site-packages/airflow/example_dags/example_task_group.py
[2024-01-09T10:11:26.341-0300] {processor.py:829} INFO - Processing file /home/felipe/.local/lib/python3.11/site-packages/airflow/example_dags/example_task_group.py for tasks to queue
[2024-01-09T10:11:26.342-0300] {logging_mixin.py:154} INFO - [2024-01-09T10:11:26.341-0300] {dagbag.py:536} INFO - Filling up the DagBag from /home/felipe/.local/lib/python3.11/site-packages/airflow/example_dags/example_task_group.py
[2024-01-09T10:11:26.346-0300] {processor.py:839} INFO - DAG(s) dict_keys(['example_task_group']) retrieved from /home/felipe/.local/lib/python3.11/site-packages/airflow/example_dags/example_task_group.py
[2024-01-09T10:11:26.356-0300] {logging_mixin.py:154} INFO - [2024-01-09T10:11:26.356-0300] {dag.py:2941} INFO - Sync 1 DAGs
[2024-01-09T10:11:26.365-0300] {logging_mixin.py:154} INFO - [2024-01-09T10:11:26.365-0300] {dag.py:3722} INFO - Setting next_dagrun for example_task_group to 2024-01-08T13:11:26.365517+00:00, run_after=2024-01-09T13:11:26.365517+00:00
[2024-01-09T10:11:26.375-0300] {processor.py:179} INFO - Processing /home/felipe/.local/lib/python3.11/site-packages/airflow/example_dags/example_task_group.py took 0.068 seconds
[2024-01-09T10:12:19.494-0300] {processor.py:157} INFO - Started process (PID=8783) to work on /home/felipe/.local/lib/python3.11/site-packages/airflow/example_dags/example_task_group.py
[2024-01-09T10:12:19.531-0300] {processor.py:829} INFO - Processing file /home/felipe/.local/lib/python3.11/site-packages/airflow/example_dags/example_task_group.py for tasks to queue
[2024-01-09T10:12:19.531-0300] {logging_mixin.py:154} INFO - [2024-01-09T10:12:19.531-0300] {dagbag.py:536} INFO - Filling up the DagBag from /home/felipe/.local/lib/python3.11/site-packages/airflow/example_dags/example_task_group.py
[2024-01-09T10:12:19.536-0300] {processor.py:839} INFO - DAG(s) dict_keys(['example_task_group']) retrieved from /home/felipe/.local/lib/python3.11/site-packages/airflow/example_dags/example_task_group.py
[2024-01-09T10:12:19.546-0300] {logging_mixin.py:154} INFO - [2024-01-09T10:12:19.546-0300] {dag.py:2941} INFO - Sync 1 DAGs
[2024-01-09T10:12:19.555-0300] {logging_mixin.py:154} INFO - [2024-01-09T10:12:19.555-0300] {dag.py:3722} INFO - Setting next_dagrun for example_task_group to 2024-01-08T13:12:19.555306+00:00, run_after=2024-01-09T13:12:19.555306+00:00
[2024-01-09T10:12:19.572-0300] {processor.py:179} INFO - Processing /home/felipe/.local/lib/python3.11/site-packages/airflow/example_dags/example_task_group.py took 0.080 seconds
[2024-01-09T10:13:06.260-0300] {processor.py:157} INFO - Started process (PID=8875) to work on /home/felipe/.local/lib/python3.11/site-packages/airflow/example_dags/example_task_group.py
[2024-01-09T10:13:06.292-0300] {processor.py:829} INFO - Processing file /home/felipe/.local/lib/python3.11/site-packages/airflow/example_dags/example_task_group.py for tasks to queue
[2024-01-09T10:13:06.293-0300] {logging_mixin.py:154} INFO - [2024-01-09T10:13:06.293-0300] {dagbag.py:536} INFO - Filling up the DagBag from /home/felipe/.local/lib/python3.11/site-packages/airflow/example_dags/example_task_group.py
[2024-01-09T10:13:06.298-0300] {processor.py:839} INFO - DAG(s) dict_keys(['example_task_group']) retrieved from /home/felipe/.local/lib/python3.11/site-packages/airflow/example_dags/example_task_group.py
[2024-01-09T10:13:06.308-0300] {logging_mixin.py:154} INFO - [2024-01-09T10:13:06.308-0300] {dag.py:2941} INFO - Sync 1 DAGs
[2024-01-09T10:13:06.320-0300] {logging_mixin.py:154} INFO - [2024-01-09T10:13:06.320-0300] {dag.py:3722} INFO - Setting next_dagrun for example_task_group to 2024-01-08T13:13:06.320136+00:00, run_after=2024-01-09T13:13:06.320136+00:00
[2024-01-09T10:13:06.337-0300] {processor.py:179} INFO - Processing /home/felipe/.local/lib/python3.11/site-packages/airflow/example_dags/example_task_group.py took 0.078 seconds
[2024-01-09T10:13:53.338-0300] {processor.py:157} INFO - Started process (PID=8951) to work on /home/felipe/.local/lib/python3.11/site-packages/airflow/example_dags/example_task_group.py
[2024-01-09T10:13:53.371-0300] {processor.py:829} INFO - Processing file /home/felipe/.local/lib/python3.11/site-packages/airflow/example_dags/example_task_group.py for tasks to queue
[2024-01-09T10:13:53.371-0300] {logging_mixin.py:154} INFO - [2024-01-09T10:13:53.371-0300] {dagbag.py:536} INFO - Filling up the DagBag from /home/felipe/.local/lib/python3.11/site-packages/airflow/example_dags/example_task_group.py
[2024-01-09T10:13:53.376-0300] {processor.py:839} INFO - DAG(s) dict_keys(['example_task_group']) retrieved from /home/felipe/.local/lib/python3.11/site-packages/airflow/example_dags/example_task_group.py
[2024-01-09T10:13:53.385-0300] {logging_mixin.py:154} INFO - [2024-01-09T10:13:53.385-0300] {dag.py:2941} INFO - Sync 1 DAGs
[2024-01-09T10:13:53.394-0300] {logging_mixin.py:154} INFO - [2024-01-09T10:13:53.394-0300] {dag.py:3722} INFO - Setting next_dagrun for example_task_group to 2024-01-08T13:13:53.394546+00:00, run_after=2024-01-09T13:13:53.394546+00:00
[2024-01-09T10:13:53.411-0300] {processor.py:179} INFO - Processing /home/felipe/.local/lib/python3.11/site-packages/airflow/example_dags/example_task_group.py took 0.075 seconds
[2024-01-09T10:14:46.372-0300] {processor.py:157} INFO - Started process (PID=9037) to work on /home/felipe/.local/lib/python3.11/site-packages/airflow/example_dags/example_task_group.py
[2024-01-09T10:14:46.373-0300] {processor.py:829} INFO - Processing file /home/felipe/.local/lib/python3.11/site-packages/airflow/example_dags/example_task_group.py for tasks to queue
[2024-01-09T10:14:46.373-0300] {logging_mixin.py:154} INFO - [2024-01-09T10:14:46.373-0300] {dagbag.py:536} INFO - Filling up the DagBag from /home/felipe/.local/lib/python3.11/site-packages/airflow/example_dags/example_task_group.py
[2024-01-09T10:14:46.378-0300] {processor.py:839} INFO - DAG(s) dict_keys(['example_task_group']) retrieved from /home/felipe/.local/lib/python3.11/site-packages/airflow/example_dags/example_task_group.py
[2024-01-09T10:14:46.387-0300] {logging_mixin.py:154} INFO - [2024-01-09T10:14:46.387-0300] {dag.py:2941} INFO - Sync 1 DAGs
[2024-01-09T10:14:46.397-0300] {logging_mixin.py:154} INFO - [2024-01-09T10:14:46.397-0300] {dag.py:3722} INFO - Setting next_dagrun for example_task_group to 2024-01-08T13:14:46.397211+00:00, run_after=2024-01-09T13:14:46.397211+00:00
[2024-01-09T10:14:46.410-0300] {processor.py:179} INFO - Processing /home/felipe/.local/lib/python3.11/site-packages/airflow/example_dags/example_task_group.py took 0.040 seconds
[2024-01-09T10:37:18.544-0300] {processor.py:157} INFO - Started process (PID=11575) to work on /home/felipe/.local/lib/python3.11/site-packages/airflow/example_dags/example_task_group.py
[2024-01-09T10:37:18.547-0300] {processor.py:829} INFO - Processing file /home/felipe/.local/lib/python3.11/site-packages/airflow/example_dags/example_task_group.py for tasks to queue
[2024-01-09T10:37:18.548-0300] {logging_mixin.py:154} INFO - [2024-01-09T10:37:18.548-0300] {dagbag.py:536} INFO - Filling up the DagBag from /home/felipe/.local/lib/python3.11/site-packages/airflow/example_dags/example_task_group.py
[2024-01-09T10:37:18.552-0300] {processor.py:839} INFO - DAG(s) dict_keys(['example_task_group']) retrieved from /home/felipe/.local/lib/python3.11/site-packages/airflow/example_dags/example_task_group.py
[2024-01-09T10:37:18.564-0300] {logging_mixin.py:154} INFO - [2024-01-09T10:37:18.564-0300] {dag.py:2941} INFO - Sync 1 DAGs
[2024-01-09T10:37:18.573-0300] {logging_mixin.py:154} INFO - [2024-01-09T10:37:18.573-0300] {dag.py:3722} INFO - Setting next_dagrun for example_task_group to 2024-01-08T13:37:18.573009+00:00, run_after=2024-01-09T13:37:18.573009+00:00
[2024-01-09T10:37:18.581-0300] {processor.py:179} INFO - Processing /home/felipe/.local/lib/python3.11/site-packages/airflow/example_dags/example_task_group.py took 0.039 seconds
[2024-01-09T10:38:34.560-0300] {processor.py:157} INFO - Started process (PID=11803) to work on /home/felipe/.local/lib/python3.11/site-packages/airflow/example_dags/example_task_group.py
[2024-01-09T10:38:34.592-0300] {processor.py:829} INFO - Processing file /home/felipe/.local/lib/python3.11/site-packages/airflow/example_dags/example_task_group.py for tasks to queue
[2024-01-09T10:38:34.592-0300] {logging_mixin.py:154} INFO - [2024-01-09T10:38:34.592-0300] {dagbag.py:536} INFO - Filling up the DagBag from /home/felipe/.local/lib/python3.11/site-packages/airflow/example_dags/example_task_group.py
[2024-01-09T10:38:34.597-0300] {processor.py:839} INFO - DAG(s) dict_keys(['example_task_group']) retrieved from /home/felipe/.local/lib/python3.11/site-packages/airflow/example_dags/example_task_group.py
[2024-01-09T10:38:34.606-0300] {logging_mixin.py:154} INFO - [2024-01-09T10:38:34.606-0300] {dag.py:2941} INFO - Sync 1 DAGs
[2024-01-09T10:38:34.614-0300] {logging_mixin.py:154} INFO - [2024-01-09T10:38:34.613-0300] {dag.py:3722} INFO - Setting next_dagrun for example_task_group to 2024-01-08T13:38:34.613818+00:00, run_after=2024-01-09T13:38:34.613818+00:00
[2024-01-09T10:38:34.630-0300] {processor.py:179} INFO - Processing /home/felipe/.local/lib/python3.11/site-packages/airflow/example_dags/example_task_group.py took 0.072 seconds
[2024-01-09T10:39:25.120-0300] {processor.py:157} INFO - Started process (PID=11899) to work on /home/felipe/.local/lib/python3.11/site-packages/airflow/example_dags/example_task_group.py
[2024-01-09T10:39:25.152-0300] {processor.py:829} INFO - Processing file /home/felipe/.local/lib/python3.11/site-packages/airflow/example_dags/example_task_group.py for tasks to queue
[2024-01-09T10:39:25.152-0300] {logging_mixin.py:154} INFO - [2024-01-09T10:39:25.152-0300] {dagbag.py:536} INFO - Filling up the DagBag from /home/felipe/.local/lib/python3.11/site-packages/airflow/example_dags/example_task_group.py
[2024-01-09T10:39:25.156-0300] {processor.py:839} INFO - DAG(s) dict_keys(['example_task_group']) retrieved from /home/felipe/.local/lib/python3.11/site-packages/airflow/example_dags/example_task_group.py
[2024-01-09T10:39:25.165-0300] {logging_mixin.py:154} INFO - [2024-01-09T10:39:25.165-0300] {dag.py:2941} INFO - Sync 1 DAGs
[2024-01-09T10:39:25.173-0300] {logging_mixin.py:154} INFO - [2024-01-09T10:39:25.173-0300] {dag.py:3722} INFO - Setting next_dagrun for example_task_group to 2024-01-08T13:39:25.173200+00:00, run_after=2024-01-09T13:39:25.173200+00:00
[2024-01-09T10:39:25.189-0300] {processor.py:179} INFO - Processing /home/felipe/.local/lib/python3.11/site-packages/airflow/example_dags/example_task_group.py took 0.071 seconds
[2024-01-09T10:40:21.450-0300] {processor.py:157} INFO - Started process (PID=12014) to work on /home/felipe/.local/lib/python3.11/site-packages/airflow/example_dags/example_task_group.py
[2024-01-09T10:40:21.482-0300] {processor.py:829} INFO - Processing file /home/felipe/.local/lib/python3.11/site-packages/airflow/example_dags/example_task_group.py for tasks to queue
[2024-01-09T10:40:21.483-0300] {logging_mixin.py:154} INFO - [2024-01-09T10:40:21.483-0300] {dagbag.py:536} INFO - Filling up the DagBag from /home/felipe/.local/lib/python3.11/site-packages/airflow/example_dags/example_task_group.py
[2024-01-09T10:40:21.487-0300] {processor.py:839} INFO - DAG(s) dict_keys(['example_task_group']) retrieved from /home/felipe/.local/lib/python3.11/site-packages/airflow/example_dags/example_task_group.py
[2024-01-09T10:40:21.496-0300] {logging_mixin.py:154} INFO - [2024-01-09T10:40:21.496-0300] {dag.py:2941} INFO - Sync 1 DAGs
[2024-01-09T10:40:21.504-0300] {logging_mixin.py:154} INFO - [2024-01-09T10:40:21.503-0300] {dag.py:3722} INFO - Setting next_dagrun for example_task_group to 2024-01-08T13:40:21.503851+00:00, run_after=2024-01-09T13:40:21.503851+00:00
[2024-01-09T10:40:21.519-0300] {processor.py:179} INFO - Processing /home/felipe/.local/lib/python3.11/site-packages/airflow/example_dags/example_task_group.py took 0.072 seconds
[2024-01-09T10:42:34.089-0300] {processor.py:157} INFO - Started process (PID=12375) to work on /home/felipe/.local/lib/python3.11/site-packages/airflow/example_dags/example_task_group.py
[2024-01-09T10:42:34.091-0300] {processor.py:829} INFO - Processing file /home/felipe/.local/lib/python3.11/site-packages/airflow/example_dags/example_task_group.py for tasks to queue
[2024-01-09T10:42:34.091-0300] {logging_mixin.py:154} INFO - [2024-01-09T10:42:34.091-0300] {dagbag.py:536} INFO - Filling up the DagBag from /home/felipe/.local/lib/python3.11/site-packages/airflow/example_dags/example_task_group.py
[2024-01-09T10:42:34.095-0300] {processor.py:839} INFO - DAG(s) dict_keys(['example_task_group']) retrieved from /home/felipe/.local/lib/python3.11/site-packages/airflow/example_dags/example_task_group.py
[2024-01-09T10:42:34.104-0300] {logging_mixin.py:154} INFO - [2024-01-09T10:42:34.104-0300] {dag.py:2941} INFO - Sync 1 DAGs
[2024-01-09T10:42:34.112-0300] {logging_mixin.py:154} INFO - [2024-01-09T10:42:34.112-0300] {dag.py:3722} INFO - Setting next_dagrun for example_task_group to 2024-01-08T13:42:34.112405+00:00, run_after=2024-01-09T13:42:34.112405+00:00
[2024-01-09T10:42:34.121-0300] {processor.py:179} INFO - Processing /home/felipe/.local/lib/python3.11/site-packages/airflow/example_dags/example_task_group.py took 0.034 seconds
[2024-01-09T10:44:47.675-0300] {processor.py:157} INFO - Started process (PID=12672) to work on /home/felipe/.local/lib/python3.11/site-packages/airflow/example_dags/example_task_group.py
[2024-01-09T10:44:47.675-0300] {processor.py:829} INFO - Processing file /home/felipe/.local/lib/python3.11/site-packages/airflow/example_dags/example_task_group.py for tasks to queue
[2024-01-09T10:44:47.676-0300] {logging_mixin.py:154} INFO - [2024-01-09T10:44:47.676-0300] {dagbag.py:536} INFO - Filling up the DagBag from /home/felipe/.local/lib/python3.11/site-packages/airflow/example_dags/example_task_group.py
[2024-01-09T10:44:47.680-0300] {processor.py:839} INFO - DAG(s) dict_keys(['example_task_group']) retrieved from /home/felipe/.local/lib/python3.11/site-packages/airflow/example_dags/example_task_group.py
[2024-01-09T10:44:47.688-0300] {logging_mixin.py:154} INFO - [2024-01-09T10:44:47.688-0300] {dag.py:2941} INFO - Sync 1 DAGs
[2024-01-09T10:44:47.696-0300] {logging_mixin.py:154} INFO - [2024-01-09T10:44:47.696-0300] {dag.py:3722} INFO - Setting next_dagrun for example_task_group to 2024-01-08T13:44:47.696592+00:00, run_after=2024-01-09T13:44:47.696592+00:00
[2024-01-09T10:44:47.705-0300] {processor.py:179} INFO - Processing /home/felipe/.local/lib/python3.11/site-packages/airflow/example_dags/example_task_group.py took 0.033 seconds
[2024-01-09T10:50:13.244-0300] {processor.py:157} INFO - Started process (PID=13836) to work on /home/felipe/.local/lib/python3.11/site-packages/airflow/example_dags/example_task_group.py
[2024-01-09T10:50:13.276-0300] {processor.py:829} INFO - Processing file /home/felipe/.local/lib/python3.11/site-packages/airflow/example_dags/example_task_group.py for tasks to queue
[2024-01-09T10:50:13.277-0300] {logging_mixin.py:154} INFO - [2024-01-09T10:50:13.277-0300] {dagbag.py:536} INFO - Filling up the DagBag from /home/felipe/.local/lib/python3.11/site-packages/airflow/example_dags/example_task_group.py
[2024-01-09T10:50:13.281-0300] {processor.py:839} INFO - DAG(s) dict_keys(['example_task_group']) retrieved from /home/felipe/.local/lib/python3.11/site-packages/airflow/example_dags/example_task_group.py
[2024-01-09T10:50:13.291-0300] {logging_mixin.py:154} INFO - [2024-01-09T10:50:13.291-0300] {dag.py:2941} INFO - Sync 1 DAGs
[2024-01-09T10:50:13.299-0300] {logging_mixin.py:154} INFO - [2024-01-09T10:50:13.299-0300] {dag.py:3722} INFO - Setting next_dagrun for example_task_group to 2024-01-08T13:50:13.299244+00:00, run_after=2024-01-09T13:50:13.299244+00:00
[2024-01-09T10:50:13.315-0300] {processor.py:179} INFO - Processing /home/felipe/.local/lib/python3.11/site-packages/airflow/example_dags/example_task_group.py took 0.073 seconds
[2024-01-09T10:52:17.573-0300] {processor.py:157} INFO - Started process (PID=14065) to work on /home/felipe/.local/lib/python3.11/site-packages/airflow/example_dags/example_task_group.py
[2024-01-09T10:52:17.605-0300] {processor.py:829} INFO - Processing file /home/felipe/.local/lib/python3.11/site-packages/airflow/example_dags/example_task_group.py for tasks to queue
[2024-01-09T10:52:17.605-0300] {logging_mixin.py:154} INFO - [2024-01-09T10:52:17.605-0300] {dagbag.py:536} INFO - Filling up the DagBag from /home/felipe/.local/lib/python3.11/site-packages/airflow/example_dags/example_task_group.py
[2024-01-09T10:52:17.610-0300] {processor.py:839} INFO - DAG(s) dict_keys(['example_task_group']) retrieved from /home/felipe/.local/lib/python3.11/site-packages/airflow/example_dags/example_task_group.py
[2024-01-09T10:52:17.619-0300] {logging_mixin.py:154} INFO - [2024-01-09T10:52:17.619-0300] {dag.py:2941} INFO - Sync 1 DAGs
[2024-01-09T10:52:17.627-0300] {logging_mixin.py:154} INFO - [2024-01-09T10:52:17.627-0300] {dag.py:3722} INFO - Setting next_dagrun for example_task_group to 2024-01-08T13:52:17.627333+00:00, run_after=2024-01-09T13:52:17.627333+00:00
[2024-01-09T10:52:17.645-0300] {processor.py:179} INFO - Processing /home/felipe/.local/lib/python3.11/site-packages/airflow/example_dags/example_task_group.py took 0.074 seconds
[2024-01-09T10:53:56.961-0300] {processor.py:157} INFO - Started process (PID=14349) to work on /home/felipe/.local/lib/python3.11/site-packages/airflow/example_dags/example_task_group.py
[2024-01-09T10:53:56.993-0300] {processor.py:829} INFO - Processing file /home/felipe/.local/lib/python3.11/site-packages/airflow/example_dags/example_task_group.py for tasks to queue
[2024-01-09T10:53:56.993-0300] {logging_mixin.py:154} INFO - [2024-01-09T10:53:56.993-0300] {dagbag.py:536} INFO - Filling up the DagBag from /home/felipe/.local/lib/python3.11/site-packages/airflow/example_dags/example_task_group.py
[2024-01-09T10:53:56.998-0300] {processor.py:839} INFO - DAG(s) dict_keys(['example_task_group']) retrieved from /home/felipe/.local/lib/python3.11/site-packages/airflow/example_dags/example_task_group.py
[2024-01-09T10:53:57.007-0300] {logging_mixin.py:154} INFO - [2024-01-09T10:53:57.007-0300] {dag.py:2941} INFO - Sync 1 DAGs
[2024-01-09T10:53:57.016-0300] {logging_mixin.py:154} INFO - [2024-01-09T10:53:57.016-0300] {dag.py:3722} INFO - Setting next_dagrun for example_task_group to 2024-01-08T13:53:57.015958+00:00, run_after=2024-01-09T13:53:57.015958+00:00
[2024-01-09T10:53:57.033-0300] {processor.py:179} INFO - Processing /home/felipe/.local/lib/python3.11/site-packages/airflow/example_dags/example_task_group.py took 0.074 seconds
[2024-01-09T10:57:02.361-0300] {processor.py:157} INFO - Started process (PID=15057) to work on /home/felipe/.local/lib/python3.11/site-packages/airflow/example_dags/example_task_group.py
[2024-01-09T10:57:02.362-0300] {processor.py:829} INFO - Processing file /home/felipe/.local/lib/python3.11/site-packages/airflow/example_dags/example_task_group.py for tasks to queue
[2024-01-09T10:57:02.362-0300] {logging_mixin.py:154} INFO - [2024-01-09T10:57:02.362-0300] {dagbag.py:536} INFO - Filling up the DagBag from /home/felipe/.local/lib/python3.11/site-packages/airflow/example_dags/example_task_group.py
[2024-01-09T10:57:02.367-0300] {processor.py:839} INFO - DAG(s) dict_keys(['example_task_group']) retrieved from /home/felipe/.local/lib/python3.11/site-packages/airflow/example_dags/example_task_group.py
[2024-01-09T10:57:02.375-0300] {logging_mixin.py:154} INFO - [2024-01-09T10:57:02.375-0300] {dag.py:2941} INFO - Sync 1 DAGs
[2024-01-09T10:57:02.383-0300] {logging_mixin.py:154} INFO - [2024-01-09T10:57:02.383-0300] {dag.py:3722} INFO - Setting next_dagrun for example_task_group to 2024-01-08T13:57:02.383692+00:00, run_after=2024-01-09T13:57:02.383692+00:00
[2024-01-09T10:57:02.393-0300] {processor.py:179} INFO - Processing /home/felipe/.local/lib/python3.11/site-packages/airflow/example_dags/example_task_group.py took 0.033 seconds
[2024-01-09T11:01:16.522-0300] {processor.py:157} INFO - Started process (PID=15687) to work on /home/felipe/.local/lib/python3.11/site-packages/airflow/example_dags/example_task_group.py
[2024-01-09T11:01:16.522-0300] {processor.py:829} INFO - Processing file /home/felipe/.local/lib/python3.11/site-packages/airflow/example_dags/example_task_group.py for tasks to queue
[2024-01-09T11:01:16.523-0300] {logging_mixin.py:154} INFO - [2024-01-09T11:01:16.522-0300] {dagbag.py:536} INFO - Filling up the DagBag from /home/felipe/.local/lib/python3.11/site-packages/airflow/example_dags/example_task_group.py
[2024-01-09T11:01:16.527-0300] {processor.py:839} INFO - DAG(s) dict_keys(['example_task_group']) retrieved from /home/felipe/.local/lib/python3.11/site-packages/airflow/example_dags/example_task_group.py
[2024-01-09T11:01:16.536-0300] {logging_mixin.py:154} INFO - [2024-01-09T11:01:16.536-0300] {dag.py:2941} INFO - Sync 1 DAGs
[2024-01-09T11:01:16.544-0300] {logging_mixin.py:154} INFO - [2024-01-09T11:01:16.544-0300] {dag.py:3722} INFO - Setting next_dagrun for example_task_group to 2024-01-08T14:01:16.544393+00:00, run_after=2024-01-09T14:01:16.544393+00:00
[2024-01-09T11:01:16.553-0300] {processor.py:179} INFO - Processing /home/felipe/.local/lib/python3.11/site-packages/airflow/example_dags/example_task_group.py took 0.034 seconds
[2024-01-09T20:53:07.275-0300] {processor.py:157} INFO - Started process (PID=36347) to work on /home/felipe/.local/lib/python3.11/site-packages/airflow/example_dags/example_task_group.py
[2024-01-09T20:53:07.278-0300] {processor.py:829} INFO - Processing file /home/felipe/.local/lib/python3.11/site-packages/airflow/example_dags/example_task_group.py for tasks to queue
[2024-01-09T20:53:07.278-0300] {logging_mixin.py:154} INFO - [2024-01-09T20:53:07.278-0300] {dagbag.py:536} INFO - Filling up the DagBag from /home/felipe/.local/lib/python3.11/site-packages/airflow/example_dags/example_task_group.py
[2024-01-09T20:53:07.289-0300] {processor.py:839} INFO - DAG(s) dict_keys(['example_task_group']) retrieved from /home/felipe/.local/lib/python3.11/site-packages/airflow/example_dags/example_task_group.py
[2024-01-09T20:53:07.315-0300] {logging_mixin.py:154} INFO - [2024-01-09T20:53:07.315-0300] {dag.py:2941} INFO - Sync 1 DAGs
[2024-01-09T20:53:07.342-0300] {logging_mixin.py:154} INFO - [2024-01-09T20:53:07.342-0300] {dag.py:3722} INFO - Setting next_dagrun for example_task_group to 2024-01-08T23:53:07.342583+00:00, run_after=2024-01-09T23:53:07.342583+00:00
[2024-01-09T20:53:07.374-0300] {processor.py:179} INFO - Processing /home/felipe/.local/lib/python3.11/site-packages/airflow/example_dags/example_task_group.py took 0.105 seconds
[2024-01-09T20:53:55.728-0300] {processor.py:157} INFO - Started process (PID=36582) to work on /home/felipe/.local/lib/python3.11/site-packages/airflow/example_dags/example_task_group.py
[2024-01-09T20:53:55.760-0300] {processor.py:829} INFO - Processing file /home/felipe/.local/lib/python3.11/site-packages/airflow/example_dags/example_task_group.py for tasks to queue
[2024-01-09T20:53:55.761-0300] {logging_mixin.py:154} INFO - [2024-01-09T20:53:55.760-0300] {dagbag.py:536} INFO - Filling up the DagBag from /home/felipe/.local/lib/python3.11/site-packages/airflow/example_dags/example_task_group.py
[2024-01-09T20:53:55.765-0300] {processor.py:839} INFO - DAG(s) dict_keys(['example_task_group']) retrieved from /home/felipe/.local/lib/python3.11/site-packages/airflow/example_dags/example_task_group.py
[2024-01-09T20:53:55.775-0300] {logging_mixin.py:154} INFO - [2024-01-09T20:53:55.775-0300] {dag.py:2941} INFO - Sync 1 DAGs
[2024-01-09T20:53:55.784-0300] {logging_mixin.py:154} INFO - [2024-01-09T20:53:55.784-0300] {dag.py:3722} INFO - Setting next_dagrun for example_task_group to 2024-01-08T23:53:55.784335+00:00, run_after=2024-01-09T23:53:55.784335+00:00
[2024-01-09T20:53:55.801-0300] {processor.py:179} INFO - Processing /home/felipe/.local/lib/python3.11/site-packages/airflow/example_dags/example_task_group.py took 0.075 seconds
[2024-01-09T20:54:45.895-0300] {processor.py:157} INFO - Started process (PID=36699) to work on /home/felipe/.local/lib/python3.11/site-packages/airflow/example_dags/example_task_group.py
[2024-01-09T20:54:45.927-0300] {processor.py:829} INFO - Processing file /home/felipe/.local/lib/python3.11/site-packages/airflow/example_dags/example_task_group.py for tasks to queue
[2024-01-09T20:54:45.928-0300] {logging_mixin.py:154} INFO - [2024-01-09T20:54:45.927-0300] {dagbag.py:536} INFO - Filling up the DagBag from /home/felipe/.local/lib/python3.11/site-packages/airflow/example_dags/example_task_group.py
[2024-01-09T20:54:45.934-0300] {processor.py:839} INFO - DAG(s) dict_keys(['example_task_group']) retrieved from /home/felipe/.local/lib/python3.11/site-packages/airflow/example_dags/example_task_group.py
[2024-01-09T20:54:45.945-0300] {logging_mixin.py:154} INFO - [2024-01-09T20:54:45.945-0300] {dag.py:2941} INFO - Sync 1 DAGs
[2024-01-09T20:54:45.958-0300] {logging_mixin.py:154} INFO - [2024-01-09T20:54:45.958-0300] {dag.py:3722} INFO - Setting next_dagrun for example_task_group to 2024-01-08T23:54:45.958514+00:00, run_after=2024-01-09T23:54:45.958514+00:00
[2024-01-09T20:54:45.976-0300] {processor.py:179} INFO - Processing /home/felipe/.local/lib/python3.11/site-packages/airflow/example_dags/example_task_group.py took 0.083 seconds
[2024-01-09T20:55:33.653-0300] {processor.py:157} INFO - Started process (PID=36820) to work on /home/felipe/.local/lib/python3.11/site-packages/airflow/example_dags/example_task_group.py
[2024-01-09T20:55:33.685-0300] {processor.py:829} INFO - Processing file /home/felipe/.local/lib/python3.11/site-packages/airflow/example_dags/example_task_group.py for tasks to queue
[2024-01-09T20:55:33.686-0300] {logging_mixin.py:154} INFO - [2024-01-09T20:55:33.685-0300] {dagbag.py:536} INFO - Filling up the DagBag from /home/felipe/.local/lib/python3.11/site-packages/airflow/example_dags/example_task_group.py
[2024-01-09T20:55:33.691-0300] {processor.py:839} INFO - DAG(s) dict_keys(['example_task_group']) retrieved from /home/felipe/.local/lib/python3.11/site-packages/airflow/example_dags/example_task_group.py
[2024-01-09T20:55:33.701-0300] {logging_mixin.py:154} INFO - [2024-01-09T20:55:33.701-0300] {dag.py:2941} INFO - Sync 1 DAGs
[2024-01-09T20:55:33.711-0300] {logging_mixin.py:154} INFO - [2024-01-09T20:55:33.711-0300] {dag.py:3722} INFO - Setting next_dagrun for example_task_group to 2024-01-08T23:55:33.710836+00:00, run_after=2024-01-09T23:55:33.710836+00:00
[2024-01-09T20:55:33.728-0300] {processor.py:179} INFO - Processing /home/felipe/.local/lib/python3.11/site-packages/airflow/example_dags/example_task_group.py took 0.077 seconds
[2024-01-09T20:56:26.774-0300] {processor.py:157} INFO - Started process (PID=36927) to work on /home/felipe/.local/lib/python3.11/site-packages/airflow/example_dags/example_task_group.py
[2024-01-09T20:56:26.774-0300] {processor.py:829} INFO - Processing file /home/felipe/.local/lib/python3.11/site-packages/airflow/example_dags/example_task_group.py for tasks to queue
[2024-01-09T20:56:26.775-0300] {logging_mixin.py:154} INFO - [2024-01-09T20:56:26.775-0300] {dagbag.py:536} INFO - Filling up the DagBag from /home/felipe/.local/lib/python3.11/site-packages/airflow/example_dags/example_task_group.py
[2024-01-09T20:56:26.780-0300] {processor.py:839} INFO - DAG(s) dict_keys(['example_task_group']) retrieved from /home/felipe/.local/lib/python3.11/site-packages/airflow/example_dags/example_task_group.py
[2024-01-09T20:56:26.789-0300] {logging_mixin.py:154} INFO - [2024-01-09T20:56:26.789-0300] {dag.py:2941} INFO - Sync 1 DAGs
[2024-01-09T20:56:26.799-0300] {logging_mixin.py:154} INFO - [2024-01-09T20:56:26.799-0300] {dag.py:3722} INFO - Setting next_dagrun for example_task_group to 2024-01-08T23:56:26.799060+00:00, run_after=2024-01-09T23:56:26.799060+00:00
[2024-01-09T20:56:26.816-0300] {processor.py:179} INFO - Processing /home/felipe/.local/lib/python3.11/site-packages/airflow/example_dags/example_task_group.py took 0.044 seconds
[2024-01-09T20:57:18.172-0300] {processor.py:157} INFO - Started process (PID=37053) to work on /home/felipe/.local/lib/python3.11/site-packages/airflow/example_dags/example_task_group.py
[2024-01-09T20:57:18.204-0300] {processor.py:829} INFO - Processing file /home/felipe/.local/lib/python3.11/site-packages/airflow/example_dags/example_task_group.py for tasks to queue
[2024-01-09T20:57:18.204-0300] {logging_mixin.py:154} INFO - [2024-01-09T20:57:18.204-0300] {dagbag.py:536} INFO - Filling up the DagBag from /home/felipe/.local/lib/python3.11/site-packages/airflow/example_dags/example_task_group.py
[2024-01-09T20:57:18.209-0300] {processor.py:839} INFO - DAG(s) dict_keys(['example_task_group']) retrieved from /home/felipe/.local/lib/python3.11/site-packages/airflow/example_dags/example_task_group.py
[2024-01-09T20:57:18.219-0300] {logging_mixin.py:154} INFO - [2024-01-09T20:57:18.219-0300] {dag.py:2941} INFO - Sync 1 DAGs
[2024-01-09T20:57:18.229-0300] {logging_mixin.py:154} INFO - [2024-01-09T20:57:18.229-0300] {dag.py:3722} INFO - Setting next_dagrun for example_task_group to 2024-01-08T23:57:18.229375+00:00, run_after=2024-01-09T23:57:18.229375+00:00
[2024-01-09T20:57:18.248-0300] {processor.py:179} INFO - Processing /home/felipe/.local/lib/python3.11/site-packages/airflow/example_dags/example_task_group.py took 0.078 seconds
[2024-01-09T20:58:07.241-0300] {processor.py:157} INFO - Started process (PID=37172) to work on /home/felipe/.local/lib/python3.11/site-packages/airflow/example_dags/example_task_group.py
[2024-01-09T20:58:07.273-0300] {processor.py:829} INFO - Processing file /home/felipe/.local/lib/python3.11/site-packages/airflow/example_dags/example_task_group.py for tasks to queue
[2024-01-09T20:58:07.273-0300] {logging_mixin.py:154} INFO - [2024-01-09T20:58:07.273-0300] {dagbag.py:536} INFO - Filling up the DagBag from /home/felipe/.local/lib/python3.11/site-packages/airflow/example_dags/example_task_group.py
[2024-01-09T20:58:07.278-0300] {processor.py:839} INFO - DAG(s) dict_keys(['example_task_group']) retrieved from /home/felipe/.local/lib/python3.11/site-packages/airflow/example_dags/example_task_group.py
[2024-01-09T20:58:07.288-0300] {logging_mixin.py:154} INFO - [2024-01-09T20:58:07.288-0300] {dag.py:2941} INFO - Sync 1 DAGs
[2024-01-09T20:58:07.298-0300] {logging_mixin.py:154} INFO - [2024-01-09T20:58:07.298-0300] {dag.py:3722} INFO - Setting next_dagrun for example_task_group to 2024-01-08T23:58:07.297991+00:00, run_after=2024-01-09T23:58:07.297991+00:00
[2024-01-09T20:58:07.315-0300] {processor.py:179} INFO - Processing /home/felipe/.local/lib/python3.11/site-packages/airflow/example_dags/example_task_group.py took 0.076 seconds
[2024-01-09T20:59:00.919-0300] {processor.py:157} INFO - Started process (PID=37310) to work on /home/felipe/.local/lib/python3.11/site-packages/airflow/example_dags/example_task_group.py
[2024-01-09T20:59:00.951-0300] {processor.py:829} INFO - Processing file /home/felipe/.local/lib/python3.11/site-packages/airflow/example_dags/example_task_group.py for tasks to queue
[2024-01-09T20:59:00.952-0300] {logging_mixin.py:154} INFO - [2024-01-09T20:59:00.951-0300] {dagbag.py:536} INFO - Filling up the DagBag from /home/felipe/.local/lib/python3.11/site-packages/airflow/example_dags/example_task_group.py
[2024-01-09T20:59:00.957-0300] {processor.py:839} INFO - DAG(s) dict_keys(['example_task_group']) retrieved from /home/felipe/.local/lib/python3.11/site-packages/airflow/example_dags/example_task_group.py
[2024-01-09T20:59:00.970-0300] {logging_mixin.py:154} INFO - [2024-01-09T20:59:00.970-0300] {dag.py:2941} INFO - Sync 1 DAGs
[2024-01-09T20:59:00.980-0300] {logging_mixin.py:154} INFO - [2024-01-09T20:59:00.980-0300] {dag.py:3722} INFO - Setting next_dagrun for example_task_group to 2024-01-08T23:59:00.980164+00:00, run_after=2024-01-09T23:59:00.980164+00:00
[2024-01-09T20:59:01.001-0300] {processor.py:179} INFO - Processing /home/felipe/.local/lib/python3.11/site-packages/airflow/example_dags/example_task_group.py took 0.085 seconds
[2024-01-09T20:59:55.270-0300] {processor.py:157} INFO - Started process (PID=37424) to work on /home/felipe/.local/lib/python3.11/site-packages/airflow/example_dags/example_task_group.py
[2024-01-09T20:59:55.302-0300] {processor.py:829} INFO - Processing file /home/felipe/.local/lib/python3.11/site-packages/airflow/example_dags/example_task_group.py for tasks to queue
[2024-01-09T20:59:55.302-0300] {logging_mixin.py:154} INFO - [2024-01-09T20:59:55.302-0300] {dagbag.py:536} INFO - Filling up the DagBag from /home/felipe/.local/lib/python3.11/site-packages/airflow/example_dags/example_task_group.py
[2024-01-09T20:59:55.307-0300] {processor.py:839} INFO - DAG(s) dict_keys(['example_task_group']) retrieved from /home/felipe/.local/lib/python3.11/site-packages/airflow/example_dags/example_task_group.py
[2024-01-09T20:59:55.317-0300] {logging_mixin.py:154} INFO - [2024-01-09T20:59:55.317-0300] {dag.py:2941} INFO - Sync 1 DAGs
[2024-01-09T20:59:55.327-0300] {logging_mixin.py:154} INFO - [2024-01-09T20:59:55.327-0300] {dag.py:3722} INFO - Setting next_dagrun for example_task_group to 2024-01-08T23:59:55.327446+00:00, run_after=2024-01-09T23:59:55.327446+00:00
[2024-01-09T20:59:55.344-0300] {processor.py:179} INFO - Processing /home/felipe/.local/lib/python3.11/site-packages/airflow/example_dags/example_task_group.py took 0.077 seconds
