[2024-01-09T10:10:20.781-0300] {processor.py:157} INFO - Started process (PID=8536) to work on /home/felipe/.local/lib/python3.11/site-packages/airflow/example_dags/example_sla_dag.py
[2024-01-09T10:10:20.782-0300] {processor.py:829} INFO - Processing file /home/felipe/.local/lib/python3.11/site-packages/airflow/example_dags/example_sla_dag.py for tasks to queue
[2024-01-09T10:10:20.782-0300] {logging_mixin.py:154} INFO - [2024-01-09T10:10:20.782-0300] {dagbag.py:536} INFO - Filling up the DagBag from /home/felipe/.local/lib/python3.11/site-packages/airflow/example_dags/example_sla_dag.py
[2024-01-09T10:10:20.790-0300] {processor.py:839} INFO - DAG(s) dict_keys(['example_sla_dag']) retrieved from /home/felipe/.local/lib/python3.11/site-packages/airflow/example_dags/example_sla_dag.py
[2024-01-09T10:10:20.795-0300] {logging_mixin.py:154} INFO - [2024-01-09T10:10:20.795-0300] {dag.py:2941} INFO - Sync 1 DAGs
[2024-01-09T10:10:20.807-0300] {logging_mixin.py:154} INFO - [2024-01-09T10:10:20.807-0300] {dag.py:3722} INFO - Setting next_dagrun for example_sla_dag to 2024-01-09T13:08:00+00:00, run_after=2024-01-09T13:10:00+00:00
[2024-01-09T10:10:20.821-0300] {processor.py:179} INFO - Processing /home/felipe/.local/lib/python3.11/site-packages/airflow/example_dags/example_sla_dag.py took 0.041 seconds
[2024-01-09T10:11:14.900-0300] {processor.py:157} INFO - Started process (PID=8665) to work on /home/felipe/.local/lib/python3.11/site-packages/airflow/example_dags/example_sla_dag.py
[2024-01-09T10:11:14.932-0300] {processor.py:829} INFO - Processing file /home/felipe/.local/lib/python3.11/site-packages/airflow/example_dags/example_sla_dag.py for tasks to queue
[2024-01-09T10:11:14.932-0300] {logging_mixin.py:154} INFO - [2024-01-09T10:11:14.932-0300] {dagbag.py:536} INFO - Filling up the DagBag from /home/felipe/.local/lib/python3.11/site-packages/airflow/example_dags/example_sla_dag.py
[2024-01-09T10:11:14.937-0300] {processor.py:839} INFO - DAG(s) dict_keys(['example_sla_dag']) retrieved from /home/felipe/.local/lib/python3.11/site-packages/airflow/example_dags/example_sla_dag.py
[2024-01-09T10:11:14.946-0300] {logging_mixin.py:154} INFO - [2024-01-09T10:11:14.946-0300] {dag.py:2941} INFO - Sync 1 DAGs
[2024-01-09T10:11:14.957-0300] {logging_mixin.py:154} INFO - [2024-01-09T10:11:14.957-0300] {dag.py:3722} INFO - Setting next_dagrun for example_sla_dag to 2024-01-09T13:08:00+00:00, run_after=2024-01-09T13:10:00+00:00
[2024-01-09T10:11:14.974-0300] {processor.py:179} INFO - Processing /home/felipe/.local/lib/python3.11/site-packages/airflow/example_dags/example_sla_dag.py took 0.076 seconds
[2024-01-09T10:12:08.089-0300] {processor.py:157} INFO - Started process (PID=8758) to work on /home/felipe/.local/lib/python3.11/site-packages/airflow/example_dags/example_sla_dag.py
[2024-01-09T10:12:08.110-0300] {processor.py:829} INFO - Processing file /home/felipe/.local/lib/python3.11/site-packages/airflow/example_dags/example_sla_dag.py for tasks to queue
[2024-01-09T10:12:08.110-0300] {logging_mixin.py:154} INFO - [2024-01-09T10:12:08.110-0300] {dagbag.py:536} INFO - Filling up the DagBag from /home/felipe/.local/lib/python3.11/site-packages/airflow/example_dags/example_sla_dag.py
[2024-01-09T10:12:08.115-0300] {processor.py:839} INFO - DAG(s) dict_keys(['example_sla_dag']) retrieved from /home/felipe/.local/lib/python3.11/site-packages/airflow/example_dags/example_sla_dag.py
[2024-01-09T10:12:08.125-0300] {logging_mixin.py:154} INFO - [2024-01-09T10:12:08.125-0300] {dag.py:2941} INFO - Sync 1 DAGs
[2024-01-09T10:12:08.136-0300] {logging_mixin.py:154} INFO - [2024-01-09T10:12:08.136-0300] {dag.py:3722} INFO - Setting next_dagrun for example_sla_dag to 2024-01-09T13:10:00+00:00, run_after=2024-01-09T13:12:00+00:00
[2024-01-09T10:12:08.156-0300] {processor.py:179} INFO - Processing /home/felipe/.local/lib/python3.11/site-packages/airflow/example_dags/example_sla_dag.py took 0.070 seconds
[2024-01-09T10:12:55.992-0300] {processor.py:157} INFO - Started process (PID=8863) to work on /home/felipe/.local/lib/python3.11/site-packages/airflow/example_dags/example_sla_dag.py
[2024-01-09T10:12:56.024-0300] {processor.py:829} INFO - Processing file /home/felipe/.local/lib/python3.11/site-packages/airflow/example_dags/example_sla_dag.py for tasks to queue
[2024-01-09T10:12:56.025-0300] {logging_mixin.py:154} INFO - [2024-01-09T10:12:56.025-0300] {dagbag.py:536} INFO - Filling up the DagBag from /home/felipe/.local/lib/python3.11/site-packages/airflow/example_dags/example_sla_dag.py
[2024-01-09T10:12:56.030-0300] {processor.py:839} INFO - DAG(s) dict_keys(['example_sla_dag']) retrieved from /home/felipe/.local/lib/python3.11/site-packages/airflow/example_dags/example_sla_dag.py
[2024-01-09T10:12:56.039-0300] {logging_mixin.py:154} INFO - [2024-01-09T10:12:56.039-0300] {dag.py:2941} INFO - Sync 1 DAGs
[2024-01-09T10:12:56.050-0300] {logging_mixin.py:154} INFO - [2024-01-09T10:12:56.050-0300] {dag.py:3722} INFO - Setting next_dagrun for example_sla_dag to 2024-01-09T13:10:00+00:00, run_after=2024-01-09T13:12:00+00:00
[2024-01-09T10:12:56.066-0300] {processor.py:179} INFO - Processing /home/felipe/.local/lib/python3.11/site-packages/airflow/example_dags/example_sla_dag.py took 0.076 seconds
[2024-01-09T10:13:41.933-0300] {processor.py:157} INFO - Started process (PID=8939) to work on /home/felipe/.local/lib/python3.11/site-packages/airflow/example_dags/example_sla_dag.py
[2024-01-09T10:13:41.934-0300] {processor.py:829} INFO - Processing file /home/felipe/.local/lib/python3.11/site-packages/airflow/example_dags/example_sla_dag.py for tasks to queue
[2024-01-09T10:13:41.934-0300] {logging_mixin.py:154} INFO - [2024-01-09T10:13:41.934-0300] {dagbag.py:536} INFO - Filling up the DagBag from /home/felipe/.local/lib/python3.11/site-packages/airflow/example_dags/example_sla_dag.py
[2024-01-09T10:13:41.939-0300] {processor.py:839} INFO - DAG(s) dict_keys(['example_sla_dag']) retrieved from /home/felipe/.local/lib/python3.11/site-packages/airflow/example_dags/example_sla_dag.py
[2024-01-09T10:13:41.948-0300] {logging_mixin.py:154} INFO - [2024-01-09T10:13:41.948-0300] {dag.py:2941} INFO - Sync 1 DAGs
[2024-01-09T10:13:41.960-0300] {logging_mixin.py:154} INFO - [2024-01-09T10:13:41.960-0300] {dag.py:3722} INFO - Setting next_dagrun for example_sla_dag to 2024-01-09T13:10:00+00:00, run_after=2024-01-09T13:12:00+00:00
[2024-01-09T10:13:41.969-0300] {processor.py:179} INFO - Processing /home/felipe/.local/lib/python3.11/site-packages/airflow/example_dags/example_sla_dag.py took 0.038 seconds
[2024-01-09T10:14:34.952-0300] {processor.py:157} INFO - Started process (PID=9016) to work on /home/felipe/.local/lib/python3.11/site-packages/airflow/example_dags/example_sla_dag.py
[2024-01-09T10:14:34.985-0300] {processor.py:829} INFO - Processing file /home/felipe/.local/lib/python3.11/site-packages/airflow/example_dags/example_sla_dag.py for tasks to queue
[2024-01-09T10:14:34.985-0300] {logging_mixin.py:154} INFO - [2024-01-09T10:14:34.985-0300] {dagbag.py:536} INFO - Filling up the DagBag from /home/felipe/.local/lib/python3.11/site-packages/airflow/example_dags/example_sla_dag.py
[2024-01-09T10:14:34.990-0300] {processor.py:839} INFO - DAG(s) dict_keys(['example_sla_dag']) retrieved from /home/felipe/.local/lib/python3.11/site-packages/airflow/example_dags/example_sla_dag.py
[2024-01-09T10:14:35.000-0300] {logging_mixin.py:154} INFO - [2024-01-09T10:14:35.000-0300] {dag.py:2941} INFO - Sync 1 DAGs
[2024-01-09T10:14:35.011-0300] {logging_mixin.py:154} INFO - [2024-01-09T10:14:35.011-0300] {dag.py:3722} INFO - Setting next_dagrun for example_sla_dag to 2024-01-09T13:12:00+00:00, run_after=2024-01-09T13:14:00+00:00
[2024-01-09T10:14:35.028-0300] {processor.py:179} INFO - Processing /home/felipe/.local/lib/python3.11/site-packages/airflow/example_dags/example_sla_dag.py took 0.077 seconds
[2024-01-09T10:28:52.315-0300] {processor.py:157} INFO - Started process (PID=10708) to work on /home/felipe/.local/lib/python3.11/site-packages/airflow/example_dags/example_sla_dag.py
[2024-01-09T10:28:52.315-0300] {processor.py:829} INFO - Processing file /home/felipe/.local/lib/python3.11/site-packages/airflow/example_dags/example_sla_dag.py for tasks to queue
[2024-01-09T10:28:52.316-0300] {logging_mixin.py:154} INFO - [2024-01-09T10:28:52.316-0300] {dagbag.py:536} INFO - Filling up the DagBag from /home/felipe/.local/lib/python3.11/site-packages/airflow/example_dags/example_sla_dag.py
[2024-01-09T10:28:52.321-0300] {processor.py:839} INFO - DAG(s) dict_keys(['example_sla_dag']) retrieved from /home/felipe/.local/lib/python3.11/site-packages/airflow/example_dags/example_sla_dag.py
[2024-01-09T10:28:52.332-0300] {logging_mixin.py:154} INFO - [2024-01-09T10:28:52.332-0300] {dag.py:2941} INFO - Sync 1 DAGs
[2024-01-09T10:28:52.342-0300] {logging_mixin.py:154} INFO - [2024-01-09T10:28:52.342-0300] {dag.py:3722} INFO - Setting next_dagrun for example_sla_dag to 2024-01-09T13:26:00+00:00, run_after=2024-01-09T13:28:00+00:00
[2024-01-09T10:28:52.350-0300] {processor.py:179} INFO - Processing /home/felipe/.local/lib/python3.11/site-packages/airflow/example_dags/example_sla_dag.py took 0.037 seconds
[2024-01-09T10:38:22.644-0300] {processor.py:157} INFO - Started process (PID=11791) to work on /home/felipe/.local/lib/python3.11/site-packages/airflow/example_dags/example_sla_dag.py
[2024-01-09T10:38:22.676-0300] {processor.py:829} INFO - Processing file /home/felipe/.local/lib/python3.11/site-packages/airflow/example_dags/example_sla_dag.py for tasks to queue
[2024-01-09T10:38:22.677-0300] {logging_mixin.py:154} INFO - [2024-01-09T10:38:22.677-0300] {dagbag.py:536} INFO - Filling up the DagBag from /home/felipe/.local/lib/python3.11/site-packages/airflow/example_dags/example_sla_dag.py
[2024-01-09T10:38:22.682-0300] {processor.py:839} INFO - DAG(s) dict_keys(['example_sla_dag']) retrieved from /home/felipe/.local/lib/python3.11/site-packages/airflow/example_dags/example_sla_dag.py
[2024-01-09T10:38:22.690-0300] {logging_mixin.py:154} INFO - [2024-01-09T10:38:22.690-0300] {dag.py:2941} INFO - Sync 1 DAGs
[2024-01-09T10:38:22.699-0300] {logging_mixin.py:154} INFO - [2024-01-09T10:38:22.699-0300] {dag.py:3722} INFO - Setting next_dagrun for example_sla_dag to 2024-01-09T13:36:00+00:00, run_after=2024-01-09T13:38:00+00:00
[2024-01-09T10:38:22.715-0300] {processor.py:179} INFO - Processing /home/felipe/.local/lib/python3.11/site-packages/airflow/example_dags/example_sla_dag.py took 0.072 seconds
[2024-01-09T10:39:13.092-0300] {processor.py:157} INFO - Started process (PID=11874) to work on /home/felipe/.local/lib/python3.11/site-packages/airflow/example_dags/example_sla_dag.py
[2024-01-09T10:39:13.124-0300] {processor.py:829} INFO - Processing file /home/felipe/.local/lib/python3.11/site-packages/airflow/example_dags/example_sla_dag.py for tasks to queue
[2024-01-09T10:39:13.125-0300] {logging_mixin.py:154} INFO - [2024-01-09T10:39:13.125-0300] {dagbag.py:536} INFO - Filling up the DagBag from /home/felipe/.local/lib/python3.11/site-packages/airflow/example_dags/example_sla_dag.py
[2024-01-09T10:39:13.130-0300] {processor.py:839} INFO - DAG(s) dict_keys(['example_sla_dag']) retrieved from /home/felipe/.local/lib/python3.11/site-packages/airflow/example_dags/example_sla_dag.py
[2024-01-09T10:39:13.138-0300] {logging_mixin.py:154} INFO - [2024-01-09T10:39:13.138-0300] {dag.py:2941} INFO - Sync 1 DAGs
[2024-01-09T10:39:13.147-0300] {logging_mixin.py:154} INFO - [2024-01-09T10:39:13.147-0300] {dag.py:3722} INFO - Setting next_dagrun for example_sla_dag to 2024-01-09T13:36:00+00:00, run_after=2024-01-09T13:38:00+00:00
[2024-01-09T10:39:13.164-0300] {processor.py:179} INFO - Processing /home/felipe/.local/lib/python3.11/site-packages/airflow/example_dags/example_sla_dag.py took 0.074 seconds
[2024-01-09T10:40:01.508-0300] {processor.py:157} INFO - Started process (PID=11971) to work on /home/felipe/.local/lib/python3.11/site-packages/airflow/example_dags/example_sla_dag.py
[2024-01-09T10:40:01.530-0300] {processor.py:829} INFO - Processing file /home/felipe/.local/lib/python3.11/site-packages/airflow/example_dags/example_sla_dag.py for tasks to queue
[2024-01-09T10:40:01.531-0300] {logging_mixin.py:154} INFO - [2024-01-09T10:40:01.531-0300] {dagbag.py:536} INFO - Filling up the DagBag from /home/felipe/.local/lib/python3.11/site-packages/airflow/example_dags/example_sla_dag.py
[2024-01-09T10:40:01.536-0300] {processor.py:839} INFO - DAG(s) dict_keys(['example_sla_dag']) retrieved from /home/felipe/.local/lib/python3.11/site-packages/airflow/example_dags/example_sla_dag.py
[2024-01-09T10:40:01.544-0300] {logging_mixin.py:154} INFO - [2024-01-09T10:40:01.544-0300] {dag.py:2941} INFO - Sync 1 DAGs
[2024-01-09T10:40:01.553-0300] {logging_mixin.py:154} INFO - [2024-01-09T10:40:01.553-0300] {dag.py:3722} INFO - Setting next_dagrun for example_sla_dag to 2024-01-09T13:38:00+00:00, run_after=2024-01-09T13:40:00+00:00
[2024-01-09T10:40:01.565-0300] {processor.py:179} INFO - Processing /home/felipe/.local/lib/python3.11/site-packages/airflow/example_dags/example_sla_dag.py took 0.059 seconds
[2024-01-09T10:40:39.725-0300] {processor.py:157} INFO - Started process (PID=12072) to work on /home/felipe/.local/lib/python3.11/site-packages/airflow/example_dags/example_sla_dag.py
[2024-01-09T10:40:39.725-0300] {processor.py:829} INFO - Processing file /home/felipe/.local/lib/python3.11/site-packages/airflow/example_dags/example_sla_dag.py for tasks to queue
[2024-01-09T10:40:39.726-0300] {logging_mixin.py:154} INFO - [2024-01-09T10:40:39.725-0300] {dagbag.py:536} INFO - Filling up the DagBag from /home/felipe/.local/lib/python3.11/site-packages/airflow/example_dags/example_sla_dag.py
[2024-01-09T10:40:39.731-0300] {processor.py:839} INFO - DAG(s) dict_keys(['example_sla_dag']) retrieved from /home/felipe/.local/lib/python3.11/site-packages/airflow/example_dags/example_sla_dag.py
[2024-01-09T10:40:39.741-0300] {logging_mixin.py:154} INFO - [2024-01-09T10:40:39.740-0300] {dag.py:2941} INFO - Sync 1 DAGs
[2024-01-09T10:40:39.751-0300] {logging_mixin.py:154} INFO - [2024-01-09T10:40:39.751-0300] {dag.py:3722} INFO - Setting next_dagrun for example_sla_dag to 2024-01-09T13:38:00+00:00, run_after=2024-01-09T13:40:00+00:00
[2024-01-09T10:40:39.759-0300] {processor.py:179} INFO - Processing /home/felipe/.local/lib/python3.11/site-packages/airflow/example_dags/example_sla_dag.py took 0.037 seconds
[2024-01-09T10:44:09.256-0300] {processor.py:157} INFO - Started process (PID=12585) to work on /home/felipe/.local/lib/python3.11/site-packages/airflow/example_dags/example_sla_dag.py
[2024-01-09T10:44:09.260-0300] {processor.py:829} INFO - Processing file /home/felipe/.local/lib/python3.11/site-packages/airflow/example_dags/example_sla_dag.py for tasks to queue
[2024-01-09T10:44:09.260-0300] {logging_mixin.py:154} INFO - [2024-01-09T10:44:09.260-0300] {dagbag.py:536} INFO - Filling up the DagBag from /home/felipe/.local/lib/python3.11/site-packages/airflow/example_dags/example_sla_dag.py
[2024-01-09T10:44:09.266-0300] {processor.py:839} INFO - DAG(s) dict_keys(['example_sla_dag']) retrieved from /home/felipe/.local/lib/python3.11/site-packages/airflow/example_dags/example_sla_dag.py
[2024-01-09T10:44:09.275-0300] {logging_mixin.py:154} INFO - [2024-01-09T10:44:09.275-0300] {dag.py:2941} INFO - Sync 1 DAGs
[2024-01-09T10:44:09.285-0300] {logging_mixin.py:154} INFO - [2024-01-09T10:44:09.285-0300] {dag.py:3722} INFO - Setting next_dagrun for example_sla_dag to 2024-01-09T13:42:00+00:00, run_after=2024-01-09T13:44:00+00:00
[2024-01-09T10:44:09.302-0300] {processor.py:179} INFO - Processing /home/felipe/.local/lib/python3.11/site-packages/airflow/example_dags/example_sla_dag.py took 0.048 seconds
[2024-01-09T10:46:17.835-0300] {processor.py:157} INFO - Started process (PID=12867) to work on /home/felipe/.local/lib/python3.11/site-packages/airflow/example_dags/example_sla_dag.py
[2024-01-09T10:46:17.867-0300] {processor.py:829} INFO - Processing file /home/felipe/.local/lib/python3.11/site-packages/airflow/example_dags/example_sla_dag.py for tasks to queue
[2024-01-09T10:46:17.868-0300] {logging_mixin.py:154} INFO - [2024-01-09T10:46:17.868-0300] {dagbag.py:536} INFO - Filling up the DagBag from /home/felipe/.local/lib/python3.11/site-packages/airflow/example_dags/example_sla_dag.py
[2024-01-09T10:46:17.873-0300] {processor.py:839} INFO - DAG(s) dict_keys(['example_sla_dag']) retrieved from /home/felipe/.local/lib/python3.11/site-packages/airflow/example_dags/example_sla_dag.py
[2024-01-09T10:46:17.881-0300] {logging_mixin.py:154} INFO - [2024-01-09T10:46:17.881-0300] {dag.py:2941} INFO - Sync 1 DAGs
[2024-01-09T10:46:17.891-0300] {logging_mixin.py:154} INFO - [2024-01-09T10:46:17.891-0300] {dag.py:3722} INFO - Setting next_dagrun for example_sla_dag to 2024-01-09T13:44:00+00:00, run_after=2024-01-09T13:46:00+00:00
[2024-01-09T10:46:17.906-0300] {processor.py:179} INFO - Processing /home/felipe/.local/lib/python3.11/site-packages/airflow/example_dags/example_sla_dag.py took 0.073 seconds
[2024-01-09T10:49:17.392-0300] {processor.py:157} INFO - Started process (PID=13756) to work on /home/felipe/.local/lib/python3.11/site-packages/airflow/example_dags/example_sla_dag.py
[2024-01-09T10:49:17.425-0300] {processor.py:829} INFO - Processing file /home/felipe/.local/lib/python3.11/site-packages/airflow/example_dags/example_sla_dag.py for tasks to queue
[2024-01-09T10:49:17.425-0300] {logging_mixin.py:154} INFO - [2024-01-09T10:49:17.425-0300] {dagbag.py:536} INFO - Filling up the DagBag from /home/felipe/.local/lib/python3.11/site-packages/airflow/example_dags/example_sla_dag.py
[2024-01-09T10:49:17.430-0300] {processor.py:839} INFO - DAG(s) dict_keys(['example_sla_dag']) retrieved from /home/felipe/.local/lib/python3.11/site-packages/airflow/example_dags/example_sla_dag.py
[2024-01-09T10:49:17.438-0300] {logging_mixin.py:154} INFO - [2024-01-09T10:49:17.438-0300] {dag.py:2941} INFO - Sync 1 DAGs
[2024-01-09T10:49:17.447-0300] {logging_mixin.py:154} INFO - [2024-01-09T10:49:17.447-0300] {dag.py:3722} INFO - Setting next_dagrun for example_sla_dag to 2024-01-09T13:46:00+00:00, run_after=2024-01-09T13:48:00+00:00
[2024-01-09T10:49:17.463-0300] {processor.py:179} INFO - Processing /home/felipe/.local/lib/python3.11/site-packages/airflow/example_dags/example_sla_dag.py took 0.073 seconds
[2024-01-09T10:52:07.421-0300] {processor.py:157} INFO - Started process (PID=14044) to work on /home/felipe/.local/lib/python3.11/site-packages/airflow/example_dags/example_sla_dag.py
[2024-01-09T10:52:07.421-0300] {processor.py:829} INFO - Processing file /home/felipe/.local/lib/python3.11/site-packages/airflow/example_dags/example_sla_dag.py for tasks to queue
[2024-01-09T10:52:07.422-0300] {logging_mixin.py:154} INFO - [2024-01-09T10:52:07.421-0300] {dagbag.py:536} INFO - Filling up the DagBag from /home/felipe/.local/lib/python3.11/site-packages/airflow/example_dags/example_sla_dag.py
[2024-01-09T10:52:07.427-0300] {processor.py:839} INFO - DAG(s) dict_keys(['example_sla_dag']) retrieved from /home/felipe/.local/lib/python3.11/site-packages/airflow/example_dags/example_sla_dag.py
[2024-01-09T10:52:07.436-0300] {logging_mixin.py:154} INFO - [2024-01-09T10:52:07.436-0300] {dag.py:2941} INFO - Sync 1 DAGs
[2024-01-09T10:52:07.446-0300] {logging_mixin.py:154} INFO - [2024-01-09T10:52:07.446-0300] {dag.py:3722} INFO - Setting next_dagrun for example_sla_dag to 2024-01-09T13:50:00+00:00, run_after=2024-01-09T13:52:00+00:00
[2024-01-09T10:52:07.464-0300] {processor.py:179} INFO - Processing /home/felipe/.local/lib/python3.11/site-packages/airflow/example_dags/example_sla_dag.py took 0.046 seconds
[2024-01-09T10:53:46.401-0300] {processor.py:157} INFO - Started process (PID=14326) to work on /home/felipe/.local/lib/python3.11/site-packages/airflow/example_dags/example_sla_dag.py
[2024-01-09T10:53:46.433-0300] {processor.py:829} INFO - Processing file /home/felipe/.local/lib/python3.11/site-packages/airflow/example_dags/example_sla_dag.py for tasks to queue
[2024-01-09T10:53:46.433-0300] {logging_mixin.py:154} INFO - [2024-01-09T10:53:46.433-0300] {dagbag.py:536} INFO - Filling up the DagBag from /home/felipe/.local/lib/python3.11/site-packages/airflow/example_dags/example_sla_dag.py
[2024-01-09T10:53:46.438-0300] {processor.py:839} INFO - DAG(s) dict_keys(['example_sla_dag']) retrieved from /home/felipe/.local/lib/python3.11/site-packages/airflow/example_dags/example_sla_dag.py
[2024-01-09T10:53:46.447-0300] {logging_mixin.py:154} INFO - [2024-01-09T10:53:46.447-0300] {dag.py:2941} INFO - Sync 1 DAGs
[2024-01-09T10:53:46.456-0300] {logging_mixin.py:154} INFO - [2024-01-09T10:53:46.456-0300] {dag.py:3722} INFO - Setting next_dagrun for example_sla_dag to 2024-01-09T13:50:00+00:00, run_after=2024-01-09T13:52:00+00:00
[2024-01-09T10:53:46.473-0300] {processor.py:179} INFO - Processing /home/felipe/.local/lib/python3.11/site-packages/airflow/example_dags/example_sla_dag.py took 0.074 seconds
[2024-01-09T10:56:14.202-0300] {processor.py:157} INFO - Started process (PID=14913) to work on /home/felipe/.local/lib/python3.11/site-packages/airflow/example_dags/example_sla_dag.py
[2024-01-09T10:56:14.234-0300] {processor.py:829} INFO - Processing file /home/felipe/.local/lib/python3.11/site-packages/airflow/example_dags/example_sla_dag.py for tasks to queue
[2024-01-09T10:56:14.235-0300] {logging_mixin.py:154} INFO - [2024-01-09T10:56:14.234-0300] {dagbag.py:536} INFO - Filling up the DagBag from /home/felipe/.local/lib/python3.11/site-packages/airflow/example_dags/example_sla_dag.py
[2024-01-09T10:56:14.241-0300] {processor.py:839} INFO - DAG(s) dict_keys(['example_sla_dag']) retrieved from /home/felipe/.local/lib/python3.11/site-packages/airflow/example_dags/example_sla_dag.py
[2024-01-09T10:56:14.251-0300] {logging_mixin.py:154} INFO - [2024-01-09T10:56:14.251-0300] {dag.py:2941} INFO - Sync 1 DAGs
[2024-01-09T10:56:14.264-0300] {logging_mixin.py:154} INFO - [2024-01-09T10:56:14.264-0300] {dag.py:3722} INFO - Setting next_dagrun for example_sla_dag to 2024-01-09T13:54:00+00:00, run_after=2024-01-09T13:56:00+00:00
[2024-01-09T10:56:14.282-0300] {processor.py:179} INFO - Processing /home/felipe/.local/lib/python3.11/site-packages/airflow/example_dags/example_sla_dag.py took 0.082 seconds
[2024-01-09T10:58:22.004-0300] {processor.py:157} INFO - Started process (PID=15235) to work on /home/felipe/.local/lib/python3.11/site-packages/airflow/example_dags/example_sla_dag.py
[2024-01-09T10:58:22.037-0300] {processor.py:829} INFO - Processing file /home/felipe/.local/lib/python3.11/site-packages/airflow/example_dags/example_sla_dag.py for tasks to queue
[2024-01-09T10:58:22.037-0300] {logging_mixin.py:154} INFO - [2024-01-09T10:58:22.037-0300] {dagbag.py:536} INFO - Filling up the DagBag from /home/felipe/.local/lib/python3.11/site-packages/airflow/example_dags/example_sla_dag.py
[2024-01-09T10:58:22.042-0300] {processor.py:839} INFO - DAG(s) dict_keys(['example_sla_dag']) retrieved from /home/felipe/.local/lib/python3.11/site-packages/airflow/example_dags/example_sla_dag.py
[2024-01-09T10:58:22.050-0300] {logging_mixin.py:154} INFO - [2024-01-09T10:58:22.050-0300] {dag.py:2941} INFO - Sync 1 DAGs
[2024-01-09T10:58:22.060-0300] {logging_mixin.py:154} INFO - [2024-01-09T10:58:22.060-0300] {dag.py:3722} INFO - Setting next_dagrun for example_sla_dag to 2024-01-09T13:56:00+00:00, run_after=2024-01-09T13:58:00+00:00
[2024-01-09T10:58:22.076-0300] {processor.py:179} INFO - Processing /home/felipe/.local/lib/python3.11/site-packages/airflow/example_dags/example_sla_dag.py took 0.074 seconds
[2024-01-09T11:00:22.968-0300] {processor.py:157} INFO - Started process (PID=15487) to work on /home/felipe/.local/lib/python3.11/site-packages/airflow/example_dags/example_sla_dag.py
[2024-01-09T11:00:23.000-0300] {processor.py:829} INFO - Processing file /home/felipe/.local/lib/python3.11/site-packages/airflow/example_dags/example_sla_dag.py for tasks to queue
[2024-01-09T11:00:23.001-0300] {logging_mixin.py:154} INFO - [2024-01-09T11:00:23.001-0300] {dagbag.py:536} INFO - Filling up the DagBag from /home/felipe/.local/lib/python3.11/site-packages/airflow/example_dags/example_sla_dag.py
[2024-01-09T11:00:23.006-0300] {processor.py:839} INFO - DAG(s) dict_keys(['example_sla_dag']) retrieved from /home/felipe/.local/lib/python3.11/site-packages/airflow/example_dags/example_sla_dag.py
[2024-01-09T11:00:23.014-0300] {logging_mixin.py:154} INFO - [2024-01-09T11:00:23.014-0300] {dag.py:2941} INFO - Sync 1 DAGs
[2024-01-09T11:00:23.024-0300] {logging_mixin.py:154} INFO - [2024-01-09T11:00:23.024-0300] {dag.py:3722} INFO - Setting next_dagrun for example_sla_dag to 2024-01-09T13:58:00+00:00, run_after=2024-01-09T14:00:00+00:00
[2024-01-09T11:00:23.040-0300] {processor.py:179} INFO - Processing /home/felipe/.local/lib/python3.11/site-packages/airflow/example_dags/example_sla_dag.py took 0.074 seconds
[2024-01-09T20:52:54.963-0300] {processor.py:157} INFO - Started process (PID=36101) to work on /home/felipe/.local/lib/python3.11/site-packages/airflow/example_dags/example_sla_dag.py
[2024-01-09T20:52:54.995-0300] {processor.py:829} INFO - Processing file /home/felipe/.local/lib/python3.11/site-packages/airflow/example_dags/example_sla_dag.py for tasks to queue
[2024-01-09T20:52:54.996-0300] {logging_mixin.py:154} INFO - [2024-01-09T20:52:54.996-0300] {dagbag.py:536} INFO - Filling up the DagBag from /home/felipe/.local/lib/python3.11/site-packages/airflow/example_dags/example_sla_dag.py
[2024-01-09T20:52:55.004-0300] {processor.py:839} INFO - DAG(s) dict_keys(['example_sla_dag']) retrieved from /home/felipe/.local/lib/python3.11/site-packages/airflow/example_dags/example_sla_dag.py
[2024-01-09T20:52:55.009-0300] {logging_mixin.py:154} INFO - [2024-01-09T20:52:55.009-0300] {dag.py:2941} INFO - Sync 1 DAGs
[2024-01-09T20:52:55.021-0300] {logging_mixin.py:154} INFO - [2024-01-09T20:52:55.021-0300] {dag.py:3722} INFO - Setting next_dagrun for example_sla_dag to 2024-01-09T23:50:00+00:00, run_after=2024-01-09T23:52:00+00:00
[2024-01-09T20:52:55.038-0300] {processor.py:179} INFO - Processing /home/felipe/.local/lib/python3.11/site-packages/airflow/example_dags/example_sla_dag.py took 0.077 seconds
[2024-01-09T20:53:44.328-0300] {processor.py:157} INFO - Started process (PID=36556) to work on /home/felipe/.local/lib/python3.11/site-packages/airflow/example_dags/example_sla_dag.py
[2024-01-09T20:53:44.360-0300] {processor.py:829} INFO - Processing file /home/felipe/.local/lib/python3.11/site-packages/airflow/example_dags/example_sla_dag.py for tasks to queue
[2024-01-09T20:53:44.360-0300] {logging_mixin.py:154} INFO - [2024-01-09T20:53:44.360-0300] {dagbag.py:536} INFO - Filling up the DagBag from /home/felipe/.local/lib/python3.11/site-packages/airflow/example_dags/example_sla_dag.py
[2024-01-09T20:53:44.366-0300] {processor.py:839} INFO - DAG(s) dict_keys(['example_sla_dag']) retrieved from /home/felipe/.local/lib/python3.11/site-packages/airflow/example_dags/example_sla_dag.py
[2024-01-09T20:53:44.375-0300] {logging_mixin.py:154} INFO - [2024-01-09T20:53:44.375-0300] {dag.py:2941} INFO - Sync 1 DAGs
[2024-01-09T20:53:44.386-0300] {logging_mixin.py:154} INFO - [2024-01-09T20:53:44.386-0300] {dag.py:3722} INFO - Setting next_dagrun for example_sla_dag to 2024-01-09T23:50:00+00:00, run_after=2024-01-09T23:52:00+00:00
[2024-01-09T20:53:44.403-0300] {processor.py:179} INFO - Processing /home/felipe/.local/lib/python3.11/site-packages/airflow/example_dags/example_sla_dag.py took 0.077 seconds
[2024-01-09T20:54:31.613-0300] {processor.py:157} INFO - Started process (PID=36660) to work on /home/felipe/.local/lib/python3.11/site-packages/airflow/example_dags/example_sla_dag.py
[2024-01-09T20:54:31.645-0300] {processor.py:829} INFO - Processing file /home/felipe/.local/lib/python3.11/site-packages/airflow/example_dags/example_sla_dag.py for tasks to queue
[2024-01-09T20:54:31.646-0300] {logging_mixin.py:154} INFO - [2024-01-09T20:54:31.646-0300] {dagbag.py:536} INFO - Filling up the DagBag from /home/felipe/.local/lib/python3.11/site-packages/airflow/example_dags/example_sla_dag.py
[2024-01-09T20:54:31.652-0300] {processor.py:839} INFO - DAG(s) dict_keys(['example_sla_dag']) retrieved from /home/felipe/.local/lib/python3.11/site-packages/airflow/example_dags/example_sla_dag.py
[2024-01-09T20:54:31.663-0300] {logging_mixin.py:154} INFO - [2024-01-09T20:54:31.663-0300] {dag.py:2941} INFO - Sync 1 DAGs
[2024-01-09T20:54:31.677-0300] {logging_mixin.py:154} INFO - [2024-01-09T20:54:31.677-0300] {dag.py:3722} INFO - Setting next_dagrun for example_sla_dag to 2024-01-09T23:52:00+00:00, run_after=2024-01-09T23:54:00+00:00
[2024-01-09T20:54:31.696-0300] {processor.py:179} INFO - Processing /home/felipe/.local/lib/python3.11/site-packages/airflow/example_dags/example_sla_dag.py took 0.084 seconds
[2024-01-09T20:55:23.380-0300] {processor.py:157} INFO - Started process (PID=36794) to work on /home/felipe/.local/lib/python3.11/site-packages/airflow/example_dags/example_sla_dag.py
[2024-01-09T20:55:23.381-0300] {processor.py:829} INFO - Processing file /home/felipe/.local/lib/python3.11/site-packages/airflow/example_dags/example_sla_dag.py for tasks to queue
[2024-01-09T20:55:23.381-0300] {logging_mixin.py:154} INFO - [2024-01-09T20:55:23.381-0300] {dagbag.py:536} INFO - Filling up the DagBag from /home/felipe/.local/lib/python3.11/site-packages/airflow/example_dags/example_sla_dag.py
[2024-01-09T20:55:23.386-0300] {processor.py:839} INFO - DAG(s) dict_keys(['example_sla_dag']) retrieved from /home/felipe/.local/lib/python3.11/site-packages/airflow/example_dags/example_sla_dag.py
[2024-01-09T20:55:23.395-0300] {logging_mixin.py:154} INFO - [2024-01-09T20:55:23.395-0300] {dag.py:2941} INFO - Sync 1 DAGs
[2024-01-09T20:55:23.407-0300] {logging_mixin.py:154} INFO - [2024-01-09T20:55:23.407-0300] {dag.py:3722} INFO - Setting next_dagrun for example_sla_dag to 2024-01-09T23:52:00+00:00, run_after=2024-01-09T23:54:00+00:00
[2024-01-09T20:55:23.416-0300] {processor.py:179} INFO - Processing /home/felipe/.local/lib/python3.11/site-packages/airflow/example_dags/example_sla_dag.py took 0.038 seconds
[2024-01-09T20:56:15.378-0300] {processor.py:157} INFO - Started process (PID=36913) to work on /home/felipe/.local/lib/python3.11/site-packages/airflow/example_dags/example_sla_dag.py
[2024-01-09T20:56:15.405-0300] {processor.py:829} INFO - Processing file /home/felipe/.local/lib/python3.11/site-packages/airflow/example_dags/example_sla_dag.py for tasks to queue
[2024-01-09T20:56:15.406-0300] {logging_mixin.py:154} INFO - [2024-01-09T20:56:15.406-0300] {dagbag.py:536} INFO - Filling up the DagBag from /home/felipe/.local/lib/python3.11/site-packages/airflow/example_dags/example_sla_dag.py
[2024-01-09T20:56:15.411-0300] {processor.py:839} INFO - DAG(s) dict_keys(['example_sla_dag']) retrieved from /home/felipe/.local/lib/python3.11/site-packages/airflow/example_dags/example_sla_dag.py
[2024-01-09T20:56:15.420-0300] {logging_mixin.py:154} INFO - [2024-01-09T20:56:15.420-0300] {dag.py:2941} INFO - Sync 1 DAGs
[2024-01-09T20:56:15.432-0300] {logging_mixin.py:154} INFO - [2024-01-09T20:56:15.432-0300] {dag.py:3722} INFO - Setting next_dagrun for example_sla_dag to 2024-01-09T23:54:00+00:00, run_after=2024-01-09T23:56:00+00:00
[2024-01-09T20:56:15.442-0300] {processor.py:179} INFO - Processing /home/felipe/.local/lib/python3.11/site-packages/airflow/example_dags/example_sla_dag.py took 0.066 seconds
[2024-01-09T20:57:06.856-0300] {processor.py:157} INFO - Started process (PID=37040) to work on /home/felipe/.local/lib/python3.11/site-packages/airflow/example_dags/example_sla_dag.py
[2024-01-09T20:57:06.888-0300] {processor.py:829} INFO - Processing file /home/felipe/.local/lib/python3.11/site-packages/airflow/example_dags/example_sla_dag.py for tasks to queue
[2024-01-09T20:57:06.889-0300] {logging_mixin.py:154} INFO - [2024-01-09T20:57:06.888-0300] {dagbag.py:536} INFO - Filling up the DagBag from /home/felipe/.local/lib/python3.11/site-packages/airflow/example_dags/example_sla_dag.py
[2024-01-09T20:57:06.894-0300] {processor.py:839} INFO - DAG(s) dict_keys(['example_sla_dag']) retrieved from /home/felipe/.local/lib/python3.11/site-packages/airflow/example_dags/example_sla_dag.py
[2024-01-09T20:57:06.903-0300] {logging_mixin.py:154} INFO - [2024-01-09T20:57:06.903-0300] {dag.py:2941} INFO - Sync 1 DAGs
[2024-01-09T20:57:06.915-0300] {logging_mixin.py:154} INFO - [2024-01-09T20:57:06.915-0300] {dag.py:3722} INFO - Setting next_dagrun for example_sla_dag to 2024-01-09T23:54:00+00:00, run_after=2024-01-09T23:56:00+00:00
[2024-01-09T20:57:06.931-0300] {processor.py:179} INFO - Processing /home/felipe/.local/lib/python3.11/site-packages/airflow/example_dags/example_sla_dag.py took 0.078 seconds
[2024-01-09T20:57:55.028-0300] {processor.py:157} INFO - Started process (PID=37149) to work on /home/felipe/.local/lib/python3.11/site-packages/airflow/example_dags/example_sla_dag.py
[2024-01-09T20:57:55.060-0300] {processor.py:829} INFO - Processing file /home/felipe/.local/lib/python3.11/site-packages/airflow/example_dags/example_sla_dag.py for tasks to queue
[2024-01-09T20:57:55.061-0300] {logging_mixin.py:154} INFO - [2024-01-09T20:57:55.061-0300] {dagbag.py:536} INFO - Filling up the DagBag from /home/felipe/.local/lib/python3.11/site-packages/airflow/example_dags/example_sla_dag.py
[2024-01-09T20:57:55.066-0300] {processor.py:839} INFO - DAG(s) dict_keys(['example_sla_dag']) retrieved from /home/felipe/.local/lib/python3.11/site-packages/airflow/example_dags/example_sla_dag.py
[2024-01-09T20:57:55.074-0300] {logging_mixin.py:154} INFO - [2024-01-09T20:57:55.074-0300] {dag.py:2941} INFO - Sync 1 DAGs
[2024-01-09T20:57:55.085-0300] {logging_mixin.py:154} INFO - [2024-01-09T20:57:55.085-0300] {dag.py:3722} INFO - Setting next_dagrun for example_sla_dag to 2024-01-09T23:54:00+00:00, run_after=2024-01-09T23:56:00+00:00
[2024-01-09T20:57:55.102-0300] {processor.py:179} INFO - Processing /home/felipe/.local/lib/python3.11/site-packages/airflow/example_dags/example_sla_dag.py took 0.075 seconds
[2024-01-09T20:58:35.031-0300] {processor.py:157} INFO - Started process (PID=37238) to work on /home/felipe/.local/lib/python3.11/site-packages/airflow/example_dags/example_sla_dag.py
[2024-01-09T20:58:35.063-0300] {processor.py:829} INFO - Processing file /home/felipe/.local/lib/python3.11/site-packages/airflow/example_dags/example_sla_dag.py for tasks to queue
[2024-01-09T20:58:35.064-0300] {logging_mixin.py:154} INFO - [2024-01-09T20:58:35.064-0300] {dagbag.py:536} INFO - Filling up the DagBag from /home/felipe/.local/lib/python3.11/site-packages/airflow/example_dags/example_sla_dag.py
[2024-01-09T20:58:35.069-0300] {processor.py:839} INFO - DAG(s) dict_keys(['example_sla_dag']) retrieved from /home/felipe/.local/lib/python3.11/site-packages/airflow/example_dags/example_sla_dag.py
[2024-01-09T20:58:35.079-0300] {logging_mixin.py:154} INFO - [2024-01-09T20:58:35.079-0300] {dag.py:2941} INFO - Sync 1 DAGs
[2024-01-09T20:58:35.090-0300] {logging_mixin.py:154} INFO - [2024-01-09T20:58:35.090-0300] {dag.py:3722} INFO - Setting next_dagrun for example_sla_dag to 2024-01-09T23:56:00+00:00, run_after=2024-01-09T23:58:00+00:00
[2024-01-09T20:58:35.108-0300] {processor.py:179} INFO - Processing /home/felipe/.local/lib/python3.11/site-packages/airflow/example_dags/example_sla_dag.py took 0.079 seconds
[2024-01-09T20:59:25.811-0300] {processor.py:157} INFO - Started process (PID=37382) to work on /home/felipe/.local/lib/python3.11/site-packages/airflow/example_dags/example_sla_dag.py
[2024-01-09T20:59:25.812-0300] {processor.py:829} INFO - Processing file /home/felipe/.local/lib/python3.11/site-packages/airflow/example_dags/example_sla_dag.py for tasks to queue
[2024-01-09T20:59:25.812-0300] {logging_mixin.py:154} INFO - [2024-01-09T20:59:25.812-0300] {dagbag.py:536} INFO - Filling up the DagBag from /home/felipe/.local/lib/python3.11/site-packages/airflow/example_dags/example_sla_dag.py
[2024-01-09T20:59:25.818-0300] {processor.py:839} INFO - DAG(s) dict_keys(['example_sla_dag']) retrieved from /home/felipe/.local/lib/python3.11/site-packages/airflow/example_dags/example_sla_dag.py
[2024-01-09T20:59:25.827-0300] {logging_mixin.py:154} INFO - [2024-01-09T20:59:25.827-0300] {dag.py:2941} INFO - Sync 1 DAGs
[2024-01-09T20:59:25.839-0300] {logging_mixin.py:154} INFO - [2024-01-09T20:59:25.839-0300] {dag.py:3722} INFO - Setting next_dagrun for example_sla_dag to 2024-01-09T23:56:00+00:00, run_after=2024-01-09T23:58:00+00:00
[2024-01-09T20:59:25.853-0300] {processor.py:179} INFO - Processing /home/felipe/.local/lib/python3.11/site-packages/airflow/example_dags/example_sla_dag.py took 0.044 seconds
