[2024-01-09T10:10:25.783-0300] {processor.py:157} INFO - Started process (PID=8542) to work on /home/felipe/.local/lib/python3.11/site-packages/airflow/example_dags/example_task_group_decorator.py
[2024-01-09T10:10:25.783-0300] {processor.py:829} INFO - Processing file /home/felipe/.local/lib/python3.11/site-packages/airflow/example_dags/example_task_group_decorator.py for tasks to queue
[2024-01-09T10:10:25.784-0300] {logging_mixin.py:154} INFO - [2024-01-09T10:10:25.783-0300] {dagbag.py:536} INFO - Filling up the DagBag from /home/felipe/.local/lib/python3.11/site-packages/airflow/example_dags/example_task_group_decorator.py
[2024-01-09T10:10:25.793-0300] {processor.py:839} INFO - DAG(s) dict_keys(['example_task_group_decorator']) retrieved from /home/felipe/.local/lib/python3.11/site-packages/airflow/example_dags/example_task_group_decorator.py
[2024-01-09T10:10:25.806-0300] {logging_mixin.py:154} INFO - [2024-01-09T10:10:25.806-0300] {dag.py:2941} INFO - Sync 1 DAGs
[2024-01-09T10:10:25.815-0300] {logging_mixin.py:154} INFO - [2024-01-09T10:10:25.815-0300] {dag.py:3722} INFO - Setting next_dagrun for example_task_group_decorator to 2024-01-08T13:10:25.815097+00:00, run_after=2024-01-09T13:10:25.815097+00:00
[2024-01-09T10:10:25.837-0300] {processor.py:179} INFO - Processing /home/felipe/.local/lib/python3.11/site-packages/airflow/example_dags/example_task_group_decorator.py took 0.056 seconds
[2024-01-09T10:11:20.034-0300] {processor.py:157} INFO - Started process (PID=8671) to work on /home/felipe/.local/lib/python3.11/site-packages/airflow/example_dags/example_task_group_decorator.py
[2024-01-09T10:11:20.066-0300] {processor.py:829} INFO - Processing file /home/felipe/.local/lib/python3.11/site-packages/airflow/example_dags/example_task_group_decorator.py for tasks to queue
[2024-01-09T10:11:20.067-0300] {logging_mixin.py:154} INFO - [2024-01-09T10:11:20.066-0300] {dagbag.py:536} INFO - Filling up the DagBag from /home/felipe/.local/lib/python3.11/site-packages/airflow/example_dags/example_task_group_decorator.py
[2024-01-09T10:11:20.076-0300] {processor.py:839} INFO - DAG(s) dict_keys(['example_task_group_decorator']) retrieved from /home/felipe/.local/lib/python3.11/site-packages/airflow/example_dags/example_task_group_decorator.py
[2024-01-09T10:11:20.087-0300] {logging_mixin.py:154} INFO - [2024-01-09T10:11:20.087-0300] {dag.py:2941} INFO - Sync 1 DAGs
[2024-01-09T10:11:20.096-0300] {logging_mixin.py:154} INFO - [2024-01-09T10:11:20.096-0300] {dag.py:3722} INFO - Setting next_dagrun for example_task_group_decorator to 2024-01-08T13:11:20.096691+00:00, run_after=2024-01-09T13:11:20.096691+00:00
[2024-01-09T10:11:20.106-0300] {processor.py:179} INFO - Processing /home/felipe/.local/lib/python3.11/site-packages/airflow/example_dags/example_task_group_decorator.py took 0.074 seconds
[2024-01-09T10:12:13.221-0300] {processor.py:157} INFO - Started process (PID=8777) to work on /home/felipe/.local/lib/python3.11/site-packages/airflow/example_dags/example_task_group_decorator.py
[2024-01-09T10:12:13.230-0300] {processor.py:829} INFO - Processing file /home/felipe/.local/lib/python3.11/site-packages/airflow/example_dags/example_task_group_decorator.py for tasks to queue
[2024-01-09T10:12:13.230-0300] {logging_mixin.py:154} INFO - [2024-01-09T10:12:13.230-0300] {dagbag.py:536} INFO - Filling up the DagBag from /home/felipe/.local/lib/python3.11/site-packages/airflow/example_dags/example_task_group_decorator.py
[2024-01-09T10:12:13.239-0300] {processor.py:839} INFO - DAG(s) dict_keys(['example_task_group_decorator']) retrieved from /home/felipe/.local/lib/python3.11/site-packages/airflow/example_dags/example_task_group_decorator.py
[2024-01-09T10:12:13.249-0300] {logging_mixin.py:154} INFO - [2024-01-09T10:12:13.249-0300] {dag.py:2941} INFO - Sync 1 DAGs
[2024-01-09T10:12:13.258-0300] {logging_mixin.py:154} INFO - [2024-01-09T10:12:13.258-0300] {dag.py:3722} INFO - Setting next_dagrun for example_task_group_decorator to 2024-01-08T13:12:13.258442+00:00, run_after=2024-01-09T13:12:13.258442+00:00
[2024-01-09T10:12:13.268-0300] {processor.py:179} INFO - Processing /home/felipe/.local/lib/python3.11/site-packages/airflow/example_dags/example_task_group_decorator.py took 0.049 seconds
[2024-01-09T10:13:01.979-0300] {processor.py:157} INFO - Started process (PID=8869) to work on /home/felipe/.local/lib/python3.11/site-packages/airflow/example_dags/example_task_group_decorator.py
[2024-01-09T10:13:02.011-0300] {processor.py:829} INFO - Processing file /home/felipe/.local/lib/python3.11/site-packages/airflow/example_dags/example_task_group_decorator.py for tasks to queue
[2024-01-09T10:13:02.012-0300] {logging_mixin.py:154} INFO - [2024-01-09T10:13:02.012-0300] {dagbag.py:536} INFO - Filling up the DagBag from /home/felipe/.local/lib/python3.11/site-packages/airflow/example_dags/example_task_group_decorator.py
[2024-01-09T10:13:02.020-0300] {processor.py:839} INFO - DAG(s) dict_keys(['example_task_group_decorator']) retrieved from /home/felipe/.local/lib/python3.11/site-packages/airflow/example_dags/example_task_group_decorator.py
[2024-01-09T10:13:02.030-0300] {logging_mixin.py:154} INFO - [2024-01-09T10:13:02.030-0300] {dag.py:2941} INFO - Sync 1 DAGs
[2024-01-09T10:13:02.039-0300] {logging_mixin.py:154} INFO - [2024-01-09T10:13:02.039-0300] {dag.py:3722} INFO - Setting next_dagrun for example_task_group_decorator to 2024-01-08T13:13:02.039658+00:00, run_after=2024-01-09T13:13:02.039658+00:00
[2024-01-09T10:13:02.056-0300] {processor.py:179} INFO - Processing /home/felipe/.local/lib/python3.11/site-packages/airflow/example_dags/example_task_group_decorator.py took 0.078 seconds
[2024-01-09T10:13:48.205-0300] {processor.py:157} INFO - Started process (PID=8945) to work on /home/felipe/.local/lib/python3.11/site-packages/airflow/example_dags/example_task_group_decorator.py
[2024-01-09T10:13:48.237-0300] {processor.py:829} INFO - Processing file /home/felipe/.local/lib/python3.11/site-packages/airflow/example_dags/example_task_group_decorator.py for tasks to queue
[2024-01-09T10:13:48.237-0300] {logging_mixin.py:154} INFO - [2024-01-09T10:13:48.237-0300] {dagbag.py:536} INFO - Filling up the DagBag from /home/felipe/.local/lib/python3.11/site-packages/airflow/example_dags/example_task_group_decorator.py
[2024-01-09T10:13:48.246-0300] {processor.py:839} INFO - DAG(s) dict_keys(['example_task_group_decorator']) retrieved from /home/felipe/.local/lib/python3.11/site-packages/airflow/example_dags/example_task_group_decorator.py
[2024-01-09T10:13:48.256-0300] {logging_mixin.py:154} INFO - [2024-01-09T10:13:48.256-0300] {dag.py:2941} INFO - Sync 1 DAGs
[2024-01-09T10:13:48.265-0300] {logging_mixin.py:154} INFO - [2024-01-09T10:13:48.265-0300] {dag.py:3722} INFO - Setting next_dagrun for example_task_group_decorator to 2024-01-08T13:13:48.265152+00:00, run_after=2024-01-09T13:13:48.265152+00:00
[2024-01-09T10:13:48.282-0300] {processor.py:179} INFO - Processing /home/felipe/.local/lib/python3.11/site-packages/airflow/example_dags/example_task_group_decorator.py took 0.079 seconds
[2024-01-09T10:14:41.236-0300] {processor.py:157} INFO - Started process (PID=9024) to work on /home/felipe/.local/lib/python3.11/site-packages/airflow/example_dags/example_task_group_decorator.py
[2024-01-09T10:14:41.268-0300] {processor.py:829} INFO - Processing file /home/felipe/.local/lib/python3.11/site-packages/airflow/example_dags/example_task_group_decorator.py for tasks to queue
[2024-01-09T10:14:41.268-0300] {logging_mixin.py:154} INFO - [2024-01-09T10:14:41.268-0300] {dagbag.py:536} INFO - Filling up the DagBag from /home/felipe/.local/lib/python3.11/site-packages/airflow/example_dags/example_task_group_decorator.py
[2024-01-09T10:14:41.277-0300] {processor.py:839} INFO - DAG(s) dict_keys(['example_task_group_decorator']) retrieved from /home/felipe/.local/lib/python3.11/site-packages/airflow/example_dags/example_task_group_decorator.py
[2024-01-09T10:14:41.287-0300] {logging_mixin.py:154} INFO - [2024-01-09T10:14:41.287-0300] {dag.py:2941} INFO - Sync 1 DAGs
[2024-01-09T10:14:41.296-0300] {logging_mixin.py:154} INFO - [2024-01-09T10:14:41.296-0300] {dag.py:3722} INFO - Setting next_dagrun for example_task_group_decorator to 2024-01-08T13:14:41.296277+00:00, run_after=2024-01-09T13:14:41.296277+00:00
[2024-01-09T10:14:41.313-0300] {processor.py:179} INFO - Processing /home/felipe/.local/lib/python3.11/site-packages/airflow/example_dags/example_task_group_decorator.py took 0.079 seconds
[2024-01-09T10:33:00.515-0300] {processor.py:157} INFO - Started process (PID=11225) to work on /home/felipe/.local/lib/python3.11/site-packages/airflow/example_dags/example_task_group_decorator.py
[2024-01-09T10:33:00.515-0300] {processor.py:829} INFO - Processing file /home/felipe/.local/lib/python3.11/site-packages/airflow/example_dags/example_task_group_decorator.py for tasks to queue
[2024-01-09T10:33:00.516-0300] {logging_mixin.py:154} INFO - [2024-01-09T10:33:00.515-0300] {dagbag.py:536} INFO - Filling up the DagBag from /home/felipe/.local/lib/python3.11/site-packages/airflow/example_dags/example_task_group_decorator.py
[2024-01-09T10:33:00.523-0300] {processor.py:839} INFO - DAG(s) dict_keys(['example_task_group_decorator']) retrieved from /home/felipe/.local/lib/python3.11/site-packages/airflow/example_dags/example_task_group_decorator.py
[2024-01-09T10:33:00.536-0300] {logging_mixin.py:154} INFO - [2024-01-09T10:33:00.536-0300] {dag.py:2941} INFO - Sync 1 DAGs
[2024-01-09T10:33:00.545-0300] {logging_mixin.py:154} INFO - [2024-01-09T10:33:00.545-0300] {dag.py:3722} INFO - Setting next_dagrun for example_task_group_decorator to 2024-01-08T13:33:00.544887+00:00, run_after=2024-01-09T13:33:00.544887+00:00
[2024-01-09T10:33:00.553-0300] {processor.py:179} INFO - Processing /home/felipe/.local/lib/python3.11/site-packages/airflow/example_dags/example_task_group_decorator.py took 0.041 seconds
[2024-01-09T10:38:28.914-0300] {processor.py:157} INFO - Started process (PID=11797) to work on /home/felipe/.local/lib/python3.11/site-packages/airflow/example_dags/example_task_group_decorator.py
[2024-01-09T10:38:28.946-0300] {processor.py:829} INFO - Processing file /home/felipe/.local/lib/python3.11/site-packages/airflow/example_dags/example_task_group_decorator.py for tasks to queue
[2024-01-09T10:38:28.947-0300] {logging_mixin.py:154} INFO - [2024-01-09T10:38:28.946-0300] {dagbag.py:536} INFO - Filling up the DagBag from /home/felipe/.local/lib/python3.11/site-packages/airflow/example_dags/example_task_group_decorator.py
[2024-01-09T10:38:28.955-0300] {processor.py:839} INFO - DAG(s) dict_keys(['example_task_group_decorator']) retrieved from /home/felipe/.local/lib/python3.11/site-packages/airflow/example_dags/example_task_group_decorator.py
[2024-01-09T10:38:28.965-0300] {logging_mixin.py:154} INFO - [2024-01-09T10:38:28.965-0300] {dag.py:2941} INFO - Sync 1 DAGs
[2024-01-09T10:38:28.973-0300] {logging_mixin.py:154} INFO - [2024-01-09T10:38:28.973-0300] {dag.py:3722} INFO - Setting next_dagrun for example_task_group_decorator to 2024-01-08T13:38:28.972922+00:00, run_after=2024-01-09T13:38:28.972922+00:00
[2024-01-09T10:38:28.988-0300] {processor.py:179} INFO - Processing /home/felipe/.local/lib/python3.11/site-packages/airflow/example_dags/example_task_group_decorator.py took 0.077 seconds
[2024-01-09T10:39:19.817-0300] {processor.py:157} INFO - Started process (PID=11892) to work on /home/felipe/.local/lib/python3.11/site-packages/airflow/example_dags/example_task_group_decorator.py
[2024-01-09T10:39:19.849-0300] {processor.py:829} INFO - Processing file /home/felipe/.local/lib/python3.11/site-packages/airflow/example_dags/example_task_group_decorator.py for tasks to queue
[2024-01-09T10:39:19.849-0300] {logging_mixin.py:154} INFO - [2024-01-09T10:39:19.849-0300] {dagbag.py:536} INFO - Filling up the DagBag from /home/felipe/.local/lib/python3.11/site-packages/airflow/example_dags/example_task_group_decorator.py
[2024-01-09T10:39:19.857-0300] {processor.py:839} INFO - DAG(s) dict_keys(['example_task_group_decorator']) retrieved from /home/felipe/.local/lib/python3.11/site-packages/airflow/example_dags/example_task_group_decorator.py
[2024-01-09T10:39:19.867-0300] {logging_mixin.py:154} INFO - [2024-01-09T10:39:19.867-0300] {dag.py:2941} INFO - Sync 1 DAGs
[2024-01-09T10:39:19.875-0300] {logging_mixin.py:154} INFO - [2024-01-09T10:39:19.875-0300] {dag.py:3722} INFO - Setting next_dagrun for example_task_group_decorator to 2024-01-08T13:39:19.875086+00:00, run_after=2024-01-09T13:39:19.875086+00:00
[2024-01-09T10:39:19.891-0300] {processor.py:179} INFO - Processing /home/felipe/.local/lib/python3.11/site-packages/airflow/example_dags/example_task_group_decorator.py took 0.076 seconds
[2024-01-09T10:40:07.785-0300] {processor.py:157} INFO - Started process (PID=11977) to work on /home/felipe/.local/lib/python3.11/site-packages/airflow/example_dags/example_task_group_decorator.py
[2024-01-09T10:40:07.817-0300] {processor.py:829} INFO - Processing file /home/felipe/.local/lib/python3.11/site-packages/airflow/example_dags/example_task_group_decorator.py for tasks to queue
[2024-01-09T10:40:07.818-0300] {logging_mixin.py:154} INFO - [2024-01-09T10:40:07.817-0300] {dagbag.py:536} INFO - Filling up the DagBag from /home/felipe/.local/lib/python3.11/site-packages/airflow/example_dags/example_task_group_decorator.py
[2024-01-09T10:40:07.826-0300] {processor.py:839} INFO - DAG(s) dict_keys(['example_task_group_decorator']) retrieved from /home/felipe/.local/lib/python3.11/site-packages/airflow/example_dags/example_task_group_decorator.py
[2024-01-09T10:40:07.835-0300] {logging_mixin.py:154} INFO - [2024-01-09T10:40:07.835-0300] {dag.py:2941} INFO - Sync 1 DAGs
[2024-01-09T10:40:07.844-0300] {logging_mixin.py:154} INFO - [2024-01-09T10:40:07.844-0300] {dag.py:3722} INFO - Setting next_dagrun for example_task_group_decorator to 2024-01-08T13:40:07.844173+00:00, run_after=2024-01-09T13:40:07.844173+00:00
[2024-01-09T10:40:07.862-0300] {processor.py:179} INFO - Processing /home/felipe/.local/lib/python3.11/site-packages/airflow/example_dags/example_task_group_decorator.py took 0.079 seconds
[2024-01-09T10:41:00.784-0300] {processor.py:157} INFO - Started process (PID=12159) to work on /home/felipe/.local/lib/python3.11/site-packages/airflow/example_dags/example_task_group_decorator.py
[2024-01-09T10:41:00.816-0300] {processor.py:829} INFO - Processing file /home/felipe/.local/lib/python3.11/site-packages/airflow/example_dags/example_task_group_decorator.py for tasks to queue
[2024-01-09T10:41:00.817-0300] {logging_mixin.py:154} INFO - [2024-01-09T10:41:00.817-0300] {dagbag.py:536} INFO - Filling up the DagBag from /home/felipe/.local/lib/python3.11/site-packages/airflow/example_dags/example_task_group_decorator.py
[2024-01-09T10:41:00.825-0300] {processor.py:839} INFO - DAG(s) dict_keys(['example_task_group_decorator']) retrieved from /home/felipe/.local/lib/python3.11/site-packages/airflow/example_dags/example_task_group_decorator.py
[2024-01-09T10:41:00.834-0300] {logging_mixin.py:154} INFO - [2024-01-09T10:41:00.834-0300] {dag.py:2941} INFO - Sync 1 DAGs
[2024-01-09T10:41:00.842-0300] {logging_mixin.py:154} INFO - [2024-01-09T10:41:00.842-0300] {dag.py:3722} INFO - Setting next_dagrun for example_task_group_decorator to 2024-01-08T13:41:00.842285+00:00, run_after=2024-01-09T13:41:00.842285+00:00
[2024-01-09T10:41:00.858-0300] {processor.py:179} INFO - Processing /home/felipe/.local/lib/python3.11/site-packages/airflow/example_dags/example_task_group_decorator.py took 0.076 seconds
[2024-01-09T10:44:14.258-0300] {processor.py:157} INFO - Started process (PID=12610) to work on /home/felipe/.local/lib/python3.11/site-packages/airflow/example_dags/example_task_group_decorator.py
[2024-01-09T10:44:14.290-0300] {processor.py:829} INFO - Processing file /home/felipe/.local/lib/python3.11/site-packages/airflow/example_dags/example_task_group_decorator.py for tasks to queue
[2024-01-09T10:44:14.291-0300] {logging_mixin.py:154} INFO - [2024-01-09T10:44:14.290-0300] {dagbag.py:536} INFO - Filling up the DagBag from /home/felipe/.local/lib/python3.11/site-packages/airflow/example_dags/example_task_group_decorator.py
[2024-01-09T10:44:14.299-0300] {processor.py:839} INFO - DAG(s) dict_keys(['example_task_group_decorator']) retrieved from /home/felipe/.local/lib/python3.11/site-packages/airflow/example_dags/example_task_group_decorator.py
[2024-01-09T10:44:14.309-0300] {logging_mixin.py:154} INFO - [2024-01-09T10:44:14.309-0300] {dag.py:2941} INFO - Sync 1 DAGs
[2024-01-09T10:44:14.318-0300] {logging_mixin.py:154} INFO - [2024-01-09T10:44:14.318-0300] {dag.py:3722} INFO - Setting next_dagrun for example_task_group_decorator to 2024-01-08T13:44:14.318049+00:00, run_after=2024-01-09T13:44:14.318049+00:00
[2024-01-09T10:44:14.331-0300] {processor.py:179} INFO - Processing /home/felipe/.local/lib/python3.11/site-packages/airflow/example_dags/example_task_group_decorator.py took 0.075 seconds
[2024-01-09T10:47:10.076-0300] {processor.py:157} INFO - Started process (PID=13380) to work on /home/felipe/.local/lib/python3.11/site-packages/airflow/example_dags/example_task_group_decorator.py
[2024-01-09T10:47:10.076-0300] {processor.py:829} INFO - Processing file /home/felipe/.local/lib/python3.11/site-packages/airflow/example_dags/example_task_group_decorator.py for tasks to queue
[2024-01-09T10:47:10.077-0300] {logging_mixin.py:154} INFO - [2024-01-09T10:47:10.077-0300] {dagbag.py:536} INFO - Filling up the DagBag from /home/felipe/.local/lib/python3.11/site-packages/airflow/example_dags/example_task_group_decorator.py
[2024-01-09T10:47:10.085-0300] {processor.py:839} INFO - DAG(s) dict_keys(['example_task_group_decorator']) retrieved from /home/felipe/.local/lib/python3.11/site-packages/airflow/example_dags/example_task_group_decorator.py
[2024-01-09T10:47:10.094-0300] {logging_mixin.py:154} INFO - [2024-01-09T10:47:10.094-0300] {dag.py:2941} INFO - Sync 1 DAGs
[2024-01-09T10:47:10.102-0300] {logging_mixin.py:154} INFO - [2024-01-09T10:47:10.102-0300] {dag.py:3722} INFO - Setting next_dagrun for example_task_group_decorator to 2024-01-08T13:47:10.102606+00:00, run_after=2024-01-09T13:47:10.102606+00:00
[2024-01-09T10:47:10.116-0300] {processor.py:179} INFO - Processing /home/felipe/.local/lib/python3.11/site-packages/airflow/example_dags/example_task_group_decorator.py took 0.042 seconds
[2024-01-09T10:50:08.245-0300] {processor.py:157} INFO - Started process (PID=13830) to work on /home/felipe/.local/lib/python3.11/site-packages/airflow/example_dags/example_task_group_decorator.py
[2024-01-09T10:50:08.245-0300] {processor.py:829} INFO - Processing file /home/felipe/.local/lib/python3.11/site-packages/airflow/example_dags/example_task_group_decorator.py for tasks to queue
[2024-01-09T10:50:08.246-0300] {logging_mixin.py:154} INFO - [2024-01-09T10:50:08.245-0300] {dagbag.py:536} INFO - Filling up the DagBag from /home/felipe/.local/lib/python3.11/site-packages/airflow/example_dags/example_task_group_decorator.py
[2024-01-09T10:50:08.253-0300] {processor.py:839} INFO - DAG(s) dict_keys(['example_task_group_decorator']) retrieved from /home/felipe/.local/lib/python3.11/site-packages/airflow/example_dags/example_task_group_decorator.py
[2024-01-09T10:50:08.263-0300] {logging_mixin.py:154} INFO - [2024-01-09T10:50:08.263-0300] {dag.py:2941} INFO - Sync 1 DAGs
[2024-01-09T10:50:08.271-0300] {logging_mixin.py:154} INFO - [2024-01-09T10:50:08.271-0300] {dag.py:3722} INFO - Setting next_dagrun for example_task_group_decorator to 2024-01-08T13:50:08.271310+00:00, run_after=2024-01-09T13:50:08.271310+00:00
[2024-01-09T10:50:08.280-0300] {processor.py:179} INFO - Processing /home/felipe/.local/lib/python3.11/site-packages/airflow/example_dags/example_task_group_decorator.py took 0.037 seconds
[2024-01-09T10:52:12.557-0300] {processor.py:157} INFO - Started process (PID=14056) to work on /home/felipe/.local/lib/python3.11/site-packages/airflow/example_dags/example_task_group_decorator.py
[2024-01-09T10:52:12.589-0300] {processor.py:829} INFO - Processing file /home/felipe/.local/lib/python3.11/site-packages/airflow/example_dags/example_task_group_decorator.py for tasks to queue
[2024-01-09T10:52:12.590-0300] {logging_mixin.py:154} INFO - [2024-01-09T10:52:12.590-0300] {dagbag.py:536} INFO - Filling up the DagBag from /home/felipe/.local/lib/python3.11/site-packages/airflow/example_dags/example_task_group_decorator.py
[2024-01-09T10:52:12.598-0300] {processor.py:839} INFO - DAG(s) dict_keys(['example_task_group_decorator']) retrieved from /home/felipe/.local/lib/python3.11/site-packages/airflow/example_dags/example_task_group_decorator.py
[2024-01-09T10:52:12.607-0300] {logging_mixin.py:154} INFO - [2024-01-09T10:52:12.607-0300] {dag.py:2941} INFO - Sync 1 DAGs
[2024-01-09T10:52:12.615-0300] {logging_mixin.py:154} INFO - [2024-01-09T10:52:12.615-0300] {dag.py:3722} INFO - Setting next_dagrun for example_task_group_decorator to 2024-01-08T13:52:12.615450+00:00, run_after=2024-01-09T13:52:12.615450+00:00
[2024-01-09T10:52:12.631-0300] {processor.py:179} INFO - Processing /home/felipe/.local/lib/python3.11/site-packages/airflow/example_dags/example_task_group_decorator.py took 0.076 seconds
[2024-01-09T10:53:51.541-0300] {processor.py:157} INFO - Started process (PID=14342) to work on /home/felipe/.local/lib/python3.11/site-packages/airflow/example_dags/example_task_group_decorator.py
[2024-01-09T10:53:51.541-0300] {processor.py:829} INFO - Processing file /home/felipe/.local/lib/python3.11/site-packages/airflow/example_dags/example_task_group_decorator.py for tasks to queue
[2024-01-09T10:53:51.542-0300] {logging_mixin.py:154} INFO - [2024-01-09T10:53:51.542-0300] {dagbag.py:536} INFO - Filling up the DagBag from /home/felipe/.local/lib/python3.11/site-packages/airflow/example_dags/example_task_group_decorator.py
[2024-01-09T10:53:51.550-0300] {processor.py:839} INFO - DAG(s) dict_keys(['example_task_group_decorator']) retrieved from /home/felipe/.local/lib/python3.11/site-packages/airflow/example_dags/example_task_group_decorator.py
[2024-01-09T10:53:51.559-0300] {logging_mixin.py:154} INFO - [2024-01-09T10:53:51.559-0300] {dag.py:2941} INFO - Sync 1 DAGs
[2024-01-09T10:53:51.567-0300] {logging_mixin.py:154} INFO - [2024-01-09T10:53:51.567-0300] {dag.py:3722} INFO - Setting next_dagrun for example_task_group_decorator to 2024-01-08T13:53:51.567732+00:00, run_after=2024-01-09T13:53:51.567732+00:00
[2024-01-09T10:53:51.579-0300] {processor.py:179} INFO - Processing /home/felipe/.local/lib/python3.11/site-packages/airflow/example_dags/example_task_group_decorator.py took 0.040 seconds
[2024-01-09T10:56:19.985-0300] {processor.py:157} INFO - Started process (PID=14920) to work on /home/felipe/.local/lib/python3.11/site-packages/airflow/example_dags/example_task_group_decorator.py
[2024-01-09T10:56:20.017-0300] {processor.py:829} INFO - Processing file /home/felipe/.local/lib/python3.11/site-packages/airflow/example_dags/example_task_group_decorator.py for tasks to queue
[2024-01-09T10:56:20.018-0300] {logging_mixin.py:154} INFO - [2024-01-09T10:56:20.017-0300] {dagbag.py:536} INFO - Filling up the DagBag from /home/felipe/.local/lib/python3.11/site-packages/airflow/example_dags/example_task_group_decorator.py
[2024-01-09T10:56:20.026-0300] {processor.py:839} INFO - DAG(s) dict_keys(['example_task_group_decorator']) retrieved from /home/felipe/.local/lib/python3.11/site-packages/airflow/example_dags/example_task_group_decorator.py
[2024-01-09T10:56:20.036-0300] {logging_mixin.py:154} INFO - [2024-01-09T10:56:20.036-0300] {dag.py:2941} INFO - Sync 1 DAGs
[2024-01-09T10:56:20.044-0300] {logging_mixin.py:154} INFO - [2024-01-09T10:56:20.044-0300] {dag.py:3722} INFO - Setting next_dagrun for example_task_group_decorator to 2024-01-08T13:56:20.044602+00:00, run_after=2024-01-09T13:56:20.044602+00:00
[2024-01-09T10:56:20.061-0300] {processor.py:179} INFO - Processing /home/felipe/.local/lib/python3.11/site-packages/airflow/example_dags/example_task_group_decorator.py took 0.078 seconds
[2024-01-09T10:58:26.251-0300] {processor.py:157} INFO - Started process (PID=15248) to work on /home/felipe/.local/lib/python3.11/site-packages/airflow/example_dags/example_task_group_decorator.py
[2024-01-09T10:58:26.254-0300] {processor.py:829} INFO - Processing file /home/felipe/.local/lib/python3.11/site-packages/airflow/example_dags/example_task_group_decorator.py for tasks to queue
[2024-01-09T10:58:26.255-0300] {logging_mixin.py:154} INFO - [2024-01-09T10:58:26.255-0300] {dagbag.py:536} INFO - Filling up the DagBag from /home/felipe/.local/lib/python3.11/site-packages/airflow/example_dags/example_task_group_decorator.py
[2024-01-09T10:58:26.262-0300] {processor.py:839} INFO - DAG(s) dict_keys(['example_task_group_decorator']) retrieved from /home/felipe/.local/lib/python3.11/site-packages/airflow/example_dags/example_task_group_decorator.py
[2024-01-09T10:58:26.272-0300] {logging_mixin.py:154} INFO - [2024-01-09T10:58:26.272-0300] {dag.py:2941} INFO - Sync 1 DAGs
[2024-01-09T10:58:26.280-0300] {logging_mixin.py:154} INFO - [2024-01-09T10:58:26.279-0300] {dag.py:3722} INFO - Setting next_dagrun for example_task_group_decorator to 2024-01-08T13:58:26.279878+00:00, run_after=2024-01-09T13:58:26.279878+00:00
[2024-01-09T10:58:26.292-0300] {processor.py:179} INFO - Processing /home/felipe/.local/lib/python3.11/site-packages/airflow/example_dags/example_task_group_decorator.py took 0.043 seconds
[2024-01-09T11:00:27.857-0300] {processor.py:157} INFO - Started process (PID=15558) to work on /home/felipe/.local/lib/python3.11/site-packages/airflow/example_dags/example_task_group_decorator.py
[2024-01-09T11:00:27.859-0300] {processor.py:829} INFO - Processing file /home/felipe/.local/lib/python3.11/site-packages/airflow/example_dags/example_task_group_decorator.py for tasks to queue
[2024-01-09T11:00:27.860-0300] {logging_mixin.py:154} INFO - [2024-01-09T11:00:27.859-0300] {dagbag.py:536} INFO - Filling up the DagBag from /home/felipe/.local/lib/python3.11/site-packages/airflow/example_dags/example_task_group_decorator.py
[2024-01-09T11:00:27.868-0300] {processor.py:839} INFO - DAG(s) dict_keys(['example_task_group_decorator']) retrieved from /home/felipe/.local/lib/python3.11/site-packages/airflow/example_dags/example_task_group_decorator.py
[2024-01-09T11:00:27.878-0300] {logging_mixin.py:154} INFO - [2024-01-09T11:00:27.878-0300] {dag.py:2941} INFO - Sync 1 DAGs
[2024-01-09T11:00:27.886-0300] {logging_mixin.py:154} INFO - [2024-01-09T11:00:27.886-0300] {dag.py:3722} INFO - Setting next_dagrun for example_task_group_decorator to 2024-01-08T14:00:27.886325+00:00, run_after=2024-01-09T14:00:27.886325+00:00
[2024-01-09T11:00:27.901-0300] {processor.py:179} INFO - Processing /home/felipe/.local/lib/python3.11/site-packages/airflow/example_dags/example_task_group_decorator.py took 0.045 seconds
[2024-01-09T20:53:01.237-0300] {processor.py:157} INFO - Started process (PID=36123) to work on /home/felipe/.local/lib/python3.11/site-packages/airflow/example_dags/example_task_group_decorator.py
[2024-01-09T20:53:01.269-0300] {processor.py:829} INFO - Processing file /home/felipe/.local/lib/python3.11/site-packages/airflow/example_dags/example_task_group_decorator.py for tasks to queue
[2024-01-09T20:53:01.269-0300] {logging_mixin.py:154} INFO - [2024-01-09T20:53:01.269-0300] {dagbag.py:536} INFO - Filling up the DagBag from /home/felipe/.local/lib/python3.11/site-packages/airflow/example_dags/example_task_group_decorator.py
[2024-01-09T20:53:01.280-0300] {processor.py:839} INFO - DAG(s) dict_keys(['example_task_group_decorator']) retrieved from /home/felipe/.local/lib/python3.11/site-packages/airflow/example_dags/example_task_group_decorator.py
[2024-01-09T20:53:01.284-0300] {logging_mixin.py:154} INFO - [2024-01-09T20:53:01.284-0300] {dag.py:2941} INFO - Sync 1 DAGs
[2024-01-09T20:53:01.294-0300] {logging_mixin.py:154} INFO - [2024-01-09T20:53:01.294-0300] {dag.py:3722} INFO - Setting next_dagrun for example_task_group_decorator to 2024-01-08T23:53:01.294769+00:00, run_after=2024-01-09T23:53:01.294769+00:00
[2024-01-09T20:53:01.311-0300] {processor.py:179} INFO - Processing /home/felipe/.local/lib/python3.11/site-packages/airflow/example_dags/example_task_group_decorator.py took 0.077 seconds
[2024-01-09T20:53:49.459-0300] {processor.py:157} INFO - Started process (PID=36574) to work on /home/felipe/.local/lib/python3.11/site-packages/airflow/example_dags/example_task_group_decorator.py
[2024-01-09T20:53:49.459-0300] {processor.py:829} INFO - Processing file /home/felipe/.local/lib/python3.11/site-packages/airflow/example_dags/example_task_group_decorator.py for tasks to queue
[2024-01-09T20:53:49.460-0300] {logging_mixin.py:154} INFO - [2024-01-09T20:53:49.459-0300] {dagbag.py:536} INFO - Filling up the DagBag from /home/felipe/.local/lib/python3.11/site-packages/airflow/example_dags/example_task_group_decorator.py
[2024-01-09T20:53:49.468-0300] {processor.py:839} INFO - DAG(s) dict_keys(['example_task_group_decorator']) retrieved from /home/felipe/.local/lib/python3.11/site-packages/airflow/example_dags/example_task_group_decorator.py
[2024-01-09T20:53:49.479-0300] {logging_mixin.py:154} INFO - [2024-01-09T20:53:49.479-0300] {dag.py:2941} INFO - Sync 1 DAGs
[2024-01-09T20:53:49.489-0300] {logging_mixin.py:154} INFO - [2024-01-09T20:53:49.489-0300] {dag.py:3722} INFO - Setting next_dagrun for example_task_group_decorator to 2024-01-08T23:53:49.489197+00:00, run_after=2024-01-09T23:53:49.489197+00:00
[2024-01-09T20:53:49.502-0300] {processor.py:179} INFO - Processing /home/felipe/.local/lib/python3.11/site-packages/airflow/example_dags/example_task_group_decorator.py took 0.045 seconds
[2024-01-09T20:54:37.205-0300] {processor.py:157} INFO - Started process (PID=36666) to work on /home/felipe/.local/lib/python3.11/site-packages/airflow/example_dags/example_task_group_decorator.py
[2024-01-09T20:54:37.237-0300] {processor.py:829} INFO - Processing file /home/felipe/.local/lib/python3.11/site-packages/airflow/example_dags/example_task_group_decorator.py for tasks to queue
[2024-01-09T20:54:37.238-0300] {logging_mixin.py:154} INFO - [2024-01-09T20:54:37.238-0300] {dagbag.py:536} INFO - Filling up the DagBag from /home/felipe/.local/lib/python3.11/site-packages/airflow/example_dags/example_task_group_decorator.py
[2024-01-09T20:54:37.246-0300] {processor.py:839} INFO - DAG(s) dict_keys(['example_task_group_decorator']) retrieved from /home/felipe/.local/lib/python3.11/site-packages/airflow/example_dags/example_task_group_decorator.py
[2024-01-09T20:54:37.256-0300] {logging_mixin.py:154} INFO - [2024-01-09T20:54:37.256-0300] {dag.py:2941} INFO - Sync 1 DAGs
[2024-01-09T20:54:37.265-0300] {logging_mixin.py:154} INFO - [2024-01-09T20:54:37.265-0300] {dag.py:3722} INFO - Setting next_dagrun for example_task_group_decorator to 2024-01-08T23:54:37.265625+00:00, run_after=2024-01-09T23:54:37.265625+00:00
[2024-01-09T20:54:37.282-0300] {processor.py:179} INFO - Processing /home/felipe/.local/lib/python3.11/site-packages/airflow/example_dags/example_task_group_decorator.py took 0.079 seconds
[2024-01-09T20:55:28.517-0300] {processor.py:157} INFO - Started process (PID=36814) to work on /home/felipe/.local/lib/python3.11/site-packages/airflow/example_dags/example_task_group_decorator.py
[2024-01-09T20:55:28.550-0300] {processor.py:829} INFO - Processing file /home/felipe/.local/lib/python3.11/site-packages/airflow/example_dags/example_task_group_decorator.py for tasks to queue
[2024-01-09T20:55:28.550-0300] {logging_mixin.py:154} INFO - [2024-01-09T20:55:28.550-0300] {dagbag.py:536} INFO - Filling up the DagBag from /home/felipe/.local/lib/python3.11/site-packages/airflow/example_dags/example_task_group_decorator.py
[2024-01-09T20:55:28.559-0300] {processor.py:839} INFO - DAG(s) dict_keys(['example_task_group_decorator']) retrieved from /home/felipe/.local/lib/python3.11/site-packages/airflow/example_dags/example_task_group_decorator.py
[2024-01-09T20:55:28.570-0300] {logging_mixin.py:154} INFO - [2024-01-09T20:55:28.569-0300] {dag.py:2941} INFO - Sync 1 DAGs
[2024-01-09T20:55:28.580-0300] {logging_mixin.py:154} INFO - [2024-01-09T20:55:28.580-0300] {dag.py:3722} INFO - Setting next_dagrun for example_task_group_decorator to 2024-01-08T23:55:28.580202+00:00, run_after=2024-01-09T23:55:28.580202+00:00
[2024-01-09T20:55:28.597-0300] {processor.py:179} INFO - Processing /home/felipe/.local/lib/python3.11/site-packages/airflow/example_dags/example_task_group_decorator.py took 0.081 seconds
[2024-01-09T20:56:21.482-0300] {processor.py:157} INFO - Started process (PID=36919) to work on /home/felipe/.local/lib/python3.11/site-packages/airflow/example_dags/example_task_group_decorator.py
[2024-01-09T20:56:21.514-0300] {processor.py:829} INFO - Processing file /home/felipe/.local/lib/python3.11/site-packages/airflow/example_dags/example_task_group_decorator.py for tasks to queue
[2024-01-09T20:56:21.514-0300] {logging_mixin.py:154} INFO - [2024-01-09T20:56:21.514-0300] {dagbag.py:536} INFO - Filling up the DagBag from /home/felipe/.local/lib/python3.11/site-packages/airflow/example_dags/example_task_group_decorator.py
[2024-01-09T20:56:21.523-0300] {processor.py:839} INFO - DAG(s) dict_keys(['example_task_group_decorator']) retrieved from /home/felipe/.local/lib/python3.11/site-packages/airflow/example_dags/example_task_group_decorator.py
[2024-01-09T20:56:21.534-0300] {logging_mixin.py:154} INFO - [2024-01-09T20:56:21.534-0300] {dag.py:2941} INFO - Sync 1 DAGs
[2024-01-09T20:56:21.544-0300] {logging_mixin.py:154} INFO - [2024-01-09T20:56:21.544-0300] {dag.py:3722} INFO - Setting next_dagrun for example_task_group_decorator to 2024-01-08T23:56:21.544309+00:00, run_after=2024-01-09T23:56:21.544309+00:00
[2024-01-09T20:56:21.555-0300] {processor.py:179} INFO - Processing /home/felipe/.local/lib/python3.11/site-packages/airflow/example_dags/example_task_group_decorator.py took 0.075 seconds
[2024-01-09T20:57:12.143-0300] {processor.py:157} INFO - Started process (PID=37047) to work on /home/felipe/.local/lib/python3.11/site-packages/airflow/example_dags/example_task_group_decorator.py
[2024-01-09T20:57:12.175-0300] {processor.py:829} INFO - Processing file /home/felipe/.local/lib/python3.11/site-packages/airflow/example_dags/example_task_group_decorator.py for tasks to queue
[2024-01-09T20:57:12.175-0300] {logging_mixin.py:154} INFO - [2024-01-09T20:57:12.175-0300] {dagbag.py:536} INFO - Filling up the DagBag from /home/felipe/.local/lib/python3.11/site-packages/airflow/example_dags/example_task_group_decorator.py
[2024-01-09T20:57:12.185-0300] {processor.py:839} INFO - DAG(s) dict_keys(['example_task_group_decorator']) retrieved from /home/felipe/.local/lib/python3.11/site-packages/airflow/example_dags/example_task_group_decorator.py
[2024-01-09T20:57:12.196-0300] {logging_mixin.py:154} INFO - [2024-01-09T20:57:12.196-0300] {dag.py:2941} INFO - Sync 1 DAGs
[2024-01-09T20:57:12.206-0300] {logging_mixin.py:154} INFO - [2024-01-09T20:57:12.206-0300] {dag.py:3722} INFO - Setting next_dagrun for example_task_group_decorator to 2024-01-08T23:57:12.206603+00:00, run_after=2024-01-09T23:57:12.206603+00:00
[2024-01-09T20:57:12.224-0300] {processor.py:179} INFO - Processing /home/felipe/.local/lib/python3.11/site-packages/airflow/example_dags/example_task_group_decorator.py took 0.083 seconds
[2024-01-09T20:58:01.071-0300] {processor.py:157} INFO - Started process (PID=37155) to work on /home/felipe/.local/lib/python3.11/site-packages/airflow/example_dags/example_task_group_decorator.py
[2024-01-09T20:58:01.103-0300] {processor.py:829} INFO - Processing file /home/felipe/.local/lib/python3.11/site-packages/airflow/example_dags/example_task_group_decorator.py for tasks to queue
[2024-01-09T20:58:01.103-0300] {logging_mixin.py:154} INFO - [2024-01-09T20:58:01.103-0300] {dagbag.py:536} INFO - Filling up the DagBag from /home/felipe/.local/lib/python3.11/site-packages/airflow/example_dags/example_task_group_decorator.py
[2024-01-09T20:58:01.112-0300] {processor.py:839} INFO - DAG(s) dict_keys(['example_task_group_decorator']) retrieved from /home/felipe/.local/lib/python3.11/site-packages/airflow/example_dags/example_task_group_decorator.py
[2024-01-09T20:58:01.122-0300] {logging_mixin.py:154} INFO - [2024-01-09T20:58:01.121-0300] {dag.py:2941} INFO - Sync 1 DAGs
[2024-01-09T20:58:01.131-0300] {logging_mixin.py:154} INFO - [2024-01-09T20:58:01.131-0300] {dag.py:3722} INFO - Setting next_dagrun for example_task_group_decorator to 2024-01-08T23:58:01.131365+00:00, run_after=2024-01-09T23:58:01.131365+00:00
[2024-01-09T20:58:01.148-0300] {processor.py:179} INFO - Processing /home/felipe/.local/lib/python3.11/site-packages/airflow/example_dags/example_task_group_decorator.py took 0.079 seconds
[2024-01-09T20:58:54.634-0300] {processor.py:157} INFO - Started process (PID=37298) to work on /home/felipe/.local/lib/python3.11/site-packages/airflow/example_dags/example_task_group_decorator.py
[2024-01-09T20:58:54.644-0300] {processor.py:829} INFO - Processing file /home/felipe/.local/lib/python3.11/site-packages/airflow/example_dags/example_task_group_decorator.py for tasks to queue
[2024-01-09T20:58:54.644-0300] {logging_mixin.py:154} INFO - [2024-01-09T20:58:54.644-0300] {dagbag.py:536} INFO - Filling up the DagBag from /home/felipe/.local/lib/python3.11/site-packages/airflow/example_dags/example_task_group_decorator.py
[2024-01-09T20:58:54.653-0300] {processor.py:839} INFO - DAG(s) dict_keys(['example_task_group_decorator']) retrieved from /home/felipe/.local/lib/python3.11/site-packages/airflow/example_dags/example_task_group_decorator.py
[2024-01-09T20:58:54.662-0300] {logging_mixin.py:154} INFO - [2024-01-09T20:58:54.662-0300] {dag.py:2941} INFO - Sync 1 DAGs
[2024-01-09T20:58:54.671-0300] {logging_mixin.py:154} INFO - [2024-01-09T20:58:54.671-0300] {dag.py:3722} INFO - Setting next_dagrun for example_task_group_decorator to 2024-01-08T23:58:54.671731+00:00, run_after=2024-01-09T23:58:54.671731+00:00
[2024-01-09T20:58:54.684-0300] {processor.py:179} INFO - Processing /home/felipe/.local/lib/python3.11/site-packages/airflow/example_dags/example_task_group_decorator.py took 0.052 seconds
[2024-01-09T20:59:49.479-0300] {processor.py:157} INFO - Started process (PID=37418) to work on /home/felipe/.local/lib/python3.11/site-packages/airflow/example_dags/example_task_group_decorator.py
[2024-01-09T20:59:49.512-0300] {processor.py:829} INFO - Processing file /home/felipe/.local/lib/python3.11/site-packages/airflow/example_dags/example_task_group_decorator.py for tasks to queue
[2024-01-09T20:59:49.512-0300] {logging_mixin.py:154} INFO - [2024-01-09T20:59:49.512-0300] {dagbag.py:536} INFO - Filling up the DagBag from /home/felipe/.local/lib/python3.11/site-packages/airflow/example_dags/example_task_group_decorator.py
[2024-01-09T20:59:49.521-0300] {processor.py:839} INFO - DAG(s) dict_keys(['example_task_group_decorator']) retrieved from /home/felipe/.local/lib/python3.11/site-packages/airflow/example_dags/example_task_group_decorator.py
[2024-01-09T20:59:49.531-0300] {logging_mixin.py:154} INFO - [2024-01-09T20:59:49.531-0300] {dag.py:2941} INFO - Sync 1 DAGs
[2024-01-09T20:59:49.542-0300] {logging_mixin.py:154} INFO - [2024-01-09T20:59:49.542-0300] {dag.py:3722} INFO - Setting next_dagrun for example_task_group_decorator to 2024-01-08T23:59:49.541890+00:00, run_after=2024-01-09T23:59:49.541890+00:00
[2024-01-09T20:59:49.560-0300] {processor.py:179} INFO - Processing /home/felipe/.local/lib/python3.11/site-packages/airflow/example_dags/example_task_group_decorator.py took 0.083 seconds
