[2024-01-09T10:10:25.652-0300] {processor.py:157} INFO - Started process (PID=8541) to work on /home/felipe/.local/lib/python3.11/site-packages/airflow/example_dags/example_latest_only_with_trigger.py
[2024-01-09T10:10:25.653-0300] {processor.py:829} INFO - Processing file /home/felipe/.local/lib/python3.11/site-packages/airflow/example_dags/example_latest_only_with_trigger.py for tasks to queue
[2024-01-09T10:10:25.653-0300] {logging_mixin.py:154} INFO - [2024-01-09T10:10:25.653-0300] {dagbag.py:536} INFO - Filling up the DagBag from /home/felipe/.local/lib/python3.11/site-packages/airflow/example_dags/example_latest_only_with_trigger.py
[2024-01-09T10:10:25.658-0300] {processor.py:839} INFO - DAG(s) dict_keys(['latest_only_with_trigger']) retrieved from /home/felipe/.local/lib/python3.11/site-packages/airflow/example_dags/example_latest_only_with_trigger.py
[2024-01-09T10:10:25.670-0300] {logging_mixin.py:154} INFO - [2024-01-09T10:10:25.670-0300] {dag.py:2941} INFO - Sync 1 DAGs
[2024-01-09T10:10:25.679-0300] {logging_mixin.py:154} INFO - [2024-01-09T10:10:25.679-0300] {dag.py:3722} INFO - Setting next_dagrun for latest_only_with_trigger to 2024-01-09T09:10:25.679703+00:00, run_after=2024-01-09T13:10:25.679703+00:00
[2024-01-09T10:10:25.720-0300] {processor.py:179} INFO - Processing /home/felipe/.local/lib/python3.11/site-packages/airflow/example_dags/example_latest_only_with_trigger.py took 0.070 seconds
[2024-01-09T10:11:18.897-0300] {processor.py:157} INFO - Started process (PID=8670) to work on /home/felipe/.local/lib/python3.11/site-packages/airflow/example_dags/example_latest_only_with_trigger.py
[2024-01-09T10:11:18.897-0300] {processor.py:829} INFO - Processing file /home/felipe/.local/lib/python3.11/site-packages/airflow/example_dags/example_latest_only_with_trigger.py for tasks to queue
[2024-01-09T10:11:18.898-0300] {logging_mixin.py:154} INFO - [2024-01-09T10:11:18.897-0300] {dagbag.py:536} INFO - Filling up the DagBag from /home/felipe/.local/lib/python3.11/site-packages/airflow/example_dags/example_latest_only_with_trigger.py
[2024-01-09T10:11:18.901-0300] {processor.py:839} INFO - DAG(s) dict_keys(['latest_only_with_trigger']) retrieved from /home/felipe/.local/lib/python3.11/site-packages/airflow/example_dags/example_latest_only_with_trigger.py
[2024-01-09T10:11:18.910-0300] {logging_mixin.py:154} INFO - [2024-01-09T10:11:18.910-0300] {dag.py:2941} INFO - Sync 1 DAGs
[2024-01-09T10:11:18.920-0300] {logging_mixin.py:154} INFO - [2024-01-09T10:11:18.920-0300] {dag.py:3722} INFO - Setting next_dagrun for latest_only_with_trigger to 2024-01-09T09:11:18.920240+00:00, run_after=2024-01-09T13:11:18.920240+00:00
[2024-01-09T10:11:18.929-0300] {processor.py:179} INFO - Processing /home/felipe/.local/lib/python3.11/site-packages/airflow/example_dags/example_latest_only_with_trigger.py took 0.034 seconds
[2024-01-09T10:12:12.082-0300] {processor.py:157} INFO - Started process (PID=8775) to work on /home/felipe/.local/lib/python3.11/site-packages/airflow/example_dags/example_latest_only_with_trigger.py
[2024-01-09T10:12:12.114-0300] {processor.py:829} INFO - Processing file /home/felipe/.local/lib/python3.11/site-packages/airflow/example_dags/example_latest_only_with_trigger.py for tasks to queue
[2024-01-09T10:12:12.115-0300] {logging_mixin.py:154} INFO - [2024-01-09T10:12:12.114-0300] {dagbag.py:536} INFO - Filling up the DagBag from /home/felipe/.local/lib/python3.11/site-packages/airflow/example_dags/example_latest_only_with_trigger.py
[2024-01-09T10:12:12.118-0300] {processor.py:839} INFO - DAG(s) dict_keys(['latest_only_with_trigger']) retrieved from /home/felipe/.local/lib/python3.11/site-packages/airflow/example_dags/example_latest_only_with_trigger.py
[2024-01-09T10:12:12.127-0300] {logging_mixin.py:154} INFO - [2024-01-09T10:12:12.127-0300] {dag.py:2941} INFO - Sync 1 DAGs
[2024-01-09T10:12:12.137-0300] {logging_mixin.py:154} INFO - [2024-01-09T10:12:12.136-0300] {dag.py:3722} INFO - Setting next_dagrun for latest_only_with_trigger to 2024-01-09T09:12:12.136864+00:00, run_after=2024-01-09T13:12:12.136864+00:00
[2024-01-09T10:12:12.153-0300] {processor.py:179} INFO - Processing /home/felipe/.local/lib/python3.11/site-packages/airflow/example_dags/example_latest_only_with_trigger.py took 0.073 seconds
[2024-01-09T10:13:00.849-0300] {processor.py:157} INFO - Started process (PID=8868) to work on /home/felipe/.local/lib/python3.11/site-packages/airflow/example_dags/example_latest_only_with_trigger.py
[2024-01-09T10:13:00.892-0300] {processor.py:829} INFO - Processing file /home/felipe/.local/lib/python3.11/site-packages/airflow/example_dags/example_latest_only_with_trigger.py for tasks to queue
[2024-01-09T10:13:00.892-0300] {logging_mixin.py:154} INFO - [2024-01-09T10:13:00.892-0300] {dagbag.py:536} INFO - Filling up the DagBag from /home/felipe/.local/lib/python3.11/site-packages/airflow/example_dags/example_latest_only_with_trigger.py
[2024-01-09T10:13:00.896-0300] {processor.py:839} INFO - DAG(s) dict_keys(['latest_only_with_trigger']) retrieved from /home/felipe/.local/lib/python3.11/site-packages/airflow/example_dags/example_latest_only_with_trigger.py
[2024-01-09T10:13:00.905-0300] {logging_mixin.py:154} INFO - [2024-01-09T10:13:00.905-0300] {dag.py:2941} INFO - Sync 1 DAGs
[2024-01-09T10:13:00.915-0300] {logging_mixin.py:154} INFO - [2024-01-09T10:13:00.914-0300] {dag.py:3722} INFO - Setting next_dagrun for latest_only_with_trigger to 2024-01-09T09:13:00.914814+00:00, run_after=2024-01-09T13:13:00.914814+00:00
[2024-01-09T10:13:00.931-0300] {processor.py:179} INFO - Processing /home/felipe/.local/lib/python3.11/site-packages/airflow/example_dags/example_latest_only_with_trigger.py took 0.083 seconds
[2024-01-09T10:13:47.067-0300] {processor.py:157} INFO - Started process (PID=8944) to work on /home/felipe/.local/lib/python3.11/site-packages/airflow/example_dags/example_latest_only_with_trigger.py
[2024-01-09T10:13:47.100-0300] {processor.py:829} INFO - Processing file /home/felipe/.local/lib/python3.11/site-packages/airflow/example_dags/example_latest_only_with_trigger.py for tasks to queue
[2024-01-09T10:13:47.100-0300] {logging_mixin.py:154} INFO - [2024-01-09T10:13:47.100-0300] {dagbag.py:536} INFO - Filling up the DagBag from /home/felipe/.local/lib/python3.11/site-packages/airflow/example_dags/example_latest_only_with_trigger.py
[2024-01-09T10:13:47.104-0300] {processor.py:839} INFO - DAG(s) dict_keys(['latest_only_with_trigger']) retrieved from /home/felipe/.local/lib/python3.11/site-packages/airflow/example_dags/example_latest_only_with_trigger.py
[2024-01-09T10:13:47.114-0300] {logging_mixin.py:154} INFO - [2024-01-09T10:13:47.114-0300] {dag.py:2941} INFO - Sync 1 DAGs
[2024-01-09T10:13:47.124-0300] {logging_mixin.py:154} INFO - [2024-01-09T10:13:47.124-0300] {dag.py:3722} INFO - Setting next_dagrun for latest_only_with_trigger to 2024-01-09T09:13:47.124532+00:00, run_after=2024-01-09T13:13:47.124532+00:00
[2024-01-09T10:13:47.142-0300] {processor.py:179} INFO - Processing /home/felipe/.local/lib/python3.11/site-packages/airflow/example_dags/example_latest_only_with_trigger.py took 0.076 seconds
[2024-01-09T10:14:40.101-0300] {processor.py:157} INFO - Started process (PID=9023) to work on /home/felipe/.local/lib/python3.11/site-packages/airflow/example_dags/example_latest_only_with_trigger.py
[2024-01-09T10:14:40.102-0300] {processor.py:829} INFO - Processing file /home/felipe/.local/lib/python3.11/site-packages/airflow/example_dags/example_latest_only_with_trigger.py for tasks to queue
[2024-01-09T10:14:40.102-0300] {logging_mixin.py:154} INFO - [2024-01-09T10:14:40.102-0300] {dagbag.py:536} INFO - Filling up the DagBag from /home/felipe/.local/lib/python3.11/site-packages/airflow/example_dags/example_latest_only_with_trigger.py
[2024-01-09T10:14:40.106-0300] {processor.py:839} INFO - DAG(s) dict_keys(['latest_only_with_trigger']) retrieved from /home/felipe/.local/lib/python3.11/site-packages/airflow/example_dags/example_latest_only_with_trigger.py
[2024-01-09T10:14:40.115-0300] {logging_mixin.py:154} INFO - [2024-01-09T10:14:40.115-0300] {dag.py:2941} INFO - Sync 1 DAGs
[2024-01-09T10:14:40.125-0300] {logging_mixin.py:154} INFO - [2024-01-09T10:14:40.125-0300] {dag.py:3722} INFO - Setting next_dagrun for latest_only_with_trigger to 2024-01-09T09:14:40.125002+00:00, run_after=2024-01-09T13:14:40.125002+00:00
[2024-01-09T10:14:40.137-0300] {processor.py:179} INFO - Processing /home/felipe/.local/lib/python3.11/site-packages/airflow/example_dags/example_latest_only_with_trigger.py took 0.037 seconds
[2024-01-09T10:32:17.492-0300] {processor.py:157} INFO - Started process (PID=11171) to work on /home/felipe/.local/lib/python3.11/site-packages/airflow/example_dags/example_latest_only_with_trigger.py
[2024-01-09T10:32:17.500-0300] {processor.py:829} INFO - Processing file /home/felipe/.local/lib/python3.11/site-packages/airflow/example_dags/example_latest_only_with_trigger.py for tasks to queue
[2024-01-09T10:32:17.501-0300] {logging_mixin.py:154} INFO - [2024-01-09T10:32:17.500-0300] {dagbag.py:536} INFO - Filling up the DagBag from /home/felipe/.local/lib/python3.11/site-packages/airflow/example_dags/example_latest_only_with_trigger.py
[2024-01-09T10:32:17.504-0300] {processor.py:839} INFO - DAG(s) dict_keys(['latest_only_with_trigger']) retrieved from /home/felipe/.local/lib/python3.11/site-packages/airflow/example_dags/example_latest_only_with_trigger.py
[2024-01-09T10:32:17.516-0300] {logging_mixin.py:154} INFO - [2024-01-09T10:32:17.516-0300] {dag.py:2941} INFO - Sync 1 DAGs
[2024-01-09T10:32:17.525-0300] {logging_mixin.py:154} INFO - [2024-01-09T10:32:17.525-0300] {dag.py:3722} INFO - Setting next_dagrun for latest_only_with_trigger to 2024-01-09T09:32:17.525060+00:00, run_after=2024-01-09T13:32:17.525060+00:00
[2024-01-09T10:32:17.534-0300] {processor.py:179} INFO - Processing /home/felipe/.local/lib/python3.11/site-packages/airflow/example_dags/example_latest_only_with_trigger.py took 0.043 seconds
[2024-01-09T10:38:27.777-0300] {processor.py:157} INFO - Started process (PID=11796) to work on /home/felipe/.local/lib/python3.11/site-packages/airflow/example_dags/example_latest_only_with_trigger.py
[2024-01-09T10:38:27.809-0300] {processor.py:829} INFO - Processing file /home/felipe/.local/lib/python3.11/site-packages/airflow/example_dags/example_latest_only_with_trigger.py for tasks to queue
[2024-01-09T10:38:27.810-0300] {logging_mixin.py:154} INFO - [2024-01-09T10:38:27.810-0300] {dagbag.py:536} INFO - Filling up the DagBag from /home/felipe/.local/lib/python3.11/site-packages/airflow/example_dags/example_latest_only_with_trigger.py
[2024-01-09T10:38:27.814-0300] {processor.py:839} INFO - DAG(s) dict_keys(['latest_only_with_trigger']) retrieved from /home/felipe/.local/lib/python3.11/site-packages/airflow/example_dags/example_latest_only_with_trigger.py
[2024-01-09T10:38:27.822-0300] {logging_mixin.py:154} INFO - [2024-01-09T10:38:27.822-0300] {dag.py:2941} INFO - Sync 1 DAGs
[2024-01-09T10:38:27.830-0300] {logging_mixin.py:154} INFO - [2024-01-09T10:38:27.830-0300] {dag.py:3722} INFO - Setting next_dagrun for latest_only_with_trigger to 2024-01-09T09:38:27.830653+00:00, run_after=2024-01-09T13:38:27.830653+00:00
[2024-01-09T10:38:27.846-0300] {processor.py:179} INFO - Processing /home/felipe/.local/lib/python3.11/site-packages/airflow/example_dags/example_latest_only_with_trigger.py took 0.071 seconds
[2024-01-09T10:39:18.681-0300] {processor.py:157} INFO - Started process (PID=11891) to work on /home/felipe/.local/lib/python3.11/site-packages/airflow/example_dags/example_latest_only_with_trigger.py
[2024-01-09T10:39:18.713-0300] {processor.py:829} INFO - Processing file /home/felipe/.local/lib/python3.11/site-packages/airflow/example_dags/example_latest_only_with_trigger.py for tasks to queue
[2024-01-09T10:39:18.713-0300] {logging_mixin.py:154} INFO - [2024-01-09T10:39:18.713-0300] {dagbag.py:536} INFO - Filling up the DagBag from /home/felipe/.local/lib/python3.11/site-packages/airflow/example_dags/example_latest_only_with_trigger.py
[2024-01-09T10:39:18.717-0300] {processor.py:839} INFO - DAG(s) dict_keys(['latest_only_with_trigger']) retrieved from /home/felipe/.local/lib/python3.11/site-packages/airflow/example_dags/example_latest_only_with_trigger.py
[2024-01-09T10:39:18.726-0300] {logging_mixin.py:154} INFO - [2024-01-09T10:39:18.726-0300] {dag.py:2941} INFO - Sync 1 DAGs
[2024-01-09T10:39:18.734-0300] {logging_mixin.py:154} INFO - [2024-01-09T10:39:18.734-0300] {dag.py:3722} INFO - Setting next_dagrun for latest_only_with_trigger to 2024-01-09T09:39:18.734108+00:00, run_after=2024-01-09T13:39:18.734108+00:00
[2024-01-09T10:39:18.750-0300] {processor.py:179} INFO - Processing /home/felipe/.local/lib/python3.11/site-packages/airflow/example_dags/example_latest_only_with_trigger.py took 0.071 seconds
[2024-01-09T10:40:06.652-0300] {processor.py:157} INFO - Started process (PID=11976) to work on /home/felipe/.local/lib/python3.11/site-packages/airflow/example_dags/example_latest_only_with_trigger.py
[2024-01-09T10:40:06.684-0300] {processor.py:829} INFO - Processing file /home/felipe/.local/lib/python3.11/site-packages/airflow/example_dags/example_latest_only_with_trigger.py for tasks to queue
[2024-01-09T10:40:06.684-0300] {logging_mixin.py:154} INFO - [2024-01-09T10:40:06.684-0300] {dagbag.py:536} INFO - Filling up the DagBag from /home/felipe/.local/lib/python3.11/site-packages/airflow/example_dags/example_latest_only_with_trigger.py
[2024-01-09T10:40:06.688-0300] {processor.py:839} INFO - DAG(s) dict_keys(['latest_only_with_trigger']) retrieved from /home/felipe/.local/lib/python3.11/site-packages/airflow/example_dags/example_latest_only_with_trigger.py
[2024-01-09T10:40:06.696-0300] {logging_mixin.py:154} INFO - [2024-01-09T10:40:06.696-0300] {dag.py:2941} INFO - Sync 1 DAGs
[2024-01-09T10:40:06.704-0300] {logging_mixin.py:154} INFO - [2024-01-09T10:40:06.704-0300] {dag.py:3722} INFO - Setting next_dagrun for latest_only_with_trigger to 2024-01-09T09:40:06.704409+00:00, run_after=2024-01-09T13:40:06.704409+00:00
[2024-01-09T10:40:06.720-0300] {processor.py:179} INFO - Processing /home/felipe/.local/lib/python3.11/site-packages/airflow/example_dags/example_latest_only_with_trigger.py took 0.070 seconds
[2024-01-09T10:41:00.504-0300] {processor.py:157} INFO - Started process (PID=12158) to work on /home/felipe/.local/lib/python3.11/site-packages/airflow/example_dags/example_latest_only_with_trigger.py
[2024-01-09T10:41:00.536-0300] {processor.py:829} INFO - Processing file /home/felipe/.local/lib/python3.11/site-packages/airflow/example_dags/example_latest_only_with_trigger.py for tasks to queue
[2024-01-09T10:41:00.536-0300] {logging_mixin.py:154} INFO - [2024-01-09T10:41:00.536-0300] {dagbag.py:536} INFO - Filling up the DagBag from /home/felipe/.local/lib/python3.11/site-packages/airflow/example_dags/example_latest_only_with_trigger.py
[2024-01-09T10:41:00.540-0300] {processor.py:839} INFO - DAG(s) dict_keys(['latest_only_with_trigger']) retrieved from /home/felipe/.local/lib/python3.11/site-packages/airflow/example_dags/example_latest_only_with_trigger.py
[2024-01-09T10:41:00.549-0300] {logging_mixin.py:154} INFO - [2024-01-09T10:41:00.549-0300] {dag.py:2941} INFO - Sync 1 DAGs
[2024-01-09T10:41:00.557-0300] {logging_mixin.py:154} INFO - [2024-01-09T10:41:00.557-0300] {dag.py:3722} INFO - Setting next_dagrun for latest_only_with_trigger to 2024-01-09T09:41:00.557038+00:00, run_after=2024-01-09T13:41:00.557038+00:00
[2024-01-09T10:41:00.573-0300] {processor.py:179} INFO - Processing /home/felipe/.local/lib/python3.11/site-packages/airflow/example_dags/example_latest_only_with_trigger.py took 0.071 seconds
[2024-01-09T10:44:13.924-0300] {processor.py:157} INFO - Started process (PID=12609) to work on /home/felipe/.local/lib/python3.11/site-packages/airflow/example_dags/example_latest_only_with_trigger.py
[2024-01-09T10:44:13.926-0300] {processor.py:829} INFO - Processing file /home/felipe/.local/lib/python3.11/site-packages/airflow/example_dags/example_latest_only_with_trigger.py for tasks to queue
[2024-01-09T10:44:13.927-0300] {logging_mixin.py:154} INFO - [2024-01-09T10:44:13.927-0300] {dagbag.py:536} INFO - Filling up the DagBag from /home/felipe/.local/lib/python3.11/site-packages/airflow/example_dags/example_latest_only_with_trigger.py
[2024-01-09T10:44:13.931-0300] {processor.py:839} INFO - DAG(s) dict_keys(['latest_only_with_trigger']) retrieved from /home/felipe/.local/lib/python3.11/site-packages/airflow/example_dags/example_latest_only_with_trigger.py
[2024-01-09T10:44:13.939-0300] {logging_mixin.py:154} INFO - [2024-01-09T10:44:13.939-0300] {dag.py:2941} INFO - Sync 1 DAGs
[2024-01-09T10:44:13.947-0300] {logging_mixin.py:154} INFO - [2024-01-09T10:44:13.947-0300] {dag.py:3722} INFO - Setting next_dagrun for latest_only_with_trigger to 2024-01-09T09:44:13.947330+00:00, run_after=2024-01-09T13:44:13.947330+00:00
[2024-01-09T10:44:13.961-0300] {processor.py:179} INFO - Processing /home/felipe/.local/lib/python3.11/site-packages/airflow/example_dags/example_latest_only_with_trigger.py took 0.039 seconds
[2024-01-09T10:47:09.236-0300] {processor.py:157} INFO - Started process (PID=13378) to work on /home/felipe/.local/lib/python3.11/site-packages/airflow/example_dags/example_latest_only_with_trigger.py
[2024-01-09T10:47:09.236-0300] {processor.py:829} INFO - Processing file /home/felipe/.local/lib/python3.11/site-packages/airflow/example_dags/example_latest_only_with_trigger.py for tasks to queue
[2024-01-09T10:47:09.237-0300] {logging_mixin.py:154} INFO - [2024-01-09T10:47:09.236-0300] {dagbag.py:536} INFO - Filling up the DagBag from /home/felipe/.local/lib/python3.11/site-packages/airflow/example_dags/example_latest_only_with_trigger.py
[2024-01-09T10:47:09.240-0300] {processor.py:839} INFO - DAG(s) dict_keys(['latest_only_with_trigger']) retrieved from /home/felipe/.local/lib/python3.11/site-packages/airflow/example_dags/example_latest_only_with_trigger.py
[2024-01-09T10:47:09.249-0300] {logging_mixin.py:154} INFO - [2024-01-09T10:47:09.249-0300] {dag.py:2941} INFO - Sync 1 DAGs
[2024-01-09T10:47:09.257-0300] {logging_mixin.py:154} INFO - [2024-01-09T10:47:09.257-0300] {dag.py:3722} INFO - Setting next_dagrun for latest_only_with_trigger to 2024-01-09T09:47:09.257638+00:00, run_after=2024-01-09T13:47:09.257638+00:00
[2024-01-09T10:47:09.267-0300] {processor.py:179} INFO - Processing /home/felipe/.local/lib/python3.11/site-packages/airflow/example_dags/example_latest_only_with_trigger.py took 0.033 seconds
[2024-01-09T10:49:54.536-0300] {processor.py:157} INFO - Started process (PID=13811) to work on /home/felipe/.local/lib/python3.11/site-packages/airflow/example_dags/example_latest_only_with_trigger.py
[2024-01-09T10:49:54.539-0300] {processor.py:829} INFO - Processing file /home/felipe/.local/lib/python3.11/site-packages/airflow/example_dags/example_latest_only_with_trigger.py for tasks to queue
[2024-01-09T10:49:54.540-0300] {logging_mixin.py:154} INFO - [2024-01-09T10:49:54.540-0300] {dagbag.py:536} INFO - Filling up the DagBag from /home/felipe/.local/lib/python3.11/site-packages/airflow/example_dags/example_latest_only_with_trigger.py
[2024-01-09T10:49:54.544-0300] {processor.py:839} INFO - DAG(s) dict_keys(['latest_only_with_trigger']) retrieved from /home/felipe/.local/lib/python3.11/site-packages/airflow/example_dags/example_latest_only_with_trigger.py
[2024-01-09T10:49:54.552-0300] {logging_mixin.py:154} INFO - [2024-01-09T10:49:54.552-0300] {dag.py:2941} INFO - Sync 1 DAGs
[2024-01-09T10:49:54.561-0300] {logging_mixin.py:154} INFO - [2024-01-09T10:49:54.561-0300] {dag.py:3722} INFO - Setting next_dagrun for latest_only_with_trigger to 2024-01-09T09:49:54.560935+00:00, run_after=2024-01-09T13:49:54.560935+00:00
[2024-01-09T10:49:54.571-0300] {processor.py:179} INFO - Processing /home/felipe/.local/lib/python3.11/site-packages/airflow/example_dags/example_latest_only_with_trigger.py took 0.037 seconds
[2024-01-09T10:52:11.426-0300] {processor.py:157} INFO - Started process (PID=14053) to work on /home/felipe/.local/lib/python3.11/site-packages/airflow/example_dags/example_latest_only_with_trigger.py
[2024-01-09T10:52:11.438-0300] {processor.py:829} INFO - Processing file /home/felipe/.local/lib/python3.11/site-packages/airflow/example_dags/example_latest_only_with_trigger.py for tasks to queue
[2024-01-09T10:52:11.439-0300] {logging_mixin.py:154} INFO - [2024-01-09T10:52:11.438-0300] {dagbag.py:536} INFO - Filling up the DagBag from /home/felipe/.local/lib/python3.11/site-packages/airflow/example_dags/example_latest_only_with_trigger.py
[2024-01-09T10:52:11.443-0300] {processor.py:839} INFO - DAG(s) dict_keys(['latest_only_with_trigger']) retrieved from /home/felipe/.local/lib/python3.11/site-packages/airflow/example_dags/example_latest_only_with_trigger.py
[2024-01-09T10:52:11.454-0300] {logging_mixin.py:154} INFO - [2024-01-09T10:52:11.454-0300] {dag.py:2941} INFO - Sync 1 DAGs
[2024-01-09T10:52:11.462-0300] {logging_mixin.py:154} INFO - [2024-01-09T10:52:11.462-0300] {dag.py:3722} INFO - Setting next_dagrun for latest_only_with_trigger to 2024-01-09T09:52:11.462744+00:00, run_after=2024-01-09T13:52:11.462744+00:00
[2024-01-09T10:52:11.473-0300] {processor.py:179} INFO - Processing /home/felipe/.local/lib/python3.11/site-packages/airflow/example_dags/example_latest_only_with_trigger.py took 0.049 seconds
[2024-01-09T10:53:51.220-0300] {processor.py:157} INFO - Started process (PID=14341) to work on /home/felipe/.local/lib/python3.11/site-packages/airflow/example_dags/example_latest_only_with_trigger.py
[2024-01-09T10:53:51.252-0300] {processor.py:829} INFO - Processing file /home/felipe/.local/lib/python3.11/site-packages/airflow/example_dags/example_latest_only_with_trigger.py for tasks to queue
[2024-01-09T10:53:51.253-0300] {logging_mixin.py:154} INFO - [2024-01-09T10:53:51.253-0300] {dagbag.py:536} INFO - Filling up the DagBag from /home/felipe/.local/lib/python3.11/site-packages/airflow/example_dags/example_latest_only_with_trigger.py
[2024-01-09T10:53:51.257-0300] {processor.py:839} INFO - DAG(s) dict_keys(['latest_only_with_trigger']) retrieved from /home/felipe/.local/lib/python3.11/site-packages/airflow/example_dags/example_latest_only_with_trigger.py
[2024-01-09T10:53:51.266-0300] {logging_mixin.py:154} INFO - [2024-01-09T10:53:51.265-0300] {dag.py:2941} INFO - Sync 1 DAGs
[2024-01-09T10:53:51.274-0300] {logging_mixin.py:154} INFO - [2024-01-09T10:53:51.274-0300] {dag.py:3722} INFO - Setting next_dagrun for latest_only_with_trigger to 2024-01-09T09:53:51.273899+00:00, run_after=2024-01-09T13:53:51.273899+00:00
[2024-01-09T10:53:51.298-0300] {processor.py:179} INFO - Processing /home/felipe/.local/lib/python3.11/site-packages/airflow/example_dags/example_latest_only_with_trigger.py took 0.080 seconds
[2024-01-09T10:56:19.348-0300] {processor.py:157} INFO - Started process (PID=14919) to work on /home/felipe/.local/lib/python3.11/site-packages/airflow/example_dags/example_latest_only_with_trigger.py
[2024-01-09T10:56:19.380-0300] {processor.py:829} INFO - Processing file /home/felipe/.local/lib/python3.11/site-packages/airflow/example_dags/example_latest_only_with_trigger.py for tasks to queue
[2024-01-09T10:56:19.380-0300] {logging_mixin.py:154} INFO - [2024-01-09T10:56:19.380-0300] {dagbag.py:536} INFO - Filling up the DagBag from /home/felipe/.local/lib/python3.11/site-packages/airflow/example_dags/example_latest_only_with_trigger.py
[2024-01-09T10:56:19.384-0300] {processor.py:839} INFO - DAG(s) dict_keys(['latest_only_with_trigger']) retrieved from /home/felipe/.local/lib/python3.11/site-packages/airflow/example_dags/example_latest_only_with_trigger.py
[2024-01-09T10:56:19.394-0300] {logging_mixin.py:154} INFO - [2024-01-09T10:56:19.394-0300] {dag.py:2941} INFO - Sync 1 DAGs
[2024-01-09T10:56:19.403-0300] {logging_mixin.py:154} INFO - [2024-01-09T10:56:19.403-0300] {dag.py:3722} INFO - Setting next_dagrun for latest_only_with_trigger to 2024-01-09T09:56:19.402935+00:00, run_after=2024-01-09T13:56:19.402935+00:00
[2024-01-09T10:56:19.419-0300] {processor.py:179} INFO - Processing /home/felipe/.local/lib/python3.11/site-packages/airflow/example_dags/example_latest_only_with_trigger.py took 0.074 seconds
[2024-01-09T10:58:26.006-0300] {processor.py:157} INFO - Started process (PID=15247) to work on /home/felipe/.local/lib/python3.11/site-packages/airflow/example_dags/example_latest_only_with_trigger.py
[2024-01-09T10:58:26.007-0300] {processor.py:829} INFO - Processing file /home/felipe/.local/lib/python3.11/site-packages/airflow/example_dags/example_latest_only_with_trigger.py for tasks to queue
[2024-01-09T10:58:26.007-0300] {logging_mixin.py:154} INFO - [2024-01-09T10:58:26.007-0300] {dagbag.py:536} INFO - Filling up the DagBag from /home/felipe/.local/lib/python3.11/site-packages/airflow/example_dags/example_latest_only_with_trigger.py
[2024-01-09T10:58:26.011-0300] {processor.py:839} INFO - DAG(s) dict_keys(['latest_only_with_trigger']) retrieved from /home/felipe/.local/lib/python3.11/site-packages/airflow/example_dags/example_latest_only_with_trigger.py
[2024-01-09T10:58:26.020-0300] {logging_mixin.py:154} INFO - [2024-01-09T10:58:26.020-0300] {dag.py:2941} INFO - Sync 1 DAGs
[2024-01-09T10:58:26.028-0300] {logging_mixin.py:154} INFO - [2024-01-09T10:58:26.028-0300] {dag.py:3722} INFO - Setting next_dagrun for latest_only_with_trigger to 2024-01-09T09:58:26.028003+00:00, run_after=2024-01-09T13:58:26.028003+00:00
[2024-01-09T10:58:26.037-0300] {processor.py:179} INFO - Processing /home/felipe/.local/lib/python3.11/site-packages/airflow/example_dags/example_latest_only_with_trigger.py took 0.033 seconds
[2024-01-09T11:00:26.724-0300] {processor.py:157} INFO - Started process (PID=15530) to work on /home/felipe/.local/lib/python3.11/site-packages/airflow/example_dags/example_latest_only_with_trigger.py
[2024-01-09T11:00:26.756-0300] {processor.py:829} INFO - Processing file /home/felipe/.local/lib/python3.11/site-packages/airflow/example_dags/example_latest_only_with_trigger.py for tasks to queue
[2024-01-09T11:00:26.756-0300] {logging_mixin.py:154} INFO - [2024-01-09T11:00:26.756-0300] {dagbag.py:536} INFO - Filling up the DagBag from /home/felipe/.local/lib/python3.11/site-packages/airflow/example_dags/example_latest_only_with_trigger.py
[2024-01-09T11:00:26.760-0300] {processor.py:839} INFO - DAG(s) dict_keys(['latest_only_with_trigger']) retrieved from /home/felipe/.local/lib/python3.11/site-packages/airflow/example_dags/example_latest_only_with_trigger.py
[2024-01-09T11:00:26.769-0300] {logging_mixin.py:154} INFO - [2024-01-09T11:00:26.769-0300] {dag.py:2941} INFO - Sync 1 DAGs
[2024-01-09T11:00:26.777-0300] {logging_mixin.py:154} INFO - [2024-01-09T11:00:26.777-0300] {dag.py:3722} INFO - Setting next_dagrun for latest_only_with_trigger to 2024-01-09T10:00:26.777568+00:00, run_after=2024-01-09T14:00:26.777568+00:00
[2024-01-09T11:00:26.795-0300] {processor.py:179} INFO - Processing /home/felipe/.local/lib/python3.11/site-packages/airflow/example_dags/example_latest_only_with_trigger.py took 0.073 seconds
[2024-01-09T20:53:00.102-0300] {processor.py:157} INFO - Started process (PID=36106) to work on /home/felipe/.local/lib/python3.11/site-packages/airflow/example_dags/example_latest_only_with_trigger.py
[2024-01-09T20:53:00.106-0300] {processor.py:829} INFO - Processing file /home/felipe/.local/lib/python3.11/site-packages/airflow/example_dags/example_latest_only_with_trigger.py for tasks to queue
[2024-01-09T20:53:00.107-0300] {logging_mixin.py:154} INFO - [2024-01-09T20:53:00.106-0300] {dagbag.py:536} INFO - Filling up the DagBag from /home/felipe/.local/lib/python3.11/site-packages/airflow/example_dags/example_latest_only_with_trigger.py
[2024-01-09T20:53:00.112-0300] {processor.py:839} INFO - DAG(s) dict_keys(['latest_only_with_trigger']) retrieved from /home/felipe/.local/lib/python3.11/site-packages/airflow/example_dags/example_latest_only_with_trigger.py
[2024-01-09T20:53:00.117-0300] {logging_mixin.py:154} INFO - [2024-01-09T20:53:00.117-0300] {dag.py:2941} INFO - Sync 1 DAGs
[2024-01-09T20:53:00.128-0300] {logging_mixin.py:154} INFO - [2024-01-09T20:53:00.128-0300] {dag.py:3722} INFO - Setting next_dagrun for latest_only_with_trigger to 2024-01-09T19:53:00.128082+00:00, run_after=2024-01-09T23:53:00.128082+00:00
[2024-01-09T20:53:00.138-0300] {processor.py:179} INFO - Processing /home/felipe/.local/lib/python3.11/site-packages/airflow/example_dags/example_latest_only_with_trigger.py took 0.037 seconds
[2024-01-09T20:53:49.317-0300] {processor.py:157} INFO - Started process (PID=36573) to work on /home/felipe/.local/lib/python3.11/site-packages/airflow/example_dags/example_latest_only_with_trigger.py
[2024-01-09T20:53:49.349-0300] {processor.py:829} INFO - Processing file /home/felipe/.local/lib/python3.11/site-packages/airflow/example_dags/example_latest_only_with_trigger.py for tasks to queue
[2024-01-09T20:53:49.350-0300] {logging_mixin.py:154} INFO - [2024-01-09T20:53:49.350-0300] {dagbag.py:536} INFO - Filling up the DagBag from /home/felipe/.local/lib/python3.11/site-packages/airflow/example_dags/example_latest_only_with_trigger.py
[2024-01-09T20:53:49.354-0300] {processor.py:839} INFO - DAG(s) dict_keys(['latest_only_with_trigger']) retrieved from /home/felipe/.local/lib/python3.11/site-packages/airflow/example_dags/example_latest_only_with_trigger.py
[2024-01-09T20:53:49.364-0300] {logging_mixin.py:154} INFO - [2024-01-09T20:53:49.364-0300] {dag.py:2941} INFO - Sync 1 DAGs
[2024-01-09T20:53:49.375-0300] {logging_mixin.py:154} INFO - [2024-01-09T20:53:49.375-0300] {dag.py:3722} INFO - Setting next_dagrun for latest_only_with_trigger to 2024-01-09T19:53:49.375047+00:00, run_after=2024-01-09T23:53:49.375047+00:00
[2024-01-09T20:53:49.392-0300] {processor.py:179} INFO - Processing /home/felipe/.local/lib/python3.11/site-packages/airflow/example_dags/example_latest_only_with_trigger.py took 0.077 seconds
[2024-01-09T20:54:36.753-0300] {processor.py:157} INFO - Started process (PID=36665) to work on /home/felipe/.local/lib/python3.11/site-packages/airflow/example_dags/example_latest_only_with_trigger.py
[2024-01-09T20:54:36.786-0300] {processor.py:829} INFO - Processing file /home/felipe/.local/lib/python3.11/site-packages/airflow/example_dags/example_latest_only_with_trigger.py for tasks to queue
[2024-01-09T20:54:36.786-0300] {logging_mixin.py:154} INFO - [2024-01-09T20:54:36.786-0300] {dagbag.py:536} INFO - Filling up the DagBag from /home/felipe/.local/lib/python3.11/site-packages/airflow/example_dags/example_latest_only_with_trigger.py
[2024-01-09T20:54:36.790-0300] {processor.py:839} INFO - DAG(s) dict_keys(['latest_only_with_trigger']) retrieved from /home/felipe/.local/lib/python3.11/site-packages/airflow/example_dags/example_latest_only_with_trigger.py
[2024-01-09T20:54:36.799-0300] {logging_mixin.py:154} INFO - [2024-01-09T20:54:36.799-0300] {dag.py:2941} INFO - Sync 1 DAGs
[2024-01-09T20:54:36.809-0300] {logging_mixin.py:154} INFO - [2024-01-09T20:54:36.809-0300] {dag.py:3722} INFO - Setting next_dagrun for latest_only_with_trigger to 2024-01-09T19:54:36.808886+00:00, run_after=2024-01-09T23:54:36.808886+00:00
[2024-01-09T20:54:36.825-0300] {processor.py:179} INFO - Processing /home/felipe/.local/lib/python3.11/site-packages/airflow/example_dags/example_latest_only_with_trigger.py took 0.074 seconds
[2024-01-09T20:55:27.379-0300] {processor.py:157} INFO - Started process (PID=36813) to work on /home/felipe/.local/lib/python3.11/site-packages/airflow/example_dags/example_latest_only_with_trigger.py
[2024-01-09T20:55:27.380-0300] {processor.py:829} INFO - Processing file /home/felipe/.local/lib/python3.11/site-packages/airflow/example_dags/example_latest_only_with_trigger.py for tasks to queue
[2024-01-09T20:55:27.380-0300] {logging_mixin.py:154} INFO - [2024-01-09T20:55:27.380-0300] {dagbag.py:536} INFO - Filling up the DagBag from /home/felipe/.local/lib/python3.11/site-packages/airflow/example_dags/example_latest_only_with_trigger.py
[2024-01-09T20:55:27.384-0300] {processor.py:839} INFO - DAG(s) dict_keys(['latest_only_with_trigger']) retrieved from /home/felipe/.local/lib/python3.11/site-packages/airflow/example_dags/example_latest_only_with_trigger.py
[2024-01-09T20:55:27.394-0300] {logging_mixin.py:154} INFO - [2024-01-09T20:55:27.394-0300] {dag.py:2941} INFO - Sync 1 DAGs
[2024-01-09T20:55:27.406-0300] {logging_mixin.py:154} INFO - [2024-01-09T20:55:27.405-0300] {dag.py:3722} INFO - Setting next_dagrun for latest_only_with_trigger to 2024-01-09T19:55:27.405815+00:00, run_after=2024-01-09T23:55:27.405815+00:00
[2024-01-09T20:55:27.416-0300] {processor.py:179} INFO - Processing /home/felipe/.local/lib/python3.11/site-packages/airflow/example_dags/example_latest_only_with_trigger.py took 0.038 seconds
[2024-01-09T20:56:20.350-0300] {processor.py:157} INFO - Started process (PID=36918) to work on /home/felipe/.local/lib/python3.11/site-packages/airflow/example_dags/example_latest_only_with_trigger.py
[2024-01-09T20:56:20.382-0300] {processor.py:829} INFO - Processing file /home/felipe/.local/lib/python3.11/site-packages/airflow/example_dags/example_latest_only_with_trigger.py for tasks to queue
[2024-01-09T20:56:20.382-0300] {logging_mixin.py:154} INFO - [2024-01-09T20:56:20.382-0300] {dagbag.py:536} INFO - Filling up the DagBag from /home/felipe/.local/lib/python3.11/site-packages/airflow/example_dags/example_latest_only_with_trigger.py
[2024-01-09T20:56:20.386-0300] {processor.py:839} INFO - DAG(s) dict_keys(['latest_only_with_trigger']) retrieved from /home/felipe/.local/lib/python3.11/site-packages/airflow/example_dags/example_latest_only_with_trigger.py
[2024-01-09T20:56:20.396-0300] {logging_mixin.py:154} INFO - [2024-01-09T20:56:20.396-0300] {dag.py:2941} INFO - Sync 1 DAGs
[2024-01-09T20:56:20.407-0300] {logging_mixin.py:154} INFO - [2024-01-09T20:56:20.407-0300] {dag.py:3722} INFO - Setting next_dagrun for latest_only_with_trigger to 2024-01-09T19:56:20.406902+00:00, run_after=2024-01-09T23:56:20.406902+00:00
[2024-01-09T20:56:20.424-0300] {processor.py:179} INFO - Processing /home/felipe/.local/lib/python3.11/site-packages/airflow/example_dags/example_latest_only_with_trigger.py took 0.077 seconds
[2024-01-09T20:57:11.010-0300] {processor.py:157} INFO - Started process (PID=37046) to work on /home/felipe/.local/lib/python3.11/site-packages/airflow/example_dags/example_latest_only_with_trigger.py
[2024-01-09T20:57:11.010-0300] {processor.py:829} INFO - Processing file /home/felipe/.local/lib/python3.11/site-packages/airflow/example_dags/example_latest_only_with_trigger.py for tasks to queue
[2024-01-09T20:57:11.011-0300] {logging_mixin.py:154} INFO - [2024-01-09T20:57:11.011-0300] {dagbag.py:536} INFO - Filling up the DagBag from /home/felipe/.local/lib/python3.11/site-packages/airflow/example_dags/example_latest_only_with_trigger.py
[2024-01-09T20:57:11.015-0300] {processor.py:839} INFO - DAG(s) dict_keys(['latest_only_with_trigger']) retrieved from /home/felipe/.local/lib/python3.11/site-packages/airflow/example_dags/example_latest_only_with_trigger.py
[2024-01-09T20:57:11.024-0300] {logging_mixin.py:154} INFO - [2024-01-09T20:57:11.024-0300] {dag.py:2941} INFO - Sync 1 DAGs
[2024-01-09T20:57:11.035-0300] {logging_mixin.py:154} INFO - [2024-01-09T20:57:11.034-0300] {dag.py:3722} INFO - Setting next_dagrun for latest_only_with_trigger to 2024-01-09T19:57:11.034802+00:00, run_after=2024-01-09T23:57:11.034802+00:00
[2024-01-09T20:57:11.048-0300] {processor.py:179} INFO - Processing /home/felipe/.local/lib/python3.11/site-packages/airflow/example_dags/example_latest_only_with_trigger.py took 0.040 seconds
[2024-01-09T20:57:59.937-0300] {processor.py:157} INFO - Started process (PID=37154) to work on /home/felipe/.local/lib/python3.11/site-packages/airflow/example_dags/example_latest_only_with_trigger.py
[2024-01-09T20:57:59.970-0300] {processor.py:829} INFO - Processing file /home/felipe/.local/lib/python3.11/site-packages/airflow/example_dags/example_latest_only_with_trigger.py for tasks to queue
[2024-01-09T20:57:59.970-0300] {logging_mixin.py:154} INFO - [2024-01-09T20:57:59.970-0300] {dagbag.py:536} INFO - Filling up the DagBag from /home/felipe/.local/lib/python3.11/site-packages/airflow/example_dags/example_latest_only_with_trigger.py
[2024-01-09T20:57:59.974-0300] {processor.py:839} INFO - DAG(s) dict_keys(['latest_only_with_trigger']) retrieved from /home/felipe/.local/lib/python3.11/site-packages/airflow/example_dags/example_latest_only_with_trigger.py
[2024-01-09T20:57:59.983-0300] {logging_mixin.py:154} INFO - [2024-01-09T20:57:59.983-0300] {dag.py:2941} INFO - Sync 1 DAGs
[2024-01-09T20:57:59.993-0300] {logging_mixin.py:154} INFO - [2024-01-09T20:57:59.993-0300] {dag.py:3722} INFO - Setting next_dagrun for latest_only_with_trigger to 2024-01-09T19:57:59.993128+00:00, run_after=2024-01-09T23:57:59.993128+00:00
[2024-01-09T20:58:00.009-0300] {processor.py:179} INFO - Processing /home/felipe/.local/lib/python3.11/site-packages/airflow/example_dags/example_latest_only_with_trigger.py took 0.074 seconds
[2024-01-09T20:58:54.492-0300] {processor.py:157} INFO - Started process (PID=37297) to work on /home/felipe/.local/lib/python3.11/site-packages/airflow/example_dags/example_latest_only_with_trigger.py
[2024-01-09T20:58:54.498-0300] {processor.py:829} INFO - Processing file /home/felipe/.local/lib/python3.11/site-packages/airflow/example_dags/example_latest_only_with_trigger.py for tasks to queue
[2024-01-09T20:58:54.499-0300] {logging_mixin.py:154} INFO - [2024-01-09T20:58:54.498-0300] {dagbag.py:536} INFO - Filling up the DagBag from /home/felipe/.local/lib/python3.11/site-packages/airflow/example_dags/example_latest_only_with_trigger.py
[2024-01-09T20:58:54.502-0300] {processor.py:839} INFO - DAG(s) dict_keys(['latest_only_with_trigger']) retrieved from /home/felipe/.local/lib/python3.11/site-packages/airflow/example_dags/example_latest_only_with_trigger.py
[2024-01-09T20:58:54.511-0300] {logging_mixin.py:154} INFO - [2024-01-09T20:58:54.511-0300] {dag.py:2941} INFO - Sync 1 DAGs
[2024-01-09T20:58:54.520-0300] {logging_mixin.py:154} INFO - [2024-01-09T20:58:54.520-0300] {dag.py:3722} INFO - Setting next_dagrun for latest_only_with_trigger to 2024-01-09T19:58:54.520269+00:00, run_after=2024-01-09T23:58:54.520269+00:00
[2024-01-09T20:58:54.533-0300] {processor.py:179} INFO - Processing /home/felipe/.local/lib/python3.11/site-packages/airflow/example_dags/example_latest_only_with_trigger.py took 0.043 seconds
[2024-01-09T20:59:48.347-0300] {processor.py:157} INFO - Started process (PID=37417) to work on /home/felipe/.local/lib/python3.11/site-packages/airflow/example_dags/example_latest_only_with_trigger.py
[2024-01-09T20:59:48.379-0300] {processor.py:829} INFO - Processing file /home/felipe/.local/lib/python3.11/site-packages/airflow/example_dags/example_latest_only_with_trigger.py for tasks to queue
[2024-01-09T20:59:48.380-0300] {logging_mixin.py:154} INFO - [2024-01-09T20:59:48.379-0300] {dagbag.py:536} INFO - Filling up the DagBag from /home/felipe/.local/lib/python3.11/site-packages/airflow/example_dags/example_latest_only_with_trigger.py
[2024-01-09T20:59:48.383-0300] {processor.py:839} INFO - DAG(s) dict_keys(['latest_only_with_trigger']) retrieved from /home/felipe/.local/lib/python3.11/site-packages/airflow/example_dags/example_latest_only_with_trigger.py
[2024-01-09T20:59:48.393-0300] {logging_mixin.py:154} INFO - [2024-01-09T20:59:48.393-0300] {dag.py:2941} INFO - Sync 1 DAGs
[2024-01-09T20:59:48.403-0300] {logging_mixin.py:154} INFO - [2024-01-09T20:59:48.403-0300] {dag.py:3722} INFO - Setting next_dagrun for latest_only_with_trigger to 2024-01-09T19:59:48.403740+00:00, run_after=2024-01-09T23:59:48.403740+00:00
[2024-01-09T20:59:48.421-0300] {processor.py:179} INFO - Processing /home/felipe/.local/lib/python3.11/site-packages/airflow/example_dags/example_latest_only_with_trigger.py took 0.076 seconds
