[2024-01-09T10:10:33.337-0300] {processor.py:157} INFO - Started process (PID=8557) to work on /home/felipe/.local/lib/python3.11/site-packages/airflow/example_dags/example_trigger_controller_dag.py
[2024-01-09T10:10:33.337-0300] {processor.py:829} INFO - Processing file /home/felipe/.local/lib/python3.11/site-packages/airflow/example_dags/example_trigger_controller_dag.py for tasks to queue
[2024-01-09T10:10:33.338-0300] {logging_mixin.py:154} INFO - [2024-01-09T10:10:33.337-0300] {dagbag.py:536} INFO - Filling up the DagBag from /home/felipe/.local/lib/python3.11/site-packages/airflow/example_dags/example_trigger_controller_dag.py
[2024-01-09T10:10:33.341-0300] {processor.py:839} INFO - DAG(s) dict_keys(['example_trigger_controller_dag']) retrieved from /home/felipe/.local/lib/python3.11/site-packages/airflow/example_dags/example_trigger_controller_dag.py
[2024-01-09T10:10:33.351-0300] {logging_mixin.py:154} INFO - [2024-01-09T10:10:33.351-0300] {dag.py:2941} INFO - Sync 1 DAGs
[2024-01-09T10:10:33.360-0300] {logging_mixin.py:154} INFO - [2024-01-09T10:10:33.360-0300] {dag.py:3722} INFO - Setting next_dagrun for example_trigger_controller_dag to 2021-01-01T00:00:00+00:00, run_after=2021-01-01T00:00:00+00:00
[2024-01-09T10:10:33.422-0300] {processor.py:179} INFO - Processing /home/felipe/.local/lib/python3.11/site-packages/airflow/example_dags/example_trigger_controller_dag.py took 0.087 seconds
[2024-01-09T10:11:27.441-0300] {processor.py:157} INFO - Started process (PID=8679) to work on /home/felipe/.local/lib/python3.11/site-packages/airflow/example_dags/example_trigger_controller_dag.py
[2024-01-09T10:11:27.474-0300] {processor.py:829} INFO - Processing file /home/felipe/.local/lib/python3.11/site-packages/airflow/example_dags/example_trigger_controller_dag.py for tasks to queue
[2024-01-09T10:11:27.474-0300] {logging_mixin.py:154} INFO - [2024-01-09T10:11:27.474-0300] {dagbag.py:536} INFO - Filling up the DagBag from /home/felipe/.local/lib/python3.11/site-packages/airflow/example_dags/example_trigger_controller_dag.py
[2024-01-09T10:11:27.477-0300] {processor.py:839} INFO - DAG(s) dict_keys(['example_trigger_controller_dag']) retrieved from /home/felipe/.local/lib/python3.11/site-packages/airflow/example_dags/example_trigger_controller_dag.py
[2024-01-09T10:11:27.486-0300] {logging_mixin.py:154} INFO - [2024-01-09T10:11:27.486-0300] {dag.py:2941} INFO - Sync 1 DAGs
[2024-01-09T10:11:27.496-0300] {logging_mixin.py:154} INFO - [2024-01-09T10:11:27.495-0300] {dag.py:3722} INFO - Setting next_dagrun for example_trigger_controller_dag to 2021-01-01T00:00:00+00:00, run_after=2021-01-01T00:00:00+00:00
[2024-01-09T10:11:27.512-0300] {processor.py:179} INFO - Processing /home/felipe/.local/lib/python3.11/site-packages/airflow/example_dags/example_trigger_controller_dag.py took 0.072 seconds
[2024-01-09T10:12:20.626-0300] {processor.py:157} INFO - Started process (PID=8784) to work on /home/felipe/.local/lib/python3.11/site-packages/airflow/example_dags/example_trigger_controller_dag.py
[2024-01-09T10:12:20.659-0300] {processor.py:829} INFO - Processing file /home/felipe/.local/lib/python3.11/site-packages/airflow/example_dags/example_trigger_controller_dag.py for tasks to queue
[2024-01-09T10:12:20.659-0300] {logging_mixin.py:154} INFO - [2024-01-09T10:12:20.659-0300] {dagbag.py:536} INFO - Filling up the DagBag from /home/felipe/.local/lib/python3.11/site-packages/airflow/example_dags/example_trigger_controller_dag.py
[2024-01-09T10:12:20.662-0300] {processor.py:839} INFO - DAG(s) dict_keys(['example_trigger_controller_dag']) retrieved from /home/felipe/.local/lib/python3.11/site-packages/airflow/example_dags/example_trigger_controller_dag.py
[2024-01-09T10:12:20.672-0300] {logging_mixin.py:154} INFO - [2024-01-09T10:12:20.671-0300] {dag.py:2941} INFO - Sync 1 DAGs
[2024-01-09T10:12:20.681-0300] {logging_mixin.py:154} INFO - [2024-01-09T10:12:20.681-0300] {dag.py:3722} INFO - Setting next_dagrun for example_trigger_controller_dag to 2021-01-01T00:00:00+00:00, run_after=2021-01-01T00:00:00+00:00
[2024-01-09T10:12:20.693-0300] {processor.py:179} INFO - Processing /home/felipe/.local/lib/python3.11/site-packages/airflow/example_dags/example_trigger_controller_dag.py took 0.069 seconds
[2024-01-09T10:13:07.393-0300] {processor.py:157} INFO - Started process (PID=8876) to work on /home/felipe/.local/lib/python3.11/site-packages/airflow/example_dags/example_trigger_controller_dag.py
[2024-01-09T10:13:07.435-0300] {processor.py:829} INFO - Processing file /home/felipe/.local/lib/python3.11/site-packages/airflow/example_dags/example_trigger_controller_dag.py for tasks to queue
[2024-01-09T10:13:07.435-0300] {logging_mixin.py:154} INFO - [2024-01-09T10:13:07.435-0300] {dagbag.py:536} INFO - Filling up the DagBag from /home/felipe/.local/lib/python3.11/site-packages/airflow/example_dags/example_trigger_controller_dag.py
[2024-01-09T10:13:07.438-0300] {processor.py:839} INFO - DAG(s) dict_keys(['example_trigger_controller_dag']) retrieved from /home/felipe/.local/lib/python3.11/site-packages/airflow/example_dags/example_trigger_controller_dag.py
[2024-01-09T10:13:07.448-0300] {logging_mixin.py:154} INFO - [2024-01-09T10:13:07.448-0300] {dag.py:2941} INFO - Sync 1 DAGs
[2024-01-09T10:13:07.457-0300] {logging_mixin.py:154} INFO - [2024-01-09T10:13:07.457-0300] {dag.py:3722} INFO - Setting next_dagrun for example_trigger_controller_dag to 2021-01-01T00:00:00+00:00, run_after=2021-01-01T00:00:00+00:00
[2024-01-09T10:13:07.474-0300] {processor.py:179} INFO - Processing /home/felipe/.local/lib/python3.11/site-packages/airflow/example_dags/example_trigger_controller_dag.py took 0.083 seconds
[2024-01-09T10:14:24.669-0300] {processor.py:157} INFO - Started process (PID=9004) to work on /home/felipe/.local/lib/python3.11/site-packages/airflow/example_dags/example_trigger_controller_dag.py
[2024-01-09T10:14:24.701-0300] {processor.py:829} INFO - Processing file /home/felipe/.local/lib/python3.11/site-packages/airflow/example_dags/example_trigger_controller_dag.py for tasks to queue
[2024-01-09T10:14:24.702-0300] {logging_mixin.py:154} INFO - [2024-01-09T10:14:24.702-0300] {dagbag.py:536} INFO - Filling up the DagBag from /home/felipe/.local/lib/python3.11/site-packages/airflow/example_dags/example_trigger_controller_dag.py
[2024-01-09T10:14:24.705-0300] {processor.py:839} INFO - DAG(s) dict_keys(['example_trigger_controller_dag']) retrieved from /home/felipe/.local/lib/python3.11/site-packages/airflow/example_dags/example_trigger_controller_dag.py
[2024-01-09T10:14:24.714-0300] {logging_mixin.py:154} INFO - [2024-01-09T10:14:24.714-0300] {dag.py:2941} INFO - Sync 1 DAGs
[2024-01-09T10:14:24.724-0300] {logging_mixin.py:154} INFO - [2024-01-09T10:14:24.724-0300] {dag.py:3722} INFO - Setting next_dagrun for example_trigger_controller_dag to 2021-01-01T00:00:00+00:00, run_after=2021-01-01T00:00:00+00:00
[2024-01-09T10:14:24.741-0300] {processor.py:179} INFO - Processing /home/felipe/.local/lib/python3.11/site-packages/airflow/example_dags/example_trigger_controller_dag.py took 0.073 seconds
[2024-01-09T10:15:20.017-0300] {processor.py:157} INFO - Started process (PID=9133) to work on /home/felipe/.local/lib/python3.11/site-packages/airflow/example_dags/example_trigger_controller_dag.py
[2024-01-09T10:15:20.049-0300] {processor.py:829} INFO - Processing file /home/felipe/.local/lib/python3.11/site-packages/airflow/example_dags/example_trigger_controller_dag.py for tasks to queue
[2024-01-09T10:15:20.049-0300] {logging_mixin.py:154} INFO - [2024-01-09T10:15:20.049-0300] {dagbag.py:536} INFO - Filling up the DagBag from /home/felipe/.local/lib/python3.11/site-packages/airflow/example_dags/example_trigger_controller_dag.py
[2024-01-09T10:15:20.052-0300] {processor.py:839} INFO - DAG(s) dict_keys(['example_trigger_controller_dag']) retrieved from /home/felipe/.local/lib/python3.11/site-packages/airflow/example_dags/example_trigger_controller_dag.py
[2024-01-09T10:15:20.062-0300] {logging_mixin.py:154} INFO - [2024-01-09T10:15:20.062-0300] {dag.py:2941} INFO - Sync 1 DAGs
[2024-01-09T10:15:20.071-0300] {logging_mixin.py:154} INFO - [2024-01-09T10:15:20.071-0300] {dag.py:3722} INFO - Setting next_dagrun for example_trigger_controller_dag to 2021-01-01T00:00:00+00:00, run_after=2021-01-01T00:00:00+00:00
[2024-01-09T10:15:20.090-0300] {processor.py:179} INFO - Processing /home/felipe/.local/lib/python3.11/site-packages/airflow/example_dags/example_trigger_controller_dag.py took 0.075 seconds
[2024-01-09T10:37:44.156-0300] {processor.py:157} INFO - Started process (PID=11632) to work on /home/felipe/.local/lib/python3.11/site-packages/airflow/example_dags/example_trigger_controller_dag.py
[2024-01-09T10:37:44.156-0300] {processor.py:829} INFO - Processing file /home/felipe/.local/lib/python3.11/site-packages/airflow/example_dags/example_trigger_controller_dag.py for tasks to queue
[2024-01-09T10:37:44.157-0300] {logging_mixin.py:154} INFO - [2024-01-09T10:37:44.157-0300] {dagbag.py:536} INFO - Filling up the DagBag from /home/felipe/.local/lib/python3.11/site-packages/airflow/example_dags/example_trigger_controller_dag.py
[2024-01-09T10:37:44.160-0300] {processor.py:839} INFO - DAG(s) dict_keys(['example_trigger_controller_dag']) retrieved from /home/felipe/.local/lib/python3.11/site-packages/airflow/example_dags/example_trigger_controller_dag.py
[2024-01-09T10:37:44.169-0300] {logging_mixin.py:154} INFO - [2024-01-09T10:37:44.169-0300] {dag.py:2941} INFO - Sync 1 DAGs
[2024-01-09T10:37:44.178-0300] {logging_mixin.py:154} INFO - [2024-01-09T10:37:44.178-0300] {dag.py:3722} INFO - Setting next_dagrun for example_trigger_controller_dag to 2021-01-01T00:00:00+00:00, run_after=2021-01-01T00:00:00+00:00
[2024-01-09T10:37:44.186-0300] {processor.py:179} INFO - Processing /home/felipe/.local/lib/python3.11/site-packages/airflow/example_dags/example_trigger_controller_dag.py took 0.032 seconds
[2024-01-09T10:38:37.127-0300] {processor.py:157} INFO - Started process (PID=11816) to work on /home/felipe/.local/lib/python3.11/site-packages/airflow/example_dags/example_trigger_controller_dag.py
[2024-01-09T10:38:37.159-0300] {processor.py:829} INFO - Processing file /home/felipe/.local/lib/python3.11/site-packages/airflow/example_dags/example_trigger_controller_dag.py for tasks to queue
[2024-01-09T10:38:37.160-0300] {logging_mixin.py:154} INFO - [2024-01-09T10:38:37.160-0300] {dagbag.py:536} INFO - Filling up the DagBag from /home/felipe/.local/lib/python3.11/site-packages/airflow/example_dags/example_trigger_controller_dag.py
[2024-01-09T10:38:37.163-0300] {processor.py:839} INFO - DAG(s) dict_keys(['example_trigger_controller_dag']) retrieved from /home/felipe/.local/lib/python3.11/site-packages/airflow/example_dags/example_trigger_controller_dag.py
[2024-01-09T10:38:37.171-0300] {logging_mixin.py:154} INFO - [2024-01-09T10:38:37.171-0300] {dag.py:2941} INFO - Sync 1 DAGs
[2024-01-09T10:38:37.179-0300] {logging_mixin.py:154} INFO - [2024-01-09T10:38:37.178-0300] {dag.py:3722} INFO - Setting next_dagrun for example_trigger_controller_dag to 2021-01-01T00:00:00+00:00, run_after=2021-01-01T00:00:00+00:00
[2024-01-09T10:38:37.194-0300] {processor.py:179} INFO - Processing /home/felipe/.local/lib/python3.11/site-packages/airflow/example_dags/example_trigger_controller_dag.py took 0.069 seconds
[2024-01-09T10:39:26.255-0300] {processor.py:157} INFO - Started process (PID=11900) to work on /home/felipe/.local/lib/python3.11/site-packages/airflow/example_dags/example_trigger_controller_dag.py
[2024-01-09T10:39:26.287-0300] {processor.py:829} INFO - Processing file /home/felipe/.local/lib/python3.11/site-packages/airflow/example_dags/example_trigger_controller_dag.py for tasks to queue
[2024-01-09T10:39:26.288-0300] {logging_mixin.py:154} INFO - [2024-01-09T10:39:26.287-0300] {dagbag.py:536} INFO - Filling up the DagBag from /home/felipe/.local/lib/python3.11/site-packages/airflow/example_dags/example_trigger_controller_dag.py
[2024-01-09T10:39:26.291-0300] {processor.py:839} INFO - DAG(s) dict_keys(['example_trigger_controller_dag']) retrieved from /home/felipe/.local/lib/python3.11/site-packages/airflow/example_dags/example_trigger_controller_dag.py
[2024-01-09T10:39:26.299-0300] {logging_mixin.py:154} INFO - [2024-01-09T10:39:26.298-0300] {dag.py:2941} INFO - Sync 1 DAGs
[2024-01-09T10:39:26.306-0300] {logging_mixin.py:154} INFO - [2024-01-09T10:39:26.306-0300] {dag.py:3722} INFO - Setting next_dagrun for example_trigger_controller_dag to 2021-01-01T00:00:00+00:00, run_after=2021-01-01T00:00:00+00:00
[2024-01-09T10:39:26.322-0300] {processor.py:179} INFO - Processing /home/felipe/.local/lib/python3.11/site-packages/airflow/example_dags/example_trigger_controller_dag.py took 0.070 seconds
[2024-01-09T10:40:22.583-0300] {processor.py:157} INFO - Started process (PID=12015) to work on /home/felipe/.local/lib/python3.11/site-packages/airflow/example_dags/example_trigger_controller_dag.py
[2024-01-09T10:40:22.615-0300] {processor.py:829} INFO - Processing file /home/felipe/.local/lib/python3.11/site-packages/airflow/example_dags/example_trigger_controller_dag.py for tasks to queue
[2024-01-09T10:40:22.616-0300] {logging_mixin.py:154} INFO - [2024-01-09T10:40:22.615-0300] {dagbag.py:536} INFO - Filling up the DagBag from /home/felipe/.local/lib/python3.11/site-packages/airflow/example_dags/example_trigger_controller_dag.py
[2024-01-09T10:40:22.618-0300] {processor.py:839} INFO - DAG(s) dict_keys(['example_trigger_controller_dag']) retrieved from /home/felipe/.local/lib/python3.11/site-packages/airflow/example_dags/example_trigger_controller_dag.py
[2024-01-09T10:40:22.627-0300] {logging_mixin.py:154} INFO - [2024-01-09T10:40:22.627-0300] {dag.py:2941} INFO - Sync 1 DAGs
[2024-01-09T10:40:22.635-0300] {logging_mixin.py:154} INFO - [2024-01-09T10:40:22.635-0300] {dag.py:3722} INFO - Setting next_dagrun for example_trigger_controller_dag to 2021-01-01T00:00:00+00:00, run_after=2021-01-01T00:00:00+00:00
[2024-01-09T10:40:22.651-0300] {processor.py:179} INFO - Processing /home/felipe/.local/lib/python3.11/site-packages/airflow/example_dags/example_trigger_controller_dag.py took 0.071 seconds
[2024-01-09T10:42:42.721-0300] {processor.py:157} INFO - Started process (PID=12391) to work on /home/felipe/.local/lib/python3.11/site-packages/airflow/example_dags/example_trigger_controller_dag.py
[2024-01-09T10:42:42.721-0300] {processor.py:829} INFO - Processing file /home/felipe/.local/lib/python3.11/site-packages/airflow/example_dags/example_trigger_controller_dag.py for tasks to queue
[2024-01-09T10:42:42.722-0300] {logging_mixin.py:154} INFO - [2024-01-09T10:42:42.721-0300] {dagbag.py:536} INFO - Filling up the DagBag from /home/felipe/.local/lib/python3.11/site-packages/airflow/example_dags/example_trigger_controller_dag.py
[2024-01-09T10:42:42.724-0300] {processor.py:839} INFO - DAG(s) dict_keys(['example_trigger_controller_dag']) retrieved from /home/felipe/.local/lib/python3.11/site-packages/airflow/example_dags/example_trigger_controller_dag.py
[2024-01-09T10:42:42.732-0300] {logging_mixin.py:154} INFO - [2024-01-09T10:42:42.732-0300] {dag.py:2941} INFO - Sync 1 DAGs
[2024-01-09T10:42:42.740-0300] {logging_mixin.py:154} INFO - [2024-01-09T10:42:42.740-0300] {dag.py:3722} INFO - Setting next_dagrun for example_trigger_controller_dag to 2021-01-01T00:00:00+00:00, run_after=2021-01-01T00:00:00+00:00
[2024-01-09T10:42:42.749-0300] {processor.py:179} INFO - Processing /home/felipe/.local/lib/python3.11/site-packages/airflow/example_dags/example_trigger_controller_dag.py took 0.030 seconds
[2024-01-09T10:47:16.512-0300] {processor.py:157} INFO - Started process (PID=13386) to work on /home/felipe/.local/lib/python3.11/site-packages/airflow/example_dags/example_trigger_controller_dag.py
[2024-01-09T10:47:16.544-0300] {processor.py:829} INFO - Processing file /home/felipe/.local/lib/python3.11/site-packages/airflow/example_dags/example_trigger_controller_dag.py for tasks to queue
[2024-01-09T10:47:16.544-0300] {logging_mixin.py:154} INFO - [2024-01-09T10:47:16.544-0300] {dagbag.py:536} INFO - Filling up the DagBag from /home/felipe/.local/lib/python3.11/site-packages/airflow/example_dags/example_trigger_controller_dag.py
[2024-01-09T10:47:16.547-0300] {processor.py:839} INFO - DAG(s) dict_keys(['example_trigger_controller_dag']) retrieved from /home/felipe/.local/lib/python3.11/site-packages/airflow/example_dags/example_trigger_controller_dag.py
[2024-01-09T10:47:16.556-0300] {logging_mixin.py:154} INFO - [2024-01-09T10:47:16.556-0300] {dag.py:2941} INFO - Sync 1 DAGs
[2024-01-09T10:47:16.564-0300] {logging_mixin.py:154} INFO - [2024-01-09T10:47:16.564-0300] {dag.py:3722} INFO - Setting next_dagrun for example_trigger_controller_dag to 2021-01-01T00:00:00+00:00, run_after=2021-01-01T00:00:00+00:00
[2024-01-09T10:47:16.580-0300] {processor.py:179} INFO - Processing /home/felipe/.local/lib/python3.11/site-packages/airflow/example_dags/example_trigger_controller_dag.py took 0.071 seconds
[2024-01-09T10:50:14.382-0300] {processor.py:157} INFO - Started process (PID=13837) to work on /home/felipe/.local/lib/python3.11/site-packages/airflow/example_dags/example_trigger_controller_dag.py
[2024-01-09T10:50:14.414-0300] {processor.py:829} INFO - Processing file /home/felipe/.local/lib/python3.11/site-packages/airflow/example_dags/example_trigger_controller_dag.py for tasks to queue
[2024-01-09T10:50:14.414-0300] {logging_mixin.py:154} INFO - [2024-01-09T10:50:14.414-0300] {dagbag.py:536} INFO - Filling up the DagBag from /home/felipe/.local/lib/python3.11/site-packages/airflow/example_dags/example_trigger_controller_dag.py
[2024-01-09T10:50:14.417-0300] {processor.py:839} INFO - DAG(s) dict_keys(['example_trigger_controller_dag']) retrieved from /home/felipe/.local/lib/python3.11/site-packages/airflow/example_dags/example_trigger_controller_dag.py
[2024-01-09T10:50:14.426-0300] {logging_mixin.py:154} INFO - [2024-01-09T10:50:14.426-0300] {dag.py:2941} INFO - Sync 1 DAGs
[2024-01-09T10:50:14.435-0300] {logging_mixin.py:154} INFO - [2024-01-09T10:50:14.434-0300] {dag.py:3722} INFO - Setting next_dagrun for example_trigger_controller_dag to 2021-01-01T00:00:00+00:00, run_after=2021-01-01T00:00:00+00:00
[2024-01-09T10:50:14.454-0300] {processor.py:179} INFO - Processing /home/felipe/.local/lib/python3.11/site-packages/airflow/example_dags/example_trigger_controller_dag.py took 0.075 seconds
[2024-01-09T10:52:18.027-0300] {processor.py:157} INFO - Started process (PID=14069) to work on /home/felipe/.local/lib/python3.11/site-packages/airflow/example_dags/example_trigger_controller_dag.py
[2024-01-09T10:52:18.056-0300] {processor.py:829} INFO - Processing file /home/felipe/.local/lib/python3.11/site-packages/airflow/example_dags/example_trigger_controller_dag.py for tasks to queue
[2024-01-09T10:52:18.056-0300] {logging_mixin.py:154} INFO - [2024-01-09T10:52:18.056-0300] {dagbag.py:536} INFO - Filling up the DagBag from /home/felipe/.local/lib/python3.11/site-packages/airflow/example_dags/example_trigger_controller_dag.py
[2024-01-09T10:52:18.059-0300] {processor.py:839} INFO - DAG(s) dict_keys(['example_trigger_controller_dag']) retrieved from /home/felipe/.local/lib/python3.11/site-packages/airflow/example_dags/example_trigger_controller_dag.py
[2024-01-09T10:52:18.068-0300] {logging_mixin.py:154} INFO - [2024-01-09T10:52:18.068-0300] {dag.py:2941} INFO - Sync 1 DAGs
[2024-01-09T10:52:18.076-0300] {logging_mixin.py:154} INFO - [2024-01-09T10:52:18.076-0300] {dag.py:3722} INFO - Setting next_dagrun for example_trigger_controller_dag to 2021-01-01T00:00:00+00:00, run_after=2021-01-01T00:00:00+00:00
[2024-01-09T10:52:18.089-0300] {processor.py:179} INFO - Processing /home/felipe/.local/lib/python3.11/site-packages/airflow/example_dags/example_trigger_controller_dag.py took 0.064 seconds
[2024-01-09T10:53:58.097-0300] {processor.py:157} INFO - Started process (PID=14350) to work on /home/felipe/.local/lib/python3.11/site-packages/airflow/example_dags/example_trigger_controller_dag.py
[2024-01-09T10:53:58.129-0300] {processor.py:829} INFO - Processing file /home/felipe/.local/lib/python3.11/site-packages/airflow/example_dags/example_trigger_controller_dag.py for tasks to queue
[2024-01-09T10:53:58.129-0300] {logging_mixin.py:154} INFO - [2024-01-09T10:53:58.129-0300] {dagbag.py:536} INFO - Filling up the DagBag from /home/felipe/.local/lib/python3.11/site-packages/airflow/example_dags/example_trigger_controller_dag.py
[2024-01-09T10:53:58.133-0300] {processor.py:839} INFO - DAG(s) dict_keys(['example_trigger_controller_dag']) retrieved from /home/felipe/.local/lib/python3.11/site-packages/airflow/example_dags/example_trigger_controller_dag.py
[2024-01-09T10:53:58.141-0300] {logging_mixin.py:154} INFO - [2024-01-09T10:53:58.141-0300] {dag.py:2941} INFO - Sync 1 DAGs
[2024-01-09T10:53:58.149-0300] {logging_mixin.py:154} INFO - [2024-01-09T10:53:58.149-0300] {dag.py:3722} INFO - Setting next_dagrun for example_trigger_controller_dag to 2021-01-01T00:00:00+00:00, run_after=2021-01-01T00:00:00+00:00
[2024-01-09T10:53:58.165-0300] {processor.py:179} INFO - Processing /home/felipe/.local/lib/python3.11/site-packages/airflow/example_dags/example_trigger_controller_dag.py took 0.070 seconds
[2024-01-09T10:57:03.514-0300] {processor.py:157} INFO - Started process (PID=15058) to work on /home/felipe/.local/lib/python3.11/site-packages/airflow/example_dags/example_trigger_controller_dag.py
[2024-01-09T10:57:03.514-0300] {processor.py:829} INFO - Processing file /home/felipe/.local/lib/python3.11/site-packages/airflow/example_dags/example_trigger_controller_dag.py for tasks to queue
[2024-01-09T10:57:03.515-0300] {logging_mixin.py:154} INFO - [2024-01-09T10:57:03.515-0300] {dagbag.py:536} INFO - Filling up the DagBag from /home/felipe/.local/lib/python3.11/site-packages/airflow/example_dags/example_trigger_controller_dag.py
[2024-01-09T10:57:03.518-0300] {processor.py:839} INFO - DAG(s) dict_keys(['example_trigger_controller_dag']) retrieved from /home/felipe/.local/lib/python3.11/site-packages/airflow/example_dags/example_trigger_controller_dag.py
[2024-01-09T10:57:03.526-0300] {logging_mixin.py:154} INFO - [2024-01-09T10:57:03.526-0300] {dag.py:2941} INFO - Sync 1 DAGs
[2024-01-09T10:57:03.534-0300] {logging_mixin.py:154} INFO - [2024-01-09T10:57:03.534-0300] {dag.py:3722} INFO - Setting next_dagrun for example_trigger_controller_dag to 2021-01-01T00:00:00+00:00, run_after=2021-01-01T00:00:00+00:00
[2024-01-09T10:57:03.543-0300] {processor.py:179} INFO - Processing /home/felipe/.local/lib/python3.11/site-packages/airflow/example_dags/example_trigger_controller_dag.py took 0.032 seconds
[2024-01-09T11:01:16.945-0300] {processor.py:157} INFO - Started process (PID=15688) to work on /home/felipe/.local/lib/python3.11/site-packages/airflow/example_dags/example_trigger_controller_dag.py
[2024-01-09T11:01:16.946-0300] {processor.py:829} INFO - Processing file /home/felipe/.local/lib/python3.11/site-packages/airflow/example_dags/example_trigger_controller_dag.py for tasks to queue
[2024-01-09T11:01:16.946-0300] {logging_mixin.py:154} INFO - [2024-01-09T11:01:16.946-0300] {dagbag.py:536} INFO - Filling up the DagBag from /home/felipe/.local/lib/python3.11/site-packages/airflow/example_dags/example_trigger_controller_dag.py
[2024-01-09T11:01:16.949-0300] {processor.py:839} INFO - DAG(s) dict_keys(['example_trigger_controller_dag']) retrieved from /home/felipe/.local/lib/python3.11/site-packages/airflow/example_dags/example_trigger_controller_dag.py
[2024-01-09T11:01:16.958-0300] {logging_mixin.py:154} INFO - [2024-01-09T11:01:16.958-0300] {dag.py:2941} INFO - Sync 1 DAGs
[2024-01-09T11:01:16.966-0300] {logging_mixin.py:154} INFO - [2024-01-09T11:01:16.965-0300] {dag.py:3722} INFO - Setting next_dagrun for example_trigger_controller_dag to 2021-01-01T00:00:00+00:00, run_after=2021-01-01T00:00:00+00:00
[2024-01-09T11:01:16.982-0300] {processor.py:179} INFO - Processing /home/felipe/.local/lib/python3.11/site-packages/airflow/example_dags/example_trigger_controller_dag.py took 0.038 seconds
[2024-01-09T20:53:08.111-0300] {processor.py:157} INFO - Started process (PID=36356) to work on /home/felipe/.local/lib/python3.11/site-packages/airflow/example_dags/example_trigger_controller_dag.py
[2024-01-09T20:53:08.111-0300] {processor.py:829} INFO - Processing file /home/felipe/.local/lib/python3.11/site-packages/airflow/example_dags/example_trigger_controller_dag.py for tasks to queue
[2024-01-09T20:53:08.112-0300] {logging_mixin.py:154} INFO - [2024-01-09T20:53:08.111-0300] {dagbag.py:536} INFO - Filling up the DagBag from /home/felipe/.local/lib/python3.11/site-packages/airflow/example_dags/example_trigger_controller_dag.py
[2024-01-09T20:53:08.115-0300] {processor.py:839} INFO - DAG(s) dict_keys(['example_trigger_controller_dag']) retrieved from /home/felipe/.local/lib/python3.11/site-packages/airflow/example_dags/example_trigger_controller_dag.py
[2024-01-09T20:53:08.125-0300] {logging_mixin.py:154} INFO - [2024-01-09T20:53:08.125-0300] {dag.py:2941} INFO - Sync 1 DAGs
[2024-01-09T20:53:08.134-0300] {logging_mixin.py:154} INFO - [2024-01-09T20:53:08.134-0300] {dag.py:3722} INFO - Setting next_dagrun for example_trigger_controller_dag to 2021-01-01T00:00:00+00:00, run_after=2021-01-01T00:00:00+00:00
[2024-01-09T20:53:08.144-0300] {processor.py:179} INFO - Processing /home/felipe/.local/lib/python3.11/site-packages/airflow/example_dags/example_trigger_controller_dag.py took 0.035 seconds
[2024-01-09T20:53:56.855-0300] {processor.py:157} INFO - Started process (PID=36583) to work on /home/felipe/.local/lib/python3.11/site-packages/airflow/example_dags/example_trigger_controller_dag.py
[2024-01-09T20:53:56.887-0300] {processor.py:829} INFO - Processing file /home/felipe/.local/lib/python3.11/site-packages/airflow/example_dags/example_trigger_controller_dag.py for tasks to queue
[2024-01-09T20:53:56.888-0300] {logging_mixin.py:154} INFO - [2024-01-09T20:53:56.887-0300] {dagbag.py:536} INFO - Filling up the DagBag from /home/felipe/.local/lib/python3.11/site-packages/airflow/example_dags/example_trigger_controller_dag.py
[2024-01-09T20:53:56.891-0300] {processor.py:839} INFO - DAG(s) dict_keys(['example_trigger_controller_dag']) retrieved from /home/felipe/.local/lib/python3.11/site-packages/airflow/example_dags/example_trigger_controller_dag.py
[2024-01-09T20:53:56.899-0300] {logging_mixin.py:154} INFO - [2024-01-09T20:53:56.899-0300] {dag.py:2941} INFO - Sync 1 DAGs
[2024-01-09T20:53:56.909-0300] {logging_mixin.py:154} INFO - [2024-01-09T20:53:56.909-0300] {dag.py:3722} INFO - Setting next_dagrun for example_trigger_controller_dag to 2021-01-01T00:00:00+00:00, run_after=2021-01-01T00:00:00+00:00
[2024-01-09T20:53:56.926-0300] {processor.py:179} INFO - Processing /home/felipe/.local/lib/python3.11/site-packages/airflow/example_dags/example_trigger_controller_dag.py took 0.073 seconds
[2024-01-09T20:54:47.025-0300] {processor.py:157} INFO - Started process (PID=36700) to work on /home/felipe/.local/lib/python3.11/site-packages/airflow/example_dags/example_trigger_controller_dag.py
[2024-01-09T20:54:47.057-0300] {processor.py:829} INFO - Processing file /home/felipe/.local/lib/python3.11/site-packages/airflow/example_dags/example_trigger_controller_dag.py for tasks to queue
[2024-01-09T20:54:47.058-0300] {logging_mixin.py:154} INFO - [2024-01-09T20:54:47.057-0300] {dagbag.py:536} INFO - Filling up the DagBag from /home/felipe/.local/lib/python3.11/site-packages/airflow/example_dags/example_trigger_controller_dag.py
[2024-01-09T20:54:47.061-0300] {processor.py:839} INFO - DAG(s) dict_keys(['example_trigger_controller_dag']) retrieved from /home/felipe/.local/lib/python3.11/site-packages/airflow/example_dags/example_trigger_controller_dag.py
[2024-01-09T20:54:47.069-0300] {logging_mixin.py:154} INFO - [2024-01-09T20:54:47.069-0300] {dag.py:2941} INFO - Sync 1 DAGs
[2024-01-09T20:54:47.078-0300] {logging_mixin.py:154} INFO - [2024-01-09T20:54:47.078-0300] {dag.py:3722} INFO - Setting next_dagrun for example_trigger_controller_dag to 2021-01-01T00:00:00+00:00, run_after=2021-01-01T00:00:00+00:00
[2024-01-09T20:54:47.095-0300] {processor.py:179} INFO - Processing /home/felipe/.local/lib/python3.11/site-packages/airflow/example_dags/example_trigger_controller_dag.py took 0.072 seconds
[2024-01-09T20:55:42.203-0300] {processor.py:157} INFO - Started process (PID=36840) to work on /home/felipe/.local/lib/python3.11/site-packages/airflow/example_dags/example_trigger_controller_dag.py
[2024-01-09T20:55:42.262-0300] {processor.py:829} INFO - Processing file /home/felipe/.local/lib/python3.11/site-packages/airflow/example_dags/example_trigger_controller_dag.py for tasks to queue
[2024-01-09T20:55:42.263-0300] {logging_mixin.py:154} INFO - [2024-01-09T20:55:42.263-0300] {dagbag.py:536} INFO - Filling up the DagBag from /home/felipe/.local/lib/python3.11/site-packages/airflow/example_dags/example_trigger_controller_dag.py
[2024-01-09T20:55:42.266-0300] {processor.py:839} INFO - DAG(s) dict_keys(['example_trigger_controller_dag']) retrieved from /home/felipe/.local/lib/python3.11/site-packages/airflow/example_dags/example_trigger_controller_dag.py
[2024-01-09T20:55:42.276-0300] {logging_mixin.py:154} INFO - [2024-01-09T20:55:42.276-0300] {dag.py:2941} INFO - Sync 1 DAGs
[2024-01-09T20:55:42.286-0300] {logging_mixin.py:154} INFO - [2024-01-09T20:55:42.286-0300] {dag.py:3722} INFO - Setting next_dagrun for example_trigger_controller_dag to 2021-01-01T00:00:00+00:00, run_after=2021-01-01T00:00:00+00:00
[2024-01-09T20:55:42.303-0300] {processor.py:179} INFO - Processing /home/felipe/.local/lib/python3.11/site-packages/airflow/example_dags/example_trigger_controller_dag.py took 0.103 seconds
[2024-01-09T20:56:36.940-0300] {processor.py:157} INFO - Started process (PID=36962) to work on /home/felipe/.local/lib/python3.11/site-packages/airflow/example_dags/example_trigger_controller_dag.py
[2024-01-09T20:56:36.972-0300] {processor.py:829} INFO - Processing file /home/felipe/.local/lib/python3.11/site-packages/airflow/example_dags/example_trigger_controller_dag.py for tasks to queue
[2024-01-09T20:56:36.973-0300] {logging_mixin.py:154} INFO - [2024-01-09T20:56:36.973-0300] {dagbag.py:536} INFO - Filling up the DagBag from /home/felipe/.local/lib/python3.11/site-packages/airflow/example_dags/example_trigger_controller_dag.py
[2024-01-09T20:56:36.976-0300] {processor.py:839} INFO - DAG(s) dict_keys(['example_trigger_controller_dag']) retrieved from /home/felipe/.local/lib/python3.11/site-packages/airflow/example_dags/example_trigger_controller_dag.py
[2024-01-09T20:56:36.986-0300] {logging_mixin.py:154} INFO - [2024-01-09T20:56:36.986-0300] {dag.py:2941} INFO - Sync 1 DAGs
[2024-01-09T20:56:36.996-0300] {logging_mixin.py:154} INFO - [2024-01-09T20:56:36.996-0300] {dag.py:3722} INFO - Setting next_dagrun for example_trigger_controller_dag to 2021-01-01T00:00:00+00:00, run_after=2021-01-01T00:00:00+00:00
[2024-01-09T20:56:37.014-0300] {processor.py:179} INFO - Processing /home/felipe/.local/lib/python3.11/site-packages/airflow/example_dags/example_trigger_controller_dag.py took 0.076 seconds
[2024-01-09T20:57:26.176-0300] {processor.py:157} INFO - Started process (PID=37073) to work on /home/felipe/.local/lib/python3.11/site-packages/airflow/example_dags/example_trigger_controller_dag.py
[2024-01-09T20:57:26.214-0300] {processor.py:829} INFO - Processing file /home/felipe/.local/lib/python3.11/site-packages/airflow/example_dags/example_trigger_controller_dag.py for tasks to queue
[2024-01-09T20:57:26.215-0300] {logging_mixin.py:154} INFO - [2024-01-09T20:57:26.215-0300] {dagbag.py:536} INFO - Filling up the DagBag from /home/felipe/.local/lib/python3.11/site-packages/airflow/example_dags/example_trigger_controller_dag.py
[2024-01-09T20:57:26.218-0300] {processor.py:839} INFO - DAG(s) dict_keys(['example_trigger_controller_dag']) retrieved from /home/felipe/.local/lib/python3.11/site-packages/airflow/example_dags/example_trigger_controller_dag.py
[2024-01-09T20:57:26.228-0300] {logging_mixin.py:154} INFO - [2024-01-09T20:57:26.228-0300] {dag.py:2941} INFO - Sync 1 DAGs
[2024-01-09T20:57:26.239-0300] {logging_mixin.py:154} INFO - [2024-01-09T20:57:26.238-0300] {dag.py:3722} INFO - Setting next_dagrun for example_trigger_controller_dag to 2021-01-01T00:00:00+00:00, run_after=2021-01-01T00:00:00+00:00
[2024-01-09T20:57:26.256-0300] {processor.py:179} INFO - Processing /home/felipe/.local/lib/python3.11/site-packages/airflow/example_dags/example_trigger_controller_dag.py took 0.082 seconds
[2024-01-09T20:58:16.722-0300] {processor.py:157} INFO - Started process (PID=37206) to work on /home/felipe/.local/lib/python3.11/site-packages/airflow/example_dags/example_trigger_controller_dag.py
[2024-01-09T20:58:16.777-0300] {processor.py:829} INFO - Processing file /home/felipe/.local/lib/python3.11/site-packages/airflow/example_dags/example_trigger_controller_dag.py for tasks to queue
[2024-01-09T20:58:16.778-0300] {logging_mixin.py:154} INFO - [2024-01-09T20:58:16.777-0300] {dagbag.py:536} INFO - Filling up the DagBag from /home/felipe/.local/lib/python3.11/site-packages/airflow/example_dags/example_trigger_controller_dag.py
[2024-01-09T20:58:16.780-0300] {processor.py:839} INFO - DAG(s) dict_keys(['example_trigger_controller_dag']) retrieved from /home/felipe/.local/lib/python3.11/site-packages/airflow/example_dags/example_trigger_controller_dag.py
[2024-01-09T20:58:16.790-0300] {logging_mixin.py:154} INFO - [2024-01-09T20:58:16.790-0300] {dag.py:2941} INFO - Sync 1 DAGs
[2024-01-09T20:58:16.800-0300] {logging_mixin.py:154} INFO - [2024-01-09T20:58:16.800-0300] {dag.py:3722} INFO - Setting next_dagrun for example_trigger_controller_dag to 2021-01-01T00:00:00+00:00, run_after=2021-01-01T00:00:00+00:00
[2024-01-09T20:58:16.818-0300] {processor.py:179} INFO - Processing /home/felipe/.local/lib/python3.11/site-packages/airflow/example_dags/example_trigger_controller_dag.py took 0.098 seconds
[2024-01-09T20:59:09.485-0300] {processor.py:157} INFO - Started process (PID=37336) to work on /home/felipe/.local/lib/python3.11/site-packages/airflow/example_dags/example_trigger_controller_dag.py
[2024-01-09T20:59:09.518-0300] {processor.py:829} INFO - Processing file /home/felipe/.local/lib/python3.11/site-packages/airflow/example_dags/example_trigger_controller_dag.py for tasks to queue
[2024-01-09T20:59:09.518-0300] {logging_mixin.py:154} INFO - [2024-01-09T20:59:09.518-0300] {dagbag.py:536} INFO - Filling up the DagBag from /home/felipe/.local/lib/python3.11/site-packages/airflow/example_dags/example_trigger_controller_dag.py
[2024-01-09T20:59:09.521-0300] {processor.py:839} INFO - DAG(s) dict_keys(['example_trigger_controller_dag']) retrieved from /home/felipe/.local/lib/python3.11/site-packages/airflow/example_dags/example_trigger_controller_dag.py
[2024-01-09T20:59:09.531-0300] {logging_mixin.py:154} INFO - [2024-01-09T20:59:09.531-0300] {dag.py:2941} INFO - Sync 1 DAGs
[2024-01-09T20:59:09.541-0300] {logging_mixin.py:154} INFO - [2024-01-09T20:59:09.541-0300] {dag.py:3722} INFO - Setting next_dagrun for example_trigger_controller_dag to 2021-01-01T00:00:00+00:00, run_after=2021-01-01T00:00:00+00:00
[2024-01-09T20:59:09.559-0300] {processor.py:179} INFO - Processing /home/felipe/.local/lib/python3.11/site-packages/airflow/example_dags/example_trigger_controller_dag.py took 0.076 seconds
