[2024-01-09T10:10:28.052-0300] {processor.py:157} INFO - Started process (PID=8544) to work on /home/felipe/.local/lib/python3.11/site-packages/airflow/example_dags/example_subdag_operator.py
[2024-01-09T10:10:28.053-0300] {processor.py:829} INFO - Processing file /home/felipe/.local/lib/python3.11/site-packages/airflow/example_dags/example_subdag_operator.py for tasks to queue
[2024-01-09T10:10:28.053-0300] {logging_mixin.py:154} INFO - [2024-01-09T10:10:28.053-0300] {dagbag.py:536} INFO - Filling up the DagBag from /home/felipe/.local/lib/python3.11/site-packages/airflow/example_dags/example_subdag_operator.py
[2024-01-09T10:10:28.066-0300] {processor.py:839} INFO - DAG(s) dict_keys(['example_subdag_operator.section-1', 'example_subdag_operator.section-2', 'example_subdag_operator']) retrieved from /home/felipe/.local/lib/python3.11/site-packages/airflow/example_dags/example_subdag_operator.py
[2024-01-09T10:10:28.076-0300] {logging_mixin.py:154} INFO - [2024-01-09T10:10:28.076-0300] {dag.py:2941} INFO - Sync 3 DAGs
[2024-01-09T10:10:28.085-0300] {logging_mixin.py:154} INFO - [2024-01-09T10:10:28.085-0300] {dag.py:3722} INFO - Setting next_dagrun for example_subdag_operator to 2022-01-01T00:00:00+00:00, run_after=2022-01-01T00:00:00+00:00
[2024-01-09T10:10:28.087-0300] {logging_mixin.py:154} INFO - [2024-01-09T10:10:28.086-0300] {dag.py:3722} INFO - Setting next_dagrun for example_subdag_operator.section-1 to None, run_after=None
[2024-01-09T10:10:28.087-0300] {logging_mixin.py:154} INFO - [2024-01-09T10:10:28.087-0300] {dag.py:3722} INFO - Setting next_dagrun for example_subdag_operator.section-2 to None, run_after=None
[2024-01-09T10:10:28.090-0300] {logging_mixin.py:154} INFO - [2024-01-09T10:10:28.089-0300] {dag.py:2941} INFO - Sync 2 DAGs
[2024-01-09T10:10:28.091-0300] {logging_mixin.py:154} INFO - [2024-01-09T10:10:28.091-0300] {dag.py:3722} INFO - Setting next_dagrun for example_subdag_operator.section-1 to None, run_after=None
[2024-01-09T10:10:28.091-0300] {logging_mixin.py:154} INFO - [2024-01-09T10:10:28.091-0300] {dag.py:3722} INFO - Setting next_dagrun for example_subdag_operator.section-2 to None, run_after=None
[2024-01-09T10:10:28.129-0300] {processor.py:179} INFO - Processing /home/felipe/.local/lib/python3.11/site-packages/airflow/example_dags/example_subdag_operator.py took 0.078 seconds
[2024-01-09T10:11:22.300-0300] {processor.py:157} INFO - Started process (PID=8673) to work on /home/felipe/.local/lib/python3.11/site-packages/airflow/example_dags/example_subdag_operator.py
[2024-01-09T10:11:22.332-0300] {processor.py:829} INFO - Processing file /home/felipe/.local/lib/python3.11/site-packages/airflow/example_dags/example_subdag_operator.py for tasks to queue
[2024-01-09T10:11:22.333-0300] {logging_mixin.py:154} INFO - [2024-01-09T10:11:22.333-0300] {dagbag.py:536} INFO - Filling up the DagBag from /home/felipe/.local/lib/python3.11/site-packages/airflow/example_dags/example_subdag_operator.py
[2024-01-09T10:11:22.345-0300] {processor.py:839} INFO - DAG(s) dict_keys(['example_subdag_operator.section-1', 'example_subdag_operator.section-2', 'example_subdag_operator']) retrieved from /home/felipe/.local/lib/python3.11/site-packages/airflow/example_dags/example_subdag_operator.py
[2024-01-09T10:11:22.353-0300] {logging_mixin.py:154} INFO - [2024-01-09T10:11:22.353-0300] {dag.py:2941} INFO - Sync 3 DAGs
[2024-01-09T10:11:22.362-0300] {logging_mixin.py:154} INFO - [2024-01-09T10:11:22.362-0300] {dag.py:3722} INFO - Setting next_dagrun for example_subdag_operator to 2022-01-01T00:00:00+00:00, run_after=2022-01-01T00:00:00+00:00
[2024-01-09T10:11:22.363-0300] {logging_mixin.py:154} INFO - [2024-01-09T10:11:22.363-0300] {dag.py:3722} INFO - Setting next_dagrun for example_subdag_operator.section-1 to None, run_after=None
[2024-01-09T10:11:22.363-0300] {logging_mixin.py:154} INFO - [2024-01-09T10:11:22.363-0300] {dag.py:3722} INFO - Setting next_dagrun for example_subdag_operator.section-2 to None, run_after=None
[2024-01-09T10:11:22.366-0300] {logging_mixin.py:154} INFO - [2024-01-09T10:11:22.366-0300] {dag.py:2941} INFO - Sync 2 DAGs
[2024-01-09T10:11:22.375-0300] {logging_mixin.py:154} INFO - [2024-01-09T10:11:22.375-0300] {dag.py:3722} INFO - Setting next_dagrun for example_subdag_operator.section-1 to None, run_after=None
[2024-01-09T10:11:22.375-0300] {logging_mixin.py:154} INFO - [2024-01-09T10:11:22.375-0300] {dag.py:3722} INFO - Setting next_dagrun for example_subdag_operator.section-2 to None, run_after=None
[2024-01-09T10:11:22.381-0300] {processor.py:179} INFO - Processing /home/felipe/.local/lib/python3.11/site-packages/airflow/example_dags/example_subdag_operator.py took 0.082 seconds
[2024-01-09T10:12:15.491-0300] {processor.py:157} INFO - Started process (PID=8779) to work on /home/felipe/.local/lib/python3.11/site-packages/airflow/example_dags/example_subdag_operator.py
[2024-01-09T10:12:15.544-0300] {processor.py:829} INFO - Processing file /home/felipe/.local/lib/python3.11/site-packages/airflow/example_dags/example_subdag_operator.py for tasks to queue
[2024-01-09T10:12:15.544-0300] {logging_mixin.py:154} INFO - [2024-01-09T10:12:15.544-0300] {dagbag.py:536} INFO - Filling up the DagBag from /home/felipe/.local/lib/python3.11/site-packages/airflow/example_dags/example_subdag_operator.py
[2024-01-09T10:12:15.557-0300] {processor.py:839} INFO - DAG(s) dict_keys(['example_subdag_operator.section-1', 'example_subdag_operator.section-2', 'example_subdag_operator']) retrieved from /home/felipe/.local/lib/python3.11/site-packages/airflow/example_dags/example_subdag_operator.py
[2024-01-09T10:12:15.565-0300] {logging_mixin.py:154} INFO - [2024-01-09T10:12:15.565-0300] {dag.py:2941} INFO - Sync 3 DAGs
[2024-01-09T10:12:15.574-0300] {logging_mixin.py:154} INFO - [2024-01-09T10:12:15.574-0300] {dag.py:3722} INFO - Setting next_dagrun for example_subdag_operator to 2022-01-01T00:00:00+00:00, run_after=2022-01-01T00:00:00+00:00
[2024-01-09T10:12:15.576-0300] {logging_mixin.py:154} INFO - [2024-01-09T10:12:15.576-0300] {dag.py:3722} INFO - Setting next_dagrun for example_subdag_operator.section-1 to None, run_after=None
[2024-01-09T10:12:15.576-0300] {logging_mixin.py:154} INFO - [2024-01-09T10:12:15.576-0300] {dag.py:3722} INFO - Setting next_dagrun for example_subdag_operator.section-2 to None, run_after=None
[2024-01-09T10:12:15.579-0300] {logging_mixin.py:154} INFO - [2024-01-09T10:12:15.579-0300] {dag.py:2941} INFO - Sync 2 DAGs
[2024-01-09T10:12:15.581-0300] {logging_mixin.py:154} INFO - [2024-01-09T10:12:15.581-0300] {dag.py:3722} INFO - Setting next_dagrun for example_subdag_operator.section-1 to None, run_after=None
[2024-01-09T10:12:15.581-0300] {logging_mixin.py:154} INFO - [2024-01-09T10:12:15.581-0300] {dag.py:3722} INFO - Setting next_dagrun for example_subdag_operator.section-2 to None, run_after=None
[2024-01-09T10:12:15.595-0300] {processor.py:179} INFO - Processing /home/felipe/.local/lib/python3.11/site-packages/airflow/example_dags/example_subdag_operator.py took 0.107 seconds
[2024-01-09T10:13:02.587-0300] {processor.py:157} INFO - Started process (PID=8871) to work on /home/felipe/.local/lib/python3.11/site-packages/airflow/example_dags/example_subdag_operator.py
[2024-01-09T10:13:02.619-0300] {processor.py:829} INFO - Processing file /home/felipe/.local/lib/python3.11/site-packages/airflow/example_dags/example_subdag_operator.py for tasks to queue
[2024-01-09T10:13:02.620-0300] {logging_mixin.py:154} INFO - [2024-01-09T10:13:02.620-0300] {dagbag.py:536} INFO - Filling up the DagBag from /home/felipe/.local/lib/python3.11/site-packages/airflow/example_dags/example_subdag_operator.py
[2024-01-09T10:13:02.632-0300] {processor.py:839} INFO - DAG(s) dict_keys(['example_subdag_operator.section-1', 'example_subdag_operator.section-2', 'example_subdag_operator']) retrieved from /home/felipe/.local/lib/python3.11/site-packages/airflow/example_dags/example_subdag_operator.py
[2024-01-09T10:13:02.639-0300] {logging_mixin.py:154} INFO - [2024-01-09T10:13:02.639-0300] {dag.py:2941} INFO - Sync 3 DAGs
[2024-01-09T10:13:02.648-0300] {logging_mixin.py:154} INFO - [2024-01-09T10:13:02.648-0300] {dag.py:3722} INFO - Setting next_dagrun for example_subdag_operator to 2022-01-01T00:00:00+00:00, run_after=2022-01-01T00:00:00+00:00
[2024-01-09T10:13:02.649-0300] {logging_mixin.py:154} INFO - [2024-01-09T10:13:02.649-0300] {dag.py:3722} INFO - Setting next_dagrun for example_subdag_operator.section-1 to None, run_after=None
[2024-01-09T10:13:02.649-0300] {logging_mixin.py:154} INFO - [2024-01-09T10:13:02.649-0300] {dag.py:3722} INFO - Setting next_dagrun for example_subdag_operator.section-2 to None, run_after=None
[2024-01-09T10:13:02.652-0300] {logging_mixin.py:154} INFO - [2024-01-09T10:13:02.652-0300] {dag.py:2941} INFO - Sync 2 DAGs
[2024-01-09T10:13:02.654-0300] {logging_mixin.py:154} INFO - [2024-01-09T10:13:02.654-0300] {dag.py:3722} INFO - Setting next_dagrun for example_subdag_operator.section-1 to None, run_after=None
[2024-01-09T10:13:02.654-0300] {logging_mixin.py:154} INFO - [2024-01-09T10:13:02.654-0300] {dag.py:3722} INFO - Setting next_dagrun for example_subdag_operator.section-2 to None, run_after=None
[2024-01-09T10:13:02.667-0300] {processor.py:179} INFO - Processing /home/felipe/.local/lib/python3.11/site-packages/airflow/example_dags/example_subdag_operator.py took 0.081 seconds
[2024-01-09T10:13:50.473-0300] {processor.py:157} INFO - Started process (PID=8947) to work on /home/felipe/.local/lib/python3.11/site-packages/airflow/example_dags/example_subdag_operator.py
[2024-01-09T10:13:50.505-0300] {processor.py:829} INFO - Processing file /home/felipe/.local/lib/python3.11/site-packages/airflow/example_dags/example_subdag_operator.py for tasks to queue
[2024-01-09T10:13:50.506-0300] {logging_mixin.py:154} INFO - [2024-01-09T10:13:50.506-0300] {dagbag.py:536} INFO - Filling up the DagBag from /home/felipe/.local/lib/python3.11/site-packages/airflow/example_dags/example_subdag_operator.py
[2024-01-09T10:13:50.519-0300] {processor.py:839} INFO - DAG(s) dict_keys(['example_subdag_operator.section-1', 'example_subdag_operator.section-2', 'example_subdag_operator']) retrieved from /home/felipe/.local/lib/python3.11/site-packages/airflow/example_dags/example_subdag_operator.py
[2024-01-09T10:13:50.526-0300] {logging_mixin.py:154} INFO - [2024-01-09T10:13:50.526-0300] {dag.py:2941} INFO - Sync 3 DAGs
[2024-01-09T10:13:50.535-0300] {logging_mixin.py:154} INFO - [2024-01-09T10:13:50.535-0300] {dag.py:3722} INFO - Setting next_dagrun for example_subdag_operator to 2022-01-01T00:00:00+00:00, run_after=2022-01-01T00:00:00+00:00
[2024-01-09T10:13:50.536-0300] {logging_mixin.py:154} INFO - [2024-01-09T10:13:50.536-0300] {dag.py:3722} INFO - Setting next_dagrun for example_subdag_operator.section-1 to None, run_after=None
[2024-01-09T10:13:50.537-0300] {logging_mixin.py:154} INFO - [2024-01-09T10:13:50.537-0300] {dag.py:3722} INFO - Setting next_dagrun for example_subdag_operator.section-2 to None, run_after=None
[2024-01-09T10:13:50.540-0300] {logging_mixin.py:154} INFO - [2024-01-09T10:13:50.539-0300] {dag.py:2941} INFO - Sync 2 DAGs
[2024-01-09T10:13:50.542-0300] {logging_mixin.py:154} INFO - [2024-01-09T10:13:50.542-0300] {dag.py:3722} INFO - Setting next_dagrun for example_subdag_operator.section-1 to None, run_after=None
[2024-01-09T10:13:50.542-0300] {logging_mixin.py:154} INFO - [2024-01-09T10:13:50.542-0300] {dag.py:3722} INFO - Setting next_dagrun for example_subdag_operator.section-2 to None, run_after=None
[2024-01-09T10:13:50.555-0300] {processor.py:179} INFO - Processing /home/felipe/.local/lib/python3.11/site-packages/airflow/example_dags/example_subdag_operator.py took 0.083 seconds
[2024-01-09T10:14:43.500-0300] {processor.py:157} INFO - Started process (PID=9027) to work on /home/felipe/.local/lib/python3.11/site-packages/airflow/example_dags/example_subdag_operator.py
[2024-01-09T10:14:43.532-0300] {processor.py:829} INFO - Processing file /home/felipe/.local/lib/python3.11/site-packages/airflow/example_dags/example_subdag_operator.py for tasks to queue
[2024-01-09T10:14:43.533-0300] {logging_mixin.py:154} INFO - [2024-01-09T10:14:43.533-0300] {dagbag.py:536} INFO - Filling up the DagBag from /home/felipe/.local/lib/python3.11/site-packages/airflow/example_dags/example_subdag_operator.py
[2024-01-09T10:14:43.551-0300] {processor.py:839} INFO - DAG(s) dict_keys(['example_subdag_operator.section-1', 'example_subdag_operator.section-2', 'example_subdag_operator']) retrieved from /home/felipe/.local/lib/python3.11/site-packages/airflow/example_dags/example_subdag_operator.py
[2024-01-09T10:14:43.562-0300] {logging_mixin.py:154} INFO - [2024-01-09T10:14:43.562-0300] {dag.py:2941} INFO - Sync 3 DAGs
[2024-01-09T10:14:43.571-0300] {logging_mixin.py:154} INFO - [2024-01-09T10:14:43.571-0300] {dag.py:3722} INFO - Setting next_dagrun for example_subdag_operator to 2022-01-01T00:00:00+00:00, run_after=2022-01-01T00:00:00+00:00
[2024-01-09T10:14:43.572-0300] {logging_mixin.py:154} INFO - [2024-01-09T10:14:43.572-0300] {dag.py:3722} INFO - Setting next_dagrun for example_subdag_operator.section-1 to None, run_after=None
[2024-01-09T10:14:43.573-0300] {logging_mixin.py:154} INFO - [2024-01-09T10:14:43.573-0300] {dag.py:3722} INFO - Setting next_dagrun for example_subdag_operator.section-2 to None, run_after=None
[2024-01-09T10:14:43.575-0300] {logging_mixin.py:154} INFO - [2024-01-09T10:14:43.575-0300] {dag.py:2941} INFO - Sync 2 DAGs
[2024-01-09T10:14:43.577-0300] {logging_mixin.py:154} INFO - [2024-01-09T10:14:43.577-0300] {dag.py:3722} INFO - Setting next_dagrun for example_subdag_operator.section-1 to None, run_after=None
[2024-01-09T10:14:43.577-0300] {logging_mixin.py:154} INFO - [2024-01-09T10:14:43.577-0300] {dag.py:3722} INFO - Setting next_dagrun for example_subdag_operator.section-2 to None, run_after=None
[2024-01-09T10:14:43.583-0300] {processor.py:179} INFO - Processing /home/felipe/.local/lib/python3.11/site-packages/airflow/example_dags/example_subdag_operator.py took 0.085 seconds
[2024-01-09T10:34:25.540-0300] {processor.py:157} INFO - Started process (PID=11340) to work on /home/felipe/.local/lib/python3.11/site-packages/airflow/example_dags/example_subdag_operator.py
[2024-01-09T10:34:25.540-0300] {processor.py:829} INFO - Processing file /home/felipe/.local/lib/python3.11/site-packages/airflow/example_dags/example_subdag_operator.py for tasks to queue
[2024-01-09T10:34:25.541-0300] {logging_mixin.py:154} INFO - [2024-01-09T10:34:25.540-0300] {dagbag.py:536} INFO - Filling up the DagBag from /home/felipe/.local/lib/python3.11/site-packages/airflow/example_dags/example_subdag_operator.py
[2024-01-09T10:34:25.553-0300] {processor.py:839} INFO - DAG(s) dict_keys(['example_subdag_operator.section-1', 'example_subdag_operator.section-2', 'example_subdag_operator']) retrieved from /home/felipe/.local/lib/python3.11/site-packages/airflow/example_dags/example_subdag_operator.py
[2024-01-09T10:34:25.563-0300] {logging_mixin.py:154} INFO - [2024-01-09T10:34:25.563-0300] {dag.py:2941} INFO - Sync 3 DAGs
[2024-01-09T10:34:25.571-0300] {logging_mixin.py:154} INFO - [2024-01-09T10:34:25.571-0300] {dag.py:3722} INFO - Setting next_dagrun for example_subdag_operator to 2022-01-01T00:00:00+00:00, run_after=2022-01-01T00:00:00+00:00
[2024-01-09T10:34:25.573-0300] {logging_mixin.py:154} INFO - [2024-01-09T10:34:25.572-0300] {dag.py:3722} INFO - Setting next_dagrun for example_subdag_operator.section-1 to None, run_after=None
[2024-01-09T10:34:25.573-0300] {logging_mixin.py:154} INFO - [2024-01-09T10:34:25.573-0300] {dag.py:3722} INFO - Setting next_dagrun for example_subdag_operator.section-2 to None, run_after=None
[2024-01-09T10:34:25.575-0300] {logging_mixin.py:154} INFO - [2024-01-09T10:34:25.575-0300] {dag.py:2941} INFO - Sync 2 DAGs
[2024-01-09T10:34:25.577-0300] {logging_mixin.py:154} INFO - [2024-01-09T10:34:25.577-0300] {dag.py:3722} INFO - Setting next_dagrun for example_subdag_operator.section-1 to None, run_after=None
[2024-01-09T10:34:25.577-0300] {logging_mixin.py:154} INFO - [2024-01-09T10:34:25.577-0300] {dag.py:3722} INFO - Setting next_dagrun for example_subdag_operator.section-2 to None, run_after=None
[2024-01-09T10:34:25.583-0300] {processor.py:179} INFO - Processing /home/felipe/.local/lib/python3.11/site-packages/airflow/example_dags/example_subdag_operator.py took 0.045 seconds
[2024-01-09T10:38:30.561-0300] {processor.py:157} INFO - Started process (PID=11799) to work on /home/felipe/.local/lib/python3.11/site-packages/airflow/example_dags/example_subdag_operator.py
[2024-01-09T10:38:30.625-0300] {processor.py:829} INFO - Processing file /home/felipe/.local/lib/python3.11/site-packages/airflow/example_dags/example_subdag_operator.py for tasks to queue
[2024-01-09T10:38:30.626-0300] {logging_mixin.py:154} INFO - [2024-01-09T10:38:30.626-0300] {dagbag.py:536} INFO - Filling up the DagBag from /home/felipe/.local/lib/python3.11/site-packages/airflow/example_dags/example_subdag_operator.py
[2024-01-09T10:38:30.638-0300] {processor.py:839} INFO - DAG(s) dict_keys(['example_subdag_operator.section-1', 'example_subdag_operator.section-2', 'example_subdag_operator']) retrieved from /home/felipe/.local/lib/python3.11/site-packages/airflow/example_dags/example_subdag_operator.py
[2024-01-09T10:38:30.645-0300] {logging_mixin.py:154} INFO - [2024-01-09T10:38:30.645-0300] {dag.py:2941} INFO - Sync 3 DAGs
[2024-01-09T10:38:30.653-0300] {logging_mixin.py:154} INFO - [2024-01-09T10:38:30.652-0300] {dag.py:3722} INFO - Setting next_dagrun for example_subdag_operator to 2022-01-01T00:00:00+00:00, run_after=2022-01-01T00:00:00+00:00
[2024-01-09T10:38:30.654-0300] {logging_mixin.py:154} INFO - [2024-01-09T10:38:30.654-0300] {dag.py:3722} INFO - Setting next_dagrun for example_subdag_operator.section-1 to None, run_after=None
[2024-01-09T10:38:30.654-0300] {logging_mixin.py:154} INFO - [2024-01-09T10:38:30.654-0300] {dag.py:3722} INFO - Setting next_dagrun for example_subdag_operator.section-2 to None, run_after=None
[2024-01-09T10:38:30.656-0300] {logging_mixin.py:154} INFO - [2024-01-09T10:38:30.656-0300] {dag.py:2941} INFO - Sync 2 DAGs
[2024-01-09T10:38:30.658-0300] {logging_mixin.py:154} INFO - [2024-01-09T10:38:30.658-0300] {dag.py:3722} INFO - Setting next_dagrun for example_subdag_operator.section-1 to None, run_after=None
[2024-01-09T10:38:30.658-0300] {logging_mixin.py:154} INFO - [2024-01-09T10:38:30.658-0300] {dag.py:3722} INFO - Setting next_dagrun for example_subdag_operator.section-2 to None, run_after=None
[2024-01-09T10:38:30.671-0300] {processor.py:179} INFO - Processing /home/felipe/.local/lib/python3.11/site-packages/airflow/example_dags/example_subdag_operator.py took 0.112 seconds
[2024-01-09T10:39:22.088-0300] {processor.py:157} INFO - Started process (PID=11895) to work on /home/felipe/.local/lib/python3.11/site-packages/airflow/example_dags/example_subdag_operator.py
[2024-01-09T10:39:22.120-0300] {processor.py:829} INFO - Processing file /home/felipe/.local/lib/python3.11/site-packages/airflow/example_dags/example_subdag_operator.py for tasks to queue
[2024-01-09T10:39:22.121-0300] {logging_mixin.py:154} INFO - [2024-01-09T10:39:22.121-0300] {dagbag.py:536} INFO - Filling up the DagBag from /home/felipe/.local/lib/python3.11/site-packages/airflow/example_dags/example_subdag_operator.py
[2024-01-09T10:39:22.133-0300] {processor.py:839} INFO - DAG(s) dict_keys(['example_subdag_operator.section-1', 'example_subdag_operator.section-2', 'example_subdag_operator']) retrieved from /home/felipe/.local/lib/python3.11/site-packages/airflow/example_dags/example_subdag_operator.py
[2024-01-09T10:39:22.140-0300] {logging_mixin.py:154} INFO - [2024-01-09T10:39:22.140-0300] {dag.py:2941} INFO - Sync 3 DAGs
[2024-01-09T10:39:22.147-0300] {logging_mixin.py:154} INFO - [2024-01-09T10:39:22.147-0300] {dag.py:3722} INFO - Setting next_dagrun for example_subdag_operator to 2022-01-01T00:00:00+00:00, run_after=2022-01-01T00:00:00+00:00
[2024-01-09T10:39:22.148-0300] {logging_mixin.py:154} INFO - [2024-01-09T10:39:22.148-0300] {dag.py:3722} INFO - Setting next_dagrun for example_subdag_operator.section-1 to None, run_after=None
[2024-01-09T10:39:22.148-0300] {logging_mixin.py:154} INFO - [2024-01-09T10:39:22.148-0300] {dag.py:3722} INFO - Setting next_dagrun for example_subdag_operator.section-2 to None, run_after=None
[2024-01-09T10:39:22.151-0300] {logging_mixin.py:154} INFO - [2024-01-09T10:39:22.151-0300] {dag.py:2941} INFO - Sync 2 DAGs
[2024-01-09T10:39:22.152-0300] {logging_mixin.py:154} INFO - [2024-01-09T10:39:22.152-0300] {dag.py:3722} INFO - Setting next_dagrun for example_subdag_operator.section-1 to None, run_after=None
[2024-01-09T10:39:22.152-0300] {logging_mixin.py:154} INFO - [2024-01-09T10:39:22.152-0300] {dag.py:3722} INFO - Setting next_dagrun for example_subdag_operator.section-2 to None, run_after=None
[2024-01-09T10:39:22.158-0300] {processor.py:179} INFO - Processing /home/felipe/.local/lib/python3.11/site-packages/airflow/example_dags/example_subdag_operator.py took 0.071 seconds
[2024-01-09T10:40:09.971-0300] {processor.py:157} INFO - Started process (PID=11979) to work on /home/felipe/.local/lib/python3.11/site-packages/airflow/example_dags/example_subdag_operator.py
[2024-01-09T10:40:10.003-0300] {processor.py:829} INFO - Processing file /home/felipe/.local/lib/python3.11/site-packages/airflow/example_dags/example_subdag_operator.py for tasks to queue
[2024-01-09T10:40:10.004-0300] {logging_mixin.py:154} INFO - [2024-01-09T10:40:10.003-0300] {dagbag.py:536} INFO - Filling up the DagBag from /home/felipe/.local/lib/python3.11/site-packages/airflow/example_dags/example_subdag_operator.py
[2024-01-09T10:40:10.016-0300] {processor.py:839} INFO - DAG(s) dict_keys(['example_subdag_operator.section-1', 'example_subdag_operator.section-2', 'example_subdag_operator']) retrieved from /home/felipe/.local/lib/python3.11/site-packages/airflow/example_dags/example_subdag_operator.py
[2024-01-09T10:40:10.022-0300] {logging_mixin.py:154} INFO - [2024-01-09T10:40:10.022-0300] {dag.py:2941} INFO - Sync 3 DAGs
[2024-01-09T10:40:10.030-0300] {logging_mixin.py:154} INFO - [2024-01-09T10:40:10.030-0300] {dag.py:3722} INFO - Setting next_dagrun for example_subdag_operator to 2022-01-01T00:00:00+00:00, run_after=2022-01-01T00:00:00+00:00
[2024-01-09T10:40:10.031-0300] {logging_mixin.py:154} INFO - [2024-01-09T10:40:10.031-0300] {dag.py:3722} INFO - Setting next_dagrun for example_subdag_operator.section-1 to None, run_after=None
[2024-01-09T10:40:10.031-0300] {logging_mixin.py:154} INFO - [2024-01-09T10:40:10.031-0300] {dag.py:3722} INFO - Setting next_dagrun for example_subdag_operator.section-2 to None, run_after=None
[2024-01-09T10:40:10.033-0300] {logging_mixin.py:154} INFO - [2024-01-09T10:40:10.033-0300] {dag.py:2941} INFO - Sync 2 DAGs
[2024-01-09T10:40:10.035-0300] {logging_mixin.py:154} INFO - [2024-01-09T10:40:10.035-0300] {dag.py:3722} INFO - Setting next_dagrun for example_subdag_operator.section-1 to None, run_after=None
[2024-01-09T10:40:10.036-0300] {logging_mixin.py:154} INFO - [2024-01-09T10:40:10.035-0300] {dag.py:3722} INFO - Setting next_dagrun for example_subdag_operator.section-2 to None, run_after=None
[2024-01-09T10:40:10.049-0300] {processor.py:179} INFO - Processing /home/felipe/.local/lib/python3.11/site-packages/airflow/example_dags/example_subdag_operator.py took 0.080 seconds
[2024-01-09T10:41:03.048-0300] {processor.py:157} INFO - Started process (PID=12169) to work on /home/felipe/.local/lib/python3.11/site-packages/airflow/example_dags/example_subdag_operator.py
[2024-01-09T10:41:03.050-0300] {processor.py:829} INFO - Processing file /home/felipe/.local/lib/python3.11/site-packages/airflow/example_dags/example_subdag_operator.py for tasks to queue
[2024-01-09T10:41:03.050-0300] {logging_mixin.py:154} INFO - [2024-01-09T10:41:03.050-0300] {dagbag.py:536} INFO - Filling up the DagBag from /home/felipe/.local/lib/python3.11/site-packages/airflow/example_dags/example_subdag_operator.py
[2024-01-09T10:41:03.063-0300] {processor.py:839} INFO - DAG(s) dict_keys(['example_subdag_operator.section-1', 'example_subdag_operator.section-2', 'example_subdag_operator']) retrieved from /home/felipe/.local/lib/python3.11/site-packages/airflow/example_dags/example_subdag_operator.py
[2024-01-09T10:41:03.070-0300] {logging_mixin.py:154} INFO - [2024-01-09T10:41:03.069-0300] {dag.py:2941} INFO - Sync 3 DAGs
[2024-01-09T10:41:03.077-0300] {logging_mixin.py:154} INFO - [2024-01-09T10:41:03.077-0300] {dag.py:3722} INFO - Setting next_dagrun for example_subdag_operator to 2022-01-01T00:00:00+00:00, run_after=2022-01-01T00:00:00+00:00
[2024-01-09T10:41:03.078-0300] {logging_mixin.py:154} INFO - [2024-01-09T10:41:03.078-0300] {dag.py:3722} INFO - Setting next_dagrun for example_subdag_operator.section-1 to None, run_after=None
[2024-01-09T10:41:03.078-0300] {logging_mixin.py:154} INFO - [2024-01-09T10:41:03.078-0300] {dag.py:3722} INFO - Setting next_dagrun for example_subdag_operator.section-2 to None, run_after=None
[2024-01-09T10:41:03.081-0300] {logging_mixin.py:154} INFO - [2024-01-09T10:41:03.081-0300] {dag.py:2941} INFO - Sync 2 DAGs
[2024-01-09T10:41:03.082-0300] {logging_mixin.py:154} INFO - [2024-01-09T10:41:03.082-0300] {dag.py:3722} INFO - Setting next_dagrun for example_subdag_operator.section-1 to None, run_after=None
[2024-01-09T10:41:03.082-0300] {logging_mixin.py:154} INFO - [2024-01-09T10:41:03.082-0300] {dag.py:3722} INFO - Setting next_dagrun for example_subdag_operator.section-2 to None, run_after=None
[2024-01-09T10:41:03.088-0300] {processor.py:179} INFO - Processing /home/felipe/.local/lib/python3.11/site-packages/airflow/example_dags/example_subdag_operator.py took 0.042 seconds
[2024-01-09T10:44:15.681-0300] {processor.py:157} INFO - Started process (PID=12619) to work on /home/felipe/.local/lib/python3.11/site-packages/airflow/example_dags/example_subdag_operator.py
[2024-01-09T10:44:15.713-0300] {processor.py:829} INFO - Processing file /home/felipe/.local/lib/python3.11/site-packages/airflow/example_dags/example_subdag_operator.py for tasks to queue
[2024-01-09T10:44:15.714-0300] {logging_mixin.py:154} INFO - [2024-01-09T10:44:15.714-0300] {dagbag.py:536} INFO - Filling up the DagBag from /home/felipe/.local/lib/python3.11/site-packages/airflow/example_dags/example_subdag_operator.py
[2024-01-09T10:44:15.726-0300] {processor.py:839} INFO - DAG(s) dict_keys(['example_subdag_operator.section-1', 'example_subdag_operator.section-2', 'example_subdag_operator']) retrieved from /home/felipe/.local/lib/python3.11/site-packages/airflow/example_dags/example_subdag_operator.py
[2024-01-09T10:44:15.733-0300] {logging_mixin.py:154} INFO - [2024-01-09T10:44:15.733-0300] {dag.py:2941} INFO - Sync 3 DAGs
[2024-01-09T10:44:15.740-0300] {logging_mixin.py:154} INFO - [2024-01-09T10:44:15.740-0300] {dag.py:3722} INFO - Setting next_dagrun for example_subdag_operator to 2022-01-01T00:00:00+00:00, run_after=2022-01-01T00:00:00+00:00
[2024-01-09T10:44:15.741-0300] {logging_mixin.py:154} INFO - [2024-01-09T10:44:15.741-0300] {dag.py:3722} INFO - Setting next_dagrun for example_subdag_operator.section-1 to None, run_after=None
[2024-01-09T10:44:15.741-0300] {logging_mixin.py:154} INFO - [2024-01-09T10:44:15.741-0300] {dag.py:3722} INFO - Setting next_dagrun for example_subdag_operator.section-2 to None, run_after=None
[2024-01-09T10:44:15.744-0300] {logging_mixin.py:154} INFO - [2024-01-09T10:44:15.744-0300] {dag.py:2941} INFO - Sync 2 DAGs
[2024-01-09T10:44:15.745-0300] {logging_mixin.py:154} INFO - [2024-01-09T10:44:15.745-0300] {dag.py:3722} INFO - Setting next_dagrun for example_subdag_operator.section-1 to None, run_after=None
[2024-01-09T10:44:15.745-0300] {logging_mixin.py:154} INFO - [2024-01-09T10:44:15.745-0300] {dag.py:3722} INFO - Setting next_dagrun for example_subdag_operator.section-2 to None, run_after=None
[2024-01-09T10:44:15.759-0300] {processor.py:179} INFO - Processing /home/felipe/.local/lib/python3.11/site-packages/airflow/example_dags/example_subdag_operator.py took 0.079 seconds
[2024-01-09T10:47:12.350-0300] {processor.py:157} INFO - Started process (PID=13382) to work on /home/felipe/.local/lib/python3.11/site-packages/airflow/example_dags/example_subdag_operator.py
[2024-01-09T10:47:12.382-0300] {processor.py:829} INFO - Processing file /home/felipe/.local/lib/python3.11/site-packages/airflow/example_dags/example_subdag_operator.py for tasks to queue
[2024-01-09T10:47:12.382-0300] {logging_mixin.py:154} INFO - [2024-01-09T10:47:12.382-0300] {dagbag.py:536} INFO - Filling up the DagBag from /home/felipe/.local/lib/python3.11/site-packages/airflow/example_dags/example_subdag_operator.py
[2024-01-09T10:47:12.394-0300] {processor.py:839} INFO - DAG(s) dict_keys(['example_subdag_operator.section-1', 'example_subdag_operator.section-2', 'example_subdag_operator']) retrieved from /home/felipe/.local/lib/python3.11/site-packages/airflow/example_dags/example_subdag_operator.py
[2024-01-09T10:47:12.400-0300] {logging_mixin.py:154} INFO - [2024-01-09T10:47:12.400-0300] {dag.py:2941} INFO - Sync 3 DAGs
[2024-01-09T10:47:12.408-0300] {logging_mixin.py:154} INFO - [2024-01-09T10:47:12.408-0300] {dag.py:3722} INFO - Setting next_dagrun for example_subdag_operator to 2022-01-01T00:00:00+00:00, run_after=2022-01-01T00:00:00+00:00
[2024-01-09T10:47:12.409-0300] {logging_mixin.py:154} INFO - [2024-01-09T10:47:12.409-0300] {dag.py:3722} INFO - Setting next_dagrun for example_subdag_operator.section-1 to None, run_after=None
[2024-01-09T10:47:12.409-0300] {logging_mixin.py:154} INFO - [2024-01-09T10:47:12.409-0300] {dag.py:3722} INFO - Setting next_dagrun for example_subdag_operator.section-2 to None, run_after=None
[2024-01-09T10:47:12.411-0300] {logging_mixin.py:154} INFO - [2024-01-09T10:47:12.411-0300] {dag.py:2941} INFO - Sync 2 DAGs
[2024-01-09T10:47:12.413-0300] {logging_mixin.py:154} INFO - [2024-01-09T10:47:12.413-0300] {dag.py:3722} INFO - Setting next_dagrun for example_subdag_operator.section-1 to None, run_after=None
[2024-01-09T10:47:12.413-0300] {logging_mixin.py:154} INFO - [2024-01-09T10:47:12.413-0300] {dag.py:3722} INFO - Setting next_dagrun for example_subdag_operator.section-2 to None, run_after=None
[2024-01-09T10:47:12.426-0300] {processor.py:179} INFO - Processing /home/felipe/.local/lib/python3.11/site-packages/airflow/example_dags/example_subdag_operator.py took 0.079 seconds
[2024-01-09T10:50:09.535-0300] {processor.py:157} INFO - Started process (PID=13832) to work on /home/felipe/.local/lib/python3.11/site-packages/airflow/example_dags/example_subdag_operator.py
[2024-01-09T10:50:09.536-0300] {processor.py:829} INFO - Processing file /home/felipe/.local/lib/python3.11/site-packages/airflow/example_dags/example_subdag_operator.py for tasks to queue
[2024-01-09T10:50:09.536-0300] {logging_mixin.py:154} INFO - [2024-01-09T10:50:09.536-0300] {dagbag.py:536} INFO - Filling up the DagBag from /home/felipe/.local/lib/python3.11/site-packages/airflow/example_dags/example_subdag_operator.py
[2024-01-09T10:50:09.549-0300] {processor.py:839} INFO - DAG(s) dict_keys(['example_subdag_operator.section-1', 'example_subdag_operator.section-2', 'example_subdag_operator']) retrieved from /home/felipe/.local/lib/python3.11/site-packages/airflow/example_dags/example_subdag_operator.py
[2024-01-09T10:50:09.556-0300] {logging_mixin.py:154} INFO - [2024-01-09T10:50:09.556-0300] {dag.py:2941} INFO - Sync 3 DAGs
[2024-01-09T10:50:09.564-0300] {logging_mixin.py:154} INFO - [2024-01-09T10:50:09.564-0300] {dag.py:3722} INFO - Setting next_dagrun for example_subdag_operator to 2022-01-01T00:00:00+00:00, run_after=2022-01-01T00:00:00+00:00
[2024-01-09T10:50:09.565-0300] {logging_mixin.py:154} INFO - [2024-01-09T10:50:09.565-0300] {dag.py:3722} INFO - Setting next_dagrun for example_subdag_operator.section-1 to None, run_after=None
[2024-01-09T10:50:09.565-0300] {logging_mixin.py:154} INFO - [2024-01-09T10:50:09.565-0300] {dag.py:3722} INFO - Setting next_dagrun for example_subdag_operator.section-2 to None, run_after=None
[2024-01-09T10:50:09.568-0300] {logging_mixin.py:154} INFO - [2024-01-09T10:50:09.568-0300] {dag.py:2941} INFO - Sync 2 DAGs
[2024-01-09T10:50:09.569-0300] {logging_mixin.py:154} INFO - [2024-01-09T10:50:09.569-0300] {dag.py:3722} INFO - Setting next_dagrun for example_subdag_operator.section-1 to None, run_after=None
[2024-01-09T10:50:09.570-0300] {logging_mixin.py:154} INFO - [2024-01-09T10:50:09.570-0300] {dag.py:3722} INFO - Setting next_dagrun for example_subdag_operator.section-2 to None, run_after=None
[2024-01-09T10:50:09.577-0300] {processor.py:179} INFO - Processing /home/felipe/.local/lib/python3.11/site-packages/airflow/example_dags/example_subdag_operator.py took 0.044 seconds
[2024-01-09T10:52:13.171-0300] {processor.py:157} INFO - Started process (PID=14058) to work on /home/felipe/.local/lib/python3.11/site-packages/airflow/example_dags/example_subdag_operator.py
[2024-01-09T10:52:13.203-0300] {processor.py:829} INFO - Processing file /home/felipe/.local/lib/python3.11/site-packages/airflow/example_dags/example_subdag_operator.py for tasks to queue
[2024-01-09T10:52:13.204-0300] {logging_mixin.py:154} INFO - [2024-01-09T10:52:13.204-0300] {dagbag.py:536} INFO - Filling up the DagBag from /home/felipe/.local/lib/python3.11/site-packages/airflow/example_dags/example_subdag_operator.py
[2024-01-09T10:52:13.215-0300] {processor.py:839} INFO - DAG(s) dict_keys(['example_subdag_operator.section-1', 'example_subdag_operator.section-2', 'example_subdag_operator']) retrieved from /home/felipe/.local/lib/python3.11/site-packages/airflow/example_dags/example_subdag_operator.py
[2024-01-09T10:52:13.222-0300] {logging_mixin.py:154} INFO - [2024-01-09T10:52:13.222-0300] {dag.py:2941} INFO - Sync 3 DAGs
[2024-01-09T10:52:13.229-0300] {logging_mixin.py:154} INFO - [2024-01-09T10:52:13.229-0300] {dag.py:3722} INFO - Setting next_dagrun for example_subdag_operator to 2022-01-01T00:00:00+00:00, run_after=2022-01-01T00:00:00+00:00
[2024-01-09T10:52:13.230-0300] {logging_mixin.py:154} INFO - [2024-01-09T10:52:13.230-0300] {dag.py:3722} INFO - Setting next_dagrun for example_subdag_operator.section-1 to None, run_after=None
[2024-01-09T10:52:13.231-0300] {logging_mixin.py:154} INFO - [2024-01-09T10:52:13.231-0300] {dag.py:3722} INFO - Setting next_dagrun for example_subdag_operator.section-2 to None, run_after=None
[2024-01-09T10:52:13.233-0300] {logging_mixin.py:154} INFO - [2024-01-09T10:52:13.233-0300] {dag.py:2941} INFO - Sync 2 DAGs
[2024-01-09T10:52:13.235-0300] {logging_mixin.py:154} INFO - [2024-01-09T10:52:13.235-0300] {dag.py:3722} INFO - Setting next_dagrun for example_subdag_operator.section-1 to None, run_after=None
[2024-01-09T10:52:13.235-0300] {logging_mixin.py:154} INFO - [2024-01-09T10:52:13.235-0300] {dag.py:3722} INFO - Setting next_dagrun for example_subdag_operator.section-2 to None, run_after=None
[2024-01-09T10:52:13.248-0300] {processor.py:179} INFO - Processing /home/felipe/.local/lib/python3.11/site-packages/airflow/example_dags/example_subdag_operator.py took 0.079 seconds
[2024-01-09T10:53:52.961-0300] {processor.py:157} INFO - Started process (PID=14344) to work on /home/felipe/.local/lib/python3.11/site-packages/airflow/example_dags/example_subdag_operator.py
[2024-01-09T10:53:52.993-0300] {processor.py:829} INFO - Processing file /home/felipe/.local/lib/python3.11/site-packages/airflow/example_dags/example_subdag_operator.py for tasks to queue
[2024-01-09T10:53:52.994-0300] {logging_mixin.py:154} INFO - [2024-01-09T10:53:52.994-0300] {dagbag.py:536} INFO - Filling up the DagBag from /home/felipe/.local/lib/python3.11/site-packages/airflow/example_dags/example_subdag_operator.py
[2024-01-09T10:53:53.005-0300] {processor.py:839} INFO - DAG(s) dict_keys(['example_subdag_operator.section-1', 'example_subdag_operator.section-2', 'example_subdag_operator']) retrieved from /home/felipe/.local/lib/python3.11/site-packages/airflow/example_dags/example_subdag_operator.py
[2024-01-09T10:53:53.012-0300] {logging_mixin.py:154} INFO - [2024-01-09T10:53:53.012-0300] {dag.py:2941} INFO - Sync 3 DAGs
[2024-01-09T10:53:53.021-0300] {logging_mixin.py:154} INFO - [2024-01-09T10:53:53.021-0300] {dag.py:3722} INFO - Setting next_dagrun for example_subdag_operator to 2022-01-01T00:00:00+00:00, run_after=2022-01-01T00:00:00+00:00
[2024-01-09T10:53:53.022-0300] {logging_mixin.py:154} INFO - [2024-01-09T10:53:53.022-0300] {dag.py:3722} INFO - Setting next_dagrun for example_subdag_operator.section-1 to None, run_after=None
[2024-01-09T10:53:53.023-0300] {logging_mixin.py:154} INFO - [2024-01-09T10:53:53.023-0300] {dag.py:3722} INFO - Setting next_dagrun for example_subdag_operator.section-2 to None, run_after=None
[2024-01-09T10:53:53.026-0300] {logging_mixin.py:154} INFO - [2024-01-09T10:53:53.026-0300] {dag.py:2941} INFO - Sync 2 DAGs
[2024-01-09T10:53:53.027-0300] {logging_mixin.py:154} INFO - [2024-01-09T10:53:53.027-0300] {dag.py:3722} INFO - Setting next_dagrun for example_subdag_operator.section-1 to None, run_after=None
[2024-01-09T10:53:53.028-0300] {logging_mixin.py:154} INFO - [2024-01-09T10:53:53.028-0300] {dag.py:3722} INFO - Setting next_dagrun for example_subdag_operator.section-2 to None, run_after=None
[2024-01-09T10:53:53.041-0300] {processor.py:179} INFO - Processing /home/felipe/.local/lib/python3.11/site-packages/airflow/example_dags/example_subdag_operator.py took 0.082 seconds
[2024-01-09T10:56:21.898-0300] {processor.py:157} INFO - Started process (PID=14934) to work on /home/felipe/.local/lib/python3.11/site-packages/airflow/example_dags/example_subdag_operator.py
[2024-01-09T10:56:21.899-0300] {processor.py:829} INFO - Processing file /home/felipe/.local/lib/python3.11/site-packages/airflow/example_dags/example_subdag_operator.py for tasks to queue
[2024-01-09T10:56:21.899-0300] {logging_mixin.py:154} INFO - [2024-01-09T10:56:21.899-0300] {dagbag.py:536} INFO - Filling up the DagBag from /home/felipe/.local/lib/python3.11/site-packages/airflow/example_dags/example_subdag_operator.py
[2024-01-09T10:56:21.913-0300] {processor.py:839} INFO - DAG(s) dict_keys(['example_subdag_operator.section-1', 'example_subdag_operator.section-2', 'example_subdag_operator']) retrieved from /home/felipe/.local/lib/python3.11/site-packages/airflow/example_dags/example_subdag_operator.py
[2024-01-09T10:56:21.920-0300] {logging_mixin.py:154} INFO - [2024-01-09T10:56:21.920-0300] {dag.py:2941} INFO - Sync 3 DAGs
[2024-01-09T10:56:21.928-0300] {logging_mixin.py:154} INFO - [2024-01-09T10:56:21.928-0300] {dag.py:3722} INFO - Setting next_dagrun for example_subdag_operator to 2022-01-01T00:00:00+00:00, run_after=2022-01-01T00:00:00+00:00
[2024-01-09T10:56:21.929-0300] {logging_mixin.py:154} INFO - [2024-01-09T10:56:21.929-0300] {dag.py:3722} INFO - Setting next_dagrun for example_subdag_operator.section-1 to None, run_after=None
[2024-01-09T10:56:21.929-0300] {logging_mixin.py:154} INFO - [2024-01-09T10:56:21.929-0300] {dag.py:3722} INFO - Setting next_dagrun for example_subdag_operator.section-2 to None, run_after=None
[2024-01-09T10:56:21.932-0300] {logging_mixin.py:154} INFO - [2024-01-09T10:56:21.932-0300] {dag.py:2941} INFO - Sync 2 DAGs
[2024-01-09T10:56:21.933-0300] {logging_mixin.py:154} INFO - [2024-01-09T10:56:21.933-0300] {dag.py:3722} INFO - Setting next_dagrun for example_subdag_operator.section-1 to None, run_after=None
[2024-01-09T10:56:21.933-0300] {logging_mixin.py:154} INFO - [2024-01-09T10:56:21.933-0300] {dag.py:3722} INFO - Setting next_dagrun for example_subdag_operator.section-2 to None, run_after=None
[2024-01-09T10:56:21.940-0300] {processor.py:179} INFO - Processing /home/felipe/.local/lib/python3.11/site-packages/airflow/example_dags/example_subdag_operator.py took 0.044 seconds
[2024-01-09T10:58:36.761-0300] {processor.py:157} INFO - Started process (PID=15275) to work on /home/felipe/.local/lib/python3.11/site-packages/airflow/example_dags/example_subdag_operator.py
[2024-01-09T10:58:36.762-0300] {processor.py:829} INFO - Processing file /home/felipe/.local/lib/python3.11/site-packages/airflow/example_dags/example_subdag_operator.py for tasks to queue
[2024-01-09T10:58:36.762-0300] {logging_mixin.py:154} INFO - [2024-01-09T10:58:36.762-0300] {dagbag.py:536} INFO - Filling up the DagBag from /home/felipe/.local/lib/python3.11/site-packages/airflow/example_dags/example_subdag_operator.py
[2024-01-09T10:58:36.774-0300] {processor.py:839} INFO - DAG(s) dict_keys(['example_subdag_operator.section-1', 'example_subdag_operator.section-2', 'example_subdag_operator']) retrieved from /home/felipe/.local/lib/python3.11/site-packages/airflow/example_dags/example_subdag_operator.py
[2024-01-09T10:58:36.781-0300] {logging_mixin.py:154} INFO - [2024-01-09T10:58:36.781-0300] {dag.py:2941} INFO - Sync 3 DAGs
[2024-01-09T10:58:36.788-0300] {logging_mixin.py:154} INFO - [2024-01-09T10:58:36.788-0300] {dag.py:3722} INFO - Setting next_dagrun for example_subdag_operator to 2022-01-01T00:00:00+00:00, run_after=2022-01-01T00:00:00+00:00
[2024-01-09T10:58:36.790-0300] {logging_mixin.py:154} INFO - [2024-01-09T10:58:36.790-0300] {dag.py:3722} INFO - Setting next_dagrun for example_subdag_operator.section-1 to None, run_after=None
[2024-01-09T10:58:36.790-0300] {logging_mixin.py:154} INFO - [2024-01-09T10:58:36.790-0300] {dag.py:3722} INFO - Setting next_dagrun for example_subdag_operator.section-2 to None, run_after=None
[2024-01-09T10:58:36.792-0300] {logging_mixin.py:154} INFO - [2024-01-09T10:58:36.792-0300] {dag.py:2941} INFO - Sync 2 DAGs
[2024-01-09T10:58:36.794-0300] {logging_mixin.py:154} INFO - [2024-01-09T10:58:36.794-0300] {dag.py:3722} INFO - Setting next_dagrun for example_subdag_operator.section-1 to None, run_after=None
[2024-01-09T10:58:36.794-0300] {logging_mixin.py:154} INFO - [2024-01-09T10:58:36.794-0300] {dag.py:3722} INFO - Setting next_dagrun for example_subdag_operator.section-2 to None, run_after=None
[2024-01-09T10:58:36.800-0300] {processor.py:179} INFO - Processing /home/felipe/.local/lib/python3.11/site-packages/airflow/example_dags/example_subdag_operator.py took 0.041 seconds
[2024-01-09T11:00:53.198-0300] {processor.py:157} INFO - Started process (PID=15628) to work on /home/felipe/.local/lib/python3.11/site-packages/airflow/example_dags/example_subdag_operator.py
[2024-01-09T11:00:53.199-0300] {processor.py:829} INFO - Processing file /home/felipe/.local/lib/python3.11/site-packages/airflow/example_dags/example_subdag_operator.py for tasks to queue
[2024-01-09T11:00:53.200-0300] {logging_mixin.py:154} INFO - [2024-01-09T11:00:53.199-0300] {dagbag.py:536} INFO - Filling up the DagBag from /home/felipe/.local/lib/python3.11/site-packages/airflow/example_dags/example_subdag_operator.py
[2024-01-09T11:00:53.212-0300] {processor.py:839} INFO - DAG(s) dict_keys(['example_subdag_operator.section-1', 'example_subdag_operator.section-2', 'example_subdag_operator']) retrieved from /home/felipe/.local/lib/python3.11/site-packages/airflow/example_dags/example_subdag_operator.py
[2024-01-09T11:00:53.218-0300] {logging_mixin.py:154} INFO - [2024-01-09T11:00:53.218-0300] {dag.py:2941} INFO - Sync 3 DAGs
[2024-01-09T11:00:53.226-0300] {logging_mixin.py:154} INFO - [2024-01-09T11:00:53.225-0300] {dag.py:3722} INFO - Setting next_dagrun for example_subdag_operator to 2022-01-01T00:00:00+00:00, run_after=2022-01-01T00:00:00+00:00
[2024-01-09T11:00:53.227-0300] {logging_mixin.py:154} INFO - [2024-01-09T11:00:53.227-0300] {dag.py:3722} INFO - Setting next_dagrun for example_subdag_operator.section-1 to None, run_after=None
[2024-01-09T11:00:53.227-0300] {logging_mixin.py:154} INFO - [2024-01-09T11:00:53.227-0300] {dag.py:3722} INFO - Setting next_dagrun for example_subdag_operator.section-2 to None, run_after=None
[2024-01-09T11:00:53.229-0300] {logging_mixin.py:154} INFO - [2024-01-09T11:00:53.229-0300] {dag.py:2941} INFO - Sync 2 DAGs
[2024-01-09T11:00:53.231-0300] {logging_mixin.py:154} INFO - [2024-01-09T11:00:53.231-0300] {dag.py:3722} INFO - Setting next_dagrun for example_subdag_operator.section-1 to None, run_after=None
[2024-01-09T11:00:53.231-0300] {logging_mixin.py:154} INFO - [2024-01-09T11:00:53.231-0300] {dag.py:3722} INFO - Setting next_dagrun for example_subdag_operator.section-2 to None, run_after=None
[2024-01-09T11:00:53.237-0300] {processor.py:179} INFO - Processing /home/felipe/.local/lib/python3.11/site-packages/airflow/example_dags/example_subdag_operator.py took 0.041 seconds
[2024-01-09T20:53:02.972-0300] {processor.py:157} INFO - Started process (PID=36156) to work on /home/felipe/.local/lib/python3.11/site-packages/airflow/example_dags/example_subdag_operator.py
[2024-01-09T20:53:03.005-0300] {processor.py:829} INFO - Processing file /home/felipe/.local/lib/python3.11/site-packages/airflow/example_dags/example_subdag_operator.py for tasks to queue
[2024-01-09T20:53:03.005-0300] {logging_mixin.py:154} INFO - [2024-01-09T20:53:03.005-0300] {dagbag.py:536} INFO - Filling up the DagBag from /home/felipe/.local/lib/python3.11/site-packages/airflow/example_dags/example_subdag_operator.py
[2024-01-09T20:53:03.018-0300] {processor.py:839} INFO - DAG(s) dict_keys(['example_subdag_operator.section-1', 'example_subdag_operator.section-2', 'example_subdag_operator']) retrieved from /home/felipe/.local/lib/python3.11/site-packages/airflow/example_dags/example_subdag_operator.py
[2024-01-09T20:53:03.020-0300] {logging_mixin.py:154} INFO - [2024-01-09T20:53:03.020-0300] {dag.py:2941} INFO - Sync 3 DAGs
[2024-01-09T20:53:03.030-0300] {logging_mixin.py:154} INFO - [2024-01-09T20:53:03.030-0300] {dag.py:3722} INFO - Setting next_dagrun for example_subdag_operator to 2022-01-01T00:00:00+00:00, run_after=2022-01-01T00:00:00+00:00
[2024-01-09T20:53:03.031-0300] {logging_mixin.py:154} INFO - [2024-01-09T20:53:03.031-0300] {dag.py:3722} INFO - Setting next_dagrun for example_subdag_operator.section-1 to None, run_after=None
[2024-01-09T20:53:03.032-0300] {logging_mixin.py:154} INFO - [2024-01-09T20:53:03.032-0300] {dag.py:3722} INFO - Setting next_dagrun for example_subdag_operator.section-2 to None, run_after=None
[2024-01-09T20:53:03.034-0300] {logging_mixin.py:154} INFO - [2024-01-09T20:53:03.034-0300] {dag.py:2941} INFO - Sync 2 DAGs
[2024-01-09T20:53:03.036-0300] {logging_mixin.py:154} INFO - [2024-01-09T20:53:03.036-0300] {dag.py:3722} INFO - Setting next_dagrun for example_subdag_operator.section-1 to None, run_after=None
[2024-01-09T20:53:03.036-0300] {logging_mixin.py:154} INFO - [2024-01-09T20:53:03.036-0300] {dag.py:3722} INFO - Setting next_dagrun for example_subdag_operator.section-2 to None, run_after=None
[2024-01-09T20:53:03.049-0300] {processor.py:179} INFO - Processing /home/felipe/.local/lib/python3.11/site-packages/airflow/example_dags/example_subdag_operator.py took 0.079 seconds
[2024-01-09T20:53:51.723-0300] {processor.py:157} INFO - Started process (PID=36577) to work on /home/felipe/.local/lib/python3.11/site-packages/airflow/example_dags/example_subdag_operator.py
[2024-01-09T20:53:51.755-0300] {processor.py:829} INFO - Processing file /home/felipe/.local/lib/python3.11/site-packages/airflow/example_dags/example_subdag_operator.py for tasks to queue
[2024-01-09T20:53:51.755-0300] {logging_mixin.py:154} INFO - [2024-01-09T20:53:51.755-0300] {dagbag.py:536} INFO - Filling up the DagBag from /home/felipe/.local/lib/python3.11/site-packages/airflow/example_dags/example_subdag_operator.py
[2024-01-09T20:53:51.767-0300] {processor.py:839} INFO - DAG(s) dict_keys(['example_subdag_operator.section-1', 'example_subdag_operator.section-2', 'example_subdag_operator']) retrieved from /home/felipe/.local/lib/python3.11/site-packages/airflow/example_dags/example_subdag_operator.py
[2024-01-09T20:53:51.775-0300] {logging_mixin.py:154} INFO - [2024-01-09T20:53:51.775-0300] {dag.py:2941} INFO - Sync 3 DAGs
[2024-01-09T20:53:51.784-0300] {logging_mixin.py:154} INFO - [2024-01-09T20:53:51.784-0300] {dag.py:3722} INFO - Setting next_dagrun for example_subdag_operator to 2022-01-01T00:00:00+00:00, run_after=2022-01-01T00:00:00+00:00
[2024-01-09T20:53:51.786-0300] {logging_mixin.py:154} INFO - [2024-01-09T20:53:51.785-0300] {dag.py:3722} INFO - Setting next_dagrun for example_subdag_operator.section-1 to None, run_after=None
[2024-01-09T20:53:51.786-0300] {logging_mixin.py:154} INFO - [2024-01-09T20:53:51.786-0300] {dag.py:3722} INFO - Setting next_dagrun for example_subdag_operator.section-2 to None, run_after=None
[2024-01-09T20:53:51.789-0300] {logging_mixin.py:154} INFO - [2024-01-09T20:53:51.789-0300] {dag.py:2941} INFO - Sync 2 DAGs
[2024-01-09T20:53:51.790-0300] {logging_mixin.py:154} INFO - [2024-01-09T20:53:51.790-0300] {dag.py:3722} INFO - Setting next_dagrun for example_subdag_operator.section-1 to None, run_after=None
[2024-01-09T20:53:51.790-0300] {logging_mixin.py:154} INFO - [2024-01-09T20:53:51.790-0300] {dag.py:3722} INFO - Setting next_dagrun for example_subdag_operator.section-2 to None, run_after=None
[2024-01-09T20:53:51.797-0300] {processor.py:179} INFO - Processing /home/felipe/.local/lib/python3.11/site-packages/airflow/example_dags/example_subdag_operator.py took 0.076 seconds
[2024-01-09T20:54:38.236-0300] {processor.py:157} INFO - Started process (PID=36668) to work on /home/felipe/.local/lib/python3.11/site-packages/airflow/example_dags/example_subdag_operator.py
[2024-01-09T20:54:38.269-0300] {processor.py:829} INFO - Processing file /home/felipe/.local/lib/python3.11/site-packages/airflow/example_dags/example_subdag_operator.py for tasks to queue
[2024-01-09T20:54:38.270-0300] {logging_mixin.py:154} INFO - [2024-01-09T20:54:38.269-0300] {dagbag.py:536} INFO - Filling up the DagBag from /home/felipe/.local/lib/python3.11/site-packages/airflow/example_dags/example_subdag_operator.py
[2024-01-09T20:54:38.282-0300] {processor.py:839} INFO - DAG(s) dict_keys(['example_subdag_operator.section-1', 'example_subdag_operator.section-2', 'example_subdag_operator']) retrieved from /home/felipe/.local/lib/python3.11/site-packages/airflow/example_dags/example_subdag_operator.py
[2024-01-09T20:54:38.289-0300] {logging_mixin.py:154} INFO - [2024-01-09T20:54:38.289-0300] {dag.py:2941} INFO - Sync 3 DAGs
[2024-01-09T20:54:38.298-0300] {logging_mixin.py:154} INFO - [2024-01-09T20:54:38.298-0300] {dag.py:3722} INFO - Setting next_dagrun for example_subdag_operator to 2022-01-01T00:00:00+00:00, run_after=2022-01-01T00:00:00+00:00
[2024-01-09T20:54:38.299-0300] {logging_mixin.py:154} INFO - [2024-01-09T20:54:38.299-0300] {dag.py:3722} INFO - Setting next_dagrun for example_subdag_operator.section-1 to None, run_after=None
[2024-01-09T20:54:38.300-0300] {logging_mixin.py:154} INFO - [2024-01-09T20:54:38.300-0300] {dag.py:3722} INFO - Setting next_dagrun for example_subdag_operator.section-2 to None, run_after=None
[2024-01-09T20:54:38.302-0300] {logging_mixin.py:154} INFO - [2024-01-09T20:54:38.302-0300] {dag.py:2941} INFO - Sync 2 DAGs
[2024-01-09T20:54:38.304-0300] {logging_mixin.py:154} INFO - [2024-01-09T20:54:38.304-0300] {dag.py:3722} INFO - Setting next_dagrun for example_subdag_operator.section-1 to None, run_after=None
[2024-01-09T20:54:38.304-0300] {logging_mixin.py:154} INFO - [2024-01-09T20:54:38.304-0300] {dag.py:3722} INFO - Setting next_dagrun for example_subdag_operator.section-2 to None, run_after=None
[2024-01-09T20:54:38.317-0300] {processor.py:179} INFO - Processing /home/felipe/.local/lib/python3.11/site-packages/airflow/example_dags/example_subdag_operator.py took 0.083 seconds
[2024-01-09T20:55:29.817-0300] {processor.py:157} INFO - Started process (PID=36816) to work on /home/felipe/.local/lib/python3.11/site-packages/airflow/example_dags/example_subdag_operator.py
[2024-01-09T20:55:29.817-0300] {processor.py:829} INFO - Processing file /home/felipe/.local/lib/python3.11/site-packages/airflow/example_dags/example_subdag_operator.py for tasks to queue
[2024-01-09T20:55:29.818-0300] {logging_mixin.py:154} INFO - [2024-01-09T20:55:29.818-0300] {dagbag.py:536} INFO - Filling up the DagBag from /home/felipe/.local/lib/python3.11/site-packages/airflow/example_dags/example_subdag_operator.py
[2024-01-09T20:55:29.832-0300] {processor.py:839} INFO - DAG(s) dict_keys(['example_subdag_operator.section-1', 'example_subdag_operator.section-2', 'example_subdag_operator']) retrieved from /home/felipe/.local/lib/python3.11/site-packages/airflow/example_dags/example_subdag_operator.py
[2024-01-09T20:55:29.841-0300] {logging_mixin.py:154} INFO - [2024-01-09T20:55:29.841-0300] {dag.py:2941} INFO - Sync 3 DAGs
[2024-01-09T20:55:29.851-0300] {logging_mixin.py:154} INFO - [2024-01-09T20:55:29.851-0300] {dag.py:3722} INFO - Setting next_dagrun for example_subdag_operator to 2022-01-01T00:00:00+00:00, run_after=2022-01-01T00:00:00+00:00
[2024-01-09T20:55:29.853-0300] {logging_mixin.py:154} INFO - [2024-01-09T20:55:29.853-0300] {dag.py:3722} INFO - Setting next_dagrun for example_subdag_operator.section-1 to None, run_after=None
[2024-01-09T20:55:29.853-0300] {logging_mixin.py:154} INFO - [2024-01-09T20:55:29.853-0300] {dag.py:3722} INFO - Setting next_dagrun for example_subdag_operator.section-2 to None, run_after=None
[2024-01-09T20:55:29.856-0300] {logging_mixin.py:154} INFO - [2024-01-09T20:55:29.856-0300] {dag.py:2941} INFO - Sync 2 DAGs
[2024-01-09T20:55:29.858-0300] {logging_mixin.py:154} INFO - [2024-01-09T20:55:29.858-0300] {dag.py:3722} INFO - Setting next_dagrun for example_subdag_operator.section-1 to None, run_after=None
[2024-01-09T20:55:29.858-0300] {logging_mixin.py:154} INFO - [2024-01-09T20:55:29.858-0300] {dag.py:3722} INFO - Setting next_dagrun for example_subdag_operator.section-2 to None, run_after=None
[2024-01-09T20:55:29.868-0300] {processor.py:179} INFO - Processing /home/felipe/.local/lib/python3.11/site-packages/airflow/example_dags/example_subdag_operator.py took 0.053 seconds
[2024-01-09T20:56:23.740-0300] {processor.py:157} INFO - Started process (PID=36921) to work on /home/felipe/.local/lib/python3.11/site-packages/airflow/example_dags/example_subdag_operator.py
[2024-01-09T20:56:23.772-0300] {processor.py:829} INFO - Processing file /home/felipe/.local/lib/python3.11/site-packages/airflow/example_dags/example_subdag_operator.py for tasks to queue
[2024-01-09T20:56:23.773-0300] {logging_mixin.py:154} INFO - [2024-01-09T20:56:23.773-0300] {dagbag.py:536} INFO - Filling up the DagBag from /home/felipe/.local/lib/python3.11/site-packages/airflow/example_dags/example_subdag_operator.py
[2024-01-09T20:56:23.785-0300] {processor.py:839} INFO - DAG(s) dict_keys(['example_subdag_operator.section-1', 'example_subdag_operator.section-2', 'example_subdag_operator']) retrieved from /home/felipe/.local/lib/python3.11/site-packages/airflow/example_dags/example_subdag_operator.py
[2024-01-09T20:56:23.793-0300] {logging_mixin.py:154} INFO - [2024-01-09T20:56:23.793-0300] {dag.py:2941} INFO - Sync 3 DAGs
[2024-01-09T20:56:23.803-0300] {logging_mixin.py:154} INFO - [2024-01-09T20:56:23.803-0300] {dag.py:3722} INFO - Setting next_dagrun for example_subdag_operator to 2022-01-01T00:00:00+00:00, run_after=2022-01-01T00:00:00+00:00
[2024-01-09T20:56:23.805-0300] {logging_mixin.py:154} INFO - [2024-01-09T20:56:23.805-0300] {dag.py:3722} INFO - Setting next_dagrun for example_subdag_operator.section-1 to None, run_after=None
[2024-01-09T20:56:23.805-0300] {logging_mixin.py:154} INFO - [2024-01-09T20:56:23.805-0300] {dag.py:3722} INFO - Setting next_dagrun for example_subdag_operator.section-2 to None, run_after=None
[2024-01-09T20:56:23.808-0300] {logging_mixin.py:154} INFO - [2024-01-09T20:56:23.808-0300] {dag.py:2941} INFO - Sync 2 DAGs
[2024-01-09T20:56:23.809-0300] {logging_mixin.py:154} INFO - [2024-01-09T20:56:23.809-0300] {dag.py:3722} INFO - Setting next_dagrun for example_subdag_operator.section-1 to None, run_after=None
[2024-01-09T20:56:23.810-0300] {logging_mixin.py:154} INFO - [2024-01-09T20:56:23.810-0300] {dag.py:3722} INFO - Setting next_dagrun for example_subdag_operator.section-2 to None, run_after=None
[2024-01-09T20:56:23.824-0300] {processor.py:179} INFO - Processing /home/felipe/.local/lib/python3.11/site-packages/airflow/example_dags/example_subdag_operator.py took 0.086 seconds
[2024-01-09T20:57:14.408-0300] {processor.py:157} INFO - Started process (PID=37049) to work on /home/felipe/.local/lib/python3.11/site-packages/airflow/example_dags/example_subdag_operator.py
[2024-01-09T20:57:14.440-0300] {processor.py:829} INFO - Processing file /home/felipe/.local/lib/python3.11/site-packages/airflow/example_dags/example_subdag_operator.py for tasks to queue
[2024-01-09T20:57:14.441-0300] {logging_mixin.py:154} INFO - [2024-01-09T20:57:14.441-0300] {dagbag.py:536} INFO - Filling up the DagBag from /home/felipe/.local/lib/python3.11/site-packages/airflow/example_dags/example_subdag_operator.py
[2024-01-09T20:57:14.454-0300] {processor.py:839} INFO - DAG(s) dict_keys(['example_subdag_operator.section-1', 'example_subdag_operator.section-2', 'example_subdag_operator']) retrieved from /home/felipe/.local/lib/python3.11/site-packages/airflow/example_dags/example_subdag_operator.py
[2024-01-09T20:57:14.462-0300] {logging_mixin.py:154} INFO - [2024-01-09T20:57:14.462-0300] {dag.py:2941} INFO - Sync 3 DAGs
[2024-01-09T20:57:14.471-0300] {logging_mixin.py:154} INFO - [2024-01-09T20:57:14.471-0300] {dag.py:3722} INFO - Setting next_dagrun for example_subdag_operator to 2022-01-01T00:00:00+00:00, run_after=2022-01-01T00:00:00+00:00
[2024-01-09T20:57:14.473-0300] {logging_mixin.py:154} INFO - [2024-01-09T20:57:14.473-0300] {dag.py:3722} INFO - Setting next_dagrun for example_subdag_operator.section-1 to None, run_after=None
[2024-01-09T20:57:14.473-0300] {logging_mixin.py:154} INFO - [2024-01-09T20:57:14.473-0300] {dag.py:3722} INFO - Setting next_dagrun for example_subdag_operator.section-2 to None, run_after=None
[2024-01-09T20:57:14.476-0300] {logging_mixin.py:154} INFO - [2024-01-09T20:57:14.476-0300] {dag.py:2941} INFO - Sync 2 DAGs
[2024-01-09T20:57:14.477-0300] {logging_mixin.py:154} INFO - [2024-01-09T20:57:14.477-0300] {dag.py:3722} INFO - Setting next_dagrun for example_subdag_operator.section-1 to None, run_after=None
[2024-01-09T20:57:14.478-0300] {logging_mixin.py:154} INFO - [2024-01-09T20:57:14.478-0300] {dag.py:3722} INFO - Setting next_dagrun for example_subdag_operator.section-2 to None, run_after=None
[2024-01-09T20:57:14.491-0300] {processor.py:179} INFO - Processing /home/felipe/.local/lib/python3.11/site-packages/airflow/example_dags/example_subdag_operator.py took 0.084 seconds
[2024-01-09T20:58:02.711-0300] {processor.py:157} INFO - Started process (PID=37158) to work on /home/felipe/.local/lib/python3.11/site-packages/airflow/example_dags/example_subdag_operator.py
[2024-01-09T20:58:02.744-0300] {processor.py:829} INFO - Processing file /home/felipe/.local/lib/python3.11/site-packages/airflow/example_dags/example_subdag_operator.py for tasks to queue
[2024-01-09T20:58:02.744-0300] {logging_mixin.py:154} INFO - [2024-01-09T20:58:02.744-0300] {dagbag.py:536} INFO - Filling up the DagBag from /home/felipe/.local/lib/python3.11/site-packages/airflow/example_dags/example_subdag_operator.py
[2024-01-09T20:58:02.756-0300] {processor.py:839} INFO - DAG(s) dict_keys(['example_subdag_operator.section-1', 'example_subdag_operator.section-2', 'example_subdag_operator']) retrieved from /home/felipe/.local/lib/python3.11/site-packages/airflow/example_dags/example_subdag_operator.py
[2024-01-09T20:58:02.764-0300] {logging_mixin.py:154} INFO - [2024-01-09T20:58:02.764-0300] {dag.py:2941} INFO - Sync 3 DAGs
[2024-01-09T20:58:02.774-0300] {logging_mixin.py:154} INFO - [2024-01-09T20:58:02.774-0300] {dag.py:3722} INFO - Setting next_dagrun for example_subdag_operator to 2022-01-01T00:00:00+00:00, run_after=2022-01-01T00:00:00+00:00
[2024-01-09T20:58:02.776-0300] {logging_mixin.py:154} INFO - [2024-01-09T20:58:02.776-0300] {dag.py:3722} INFO - Setting next_dagrun for example_subdag_operator.section-1 to None, run_after=None
[2024-01-09T20:58:02.776-0300] {logging_mixin.py:154} INFO - [2024-01-09T20:58:02.776-0300] {dag.py:3722} INFO - Setting next_dagrun for example_subdag_operator.section-2 to None, run_after=None
[2024-01-09T20:58:02.779-0300] {logging_mixin.py:154} INFO - [2024-01-09T20:58:02.779-0300] {dag.py:2941} INFO - Sync 2 DAGs
[2024-01-09T20:58:02.781-0300] {logging_mixin.py:154} INFO - [2024-01-09T20:58:02.781-0300] {dag.py:3722} INFO - Setting next_dagrun for example_subdag_operator.section-1 to None, run_after=None
[2024-01-09T20:58:02.781-0300] {logging_mixin.py:154} INFO - [2024-01-09T20:58:02.781-0300] {dag.py:3722} INFO - Setting next_dagrun for example_subdag_operator.section-2 to None, run_after=None
[2024-01-09T20:58:02.795-0300] {processor.py:179} INFO - Processing /home/felipe/.local/lib/python3.11/site-packages/airflow/example_dags/example_subdag_operator.py took 0.085 seconds
[2024-01-09T20:58:56.676-0300] {processor.py:157} INFO - Started process (PID=37305) to work on /home/felipe/.local/lib/python3.11/site-packages/airflow/example_dags/example_subdag_operator.py
[2024-01-09T20:58:56.708-0300] {processor.py:829} INFO - Processing file /home/felipe/.local/lib/python3.11/site-packages/airflow/example_dags/example_subdag_operator.py for tasks to queue
[2024-01-09T20:58:56.709-0300] {logging_mixin.py:154} INFO - [2024-01-09T20:58:56.709-0300] {dagbag.py:536} INFO - Filling up the DagBag from /home/felipe/.local/lib/python3.11/site-packages/airflow/example_dags/example_subdag_operator.py
[2024-01-09T20:58:56.723-0300] {processor.py:839} INFO - DAG(s) dict_keys(['example_subdag_operator.section-1', 'example_subdag_operator.section-2', 'example_subdag_operator']) retrieved from /home/felipe/.local/lib/python3.11/site-packages/airflow/example_dags/example_subdag_operator.py
[2024-01-09T20:58:56.731-0300] {logging_mixin.py:154} INFO - [2024-01-09T20:58:56.731-0300] {dag.py:2941} INFO - Sync 3 DAGs
[2024-01-09T20:58:56.740-0300] {logging_mixin.py:154} INFO - [2024-01-09T20:58:56.740-0300] {dag.py:3722} INFO - Setting next_dagrun for example_subdag_operator to 2022-01-01T00:00:00+00:00, run_after=2022-01-01T00:00:00+00:00
[2024-01-09T20:58:56.742-0300] {logging_mixin.py:154} INFO - [2024-01-09T20:58:56.742-0300] {dag.py:3722} INFO - Setting next_dagrun for example_subdag_operator.section-1 to None, run_after=None
[2024-01-09T20:58:56.742-0300] {logging_mixin.py:154} INFO - [2024-01-09T20:58:56.742-0300] {dag.py:3722} INFO - Setting next_dagrun for example_subdag_operator.section-2 to None, run_after=None
[2024-01-09T20:58:56.745-0300] {logging_mixin.py:154} INFO - [2024-01-09T20:58:56.745-0300] {dag.py:2941} INFO - Sync 2 DAGs
[2024-01-09T20:58:56.747-0300] {logging_mixin.py:154} INFO - [2024-01-09T20:58:56.747-0300] {dag.py:3722} INFO - Setting next_dagrun for example_subdag_operator.section-1 to None, run_after=None
[2024-01-09T20:58:56.747-0300] {logging_mixin.py:154} INFO - [2024-01-09T20:58:56.747-0300] {dag.py:3722} INFO - Setting next_dagrun for example_subdag_operator.section-2 to None, run_after=None
[2024-01-09T20:58:56.761-0300] {processor.py:179} INFO - Processing /home/felipe/.local/lib/python3.11/site-packages/airflow/example_dags/example_subdag_operator.py took 0.087 seconds
[2024-01-09T20:59:51.216-0300] {processor.py:157} INFO - Started process (PID=37420) to work on /home/felipe/.local/lib/python3.11/site-packages/airflow/example_dags/example_subdag_operator.py
[2024-01-09T20:59:51.217-0300] {processor.py:829} INFO - Processing file /home/felipe/.local/lib/python3.11/site-packages/airflow/example_dags/example_subdag_operator.py for tasks to queue
[2024-01-09T20:59:51.218-0300] {logging_mixin.py:154} INFO - [2024-01-09T20:59:51.217-0300] {dagbag.py:536} INFO - Filling up the DagBag from /home/felipe/.local/lib/python3.11/site-packages/airflow/example_dags/example_subdag_operator.py
[2024-01-09T20:59:51.231-0300] {processor.py:839} INFO - DAG(s) dict_keys(['example_subdag_operator.section-1', 'example_subdag_operator.section-2', 'example_subdag_operator']) retrieved from /home/felipe/.local/lib/python3.11/site-packages/airflow/example_dags/example_subdag_operator.py
[2024-01-09T20:59:51.239-0300] {logging_mixin.py:154} INFO - [2024-01-09T20:59:51.239-0300] {dag.py:2941} INFO - Sync 3 DAGs
[2024-01-09T20:59:51.249-0300] {logging_mixin.py:154} INFO - [2024-01-09T20:59:51.249-0300] {dag.py:3722} INFO - Setting next_dagrun for example_subdag_operator to 2022-01-01T00:00:00+00:00, run_after=2022-01-01T00:00:00+00:00
[2024-01-09T20:59:51.250-0300] {logging_mixin.py:154} INFO - [2024-01-09T20:59:51.250-0300] {dag.py:3722} INFO - Setting next_dagrun for example_subdag_operator.section-1 to None, run_after=None
[2024-01-09T20:59:51.251-0300] {logging_mixin.py:154} INFO - [2024-01-09T20:59:51.250-0300] {dag.py:3722} INFO - Setting next_dagrun for example_subdag_operator.section-2 to None, run_after=None
[2024-01-09T20:59:51.254-0300] {logging_mixin.py:154} INFO - [2024-01-09T20:59:51.254-0300] {dag.py:2941} INFO - Sync 2 DAGs
[2024-01-09T20:59:51.255-0300] {logging_mixin.py:154} INFO - [2024-01-09T20:59:51.255-0300] {dag.py:3722} INFO - Setting next_dagrun for example_subdag_operator.section-1 to None, run_after=None
[2024-01-09T20:59:51.255-0300] {logging_mixin.py:154} INFO - [2024-01-09T20:59:51.255-0300] {dag.py:3722} INFO - Setting next_dagrun for example_subdag_operator.section-2 to None, run_after=None
[2024-01-09T20:59:51.262-0300] {processor.py:179} INFO - Processing /home/felipe/.local/lib/python3.11/site-packages/airflow/example_dags/example_subdag_operator.py took 0.047 seconds
