[2024-01-09T10:10:23.652-0300] {processor.py:157} INFO - Started process (PID=8539) to work on /home/felipe/.local/lib/python3.11/site-packages/airflow/example_dags/example_sensors.py
[2024-01-09T10:10:23.653-0300] {processor.py:829} INFO - Processing file /home/felipe/.local/lib/python3.11/site-packages/airflow/example_dags/example_sensors.py for tasks to queue
[2024-01-09T10:10:23.653-0300] {logging_mixin.py:154} INFO - [2024-01-09T10:10:23.653-0300] {dagbag.py:536} INFO - Filling up the DagBag from /home/felipe/.local/lib/python3.11/site-packages/airflow/example_dags/example_sensors.py
[2024-01-09T10:10:23.660-0300] {processor.py:839} INFO - DAG(s) dict_keys(['example_sensors']) retrieved from /home/felipe/.local/lib/python3.11/site-packages/airflow/example_dags/example_sensors.py
[2024-01-09T10:10:23.665-0300] {logging_mixin.py:154} INFO - [2024-01-09T10:10:23.665-0300] {dag.py:2941} INFO - Sync 1 DAGs
[2024-01-09T10:10:23.671-0300] {logging_mixin.py:154} INFO - [2024-01-09T10:10:23.671-0300] {dag.py:3722} INFO - Setting next_dagrun for example_sensors to None, run_after=None
[2024-01-09T10:10:23.683-0300] {processor.py:179} INFO - Processing /home/felipe/.local/lib/python3.11/site-packages/airflow/example_dags/example_sensors.py took 0.033 seconds
[2024-01-09T10:11:18.293-0300] {processor.py:157} INFO - Started process (PID=8668) to work on /home/felipe/.local/lib/python3.11/site-packages/airflow/example_dags/example_sensors.py
[2024-01-09T10:11:18.325-0300] {processor.py:829} INFO - Processing file /home/felipe/.local/lib/python3.11/site-packages/airflow/example_dags/example_sensors.py for tasks to queue
[2024-01-09T10:11:18.326-0300] {logging_mixin.py:154} INFO - [2024-01-09T10:11:18.325-0300] {dagbag.py:536} INFO - Filling up the DagBag from /home/felipe/.local/lib/python3.11/site-packages/airflow/example_dags/example_sensors.py
[2024-01-09T10:11:18.332-0300] {processor.py:839} INFO - DAG(s) dict_keys(['example_sensors']) retrieved from /home/felipe/.local/lib/python3.11/site-packages/airflow/example_dags/example_sensors.py
[2024-01-09T10:11:18.343-0300] {logging_mixin.py:154} INFO - [2024-01-09T10:11:18.343-0300] {dag.py:2941} INFO - Sync 1 DAGs
[2024-01-09T10:11:18.349-0300] {logging_mixin.py:154} INFO - [2024-01-09T10:11:18.349-0300] {dag.py:3722} INFO - Setting next_dagrun for example_sensors to None, run_after=None
[2024-01-09T10:11:18.366-0300] {processor.py:179} INFO - Processing /home/felipe/.local/lib/python3.11/site-packages/airflow/example_dags/example_sensors.py took 0.075 seconds
[2024-01-09T10:12:10.572-0300] {processor.py:157} INFO - Started process (PID=8773) to work on /home/felipe/.local/lib/python3.11/site-packages/airflow/example_dags/example_sensors.py
[2024-01-09T10:12:10.604-0300] {processor.py:829} INFO - Processing file /home/felipe/.local/lib/python3.11/site-packages/airflow/example_dags/example_sensors.py for tasks to queue
[2024-01-09T10:12:10.604-0300] {logging_mixin.py:154} INFO - [2024-01-09T10:12:10.604-0300] {dagbag.py:536} INFO - Filling up the DagBag from /home/felipe/.local/lib/python3.11/site-packages/airflow/example_dags/example_sensors.py
[2024-01-09T10:12:10.610-0300] {processor.py:839} INFO - DAG(s) dict_keys(['example_sensors']) retrieved from /home/felipe/.local/lib/python3.11/site-packages/airflow/example_dags/example_sensors.py
[2024-01-09T10:12:10.621-0300] {logging_mixin.py:154} INFO - [2024-01-09T10:12:10.621-0300] {dag.py:2941} INFO - Sync 1 DAGs
[2024-01-09T10:12:10.626-0300] {logging_mixin.py:154} INFO - [2024-01-09T10:12:10.626-0300] {dag.py:3722} INFO - Setting next_dagrun for example_sensors to None, run_after=None
[2024-01-09T10:12:10.643-0300] {processor.py:179} INFO - Processing /home/felipe/.local/lib/python3.11/site-packages/airflow/example_dags/example_sensors.py took 0.073 seconds
[2024-01-09T10:12:58.585-0300] {processor.py:157} INFO - Started process (PID=8866) to work on /home/felipe/.local/lib/python3.11/site-packages/airflow/example_dags/example_sensors.py
[2024-01-09T10:12:58.617-0300] {processor.py:829} INFO - Processing file /home/felipe/.local/lib/python3.11/site-packages/airflow/example_dags/example_sensors.py for tasks to queue
[2024-01-09T10:12:58.618-0300] {logging_mixin.py:154} INFO - [2024-01-09T10:12:58.617-0300] {dagbag.py:536} INFO - Filling up the DagBag from /home/felipe/.local/lib/python3.11/site-packages/airflow/example_dags/example_sensors.py
[2024-01-09T10:12:58.623-0300] {processor.py:839} INFO - DAG(s) dict_keys(['example_sensors']) retrieved from /home/felipe/.local/lib/python3.11/site-packages/airflow/example_dags/example_sensors.py
[2024-01-09T10:12:58.634-0300] {logging_mixin.py:154} INFO - [2024-01-09T10:12:58.634-0300] {dag.py:2941} INFO - Sync 1 DAGs
[2024-01-09T10:12:58.639-0300] {logging_mixin.py:154} INFO - [2024-01-09T10:12:58.639-0300] {dag.py:3722} INFO - Setting next_dagrun for example_sensors to None, run_after=None
[2024-01-09T10:12:58.656-0300] {processor.py:179} INFO - Processing /home/felipe/.local/lib/python3.11/site-packages/airflow/example_dags/example_sensors.py took 0.073 seconds
[2024-01-09T10:13:45.340-0300] {processor.py:157} INFO - Started process (PID=8942) to work on /home/felipe/.local/lib/python3.11/site-packages/airflow/example_dags/example_sensors.py
[2024-01-09T10:13:45.372-0300] {processor.py:829} INFO - Processing file /home/felipe/.local/lib/python3.11/site-packages/airflow/example_dags/example_sensors.py for tasks to queue
[2024-01-09T10:13:45.373-0300] {logging_mixin.py:154} INFO - [2024-01-09T10:13:45.373-0300] {dagbag.py:536} INFO - Filling up the DagBag from /home/felipe/.local/lib/python3.11/site-packages/airflow/example_dags/example_sensors.py
[2024-01-09T10:13:45.379-0300] {processor.py:839} INFO - DAG(s) dict_keys(['example_sensors']) retrieved from /home/felipe/.local/lib/python3.11/site-packages/airflow/example_dags/example_sensors.py
[2024-01-09T10:13:45.389-0300] {logging_mixin.py:154} INFO - [2024-01-09T10:13:45.389-0300] {dag.py:2941} INFO - Sync 1 DAGs
[2024-01-09T10:13:45.395-0300] {logging_mixin.py:154} INFO - [2024-01-09T10:13:45.395-0300] {dag.py:3722} INFO - Setting next_dagrun for example_sensors to None, run_after=None
[2024-01-09T10:13:45.412-0300] {processor.py:179} INFO - Processing /home/felipe/.local/lib/python3.11/site-packages/airflow/example_dags/example_sensors.py took 0.073 seconds
[2024-01-09T10:14:38.354-0300] {processor.py:157} INFO - Started process (PID=9019) to work on /home/felipe/.local/lib/python3.11/site-packages/airflow/example_dags/example_sensors.py
[2024-01-09T10:14:38.386-0300] {processor.py:829} INFO - Processing file /home/felipe/.local/lib/python3.11/site-packages/airflow/example_dags/example_sensors.py for tasks to queue
[2024-01-09T10:14:38.387-0300] {logging_mixin.py:154} INFO - [2024-01-09T10:14:38.387-0300] {dagbag.py:536} INFO - Filling up the DagBag from /home/felipe/.local/lib/python3.11/site-packages/airflow/example_dags/example_sensors.py
[2024-01-09T10:14:38.392-0300] {processor.py:839} INFO - DAG(s) dict_keys(['example_sensors']) retrieved from /home/felipe/.local/lib/python3.11/site-packages/airflow/example_dags/example_sensors.py
[2024-01-09T10:14:38.403-0300] {logging_mixin.py:154} INFO - [2024-01-09T10:14:38.403-0300] {dag.py:2941} INFO - Sync 1 DAGs
[2024-01-09T10:14:38.408-0300] {logging_mixin.py:154} INFO - [2024-01-09T10:14:38.408-0300] {dag.py:3722} INFO - Setting next_dagrun for example_sensors to None, run_after=None
[2024-01-09T10:14:38.426-0300] {processor.py:179} INFO - Processing /home/felipe/.local/lib/python3.11/site-packages/airflow/example_dags/example_sensors.py took 0.074 seconds
[2024-01-09T10:30:57.840-0300] {processor.py:157} INFO - Started process (PID=11054) to work on /home/felipe/.local/lib/python3.11/site-packages/airflow/example_dags/example_sensors.py
[2024-01-09T10:30:57.847-0300] {processor.py:829} INFO - Processing file /home/felipe/.local/lib/python3.11/site-packages/airflow/example_dags/example_sensors.py for tasks to queue
[2024-01-09T10:30:57.847-0300] {logging_mixin.py:154} INFO - [2024-01-09T10:30:57.847-0300] {dagbag.py:536} INFO - Filling up the DagBag from /home/felipe/.local/lib/python3.11/site-packages/airflow/example_dags/example_sensors.py
[2024-01-09T10:30:57.853-0300] {processor.py:839} INFO - DAG(s) dict_keys(['example_sensors']) retrieved from /home/felipe/.local/lib/python3.11/site-packages/airflow/example_dags/example_sensors.py
[2024-01-09T10:30:57.867-0300] {logging_mixin.py:154} INFO - [2024-01-09T10:30:57.867-0300] {dag.py:2941} INFO - Sync 1 DAGs
[2024-01-09T10:30:57.873-0300] {logging_mixin.py:154} INFO - [2024-01-09T10:30:57.873-0300] {dag.py:3722} INFO - Setting next_dagrun for example_sensors to None, run_after=None
[2024-01-09T10:30:57.882-0300] {processor.py:179} INFO - Processing /home/felipe/.local/lib/python3.11/site-packages/airflow/example_dags/example_sensors.py took 0.043 seconds
[2024-01-09T10:38:25.511-0300] {processor.py:157} INFO - Started process (PID=11794) to work on /home/felipe/.local/lib/python3.11/site-packages/airflow/example_dags/example_sensors.py
[2024-01-09T10:38:25.544-0300] {processor.py:829} INFO - Processing file /home/felipe/.local/lib/python3.11/site-packages/airflow/example_dags/example_sensors.py for tasks to queue
[2024-01-09T10:38:25.544-0300] {logging_mixin.py:154} INFO - [2024-01-09T10:38:25.544-0300] {dagbag.py:536} INFO - Filling up the DagBag from /home/felipe/.local/lib/python3.11/site-packages/airflow/example_dags/example_sensors.py
[2024-01-09T10:38:25.550-0300] {processor.py:839} INFO - DAG(s) dict_keys(['example_sensors']) retrieved from /home/felipe/.local/lib/python3.11/site-packages/airflow/example_dags/example_sensors.py
[2024-01-09T10:38:25.560-0300] {logging_mixin.py:154} INFO - [2024-01-09T10:38:25.560-0300] {dag.py:2941} INFO - Sync 1 DAGs
[2024-01-09T10:38:25.565-0300] {logging_mixin.py:154} INFO - [2024-01-09T10:38:25.565-0300] {dag.py:3722} INFO - Setting next_dagrun for example_sensors to None, run_after=None
[2024-01-09T10:38:25.578-0300] {processor.py:179} INFO - Processing /home/felipe/.local/lib/python3.11/site-packages/airflow/example_dags/example_sensors.py took 0.068 seconds
[2024-01-09T10:39:16.123-0300] {processor.py:157} INFO - Started process (PID=11877) to work on /home/felipe/.local/lib/python3.11/site-packages/airflow/example_dags/example_sensors.py
[2024-01-09T10:39:16.156-0300] {processor.py:829} INFO - Processing file /home/felipe/.local/lib/python3.11/site-packages/airflow/example_dags/example_sensors.py for tasks to queue
[2024-01-09T10:39:16.157-0300] {logging_mixin.py:154} INFO - [2024-01-09T10:39:16.156-0300] {dagbag.py:536} INFO - Filling up the DagBag from /home/felipe/.local/lib/python3.11/site-packages/airflow/example_dags/example_sensors.py
[2024-01-09T10:39:16.163-0300] {processor.py:839} INFO - DAG(s) dict_keys(['example_sensors']) retrieved from /home/felipe/.local/lib/python3.11/site-packages/airflow/example_dags/example_sensors.py
[2024-01-09T10:39:16.173-0300] {logging_mixin.py:154} INFO - [2024-01-09T10:39:16.173-0300] {dag.py:2941} INFO - Sync 1 DAGs
[2024-01-09T10:39:16.178-0300] {logging_mixin.py:154} INFO - [2024-01-09T10:39:16.178-0300] {dag.py:3722} INFO - Setting next_dagrun for example_sensors to None, run_after=None
[2024-01-09T10:39:16.196-0300] {processor.py:179} INFO - Processing /home/felipe/.local/lib/python3.11/site-packages/airflow/example_dags/example_sensors.py took 0.075 seconds
[2024-01-09T10:40:04.833-0300] {processor.py:157} INFO - Started process (PID=11974) to work on /home/felipe/.local/lib/python3.11/site-packages/airflow/example_dags/example_sensors.py
[2024-01-09T10:40:04.865-0300] {processor.py:829} INFO - Processing file /home/felipe/.local/lib/python3.11/site-packages/airflow/example_dags/example_sensors.py for tasks to queue
[2024-01-09T10:40:04.865-0300] {logging_mixin.py:154} INFO - [2024-01-09T10:40:04.865-0300] {dagbag.py:536} INFO - Filling up the DagBag from /home/felipe/.local/lib/python3.11/site-packages/airflow/example_dags/example_sensors.py
[2024-01-09T10:40:04.871-0300] {processor.py:839} INFO - DAG(s) dict_keys(['example_sensors']) retrieved from /home/felipe/.local/lib/python3.11/site-packages/airflow/example_dags/example_sensors.py
[2024-01-09T10:40:04.881-0300] {logging_mixin.py:154} INFO - [2024-01-09T10:40:04.881-0300] {dag.py:2941} INFO - Sync 1 DAGs
[2024-01-09T10:40:04.886-0300] {logging_mixin.py:154} INFO - [2024-01-09T10:40:04.886-0300] {dag.py:3722} INFO - Setting next_dagrun for example_sensors to None, run_after=None
[2024-01-09T10:40:04.902-0300] {processor.py:179} INFO - Processing /home/felipe/.local/lib/python3.11/site-packages/airflow/example_dags/example_sensors.py took 0.071 seconds
[2024-01-09T10:40:58.558-0300] {processor.py:157} INFO - Started process (PID=12145) to work on /home/felipe/.local/lib/python3.11/site-packages/airflow/example_dags/example_sensors.py
[2024-01-09T10:40:58.598-0300] {processor.py:829} INFO - Processing file /home/felipe/.local/lib/python3.11/site-packages/airflow/example_dags/example_sensors.py for tasks to queue
[2024-01-09T10:40:58.599-0300] {logging_mixin.py:154} INFO - [2024-01-09T10:40:58.598-0300] {dagbag.py:536} INFO - Filling up the DagBag from /home/felipe/.local/lib/python3.11/site-packages/airflow/example_dags/example_sensors.py
[2024-01-09T10:40:58.606-0300] {processor.py:839} INFO - DAG(s) dict_keys(['example_sensors']) retrieved from /home/felipe/.local/lib/python3.11/site-packages/airflow/example_dags/example_sensors.py
[2024-01-09T10:40:58.616-0300] {logging_mixin.py:154} INFO - [2024-01-09T10:40:58.616-0300] {dag.py:2941} INFO - Sync 1 DAGs
[2024-01-09T10:40:58.622-0300] {logging_mixin.py:154} INFO - [2024-01-09T10:40:58.622-0300] {dag.py:3722} INFO - Setting next_dagrun for example_sensors to None, run_after=None
[2024-01-09T10:40:58.638-0300] {processor.py:179} INFO - Processing /home/felipe/.local/lib/python3.11/site-packages/airflow/example_dags/example_sensors.py took 0.083 seconds
[2024-01-09T10:44:11.664-0300] {processor.py:157} INFO - Started process (PID=12589) to work on /home/felipe/.local/lib/python3.11/site-packages/airflow/example_dags/example_sensors.py
[2024-01-09T10:44:11.697-0300] {processor.py:829} INFO - Processing file /home/felipe/.local/lib/python3.11/site-packages/airflow/example_dags/example_sensors.py for tasks to queue
[2024-01-09T10:44:11.697-0300] {logging_mixin.py:154} INFO - [2024-01-09T10:44:11.697-0300] {dagbag.py:536} INFO - Filling up the DagBag from /home/felipe/.local/lib/python3.11/site-packages/airflow/example_dags/example_sensors.py
[2024-01-09T10:44:11.703-0300] {processor.py:839} INFO - DAG(s) dict_keys(['example_sensors']) retrieved from /home/felipe/.local/lib/python3.11/site-packages/airflow/example_dags/example_sensors.py
[2024-01-09T10:44:11.713-0300] {logging_mixin.py:154} INFO - [2024-01-09T10:44:11.713-0300] {dag.py:2941} INFO - Sync 1 DAGs
[2024-01-09T10:44:11.718-0300] {logging_mixin.py:154} INFO - [2024-01-09T10:44:11.718-0300] {dag.py:3722} INFO - Setting next_dagrun for example_sensors to None, run_after=None
[2024-01-09T10:44:11.735-0300] {processor.py:179} INFO - Processing /home/felipe/.local/lib/python3.11/site-packages/airflow/example_dags/example_sensors.py took 0.072 seconds
[2024-01-09T10:46:40.524-0300] {processor.py:157} INFO - Started process (PID=12943) to work on /home/felipe/.local/lib/python3.11/site-packages/airflow/example_dags/example_sensors.py
[2024-01-09T10:46:40.525-0300] {processor.py:829} INFO - Processing file /home/felipe/.local/lib/python3.11/site-packages/airflow/example_dags/example_sensors.py for tasks to queue
[2024-01-09T10:46:40.525-0300] {logging_mixin.py:154} INFO - [2024-01-09T10:46:40.525-0300] {dagbag.py:536} INFO - Filling up the DagBag from /home/felipe/.local/lib/python3.11/site-packages/airflow/example_dags/example_sensors.py
[2024-01-09T10:46:40.531-0300] {processor.py:839} INFO - DAG(s) dict_keys(['example_sensors']) retrieved from /home/felipe/.local/lib/python3.11/site-packages/airflow/example_dags/example_sensors.py
[2024-01-09T10:46:40.541-0300] {logging_mixin.py:154} INFO - [2024-01-09T10:46:40.541-0300] {dag.py:2941} INFO - Sync 1 DAGs
[2024-01-09T10:46:40.546-0300] {logging_mixin.py:154} INFO - [2024-01-09T10:46:40.546-0300] {dag.py:3722} INFO - Setting next_dagrun for example_sensors to None, run_after=None
[2024-01-09T10:46:40.555-0300] {processor.py:179} INFO - Processing /home/felipe/.local/lib/python3.11/site-packages/airflow/example_dags/example_sensors.py took 0.032 seconds
[2024-01-09T10:49:32.279-0300] {processor.py:157} INFO - Started process (PID=13772) to work on /home/felipe/.local/lib/python3.11/site-packages/airflow/example_dags/example_sensors.py
[2024-01-09T10:49:32.286-0300] {processor.py:829} INFO - Processing file /home/felipe/.local/lib/python3.11/site-packages/airflow/example_dags/example_sensors.py for tasks to queue
[2024-01-09T10:49:32.287-0300] {logging_mixin.py:154} INFO - [2024-01-09T10:49:32.287-0300] {dagbag.py:536} INFO - Filling up the DagBag from /home/felipe/.local/lib/python3.11/site-packages/airflow/example_dags/example_sensors.py
[2024-01-09T10:49:32.293-0300] {processor.py:839} INFO - DAG(s) dict_keys(['example_sensors']) retrieved from /home/felipe/.local/lib/python3.11/site-packages/airflow/example_dags/example_sensors.py
[2024-01-09T10:49:32.303-0300] {logging_mixin.py:154} INFO - [2024-01-09T10:49:32.303-0300] {dag.py:2941} INFO - Sync 1 DAGs
[2024-01-09T10:49:32.309-0300] {logging_mixin.py:154} INFO - [2024-01-09T10:49:32.309-0300] {dag.py:3722} INFO - Setting next_dagrun for example_sensors to None, run_after=None
[2024-01-09T10:49:32.323-0300] {processor.py:179} INFO - Processing /home/felipe/.local/lib/python3.11/site-packages/airflow/example_dags/example_sensors.py took 0.046 seconds
[2024-01-09T10:52:09.170-0300] {processor.py:157} INFO - Started process (PID=14049) to work on /home/felipe/.local/lib/python3.11/site-packages/airflow/example_dags/example_sensors.py
[2024-01-09T10:52:09.211-0300] {processor.py:829} INFO - Processing file /home/felipe/.local/lib/python3.11/site-packages/airflow/example_dags/example_sensors.py for tasks to queue
[2024-01-09T10:52:09.211-0300] {logging_mixin.py:154} INFO - [2024-01-09T10:52:09.211-0300] {dagbag.py:536} INFO - Filling up the DagBag from /home/felipe/.local/lib/python3.11/site-packages/airflow/example_dags/example_sensors.py
[2024-01-09T10:52:09.217-0300] {processor.py:839} INFO - DAG(s) dict_keys(['example_sensors']) retrieved from /home/felipe/.local/lib/python3.11/site-packages/airflow/example_dags/example_sensors.py
[2024-01-09T10:52:09.227-0300] {logging_mixin.py:154} INFO - [2024-01-09T10:52:09.227-0300] {dag.py:2941} INFO - Sync 1 DAGs
[2024-01-09T10:52:09.232-0300] {logging_mixin.py:154} INFO - [2024-01-09T10:52:09.232-0300] {dag.py:3722} INFO - Setting next_dagrun for example_sensors to None, run_after=None
[2024-01-09T10:52:09.250-0300] {processor.py:179} INFO - Processing /home/felipe/.local/lib/python3.11/site-packages/airflow/example_dags/example_sensors.py took 0.082 seconds
[2024-01-09T10:53:48.953-0300] {processor.py:157} INFO - Started process (PID=14332) to work on /home/felipe/.local/lib/python3.11/site-packages/airflow/example_dags/example_sensors.py
[2024-01-09T10:53:48.985-0300] {processor.py:829} INFO - Processing file /home/felipe/.local/lib/python3.11/site-packages/airflow/example_dags/example_sensors.py for tasks to queue
[2024-01-09T10:53:48.986-0300] {logging_mixin.py:154} INFO - [2024-01-09T10:53:48.985-0300] {dagbag.py:536} INFO - Filling up the DagBag from /home/felipe/.local/lib/python3.11/site-packages/airflow/example_dags/example_sensors.py
[2024-01-09T10:53:48.991-0300] {processor.py:839} INFO - DAG(s) dict_keys(['example_sensors']) retrieved from /home/felipe/.local/lib/python3.11/site-packages/airflow/example_dags/example_sensors.py
[2024-01-09T10:53:49.001-0300] {logging_mixin.py:154} INFO - [2024-01-09T10:53:49.001-0300] {dag.py:2941} INFO - Sync 1 DAGs
[2024-01-09T10:53:49.007-0300] {logging_mixin.py:154} INFO - [2024-01-09T10:53:49.007-0300] {dag.py:3722} INFO - Setting next_dagrun for example_sensors to None, run_after=None
[2024-01-09T10:53:49.023-0300] {processor.py:179} INFO - Processing /home/felipe/.local/lib/python3.11/site-packages/airflow/example_dags/example_sensors.py took 0.072 seconds
[2024-01-09T10:56:17.076-0300] {processor.py:157} INFO - Started process (PID=14917) to work on /home/felipe/.local/lib/python3.11/site-packages/airflow/example_dags/example_sensors.py
[2024-01-09T10:56:17.109-0300] {processor.py:829} INFO - Processing file /home/felipe/.local/lib/python3.11/site-packages/airflow/example_dags/example_sensors.py for tasks to queue
[2024-01-09T10:56:17.109-0300] {logging_mixin.py:154} INFO - [2024-01-09T10:56:17.109-0300] {dagbag.py:536} INFO - Filling up the DagBag from /home/felipe/.local/lib/python3.11/site-packages/airflow/example_dags/example_sensors.py
[2024-01-09T10:56:17.115-0300] {processor.py:839} INFO - DAG(s) dict_keys(['example_sensors']) retrieved from /home/felipe/.local/lib/python3.11/site-packages/airflow/example_dags/example_sensors.py
[2024-01-09T10:56:17.125-0300] {logging_mixin.py:154} INFO - [2024-01-09T10:56:17.125-0300] {dag.py:2941} INFO - Sync 1 DAGs
[2024-01-09T10:56:17.131-0300] {logging_mixin.py:154} INFO - [2024-01-09T10:56:17.131-0300] {dag.py:3722} INFO - Setting next_dagrun for example_sensors to None, run_after=None
[2024-01-09T10:56:17.147-0300] {processor.py:179} INFO - Processing /home/felipe/.local/lib/python3.11/site-packages/airflow/example_dags/example_sensors.py took 0.073 seconds
[2024-01-09T10:58:25.408-0300] {processor.py:157} INFO - Started process (PID=15245) to work on /home/felipe/.local/lib/python3.11/site-packages/airflow/example_dags/example_sensors.py
[2024-01-09T10:58:25.440-0300] {processor.py:829} INFO - Processing file /home/felipe/.local/lib/python3.11/site-packages/airflow/example_dags/example_sensors.py for tasks to queue
[2024-01-09T10:58:25.441-0300] {logging_mixin.py:154} INFO - [2024-01-09T10:58:25.441-0300] {dagbag.py:536} INFO - Filling up the DagBag from /home/felipe/.local/lib/python3.11/site-packages/airflow/example_dags/example_sensors.py
[2024-01-09T10:58:25.446-0300] {processor.py:839} INFO - DAG(s) dict_keys(['example_sensors']) retrieved from /home/felipe/.local/lib/python3.11/site-packages/airflow/example_dags/example_sensors.py
[2024-01-09T10:58:25.456-0300] {logging_mixin.py:154} INFO - [2024-01-09T10:58:25.456-0300] {dag.py:2941} INFO - Sync 1 DAGs
[2024-01-09T10:58:25.461-0300] {logging_mixin.py:154} INFO - [2024-01-09T10:58:25.461-0300] {dag.py:3722} INFO - Setting next_dagrun for example_sensors to None, run_after=None
[2024-01-09T10:58:25.477-0300] {processor.py:179} INFO - Processing /home/felipe/.local/lib/python3.11/site-packages/airflow/example_dags/example_sensors.py took 0.071 seconds
[2024-01-09T11:00:24.696-0300] {processor.py:157} INFO - Started process (PID=15528) to work on /home/felipe/.local/lib/python3.11/site-packages/airflow/example_dags/example_sensors.py
[2024-01-09T11:00:24.697-0300] {processor.py:829} INFO - Processing file /home/felipe/.local/lib/python3.11/site-packages/airflow/example_dags/example_sensors.py for tasks to queue
[2024-01-09T11:00:24.697-0300] {logging_mixin.py:154} INFO - [2024-01-09T11:00:24.697-0300] {dagbag.py:536} INFO - Filling up the DagBag from /home/felipe/.local/lib/python3.11/site-packages/airflow/example_dags/example_sensors.py
[2024-01-09T11:00:24.703-0300] {processor.py:839} INFO - DAG(s) dict_keys(['example_sensors']) retrieved from /home/felipe/.local/lib/python3.11/site-packages/airflow/example_dags/example_sensors.py
[2024-01-09T11:00:24.713-0300] {logging_mixin.py:154} INFO - [2024-01-09T11:00:24.713-0300] {dag.py:2941} INFO - Sync 1 DAGs
[2024-01-09T11:00:24.719-0300] {logging_mixin.py:154} INFO - [2024-01-09T11:00:24.719-0300] {dag.py:3722} INFO - Setting next_dagrun for example_sensors to None, run_after=None
[2024-01-09T11:00:24.740-0300] {processor.py:179} INFO - Processing /home/felipe/.local/lib/python3.11/site-packages/airflow/example_dags/example_sensors.py took 0.045 seconds
[2024-01-09T20:52:57.832-0300] {processor.py:157} INFO - Started process (PID=36104) to work on /home/felipe/.local/lib/python3.11/site-packages/airflow/example_dags/example_sensors.py
[2024-01-09T20:52:57.864-0300] {processor.py:829} INFO - Processing file /home/felipe/.local/lib/python3.11/site-packages/airflow/example_dags/example_sensors.py for tasks to queue
[2024-01-09T20:52:57.865-0300] {logging_mixin.py:154} INFO - [2024-01-09T20:52:57.864-0300] {dagbag.py:536} INFO - Filling up the DagBag from /home/felipe/.local/lib/python3.11/site-packages/airflow/example_dags/example_sensors.py
[2024-01-09T20:52:57.872-0300] {processor.py:839} INFO - DAG(s) dict_keys(['example_sensors']) retrieved from /home/felipe/.local/lib/python3.11/site-packages/airflow/example_dags/example_sensors.py
[2024-01-09T20:52:57.877-0300] {logging_mixin.py:154} INFO - [2024-01-09T20:52:57.877-0300] {dag.py:2941} INFO - Sync 1 DAGs
[2024-01-09T20:52:57.884-0300] {logging_mixin.py:154} INFO - [2024-01-09T20:52:57.884-0300] {dag.py:3722} INFO - Setting next_dagrun for example_sensors to None, run_after=None
[2024-01-09T20:52:57.901-0300] {processor.py:179} INFO - Processing /home/felipe/.local/lib/python3.11/site-packages/airflow/example_dags/example_sensors.py took 0.071 seconds
[2024-01-09T20:53:47.714-0300] {processor.py:157} INFO - Started process (PID=36560) to work on /home/felipe/.local/lib/python3.11/site-packages/airflow/example_dags/example_sensors.py
[2024-01-09T20:53:47.714-0300] {processor.py:829} INFO - Processing file /home/felipe/.local/lib/python3.11/site-packages/airflow/example_dags/example_sensors.py for tasks to queue
[2024-01-09T20:53:47.715-0300] {logging_mixin.py:154} INFO - [2024-01-09T20:53:47.714-0300] {dagbag.py:536} INFO - Filling up the DagBag from /home/felipe/.local/lib/python3.11/site-packages/airflow/example_dags/example_sensors.py
[2024-01-09T20:53:47.720-0300] {processor.py:839} INFO - DAG(s) dict_keys(['example_sensors']) retrieved from /home/felipe/.local/lib/python3.11/site-packages/airflow/example_dags/example_sensors.py
[2024-01-09T20:53:47.731-0300] {logging_mixin.py:154} INFO - [2024-01-09T20:53:47.731-0300] {dag.py:2941} INFO - Sync 1 DAGs
[2024-01-09T20:53:47.736-0300] {logging_mixin.py:154} INFO - [2024-01-09T20:53:47.736-0300] {dag.py:3722} INFO - Setting next_dagrun for example_sensors to None, run_after=None
[2024-01-09T20:53:47.748-0300] {processor.py:179} INFO - Processing /home/felipe/.local/lib/python3.11/site-packages/airflow/example_dags/example_sensors.py took 0.036 seconds
[2024-01-09T20:54:35.013-0300] {processor.py:157} INFO - Started process (PID=36663) to work on /home/felipe/.local/lib/python3.11/site-packages/airflow/example_dags/example_sensors.py
[2024-01-09T20:54:35.045-0300] {processor.py:829} INFO - Processing file /home/felipe/.local/lib/python3.11/site-packages/airflow/example_dags/example_sensors.py for tasks to queue
[2024-01-09T20:54:35.045-0300] {logging_mixin.py:154} INFO - [2024-01-09T20:54:35.045-0300] {dagbag.py:536} INFO - Filling up the DagBag from /home/felipe/.local/lib/python3.11/site-packages/airflow/example_dags/example_sensors.py
[2024-01-09T20:54:35.051-0300] {processor.py:839} INFO - DAG(s) dict_keys(['example_sensors']) retrieved from /home/felipe/.local/lib/python3.11/site-packages/airflow/example_dags/example_sensors.py
[2024-01-09T20:54:35.061-0300] {logging_mixin.py:154} INFO - [2024-01-09T20:54:35.061-0300] {dag.py:2941} INFO - Sync 1 DAGs
[2024-01-09T20:54:35.067-0300] {logging_mixin.py:154} INFO - [2024-01-09T20:54:35.067-0300] {dag.py:3722} INFO - Setting next_dagrun for example_sensors to None, run_after=None
[2024-01-09T20:54:35.084-0300] {processor.py:179} INFO - Processing /home/felipe/.local/lib/python3.11/site-packages/airflow/example_dags/example_sensors.py took 0.073 seconds
[2024-01-09T20:55:25.822-0300] {processor.py:157} INFO - Started process (PID=36797) to work on /home/felipe/.local/lib/python3.11/site-packages/airflow/example_dags/example_sensors.py
[2024-01-09T20:55:25.854-0300] {processor.py:829} INFO - Processing file /home/felipe/.local/lib/python3.11/site-packages/airflow/example_dags/example_sensors.py for tasks to queue
[2024-01-09T20:55:25.855-0300] {logging_mixin.py:154} INFO - [2024-01-09T20:55:25.855-0300] {dagbag.py:536} INFO - Filling up the DagBag from /home/felipe/.local/lib/python3.11/site-packages/airflow/example_dags/example_sensors.py
[2024-01-09T20:55:25.861-0300] {processor.py:839} INFO - DAG(s) dict_keys(['example_sensors']) retrieved from /home/felipe/.local/lib/python3.11/site-packages/airflow/example_dags/example_sensors.py
[2024-01-09T20:55:25.872-0300] {logging_mixin.py:154} INFO - [2024-01-09T20:55:25.872-0300] {dag.py:2941} INFO - Sync 1 DAGs
[2024-01-09T20:55:25.878-0300] {logging_mixin.py:154} INFO - [2024-01-09T20:55:25.878-0300] {dag.py:3722} INFO - Setting next_dagrun for example_sensors to None, run_after=None
[2024-01-09T20:55:25.895-0300] {processor.py:179} INFO - Processing /home/felipe/.local/lib/python3.11/site-packages/airflow/example_dags/example_sensors.py took 0.075 seconds
[2024-01-09T20:56:18.769-0300] {processor.py:157} INFO - Started process (PID=36916) to work on /home/felipe/.local/lib/python3.11/site-packages/airflow/example_dags/example_sensors.py
[2024-01-09T20:56:18.801-0300] {processor.py:829} INFO - Processing file /home/felipe/.local/lib/python3.11/site-packages/airflow/example_dags/example_sensors.py for tasks to queue
[2024-01-09T20:56:18.802-0300] {logging_mixin.py:154} INFO - [2024-01-09T20:56:18.801-0300] {dagbag.py:536} INFO - Filling up the DagBag from /home/felipe/.local/lib/python3.11/site-packages/airflow/example_dags/example_sensors.py
[2024-01-09T20:56:18.808-0300] {processor.py:839} INFO - DAG(s) dict_keys(['example_sensors']) retrieved from /home/felipe/.local/lib/python3.11/site-packages/airflow/example_dags/example_sensors.py
[2024-01-09T20:56:18.819-0300] {logging_mixin.py:154} INFO - [2024-01-09T20:56:18.819-0300] {dag.py:2941} INFO - Sync 1 DAGs
[2024-01-09T20:56:18.825-0300] {logging_mixin.py:154} INFO - [2024-01-09T20:56:18.825-0300] {dag.py:3722} INFO - Setting next_dagrun for example_sensors to None, run_after=None
[2024-01-09T20:56:18.842-0300] {processor.py:179} INFO - Processing /home/felipe/.local/lib/python3.11/site-packages/airflow/example_dags/example_sensors.py took 0.075 seconds
[2024-01-09T20:57:09.634-0300] {processor.py:157} INFO - Started process (PID=37043) to work on /home/felipe/.local/lib/python3.11/site-packages/airflow/example_dags/example_sensors.py
[2024-01-09T20:57:09.667-0300] {processor.py:829} INFO - Processing file /home/felipe/.local/lib/python3.11/site-packages/airflow/example_dags/example_sensors.py for tasks to queue
[2024-01-09T20:57:09.667-0300] {logging_mixin.py:154} INFO - [2024-01-09T20:57:09.667-0300] {dagbag.py:536} INFO - Filling up the DagBag from /home/felipe/.local/lib/python3.11/site-packages/airflow/example_dags/example_sensors.py
[2024-01-09T20:57:09.673-0300] {processor.py:839} INFO - DAG(s) dict_keys(['example_sensors']) retrieved from /home/felipe/.local/lib/python3.11/site-packages/airflow/example_dags/example_sensors.py
[2024-01-09T20:57:09.685-0300] {logging_mixin.py:154} INFO - [2024-01-09T20:57:09.684-0300] {dag.py:2941} INFO - Sync 1 DAGs
[2024-01-09T20:57:09.690-0300] {logging_mixin.py:154} INFO - [2024-01-09T20:57:09.690-0300] {dag.py:3722} INFO - Setting next_dagrun for example_sensors to None, run_after=None
[2024-01-09T20:57:09.707-0300] {processor.py:179} INFO - Processing /home/felipe/.local/lib/python3.11/site-packages/airflow/example_dags/example_sensors.py took 0.075 seconds
[2024-01-09T20:57:57.672-0300] {processor.py:157} INFO - Started process (PID=37152) to work on /home/felipe/.local/lib/python3.11/site-packages/airflow/example_dags/example_sensors.py
[2024-01-09T20:57:57.704-0300] {processor.py:829} INFO - Processing file /home/felipe/.local/lib/python3.11/site-packages/airflow/example_dags/example_sensors.py for tasks to queue
[2024-01-09T20:57:57.704-0300] {logging_mixin.py:154} INFO - [2024-01-09T20:57:57.704-0300] {dagbag.py:536} INFO - Filling up the DagBag from /home/felipe/.local/lib/python3.11/site-packages/airflow/example_dags/example_sensors.py
[2024-01-09T20:57:57.710-0300] {processor.py:839} INFO - DAG(s) dict_keys(['example_sensors']) retrieved from /home/felipe/.local/lib/python3.11/site-packages/airflow/example_dags/example_sensors.py
[2024-01-09T20:57:57.720-0300] {logging_mixin.py:154} INFO - [2024-01-09T20:57:57.720-0300] {dag.py:2941} INFO - Sync 1 DAGs
[2024-01-09T20:57:57.726-0300] {logging_mixin.py:154} INFO - [2024-01-09T20:57:57.726-0300] {dag.py:3722} INFO - Setting next_dagrun for example_sensors to None, run_after=None
[2024-01-09T20:57:57.743-0300] {processor.py:179} INFO - Processing /home/felipe/.local/lib/python3.11/site-packages/airflow/example_dags/example_sensors.py took 0.073 seconds
[2024-01-09T20:58:52.228-0300] {processor.py:157} INFO - Started process (PID=37282) to work on /home/felipe/.local/lib/python3.11/site-packages/airflow/example_dags/example_sensors.py
[2024-01-09T20:58:52.281-0300] {processor.py:829} INFO - Processing file /home/felipe/.local/lib/python3.11/site-packages/airflow/example_dags/example_sensors.py for tasks to queue
[2024-01-09T20:58:52.281-0300] {logging_mixin.py:154} INFO - [2024-01-09T20:58:52.281-0300] {dagbag.py:536} INFO - Filling up the DagBag from /home/felipe/.local/lib/python3.11/site-packages/airflow/example_dags/example_sensors.py
[2024-01-09T20:58:52.288-0300] {processor.py:839} INFO - DAG(s) dict_keys(['example_sensors']) retrieved from /home/felipe/.local/lib/python3.11/site-packages/airflow/example_dags/example_sensors.py
[2024-01-09T20:58:52.299-0300] {logging_mixin.py:154} INFO - [2024-01-09T20:58:52.298-0300] {dag.py:2941} INFO - Sync 1 DAGs
[2024-01-09T20:58:52.304-0300] {logging_mixin.py:154} INFO - [2024-01-09T20:58:52.304-0300] {dag.py:3722} INFO - Setting next_dagrun for example_sensors to None, run_after=None
[2024-01-09T20:58:52.321-0300] {processor.py:179} INFO - Processing /home/felipe/.local/lib/python3.11/site-packages/airflow/example_dags/example_sensors.py took 0.095 seconds
[2024-01-09T20:59:46.075-0300] {processor.py:157} INFO - Started process (PID=37415) to work on /home/felipe/.local/lib/python3.11/site-packages/airflow/example_dags/example_sensors.py
[2024-01-09T20:59:46.094-0300] {processor.py:829} INFO - Processing file /home/felipe/.local/lib/python3.11/site-packages/airflow/example_dags/example_sensors.py for tasks to queue
[2024-01-09T20:59:46.094-0300] {logging_mixin.py:154} INFO - [2024-01-09T20:59:46.094-0300] {dagbag.py:536} INFO - Filling up the DagBag from /home/felipe/.local/lib/python3.11/site-packages/airflow/example_dags/example_sensors.py
[2024-01-09T20:59:46.101-0300] {processor.py:839} INFO - DAG(s) dict_keys(['example_sensors']) retrieved from /home/felipe/.local/lib/python3.11/site-packages/airflow/example_dags/example_sensors.py
[2024-01-09T20:59:46.113-0300] {logging_mixin.py:154} INFO - [2024-01-09T20:59:46.113-0300] {dag.py:2941} INFO - Sync 1 DAGs
[2024-01-09T20:59:46.120-0300] {logging_mixin.py:154} INFO - [2024-01-09T20:59:46.120-0300] {dag.py:3722} INFO - Setting next_dagrun for example_sensors to None, run_after=None
[2024-01-09T20:59:46.132-0300] {processor.py:179} INFO - Processing /home/felipe/.local/lib/python3.11/site-packages/airflow/example_dags/example_sensors.py took 0.060 seconds
