[2024-01-09T10:10:33.929-0300] {processor.py:157} INFO - Started process (PID=8558) to work on /home/felipe/.local/lib/python3.11/site-packages/airflow/example_dags/tutorial_taskflow_api_virtualenv.py
[2024-01-09T10:10:33.929-0300] {processor.py:829} INFO - Processing file /home/felipe/.local/lib/python3.11/site-packages/airflow/example_dags/tutorial_taskflow_api_virtualenv.py for tasks to queue
[2024-01-09T10:10:33.930-0300] {logging_mixin.py:154} INFO - [2024-01-09T10:10:33.930-0300] {dagbag.py:536} INFO - Filling up the DagBag from /home/felipe/.local/lib/python3.11/site-packages/airflow/example_dags/tutorial_taskflow_api_virtualenv.py
[2024-01-09T10:10:33.931-0300] {logging_mixin.py:154} INFO - [2024-01-09T10:10:33.931-0300] {tutorial_taskflow_api_virtualenv.py:29} WARNING - The tutorial_taskflow_api_virtualenv example DAG requires virtualenv, please install it.
[2024-01-09T10:10:33.932-0300] {processor.py:841} WARNING - No viable dags retrieved from /home/felipe/.local/lib/python3.11/site-packages/airflow/example_dags/tutorial_taskflow_api_virtualenv.py
[2024-01-09T10:10:33.937-0300] {processor.py:179} INFO - Processing /home/felipe/.local/lib/python3.11/site-packages/airflow/example_dags/tutorial_taskflow_api_virtualenv.py took 0.010 seconds
[2024-01-09T10:11:28.572-0300] {processor.py:157} INFO - Started process (PID=8680) to work on /home/felipe/.local/lib/python3.11/site-packages/airflow/example_dags/tutorial_taskflow_api_virtualenv.py
[2024-01-09T10:11:28.604-0300] {processor.py:829} INFO - Processing file /home/felipe/.local/lib/python3.11/site-packages/airflow/example_dags/tutorial_taskflow_api_virtualenv.py for tasks to queue
[2024-01-09T10:11:28.605-0300] {logging_mixin.py:154} INFO - [2024-01-09T10:11:28.604-0300] {dagbag.py:536} INFO - Filling up the DagBag from /home/felipe/.local/lib/python3.11/site-packages/airflow/example_dags/tutorial_taskflow_api_virtualenv.py
[2024-01-09T10:11:28.606-0300] {logging_mixin.py:154} INFO - [2024-01-09T10:11:28.606-0300] {tutorial_taskflow_api_virtualenv.py:29} WARNING - The tutorial_taskflow_api_virtualenv example DAG requires virtualenv, please install it.
[2024-01-09T10:11:28.606-0300] {processor.py:841} WARNING - No viable dags retrieved from /home/felipe/.local/lib/python3.11/site-packages/airflow/example_dags/tutorial_taskflow_api_virtualenv.py
[2024-01-09T10:11:28.612-0300] {processor.py:179} INFO - Processing /home/felipe/.local/lib/python3.11/site-packages/airflow/example_dags/tutorial_taskflow_api_virtualenv.py took 0.042 seconds
[2024-01-09T10:12:21.760-0300] {processor.py:157} INFO - Started process (PID=8785) to work on /home/felipe/.local/lib/python3.11/site-packages/airflow/example_dags/tutorial_taskflow_api_virtualenv.py
[2024-01-09T10:12:21.792-0300] {processor.py:829} INFO - Processing file /home/felipe/.local/lib/python3.11/site-packages/airflow/example_dags/tutorial_taskflow_api_virtualenv.py for tasks to queue
[2024-01-09T10:12:21.792-0300] {logging_mixin.py:154} INFO - [2024-01-09T10:12:21.792-0300] {dagbag.py:536} INFO - Filling up the DagBag from /home/felipe/.local/lib/python3.11/site-packages/airflow/example_dags/tutorial_taskflow_api_virtualenv.py
[2024-01-09T10:12:21.794-0300] {logging_mixin.py:154} INFO - [2024-01-09T10:12:21.794-0300] {tutorial_taskflow_api_virtualenv.py:29} WARNING - The tutorial_taskflow_api_virtualenv example DAG requires virtualenv, please install it.
[2024-01-09T10:12:21.794-0300] {processor.py:841} WARNING - No viable dags retrieved from /home/felipe/.local/lib/python3.11/site-packages/airflow/example_dags/tutorial_taskflow_api_virtualenv.py
[2024-01-09T10:12:21.801-0300] {processor.py:179} INFO - Processing /home/felipe/.local/lib/python3.11/site-packages/airflow/example_dags/tutorial_taskflow_api_virtualenv.py took 0.043 seconds
[2024-01-09T10:13:32.804-0300] {processor.py:157} INFO - Started process (PID=8927) to work on /home/felipe/.local/lib/python3.11/site-packages/airflow/example_dags/tutorial_taskflow_api_virtualenv.py
[2024-01-09T10:13:32.836-0300] {processor.py:829} INFO - Processing file /home/felipe/.local/lib/python3.11/site-packages/airflow/example_dags/tutorial_taskflow_api_virtualenv.py for tasks to queue
[2024-01-09T10:13:32.837-0300] {logging_mixin.py:154} INFO - [2024-01-09T10:13:32.837-0300] {dagbag.py:536} INFO - Filling up the DagBag from /home/felipe/.local/lib/python3.11/site-packages/airflow/example_dags/tutorial_taskflow_api_virtualenv.py
[2024-01-09T10:13:32.839-0300] {logging_mixin.py:154} INFO - [2024-01-09T10:13:32.839-0300] {tutorial_taskflow_api_virtualenv.py:29} WARNING - The tutorial_taskflow_api_virtualenv example DAG requires virtualenv, please install it.
[2024-01-09T10:13:32.839-0300] {processor.py:841} WARNING - No viable dags retrieved from /home/felipe/.local/lib/python3.11/site-packages/airflow/example_dags/tutorial_taskflow_api_virtualenv.py
[2024-01-09T10:13:32.845-0300] {processor.py:179} INFO - Processing /home/felipe/.local/lib/python3.11/site-packages/airflow/example_dags/tutorial_taskflow_api_virtualenv.py took 0.042 seconds
[2024-01-09T10:14:47.505-0300] {processor.py:157} INFO - Started process (PID=9038) to work on /home/felipe/.local/lib/python3.11/site-packages/airflow/example_dags/tutorial_taskflow_api_virtualenv.py
[2024-01-09T10:14:47.537-0300] {processor.py:829} INFO - Processing file /home/felipe/.local/lib/python3.11/site-packages/airflow/example_dags/tutorial_taskflow_api_virtualenv.py for tasks to queue
[2024-01-09T10:14:47.538-0300] {logging_mixin.py:154} INFO - [2024-01-09T10:14:47.538-0300] {dagbag.py:536} INFO - Filling up the DagBag from /home/felipe/.local/lib/python3.11/site-packages/airflow/example_dags/tutorial_taskflow_api_virtualenv.py
[2024-01-09T10:14:47.540-0300] {logging_mixin.py:154} INFO - [2024-01-09T10:14:47.539-0300] {tutorial_taskflow_api_virtualenv.py:29} WARNING - The tutorial_taskflow_api_virtualenv example DAG requires virtualenv, please install it.
[2024-01-09T10:14:47.540-0300] {processor.py:841} WARNING - No viable dags retrieved from /home/felipe/.local/lib/python3.11/site-packages/airflow/example_dags/tutorial_taskflow_api_virtualenv.py
[2024-01-09T10:14:47.547-0300] {processor.py:179} INFO - Processing /home/felipe/.local/lib/python3.11/site-packages/airflow/example_dags/tutorial_taskflow_api_virtualenv.py took 0.043 seconds
[2024-01-09T10:37:47.726-0300] {processor.py:157} INFO - Started process (PID=11669) to work on /home/felipe/.local/lib/python3.11/site-packages/airflow/example_dags/tutorial_taskflow_api_virtualenv.py
[2024-01-09T10:37:47.726-0300] {processor.py:829} INFO - Processing file /home/felipe/.local/lib/python3.11/site-packages/airflow/example_dags/tutorial_taskflow_api_virtualenv.py for tasks to queue
[2024-01-09T10:37:47.727-0300] {logging_mixin.py:154} INFO - [2024-01-09T10:37:47.727-0300] {dagbag.py:536} INFO - Filling up the DagBag from /home/felipe/.local/lib/python3.11/site-packages/airflow/example_dags/tutorial_taskflow_api_virtualenv.py
[2024-01-09T10:37:47.728-0300] {logging_mixin.py:154} INFO - [2024-01-09T10:37:47.728-0300] {tutorial_taskflow_api_virtualenv.py:29} WARNING - The tutorial_taskflow_api_virtualenv example DAG requires virtualenv, please install it.
[2024-01-09T10:37:47.729-0300] {processor.py:841} WARNING - No viable dags retrieved from /home/felipe/.local/lib/python3.11/site-packages/airflow/example_dags/tutorial_taskflow_api_virtualenv.py
[2024-01-09T10:37:47.735-0300] {processor.py:179} INFO - Processing /home/felipe/.local/lib/python3.11/site-packages/airflow/example_dags/tutorial_taskflow_api_virtualenv.py took 0.011 seconds
[2024-01-09T10:38:38.263-0300] {processor.py:157} INFO - Started process (PID=11817) to work on /home/felipe/.local/lib/python3.11/site-packages/airflow/example_dags/tutorial_taskflow_api_virtualenv.py
[2024-01-09T10:38:38.295-0300] {processor.py:829} INFO - Processing file /home/felipe/.local/lib/python3.11/site-packages/airflow/example_dags/tutorial_taskflow_api_virtualenv.py for tasks to queue
[2024-01-09T10:38:38.296-0300] {logging_mixin.py:154} INFO - [2024-01-09T10:38:38.295-0300] {dagbag.py:536} INFO - Filling up the DagBag from /home/felipe/.local/lib/python3.11/site-packages/airflow/example_dags/tutorial_taskflow_api_virtualenv.py
[2024-01-09T10:38:38.297-0300] {logging_mixin.py:154} INFO - [2024-01-09T10:38:38.297-0300] {tutorial_taskflow_api_virtualenv.py:29} WARNING - The tutorial_taskflow_api_virtualenv example DAG requires virtualenv, please install it.
[2024-01-09T10:38:38.297-0300] {processor.py:841} WARNING - No viable dags retrieved from /home/felipe/.local/lib/python3.11/site-packages/airflow/example_dags/tutorial_taskflow_api_virtualenv.py
[2024-01-09T10:38:38.304-0300] {processor.py:179} INFO - Processing /home/felipe/.local/lib/python3.11/site-packages/airflow/example_dags/tutorial_taskflow_api_virtualenv.py took 0.043 seconds
[2024-01-09T10:39:27.389-0300] {processor.py:157} INFO - Started process (PID=11901) to work on /home/felipe/.local/lib/python3.11/site-packages/airflow/example_dags/tutorial_taskflow_api_virtualenv.py
[2024-01-09T10:39:27.457-0300] {processor.py:829} INFO - Processing file /home/felipe/.local/lib/python3.11/site-packages/airflow/example_dags/tutorial_taskflow_api_virtualenv.py for tasks to queue
[2024-01-09T10:39:27.457-0300] {logging_mixin.py:154} INFO - [2024-01-09T10:39:27.457-0300] {dagbag.py:536} INFO - Filling up the DagBag from /home/felipe/.local/lib/python3.11/site-packages/airflow/example_dags/tutorial_taskflow_api_virtualenv.py
[2024-01-09T10:39:27.459-0300] {logging_mixin.py:154} INFO - [2024-01-09T10:39:27.459-0300] {tutorial_taskflow_api_virtualenv.py:29} WARNING - The tutorial_taskflow_api_virtualenv example DAG requires virtualenv, please install it.
[2024-01-09T10:39:27.459-0300] {processor.py:841} WARNING - No viable dags retrieved from /home/felipe/.local/lib/python3.11/site-packages/airflow/example_dags/tutorial_taskflow_api_virtualenv.py
[2024-01-09T10:39:27.465-0300] {processor.py:179} INFO - Processing /home/felipe/.local/lib/python3.11/site-packages/airflow/example_dags/tutorial_taskflow_api_virtualenv.py took 0.077 seconds
[2024-01-09T10:40:23.723-0300] {processor.py:157} INFO - Started process (PID=12016) to work on /home/felipe/.local/lib/python3.11/site-packages/airflow/example_dags/tutorial_taskflow_api_virtualenv.py
[2024-01-09T10:40:23.778-0300] {processor.py:829} INFO - Processing file /home/felipe/.local/lib/python3.11/site-packages/airflow/example_dags/tutorial_taskflow_api_virtualenv.py for tasks to queue
[2024-01-09T10:40:23.779-0300] {logging_mixin.py:154} INFO - [2024-01-09T10:40:23.778-0300] {dagbag.py:536} INFO - Filling up the DagBag from /home/felipe/.local/lib/python3.11/site-packages/airflow/example_dags/tutorial_taskflow_api_virtualenv.py
[2024-01-09T10:40:23.780-0300] {logging_mixin.py:154} INFO - [2024-01-09T10:40:23.780-0300] {tutorial_taskflow_api_virtualenv.py:29} WARNING - The tutorial_taskflow_api_virtualenv example DAG requires virtualenv, please install it.
[2024-01-09T10:40:23.780-0300] {processor.py:841} WARNING - No viable dags retrieved from /home/felipe/.local/lib/python3.11/site-packages/airflow/example_dags/tutorial_taskflow_api_virtualenv.py
[2024-01-09T10:40:23.786-0300] {processor.py:179} INFO - Processing /home/felipe/.local/lib/python3.11/site-packages/airflow/example_dags/tutorial_taskflow_api_virtualenv.py took 0.066 seconds
[2024-01-09T10:42:51.228-0300] {processor.py:157} INFO - Started process (PID=12420) to work on /home/felipe/.local/lib/python3.11/site-packages/airflow/example_dags/tutorial_taskflow_api_virtualenv.py
[2024-01-09T10:42:51.228-0300] {processor.py:829} INFO - Processing file /home/felipe/.local/lib/python3.11/site-packages/airflow/example_dags/tutorial_taskflow_api_virtualenv.py for tasks to queue
[2024-01-09T10:42:51.229-0300] {logging_mixin.py:154} INFO - [2024-01-09T10:42:51.229-0300] {dagbag.py:536} INFO - Filling up the DagBag from /home/felipe/.local/lib/python3.11/site-packages/airflow/example_dags/tutorial_taskflow_api_virtualenv.py
[2024-01-09T10:42:51.230-0300] {logging_mixin.py:154} INFO - [2024-01-09T10:42:51.230-0300] {tutorial_taskflow_api_virtualenv.py:29} WARNING - The tutorial_taskflow_api_virtualenv example DAG requires virtualenv, please install it.
[2024-01-09T10:42:51.230-0300] {processor.py:841} WARNING - No viable dags retrieved from /home/felipe/.local/lib/python3.11/site-packages/airflow/example_dags/tutorial_taskflow_api_virtualenv.py
[2024-01-09T10:42:51.236-0300] {processor.py:179} INFO - Processing /home/felipe/.local/lib/python3.11/site-packages/airflow/example_dags/tutorial_taskflow_api_virtualenv.py took 0.010 seconds
[2024-01-09T10:47:17.642-0300] {processor.py:157} INFO - Started process (PID=13387) to work on /home/felipe/.local/lib/python3.11/site-packages/airflow/example_dags/tutorial_taskflow_api_virtualenv.py
[2024-01-09T10:47:17.674-0300] {processor.py:829} INFO - Processing file /home/felipe/.local/lib/python3.11/site-packages/airflow/example_dags/tutorial_taskflow_api_virtualenv.py for tasks to queue
[2024-01-09T10:47:17.675-0300] {logging_mixin.py:154} INFO - [2024-01-09T10:47:17.675-0300] {dagbag.py:536} INFO - Filling up the DagBag from /home/felipe/.local/lib/python3.11/site-packages/airflow/example_dags/tutorial_taskflow_api_virtualenv.py
[2024-01-09T10:47:17.677-0300] {logging_mixin.py:154} INFO - [2024-01-09T10:47:17.676-0300] {tutorial_taskflow_api_virtualenv.py:29} WARNING - The tutorial_taskflow_api_virtualenv example DAG requires virtualenv, please install it.
[2024-01-09T10:47:17.677-0300] {processor.py:841} WARNING - No viable dags retrieved from /home/felipe/.local/lib/python3.11/site-packages/airflow/example_dags/tutorial_taskflow_api_virtualenv.py
[2024-01-09T10:47:17.683-0300] {processor.py:179} INFO - Processing /home/felipe/.local/lib/python3.11/site-packages/airflow/example_dags/tutorial_taskflow_api_virtualenv.py took 0.043 seconds
[2024-01-09T10:50:15.517-0300] {processor.py:157} INFO - Started process (PID=13839) to work on /home/felipe/.local/lib/python3.11/site-packages/airflow/example_dags/tutorial_taskflow_api_virtualenv.py
[2024-01-09T10:50:15.549-0300] {processor.py:829} INFO - Processing file /home/felipe/.local/lib/python3.11/site-packages/airflow/example_dags/tutorial_taskflow_api_virtualenv.py for tasks to queue
[2024-01-09T10:50:15.550-0300] {logging_mixin.py:154} INFO - [2024-01-09T10:50:15.550-0300] {dagbag.py:536} INFO - Filling up the DagBag from /home/felipe/.local/lib/python3.11/site-packages/airflow/example_dags/tutorial_taskflow_api_virtualenv.py
[2024-01-09T10:50:15.551-0300] {logging_mixin.py:154} INFO - [2024-01-09T10:50:15.551-0300] {tutorial_taskflow_api_virtualenv.py:29} WARNING - The tutorial_taskflow_api_virtualenv example DAG requires virtualenv, please install it.
[2024-01-09T10:50:15.552-0300] {processor.py:841} WARNING - No viable dags retrieved from /home/felipe/.local/lib/python3.11/site-packages/airflow/example_dags/tutorial_taskflow_api_virtualenv.py
[2024-01-09T10:50:15.558-0300] {processor.py:179} INFO - Processing /home/felipe/.local/lib/python3.11/site-packages/airflow/example_dags/tutorial_taskflow_api_virtualenv.py took 0.043 seconds
[2024-01-09T10:52:18.308-0300] {processor.py:157} INFO - Started process (PID=14070) to work on /home/felipe/.local/lib/python3.11/site-packages/airflow/example_dags/tutorial_taskflow_api_virtualenv.py
[2024-01-09T10:52:18.340-0300] {processor.py:829} INFO - Processing file /home/felipe/.local/lib/python3.11/site-packages/airflow/example_dags/tutorial_taskflow_api_virtualenv.py for tasks to queue
[2024-01-09T10:52:18.340-0300] {logging_mixin.py:154} INFO - [2024-01-09T10:52:18.340-0300] {dagbag.py:536} INFO - Filling up the DagBag from /home/felipe/.local/lib/python3.11/site-packages/airflow/example_dags/tutorial_taskflow_api_virtualenv.py
[2024-01-09T10:52:18.342-0300] {logging_mixin.py:154} INFO - [2024-01-09T10:52:18.342-0300] {tutorial_taskflow_api_virtualenv.py:29} WARNING - The tutorial_taskflow_api_virtualenv example DAG requires virtualenv, please install it.
[2024-01-09T10:52:18.342-0300] {processor.py:841} WARNING - No viable dags retrieved from /home/felipe/.local/lib/python3.11/site-packages/airflow/example_dags/tutorial_taskflow_api_virtualenv.py
[2024-01-09T10:52:18.350-0300] {processor.py:179} INFO - Processing /home/felipe/.local/lib/python3.11/site-packages/airflow/example_dags/tutorial_taskflow_api_virtualenv.py took 0.045 seconds
[2024-01-09T10:53:59.228-0300] {processor.py:157} INFO - Started process (PID=14382) to work on /home/felipe/.local/lib/python3.11/site-packages/airflow/example_dags/tutorial_taskflow_api_virtualenv.py
[2024-01-09T10:53:59.260-0300] {processor.py:829} INFO - Processing file /home/felipe/.local/lib/python3.11/site-packages/airflow/example_dags/tutorial_taskflow_api_virtualenv.py for tasks to queue
[2024-01-09T10:53:59.261-0300] {logging_mixin.py:154} INFO - [2024-01-09T10:53:59.260-0300] {dagbag.py:536} INFO - Filling up the DagBag from /home/felipe/.local/lib/python3.11/site-packages/airflow/example_dags/tutorial_taskflow_api_virtualenv.py
[2024-01-09T10:53:59.262-0300] {logging_mixin.py:154} INFO - [2024-01-09T10:53:59.262-0300] {tutorial_taskflow_api_virtualenv.py:29} WARNING - The tutorial_taskflow_api_virtualenv example DAG requires virtualenv, please install it.
[2024-01-09T10:53:59.262-0300] {processor.py:841} WARNING - No viable dags retrieved from /home/felipe/.local/lib/python3.11/site-packages/airflow/example_dags/tutorial_taskflow_api_virtualenv.py
[2024-01-09T10:53:59.269-0300] {processor.py:179} INFO - Processing /home/felipe/.local/lib/python3.11/site-packages/airflow/example_dags/tutorial_taskflow_api_virtualenv.py took 0.043 seconds
[2024-01-09T10:57:04.655-0300] {processor.py:157} INFO - Started process (PID=15059) to work on /home/felipe/.local/lib/python3.11/site-packages/airflow/example_dags/tutorial_taskflow_api_virtualenv.py
[2024-01-09T10:57:04.687-0300] {processor.py:829} INFO - Processing file /home/felipe/.local/lib/python3.11/site-packages/airflow/example_dags/tutorial_taskflow_api_virtualenv.py for tasks to queue
[2024-01-09T10:57:04.687-0300] {logging_mixin.py:154} INFO - [2024-01-09T10:57:04.687-0300] {dagbag.py:536} INFO - Filling up the DagBag from /home/felipe/.local/lib/python3.11/site-packages/airflow/example_dags/tutorial_taskflow_api_virtualenv.py
[2024-01-09T10:57:04.689-0300] {logging_mixin.py:154} INFO - [2024-01-09T10:57:04.689-0300] {tutorial_taskflow_api_virtualenv.py:29} WARNING - The tutorial_taskflow_api_virtualenv example DAG requires virtualenv, please install it.
[2024-01-09T10:57:04.689-0300] {processor.py:841} WARNING - No viable dags retrieved from /home/felipe/.local/lib/python3.11/site-packages/airflow/example_dags/tutorial_taskflow_api_virtualenv.py
[2024-01-09T10:57:04.695-0300] {processor.py:179} INFO - Processing /home/felipe/.local/lib/python3.11/site-packages/airflow/example_dags/tutorial_taskflow_api_virtualenv.py took 0.043 seconds
[2024-01-09T11:01:18.081-0300] {processor.py:157} INFO - Started process (PID=15689) to work on /home/felipe/.local/lib/python3.11/site-packages/airflow/example_dags/tutorial_taskflow_api_virtualenv.py
[2024-01-09T11:01:18.082-0300] {processor.py:829} INFO - Processing file /home/felipe/.local/lib/python3.11/site-packages/airflow/example_dags/tutorial_taskflow_api_virtualenv.py for tasks to queue
[2024-01-09T11:01:18.082-0300] {logging_mixin.py:154} INFO - [2024-01-09T11:01:18.082-0300] {dagbag.py:536} INFO - Filling up the DagBag from /home/felipe/.local/lib/python3.11/site-packages/airflow/example_dags/tutorial_taskflow_api_virtualenv.py
[2024-01-09T11:01:18.084-0300] {logging_mixin.py:154} INFO - [2024-01-09T11:01:18.084-0300] {tutorial_taskflow_api_virtualenv.py:29} WARNING - The tutorial_taskflow_api_virtualenv example DAG requires virtualenv, please install it.
[2024-01-09T11:01:18.084-0300] {processor.py:841} WARNING - No viable dags retrieved from /home/felipe/.local/lib/python3.11/site-packages/airflow/example_dags/tutorial_taskflow_api_virtualenv.py
[2024-01-09T11:01:18.090-0300] {processor.py:179} INFO - Processing /home/felipe/.local/lib/python3.11/site-packages/airflow/example_dags/tutorial_taskflow_api_virtualenv.py took 0.011 seconds
[2024-01-09T20:53:09.255-0300] {processor.py:157} INFO - Started process (PID=36359) to work on /home/felipe/.local/lib/python3.11/site-packages/airflow/example_dags/tutorial_taskflow_api_virtualenv.py
[2024-01-09T20:53:09.287-0300] {processor.py:829} INFO - Processing file /home/felipe/.local/lib/python3.11/site-packages/airflow/example_dags/tutorial_taskflow_api_virtualenv.py for tasks to queue
[2024-01-09T20:53:09.288-0300] {logging_mixin.py:154} INFO - [2024-01-09T20:53:09.287-0300] {dagbag.py:536} INFO - Filling up the DagBag from /home/felipe/.local/lib/python3.11/site-packages/airflow/example_dags/tutorial_taskflow_api_virtualenv.py
[2024-01-09T20:53:09.289-0300] {logging_mixin.py:154} INFO - [2024-01-09T20:53:09.289-0300] {tutorial_taskflow_api_virtualenv.py:29} WARNING - The tutorial_taskflow_api_virtualenv example DAG requires virtualenv, please install it.
[2024-01-09T20:53:09.289-0300] {processor.py:841} WARNING - No viable dags retrieved from /home/felipe/.local/lib/python3.11/site-packages/airflow/example_dags/tutorial_taskflow_api_virtualenv.py
[2024-01-09T20:53:09.295-0300] {processor.py:179} INFO - Processing /home/felipe/.local/lib/python3.11/site-packages/airflow/example_dags/tutorial_taskflow_api_virtualenv.py took 0.043 seconds
[2024-01-09T20:53:57.985-0300] {processor.py:157} INFO - Started process (PID=36584) to work on /home/felipe/.local/lib/python3.11/site-packages/airflow/example_dags/tutorial_taskflow_api_virtualenv.py
[2024-01-09T20:53:58.017-0300] {processor.py:829} INFO - Processing file /home/felipe/.local/lib/python3.11/site-packages/airflow/example_dags/tutorial_taskflow_api_virtualenv.py for tasks to queue
[2024-01-09T20:53:58.018-0300] {logging_mixin.py:154} INFO - [2024-01-09T20:53:58.017-0300] {dagbag.py:536} INFO - Filling up the DagBag from /home/felipe/.local/lib/python3.11/site-packages/airflow/example_dags/tutorial_taskflow_api_virtualenv.py
[2024-01-09T20:53:58.019-0300] {logging_mixin.py:154} INFO - [2024-01-09T20:53:58.019-0300] {tutorial_taskflow_api_virtualenv.py:29} WARNING - The tutorial_taskflow_api_virtualenv example DAG requires virtualenv, please install it.
[2024-01-09T20:53:58.019-0300] {processor.py:841} WARNING - No viable dags retrieved from /home/felipe/.local/lib/python3.11/site-packages/airflow/example_dags/tutorial_taskflow_api_virtualenv.py
[2024-01-09T20:53:58.026-0300] {processor.py:179} INFO - Processing /home/felipe/.local/lib/python3.11/site-packages/airflow/example_dags/tutorial_taskflow_api_virtualenv.py took 0.042 seconds
[2024-01-09T20:54:48.159-0300] {processor.py:157} INFO - Started process (PID=36701) to work on /home/felipe/.local/lib/python3.11/site-packages/airflow/example_dags/tutorial_taskflow_api_virtualenv.py
[2024-01-09T20:54:48.191-0300] {processor.py:829} INFO - Processing file /home/felipe/.local/lib/python3.11/site-packages/airflow/example_dags/tutorial_taskflow_api_virtualenv.py for tasks to queue
[2024-01-09T20:54:48.191-0300] {logging_mixin.py:154} INFO - [2024-01-09T20:54:48.191-0300] {dagbag.py:536} INFO - Filling up the DagBag from /home/felipe/.local/lib/python3.11/site-packages/airflow/example_dags/tutorial_taskflow_api_virtualenv.py
[2024-01-09T20:54:48.193-0300] {logging_mixin.py:154} INFO - [2024-01-09T20:54:48.193-0300] {tutorial_taskflow_api_virtualenv.py:29} WARNING - The tutorial_taskflow_api_virtualenv example DAG requires virtualenv, please install it.
[2024-01-09T20:54:48.193-0300] {processor.py:841} WARNING - No viable dags retrieved from /home/felipe/.local/lib/python3.11/site-packages/airflow/example_dags/tutorial_taskflow_api_virtualenv.py
[2024-01-09T20:54:48.199-0300] {processor.py:179} INFO - Processing /home/felipe/.local/lib/python3.11/site-packages/airflow/example_dags/tutorial_taskflow_api_virtualenv.py took 0.042 seconds
[2024-01-09T20:55:42.790-0300] {processor.py:157} INFO - Started process (PID=36841) to work on /home/felipe/.local/lib/python3.11/site-packages/airflow/example_dags/tutorial_taskflow_api_virtualenv.py
[2024-01-09T20:55:42.822-0300] {processor.py:829} INFO - Processing file /home/felipe/.local/lib/python3.11/site-packages/airflow/example_dags/tutorial_taskflow_api_virtualenv.py for tasks to queue
[2024-01-09T20:55:42.823-0300] {logging_mixin.py:154} INFO - [2024-01-09T20:55:42.822-0300] {dagbag.py:536} INFO - Filling up the DagBag from /home/felipe/.local/lib/python3.11/site-packages/airflow/example_dags/tutorial_taskflow_api_virtualenv.py
[2024-01-09T20:55:42.825-0300] {logging_mixin.py:154} INFO - [2024-01-09T20:55:42.825-0300] {tutorial_taskflow_api_virtualenv.py:29} WARNING - The tutorial_taskflow_api_virtualenv example DAG requires virtualenv, please install it.
[2024-01-09T20:55:42.825-0300] {processor.py:841} WARNING - No viable dags retrieved from /home/felipe/.local/lib/python3.11/site-packages/airflow/example_dags/tutorial_taskflow_api_virtualenv.py
[2024-01-09T20:55:42.831-0300] {processor.py:179} INFO - Processing /home/felipe/.local/lib/python3.11/site-packages/airflow/example_dags/tutorial_taskflow_api_virtualenv.py took 0.043 seconds
[2024-01-09T20:56:37.342-0300] {processor.py:157} INFO - Started process (PID=36963) to work on /home/felipe/.local/lib/python3.11/site-packages/airflow/example_dags/tutorial_taskflow_api_virtualenv.py
[2024-01-09T20:56:37.374-0300] {processor.py:829} INFO - Processing file /home/felipe/.local/lib/python3.11/site-packages/airflow/example_dags/tutorial_taskflow_api_virtualenv.py for tasks to queue
[2024-01-09T20:56:37.375-0300] {logging_mixin.py:154} INFO - [2024-01-09T20:56:37.374-0300] {dagbag.py:536} INFO - Filling up the DagBag from /home/felipe/.local/lib/python3.11/site-packages/airflow/example_dags/tutorial_taskflow_api_virtualenv.py
[2024-01-09T20:56:37.376-0300] {logging_mixin.py:154} INFO - [2024-01-09T20:56:37.376-0300] {tutorial_taskflow_api_virtualenv.py:29} WARNING - The tutorial_taskflow_api_virtualenv example DAG requires virtualenv, please install it.
[2024-01-09T20:56:37.376-0300] {processor.py:841} WARNING - No viable dags retrieved from /home/felipe/.local/lib/python3.11/site-packages/airflow/example_dags/tutorial_taskflow_api_virtualenv.py
[2024-01-09T20:56:37.383-0300] {processor.py:179} INFO - Processing /home/felipe/.local/lib/python3.11/site-packages/airflow/example_dags/tutorial_taskflow_api_virtualenv.py took 0.044 seconds
[2024-01-09T20:57:27.313-0300] {processor.py:157} INFO - Started process (PID=37074) to work on /home/felipe/.local/lib/python3.11/site-packages/airflow/example_dags/tutorial_taskflow_api_virtualenv.py
[2024-01-09T20:57:27.345-0300] {processor.py:829} INFO - Processing file /home/felipe/.local/lib/python3.11/site-packages/airflow/example_dags/tutorial_taskflow_api_virtualenv.py for tasks to queue
[2024-01-09T20:57:27.346-0300] {logging_mixin.py:154} INFO - [2024-01-09T20:57:27.345-0300] {dagbag.py:536} INFO - Filling up the DagBag from /home/felipe/.local/lib/python3.11/site-packages/airflow/example_dags/tutorial_taskflow_api_virtualenv.py
[2024-01-09T20:57:27.347-0300] {logging_mixin.py:154} INFO - [2024-01-09T20:57:27.347-0300] {tutorial_taskflow_api_virtualenv.py:29} WARNING - The tutorial_taskflow_api_virtualenv example DAG requires virtualenv, please install it.
[2024-01-09T20:57:27.347-0300] {processor.py:841} WARNING - No viable dags retrieved from /home/felipe/.local/lib/python3.11/site-packages/airflow/example_dags/tutorial_taskflow_api_virtualenv.py
[2024-01-09T20:57:27.354-0300] {processor.py:179} INFO - Processing /home/felipe/.local/lib/python3.11/site-packages/airflow/example_dags/tutorial_taskflow_api_virtualenv.py took 0.043 seconds
[2024-01-09T20:58:17.955-0300] {processor.py:157} INFO - Started process (PID=37208) to work on /home/felipe/.local/lib/python3.11/site-packages/airflow/example_dags/tutorial_taskflow_api_virtualenv.py
[2024-01-09T20:58:17.986-0300] {processor.py:829} INFO - Processing file /home/felipe/.local/lib/python3.11/site-packages/airflow/example_dags/tutorial_taskflow_api_virtualenv.py for tasks to queue
[2024-01-09T20:58:17.987-0300] {logging_mixin.py:154} INFO - [2024-01-09T20:58:17.986-0300] {dagbag.py:536} INFO - Filling up the DagBag from /home/felipe/.local/lib/python3.11/site-packages/airflow/example_dags/tutorial_taskflow_api_virtualenv.py
[2024-01-09T20:58:17.988-0300] {logging_mixin.py:154} INFO - [2024-01-09T20:58:17.988-0300] {tutorial_taskflow_api_virtualenv.py:29} WARNING - The tutorial_taskflow_api_virtualenv example DAG requires virtualenv, please install it.
[2024-01-09T20:58:17.989-0300] {processor.py:841} WARNING - No viable dags retrieved from /home/felipe/.local/lib/python3.11/site-packages/airflow/example_dags/tutorial_taskflow_api_virtualenv.py
[2024-01-09T20:58:17.995-0300] {processor.py:179} INFO - Processing /home/felipe/.local/lib/python3.11/site-packages/airflow/example_dags/tutorial_taskflow_api_virtualenv.py took 0.042 seconds
[2024-01-09T20:59:10.059-0300] {processor.py:157} INFO - Started process (PID=37337) to work on /home/felipe/.local/lib/python3.11/site-packages/airflow/example_dags/tutorial_taskflow_api_virtualenv.py
[2024-01-09T20:59:10.059-0300] {processor.py:829} INFO - Processing file /home/felipe/.local/lib/python3.11/site-packages/airflow/example_dags/tutorial_taskflow_api_virtualenv.py for tasks to queue
[2024-01-09T20:59:10.060-0300] {logging_mixin.py:154} INFO - [2024-01-09T20:59:10.060-0300] {dagbag.py:536} INFO - Filling up the DagBag from /home/felipe/.local/lib/python3.11/site-packages/airflow/example_dags/tutorial_taskflow_api_virtualenv.py
[2024-01-09T20:59:10.062-0300] {logging_mixin.py:154} INFO - [2024-01-09T20:59:10.061-0300] {tutorial_taskflow_api_virtualenv.py:29} WARNING - The tutorial_taskflow_api_virtualenv example DAG requires virtualenv, please install it.
[2024-01-09T20:59:10.062-0300] {processor.py:841} WARNING - No viable dags retrieved from /home/felipe/.local/lib/python3.11/site-packages/airflow/example_dags/tutorial_taskflow_api_virtualenv.py
[2024-01-09T20:59:10.068-0300] {processor.py:179} INFO - Processing /home/felipe/.local/lib/python3.11/site-packages/airflow/example_dags/tutorial_taskflow_api_virtualenv.py took 0.011 seconds
