[2024-01-09T10:10:04.235-0300] {processor.py:157} INFO - Started process (PID=8487) to work on /home/felipe/airflow/dags/utils/upload.py
[2024-01-09T10:10:04.235-0300] {processor.py:829} INFO - Processing file /home/felipe/airflow/dags/utils/upload.py for tasks to queue
[2024-01-09T10:10:04.236-0300] {logging_mixin.py:154} INFO - [2024-01-09T10:10:04.236-0300] {dagbag.py:536} INFO - Filling up the DagBag from /home/felipe/airflow/dags/utils/upload.py
[2024-01-09T10:10:04.237-0300] {processor.py:841} WARNING - No viable dags retrieved from /home/felipe/airflow/dags/utils/upload.py
[2024-01-09T10:10:04.243-0300] {processor.py:179} INFO - Processing /home/felipe/airflow/dags/utils/upload.py took 0.010 seconds
[2024-01-09T10:10:59.463-0300] {processor.py:157} INFO - Started process (PID=8618) to work on /home/felipe/airflow/dags/utils/upload.py
[2024-01-09T10:10:59.495-0300] {processor.py:829} INFO - Processing file /home/felipe/airflow/dags/utils/upload.py for tasks to queue
[2024-01-09T10:10:59.495-0300] {logging_mixin.py:154} INFO - [2024-01-09T10:10:59.495-0300] {dagbag.py:536} INFO - Filling up the DagBag from /home/felipe/airflow/dags/utils/upload.py
[2024-01-09T10:10:59.497-0300] {processor.py:841} WARNING - No viable dags retrieved from /home/felipe/airflow/dags/utils/upload.py
[2024-01-09T10:10:59.503-0300] {processor.py:179} INFO - Processing /home/felipe/airflow/dags/utils/upload.py took 0.041 seconds
[2024-01-09T10:11:47.363-0300] {processor.py:157} INFO - Started process (PID=8709) to work on /home/felipe/airflow/dags/utils/upload.py
[2024-01-09T10:11:47.395-0300] {processor.py:829} INFO - Processing file /home/felipe/airflow/dags/utils/upload.py for tasks to queue
[2024-01-09T10:11:47.395-0300] {logging_mixin.py:154} INFO - [2024-01-09T10:11:47.395-0300] {dagbag.py:536} INFO - Filling up the DagBag from /home/felipe/airflow/dags/utils/upload.py
[2024-01-09T10:11:47.397-0300] {processor.py:841} WARNING - No viable dags retrieved from /home/felipe/airflow/dags/utils/upload.py
[2024-01-09T10:11:47.402-0300] {processor.py:179} INFO - Processing /home/felipe/airflow/dags/utils/upload.py took 0.042 seconds
[2024-01-09T10:12:33.136-0300] {processor.py:157} INFO - Started process (PID=8810) to work on /home/felipe/airflow/dags/utils/upload.py
[2024-01-09T10:12:33.168-0300] {processor.py:829} INFO - Processing file /home/felipe/airflow/dags/utils/upload.py for tasks to queue
[2024-01-09T10:12:33.168-0300] {logging_mixin.py:154} INFO - [2024-01-09T10:12:33.168-0300] {dagbag.py:536} INFO - Filling up the DagBag from /home/felipe/airflow/dags/utils/upload.py
[2024-01-09T10:12:33.169-0300] {processor.py:841} WARNING - No viable dags retrieved from /home/felipe/airflow/dags/utils/upload.py
[2024-01-09T10:12:33.175-0300] {processor.py:179} INFO - Processing /home/felipe/airflow/dags/utils/upload.py took 0.042 seconds
[2024-01-09T10:13:22.560-0300] {processor.py:157} INFO - Started process (PID=8894) to work on /home/felipe/airflow/dags/utils/upload.py
[2024-01-09T10:13:22.592-0300] {processor.py:829} INFO - Processing file /home/felipe/airflow/dags/utils/upload.py for tasks to queue
[2024-01-09T10:13:22.593-0300] {logging_mixin.py:154} INFO - [2024-01-09T10:13:22.593-0300] {dagbag.py:536} INFO - Filling up the DagBag from /home/felipe/airflow/dags/utils/upload.py
[2024-01-09T10:13:22.594-0300] {processor.py:841} WARNING - No viable dags retrieved from /home/felipe/airflow/dags/utils/upload.py
[2024-01-09T10:13:22.600-0300] {processor.py:179} INFO - Processing /home/felipe/airflow/dags/utils/upload.py took 0.042 seconds
[2024-01-09T10:14:14.428-0300] {processor.py:157} INFO - Started process (PID=8972) to work on /home/felipe/airflow/dags/utils/upload.py
[2024-01-09T10:14:14.476-0300] {processor.py:829} INFO - Processing file /home/felipe/airflow/dags/utils/upload.py for tasks to queue
[2024-01-09T10:14:14.476-0300] {logging_mixin.py:154} INFO - [2024-01-09T10:14:14.476-0300] {dagbag.py:536} INFO - Filling up the DagBag from /home/felipe/airflow/dags/utils/upload.py
[2024-01-09T10:14:14.478-0300] {processor.py:841} WARNING - No viable dags retrieved from /home/felipe/airflow/dags/utils/upload.py
[2024-01-09T10:14:14.484-0300] {processor.py:179} INFO - Processing /home/felipe/airflow/dags/utils/upload.py took 0.058 seconds
[2024-01-09T10:15:09.775-0300] {processor.py:157} INFO - Started process (PID=9101) to work on /home/felipe/airflow/dags/utils/upload.py
[2024-01-09T10:15:09.807-0300] {processor.py:829} INFO - Processing file /home/felipe/airflow/dags/utils/upload.py for tasks to queue
[2024-01-09T10:15:09.808-0300] {logging_mixin.py:154} INFO - [2024-01-09T10:15:09.807-0300] {dagbag.py:536} INFO - Filling up the DagBag from /home/felipe/airflow/dags/utils/upload.py
[2024-01-09T10:15:09.809-0300] {processor.py:841} WARNING - No viable dags retrieved from /home/felipe/airflow/dags/utils/upload.py
[2024-01-09T10:15:09.816-0300] {processor.py:179} INFO - Processing /home/felipe/airflow/dags/utils/upload.py took 0.043 seconds
[2024-01-09T10:18:12.729-0300] {processor.py:157} INFO - Started process (PID=9446) to work on /home/felipe/airflow/dags/utils/upload.py
[2024-01-09T10:18:12.735-0300] {processor.py:829} INFO - Processing file /home/felipe/airflow/dags/utils/upload.py for tasks to queue
[2024-01-09T10:18:12.735-0300] {logging_mixin.py:154} INFO - [2024-01-09T10:18:12.735-0300] {dagbag.py:536} INFO - Filling up the DagBag from /home/felipe/airflow/dags/utils/upload.py
[2024-01-09T10:18:12.737-0300] {processor.py:841} WARNING - No viable dags retrieved from /home/felipe/airflow/dags/utils/upload.py
[2024-01-09T10:18:12.742-0300] {processor.py:179} INFO - Processing /home/felipe/airflow/dags/utils/upload.py took 0.016 seconds
[2024-01-09T10:38:06.002-0300] {processor.py:157} INFO - Started process (PID=11753) to work on /home/felipe/airflow/dags/utils/upload.py
[2024-01-09T10:38:06.034-0300] {processor.py:829} INFO - Processing file /home/felipe/airflow/dags/utils/upload.py for tasks to queue
[2024-01-09T10:38:06.035-0300] {logging_mixin.py:154} INFO - [2024-01-09T10:38:06.034-0300] {dagbag.py:536} INFO - Filling up the DagBag from /home/felipe/airflow/dags/utils/upload.py
[2024-01-09T10:38:06.036-0300] {processor.py:841} WARNING - No viable dags retrieved from /home/felipe/airflow/dags/utils/upload.py
[2024-01-09T10:38:06.042-0300] {processor.py:179} INFO - Processing /home/felipe/airflow/dags/utils/upload.py took 0.043 seconds
[2024-01-09T10:38:56.541-0300] {processor.py:157} INFO - Started process (PID=11836) to work on /home/felipe/airflow/dags/utils/upload.py
[2024-01-09T10:38:56.558-0300] {processor.py:829} INFO - Processing file /home/felipe/airflow/dags/utils/upload.py for tasks to queue
[2024-01-09T10:38:56.558-0300] {logging_mixin.py:154} INFO - [2024-01-09T10:38:56.558-0300] {dagbag.py:536} INFO - Filling up the DagBag from /home/felipe/airflow/dags/utils/upload.py
[2024-01-09T10:38:56.559-0300] {processor.py:841} WARNING - No viable dags retrieved from /home/felipe/airflow/dags/utils/upload.py
[2024-01-09T10:38:56.565-0300] {processor.py:179} INFO - Processing /home/felipe/airflow/dags/utils/upload.py took 0.026 seconds
[2024-01-09T10:39:36.277-0300] {processor.py:157} INFO - Started process (PID=11910) to work on /home/felipe/airflow/dags/utils/upload.py
[2024-01-09T10:39:36.309-0300] {processor.py:829} INFO - Processing file /home/felipe/airflow/dags/utils/upload.py for tasks to queue
[2024-01-09T10:39:36.310-0300] {logging_mixin.py:154} INFO - [2024-01-09T10:39:36.309-0300] {dagbag.py:536} INFO - Filling up the DagBag from /home/felipe/airflow/dags/utils/upload.py
[2024-01-09T10:39:36.311-0300] {processor.py:841} WARNING - No viable dags retrieved from /home/felipe/airflow/dags/utils/upload.py
[2024-01-09T10:39:36.317-0300] {processor.py:179} INFO - Processing /home/felipe/airflow/dags/utils/upload.py took 0.042 seconds
[2024-01-09T10:40:13.978-0300] {processor.py:157} INFO - Started process (PID=11983) to work on /home/felipe/airflow/dags/utils/upload.py
[2024-01-09T10:40:13.979-0300] {processor.py:829} INFO - Processing file /home/felipe/airflow/dags/utils/upload.py for tasks to queue
[2024-01-09T10:40:13.979-0300] {logging_mixin.py:154} INFO - [2024-01-09T10:40:13.979-0300] {dagbag.py:536} INFO - Filling up the DagBag from /home/felipe/airflow/dags/utils/upload.py
[2024-01-09T10:40:13.980-0300] {processor.py:841} WARNING - No viable dags retrieved from /home/felipe/airflow/dags/utils/upload.py
[2024-01-09T10:40:13.986-0300] {processor.py:179} INFO - Processing /home/felipe/airflow/dags/utils/upload.py took 0.010 seconds
[2024-01-09T10:40:49.548-0300] {processor.py:157} INFO - Started process (PID=12111) to work on /home/felipe/airflow/dags/utils/upload.py
[2024-01-09T10:40:49.548-0300] {processor.py:829} INFO - Processing file /home/felipe/airflow/dags/utils/upload.py for tasks to queue
[2024-01-09T10:40:49.549-0300] {logging_mixin.py:154} INFO - [2024-01-09T10:40:49.548-0300] {dagbag.py:536} INFO - Filling up the DagBag from /home/felipe/airflow/dags/utils/upload.py
[2024-01-09T10:40:49.550-0300] {processor.py:841} WARNING - No viable dags retrieved from /home/felipe/airflow/dags/utils/upload.py
[2024-01-09T10:40:49.555-0300] {processor.py:179} INFO - Processing /home/felipe/airflow/dags/utils/upload.py took 0.010 seconds
[2024-01-09T10:43:14.368-0300] {processor.py:157} INFO - Started process (PID=12455) to work on /home/felipe/airflow/dags/utils/upload.py
[2024-01-09T10:43:14.401-0300] {processor.py:829} INFO - Processing file /home/felipe/airflow/dags/utils/upload.py for tasks to queue
[2024-01-09T10:43:14.401-0300] {logging_mixin.py:154} INFO - [2024-01-09T10:43:14.401-0300] {dagbag.py:536} INFO - Filling up the DagBag from /home/felipe/airflow/dags/utils/upload.py
[2024-01-09T10:43:14.403-0300] {processor.py:841} WARNING - No viable dags retrieved from /home/felipe/airflow/dags/utils/upload.py
[2024-01-09T10:43:14.409-0300] {processor.py:179} INFO - Processing /home/felipe/airflow/dags/utils/upload.py took 0.042 seconds
[2024-01-09T10:45:19.521-0300] {processor.py:157} INFO - Started process (PID=12711) to work on /home/felipe/airflow/dags/utils/upload.py
[2024-01-09T10:45:19.554-0300] {processor.py:829} INFO - Processing file /home/felipe/airflow/dags/utils/upload.py for tasks to queue
[2024-01-09T10:45:19.554-0300] {logging_mixin.py:154} INFO - [2024-01-09T10:45:19.554-0300] {dagbag.py:536} INFO - Filling up the DagBag from /home/felipe/airflow/dags/utils/upload.py
[2024-01-09T10:45:19.555-0300] {processor.py:841} WARNING - No viable dags retrieved from /home/felipe/airflow/dags/utils/upload.py
[2024-01-09T10:45:19.561-0300] {processor.py:179} INFO - Processing /home/felipe/airflow/dags/utils/upload.py took 0.042 seconds
[2024-01-09T10:48:19.844-0300] {processor.py:157} INFO - Started process (PID=13564) to work on /home/felipe/airflow/dags/utils/upload.py
[2024-01-09T10:48:19.877-0300] {processor.py:829} INFO - Processing file /home/felipe/airflow/dags/utils/upload.py for tasks to queue
[2024-01-09T10:48:19.877-0300] {logging_mixin.py:154} INFO - [2024-01-09T10:48:19.877-0300] {dagbag.py:536} INFO - Filling up the DagBag from /home/felipe/airflow/dags/utils/upload.py
[2024-01-09T10:48:19.878-0300] {processor.py:841} WARNING - No viable dags retrieved from /home/felipe/airflow/dags/utils/upload.py
[2024-01-09T10:48:19.885-0300] {processor.py:179} INFO - Processing /home/felipe/airflow/dags/utils/upload.py took 0.042 seconds
[2024-01-09T10:51:16.315-0300] {processor.py:157} INFO - Started process (PID=13925) to work on /home/felipe/airflow/dags/utils/upload.py
[2024-01-09T10:51:16.316-0300] {processor.py:829} INFO - Processing file /home/felipe/airflow/dags/utils/upload.py for tasks to queue
[2024-01-09T10:51:16.316-0300] {logging_mixin.py:154} INFO - [2024-01-09T10:51:16.316-0300] {dagbag.py:536} INFO - Filling up the DagBag from /home/felipe/airflow/dags/utils/upload.py
[2024-01-09T10:51:16.317-0300] {processor.py:841} WARNING - No viable dags retrieved from /home/felipe/airflow/dags/utils/upload.py
[2024-01-09T10:51:16.324-0300] {processor.py:179} INFO - Processing /home/felipe/airflow/dags/utils/upload.py took 0.011 seconds
[2024-01-09T10:53:21.497-0300] {processor.py:157} INFO - Started process (PID=14186) to work on /home/felipe/airflow/dags/utils/upload.py
[2024-01-09T10:53:21.538-0300] {processor.py:829} INFO - Processing file /home/felipe/airflow/dags/utils/upload.py for tasks to queue
[2024-01-09T10:53:21.538-0300] {logging_mixin.py:154} INFO - [2024-01-09T10:53:21.538-0300] {dagbag.py:536} INFO - Filling up the DagBag from /home/felipe/airflow/dags/utils/upload.py
[2024-01-09T10:53:21.540-0300] {processor.py:841} WARNING - No viable dags retrieved from /home/felipe/airflow/dags/utils/upload.py
[2024-01-09T10:53:21.546-0300] {processor.py:179} INFO - Processing /home/felipe/airflow/dags/utils/upload.py took 0.051 seconds
[2024-01-09T10:54:13.973-0300] {processor.py:157} INFO - Started process (PID=14458) to work on /home/felipe/airflow/dags/utils/upload.py
[2024-01-09T10:54:14.005-0300] {processor.py:829} INFO - Processing file /home/felipe/airflow/dags/utils/upload.py for tasks to queue
[2024-01-09T10:54:14.006-0300] {logging_mixin.py:154} INFO - [2024-01-09T10:54:14.006-0300] {dagbag.py:536} INFO - Filling up the DagBag from /home/felipe/airflow/dags/utils/upload.py
[2024-01-09T10:54:14.007-0300] {processor.py:841} WARNING - No viable dags retrieved from /home/felipe/airflow/dags/utils/upload.py
[2024-01-09T10:54:14.013-0300] {processor.py:179} INFO - Processing /home/felipe/airflow/dags/utils/upload.py took 0.042 seconds
[2024-01-09T10:55:18.814-0300] {processor.py:157} INFO - Started process (PID=14750) to work on /home/felipe/airflow/dags/utils/upload.py
[2024-01-09T10:55:18.826-0300] {processor.py:829} INFO - Processing file /home/felipe/airflow/dags/utils/upload.py for tasks to queue
[2024-01-09T10:55:18.826-0300] {logging_mixin.py:154} INFO - [2024-01-09T10:55:18.826-0300] {dagbag.py:536} INFO - Filling up the DagBag from /home/felipe/airflow/dags/utils/upload.py
[2024-01-09T10:55:18.827-0300] {processor.py:841} WARNING - No viable dags retrieved from /home/felipe/airflow/dags/utils/upload.py
[2024-01-09T10:55:18.834-0300] {processor.py:179} INFO - Processing /home/felipe/airflow/dags/utils/upload.py took 0.021 seconds
[2024-01-09T10:57:27.256-0300] {processor.py:157} INFO - Started process (PID=15092) to work on /home/felipe/airflow/dags/utils/upload.py
[2024-01-09T10:57:27.288-0300] {processor.py:829} INFO - Processing file /home/felipe/airflow/dags/utils/upload.py for tasks to queue
[2024-01-09T10:57:27.289-0300] {logging_mixin.py:154} INFO - [2024-01-09T10:57:27.289-0300] {dagbag.py:536} INFO - Filling up the DagBag from /home/felipe/airflow/dags/utils/upload.py
[2024-01-09T10:57:27.290-0300] {processor.py:841} WARNING - No viable dags retrieved from /home/felipe/airflow/dags/utils/upload.py
[2024-01-09T10:57:27.296-0300] {processor.py:179} INFO - Processing /home/felipe/airflow/dags/utils/upload.py took 0.041 seconds
[2024-01-09T10:59:23.813-0300] {processor.py:157} INFO - Started process (PID=15355) to work on /home/felipe/airflow/dags/utils/upload.py
[2024-01-09T10:59:23.813-0300] {processor.py:829} INFO - Processing file /home/felipe/airflow/dags/utils/upload.py for tasks to queue
[2024-01-09T10:59:23.814-0300] {logging_mixin.py:154} INFO - [2024-01-09T10:59:23.813-0300] {dagbag.py:536} INFO - Filling up the DagBag from /home/felipe/airflow/dags/utils/upload.py
[2024-01-09T10:59:23.815-0300] {processor.py:841} WARNING - No viable dags retrieved from /home/felipe/airflow/dags/utils/upload.py
[2024-01-09T10:59:23.820-0300] {processor.py:179} INFO - Processing /home/felipe/airflow/dags/utils/upload.py took 0.010 seconds
[2024-01-09T11:02:19.269-0300] {processor.py:157} INFO - Started process (PID=15817) to work on /home/felipe/airflow/dags/utils/upload.py
[2024-01-09T11:02:19.270-0300] {processor.py:829} INFO - Processing file /home/felipe/airflow/dags/utils/upload.py for tasks to queue
[2024-01-09T11:02:19.270-0300] {logging_mixin.py:154} INFO - [2024-01-09T11:02:19.270-0300] {dagbag.py:536} INFO - Filling up the DagBag from /home/felipe/airflow/dags/utils/upload.py
[2024-01-09T11:02:19.272-0300] {processor.py:841} WARNING - No viable dags retrieved from /home/felipe/airflow/dags/utils/upload.py
[2024-01-09T11:02:19.278-0300] {processor.py:179} INFO - Processing /home/felipe/airflow/dags/utils/upload.py took 0.012 seconds
[2024-01-09T20:52:39.965-0300] {processor.py:157} INFO - Started process (PID=36053) to work on /home/felipe/airflow/dags/utils/upload.py
[2024-01-09T20:52:39.997-0300] {processor.py:829} INFO - Processing file /home/felipe/airflow/dags/utils/upload.py for tasks to queue
[2024-01-09T20:52:39.998-0300] {logging_mixin.py:154} INFO - [2024-01-09T20:52:39.997-0300] {dagbag.py:536} INFO - Filling up the DagBag from /home/felipe/airflow/dags/utils/upload.py
[2024-01-09T20:52:39.999-0300] {processor.py:841} WARNING - No viable dags retrieved from /home/felipe/airflow/dags/utils/upload.py
[2024-01-09T20:52:40.006-0300] {processor.py:179} INFO - Processing /home/felipe/airflow/dags/utils/upload.py took 0.043 seconds
[2024-01-09T20:53:30.157-0300] {processor.py:157} INFO - Started process (PID=36505) to work on /home/felipe/airflow/dags/utils/upload.py
[2024-01-09T20:53:30.189-0300] {processor.py:829} INFO - Processing file /home/felipe/airflow/dags/utils/upload.py for tasks to queue
[2024-01-09T20:53:30.189-0300] {logging_mixin.py:154} INFO - [2024-01-09T20:53:30.189-0300] {dagbag.py:536} INFO - Filling up the DagBag from /home/felipe/airflow/dags/utils/upload.py
[2024-01-09T20:53:30.191-0300] {processor.py:841} WARNING - No viable dags retrieved from /home/felipe/airflow/dags/utils/upload.py
[2024-01-09T20:53:30.197-0300] {processor.py:179} INFO - Processing /home/felipe/airflow/dags/utils/upload.py took 0.042 seconds
[2024-01-09T20:54:07.966-0300] {processor.py:157} INFO - Started process (PID=36617) to work on /home/felipe/airflow/dags/utils/upload.py
[2024-01-09T20:54:07.998-0300] {processor.py:829} INFO - Processing file /home/felipe/airflow/dags/utils/upload.py for tasks to queue
[2024-01-09T20:54:07.999-0300] {logging_mixin.py:154} INFO - [2024-01-09T20:54:07.998-0300] {dagbag.py:536} INFO - Filling up the DagBag from /home/felipe/airflow/dags/utils/upload.py
[2024-01-09T20:54:08.000-0300] {processor.py:841} WARNING - No viable dags retrieved from /home/felipe/airflow/dags/utils/upload.py
[2024-01-09T20:54:08.005-0300] {processor.py:179} INFO - Processing /home/felipe/airflow/dags/utils/upload.py took 0.042 seconds
[2024-01-09T20:54:40.751-0300] {processor.py:157} INFO - Started process (PID=36693) to work on /home/felipe/airflow/dags/utils/upload.py
[2024-01-09T20:54:40.783-0300] {processor.py:829} INFO - Processing file /home/felipe/airflow/dags/utils/upload.py for tasks to queue
[2024-01-09T20:54:40.783-0300] {logging_mixin.py:154} INFO - [2024-01-09T20:54:40.783-0300] {dagbag.py:536} INFO - Filling up the DagBag from /home/felipe/airflow/dags/utils/upload.py
[2024-01-09T20:54:40.784-0300] {processor.py:841} WARNING - No viable dags retrieved from /home/felipe/airflow/dags/utils/upload.py
[2024-01-09T20:54:40.790-0300] {processor.py:179} INFO - Processing /home/felipe/airflow/dags/utils/upload.py took 0.042 seconds
[2024-01-09T20:55:18.249-0300] {processor.py:157} INFO - Started process (PID=36788) to work on /home/felipe/airflow/dags/utils/upload.py
[2024-01-09T20:55:18.281-0300] {processor.py:829} INFO - Processing file /home/felipe/airflow/dags/utils/upload.py for tasks to queue
[2024-01-09T20:55:18.282-0300] {logging_mixin.py:154} INFO - [2024-01-09T20:55:18.281-0300] {dagbag.py:536} INFO - Filling up the DagBag from /home/felipe/airflow/dags/utils/upload.py
[2024-01-09T20:55:18.283-0300] {processor.py:841} WARNING - No viable dags retrieved from /home/felipe/airflow/dags/utils/upload.py
[2024-01-09T20:55:18.289-0300] {processor.py:179} INFO - Processing /home/felipe/airflow/dags/utils/upload.py took 0.042 seconds
[2024-01-09T20:55:53.826-0300] {processor.py:157} INFO - Started process (PID=36877) to work on /home/felipe/airflow/dags/utils/upload.py
[2024-01-09T20:55:53.830-0300] {processor.py:829} INFO - Processing file /home/felipe/airflow/dags/utils/upload.py for tasks to queue
[2024-01-09T20:55:53.830-0300] {logging_mixin.py:154} INFO - [2024-01-09T20:55:53.830-0300] {dagbag.py:536} INFO - Filling up the DagBag from /home/felipe/airflow/dags/utils/upload.py
[2024-01-09T20:55:53.832-0300] {processor.py:841} WARNING - No viable dags retrieved from /home/felipe/airflow/dags/utils/upload.py
[2024-01-09T20:55:53.838-0300] {processor.py:179} INFO - Processing /home/felipe/airflow/dags/utils/upload.py took 0.014 seconds
[2024-01-09T20:56:30.481-0300] {processor.py:157} INFO - Started process (PID=36956) to work on /home/felipe/airflow/dags/utils/upload.py
[2024-01-09T20:56:30.513-0300] {processor.py:829} INFO - Processing file /home/felipe/airflow/dags/utils/upload.py for tasks to queue
[2024-01-09T20:56:30.514-0300] {logging_mixin.py:154} INFO - [2024-01-09T20:56:30.513-0300] {dagbag.py:536} INFO - Filling up the DagBag from /home/felipe/airflow/dags/utils/upload.py
[2024-01-09T20:56:30.515-0300] {processor.py:841} WARNING - No viable dags retrieved from /home/felipe/airflow/dags/utils/upload.py
[2024-01-09T20:56:30.521-0300] {processor.py:179} INFO - Processing /home/felipe/airflow/dags/utils/upload.py took 0.043 seconds
[2024-01-09T20:57:04.972-0300] {processor.py:157} INFO - Started process (PID=37035) to work on /home/felipe/airflow/dags/utils/upload.py
[2024-01-09T20:57:05.004-0300] {processor.py:829} INFO - Processing file /home/felipe/airflow/dags/utils/upload.py for tasks to queue
[2024-01-09T20:57:05.005-0300] {logging_mixin.py:154} INFO - [2024-01-09T20:57:05.005-0300] {dagbag.py:536} INFO - Filling up the DagBag from /home/felipe/airflow/dags/utils/upload.py
[2024-01-09T20:57:05.006-0300] {processor.py:841} WARNING - No viable dags retrieved from /home/felipe/airflow/dags/utils/upload.py
[2024-01-09T20:57:05.012-0300] {processor.py:179} INFO - Processing /home/felipe/airflow/dags/utils/upload.py took 0.043 seconds
[2024-01-09T20:57:37.498-0300] {processor.py:157} INFO - Started process (PID=37119) to work on /home/felipe/airflow/dags/utils/upload.py
[2024-01-09T20:57:37.499-0300] {processor.py:829} INFO - Processing file /home/felipe/airflow/dags/utils/upload.py for tasks to queue
[2024-01-09T20:57:37.499-0300] {logging_mixin.py:154} INFO - [2024-01-09T20:57:37.499-0300] {dagbag.py:536} INFO - Filling up the DagBag from /home/felipe/airflow/dags/utils/upload.py
[2024-01-09T20:57:37.500-0300] {processor.py:841} WARNING - No viable dags retrieved from /home/felipe/airflow/dags/utils/upload.py
[2024-01-09T20:57:37.507-0300] {processor.py:179} INFO - Processing /home/felipe/airflow/dags/utils/upload.py took 0.010 seconds
[2024-01-09T20:58:10.161-0300] {processor.py:157} INFO - Started process (PID=37198) to work on /home/felipe/airflow/dags/utils/upload.py
[2024-01-09T20:58:10.194-0300] {processor.py:829} INFO - Processing file /home/felipe/airflow/dags/utils/upload.py for tasks to queue
[2024-01-09T20:58:10.194-0300] {logging_mixin.py:154} INFO - [2024-01-09T20:58:10.194-0300] {dagbag.py:536} INFO - Filling up the DagBag from /home/felipe/airflow/dags/utils/upload.py
[2024-01-09T20:58:10.196-0300] {processor.py:841} WARNING - No viable dags retrieved from /home/felipe/airflow/dags/utils/upload.py
[2024-01-09T20:58:10.204-0300] {processor.py:179} INFO - Processing /home/felipe/airflow/dags/utils/upload.py took 0.045 seconds
[2024-01-09T20:58:47.027-0300] {processor.py:157} INFO - Started process (PID=37273) to work on /home/felipe/airflow/dags/utils/upload.py
[2024-01-09T20:58:47.027-0300] {processor.py:829} INFO - Processing file /home/felipe/airflow/dags/utils/upload.py for tasks to queue
[2024-01-09T20:58:47.028-0300] {logging_mixin.py:154} INFO - [2024-01-09T20:58:47.028-0300] {dagbag.py:536} INFO - Filling up the DagBag from /home/felipe/airflow/dags/utils/upload.py
[2024-01-09T20:58:47.029-0300] {processor.py:841} WARNING - No viable dags retrieved from /home/felipe/airflow/dags/utils/upload.py
[2024-01-09T20:58:47.036-0300] {processor.py:179} INFO - Processing /home/felipe/airflow/dags/utils/upload.py took 0.011 seconds
[2024-01-09T20:59:21.576-0300] {processor.py:157} INFO - Started process (PID=37371) to work on /home/felipe/airflow/dags/utils/upload.py
[2024-01-09T20:59:21.608-0300] {processor.py:829} INFO - Processing file /home/felipe/airflow/dags/utils/upload.py for tasks to queue
[2024-01-09T20:59:21.609-0300] {logging_mixin.py:154} INFO - [2024-01-09T20:59:21.608-0300] {dagbag.py:536} INFO - Filling up the DagBag from /home/felipe/airflow/dags/utils/upload.py
[2024-01-09T20:59:21.610-0300] {processor.py:841} WARNING - No viable dags retrieved from /home/felipe/airflow/dags/utils/upload.py
[2024-01-09T20:59:21.617-0300] {processor.py:179} INFO - Processing /home/felipe/airflow/dags/utils/upload.py took 0.043 seconds
