[2024-01-09T10:10:43.055-0300] {processor.py:157} INFO - Started process (PID=8585) to work on /home/felipe/.local/lib/python3.11/site-packages/airflow/example_dags/plugins/event_listener.py
[2024-01-09T10:10:43.055-0300] {processor.py:829} INFO - Processing file /home/felipe/.local/lib/python3.11/site-packages/airflow/example_dags/plugins/event_listener.py for tasks to queue
[2024-01-09T10:10:43.056-0300] {logging_mixin.py:154} INFO - [2024-01-09T10:10:43.055-0300] {dagbag.py:536} INFO - Filling up the DagBag from /home/felipe/.local/lib/python3.11/site-packages/airflow/example_dags/plugins/event_listener.py
[2024-01-09T10:10:43.057-0300] {processor.py:841} WARNING - No viable dags retrieved from /home/felipe/.local/lib/python3.11/site-packages/airflow/example_dags/plugins/event_listener.py
[2024-01-09T10:10:43.063-0300] {processor.py:179} INFO - Processing /home/felipe/.local/lib/python3.11/site-packages/airflow/example_dags/plugins/event_listener.py took 0.011 seconds
[2024-01-09T10:11:36.577-0300] {processor.py:157} INFO - Started process (PID=8691) to work on /home/felipe/.local/lib/python3.11/site-packages/airflow/example_dags/plugins/event_listener.py
[2024-01-09T10:11:36.609-0300] {processor.py:829} INFO - Processing file /home/felipe/.local/lib/python3.11/site-packages/airflow/example_dags/plugins/event_listener.py for tasks to queue
[2024-01-09T10:11:36.610-0300] {logging_mixin.py:154} INFO - [2024-01-09T10:11:36.610-0300] {dagbag.py:536} INFO - Filling up the DagBag from /home/felipe/.local/lib/python3.11/site-packages/airflow/example_dags/plugins/event_listener.py
[2024-01-09T10:11:36.611-0300] {processor.py:841} WARNING - No viable dags retrieved from /home/felipe/.local/lib/python3.11/site-packages/airflow/example_dags/plugins/event_listener.py
[2024-01-09T10:11:36.617-0300] {processor.py:179} INFO - Processing /home/felipe/.local/lib/python3.11/site-packages/airflow/example_dags/plugins/event_listener.py took 0.042 seconds
[2024-01-09T10:12:47.136-0300] {processor.py:157} INFO - Started process (PID=8853) to work on /home/felipe/.local/lib/python3.11/site-packages/airflow/example_dags/plugins/event_listener.py
[2024-01-09T10:12:47.168-0300] {processor.py:829} INFO - Processing file /home/felipe/.local/lib/python3.11/site-packages/airflow/example_dags/plugins/event_listener.py for tasks to queue
[2024-01-09T10:12:47.168-0300] {logging_mixin.py:154} INFO - [2024-01-09T10:12:47.168-0300] {dagbag.py:536} INFO - Filling up the DagBag from /home/felipe/.local/lib/python3.11/site-packages/airflow/example_dags/plugins/event_listener.py
[2024-01-09T10:12:47.170-0300] {processor.py:841} WARNING - No viable dags retrieved from /home/felipe/.local/lib/python3.11/site-packages/airflow/example_dags/plugins/event_listener.py
[2024-01-09T10:12:47.175-0300] {processor.py:179} INFO - Processing /home/felipe/.local/lib/python3.11/site-packages/airflow/example_dags/plugins/event_listener.py took 0.042 seconds
[2024-01-09T10:13:58.482-0300] {processor.py:157} INFO - Started process (PID=8956) to work on /home/felipe/.local/lib/python3.11/site-packages/airflow/example_dags/plugins/event_listener.py
[2024-01-09T10:13:58.514-0300] {processor.py:829} INFO - Processing file /home/felipe/.local/lib/python3.11/site-packages/airflow/example_dags/plugins/event_listener.py for tasks to queue
[2024-01-09T10:13:58.514-0300] {logging_mixin.py:154} INFO - [2024-01-09T10:13:58.514-0300] {dagbag.py:536} INFO - Filling up the DagBag from /home/felipe/.local/lib/python3.11/site-packages/airflow/example_dags/plugins/event_listener.py
[2024-01-09T10:13:58.515-0300] {processor.py:841} WARNING - No viable dags retrieved from /home/felipe/.local/lib/python3.11/site-packages/airflow/example_dags/plugins/event_listener.py
[2024-01-09T10:13:58.521-0300] {processor.py:179} INFO - Processing /home/felipe/.local/lib/python3.11/site-packages/airflow/example_dags/plugins/event_listener.py took 0.041 seconds
[2024-01-09T10:14:55.526-0300] {processor.py:157} INFO - Started process (PID=9048) to work on /home/felipe/.local/lib/python3.11/site-packages/airflow/example_dags/plugins/event_listener.py
[2024-01-09T10:14:55.587-0300] {processor.py:829} INFO - Processing file /home/felipe/.local/lib/python3.11/site-packages/airflow/example_dags/plugins/event_listener.py for tasks to queue
[2024-01-09T10:14:55.588-0300] {logging_mixin.py:154} INFO - [2024-01-09T10:14:55.587-0300] {dagbag.py:536} INFO - Filling up the DagBag from /home/felipe/.local/lib/python3.11/site-packages/airflow/example_dags/plugins/event_listener.py
[2024-01-09T10:14:55.589-0300] {processor.py:841} WARNING - No viable dags retrieved from /home/felipe/.local/lib/python3.11/site-packages/airflow/example_dags/plugins/event_listener.py
[2024-01-09T10:14:55.595-0300] {processor.py:179} INFO - Processing /home/felipe/.local/lib/python3.11/site-packages/airflow/example_dags/plugins/event_listener.py took 0.071 seconds
[2024-01-09T10:37:56.976-0300] {processor.py:157} INFO - Started process (PID=11732) to work on /home/felipe/.local/lib/python3.11/site-packages/airflow/example_dags/plugins/event_listener.py
[2024-01-09T10:37:57.008-0300] {processor.py:829} INFO - Processing file /home/felipe/.local/lib/python3.11/site-packages/airflow/example_dags/plugins/event_listener.py for tasks to queue
[2024-01-09T10:37:57.008-0300] {logging_mixin.py:154} INFO - [2024-01-09T10:37:57.008-0300] {dagbag.py:536} INFO - Filling up the DagBag from /home/felipe/.local/lib/python3.11/site-packages/airflow/example_dags/plugins/event_listener.py
[2024-01-09T10:37:57.010-0300] {processor.py:841} WARNING - No viable dags retrieved from /home/felipe/.local/lib/python3.11/site-packages/airflow/example_dags/plugins/event_listener.py
[2024-01-09T10:37:57.017-0300] {processor.py:179} INFO - Processing /home/felipe/.local/lib/python3.11/site-packages/airflow/example_dags/plugins/event_listener.py took 0.043 seconds
[2024-01-09T10:38:47.404-0300] {processor.py:157} INFO - Started process (PID=11827) to work on /home/felipe/.local/lib/python3.11/site-packages/airflow/example_dags/plugins/event_listener.py
[2024-01-09T10:38:47.405-0300] {processor.py:829} INFO - Processing file /home/felipe/.local/lib/python3.11/site-packages/airflow/example_dags/plugins/event_listener.py for tasks to queue
[2024-01-09T10:38:47.405-0300] {logging_mixin.py:154} INFO - [2024-01-09T10:38:47.405-0300] {dagbag.py:536} INFO - Filling up the DagBag from /home/felipe/.local/lib/python3.11/site-packages/airflow/example_dags/plugins/event_listener.py
[2024-01-09T10:38:47.406-0300] {processor.py:841} WARNING - No viable dags retrieved from /home/felipe/.local/lib/python3.11/site-packages/airflow/example_dags/plugins/event_listener.py
[2024-01-09T10:38:47.412-0300] {processor.py:179} INFO - Processing /home/felipe/.local/lib/python3.11/site-packages/airflow/example_dags/plugins/event_listener.py took 0.010 seconds
[2024-01-09T10:39:46.382-0300] {processor.py:157} INFO - Started process (PID=11943) to work on /home/felipe/.local/lib/python3.11/site-packages/airflow/example_dags/plugins/event_listener.py
[2024-01-09T10:39:46.414-0300] {processor.py:829} INFO - Processing file /home/felipe/.local/lib/python3.11/site-packages/airflow/example_dags/plugins/event_listener.py for tasks to queue
[2024-01-09T10:39:46.415-0300] {logging_mixin.py:154} INFO - [2024-01-09T10:39:46.414-0300] {dagbag.py:536} INFO - Filling up the DagBag from /home/felipe/.local/lib/python3.11/site-packages/airflow/example_dags/plugins/event_listener.py
[2024-01-09T10:39:46.416-0300] {processor.py:841} WARNING - No viable dags retrieved from /home/felipe/.local/lib/python3.11/site-packages/airflow/example_dags/plugins/event_listener.py
[2024-01-09T10:39:46.422-0300] {processor.py:179} INFO - Processing /home/felipe/.local/lib/python3.11/site-packages/airflow/example_dags/plugins/event_listener.py took 0.043 seconds
[2024-01-09T10:40:40.857-0300] {processor.py:157} INFO - Started process (PID=12101) to work on /home/felipe/.local/lib/python3.11/site-packages/airflow/example_dags/plugins/event_listener.py
[2024-01-09T10:40:40.858-0300] {processor.py:829} INFO - Processing file /home/felipe/.local/lib/python3.11/site-packages/airflow/example_dags/plugins/event_listener.py for tasks to queue
[2024-01-09T10:40:40.858-0300] {logging_mixin.py:154} INFO - [2024-01-09T10:40:40.858-0300] {dagbag.py:536} INFO - Filling up the DagBag from /home/felipe/.local/lib/python3.11/site-packages/airflow/example_dags/plugins/event_listener.py
[2024-01-09T10:40:40.860-0300] {processor.py:841} WARNING - No viable dags retrieved from /home/felipe/.local/lib/python3.11/site-packages/airflow/example_dags/plugins/event_listener.py
[2024-01-09T10:40:40.865-0300] {processor.py:179} INFO - Processing /home/felipe/.local/lib/python3.11/site-packages/airflow/example_dags/plugins/event_listener.py took 0.010 seconds
[2024-01-09T10:45:02.915-0300] {processor.py:157} INFO - Started process (PID=12689) to work on /home/felipe/.local/lib/python3.11/site-packages/airflow/example_dags/plugins/event_listener.py
[2024-01-09T10:45:02.918-0300] {processor.py:829} INFO - Processing file /home/felipe/.local/lib/python3.11/site-packages/airflow/example_dags/plugins/event_listener.py for tasks to queue
[2024-01-09T10:45:02.918-0300] {logging_mixin.py:154} INFO - [2024-01-09T10:45:02.918-0300] {dagbag.py:536} INFO - Filling up the DagBag from /home/felipe/.local/lib/python3.11/site-packages/airflow/example_dags/plugins/event_listener.py
[2024-01-09T10:45:02.920-0300] {processor.py:841} WARNING - No viable dags retrieved from /home/felipe/.local/lib/python3.11/site-packages/airflow/example_dags/plugins/event_listener.py
[2024-01-09T10:45:02.925-0300] {processor.py:179} INFO - Processing /home/felipe/.local/lib/python3.11/site-packages/airflow/example_dags/plugins/event_listener.py took 0.013 seconds
[2024-01-09T10:50:18.842-0300] {processor.py:157} INFO - Started process (PID=13843) to work on /home/felipe/.local/lib/python3.11/site-packages/airflow/example_dags/plugins/event_listener.py
[2024-01-09T10:50:18.874-0300] {processor.py:829} INFO - Processing file /home/felipe/.local/lib/python3.11/site-packages/airflow/example_dags/plugins/event_listener.py for tasks to queue
[2024-01-09T10:50:18.875-0300] {logging_mixin.py:154} INFO - [2024-01-09T10:50:18.874-0300] {dagbag.py:536} INFO - Filling up the DagBag from /home/felipe/.local/lib/python3.11/site-packages/airflow/example_dags/plugins/event_listener.py
[2024-01-09T10:50:18.876-0300] {processor.py:841} WARNING - No viable dags retrieved from /home/felipe/.local/lib/python3.11/site-packages/airflow/example_dags/plugins/event_listener.py
[2024-01-09T10:50:18.882-0300] {processor.py:179} INFO - Processing /home/felipe/.local/lib/python3.11/site-packages/airflow/example_dags/plugins/event_listener.py took 0.043 seconds
[2024-01-09T10:53:11.157-0300] {processor.py:157} INFO - Started process (PID=14162) to work on /home/felipe/.local/lib/python3.11/site-packages/airflow/example_dags/plugins/event_listener.py
[2024-01-09T10:53:11.190-0300] {processor.py:829} INFO - Processing file /home/felipe/.local/lib/python3.11/site-packages/airflow/example_dags/plugins/event_listener.py for tasks to queue
[2024-01-09T10:53:11.191-0300] {logging_mixin.py:154} INFO - [2024-01-09T10:53:11.190-0300] {dagbag.py:536} INFO - Filling up the DagBag from /home/felipe/.local/lib/python3.11/site-packages/airflow/example_dags/plugins/event_listener.py
[2024-01-09T10:53:11.197-0300] {processor.py:841} WARNING - No viable dags retrieved from /home/felipe/.local/lib/python3.11/site-packages/airflow/example_dags/plugins/event_listener.py
[2024-01-09T10:53:11.203-0300] {processor.py:179} INFO - Processing /home/felipe/.local/lib/python3.11/site-packages/airflow/example_dags/plugins/event_listener.py took 0.048 seconds
[2024-01-09T10:55:08.276-0300] {processor.py:157} INFO - Started process (PID=14695) to work on /home/felipe/.local/lib/python3.11/site-packages/airflow/example_dags/plugins/event_listener.py
[2024-01-09T10:55:08.276-0300] {processor.py:829} INFO - Processing file /home/felipe/.local/lib/python3.11/site-packages/airflow/example_dags/plugins/event_listener.py for tasks to queue
[2024-01-09T10:55:08.277-0300] {logging_mixin.py:154} INFO - [2024-01-09T10:55:08.276-0300] {dagbag.py:536} INFO - Filling up the DagBag from /home/felipe/.local/lib/python3.11/site-packages/airflow/example_dags/plugins/event_listener.py
[2024-01-09T10:55:08.278-0300] {processor.py:841} WARNING - No viable dags retrieved from /home/felipe/.local/lib/python3.11/site-packages/airflow/example_dags/plugins/event_listener.py
[2024-01-09T10:55:08.284-0300] {processor.py:179} INFO - Processing /home/felipe/.local/lib/python3.11/site-packages/airflow/example_dags/plugins/event_listener.py took 0.011 seconds
[2024-01-09T10:59:11.341-0300] {processor.py:157} INFO - Started process (PID=15340) to work on /home/felipe/.local/lib/python3.11/site-packages/airflow/example_dags/plugins/event_listener.py
[2024-01-09T10:59:11.374-0300] {processor.py:829} INFO - Processing file /home/felipe/.local/lib/python3.11/site-packages/airflow/example_dags/plugins/event_listener.py for tasks to queue
[2024-01-09T10:59:11.374-0300] {logging_mixin.py:154} INFO - [2024-01-09T10:59:11.374-0300] {dagbag.py:536} INFO - Filling up the DagBag from /home/felipe/.local/lib/python3.11/site-packages/airflow/example_dags/plugins/event_listener.py
[2024-01-09T10:59:11.376-0300] {processor.py:841} WARNING - No viable dags retrieved from /home/felipe/.local/lib/python3.11/site-packages/airflow/example_dags/plugins/event_listener.py
[2024-01-09T10:59:11.382-0300] {processor.py:179} INFO - Processing /home/felipe/.local/lib/python3.11/site-packages/airflow/example_dags/plugins/event_listener.py took 0.042 seconds
[2024-01-09T20:53:18.394-0300] {processor.py:157} INFO - Started process (PID=36376) to work on /home/felipe/.local/lib/python3.11/site-packages/airflow/example_dags/plugins/event_listener.py
[2024-01-09T20:53:18.426-0300] {processor.py:829} INFO - Processing file /home/felipe/.local/lib/python3.11/site-packages/airflow/example_dags/plugins/event_listener.py for tasks to queue
[2024-01-09T20:53:18.427-0300] {logging_mixin.py:154} INFO - [2024-01-09T20:53:18.427-0300] {dagbag.py:536} INFO - Filling up the DagBag from /home/felipe/.local/lib/python3.11/site-packages/airflow/example_dags/plugins/event_listener.py
[2024-01-09T20:53:18.428-0300] {processor.py:841} WARNING - No viable dags retrieved from /home/felipe/.local/lib/python3.11/site-packages/airflow/example_dags/plugins/event_listener.py
[2024-01-09T20:53:18.436-0300] {processor.py:179} INFO - Processing /home/felipe/.local/lib/python3.11/site-packages/airflow/example_dags/plugins/event_listener.py took 0.044 seconds
[2024-01-09T20:54:14.469-0300] {processor.py:157} INFO - Started process (PID=36635) to work on /home/felipe/.local/lib/python3.11/site-packages/airflow/example_dags/plugins/event_listener.py
[2024-01-09T20:54:14.501-0300] {processor.py:829} INFO - Processing file /home/felipe/.local/lib/python3.11/site-packages/airflow/example_dags/plugins/event_listener.py for tasks to queue
[2024-01-09T20:54:14.502-0300] {logging_mixin.py:154} INFO - [2024-01-09T20:54:14.502-0300] {dagbag.py:536} INFO - Filling up the DagBag from /home/felipe/.local/lib/python3.11/site-packages/airflow/example_dags/plugins/event_listener.py
[2024-01-09T20:54:14.503-0300] {processor.py:841} WARNING - No viable dags retrieved from /home/felipe/.local/lib/python3.11/site-packages/airflow/example_dags/plugins/event_listener.py
[2024-01-09T20:54:14.511-0300] {processor.py:179} INFO - Processing /home/felipe/.local/lib/python3.11/site-packages/airflow/example_dags/plugins/event_listener.py took 0.043 seconds
[2024-01-09T20:55:06.436-0300] {processor.py:157} INFO - Started process (PID=36749) to work on /home/felipe/.local/lib/python3.11/site-packages/airflow/example_dags/plugins/event_listener.py
[2024-01-09T20:55:06.468-0300] {processor.py:829} INFO - Processing file /home/felipe/.local/lib/python3.11/site-packages/airflow/example_dags/plugins/event_listener.py for tasks to queue
[2024-01-09T20:55:06.468-0300] {logging_mixin.py:154} INFO - [2024-01-09T20:55:06.468-0300] {dagbag.py:536} INFO - Filling up the DagBag from /home/felipe/.local/lib/python3.11/site-packages/airflow/example_dags/plugins/event_listener.py
[2024-01-09T20:55:06.470-0300] {processor.py:841} WARNING - No viable dags retrieved from /home/felipe/.local/lib/python3.11/site-packages/airflow/example_dags/plugins/event_listener.py
[2024-01-09T20:55:06.476-0300] {processor.py:179} INFO - Processing /home/felipe/.local/lib/python3.11/site-packages/airflow/example_dags/plugins/event_listener.py took 0.042 seconds
[2024-01-09T20:56:00.088-0300] {processor.py:157} INFO - Started process (PID=36886) to work on /home/felipe/.local/lib/python3.11/site-packages/airflow/example_dags/plugins/event_listener.py
[2024-01-09T20:56:00.089-0300] {processor.py:829} INFO - Processing file /home/felipe/.local/lib/python3.11/site-packages/airflow/example_dags/plugins/event_listener.py for tasks to queue
[2024-01-09T20:56:00.089-0300] {logging_mixin.py:154} INFO - [2024-01-09T20:56:00.089-0300] {dagbag.py:536} INFO - Filling up the DagBag from /home/felipe/.local/lib/python3.11/site-packages/airflow/example_dags/plugins/event_listener.py
[2024-01-09T20:56:00.091-0300] {processor.py:841} WARNING - No viable dags retrieved from /home/felipe/.local/lib/python3.11/site-packages/airflow/example_dags/plugins/event_listener.py
[2024-01-09T20:56:00.097-0300] {processor.py:179} INFO - Processing /home/felipe/.local/lib/python3.11/site-packages/airflow/example_dags/plugins/event_listener.py took 0.011 seconds
[2024-01-09T20:56:54.133-0300] {processor.py:157} INFO - Started process (PID=36993) to work on /home/felipe/.local/lib/python3.11/site-packages/airflow/example_dags/plugins/event_listener.py
[2024-01-09T20:56:54.133-0300] {processor.py:829} INFO - Processing file /home/felipe/.local/lib/python3.11/site-packages/airflow/example_dags/plugins/event_listener.py for tasks to queue
[2024-01-09T20:56:54.134-0300] {logging_mixin.py:154} INFO - [2024-01-09T20:56:54.133-0300] {dagbag.py:536} INFO - Filling up the DagBag from /home/felipe/.local/lib/python3.11/site-packages/airflow/example_dags/plugins/event_listener.py
[2024-01-09T20:56:54.135-0300] {processor.py:841} WARNING - No viable dags retrieved from /home/felipe/.local/lib/python3.11/site-packages/airflow/example_dags/plugins/event_listener.py
[2024-01-09T20:56:54.141-0300] {processor.py:179} INFO - Processing /home/felipe/.local/lib/python3.11/site-packages/airflow/example_dags/plugins/event_listener.py took 0.010 seconds
[2024-01-09T20:57:43.120-0300] {processor.py:157} INFO - Started process (PID=37126) to work on /home/felipe/.local/lib/python3.11/site-packages/airflow/example_dags/plugins/event_listener.py
[2024-01-09T20:57:43.152-0300] {processor.py:829} INFO - Processing file /home/felipe/.local/lib/python3.11/site-packages/airflow/example_dags/plugins/event_listener.py for tasks to queue
[2024-01-09T20:57:43.152-0300] {logging_mixin.py:154} INFO - [2024-01-09T20:57:43.152-0300] {dagbag.py:536} INFO - Filling up the DagBag from /home/felipe/.local/lib/python3.11/site-packages/airflow/example_dags/plugins/event_listener.py
[2024-01-09T20:57:43.153-0300] {processor.py:841} WARNING - No viable dags retrieved from /home/felipe/.local/lib/python3.11/site-packages/airflow/example_dags/plugins/event_listener.py
[2024-01-09T20:57:43.159-0300] {processor.py:179} INFO - Processing /home/felipe/.local/lib/python3.11/site-packages/airflow/example_dags/plugins/event_listener.py took 0.042 seconds
[2024-01-09T20:58:37.288-0300] {processor.py:157} INFO - Started process (PID=37240) to work on /home/felipe/.local/lib/python3.11/site-packages/airflow/example_dags/plugins/event_listener.py
[2024-01-09T20:58:37.320-0300] {processor.py:829} INFO - Processing file /home/felipe/.local/lib/python3.11/site-packages/airflow/example_dags/plugins/event_listener.py for tasks to queue
[2024-01-09T20:58:37.321-0300] {logging_mixin.py:154} INFO - [2024-01-09T20:58:37.320-0300] {dagbag.py:536} INFO - Filling up the DagBag from /home/felipe/.local/lib/python3.11/site-packages/airflow/example_dags/plugins/event_listener.py
[2024-01-09T20:58:37.322-0300] {processor.py:841} WARNING - No viable dags retrieved from /home/felipe/.local/lib/python3.11/site-packages/airflow/example_dags/plugins/event_listener.py
[2024-01-09T20:58:37.328-0300] {processor.py:179} INFO - Processing /home/felipe/.local/lib/python3.11/site-packages/airflow/example_dags/plugins/event_listener.py took 0.042 seconds
[2024-01-09T20:59:28.070-0300] {processor.py:157} INFO - Started process (PID=37384) to work on /home/felipe/.local/lib/python3.11/site-packages/airflow/example_dags/plugins/event_listener.py
[2024-01-09T20:59:28.102-0300] {processor.py:829} INFO - Processing file /home/felipe/.local/lib/python3.11/site-packages/airflow/example_dags/plugins/event_listener.py for tasks to queue
[2024-01-09T20:59:28.103-0300] {logging_mixin.py:154} INFO - [2024-01-09T20:59:28.102-0300] {dagbag.py:536} INFO - Filling up the DagBag from /home/felipe/.local/lib/python3.11/site-packages/airflow/example_dags/plugins/event_listener.py
[2024-01-09T20:59:28.104-0300] {processor.py:841} WARNING - No viable dags retrieved from /home/felipe/.local/lib/python3.11/site-packages/airflow/example_dags/plugins/event_listener.py
[2024-01-09T20:59:28.111-0300] {processor.py:179} INFO - Processing /home/felipe/.local/lib/python3.11/site-packages/airflow/example_dags/plugins/event_listener.py took 0.043 seconds
