[2024-01-09T10:10:44.183-0300] {processor.py:157} INFO - Started process (PID=8587) to work on /home/felipe/.local/lib/python3.11/site-packages/airflow/example_dags/plugins/listener_plugin.py
[2024-01-09T10:10:44.184-0300] {processor.py:829} INFO - Processing file /home/felipe/.local/lib/python3.11/site-packages/airflow/example_dags/plugins/listener_plugin.py for tasks to queue
[2024-01-09T10:10:44.184-0300] {logging_mixin.py:154} INFO - [2024-01-09T10:10:44.184-0300] {dagbag.py:536} INFO - Filling up the DagBag from /home/felipe/.local/lib/python3.11/site-packages/airflow/example_dags/plugins/listener_plugin.py
[2024-01-09T10:10:44.186-0300] {processor.py:841} WARNING - No viable dags retrieved from /home/felipe/.local/lib/python3.11/site-packages/airflow/example_dags/plugins/listener_plugin.py
[2024-01-09T10:10:44.192-0300] {processor.py:179} INFO - Processing /home/felipe/.local/lib/python3.11/site-packages/airflow/example_dags/plugins/listener_plugin.py took 0.011 seconds
[2024-01-09T10:11:37.714-0300] {processor.py:157} INFO - Started process (PID=8692) to work on /home/felipe/.local/lib/python3.11/site-packages/airflow/example_dags/plugins/listener_plugin.py
[2024-01-09T10:11:37.746-0300] {processor.py:829} INFO - Processing file /home/felipe/.local/lib/python3.11/site-packages/airflow/example_dags/plugins/listener_plugin.py for tasks to queue
[2024-01-09T10:11:37.747-0300] {logging_mixin.py:154} INFO - [2024-01-09T10:11:37.746-0300] {dagbag.py:536} INFO - Filling up the DagBag from /home/felipe/.local/lib/python3.11/site-packages/airflow/example_dags/plugins/listener_plugin.py
[2024-01-09T10:11:37.748-0300] {processor.py:841} WARNING - No viable dags retrieved from /home/felipe/.local/lib/python3.11/site-packages/airflow/example_dags/plugins/listener_plugin.py
[2024-01-09T10:11:37.754-0300] {processor.py:179} INFO - Processing /home/felipe/.local/lib/python3.11/site-packages/airflow/example_dags/plugins/listener_plugin.py took 0.042 seconds
[2024-01-09T10:12:47.445-0300] {processor.py:157} INFO - Started process (PID=8854) to work on /home/felipe/.local/lib/python3.11/site-packages/airflow/example_dags/plugins/listener_plugin.py
[2024-01-09T10:12:47.477-0300] {processor.py:829} INFO - Processing file /home/felipe/.local/lib/python3.11/site-packages/airflow/example_dags/plugins/listener_plugin.py for tasks to queue
[2024-01-09T10:12:47.478-0300] {logging_mixin.py:154} INFO - [2024-01-09T10:12:47.478-0300] {dagbag.py:536} INFO - Filling up the DagBag from /home/felipe/.local/lib/python3.11/site-packages/airflow/example_dags/plugins/listener_plugin.py
[2024-01-09T10:12:47.479-0300] {processor.py:841} WARNING - No viable dags retrieved from /home/felipe/.local/lib/python3.11/site-packages/airflow/example_dags/plugins/listener_plugin.py
[2024-01-09T10:12:47.485-0300] {processor.py:179} INFO - Processing /home/felipe/.local/lib/python3.11/site-packages/airflow/example_dags/plugins/listener_plugin.py took 0.042 seconds
[2024-01-09T10:13:58.719-0300] {processor.py:157} INFO - Started process (PID=8957) to work on /home/felipe/.local/lib/python3.11/site-packages/airflow/example_dags/plugins/listener_plugin.py
[2024-01-09T10:13:58.751-0300] {processor.py:829} INFO - Processing file /home/felipe/.local/lib/python3.11/site-packages/airflow/example_dags/plugins/listener_plugin.py for tasks to queue
[2024-01-09T10:13:58.752-0300] {logging_mixin.py:154} INFO - [2024-01-09T10:13:58.751-0300] {dagbag.py:536} INFO - Filling up the DagBag from /home/felipe/.local/lib/python3.11/site-packages/airflow/example_dags/plugins/listener_plugin.py
[2024-01-09T10:13:58.753-0300] {processor.py:841} WARNING - No viable dags retrieved from /home/felipe/.local/lib/python3.11/site-packages/airflow/example_dags/plugins/listener_plugin.py
[2024-01-09T10:13:58.759-0300] {processor.py:179} INFO - Processing /home/felipe/.local/lib/python3.11/site-packages/airflow/example_dags/plugins/listener_plugin.py took 0.042 seconds
[2024-01-09T10:14:56.676-0300] {processor.py:157} INFO - Started process (PID=9049) to work on /home/felipe/.local/lib/python3.11/site-packages/airflow/example_dags/plugins/listener_plugin.py
[2024-01-09T10:14:56.708-0300] {processor.py:829} INFO - Processing file /home/felipe/.local/lib/python3.11/site-packages/airflow/example_dags/plugins/listener_plugin.py for tasks to queue
[2024-01-09T10:14:56.709-0300] {logging_mixin.py:154} INFO - [2024-01-09T10:14:56.708-0300] {dagbag.py:536} INFO - Filling up the DagBag from /home/felipe/.local/lib/python3.11/site-packages/airflow/example_dags/plugins/listener_plugin.py
[2024-01-09T10:14:56.710-0300] {processor.py:841} WARNING - No viable dags retrieved from /home/felipe/.local/lib/python3.11/site-packages/airflow/example_dags/plugins/listener_plugin.py
[2024-01-09T10:14:56.716-0300] {processor.py:179} INFO - Processing /home/felipe/.local/lib/python3.11/site-packages/airflow/example_dags/plugins/listener_plugin.py took 0.043 seconds
[2024-01-09T10:37:58.112-0300] {processor.py:157} INFO - Started process (PID=11733) to work on /home/felipe/.local/lib/python3.11/site-packages/airflow/example_dags/plugins/listener_plugin.py
[2024-01-09T10:37:58.144-0300] {processor.py:829} INFO - Processing file /home/felipe/.local/lib/python3.11/site-packages/airflow/example_dags/plugins/listener_plugin.py for tasks to queue
[2024-01-09T10:37:58.145-0300] {logging_mixin.py:154} INFO - [2024-01-09T10:37:58.144-0300] {dagbag.py:536} INFO - Filling up the DagBag from /home/felipe/.local/lib/python3.11/site-packages/airflow/example_dags/plugins/listener_plugin.py
[2024-01-09T10:37:58.146-0300] {processor.py:841} WARNING - No viable dags retrieved from /home/felipe/.local/lib/python3.11/site-packages/airflow/example_dags/plugins/listener_plugin.py
[2024-01-09T10:37:58.152-0300] {processor.py:179} INFO - Processing /home/felipe/.local/lib/python3.11/site-packages/airflow/example_dags/plugins/listener_plugin.py took 0.042 seconds
[2024-01-09T10:38:48.540-0300] {processor.py:157} INFO - Started process (PID=11828) to work on /home/felipe/.local/lib/python3.11/site-packages/airflow/example_dags/plugins/listener_plugin.py
[2024-01-09T10:38:48.572-0300] {processor.py:829} INFO - Processing file /home/felipe/.local/lib/python3.11/site-packages/airflow/example_dags/plugins/listener_plugin.py for tasks to queue
[2024-01-09T10:38:48.573-0300] {logging_mixin.py:154} INFO - [2024-01-09T10:38:48.573-0300] {dagbag.py:536} INFO - Filling up the DagBag from /home/felipe/.local/lib/python3.11/site-packages/airflow/example_dags/plugins/listener_plugin.py
[2024-01-09T10:38:48.575-0300] {processor.py:841} WARNING - No viable dags retrieved from /home/felipe/.local/lib/python3.11/site-packages/airflow/example_dags/plugins/listener_plugin.py
[2024-01-09T10:38:48.580-0300] {processor.py:179} INFO - Processing /home/felipe/.local/lib/python3.11/site-packages/airflow/example_dags/plugins/listener_plugin.py took 0.042 seconds
[2024-01-09T10:39:47.515-0300] {processor.py:157} INFO - Started process (PID=11944) to work on /home/felipe/.local/lib/python3.11/site-packages/airflow/example_dags/plugins/listener_plugin.py
[2024-01-09T10:39:47.547-0300] {processor.py:829} INFO - Processing file /home/felipe/.local/lib/python3.11/site-packages/airflow/example_dags/plugins/listener_plugin.py for tasks to queue
[2024-01-09T10:39:47.548-0300] {logging_mixin.py:154} INFO - [2024-01-09T10:39:47.547-0300] {dagbag.py:536} INFO - Filling up the DagBag from /home/felipe/.local/lib/python3.11/site-packages/airflow/example_dags/plugins/listener_plugin.py
[2024-01-09T10:39:47.549-0300] {processor.py:841} WARNING - No viable dags retrieved from /home/felipe/.local/lib/python3.11/site-packages/airflow/example_dags/plugins/listener_plugin.py
[2024-01-09T10:39:47.555-0300] {processor.py:179} INFO - Processing /home/felipe/.local/lib/python3.11/site-packages/airflow/example_dags/plugins/listener_plugin.py took 0.042 seconds
[2024-01-09T10:40:41.995-0300] {processor.py:157} INFO - Started process (PID=12102) to work on /home/felipe/.local/lib/python3.11/site-packages/airflow/example_dags/plugins/listener_plugin.py
[2024-01-09T10:40:42.027-0300] {processor.py:829} INFO - Processing file /home/felipe/.local/lib/python3.11/site-packages/airflow/example_dags/plugins/listener_plugin.py for tasks to queue
[2024-01-09T10:40:42.027-0300] {logging_mixin.py:154} INFO - [2024-01-09T10:40:42.027-0300] {dagbag.py:536} INFO - Filling up the DagBag from /home/felipe/.local/lib/python3.11/site-packages/airflow/example_dags/plugins/listener_plugin.py
[2024-01-09T10:40:42.029-0300] {processor.py:841} WARNING - No viable dags retrieved from /home/felipe/.local/lib/python3.11/site-packages/airflow/example_dags/plugins/listener_plugin.py
[2024-01-09T10:40:42.034-0300] {processor.py:179} INFO - Processing /home/felipe/.local/lib/python3.11/site-packages/airflow/example_dags/plugins/listener_plugin.py took 0.042 seconds
[2024-01-09T10:45:04.082-0300] {processor.py:157} INFO - Started process (PID=12690) to work on /home/felipe/.local/lib/python3.11/site-packages/airflow/example_dags/plugins/listener_plugin.py
[2024-01-09T10:45:04.114-0300] {processor.py:829} INFO - Processing file /home/felipe/.local/lib/python3.11/site-packages/airflow/example_dags/plugins/listener_plugin.py for tasks to queue
[2024-01-09T10:45:04.114-0300] {logging_mixin.py:154} INFO - [2024-01-09T10:45:04.114-0300] {dagbag.py:536} INFO - Filling up the DagBag from /home/felipe/.local/lib/python3.11/site-packages/airflow/example_dags/plugins/listener_plugin.py
[2024-01-09T10:45:04.116-0300] {processor.py:841} WARNING - No viable dags retrieved from /home/felipe/.local/lib/python3.11/site-packages/airflow/example_dags/plugins/listener_plugin.py
[2024-01-09T10:45:04.122-0300] {processor.py:179} INFO - Processing /home/felipe/.local/lib/python3.11/site-packages/airflow/example_dags/plugins/listener_plugin.py took 0.042 seconds
[2024-01-09T10:50:19.975-0300] {processor.py:157} INFO - Started process (PID=13844) to work on /home/felipe/.local/lib/python3.11/site-packages/airflow/example_dags/plugins/listener_plugin.py
[2024-01-09T10:50:20.008-0300] {processor.py:829} INFO - Processing file /home/felipe/.local/lib/python3.11/site-packages/airflow/example_dags/plugins/listener_plugin.py for tasks to queue
[2024-01-09T10:50:20.008-0300] {logging_mixin.py:154} INFO - [2024-01-09T10:50:20.008-0300] {dagbag.py:536} INFO - Filling up the DagBag from /home/felipe/.local/lib/python3.11/site-packages/airflow/example_dags/plugins/listener_plugin.py
[2024-01-09T10:50:20.010-0300] {processor.py:841} WARNING - No viable dags retrieved from /home/felipe/.local/lib/python3.11/site-packages/airflow/example_dags/plugins/listener_plugin.py
[2024-01-09T10:50:20.016-0300] {processor.py:179} INFO - Processing /home/felipe/.local/lib/python3.11/site-packages/airflow/example_dags/plugins/listener_plugin.py took 0.043 seconds
[2024-01-09T10:53:11.572-0300] {processor.py:157} INFO - Started process (PID=14163) to work on /home/felipe/.local/lib/python3.11/site-packages/airflow/example_dags/plugins/listener_plugin.py
[2024-01-09T10:53:11.604-0300] {processor.py:829} INFO - Processing file /home/felipe/.local/lib/python3.11/site-packages/airflow/example_dags/plugins/listener_plugin.py for tasks to queue
[2024-01-09T10:53:11.605-0300] {logging_mixin.py:154} INFO - [2024-01-09T10:53:11.605-0300] {dagbag.py:536} INFO - Filling up the DagBag from /home/felipe/.local/lib/python3.11/site-packages/airflow/example_dags/plugins/listener_plugin.py
[2024-01-09T10:53:11.606-0300] {processor.py:841} WARNING - No viable dags retrieved from /home/felipe/.local/lib/python3.11/site-packages/airflow/example_dags/plugins/listener_plugin.py
[2024-01-09T10:53:11.612-0300] {processor.py:179} INFO - Processing /home/felipe/.local/lib/python3.11/site-packages/airflow/example_dags/plugins/listener_plugin.py took 0.042 seconds
[2024-01-09T10:55:08.683-0300] {processor.py:157} INFO - Started process (PID=14696) to work on /home/felipe/.local/lib/python3.11/site-packages/airflow/example_dags/plugins/listener_plugin.py
[2024-01-09T10:55:08.685-0300] {processor.py:829} INFO - Processing file /home/felipe/.local/lib/python3.11/site-packages/airflow/example_dags/plugins/listener_plugin.py for tasks to queue
[2024-01-09T10:55:08.685-0300] {logging_mixin.py:154} INFO - [2024-01-09T10:55:08.685-0300] {dagbag.py:536} INFO - Filling up the DagBag from /home/felipe/.local/lib/python3.11/site-packages/airflow/example_dags/plugins/listener_plugin.py
[2024-01-09T10:55:08.687-0300] {processor.py:841} WARNING - No viable dags retrieved from /home/felipe/.local/lib/python3.11/site-packages/airflow/example_dags/plugins/listener_plugin.py
[2024-01-09T10:55:08.695-0300] {processor.py:179} INFO - Processing /home/felipe/.local/lib/python3.11/site-packages/airflow/example_dags/plugins/listener_plugin.py took 0.015 seconds
[2024-01-09T10:59:12.473-0300] {processor.py:157} INFO - Started process (PID=15341) to work on /home/felipe/.local/lib/python3.11/site-packages/airflow/example_dags/plugins/listener_plugin.py
[2024-01-09T10:59:12.505-0300] {processor.py:829} INFO - Processing file /home/felipe/.local/lib/python3.11/site-packages/airflow/example_dags/plugins/listener_plugin.py for tasks to queue
[2024-01-09T10:59:12.506-0300] {logging_mixin.py:154} INFO - [2024-01-09T10:59:12.506-0300] {dagbag.py:536} INFO - Filling up the DagBag from /home/felipe/.local/lib/python3.11/site-packages/airflow/example_dags/plugins/listener_plugin.py
[2024-01-09T10:59:12.508-0300] {processor.py:841} WARNING - No viable dags retrieved from /home/felipe/.local/lib/python3.11/site-packages/airflow/example_dags/plugins/listener_plugin.py
[2024-01-09T10:59:12.514-0300] {processor.py:179} INFO - Processing /home/felipe/.local/lib/python3.11/site-packages/airflow/example_dags/plugins/listener_plugin.py took 0.042 seconds
[2024-01-09T20:53:19.536-0300] {processor.py:157} INFO - Started process (PID=36400) to work on /home/felipe/.local/lib/python3.11/site-packages/airflow/example_dags/plugins/listener_plugin.py
[2024-01-09T20:53:19.536-0300] {processor.py:829} INFO - Processing file /home/felipe/.local/lib/python3.11/site-packages/airflow/example_dags/plugins/listener_plugin.py for tasks to queue
[2024-01-09T20:53:19.537-0300] {logging_mixin.py:154} INFO - [2024-01-09T20:53:19.537-0300] {dagbag.py:536} INFO - Filling up the DagBag from /home/felipe/.local/lib/python3.11/site-packages/airflow/example_dags/plugins/listener_plugin.py
[2024-01-09T20:53:19.539-0300] {processor.py:841} WARNING - No viable dags retrieved from /home/felipe/.local/lib/python3.11/site-packages/airflow/example_dags/plugins/listener_plugin.py
[2024-01-09T20:53:19.546-0300] {processor.py:179} INFO - Processing /home/felipe/.local/lib/python3.11/site-packages/airflow/example_dags/plugins/listener_plugin.py took 0.012 seconds
[2024-01-09T20:54:15.060-0300] {processor.py:157} INFO - Started process (PID=36636) to work on /home/felipe/.local/lib/python3.11/site-packages/airflow/example_dags/plugins/listener_plugin.py
[2024-01-09T20:54:15.092-0300] {processor.py:829} INFO - Processing file /home/felipe/.local/lib/python3.11/site-packages/airflow/example_dags/plugins/listener_plugin.py for tasks to queue
[2024-01-09T20:54:15.093-0300] {logging_mixin.py:154} INFO - [2024-01-09T20:54:15.092-0300] {dagbag.py:536} INFO - Filling up the DagBag from /home/felipe/.local/lib/python3.11/site-packages/airflow/example_dags/plugins/listener_plugin.py
[2024-01-09T20:54:15.094-0300] {processor.py:841} WARNING - No viable dags retrieved from /home/felipe/.local/lib/python3.11/site-packages/airflow/example_dags/plugins/listener_plugin.py
[2024-01-09T20:54:15.100-0300] {processor.py:179} INFO - Processing /home/felipe/.local/lib/python3.11/site-packages/airflow/example_dags/plugins/listener_plugin.py took 0.042 seconds
[2024-01-09T20:55:07.570-0300] {processor.py:157} INFO - Started process (PID=36750) to work on /home/felipe/.local/lib/python3.11/site-packages/airflow/example_dags/plugins/listener_plugin.py
[2024-01-09T20:55:07.571-0300] {processor.py:829} INFO - Processing file /home/felipe/.local/lib/python3.11/site-packages/airflow/example_dags/plugins/listener_plugin.py for tasks to queue
[2024-01-09T20:55:07.572-0300] {logging_mixin.py:154} INFO - [2024-01-09T20:55:07.571-0300] {dagbag.py:536} INFO - Filling up the DagBag from /home/felipe/.local/lib/python3.11/site-packages/airflow/example_dags/plugins/listener_plugin.py
[2024-01-09T20:55:07.573-0300] {processor.py:841} WARNING - No viable dags retrieved from /home/felipe/.local/lib/python3.11/site-packages/airflow/example_dags/plugins/listener_plugin.py
[2024-01-09T20:55:07.579-0300] {processor.py:179} INFO - Processing /home/felipe/.local/lib/python3.11/site-packages/airflow/example_dags/plugins/listener_plugin.py took 0.011 seconds
[2024-01-09T20:56:01.221-0300] {processor.py:157} INFO - Started process (PID=36887) to work on /home/felipe/.local/lib/python3.11/site-packages/airflow/example_dags/plugins/listener_plugin.py
[2024-01-09T20:56:01.253-0300] {processor.py:829} INFO - Processing file /home/felipe/.local/lib/python3.11/site-packages/airflow/example_dags/plugins/listener_plugin.py for tasks to queue
[2024-01-09T20:56:01.254-0300] {logging_mixin.py:154} INFO - [2024-01-09T20:56:01.254-0300] {dagbag.py:536} INFO - Filling up the DagBag from /home/felipe/.local/lib/python3.11/site-packages/airflow/example_dags/plugins/listener_plugin.py
[2024-01-09T20:56:01.257-0300] {processor.py:841} WARNING - No viable dags retrieved from /home/felipe/.local/lib/python3.11/site-packages/airflow/example_dags/plugins/listener_plugin.py
[2024-01-09T20:56:01.266-0300] {processor.py:179} INFO - Processing /home/felipe/.local/lib/python3.11/site-packages/airflow/example_dags/plugins/listener_plugin.py took 0.047 seconds
[2024-01-09T20:56:54.503-0300] {processor.py:157} INFO - Started process (PID=36994) to work on /home/felipe/.local/lib/python3.11/site-packages/airflow/example_dags/plugins/listener_plugin.py
[2024-01-09T20:56:54.535-0300] {processor.py:829} INFO - Processing file /home/felipe/.local/lib/python3.11/site-packages/airflow/example_dags/plugins/listener_plugin.py for tasks to queue
[2024-01-09T20:56:54.535-0300] {logging_mixin.py:154} INFO - [2024-01-09T20:56:54.535-0300] {dagbag.py:536} INFO - Filling up the DagBag from /home/felipe/.local/lib/python3.11/site-packages/airflow/example_dags/plugins/listener_plugin.py
[2024-01-09T20:56:54.537-0300] {processor.py:841} WARNING - No viable dags retrieved from /home/felipe/.local/lib/python3.11/site-packages/airflow/example_dags/plugins/listener_plugin.py
[2024-01-09T20:56:54.544-0300] {processor.py:179} INFO - Processing /home/felipe/.local/lib/python3.11/site-packages/airflow/example_dags/plugins/listener_plugin.py took 0.043 seconds
[2024-01-09T20:57:44.254-0300] {processor.py:157} INFO - Started process (PID=37127) to work on /home/felipe/.local/lib/python3.11/site-packages/airflow/example_dags/plugins/listener_plugin.py
[2024-01-09T20:57:44.286-0300] {processor.py:829} INFO - Processing file /home/felipe/.local/lib/python3.11/site-packages/airflow/example_dags/plugins/listener_plugin.py for tasks to queue
[2024-01-09T20:57:44.286-0300] {logging_mixin.py:154} INFO - [2024-01-09T20:57:44.286-0300] {dagbag.py:536} INFO - Filling up the DagBag from /home/felipe/.local/lib/python3.11/site-packages/airflow/example_dags/plugins/listener_plugin.py
[2024-01-09T20:57:44.288-0300] {processor.py:841} WARNING - No viable dags retrieved from /home/felipe/.local/lib/python3.11/site-packages/airflow/example_dags/plugins/listener_plugin.py
[2024-01-09T20:57:44.294-0300] {processor.py:179} INFO - Processing /home/felipe/.local/lib/python3.11/site-packages/airflow/example_dags/plugins/listener_plugin.py took 0.042 seconds
[2024-01-09T20:58:37.473-0300] {processor.py:157} INFO - Started process (PID=37241) to work on /home/felipe/.local/lib/python3.11/site-packages/airflow/example_dags/plugins/listener_plugin.py
[2024-01-09T20:58:37.505-0300] {processor.py:829} INFO - Processing file /home/felipe/.local/lib/python3.11/site-packages/airflow/example_dags/plugins/listener_plugin.py for tasks to queue
[2024-01-09T20:58:37.505-0300] {logging_mixin.py:154} INFO - [2024-01-09T20:58:37.505-0300] {dagbag.py:536} INFO - Filling up the DagBag from /home/felipe/.local/lib/python3.11/site-packages/airflow/example_dags/plugins/listener_plugin.py
[2024-01-09T20:58:37.507-0300] {processor.py:841} WARNING - No viable dags retrieved from /home/felipe/.local/lib/python3.11/site-packages/airflow/example_dags/plugins/listener_plugin.py
[2024-01-09T20:58:37.513-0300] {processor.py:179} INFO - Processing /home/felipe/.local/lib/python3.11/site-packages/airflow/example_dags/plugins/listener_plugin.py took 0.042 seconds
[2024-01-09T20:59:29.203-0300] {processor.py:157} INFO - Started process (PID=37385) to work on /home/felipe/.local/lib/python3.11/site-packages/airflow/example_dags/plugins/listener_plugin.py
[2024-01-09T20:59:29.235-0300] {processor.py:829} INFO - Processing file /home/felipe/.local/lib/python3.11/site-packages/airflow/example_dags/plugins/listener_plugin.py for tasks to queue
[2024-01-09T20:59:29.235-0300] {logging_mixin.py:154} INFO - [2024-01-09T20:59:29.235-0300] {dagbag.py:536} INFO - Filling up the DagBag from /home/felipe/.local/lib/python3.11/site-packages/airflow/example_dags/plugins/listener_plugin.py
[2024-01-09T20:59:29.237-0300] {processor.py:841} WARNING - No viable dags retrieved from /home/felipe/.local/lib/python3.11/site-packages/airflow/example_dags/plugins/listener_plugin.py
[2024-01-09T20:59:29.244-0300] {processor.py:179} INFO - Processing /home/felipe/.local/lib/python3.11/site-packages/airflow/example_dags/plugins/listener_plugin.py took 0.043 seconds
