[2024-01-09T10:10:07.832-0300] {processor.py:157} INFO - Started process (PID=8512) to work on /home/felipe/.local/lib/python3.11/site-packages/airflow/example_dags/plugins/workday.py
[2024-01-09T10:10:07.832-0300] {processor.py:829} INFO - Processing file /home/felipe/.local/lib/python3.11/site-packages/airflow/example_dags/plugins/workday.py for tasks to queue
[2024-01-09T10:10:07.833-0300] {logging_mixin.py:154} INFO - [2024-01-09T10:10:07.832-0300] {dagbag.py:536} INFO - Filling up the DagBag from /home/felipe/.local/lib/python3.11/site-packages/airflow/example_dags/plugins/workday.py
[2024-01-09T10:10:08.002-0300] {processor.py:841} WARNING - No viable dags retrieved from /home/felipe/.local/lib/python3.11/site-packages/airflow/example_dags/plugins/workday.py
[2024-01-09T10:10:08.007-0300] {processor.py:179} INFO - Processing /home/felipe/.local/lib/python3.11/site-packages/airflow/example_dags/plugins/workday.py took 0.177 seconds
[2024-01-09T10:11:03.057-0300] {processor.py:157} INFO - Started process (PID=8633) to work on /home/felipe/.local/lib/python3.11/site-packages/airflow/example_dags/plugins/workday.py
[2024-01-09T10:11:03.089-0300] {processor.py:829} INFO - Processing file /home/felipe/.local/lib/python3.11/site-packages/airflow/example_dags/plugins/workday.py for tasks to queue
[2024-01-09T10:11:03.090-0300] {logging_mixin.py:154} INFO - [2024-01-09T10:11:03.089-0300] {dagbag.py:536} INFO - Filling up the DagBag from /home/felipe/.local/lib/python3.11/site-packages/airflow/example_dags/plugins/workday.py
[2024-01-09T10:11:03.286-0300] {processor.py:841} WARNING - No viable dags retrieved from /home/felipe/.local/lib/python3.11/site-packages/airflow/example_dags/plugins/workday.py
[2024-01-09T10:11:03.291-0300] {processor.py:179} INFO - Processing /home/felipe/.local/lib/python3.11/site-packages/airflow/example_dags/plugins/workday.py took 0.236 seconds
[2024-01-09T10:11:50.305-0300] {processor.py:157} INFO - Started process (PID=8729) to work on /home/felipe/.local/lib/python3.11/site-packages/airflow/example_dags/plugins/workday.py
[2024-01-09T10:11:50.337-0300] {processor.py:829} INFO - Processing file /home/felipe/.local/lib/python3.11/site-packages/airflow/example_dags/plugins/workday.py for tasks to queue
[2024-01-09T10:11:50.337-0300] {logging_mixin.py:154} INFO - [2024-01-09T10:11:50.337-0300] {dagbag.py:536} INFO - Filling up the DagBag from /home/felipe/.local/lib/python3.11/site-packages/airflow/example_dags/plugins/workday.py
[2024-01-09T10:11:50.500-0300] {processor.py:841} WARNING - No viable dags retrieved from /home/felipe/.local/lib/python3.11/site-packages/airflow/example_dags/plugins/workday.py
[2024-01-09T10:11:50.506-0300] {processor.py:179} INFO - Processing /home/felipe/.local/lib/python3.11/site-packages/airflow/example_dags/plugins/workday.py took 0.203 seconds
[2024-01-09T10:12:36.743-0300] {processor.py:157} INFO - Started process (PID=8824) to work on /home/felipe/.local/lib/python3.11/site-packages/airflow/example_dags/plugins/workday.py
[2024-01-09T10:12:36.775-0300] {processor.py:829} INFO - Processing file /home/felipe/.local/lib/python3.11/site-packages/airflow/example_dags/plugins/workday.py for tasks to queue
[2024-01-09T10:12:36.775-0300] {logging_mixin.py:154} INFO - [2024-01-09T10:12:36.775-0300] {dagbag.py:536} INFO - Filling up the DagBag from /home/felipe/.local/lib/python3.11/site-packages/airflow/example_dags/plugins/workday.py
[2024-01-09T10:12:36.939-0300] {processor.py:841} WARNING - No viable dags retrieved from /home/felipe/.local/lib/python3.11/site-packages/airflow/example_dags/plugins/workday.py
[2024-01-09T10:12:36.944-0300] {processor.py:179} INFO - Processing /home/felipe/.local/lib/python3.11/site-packages/airflow/example_dags/plugins/workday.py took 0.204 seconds
[2024-01-09T10:13:26.051-0300] {processor.py:157} INFO - Started process (PID=8908) to work on /home/felipe/.local/lib/python3.11/site-packages/airflow/example_dags/plugins/workday.py
[2024-01-09T10:13:26.084-0300] {processor.py:829} INFO - Processing file /home/felipe/.local/lib/python3.11/site-packages/airflow/example_dags/plugins/workday.py for tasks to queue
[2024-01-09T10:13:26.084-0300] {logging_mixin.py:154} INFO - [2024-01-09T10:13:26.084-0300] {dagbag.py:536} INFO - Filling up the DagBag from /home/felipe/.local/lib/python3.11/site-packages/airflow/example_dags/plugins/workday.py
[2024-01-09T10:13:26.256-0300] {processor.py:841} WARNING - No viable dags retrieved from /home/felipe/.local/lib/python3.11/site-packages/airflow/example_dags/plugins/workday.py
[2024-01-09T10:13:26.262-0300] {processor.py:179} INFO - Processing /home/felipe/.local/lib/python3.11/site-packages/airflow/example_dags/plugins/workday.py took 0.213 seconds
[2024-01-09T10:14:18.028-0300] {processor.py:157} INFO - Started process (PID=8986) to work on /home/felipe/.local/lib/python3.11/site-packages/airflow/example_dags/plugins/workday.py
[2024-01-09T10:14:18.060-0300] {processor.py:829} INFO - Processing file /home/felipe/.local/lib/python3.11/site-packages/airflow/example_dags/plugins/workday.py for tasks to queue
[2024-01-09T10:14:18.061-0300] {logging_mixin.py:154} INFO - [2024-01-09T10:14:18.060-0300] {dagbag.py:536} INFO - Filling up the DagBag from /home/felipe/.local/lib/python3.11/site-packages/airflow/example_dags/plugins/workday.py
[2024-01-09T10:14:18.223-0300] {processor.py:841} WARNING - No viable dags retrieved from /home/felipe/.local/lib/python3.11/site-packages/airflow/example_dags/plugins/workday.py
[2024-01-09T10:14:18.228-0300] {processor.py:179} INFO - Processing /home/felipe/.local/lib/python3.11/site-packages/airflow/example_dags/plugins/workday.py took 0.202 seconds
[2024-01-09T10:15:13.380-0300] {processor.py:157} INFO - Started process (PID=9115) to work on /home/felipe/.local/lib/python3.11/site-packages/airflow/example_dags/plugins/workday.py
[2024-01-09T10:15:13.412-0300] {processor.py:829} INFO - Processing file /home/felipe/.local/lib/python3.11/site-packages/airflow/example_dags/plugins/workday.py for tasks to queue
[2024-01-09T10:15:13.413-0300] {logging_mixin.py:154} INFO - [2024-01-09T10:15:13.412-0300] {dagbag.py:536} INFO - Filling up the DagBag from /home/felipe/.local/lib/python3.11/site-packages/airflow/example_dags/plugins/workday.py
[2024-01-09T10:15:13.661-0300] {processor.py:841} WARNING - No viable dags retrieved from /home/felipe/.local/lib/python3.11/site-packages/airflow/example_dags/plugins/workday.py
[2024-01-09T10:15:13.665-0300] {processor.py:179} INFO - Processing /home/felipe/.local/lib/python3.11/site-packages/airflow/example_dags/plugins/workday.py took 0.287 seconds
[2024-01-09T10:19:55.065-0300] {processor.py:157} INFO - Started process (PID=9627) to work on /home/felipe/.local/lib/python3.11/site-packages/airflow/example_dags/plugins/workday.py
[2024-01-09T10:19:55.066-0300] {processor.py:829} INFO - Processing file /home/felipe/.local/lib/python3.11/site-packages/airflow/example_dags/plugins/workday.py for tasks to queue
[2024-01-09T10:19:55.066-0300] {logging_mixin.py:154} INFO - [2024-01-09T10:19:55.066-0300] {dagbag.py:536} INFO - Filling up the DagBag from /home/felipe/.local/lib/python3.11/site-packages/airflow/example_dags/plugins/workday.py
[2024-01-09T10:19:55.337-0300] {processor.py:841} WARNING - No viable dags retrieved from /home/felipe/.local/lib/python3.11/site-packages/airflow/example_dags/plugins/workday.py
[2024-01-09T10:19:55.341-0300] {processor.py:179} INFO - Processing /home/felipe/.local/lib/python3.11/site-packages/airflow/example_dags/plugins/workday.py took 0.278 seconds
[2024-01-09T10:38:09.608-0300] {processor.py:157} INFO - Started process (PID=11767) to work on /home/felipe/.local/lib/python3.11/site-packages/airflow/example_dags/plugins/workday.py
[2024-01-09T10:38:09.640-0300] {processor.py:829} INFO - Processing file /home/felipe/.local/lib/python3.11/site-packages/airflow/example_dags/plugins/workday.py for tasks to queue
[2024-01-09T10:38:09.641-0300] {logging_mixin.py:154} INFO - [2024-01-09T10:38:09.640-0300] {dagbag.py:536} INFO - Filling up the DagBag from /home/felipe/.local/lib/python3.11/site-packages/airflow/example_dags/plugins/workday.py
[2024-01-09T10:38:09.890-0300] {processor.py:841} WARNING - No viable dags retrieved from /home/felipe/.local/lib/python3.11/site-packages/airflow/example_dags/plugins/workday.py
[2024-01-09T10:38:09.894-0300] {processor.py:179} INFO - Processing /home/felipe/.local/lib/python3.11/site-packages/airflow/example_dags/plugins/workday.py took 0.287 seconds
[2024-01-09T10:38:59.713-0300] {processor.py:157} INFO - Started process (PID=11850) to work on /home/felipe/.local/lib/python3.11/site-packages/airflow/example_dags/plugins/workday.py
[2024-01-09T10:38:59.745-0300] {processor.py:829} INFO - Processing file /home/felipe/.local/lib/python3.11/site-packages/airflow/example_dags/plugins/workday.py for tasks to queue
[2024-01-09T10:38:59.746-0300] {logging_mixin.py:154} INFO - [2024-01-09T10:38:59.745-0300] {dagbag.py:536} INFO - Filling up the DagBag from /home/felipe/.local/lib/python3.11/site-packages/airflow/example_dags/plugins/workday.py
[2024-01-09T10:38:59.997-0300] {processor.py:841} WARNING - No viable dags retrieved from /home/felipe/.local/lib/python3.11/site-packages/airflow/example_dags/plugins/workday.py
[2024-01-09T10:39:00.001-0300] {processor.py:179} INFO - Processing /home/felipe/.local/lib/python3.11/site-packages/airflow/example_dags/plugins/workday.py took 0.289 seconds
[2024-01-09T10:39:39.142-0300] {processor.py:157} INFO - Started process (PID=11924) to work on /home/felipe/.local/lib/python3.11/site-packages/airflow/example_dags/plugins/workday.py
[2024-01-09T10:39:39.174-0300] {processor.py:829} INFO - Processing file /home/felipe/.local/lib/python3.11/site-packages/airflow/example_dags/plugins/workday.py for tasks to queue
[2024-01-09T10:39:39.174-0300] {logging_mixin.py:154} INFO - [2024-01-09T10:39:39.174-0300] {dagbag.py:536} INFO - Filling up the DagBag from /home/felipe/.local/lib/python3.11/site-packages/airflow/example_dags/plugins/workday.py
[2024-01-09T10:39:39.427-0300] {processor.py:841} WARNING - No viable dags retrieved from /home/felipe/.local/lib/python3.11/site-packages/airflow/example_dags/plugins/workday.py
[2024-01-09T10:39:39.431-0300] {processor.py:179} INFO - Processing /home/felipe/.local/lib/python3.11/site-packages/airflow/example_dags/plugins/workday.py took 0.291 seconds
[2024-01-09T10:40:16.780-0300] {processor.py:157} INFO - Started process (PID=11997) to work on /home/felipe/.local/lib/python3.11/site-packages/airflow/example_dags/plugins/workday.py
[2024-01-09T10:40:16.812-0300] {processor.py:829} INFO - Processing file /home/felipe/.local/lib/python3.11/site-packages/airflow/example_dags/plugins/workday.py for tasks to queue
[2024-01-09T10:40:16.812-0300] {logging_mixin.py:154} INFO - [2024-01-09T10:40:16.812-0300] {dagbag.py:536} INFO - Filling up the DagBag from /home/felipe/.local/lib/python3.11/site-packages/airflow/example_dags/plugins/workday.py
[2024-01-09T10:40:17.061-0300] {processor.py:841} WARNING - No viable dags retrieved from /home/felipe/.local/lib/python3.11/site-packages/airflow/example_dags/plugins/workday.py
[2024-01-09T10:40:17.065-0300] {processor.py:179} INFO - Processing /home/felipe/.local/lib/python3.11/site-packages/airflow/example_dags/plugins/workday.py took 0.287 seconds
[2024-01-09T10:40:52.502-0300] {processor.py:157} INFO - Started process (PID=12126) to work on /home/felipe/.local/lib/python3.11/site-packages/airflow/example_dags/plugins/workday.py
[2024-01-09T10:40:52.526-0300] {processor.py:829} INFO - Processing file /home/felipe/.local/lib/python3.11/site-packages/airflow/example_dags/plugins/workday.py for tasks to queue
[2024-01-09T10:40:52.526-0300] {logging_mixin.py:154} INFO - [2024-01-09T10:40:52.526-0300] {dagbag.py:536} INFO - Filling up the DagBag from /home/felipe/.local/lib/python3.11/site-packages/airflow/example_dags/plugins/workday.py
[2024-01-09T10:40:52.777-0300] {processor.py:841} WARNING - No viable dags retrieved from /home/felipe/.local/lib/python3.11/site-packages/airflow/example_dags/plugins/workday.py
[2024-01-09T10:40:52.781-0300] {processor.py:179} INFO - Processing /home/felipe/.local/lib/python3.11/site-packages/airflow/example_dags/plugins/workday.py took 0.281 seconds
[2024-01-09T10:43:25.548-0300] {processor.py:157} INFO - Started process (PID=12489) to work on /home/felipe/.local/lib/python3.11/site-packages/airflow/example_dags/plugins/workday.py
[2024-01-09T10:43:25.549-0300] {processor.py:829} INFO - Processing file /home/felipe/.local/lib/python3.11/site-packages/airflow/example_dags/plugins/workday.py for tasks to queue
[2024-01-09T10:43:25.549-0300] {logging_mixin.py:154} INFO - [2024-01-09T10:43:25.549-0300] {dagbag.py:536} INFO - Filling up the DagBag from /home/felipe/.local/lib/python3.11/site-packages/airflow/example_dags/plugins/workday.py
[2024-01-09T10:43:25.839-0300] {processor.py:841} WARNING - No viable dags retrieved from /home/felipe/.local/lib/python3.11/site-packages/airflow/example_dags/plugins/workday.py
[2024-01-09T10:43:25.842-0300] {processor.py:179} INFO - Processing /home/felipe/.local/lib/python3.11/site-packages/airflow/example_dags/plugins/workday.py took 0.296 seconds
[2024-01-09T10:45:54.673-0300] {processor.py:157} INFO - Started process (PID=12818) to work on /home/felipe/.local/lib/python3.11/site-packages/airflow/example_dags/plugins/workday.py
[2024-01-09T10:45:54.674-0300] {processor.py:829} INFO - Processing file /home/felipe/.local/lib/python3.11/site-packages/airflow/example_dags/plugins/workday.py for tasks to queue
[2024-01-09T10:45:54.675-0300] {logging_mixin.py:154} INFO - [2024-01-09T10:45:54.674-0300] {dagbag.py:536} INFO - Filling up the DagBag from /home/felipe/.local/lib/python3.11/site-packages/airflow/example_dags/plugins/workday.py
[2024-01-09T10:45:54.937-0300] {processor.py:841} WARNING - No viable dags retrieved from /home/felipe/.local/lib/python3.11/site-packages/airflow/example_dags/plugins/workday.py
[2024-01-09T10:45:54.941-0300] {processor.py:179} INFO - Processing /home/felipe/.local/lib/python3.11/site-packages/airflow/example_dags/plugins/workday.py took 0.270 seconds
[2024-01-09T10:48:50.560-0300] {processor.py:157} INFO - Started process (PID=13639) to work on /home/felipe/.local/lib/python3.11/site-packages/airflow/example_dags/plugins/workday.py
[2024-01-09T10:48:50.565-0300] {processor.py:829} INFO - Processing file /home/felipe/.local/lib/python3.11/site-packages/airflow/example_dags/plugins/workday.py for tasks to queue
[2024-01-09T10:48:50.565-0300] {logging_mixin.py:154} INFO - [2024-01-09T10:48:50.565-0300] {dagbag.py:536} INFO - Filling up the DagBag from /home/felipe/.local/lib/python3.11/site-packages/airflow/example_dags/plugins/workday.py
[2024-01-09T10:48:50.838-0300] {processor.py:841} WARNING - No viable dags retrieved from /home/felipe/.local/lib/python3.11/site-packages/airflow/example_dags/plugins/workday.py
[2024-01-09T10:48:50.841-0300] {processor.py:179} INFO - Processing /home/felipe/.local/lib/python3.11/site-packages/airflow/example_dags/plugins/workday.py took 0.284 seconds
[2024-01-09T10:51:20.021-0300] {processor.py:157} INFO - Started process (PID=13945) to work on /home/felipe/.local/lib/python3.11/site-packages/airflow/example_dags/plugins/workday.py
[2024-01-09T10:51:20.053-0300] {processor.py:829} INFO - Processing file /home/felipe/.local/lib/python3.11/site-packages/airflow/example_dags/plugins/workday.py for tasks to queue
[2024-01-09T10:51:20.054-0300] {logging_mixin.py:154} INFO - [2024-01-09T10:51:20.053-0300] {dagbag.py:536} INFO - Filling up the DagBag from /home/felipe/.local/lib/python3.11/site-packages/airflow/example_dags/plugins/workday.py
[2024-01-09T10:51:20.338-0300] {processor.py:841} WARNING - No viable dags retrieved from /home/felipe/.local/lib/python3.11/site-packages/airflow/example_dags/plugins/workday.py
[2024-01-09T10:51:20.342-0300] {processor.py:179} INFO - Processing /home/felipe/.local/lib/python3.11/site-packages/airflow/example_dags/plugins/workday.py took 0.323 seconds
[2024-01-09T10:53:33.916-0300] {processor.py:157} INFO - Started process (PID=14219) to work on /home/felipe/.local/lib/python3.11/site-packages/airflow/example_dags/plugins/workday.py
[2024-01-09T10:53:33.948-0300] {processor.py:829} INFO - Processing file /home/felipe/.local/lib/python3.11/site-packages/airflow/example_dags/plugins/workday.py for tasks to queue
[2024-01-09T10:53:33.948-0300] {logging_mixin.py:154} INFO - [2024-01-09T10:53:33.948-0300] {dagbag.py:536} INFO - Filling up the DagBag from /home/felipe/.local/lib/python3.11/site-packages/airflow/example_dags/plugins/workday.py
[2024-01-09T10:53:34.215-0300] {processor.py:841} WARNING - No viable dags retrieved from /home/felipe/.local/lib/python3.11/site-packages/airflow/example_dags/plugins/workday.py
[2024-01-09T10:53:34.218-0300] {processor.py:179} INFO - Processing /home/felipe/.local/lib/python3.11/site-packages/airflow/example_dags/plugins/workday.py took 0.304 seconds
[2024-01-09T10:54:16.623-0300] {processor.py:157} INFO - Started process (PID=14472) to work on /home/felipe/.local/lib/python3.11/site-packages/airflow/example_dags/plugins/workday.py
[2024-01-09T10:54:16.661-0300] {processor.py:829} INFO - Processing file /home/felipe/.local/lib/python3.11/site-packages/airflow/example_dags/plugins/workday.py for tasks to queue
[2024-01-09T10:54:16.662-0300] {logging_mixin.py:154} INFO - [2024-01-09T10:54:16.662-0300] {dagbag.py:536} INFO - Filling up the DagBag from /home/felipe/.local/lib/python3.11/site-packages/airflow/example_dags/plugins/workday.py
[2024-01-09T10:54:16.915-0300] {processor.py:841} WARNING - No viable dags retrieved from /home/felipe/.local/lib/python3.11/site-packages/airflow/example_dags/plugins/workday.py
[2024-01-09T10:54:16.919-0300] {processor.py:179} INFO - Processing /home/felipe/.local/lib/python3.11/site-packages/airflow/example_dags/plugins/workday.py took 0.298 seconds
[2024-01-09T10:55:21.758-0300] {processor.py:157} INFO - Started process (PID=14764) to work on /home/felipe/.local/lib/python3.11/site-packages/airflow/example_dags/plugins/workday.py
[2024-01-09T10:55:21.790-0300] {processor.py:829} INFO - Processing file /home/felipe/.local/lib/python3.11/site-packages/airflow/example_dags/plugins/workday.py for tasks to queue
[2024-01-09T10:55:21.791-0300] {logging_mixin.py:154} INFO - [2024-01-09T10:55:21.791-0300] {dagbag.py:536} INFO - Filling up the DagBag from /home/felipe/.local/lib/python3.11/site-packages/airflow/example_dags/plugins/workday.py
[2024-01-09T10:55:22.086-0300] {processor.py:841} WARNING - No viable dags retrieved from /home/felipe/.local/lib/python3.11/site-packages/airflow/example_dags/plugins/workday.py
[2024-01-09T10:55:22.090-0300] {processor.py:179} INFO - Processing /home/felipe/.local/lib/python3.11/site-packages/airflow/example_dags/plugins/workday.py took 0.333 seconds
[2024-01-09T10:57:58.920-0300] {processor.py:157} INFO - Started process (PID=15184) to work on /home/felipe/.local/lib/python3.11/site-packages/airflow/example_dags/plugins/workday.py
[2024-01-09T10:57:58.921-0300] {processor.py:829} INFO - Processing file /home/felipe/.local/lib/python3.11/site-packages/airflow/example_dags/plugins/workday.py for tasks to queue
[2024-01-09T10:57:58.921-0300] {logging_mixin.py:154} INFO - [2024-01-09T10:57:58.921-0300] {dagbag.py:536} INFO - Filling up the DagBag from /home/felipe/.local/lib/python3.11/site-packages/airflow/example_dags/plugins/workday.py
[2024-01-09T10:57:59.177-0300] {processor.py:841} WARNING - No viable dags retrieved from /home/felipe/.local/lib/python3.11/site-packages/airflow/example_dags/plugins/workday.py
[2024-01-09T10:57:59.180-0300] {processor.py:179} INFO - Processing /home/felipe/.local/lib/python3.11/site-packages/airflow/example_dags/plugins/workday.py took 0.262 seconds
[2024-01-09T10:59:26.386-0300] {processor.py:157} INFO - Started process (PID=15369) to work on /home/felipe/.local/lib/python3.11/site-packages/airflow/example_dags/plugins/workday.py
[2024-01-09T10:59:26.418-0300] {processor.py:829} INFO - Processing file /home/felipe/.local/lib/python3.11/site-packages/airflow/example_dags/plugins/workday.py for tasks to queue
[2024-01-09T10:59:26.418-0300] {logging_mixin.py:154} INFO - [2024-01-09T10:59:26.418-0300] {dagbag.py:536} INFO - Filling up the DagBag from /home/felipe/.local/lib/python3.11/site-packages/airflow/example_dags/plugins/workday.py
[2024-01-09T10:59:26.671-0300] {processor.py:841} WARNING - No viable dags retrieved from /home/felipe/.local/lib/python3.11/site-packages/airflow/example_dags/plugins/workday.py
[2024-01-09T10:59:26.675-0300] {processor.py:179} INFO - Processing /home/felipe/.local/lib/python3.11/site-packages/airflow/example_dags/plugins/workday.py took 0.291 seconds
[2024-01-09T11:02:22.894-0300] {processor.py:157} INFO - Started process (PID=15837) to work on /home/felipe/.local/lib/python3.11/site-packages/airflow/example_dags/plugins/workday.py
[2024-01-09T11:02:22.896-0300] {processor.py:829} INFO - Processing file /home/felipe/.local/lib/python3.11/site-packages/airflow/example_dags/plugins/workday.py for tasks to queue
[2024-01-09T11:02:22.897-0300] {logging_mixin.py:154} INFO - [2024-01-09T11:02:22.896-0300] {dagbag.py:536} INFO - Filling up the DagBag from /home/felipe/.local/lib/python3.11/site-packages/airflow/example_dags/plugins/workday.py
[2024-01-09T11:02:23.155-0300] {processor.py:841} WARNING - No viable dags retrieved from /home/felipe/.local/lib/python3.11/site-packages/airflow/example_dags/plugins/workday.py
[2024-01-09T11:02:23.159-0300] {processor.py:179} INFO - Processing /home/felipe/.local/lib/python3.11/site-packages/airflow/example_dags/plugins/workday.py took 0.267 seconds
[2024-01-09T20:52:42.212-0300] {processor.py:157} INFO - Started process (PID=36055) to work on /home/felipe/.local/lib/python3.11/site-packages/airflow/example_dags/plugins/workday.py
[2024-01-09T20:52:42.244-0300] {processor.py:829} INFO - Processing file /home/felipe/.local/lib/python3.11/site-packages/airflow/example_dags/plugins/workday.py for tasks to queue
[2024-01-09T20:52:42.245-0300] {logging_mixin.py:154} INFO - [2024-01-09T20:52:42.244-0300] {dagbag.py:536} INFO - Filling up the DagBag from /home/felipe/.local/lib/python3.11/site-packages/airflow/example_dags/plugins/workday.py
[2024-01-09T20:52:42.422-0300] {processor.py:841} WARNING - No viable dags retrieved from /home/felipe/.local/lib/python3.11/site-packages/airflow/example_dags/plugins/workday.py
[2024-01-09T20:52:42.427-0300] {processor.py:179} INFO - Processing /home/felipe/.local/lib/python3.11/site-packages/airflow/example_dags/plugins/workday.py took 0.217 seconds
[2024-01-09T20:53:32.417-0300] {processor.py:157} INFO - Started process (PID=36510) to work on /home/felipe/.local/lib/python3.11/site-packages/airflow/example_dags/plugins/workday.py
[2024-01-09T20:53:32.418-0300] {processor.py:829} INFO - Processing file /home/felipe/.local/lib/python3.11/site-packages/airflow/example_dags/plugins/workday.py for tasks to queue
[2024-01-09T20:53:32.419-0300] {logging_mixin.py:154} INFO - [2024-01-09T20:53:32.418-0300] {dagbag.py:536} INFO - Filling up the DagBag from /home/felipe/.local/lib/python3.11/site-packages/airflow/example_dags/plugins/workday.py
[2024-01-09T20:53:32.600-0300] {processor.py:841} WARNING - No viable dags retrieved from /home/felipe/.local/lib/python3.11/site-packages/airflow/example_dags/plugins/workday.py
[2024-01-09T20:53:32.606-0300] {processor.py:179} INFO - Processing /home/felipe/.local/lib/python3.11/site-packages/airflow/example_dags/plugins/workday.py took 0.191 seconds
[2024-01-09T20:54:09.690-0300] {processor.py:157} INFO - Started process (PID=36619) to work on /home/felipe/.local/lib/python3.11/site-packages/airflow/example_dags/plugins/workday.py
[2024-01-09T20:54:09.722-0300] {processor.py:829} INFO - Processing file /home/felipe/.local/lib/python3.11/site-packages/airflow/example_dags/plugins/workday.py for tasks to queue
[2024-01-09T20:54:09.722-0300] {logging_mixin.py:154} INFO - [2024-01-09T20:54:09.722-0300] {dagbag.py:536} INFO - Filling up the DagBag from /home/felipe/.local/lib/python3.11/site-packages/airflow/example_dags/plugins/workday.py
[2024-01-09T20:54:09.885-0300] {processor.py:841} WARNING - No viable dags retrieved from /home/felipe/.local/lib/python3.11/site-packages/airflow/example_dags/plugins/workday.py
[2024-01-09T20:54:09.890-0300] {processor.py:179} INFO - Processing /home/felipe/.local/lib/python3.11/site-packages/airflow/example_dags/plugins/workday.py took 0.202 seconds
[2024-01-09T20:54:57.303-0300] {processor.py:157} INFO - Started process (PID=36725) to work on /home/felipe/.local/lib/python3.11/site-packages/airflow/example_dags/plugins/workday.py
[2024-01-09T20:54:57.336-0300] {processor.py:829} INFO - Processing file /home/felipe/.local/lib/python3.11/site-packages/airflow/example_dags/plugins/workday.py for tasks to queue
[2024-01-09T20:54:57.336-0300] {logging_mixin.py:154} INFO - [2024-01-09T20:54:57.336-0300] {dagbag.py:536} INFO - Filling up the DagBag from /home/felipe/.local/lib/python3.11/site-packages/airflow/example_dags/plugins/workday.py
[2024-01-09T20:54:57.507-0300] {processor.py:841} WARNING - No viable dags retrieved from /home/felipe/.local/lib/python3.11/site-packages/airflow/example_dags/plugins/workday.py
[2024-01-09T20:54:57.512-0300] {processor.py:179} INFO - Processing /home/felipe/.local/lib/python3.11/site-packages/airflow/example_dags/plugins/workday.py took 0.211 seconds
[2024-01-09T20:55:34.783-0300] {processor.py:157} INFO - Started process (PID=36821) to work on /home/felipe/.local/lib/python3.11/site-packages/airflow/example_dags/plugins/workday.py
[2024-01-09T20:55:34.816-0300] {processor.py:829} INFO - Processing file /home/felipe/.local/lib/python3.11/site-packages/airflow/example_dags/plugins/workday.py for tasks to queue
[2024-01-09T20:55:34.816-0300] {logging_mixin.py:154} INFO - [2024-01-09T20:55:34.816-0300] {dagbag.py:536} INFO - Filling up the DagBag from /home/felipe/.local/lib/python3.11/site-packages/airflow/example_dags/plugins/workday.py
[2024-01-09T20:55:35.097-0300] {processor.py:841} WARNING - No viable dags retrieved from /home/felipe/.local/lib/python3.11/site-packages/airflow/example_dags/plugins/workday.py
[2024-01-09T20:55:35.102-0300] {processor.py:179} INFO - Processing /home/felipe/.local/lib/python3.11/site-packages/airflow/example_dags/plugins/workday.py took 0.320 seconds
[2024-01-09T20:56:08.877-0300] {processor.py:157} INFO - Started process (PID=36895) to work on /home/felipe/.local/lib/python3.11/site-packages/airflow/example_dags/plugins/workday.py
[2024-01-09T20:56:08.909-0300] {processor.py:829} INFO - Processing file /home/felipe/.local/lib/python3.11/site-packages/airflow/example_dags/plugins/workday.py for tasks to queue
[2024-01-09T20:56:08.910-0300] {logging_mixin.py:154} INFO - [2024-01-09T20:56:08.910-0300] {dagbag.py:536} INFO - Filling up the DagBag from /home/felipe/.local/lib/python3.11/site-packages/airflow/example_dags/plugins/workday.py
[2024-01-09T20:56:09.099-0300] {processor.py:841} WARNING - No viable dags retrieved from /home/felipe/.local/lib/python3.11/site-packages/airflow/example_dags/plugins/workday.py
[2024-01-09T20:56:09.105-0300] {processor.py:179} INFO - Processing /home/felipe/.local/lib/python3.11/site-packages/airflow/example_dags/plugins/workday.py took 0.230 seconds
[2024-01-09T20:56:44.945-0300] {processor.py:157} INFO - Started process (PID=36973) to work on /home/felipe/.local/lib/python3.11/site-packages/airflow/example_dags/plugins/workday.py
[2024-01-09T20:56:44.977-0300] {processor.py:829} INFO - Processing file /home/felipe/.local/lib/python3.11/site-packages/airflow/example_dags/plugins/workday.py for tasks to queue
[2024-01-09T20:56:44.978-0300] {logging_mixin.py:154} INFO - [2024-01-09T20:56:44.978-0300] {dagbag.py:536} INFO - Filling up the DagBag from /home/felipe/.local/lib/python3.11/site-packages/airflow/example_dags/plugins/workday.py
[2024-01-09T20:56:45.149-0300] {processor.py:841} WARNING - No viable dags retrieved from /home/felipe/.local/lib/python3.11/site-packages/airflow/example_dags/plugins/workday.py
[2024-01-09T20:56:45.154-0300] {processor.py:179} INFO - Processing /home/felipe/.local/lib/python3.11/site-packages/airflow/example_dags/plugins/workday.py took 0.211 seconds
[2024-01-09T20:57:19.304-0300] {processor.py:157} INFO - Started process (PID=37054) to work on /home/felipe/.local/lib/python3.11/site-packages/airflow/example_dags/plugins/workday.py
[2024-01-09T20:57:19.336-0300] {processor.py:829} INFO - Processing file /home/felipe/.local/lib/python3.11/site-packages/airflow/example_dags/plugins/workday.py for tasks to queue
[2024-01-09T20:57:19.336-0300] {logging_mixin.py:154} INFO - [2024-01-09T20:57:19.336-0300] {dagbag.py:536} INFO - Filling up the DagBag from /home/felipe/.local/lib/python3.11/site-packages/airflow/example_dags/plugins/workday.py
[2024-01-09T20:57:19.621-0300] {processor.py:841} WARNING - No viable dags retrieved from /home/felipe/.local/lib/python3.11/site-packages/airflow/example_dags/plugins/workday.py
[2024-01-09T20:57:19.625-0300] {processor.py:179} INFO - Processing /home/felipe/.local/lib/python3.11/site-packages/airflow/example_dags/plugins/workday.py took 0.323 seconds
[2024-01-09T20:57:52.260-0300] {processor.py:157} INFO - Started process (PID=37135) to work on /home/felipe/.local/lib/python3.11/site-packages/airflow/example_dags/plugins/workday.py
[2024-01-09T20:57:52.292-0300] {processor.py:829} INFO - Processing file /home/felipe/.local/lib/python3.11/site-packages/airflow/example_dags/plugins/workday.py for tasks to queue
[2024-01-09T20:57:52.293-0300] {logging_mixin.py:154} INFO - [2024-01-09T20:57:52.293-0300] {dagbag.py:536} INFO - Filling up the DagBag from /home/felipe/.local/lib/python3.11/site-packages/airflow/example_dags/plugins/workday.py
[2024-01-09T20:57:52.457-0300] {processor.py:841} WARNING - No viable dags retrieved from /home/felipe/.local/lib/python3.11/site-packages/airflow/example_dags/plugins/workday.py
[2024-01-09T20:57:52.462-0300] {processor.py:179} INFO - Processing /home/felipe/.local/lib/python3.11/site-packages/airflow/example_dags/plugins/workday.py took 0.204 seconds
[2024-01-09T20:58:26.419-0300] {processor.py:157} INFO - Started process (PID=37217) to work on /home/felipe/.local/lib/python3.11/site-packages/airflow/example_dags/plugins/workday.py
[2024-01-09T20:58:26.452-0300] {processor.py:829} INFO - Processing file /home/felipe/.local/lib/python3.11/site-packages/airflow/example_dags/plugins/workday.py for tasks to queue
[2024-01-09T20:58:26.452-0300] {logging_mixin.py:154} INFO - [2024-01-09T20:58:26.452-0300] {dagbag.py:536} INFO - Filling up the DagBag from /home/felipe/.local/lib/python3.11/site-packages/airflow/example_dags/plugins/workday.py
[2024-01-09T20:58:26.728-0300] {processor.py:841} WARNING - No viable dags retrieved from /home/felipe/.local/lib/python3.11/site-packages/airflow/example_dags/plugins/workday.py
[2024-01-09T20:58:26.732-0300] {processor.py:179} INFO - Processing /home/felipe/.local/lib/python3.11/site-packages/airflow/example_dags/plugins/workday.py took 0.315 seconds
[2024-01-09T20:59:02.047-0300] {processor.py:157} INFO - Started process (PID=37316) to work on /home/felipe/.local/lib/python3.11/site-packages/airflow/example_dags/plugins/workday.py
[2024-01-09T20:59:02.080-0300] {processor.py:829} INFO - Processing file /home/felipe/.local/lib/python3.11/site-packages/airflow/example_dags/plugins/workday.py for tasks to queue
[2024-01-09T20:59:02.080-0300] {logging_mixin.py:154} INFO - [2024-01-09T20:59:02.080-0300] {dagbag.py:536} INFO - Filling up the DagBag from /home/felipe/.local/lib/python3.11/site-packages/airflow/example_dags/plugins/workday.py
[2024-01-09T20:59:02.370-0300] {processor.py:841} WARNING - No viable dags retrieved from /home/felipe/.local/lib/python3.11/site-packages/airflow/example_dags/plugins/workday.py
[2024-01-09T20:59:02.373-0300] {processor.py:179} INFO - Processing /home/felipe/.local/lib/python3.11/site-packages/airflow/example_dags/plugins/workday.py took 0.328 seconds
[2024-01-09T20:59:36.988-0300] {processor.py:157} INFO - Started process (PID=37394) to work on /home/felipe/.local/lib/python3.11/site-packages/airflow/example_dags/plugins/workday.py
[2024-01-09T20:59:37.020-0300] {processor.py:829} INFO - Processing file /home/felipe/.local/lib/python3.11/site-packages/airflow/example_dags/plugins/workday.py for tasks to queue
[2024-01-09T20:59:37.021-0300] {logging_mixin.py:154} INFO - [2024-01-09T20:59:37.021-0300] {dagbag.py:536} INFO - Filling up the DagBag from /home/felipe/.local/lib/python3.11/site-packages/airflow/example_dags/plugins/workday.py
[2024-01-09T20:59:37.294-0300] {processor.py:841} WARNING - No viable dags retrieved from /home/felipe/.local/lib/python3.11/site-packages/airflow/example_dags/plugins/workday.py
[2024-01-09T20:59:37.298-0300] {processor.py:179} INFO - Processing /home/felipe/.local/lib/python3.11/site-packages/airflow/example_dags/plugins/workday.py took 0.312 seconds
