[2024-01-24T15:37:24.604-0300] {processor.py:157} INFO - Started process (PID=19094) to work on /home/felipe/airflow/dags/cities/rio.py
[2024-01-24T15:37:24.605-0300] {processor.py:829} INFO - Processing file /home/felipe/airflow/dags/cities/rio.py for tasks to queue
[2024-01-24T15:37:24.605-0300] {logging_mixin.py:154} INFO - [2024-01-24T15:37:24.605-0300] {dagbag.py:536} INFO - Filling up the DagBag from /home/felipe/airflow/dags/cities/rio.py
[2024-01-24T15:37:24.943-0300] {processor.py:841} WARNING - No viable dags retrieved from /home/felipe/airflow/dags/cities/rio.py
[2024-01-24T15:37:24.946-0300] {processor.py:179} INFO - Processing /home/felipe/airflow/dags/cities/rio.py took 0.344 seconds
[2024-01-24T15:38:13.323-0300] {processor.py:157} INFO - Started process (PID=19374) to work on /home/felipe/airflow/dags/cities/rio.py
[2024-01-24T15:38:13.356-0300] {processor.py:829} INFO - Processing file /home/felipe/airflow/dags/cities/rio.py for tasks to queue
[2024-01-24T15:38:13.356-0300] {logging_mixin.py:154} INFO - [2024-01-24T15:38:13.356-0300] {dagbag.py:536} INFO - Filling up the DagBag from /home/felipe/airflow/dags/cities/rio.py
[2024-01-24T15:38:13.686-0300] {processor.py:841} WARNING - No viable dags retrieved from /home/felipe/airflow/dags/cities/rio.py
[2024-01-24T15:38:13.690-0300] {processor.py:179} INFO - Processing /home/felipe/airflow/dags/cities/rio.py took 0.369 seconds
[2024-01-24T15:39:39.896-0300] {processor.py:157} INFO - Started process (PID=19627) to work on /home/felipe/airflow/dags/cities/rio.py
[2024-01-24T15:39:39.928-0300] {processor.py:829} INFO - Processing file /home/felipe/airflow/dags/cities/rio.py for tasks to queue
[2024-01-24T15:39:39.929-0300] {logging_mixin.py:154} INFO - [2024-01-24T15:39:39.928-0300] {dagbag.py:536} INFO - Filling up the DagBag from /home/felipe/airflow/dags/cities/rio.py
[2024-01-24T15:39:40.261-0300] {processor.py:841} WARNING - No viable dags retrieved from /home/felipe/airflow/dags/cities/rio.py
[2024-01-24T15:39:40.264-0300] {processor.py:179} INFO - Processing /home/felipe/airflow/dags/cities/rio.py took 0.371 seconds
[2024-01-24T15:41:13.130-0300] {processor.py:157} INFO - Started process (PID=20094) to work on /home/felipe/airflow/dags/cities/rio.py
[2024-01-24T15:41:13.154-0300] {processor.py:829} INFO - Processing file /home/felipe/airflow/dags/cities/rio.py for tasks to queue
[2024-01-24T15:41:13.154-0300] {logging_mixin.py:154} INFO - [2024-01-24T15:41:13.154-0300] {dagbag.py:536} INFO - Filling up the DagBag from /home/felipe/airflow/dags/cities/rio.py
[2024-01-24T15:41:13.491-0300] {processor.py:841} WARNING - No viable dags retrieved from /home/felipe/airflow/dags/cities/rio.py
[2024-01-24T15:41:13.495-0300] {processor.py:179} INFO - Processing /home/felipe/airflow/dags/cities/rio.py took 0.367 seconds
[2024-01-24T15:42:07.350-0300] {processor.py:157} INFO - Started process (PID=20313) to work on /home/felipe/airflow/dags/cities/rio.py
[2024-01-24T15:42:07.382-0300] {processor.py:829} INFO - Processing file /home/felipe/airflow/dags/cities/rio.py for tasks to queue
[2024-01-24T15:42:07.383-0300] {logging_mixin.py:154} INFO - [2024-01-24T15:42:07.382-0300] {dagbag.py:536} INFO - Filling up the DagBag from /home/felipe/airflow/dags/cities/rio.py
[2024-01-24T15:42:07.712-0300] {processor.py:841} WARNING - No viable dags retrieved from /home/felipe/airflow/dags/cities/rio.py
[2024-01-24T15:42:07.716-0300] {processor.py:179} INFO - Processing /home/felipe/airflow/dags/cities/rio.py took 0.368 seconds
[2024-01-24T15:43:02.616-0300] {processor.py:157} INFO - Started process (PID=20566) to work on /home/felipe/airflow/dags/cities/rio.py
[2024-01-24T15:43:02.649-0300] {processor.py:829} INFO - Processing file /home/felipe/airflow/dags/cities/rio.py for tasks to queue
[2024-01-24T15:43:02.649-0300] {logging_mixin.py:154} INFO - [2024-01-24T15:43:02.649-0300] {dagbag.py:536} INFO - Filling up the DagBag from /home/felipe/airflow/dags/cities/rio.py
[2024-01-24T15:43:03.003-0300] {processor.py:841} WARNING - No viable dags retrieved from /home/felipe/airflow/dags/cities/rio.py
[2024-01-24T15:43:03.006-0300] {processor.py:179} INFO - Processing /home/felipe/airflow/dags/cities/rio.py took 0.392 seconds
[2024-01-24T15:43:50.928-0300] {processor.py:157} INFO - Started process (PID=21030) to work on /home/felipe/airflow/dags/cities/rio.py
[2024-01-24T15:43:50.928-0300] {processor.py:829} INFO - Processing file /home/felipe/airflow/dags/cities/rio.py for tasks to queue
[2024-01-24T15:43:50.929-0300] {logging_mixin.py:154} INFO - [2024-01-24T15:43:50.929-0300] {dagbag.py:536} INFO - Filling up the DagBag from /home/felipe/airflow/dags/cities/rio.py
[2024-01-24T15:43:51.285-0300] {processor.py:841} WARNING - No viable dags retrieved from /home/felipe/airflow/dags/cities/rio.py
[2024-01-24T15:43:51.289-0300] {processor.py:179} INFO - Processing /home/felipe/airflow/dags/cities/rio.py took 0.364 seconds
[2024-01-24T15:44:33.771-0300] {processor.py:157} INFO - Started process (PID=21229) to work on /home/felipe/airflow/dags/cities/rio.py
[2024-01-24T15:44:33.804-0300] {processor.py:829} INFO - Processing file /home/felipe/airflow/dags/cities/rio.py for tasks to queue
[2024-01-24T15:44:33.804-0300] {logging_mixin.py:154} INFO - [2024-01-24T15:44:33.804-0300] {dagbag.py:536} INFO - Filling up the DagBag from /home/felipe/airflow/dags/cities/rio.py
[2024-01-24T15:44:34.124-0300] {processor.py:841} WARNING - No viable dags retrieved from /home/felipe/airflow/dags/cities/rio.py
[2024-01-24T15:44:34.128-0300] {processor.py:179} INFO - Processing /home/felipe/airflow/dags/cities/rio.py took 0.359 seconds
[2024-01-24T15:48:02.797-0300] {processor.py:157} INFO - Started process (PID=21663) to work on /home/felipe/airflow/dags/cities/rio.py
[2024-01-24T15:48:02.797-0300] {processor.py:829} INFO - Processing file /home/felipe/airflow/dags/cities/rio.py for tasks to queue
[2024-01-24T15:48:02.798-0300] {logging_mixin.py:154} INFO - [2024-01-24T15:48:02.797-0300] {dagbag.py:536} INFO - Filling up the DagBag from /home/felipe/airflow/dags/cities/rio.py
[2024-01-24T15:48:03.107-0300] {processor.py:841} WARNING - No viable dags retrieved from /home/felipe/airflow/dags/cities/rio.py
[2024-01-24T15:48:03.110-0300] {processor.py:179} INFO - Processing /home/felipe/airflow/dags/cities/rio.py took 0.315 seconds
[2024-01-24T15:48:17.147-0300] {processor.py:157} INFO - Started process (PID=21761) to work on /home/felipe/airflow/dags/cities/rio.py
[2024-01-24T15:48:17.148-0300] {processor.py:829} INFO - Processing file /home/felipe/airflow/dags/cities/rio.py for tasks to queue
[2024-01-24T15:48:17.148-0300] {logging_mixin.py:154} INFO - [2024-01-24T15:48:17.148-0300] {dagbag.py:536} INFO - Filling up the DagBag from /home/felipe/airflow/dags/cities/rio.py
[2024-01-24T15:48:17.467-0300] {processor.py:841} WARNING - No viable dags retrieved from /home/felipe/airflow/dags/cities/rio.py
[2024-01-24T15:48:17.470-0300] {processor.py:179} INFO - Processing /home/felipe/airflow/dags/cities/rio.py took 0.325 seconds
[2024-01-24T15:49:49.070-0300] {processor.py:157} INFO - Started process (PID=22172) to work on /home/felipe/airflow/dags/cities/rio.py
[2024-01-24T15:49:49.102-0300] {processor.py:829} INFO - Processing file /home/felipe/airflow/dags/cities/rio.py for tasks to queue
[2024-01-24T15:49:49.103-0300] {logging_mixin.py:154} INFO - [2024-01-24T15:49:49.103-0300] {dagbag.py:536} INFO - Filling up the DagBag from /home/felipe/airflow/dags/cities/rio.py
[2024-01-24T15:49:49.419-0300] {processor.py:841} WARNING - No viable dags retrieved from /home/felipe/airflow/dags/cities/rio.py
[2024-01-24T15:49:49.422-0300] {processor.py:179} INFO - Processing /home/felipe/airflow/dags/cities/rio.py took 0.354 seconds
[2024-01-24T15:50:26.761-0300] {processor.py:157} INFO - Started process (PID=22290) to work on /home/felipe/airflow/dags/cities/rio.py
[2024-01-24T15:50:26.762-0300] {processor.py:829} INFO - Processing file /home/felipe/airflow/dags/cities/rio.py for tasks to queue
[2024-01-24T15:50:26.762-0300] {logging_mixin.py:154} INFO - [2024-01-24T15:50:26.762-0300] {dagbag.py:536} INFO - Filling up the DagBag from /home/felipe/airflow/dags/cities/rio.py
[2024-01-24T15:50:27.094-0300] {processor.py:841} WARNING - No viable dags retrieved from /home/felipe/airflow/dags/cities/rio.py
[2024-01-24T15:50:27.098-0300] {processor.py:179} INFO - Processing /home/felipe/airflow/dags/cities/rio.py took 0.339 seconds
[2024-01-24T15:51:14.602-0300] {processor.py:157} INFO - Started process (PID=22406) to work on /home/felipe/airflow/dags/cities/rio.py
[2024-01-24T15:51:14.634-0300] {processor.py:829} INFO - Processing file /home/felipe/airflow/dags/cities/rio.py for tasks to queue
[2024-01-24T15:51:14.634-0300] {logging_mixin.py:154} INFO - [2024-01-24T15:51:14.634-0300] {dagbag.py:536} INFO - Filling up the DagBag from /home/felipe/airflow/dags/cities/rio.py
[2024-01-24T15:51:14.969-0300] {processor.py:841} WARNING - No viable dags retrieved from /home/felipe/airflow/dags/cities/rio.py
[2024-01-24T15:51:14.972-0300] {processor.py:179} INFO - Processing /home/felipe/airflow/dags/cities/rio.py took 0.372 seconds
[2024-01-24T15:51:53.493-0300] {processor.py:157} INFO - Started process (PID=22533) to work on /home/felipe/airflow/dags/cities/rio.py
[2024-01-24T15:51:53.525-0300] {processor.py:829} INFO - Processing file /home/felipe/airflow/dags/cities/rio.py for tasks to queue
[2024-01-24T15:51:53.526-0300] {logging_mixin.py:154} INFO - [2024-01-24T15:51:53.525-0300] {dagbag.py:536} INFO - Filling up the DagBag from /home/felipe/airflow/dags/cities/rio.py
[2024-01-24T15:51:53.851-0300] {processor.py:841} WARNING - No viable dags retrieved from /home/felipe/airflow/dags/cities/rio.py
[2024-01-24T15:51:53.854-0300] {processor.py:179} INFO - Processing /home/felipe/airflow/dags/cities/rio.py took 0.363 seconds
[2024-01-24T15:52:40.319-0300] {processor.py:157} INFO - Started process (PID=22735) to work on /home/felipe/airflow/dags/cities/rio.py
[2024-01-24T15:52:40.352-0300] {processor.py:829} INFO - Processing file /home/felipe/airflow/dags/cities/rio.py for tasks to queue
[2024-01-24T15:52:40.352-0300] {logging_mixin.py:154} INFO - [2024-01-24T15:52:40.352-0300] {dagbag.py:536} INFO - Filling up the DagBag from /home/felipe/airflow/dags/cities/rio.py
[2024-01-24T15:52:40.690-0300] {processor.py:841} WARNING - No viable dags retrieved from /home/felipe/airflow/dags/cities/rio.py
[2024-01-24T15:52:40.693-0300] {processor.py:179} INFO - Processing /home/felipe/airflow/dags/cities/rio.py took 0.376 seconds
[2024-01-24T15:53:15.690-0300] {processor.py:157} INFO - Started process (PID=22852) to work on /home/felipe/airflow/dags/cities/rio.py
[2024-01-24T15:53:15.690-0300] {processor.py:829} INFO - Processing file /home/felipe/airflow/dags/cities/rio.py for tasks to queue
[2024-01-24T15:53:15.690-0300] {logging_mixin.py:154} INFO - [2024-01-24T15:53:15.690-0300] {dagbag.py:536} INFO - Filling up the DagBag from /home/felipe/airflow/dags/cities/rio.py
[2024-01-24T15:53:16.003-0300] {processor.py:841} WARNING - No viable dags retrieved from /home/felipe/airflow/dags/cities/rio.py
[2024-01-24T15:53:16.006-0300] {processor.py:179} INFO - Processing /home/felipe/airflow/dags/cities/rio.py took 0.318 seconds
[2024-01-24T15:53:52.283-0300] {processor.py:157} INFO - Started process (PID=22962) to work on /home/felipe/airflow/dags/cities/rio.py
[2024-01-24T15:53:52.347-0300] {processor.py:829} INFO - Processing file /home/felipe/airflow/dags/cities/rio.py for tasks to queue
[2024-01-24T15:53:52.348-0300] {logging_mixin.py:154} INFO - [2024-01-24T15:53:52.347-0300] {dagbag.py:536} INFO - Filling up the DagBag from /home/felipe/airflow/dags/cities/rio.py
[2024-01-24T15:53:52.671-0300] {processor.py:841} WARNING - No viable dags retrieved from /home/felipe/airflow/dags/cities/rio.py
[2024-01-24T15:53:52.674-0300] {processor.py:179} INFO - Processing /home/felipe/airflow/dags/cities/rio.py took 0.393 seconds
[2024-01-24T15:54:58.318-0300] {processor.py:157} INFO - Started process (PID=23157) to work on /home/felipe/airflow/dags/cities/rio.py
[2024-01-24T15:54:58.350-0300] {processor.py:829} INFO - Processing file /home/felipe/airflow/dags/cities/rio.py for tasks to queue
[2024-01-24T15:54:58.351-0300] {logging_mixin.py:154} INFO - [2024-01-24T15:54:58.350-0300] {dagbag.py:536} INFO - Filling up the DagBag from /home/felipe/airflow/dags/cities/rio.py
[2024-01-24T15:54:58.668-0300] {processor.py:841} WARNING - No viable dags retrieved from /home/felipe/airflow/dags/cities/rio.py
[2024-01-24T15:54:58.671-0300] {processor.py:179} INFO - Processing /home/felipe/airflow/dags/cities/rio.py took 0.355 seconds
[2024-01-24T15:55:40.809-0300] {processor.py:157} INFO - Started process (PID=23318) to work on /home/felipe/airflow/dags/cities/rio.py
[2024-01-24T15:55:40.841-0300] {processor.py:829} INFO - Processing file /home/felipe/airflow/dags/cities/rio.py for tasks to queue
[2024-01-24T15:55:40.842-0300] {logging_mixin.py:154} INFO - [2024-01-24T15:55:40.842-0300] {dagbag.py:536} INFO - Filling up the DagBag from /home/felipe/airflow/dags/cities/rio.py
[2024-01-24T15:55:41.173-0300] {processor.py:841} WARNING - No viable dags retrieved from /home/felipe/airflow/dags/cities/rio.py
[2024-01-24T15:55:41.176-0300] {processor.py:179} INFO - Processing /home/felipe/airflow/dags/cities/rio.py took 0.369 seconds
[2024-01-24T15:56:19.196-0300] {processor.py:157} INFO - Started process (PID=23420) to work on /home/felipe/airflow/dags/cities/rio.py
[2024-01-24T15:56:19.228-0300] {processor.py:829} INFO - Processing file /home/felipe/airflow/dags/cities/rio.py for tasks to queue
[2024-01-24T15:56:19.229-0300] {logging_mixin.py:154} INFO - [2024-01-24T15:56:19.228-0300] {dagbag.py:536} INFO - Filling up the DagBag from /home/felipe/airflow/dags/cities/rio.py
[2024-01-24T15:56:19.547-0300] {processor.py:841} WARNING - No viable dags retrieved from /home/felipe/airflow/dags/cities/rio.py
[2024-01-24T15:56:19.550-0300] {processor.py:179} INFO - Processing /home/felipe/airflow/dags/cities/rio.py took 0.357 seconds
[2024-01-24T15:57:03.379-0300] {processor.py:157} INFO - Started process (PID=23584) to work on /home/felipe/airflow/dags/cities/rio.py
[2024-01-24T15:57:03.380-0300] {processor.py:829} INFO - Processing file /home/felipe/airflow/dags/cities/rio.py for tasks to queue
[2024-01-24T15:57:03.380-0300] {logging_mixin.py:154} INFO - [2024-01-24T15:57:03.380-0300] {dagbag.py:536} INFO - Filling up the DagBag from /home/felipe/airflow/dags/cities/rio.py
[2024-01-24T15:57:03.727-0300] {processor.py:841} WARNING - No viable dags retrieved from /home/felipe/airflow/dags/cities/rio.py
[2024-01-24T15:57:03.730-0300] {processor.py:179} INFO - Processing /home/felipe/airflow/dags/cities/rio.py took 0.354 seconds
[2024-01-24T15:57:43.294-0300] {processor.py:157} INFO - Started process (PID=23791) to work on /home/felipe/airflow/dags/cities/rio.py
[2024-01-24T15:57:43.326-0300] {processor.py:829} INFO - Processing file /home/felipe/airflow/dags/cities/rio.py for tasks to queue
[2024-01-24T15:57:43.327-0300] {logging_mixin.py:154} INFO - [2024-01-24T15:57:43.327-0300] {dagbag.py:536} INFO - Filling up the DagBag from /home/felipe/airflow/dags/cities/rio.py
[2024-01-24T15:57:43.676-0300] {processor.py:841} WARNING - No viable dags retrieved from /home/felipe/airflow/dags/cities/rio.py
[2024-01-24T15:57:43.679-0300] {processor.py:179} INFO - Processing /home/felipe/airflow/dags/cities/rio.py took 0.388 seconds
[2024-01-24T15:58:21.893-0300] {processor.py:157} INFO - Started process (PID=23903) to work on /home/felipe/airflow/dags/cities/rio.py
[2024-01-24T15:58:21.893-0300] {processor.py:829} INFO - Processing file /home/felipe/airflow/dags/cities/rio.py for tasks to queue
[2024-01-24T15:58:21.894-0300] {logging_mixin.py:154} INFO - [2024-01-24T15:58:21.894-0300] {dagbag.py:536} INFO - Filling up the DagBag from /home/felipe/airflow/dags/cities/rio.py
[2024-01-24T15:58:22.237-0300] {processor.py:841} WARNING - No viable dags retrieved from /home/felipe/airflow/dags/cities/rio.py
[2024-01-24T15:58:22.240-0300] {processor.py:179} INFO - Processing /home/felipe/airflow/dags/cities/rio.py took 0.349 seconds
[2024-01-24T15:59:09.228-0300] {processor.py:157} INFO - Started process (PID=24104) to work on /home/felipe/airflow/dags/cities/rio.py
[2024-01-24T15:59:09.260-0300] {processor.py:829} INFO - Processing file /home/felipe/airflow/dags/cities/rio.py for tasks to queue
[2024-01-24T15:59:09.261-0300] {logging_mixin.py:154} INFO - [2024-01-24T15:59:09.260-0300] {dagbag.py:536} INFO - Filling up the DagBag from /home/felipe/airflow/dags/cities/rio.py
[2024-01-24T15:59:09.594-0300] {processor.py:841} WARNING - No viable dags retrieved from /home/felipe/airflow/dags/cities/rio.py
[2024-01-24T15:59:09.597-0300] {processor.py:179} INFO - Processing /home/felipe/airflow/dags/cities/rio.py took 0.371 seconds
