[2024-01-08T11:08:52.552-0300] {processor.py:157} INFO - Started process (PID=11968) to work on /home/felipe/.local/lib/python3.11/site-packages/airflow/example_dags/example_setup_teardown_taskflow.py
[2024-01-08T11:08:52.552-0300] {processor.py:829} INFO - Processing file /home/felipe/.local/lib/python3.11/site-packages/airflow/example_dags/example_setup_teardown_taskflow.py for tasks to queue
[2024-01-08T11:08:52.553-0300] {logging_mixin.py:154} INFO - [2024-01-08T11:08:52.553-0300] {dagbag.py:536} INFO - Filling up the DagBag from /home/felipe/.local/lib/python3.11/site-packages/airflow/example_dags/example_setup_teardown_taskflow.py
[2024-01-08T11:08:52.558-0300] {processor.py:839} INFO - DAG(s) dict_keys(['example_setup_teardown_taskflow']) retrieved from /home/felipe/.local/lib/python3.11/site-packages/airflow/example_dags/example_setup_teardown_taskflow.py
[2024-01-08T11:08:52.568-0300] {logging_mixin.py:154} INFO - [2024-01-08T11:08:52.568-0300] {dag.py:2941} INFO - Sync 1 DAGs
[2024-01-08T11:08:52.577-0300] {logging_mixin.py:154} INFO - [2024-01-08T11:08:52.577-0300] {dag.py:3722} INFO - Setting next_dagrun for example_setup_teardown_taskflow to 2024-01-07T14:08:52.577615+00:00, run_after=2024-01-08T14:08:52.577615+00:00
[2024-01-08T11:08:52.618-0300] {processor.py:179} INFO - Processing /home/felipe/.local/lib/python3.11/site-packages/airflow/example_dags/example_setup_teardown_taskflow.py took 0.068 seconds
[2024-01-08T11:09:58.177-0300] {processor.py:157} INFO - Started process (PID=12058) to work on /home/felipe/.local/lib/python3.11/site-packages/airflow/example_dags/example_setup_teardown_taskflow.py
[2024-01-08T11:09:58.247-0300] {processor.py:829} INFO - Processing file /home/felipe/.local/lib/python3.11/site-packages/airflow/example_dags/example_setup_teardown_taskflow.py for tasks to queue
[2024-01-08T11:09:58.247-0300] {logging_mixin.py:154} INFO - [2024-01-08T11:09:58.247-0300] {dagbag.py:536} INFO - Filling up the DagBag from /home/felipe/.local/lib/python3.11/site-packages/airflow/example_dags/example_setup_teardown_taskflow.py
[2024-01-08T11:09:58.254-0300] {processor.py:839} INFO - DAG(s) dict_keys(['example_setup_teardown_taskflow']) retrieved from /home/felipe/.local/lib/python3.11/site-packages/airflow/example_dags/example_setup_teardown_taskflow.py
[2024-01-08T11:09:58.263-0300] {logging_mixin.py:154} INFO - [2024-01-08T11:09:58.263-0300] {dag.py:2941} INFO - Sync 1 DAGs
[2024-01-08T11:09:58.272-0300] {logging_mixin.py:154} INFO - [2024-01-08T11:09:58.272-0300] {dag.py:3722} INFO - Setting next_dagrun for example_setup_teardown_taskflow to 2024-01-07T14:09:58.272507+00:00, run_after=2024-01-08T14:09:58.272507+00:00
[2024-01-08T11:09:58.289-0300] {processor.py:179} INFO - Processing /home/felipe/.local/lib/python3.11/site-packages/airflow/example_dags/example_setup_teardown_taskflow.py took 0.114 seconds
[2024-01-08T11:15:36.581-0300] {processor.py:157} INFO - Started process (PID=12552) to work on /home/felipe/.local/lib/python3.11/site-packages/airflow/example_dags/example_setup_teardown_taskflow.py
[2024-01-08T11:15:36.631-0300] {processor.py:829} INFO - Processing file /home/felipe/.local/lib/python3.11/site-packages/airflow/example_dags/example_setup_teardown_taskflow.py for tasks to queue
[2024-01-08T11:15:36.632-0300] {logging_mixin.py:154} INFO - [2024-01-08T11:15:36.631-0300] {dagbag.py:536} INFO - Filling up the DagBag from /home/felipe/.local/lib/python3.11/site-packages/airflow/example_dags/example_setup_teardown_taskflow.py
[2024-01-08T11:15:36.637-0300] {processor.py:839} INFO - DAG(s) dict_keys(['example_setup_teardown_taskflow']) retrieved from /home/felipe/.local/lib/python3.11/site-packages/airflow/example_dags/example_setup_teardown_taskflow.py
[2024-01-08T11:15:36.651-0300] {logging_mixin.py:154} INFO - [2024-01-08T11:15:36.651-0300] {dag.py:2941} INFO - Sync 1 DAGs
[2024-01-08T11:15:36.661-0300] {logging_mixin.py:154} INFO - [2024-01-08T11:15:36.661-0300] {dag.py:3722} INFO - Setting next_dagrun for example_setup_teardown_taskflow to 2024-01-07T14:15:36.661255+00:00, run_after=2024-01-08T14:15:36.661255+00:00
[2024-01-08T11:15:36.679-0300] {processor.py:179} INFO - Processing /home/felipe/.local/lib/python3.11/site-packages/airflow/example_dags/example_setup_teardown_taskflow.py took 0.100 seconds
[2024-01-08T11:16:44.342-0300] {processor.py:157} INFO - Started process (PID=12710) to work on /home/felipe/.local/lib/python3.11/site-packages/airflow/example_dags/example_setup_teardown_taskflow.py
[2024-01-08T11:16:44.374-0300] {processor.py:829} INFO - Processing file /home/felipe/.local/lib/python3.11/site-packages/airflow/example_dags/example_setup_teardown_taskflow.py for tasks to queue
[2024-01-08T11:16:44.375-0300] {logging_mixin.py:154} INFO - [2024-01-08T11:16:44.375-0300] {dagbag.py:536} INFO - Filling up the DagBag from /home/felipe/.local/lib/python3.11/site-packages/airflow/example_dags/example_setup_teardown_taskflow.py
[2024-01-08T11:16:44.380-0300] {processor.py:839} INFO - DAG(s) dict_keys(['example_setup_teardown_taskflow']) retrieved from /home/felipe/.local/lib/python3.11/site-packages/airflow/example_dags/example_setup_teardown_taskflow.py
[2024-01-08T11:16:44.389-0300] {logging_mixin.py:154} INFO - [2024-01-08T11:16:44.389-0300] {dag.py:2941} INFO - Sync 1 DAGs
[2024-01-08T11:16:44.396-0300] {logging_mixin.py:154} INFO - [2024-01-08T11:16:44.396-0300] {dag.py:3722} INFO - Setting next_dagrun for example_setup_teardown_taskflow to 2024-01-07T14:16:44.396596+00:00, run_after=2024-01-08T14:16:44.396596+00:00
[2024-01-08T11:16:44.412-0300] {processor.py:179} INFO - Processing /home/felipe/.local/lib/python3.11/site-packages/airflow/example_dags/example_setup_teardown_taskflow.py took 0.072 seconds
[2024-01-08T11:17:49.367-0300] {processor.py:157} INFO - Started process (PID=13139) to work on /home/felipe/.local/lib/python3.11/site-packages/airflow/example_dags/example_setup_teardown_taskflow.py
[2024-01-08T11:17:49.399-0300] {processor.py:829} INFO - Processing file /home/felipe/.local/lib/python3.11/site-packages/airflow/example_dags/example_setup_teardown_taskflow.py for tasks to queue
[2024-01-08T11:17:49.399-0300] {logging_mixin.py:154} INFO - [2024-01-08T11:17:49.399-0300] {dagbag.py:536} INFO - Filling up the DagBag from /home/felipe/.local/lib/python3.11/site-packages/airflow/example_dags/example_setup_teardown_taskflow.py
[2024-01-08T11:17:49.405-0300] {processor.py:839} INFO - DAG(s) dict_keys(['example_setup_teardown_taskflow']) retrieved from /home/felipe/.local/lib/python3.11/site-packages/airflow/example_dags/example_setup_teardown_taskflow.py
[2024-01-08T11:17:49.414-0300] {logging_mixin.py:154} INFO - [2024-01-08T11:17:49.414-0300] {dag.py:2941} INFO - Sync 1 DAGs
[2024-01-08T11:17:49.422-0300] {logging_mixin.py:154} INFO - [2024-01-08T11:17:49.421-0300] {dag.py:3722} INFO - Setting next_dagrun for example_setup_teardown_taskflow to 2024-01-07T14:17:49.421831+00:00, run_after=2024-01-08T14:17:49.421831+00:00
[2024-01-08T11:17:49.438-0300] {processor.py:179} INFO - Processing /home/felipe/.local/lib/python3.11/site-packages/airflow/example_dags/example_setup_teardown_taskflow.py took 0.073 seconds
[2024-01-08T11:18:53.040-0300] {processor.py:157} INFO - Started process (PID=13291) to work on /home/felipe/.local/lib/python3.11/site-packages/airflow/example_dags/example_setup_teardown_taskflow.py
[2024-01-08T11:18:53.053-0300] {processor.py:829} INFO - Processing file /home/felipe/.local/lib/python3.11/site-packages/airflow/example_dags/example_setup_teardown_taskflow.py for tasks to queue
[2024-01-08T11:18:53.053-0300] {logging_mixin.py:154} INFO - [2024-01-08T11:18:53.053-0300] {dagbag.py:536} INFO - Filling up the DagBag from /home/felipe/.local/lib/python3.11/site-packages/airflow/example_dags/example_setup_teardown_taskflow.py
[2024-01-08T11:18:53.059-0300] {processor.py:839} INFO - DAG(s) dict_keys(['example_setup_teardown_taskflow']) retrieved from /home/felipe/.local/lib/python3.11/site-packages/airflow/example_dags/example_setup_teardown_taskflow.py
[2024-01-08T11:18:53.069-0300] {logging_mixin.py:154} INFO - [2024-01-08T11:18:53.069-0300] {dag.py:2941} INFO - Sync 1 DAGs
[2024-01-08T11:18:53.077-0300] {logging_mixin.py:154} INFO - [2024-01-08T11:18:53.077-0300] {dag.py:3722} INFO - Setting next_dagrun for example_setup_teardown_taskflow to 2024-01-07T14:18:53.077333+00:00, run_after=2024-01-08T14:18:53.077333+00:00
[2024-01-08T11:18:53.086-0300] {processor.py:179} INFO - Processing /home/felipe/.local/lib/python3.11/site-packages/airflow/example_dags/example_setup_teardown_taskflow.py took 0.049 seconds
[2024-01-08T11:20:01.396-0300] {processor.py:157} INFO - Started process (PID=13465) to work on /home/felipe/.local/lib/python3.11/site-packages/airflow/example_dags/example_setup_teardown_taskflow.py
[2024-01-08T11:20:01.451-0300] {processor.py:829} INFO - Processing file /home/felipe/.local/lib/python3.11/site-packages/airflow/example_dags/example_setup_teardown_taskflow.py for tasks to queue
[2024-01-08T11:20:01.451-0300] {logging_mixin.py:154} INFO - [2024-01-08T11:20:01.451-0300] {dagbag.py:536} INFO - Filling up the DagBag from /home/felipe/.local/lib/python3.11/site-packages/airflow/example_dags/example_setup_teardown_taskflow.py
[2024-01-08T11:20:01.457-0300] {processor.py:839} INFO - DAG(s) dict_keys(['example_setup_teardown_taskflow']) retrieved from /home/felipe/.local/lib/python3.11/site-packages/airflow/example_dags/example_setup_teardown_taskflow.py
[2024-01-08T11:20:01.465-0300] {logging_mixin.py:154} INFO - [2024-01-08T11:20:01.465-0300] {dag.py:2941} INFO - Sync 1 DAGs
[2024-01-08T11:20:01.473-0300] {logging_mixin.py:154} INFO - [2024-01-08T11:20:01.473-0300] {dag.py:3722} INFO - Setting next_dagrun for example_setup_teardown_taskflow to 2024-01-07T14:20:01.473458+00:00, run_after=2024-01-08T14:20:01.473458+00:00
[2024-01-08T11:20:01.489-0300] {processor.py:179} INFO - Processing /home/felipe/.local/lib/python3.11/site-packages/airflow/example_dags/example_setup_teardown_taskflow.py took 0.095 seconds
[2024-01-08T11:34:33.652-0300] {processor.py:157} INFO - Started process (PID=16263) to work on /home/felipe/.local/lib/python3.11/site-packages/airflow/example_dags/example_setup_teardown_taskflow.py
[2024-01-08T11:34:33.684-0300] {processor.py:829} INFO - Processing file /home/felipe/.local/lib/python3.11/site-packages/airflow/example_dags/example_setup_teardown_taskflow.py for tasks to queue
[2024-01-08T11:34:33.685-0300] {logging_mixin.py:154} INFO - [2024-01-08T11:34:33.685-0300] {dagbag.py:536} INFO - Filling up the DagBag from /home/felipe/.local/lib/python3.11/site-packages/airflow/example_dags/example_setup_teardown_taskflow.py
[2024-01-08T11:34:33.691-0300] {processor.py:839} INFO - DAG(s) dict_keys(['example_setup_teardown_taskflow']) retrieved from /home/felipe/.local/lib/python3.11/site-packages/airflow/example_dags/example_setup_teardown_taskflow.py
[2024-01-08T11:34:33.701-0300] {logging_mixin.py:154} INFO - [2024-01-08T11:34:33.701-0300] {dag.py:2941} INFO - Sync 1 DAGs
[2024-01-08T11:34:33.711-0300] {logging_mixin.py:154} INFO - [2024-01-08T11:34:33.711-0300] {dag.py:3722} INFO - Setting next_dagrun for example_setup_teardown_taskflow to 2024-01-07T14:34:33.710999+00:00, run_after=2024-01-08T14:34:33.710999+00:00
[2024-01-08T11:34:33.727-0300] {processor.py:179} INFO - Processing /home/felipe/.local/lib/python3.11/site-packages/airflow/example_dags/example_setup_teardown_taskflow.py took 0.077 seconds
[2024-01-08T11:35:37.819-0300] {processor.py:157} INFO - Started process (PID=16415) to work on /home/felipe/.local/lib/python3.11/site-packages/airflow/example_dags/example_setup_teardown_taskflow.py
[2024-01-08T11:35:37.851-0300] {processor.py:829} INFO - Processing file /home/felipe/.local/lib/python3.11/site-packages/airflow/example_dags/example_setup_teardown_taskflow.py for tasks to queue
[2024-01-08T11:35:37.851-0300] {logging_mixin.py:154} INFO - [2024-01-08T11:35:37.851-0300] {dagbag.py:536} INFO - Filling up the DagBag from /home/felipe/.local/lib/python3.11/site-packages/airflow/example_dags/example_setup_teardown_taskflow.py
[2024-01-08T11:35:37.857-0300] {processor.py:839} INFO - DAG(s) dict_keys(['example_setup_teardown_taskflow']) retrieved from /home/felipe/.local/lib/python3.11/site-packages/airflow/example_dags/example_setup_teardown_taskflow.py
[2024-01-08T11:35:37.867-0300] {logging_mixin.py:154} INFO - [2024-01-08T11:35:37.867-0300] {dag.py:2941} INFO - Sync 1 DAGs
[2024-01-08T11:35:37.876-0300] {logging_mixin.py:154} INFO - [2024-01-08T11:35:37.876-0300] {dag.py:3722} INFO - Setting next_dagrun for example_setup_teardown_taskflow to 2024-01-07T14:35:37.876209+00:00, run_after=2024-01-08T14:35:37.876209+00:00
[2024-01-08T11:35:37.892-0300] {processor.py:179} INFO - Processing /home/felipe/.local/lib/python3.11/site-packages/airflow/example_dags/example_setup_teardown_taskflow.py took 0.076 seconds
[2024-01-08T11:36:41.512-0300] {processor.py:157} INFO - Started process (PID=16595) to work on /home/felipe/.local/lib/python3.11/site-packages/airflow/example_dags/example_setup_teardown_taskflow.py
[2024-01-08T11:36:41.544-0300] {processor.py:829} INFO - Processing file /home/felipe/.local/lib/python3.11/site-packages/airflow/example_dags/example_setup_teardown_taskflow.py for tasks to queue
[2024-01-08T11:36:41.545-0300] {logging_mixin.py:154} INFO - [2024-01-08T11:36:41.544-0300] {dagbag.py:536} INFO - Filling up the DagBag from /home/felipe/.local/lib/python3.11/site-packages/airflow/example_dags/example_setup_teardown_taskflow.py
[2024-01-08T11:36:41.550-0300] {processor.py:839} INFO - DAG(s) dict_keys(['example_setup_teardown_taskflow']) retrieved from /home/felipe/.local/lib/python3.11/site-packages/airflow/example_dags/example_setup_teardown_taskflow.py
[2024-01-08T11:36:41.560-0300] {logging_mixin.py:154} INFO - [2024-01-08T11:36:41.559-0300] {dag.py:2941} INFO - Sync 1 DAGs
[2024-01-08T11:36:41.569-0300] {logging_mixin.py:154} INFO - [2024-01-08T11:36:41.569-0300] {dag.py:3722} INFO - Setting next_dagrun for example_setup_teardown_taskflow to 2024-01-07T14:36:41.569291+00:00, run_after=2024-01-08T14:36:41.569291+00:00
[2024-01-08T11:36:41.579-0300] {processor.py:179} INFO - Processing /home/felipe/.local/lib/python3.11/site-packages/airflow/example_dags/example_setup_teardown_taskflow.py took 0.069 seconds
