[2024-01-08T11:08:34.560-0300] {processor.py:157} INFO - Started process (PID=11945) to work on /home/felipe/.local/lib/python3.11/site-packages/airflow/example_dags/example_params_ui_tutorial.py
[2024-01-08T11:08:34.560-0300] {processor.py:829} INFO - Processing file /home/felipe/.local/lib/python3.11/site-packages/airflow/example_dags/example_params_ui_tutorial.py for tasks to queue
[2024-01-08T11:08:34.560-0300] {logging_mixin.py:154} INFO - [2024-01-08T11:08:34.560-0300] {dagbag.py:536} INFO - Filling up the DagBag from /home/felipe/.local/lib/python3.11/site-packages/airflow/example_dags/example_params_ui_tutorial.py
[2024-01-08T11:08:34.576-0300] {processor.py:839} INFO - DAG(s) dict_keys(['example_params_ui_tutorial']) retrieved from /home/felipe/.local/lib/python3.11/site-packages/airflow/example_dags/example_params_ui_tutorial.py
[2024-01-08T11:08:34.598-0300] {logging_mixin.py:154} INFO - [2024-01-08T11:08:34.598-0300] {dag.py:2941} INFO - Sync 1 DAGs
[2024-01-08T11:08:34.604-0300] {logging_mixin.py:154} INFO - [2024-01-08T11:08:34.604-0300] {dag.py:3722} INFO - Setting next_dagrun for example_params_ui_tutorial to None, run_after=None
[2024-01-08T11:08:34.645-0300] {processor.py:179} INFO - Processing /home/felipe/.local/lib/python3.11/site-packages/airflow/example_dags/example_params_ui_tutorial.py took 0.088 seconds
[2024-01-08T11:09:40.176-0300] {processor.py:157} INFO - Started process (PID=12032) to work on /home/felipe/.local/lib/python3.11/site-packages/airflow/example_dags/example_params_ui_tutorial.py
[2024-01-08T11:09:40.208-0300] {processor.py:829} INFO - Processing file /home/felipe/.local/lib/python3.11/site-packages/airflow/example_dags/example_params_ui_tutorial.py for tasks to queue
[2024-01-08T11:09:40.209-0300] {logging_mixin.py:154} INFO - [2024-01-08T11:09:40.208-0300] {dagbag.py:536} INFO - Filling up the DagBag from /home/felipe/.local/lib/python3.11/site-packages/airflow/example_dags/example_params_ui_tutorial.py
[2024-01-08T11:09:40.222-0300] {processor.py:839} INFO - DAG(s) dict_keys(['example_params_ui_tutorial']) retrieved from /home/felipe/.local/lib/python3.11/site-packages/airflow/example_dags/example_params_ui_tutorial.py
[2024-01-08T11:09:40.242-0300] {logging_mixin.py:154} INFO - [2024-01-08T11:09:40.242-0300] {dag.py:2941} INFO - Sync 1 DAGs
[2024-01-08T11:09:40.247-0300] {logging_mixin.py:154} INFO - [2024-01-08T11:09:40.247-0300] {dag.py:3722} INFO - Setting next_dagrun for example_params_ui_tutorial to None, run_after=None
[2024-01-08T11:09:40.264-0300] {processor.py:179} INFO - Processing /home/felipe/.local/lib/python3.11/site-packages/airflow/example_dags/example_params_ui_tutorial.py took 0.089 seconds
[2024-01-08T11:15:18.587-0300] {processor.py:157} INFO - Started process (PID=12459) to work on /home/felipe/.local/lib/python3.11/site-packages/airflow/example_dags/example_params_ui_tutorial.py
[2024-01-08T11:15:18.656-0300] {processor.py:829} INFO - Processing file /home/felipe/.local/lib/python3.11/site-packages/airflow/example_dags/example_params_ui_tutorial.py for tasks to queue
[2024-01-08T11:15:18.657-0300] {logging_mixin.py:154} INFO - [2024-01-08T11:15:18.656-0300] {dagbag.py:536} INFO - Filling up the DagBag from /home/felipe/.local/lib/python3.11/site-packages/airflow/example_dags/example_params_ui_tutorial.py
[2024-01-08T11:15:18.670-0300] {processor.py:839} INFO - DAG(s) dict_keys(['example_params_ui_tutorial']) retrieved from /home/felipe/.local/lib/python3.11/site-packages/airflow/example_dags/example_params_ui_tutorial.py
[2024-01-08T11:15:18.692-0300] {logging_mixin.py:154} INFO - [2024-01-08T11:15:18.692-0300] {dag.py:2941} INFO - Sync 1 DAGs
[2024-01-08T11:15:18.698-0300] {logging_mixin.py:154} INFO - [2024-01-08T11:15:18.698-0300] {dag.py:3722} INFO - Setting next_dagrun for example_params_ui_tutorial to None, run_after=None
[2024-01-08T11:15:18.714-0300] {processor.py:179} INFO - Processing /home/felipe/.local/lib/python3.11/site-packages/airflow/example_dags/example_params_ui_tutorial.py took 0.130 seconds
[2024-01-08T11:16:25.075-0300] {processor.py:157} INFO - Started process (PID=12640) to work on /home/felipe/.local/lib/python3.11/site-packages/airflow/example_dags/example_params_ui_tutorial.py
[2024-01-08T11:16:25.107-0300] {processor.py:829} INFO - Processing file /home/felipe/.local/lib/python3.11/site-packages/airflow/example_dags/example_params_ui_tutorial.py for tasks to queue
[2024-01-08T11:16:25.108-0300] {logging_mixin.py:154} INFO - [2024-01-08T11:16:25.108-0300] {dagbag.py:536} INFO - Filling up the DagBag from /home/felipe/.local/lib/python3.11/site-packages/airflow/example_dags/example_params_ui_tutorial.py
[2024-01-08T11:16:25.122-0300] {processor.py:839} INFO - DAG(s) dict_keys(['example_params_ui_tutorial']) retrieved from /home/felipe/.local/lib/python3.11/site-packages/airflow/example_dags/example_params_ui_tutorial.py
[2024-01-08T11:16:25.143-0300] {logging_mixin.py:154} INFO - [2024-01-08T11:16:25.143-0300] {dag.py:2941} INFO - Sync 1 DAGs
[2024-01-08T11:16:25.149-0300] {logging_mixin.py:154} INFO - [2024-01-08T11:16:25.149-0300] {dag.py:3722} INFO - Setting next_dagrun for example_params_ui_tutorial to None, run_after=None
[2024-01-08T11:16:25.158-0300] {processor.py:179} INFO - Processing /home/felipe/.local/lib/python3.11/site-packages/airflow/example_dags/example_params_ui_tutorial.py took 0.085 seconds
[2024-01-08T11:17:32.264-0300] {processor.py:157} INFO - Started process (PID=12966) to work on /home/felipe/.local/lib/python3.11/site-packages/airflow/example_dags/example_params_ui_tutorial.py
[2024-01-08T11:17:32.296-0300] {processor.py:829} INFO - Processing file /home/felipe/.local/lib/python3.11/site-packages/airflow/example_dags/example_params_ui_tutorial.py for tasks to queue
[2024-01-08T11:17:32.297-0300] {logging_mixin.py:154} INFO - [2024-01-08T11:17:32.297-0300] {dagbag.py:536} INFO - Filling up the DagBag from /home/felipe/.local/lib/python3.11/site-packages/airflow/example_dags/example_params_ui_tutorial.py
[2024-01-08T11:17:32.311-0300] {processor.py:839} INFO - DAG(s) dict_keys(['example_params_ui_tutorial']) retrieved from /home/felipe/.local/lib/python3.11/site-packages/airflow/example_dags/example_params_ui_tutorial.py
[2024-01-08T11:17:32.331-0300] {logging_mixin.py:154} INFO - [2024-01-08T11:17:32.331-0300] {dag.py:2941} INFO - Sync 1 DAGs
[2024-01-08T11:17:32.336-0300] {logging_mixin.py:154} INFO - [2024-01-08T11:17:32.336-0300] {dag.py:3722} INFO - Setting next_dagrun for example_params_ui_tutorial to None, run_after=None
[2024-01-08T11:17:32.353-0300] {processor.py:179} INFO - Processing /home/felipe/.local/lib/python3.11/site-packages/airflow/example_dags/example_params_ui_tutorial.py took 0.090 seconds
[2024-01-08T11:18:36.496-0300] {processor.py:157} INFO - Started process (PID=13268) to work on /home/felipe/.local/lib/python3.11/site-packages/airflow/example_dags/example_params_ui_tutorial.py
[2024-01-08T11:18:36.528-0300] {processor.py:829} INFO - Processing file /home/felipe/.local/lib/python3.11/site-packages/airflow/example_dags/example_params_ui_tutorial.py for tasks to queue
[2024-01-08T11:18:36.529-0300] {logging_mixin.py:154} INFO - [2024-01-08T11:18:36.528-0300] {dagbag.py:536} INFO - Filling up the DagBag from /home/felipe/.local/lib/python3.11/site-packages/airflow/example_dags/example_params_ui_tutorial.py
[2024-01-08T11:18:36.543-0300] {processor.py:839} INFO - DAG(s) dict_keys(['example_params_ui_tutorial']) retrieved from /home/felipe/.local/lib/python3.11/site-packages/airflow/example_dags/example_params_ui_tutorial.py
[2024-01-08T11:18:36.563-0300] {logging_mixin.py:154} INFO - [2024-01-08T11:18:36.563-0300] {dag.py:2941} INFO - Sync 1 DAGs
[2024-01-08T11:18:36.569-0300] {logging_mixin.py:154} INFO - [2024-01-08T11:18:36.569-0300] {dag.py:3722} INFO - Setting next_dagrun for example_params_ui_tutorial to None, run_after=None
[2024-01-08T11:18:36.586-0300] {processor.py:179} INFO - Processing /home/felipe/.local/lib/python3.11/site-packages/airflow/example_dags/example_params_ui_tutorial.py took 0.092 seconds
[2024-01-08T11:19:43.566-0300] {processor.py:157} INFO - Started process (PID=13401) to work on /home/felipe/.local/lib/python3.11/site-packages/airflow/example_dags/example_params_ui_tutorial.py
[2024-01-08T11:19:43.598-0300] {processor.py:829} INFO - Processing file /home/felipe/.local/lib/python3.11/site-packages/airflow/example_dags/example_params_ui_tutorial.py for tasks to queue
[2024-01-08T11:19:43.599-0300] {logging_mixin.py:154} INFO - [2024-01-08T11:19:43.599-0300] {dagbag.py:536} INFO - Filling up the DagBag from /home/felipe/.local/lib/python3.11/site-packages/airflow/example_dags/example_params_ui_tutorial.py
[2024-01-08T11:19:43.613-0300] {processor.py:839} INFO - DAG(s) dict_keys(['example_params_ui_tutorial']) retrieved from /home/felipe/.local/lib/python3.11/site-packages/airflow/example_dags/example_params_ui_tutorial.py
[2024-01-08T11:19:43.632-0300] {logging_mixin.py:154} INFO - [2024-01-08T11:19:43.631-0300] {dag.py:2941} INFO - Sync 1 DAGs
[2024-01-08T11:19:43.637-0300] {logging_mixin.py:154} INFO - [2024-01-08T11:19:43.637-0300] {dag.py:3722} INFO - Setting next_dagrun for example_params_ui_tutorial to None, run_after=None
[2024-01-08T11:19:43.653-0300] {processor.py:179} INFO - Processing /home/felipe/.local/lib/python3.11/site-packages/airflow/example_dags/example_params_ui_tutorial.py took 0.089 seconds
[2024-01-08T11:34:15.654-0300] {processor.py:157} INFO - Started process (PID=16214) to work on /home/felipe/.local/lib/python3.11/site-packages/airflow/example_dags/example_params_ui_tutorial.py
[2024-01-08T11:34:15.655-0300] {processor.py:829} INFO - Processing file /home/felipe/.local/lib/python3.11/site-packages/airflow/example_dags/example_params_ui_tutorial.py for tasks to queue
[2024-01-08T11:34:15.655-0300] {logging_mixin.py:154} INFO - [2024-01-08T11:34:15.655-0300] {dagbag.py:536} INFO - Filling up the DagBag from /home/felipe/.local/lib/python3.11/site-packages/airflow/example_dags/example_params_ui_tutorial.py
[2024-01-08T11:34:15.677-0300] {processor.py:839} INFO - DAG(s) dict_keys(['example_params_ui_tutorial']) retrieved from /home/felipe/.local/lib/python3.11/site-packages/airflow/example_dags/example_params_ui_tutorial.py
[2024-01-08T11:34:15.701-0300] {logging_mixin.py:154} INFO - [2024-01-08T11:34:15.700-0300] {dag.py:2941} INFO - Sync 1 DAGs
[2024-01-08T11:34:15.707-0300] {logging_mixin.py:154} INFO - [2024-01-08T11:34:15.707-0300] {dag.py:3722} INFO - Setting next_dagrun for example_params_ui_tutorial to None, run_after=None
[2024-01-08T11:34:15.718-0300] {processor.py:179} INFO - Processing /home/felipe/.local/lib/python3.11/site-packages/airflow/example_dags/example_params_ui_tutorial.py took 0.065 seconds
[2024-01-08T11:35:20.593-0300] {processor.py:157} INFO - Started process (PID=16364) to work on /home/felipe/.local/lib/python3.11/site-packages/airflow/example_dags/example_params_ui_tutorial.py
[2024-01-08T11:35:20.625-0300] {processor.py:829} INFO - Processing file /home/felipe/.local/lib/python3.11/site-packages/airflow/example_dags/example_params_ui_tutorial.py for tasks to queue
[2024-01-08T11:35:20.626-0300] {logging_mixin.py:154} INFO - [2024-01-08T11:35:20.625-0300] {dagbag.py:536} INFO - Filling up the DagBag from /home/felipe/.local/lib/python3.11/site-packages/airflow/example_dags/example_params_ui_tutorial.py
[2024-01-08T11:35:20.640-0300] {processor.py:839} INFO - DAG(s) dict_keys(['example_params_ui_tutorial']) retrieved from /home/felipe/.local/lib/python3.11/site-packages/airflow/example_dags/example_params_ui_tutorial.py
[2024-01-08T11:35:20.668-0300] {logging_mixin.py:154} INFO - [2024-01-08T11:35:20.668-0300] {dag.py:2941} INFO - Sync 1 DAGs
[2024-01-08T11:35:20.674-0300] {logging_mixin.py:154} INFO - [2024-01-08T11:35:20.674-0300] {dag.py:3722} INFO - Setting next_dagrun for example_params_ui_tutorial to None, run_after=None
[2024-01-08T11:35:20.683-0300] {processor.py:179} INFO - Processing /home/felipe/.local/lib/python3.11/site-packages/airflow/example_dags/example_params_ui_tutorial.py took 0.092 seconds
[2024-01-08T11:36:23.747-0300] {processor.py:157} INFO - Started process (PID=16540) to work on /home/felipe/.local/lib/python3.11/site-packages/airflow/example_dags/example_params_ui_tutorial.py
[2024-01-08T11:36:23.779-0300] {processor.py:829} INFO - Processing file /home/felipe/.local/lib/python3.11/site-packages/airflow/example_dags/example_params_ui_tutorial.py for tasks to queue
[2024-01-08T11:36:23.780-0300] {logging_mixin.py:154} INFO - [2024-01-08T11:36:23.779-0300] {dagbag.py:536} INFO - Filling up the DagBag from /home/felipe/.local/lib/python3.11/site-packages/airflow/example_dags/example_params_ui_tutorial.py
[2024-01-08T11:36:23.794-0300] {processor.py:839} INFO - DAG(s) dict_keys(['example_params_ui_tutorial']) retrieved from /home/felipe/.local/lib/python3.11/site-packages/airflow/example_dags/example_params_ui_tutorial.py
[2024-01-08T11:36:23.813-0300] {logging_mixin.py:154} INFO - [2024-01-08T11:36:23.813-0300] {dag.py:2941} INFO - Sync 1 DAGs
[2024-01-08T11:36:23.819-0300] {logging_mixin.py:154} INFO - [2024-01-08T11:36:23.818-0300] {dag.py:3722} INFO - Setting next_dagrun for example_params_ui_tutorial to None, run_after=None
[2024-01-08T11:36:23.835-0300] {processor.py:179} INFO - Processing /home/felipe/.local/lib/python3.11/site-packages/airflow/example_dags/example_params_ui_tutorial.py took 0.090 seconds
[2024-01-08T11:37:30.138-0300] {processor.py:157} INFO - Started process (PID=16812) to work on /home/felipe/.local/lib/python3.11/site-packages/airflow/example_dags/example_params_ui_tutorial.py
[2024-01-08T11:37:30.139-0300] {processor.py:829} INFO - Processing file /home/felipe/.local/lib/python3.11/site-packages/airflow/example_dags/example_params_ui_tutorial.py for tasks to queue
[2024-01-08T11:37:30.139-0300] {logging_mixin.py:154} INFO - [2024-01-08T11:37:30.139-0300] {dagbag.py:536} INFO - Filling up the DagBag from /home/felipe/.local/lib/python3.11/site-packages/airflow/example_dags/example_params_ui_tutorial.py
[2024-01-08T11:37:30.164-0300] {processor.py:839} INFO - DAG(s) dict_keys(['example_params_ui_tutorial']) retrieved from /home/felipe/.local/lib/python3.11/site-packages/airflow/example_dags/example_params_ui_tutorial.py
[2024-01-08T11:37:30.184-0300] {logging_mixin.py:154} INFO - [2024-01-08T11:37:30.184-0300] {dag.py:2941} INFO - Sync 1 DAGs
[2024-01-08T11:37:30.190-0300] {logging_mixin.py:154} INFO - [2024-01-08T11:37:30.190-0300] {dag.py:3722} INFO - Setting next_dagrun for example_params_ui_tutorial to None, run_after=None
[2024-01-08T11:37:30.207-0300] {processor.py:179} INFO - Processing /home/felipe/.local/lib/python3.11/site-packages/airflow/example_dags/example_params_ui_tutorial.py took 0.071 seconds
