[2024-01-08T11:09:07.377-0300] {processor.py:157} INFO - Started process (PID=11984) to work on /home/felipe/.local/lib/python3.11/site-packages/airflow/example_dags/example_branch_operator.py
[2024-01-08T11:09:07.377-0300] {processor.py:829} INFO - Processing file /home/felipe/.local/lib/python3.11/site-packages/airflow/example_dags/example_branch_operator.py for tasks to queue
[2024-01-08T11:09:07.377-0300] {logging_mixin.py:154} INFO - [2024-01-08T11:09:07.377-0300] {dagbag.py:536} INFO - Filling up the DagBag from /home/felipe/.local/lib/python3.11/site-packages/airflow/example_dags/example_branch_operator.py
[2024-01-08T11:09:07.383-0300] {processor.py:839} INFO - DAG(s) dict_keys(['example_branch_operator']) retrieved from /home/felipe/.local/lib/python3.11/site-packages/airflow/example_dags/example_branch_operator.py
[2024-01-08T11:09:07.393-0300] {logging_mixin.py:154} INFO - [2024-01-08T11:09:07.393-0300] {dag.py:2941} INFO - Sync 1 DAGs
[2024-01-08T11:09:07.404-0300] {logging_mixin.py:154} INFO - [2024-01-08T11:09:07.404-0300] {dag.py:3722} INFO - Setting next_dagrun for example_branch_operator to 2024-01-07T00:00:00+00:00, run_after=2024-01-08T00:00:00+00:00
[2024-01-08T11:09:07.458-0300] {processor.py:179} INFO - Processing /home/felipe/.local/lib/python3.11/site-packages/airflow/example_dags/example_branch_operator.py took 0.084 seconds
[2024-01-08T11:10:13.082-0300] {processor.py:157} INFO - Started process (PID=12089) to work on /home/felipe/.local/lib/python3.11/site-packages/airflow/example_dags/example_branch_operator.py
[2024-01-08T11:10:13.114-0300] {processor.py:829} INFO - Processing file /home/felipe/.local/lib/python3.11/site-packages/airflow/example_dags/example_branch_operator.py for tasks to queue
[2024-01-08T11:10:13.115-0300] {logging_mixin.py:154} INFO - [2024-01-08T11:10:13.114-0300] {dagbag.py:536} INFO - Filling up the DagBag from /home/felipe/.local/lib/python3.11/site-packages/airflow/example_dags/example_branch_operator.py
[2024-01-08T11:10:13.120-0300] {processor.py:839} INFO - DAG(s) dict_keys(['example_branch_operator']) retrieved from /home/felipe/.local/lib/python3.11/site-packages/airflow/example_dags/example_branch_operator.py
[2024-01-08T11:10:13.131-0300] {logging_mixin.py:154} INFO - [2024-01-08T11:10:13.131-0300] {dag.py:2941} INFO - Sync 1 DAGs
[2024-01-08T11:10:13.142-0300] {logging_mixin.py:154} INFO - [2024-01-08T11:10:13.142-0300] {dag.py:3722} INFO - Setting next_dagrun for example_branch_operator to 2024-01-07T00:00:00+00:00, run_after=2024-01-08T00:00:00+00:00
[2024-01-08T11:10:13.159-0300] {processor.py:179} INFO - Processing /home/felipe/.local/lib/python3.11/site-packages/airflow/example_dags/example_branch_operator.py took 0.079 seconds
[2024-01-08T11:15:51.556-0300] {processor.py:157} INFO - Started process (PID=12569) to work on /home/felipe/.local/lib/python3.11/site-packages/airflow/example_dags/example_branch_operator.py
[2024-01-08T11:15:51.608-0300] {processor.py:829} INFO - Processing file /home/felipe/.local/lib/python3.11/site-packages/airflow/example_dags/example_branch_operator.py for tasks to queue
[2024-01-08T11:15:51.608-0300] {logging_mixin.py:154} INFO - [2024-01-08T11:15:51.608-0300] {dagbag.py:536} INFO - Filling up the DagBag from /home/felipe/.local/lib/python3.11/site-packages/airflow/example_dags/example_branch_operator.py
[2024-01-08T11:15:51.614-0300] {processor.py:839} INFO - DAG(s) dict_keys(['example_branch_operator']) retrieved from /home/felipe/.local/lib/python3.11/site-packages/airflow/example_dags/example_branch_operator.py
[2024-01-08T11:15:51.623-0300] {logging_mixin.py:154} INFO - [2024-01-08T11:15:51.623-0300] {dag.py:2941} INFO - Sync 1 DAGs
[2024-01-08T11:15:51.631-0300] {logging_mixin.py:154} INFO - [2024-01-08T11:15:51.631-0300] {dag.py:3722} INFO - Setting next_dagrun for example_branch_operator to 2024-01-07T00:00:00+00:00, run_after=2024-01-08T00:00:00+00:00
[2024-01-08T11:15:51.647-0300] {processor.py:179} INFO - Processing /home/felipe/.local/lib/python3.11/site-packages/airflow/example_dags/example_branch_operator.py took 0.093 seconds
[2024-01-08T11:16:58.706-0300] {processor.py:157} INFO - Started process (PID=12799) to work on /home/felipe/.local/lib/python3.11/site-packages/airflow/example_dags/example_branch_operator.py
[2024-01-08T11:16:58.706-0300] {processor.py:829} INFO - Processing file /home/felipe/.local/lib/python3.11/site-packages/airflow/example_dags/example_branch_operator.py for tasks to queue
[2024-01-08T11:16:58.707-0300] {logging_mixin.py:154} INFO - [2024-01-08T11:16:58.707-0300] {dagbag.py:536} INFO - Filling up the DagBag from /home/felipe/.local/lib/python3.11/site-packages/airflow/example_dags/example_branch_operator.py
[2024-01-08T11:16:58.713-0300] {processor.py:839} INFO - DAG(s) dict_keys(['example_branch_operator']) retrieved from /home/felipe/.local/lib/python3.11/site-packages/airflow/example_dags/example_branch_operator.py
[2024-01-08T11:16:58.725-0300] {logging_mixin.py:154} INFO - [2024-01-08T11:16:58.725-0300] {dag.py:2941} INFO - Sync 1 DAGs
[2024-01-08T11:16:58.735-0300] {logging_mixin.py:154} INFO - [2024-01-08T11:16:58.735-0300] {dag.py:3722} INFO - Setting next_dagrun for example_branch_operator to 2024-01-07T00:00:00+00:00, run_after=2024-01-08T00:00:00+00:00
[2024-01-08T11:16:58.747-0300] {processor.py:179} INFO - Processing /home/felipe/.local/lib/python3.11/site-packages/airflow/example_dags/example_branch_operator.py took 0.044 seconds
[2024-01-08T11:18:04.772-0300] {processor.py:157} INFO - Started process (PID=13179) to work on /home/felipe/.local/lib/python3.11/site-packages/airflow/example_dags/example_branch_operator.py
[2024-01-08T11:18:04.804-0300] {processor.py:829} INFO - Processing file /home/felipe/.local/lib/python3.11/site-packages/airflow/example_dags/example_branch_operator.py for tasks to queue
[2024-01-08T11:18:04.805-0300] {logging_mixin.py:154} INFO - [2024-01-08T11:18:04.805-0300] {dagbag.py:536} INFO - Filling up the DagBag from /home/felipe/.local/lib/python3.11/site-packages/airflow/example_dags/example_branch_operator.py
[2024-01-08T11:18:04.810-0300] {processor.py:839} INFO - DAG(s) dict_keys(['example_branch_operator']) retrieved from /home/felipe/.local/lib/python3.11/site-packages/airflow/example_dags/example_branch_operator.py
[2024-01-08T11:18:04.820-0300] {logging_mixin.py:154} INFO - [2024-01-08T11:18:04.820-0300] {dag.py:2941} INFO - Sync 1 DAGs
[2024-01-08T11:18:04.829-0300] {logging_mixin.py:154} INFO - [2024-01-08T11:18:04.829-0300] {dag.py:3722} INFO - Setting next_dagrun for example_branch_operator to 2024-01-07T00:00:00+00:00, run_after=2024-01-08T00:00:00+00:00
[2024-01-08T11:18:04.845-0300] {processor.py:179} INFO - Processing /home/felipe/.local/lib/python3.11/site-packages/airflow/example_dags/example_branch_operator.py took 0.075 seconds
[2024-01-08T11:19:08.459-0300] {processor.py:157} INFO - Started process (PID=13307) to work on /home/felipe/.local/lib/python3.11/site-packages/airflow/example_dags/example_branch_operator.py
[2024-01-08T11:19:08.460-0300] {processor.py:829} INFO - Processing file /home/felipe/.local/lib/python3.11/site-packages/airflow/example_dags/example_branch_operator.py for tasks to queue
[2024-01-08T11:19:08.460-0300] {logging_mixin.py:154} INFO - [2024-01-08T11:19:08.460-0300] {dagbag.py:536} INFO - Filling up the DagBag from /home/felipe/.local/lib/python3.11/site-packages/airflow/example_dags/example_branch_operator.py
[2024-01-08T11:19:08.465-0300] {processor.py:839} INFO - DAG(s) dict_keys(['example_branch_operator']) retrieved from /home/felipe/.local/lib/python3.11/site-packages/airflow/example_dags/example_branch_operator.py
[2024-01-08T11:19:08.475-0300] {logging_mixin.py:154} INFO - [2024-01-08T11:19:08.475-0300] {dag.py:2941} INFO - Sync 1 DAGs
[2024-01-08T11:19:08.484-0300] {logging_mixin.py:154} INFO - [2024-01-08T11:19:08.484-0300] {dag.py:3722} INFO - Setting next_dagrun for example_branch_operator to 2024-01-07T00:00:00+00:00, run_after=2024-01-08T00:00:00+00:00
[2024-01-08T11:19:08.493-0300] {processor.py:179} INFO - Processing /home/felipe/.local/lib/python3.11/site-packages/airflow/example_dags/example_branch_operator.py took 0.035 seconds
[2024-01-08T11:20:15.517-0300] {processor.py:157} INFO - Started process (PID=13487) to work on /home/felipe/.local/lib/python3.11/site-packages/airflow/example_dags/example_branch_operator.py
[2024-01-08T11:20:15.523-0300] {processor.py:829} INFO - Processing file /home/felipe/.local/lib/python3.11/site-packages/airflow/example_dags/example_branch_operator.py for tasks to queue
[2024-01-08T11:20:15.524-0300] {logging_mixin.py:154} INFO - [2024-01-08T11:20:15.524-0300] {dagbag.py:536} INFO - Filling up the DagBag from /home/felipe/.local/lib/python3.11/site-packages/airflow/example_dags/example_branch_operator.py
[2024-01-08T11:20:15.531-0300] {processor.py:839} INFO - DAG(s) dict_keys(['example_branch_operator']) retrieved from /home/felipe/.local/lib/python3.11/site-packages/airflow/example_dags/example_branch_operator.py
[2024-01-08T11:20:15.542-0300] {logging_mixin.py:154} INFO - [2024-01-08T11:20:15.542-0300] {dag.py:2941} INFO - Sync 1 DAGs
[2024-01-08T11:20:15.552-0300] {logging_mixin.py:154} INFO - [2024-01-08T11:20:15.551-0300] {dag.py:3722} INFO - Setting next_dagrun for example_branch_operator to 2024-01-07T00:00:00+00:00, run_after=2024-01-08T00:00:00+00:00
[2024-01-08T11:20:15.561-0300] {processor.py:179} INFO - Processing /home/felipe/.local/lib/python3.11/site-packages/airflow/example_dags/example_branch_operator.py took 0.047 seconds
[2024-01-08T11:34:48.488-0300] {processor.py:157} INFO - Started process (PID=16282) to work on /home/felipe/.local/lib/python3.11/site-packages/airflow/example_dags/example_branch_operator.py
[2024-01-08T11:34:48.521-0300] {processor.py:829} INFO - Processing file /home/felipe/.local/lib/python3.11/site-packages/airflow/example_dags/example_branch_operator.py for tasks to queue
[2024-01-08T11:34:48.521-0300] {logging_mixin.py:154} INFO - [2024-01-08T11:34:48.521-0300] {dagbag.py:536} INFO - Filling up the DagBag from /home/felipe/.local/lib/python3.11/site-packages/airflow/example_dags/example_branch_operator.py
[2024-01-08T11:34:48.527-0300] {processor.py:839} INFO - DAG(s) dict_keys(['example_branch_operator']) retrieved from /home/felipe/.local/lib/python3.11/site-packages/airflow/example_dags/example_branch_operator.py
[2024-01-08T11:34:48.537-0300] {logging_mixin.py:154} INFO - [2024-01-08T11:34:48.537-0300] {dag.py:2941} INFO - Sync 1 DAGs
[2024-01-08T11:34:48.548-0300] {logging_mixin.py:154} INFO - [2024-01-08T11:34:48.548-0300] {dag.py:3722} INFO - Setting next_dagrun for example_branch_operator to 2024-01-07T00:00:00+00:00, run_after=2024-01-08T00:00:00+00:00
[2024-01-08T11:34:48.566-0300] {processor.py:179} INFO - Processing /home/felipe/.local/lib/python3.11/site-packages/airflow/example_dags/example_branch_operator.py took 0.079 seconds
[2024-01-08T11:35:52.604-0300] {processor.py:157} INFO - Started process (PID=16474) to work on /home/felipe/.local/lib/python3.11/site-packages/airflow/example_dags/example_branch_operator.py
[2024-01-08T11:35:52.605-0300] {processor.py:829} INFO - Processing file /home/felipe/.local/lib/python3.11/site-packages/airflow/example_dags/example_branch_operator.py for tasks to queue
[2024-01-08T11:35:52.605-0300] {logging_mixin.py:154} INFO - [2024-01-08T11:35:52.605-0300] {dagbag.py:536} INFO - Filling up the DagBag from /home/felipe/.local/lib/python3.11/site-packages/airflow/example_dags/example_branch_operator.py
[2024-01-08T11:35:52.611-0300] {processor.py:839} INFO - DAG(s) dict_keys(['example_branch_operator']) retrieved from /home/felipe/.local/lib/python3.11/site-packages/airflow/example_dags/example_branch_operator.py
[2024-01-08T11:35:52.622-0300] {logging_mixin.py:154} INFO - [2024-01-08T11:35:52.622-0300] {dag.py:2941} INFO - Sync 1 DAGs
[2024-01-08T11:35:52.632-0300] {logging_mixin.py:154} INFO - [2024-01-08T11:35:52.632-0300] {dag.py:3722} INFO - Setting next_dagrun for example_branch_operator to 2024-01-07T00:00:00+00:00, run_after=2024-01-08T00:00:00+00:00
[2024-01-08T11:35:52.649-0300] {processor.py:179} INFO - Processing /home/felipe/.local/lib/python3.11/site-packages/airflow/example_dags/example_branch_operator.py took 0.047 seconds
[2024-01-08T11:36:55.706-0300] {processor.py:157} INFO - Started process (PID=16637) to work on /home/felipe/.local/lib/python3.11/site-packages/airflow/example_dags/example_branch_operator.py
[2024-01-08T11:36:55.707-0300] {processor.py:829} INFO - Processing file /home/felipe/.local/lib/python3.11/site-packages/airflow/example_dags/example_branch_operator.py for tasks to queue
[2024-01-08T11:36:55.707-0300] {logging_mixin.py:154} INFO - [2024-01-08T11:36:55.707-0300] {dagbag.py:536} INFO - Filling up the DagBag from /home/felipe/.local/lib/python3.11/site-packages/airflow/example_dags/example_branch_operator.py
[2024-01-08T11:36:55.713-0300] {processor.py:839} INFO - DAG(s) dict_keys(['example_branch_operator']) retrieved from /home/felipe/.local/lib/python3.11/site-packages/airflow/example_dags/example_branch_operator.py
[2024-01-08T11:36:55.722-0300] {logging_mixin.py:154} INFO - [2024-01-08T11:36:55.722-0300] {dag.py:2941} INFO - Sync 1 DAGs
[2024-01-08T11:36:55.733-0300] {logging_mixin.py:154} INFO - [2024-01-08T11:36:55.733-0300] {dag.py:3722} INFO - Setting next_dagrun for example_branch_operator to 2024-01-07T00:00:00+00:00, run_after=2024-01-08T00:00:00+00:00
[2024-01-08T11:36:55.742-0300] {processor.py:179} INFO - Processing /home/felipe/.local/lib/python3.11/site-packages/airflow/example_dags/example_branch_operator.py took 0.038 seconds
