[2024-01-08T11:08:42.556-0300] {processor.py:157} INFO - Started process (PID=11958) to work on /home/felipe/.local/lib/python3.11/site-packages/airflow/example_dags/example_latest_only_with_trigger.py
[2024-01-08T11:08:42.556-0300] {processor.py:829} INFO - Processing file /home/felipe/.local/lib/python3.11/site-packages/airflow/example_dags/example_latest_only_with_trigger.py for tasks to queue
[2024-01-08T11:08:42.556-0300] {logging_mixin.py:154} INFO - [2024-01-08T11:08:42.556-0300] {dagbag.py:536} INFO - Filling up the DagBag from /home/felipe/.local/lib/python3.11/site-packages/airflow/example_dags/example_latest_only_with_trigger.py
[2024-01-08T11:08:42.561-0300] {processor.py:839} INFO - DAG(s) dict_keys(['latest_only_with_trigger']) retrieved from /home/felipe/.local/lib/python3.11/site-packages/airflow/example_dags/example_latest_only_with_trigger.py
[2024-01-08T11:08:42.573-0300] {logging_mixin.py:154} INFO - [2024-01-08T11:08:42.573-0300] {dag.py:2941} INFO - Sync 1 DAGs
[2024-01-08T11:08:42.582-0300] {logging_mixin.py:154} INFO - [2024-01-08T11:08:42.582-0300] {dag.py:3722} INFO - Setting next_dagrun for latest_only_with_trigger to 2024-01-08T10:08:42.582538+00:00, run_after=2024-01-08T14:08:42.582538+00:00
[2024-01-08T11:08:42.591-0300] {processor.py:179} INFO - Processing /home/felipe/.local/lib/python3.11/site-packages/airflow/example_dags/example_latest_only_with_trigger.py took 0.037 seconds
[2024-01-08T11:09:48.179-0300] {processor.py:157} INFO - Started process (PID=12042) to work on /home/felipe/.local/lib/python3.11/site-packages/airflow/example_dags/example_latest_only_with_trigger.py
[2024-01-08T11:09:48.251-0300] {processor.py:829} INFO - Processing file /home/felipe/.local/lib/python3.11/site-packages/airflow/example_dags/example_latest_only_with_trigger.py for tasks to queue
[2024-01-08T11:09:48.252-0300] {logging_mixin.py:154} INFO - [2024-01-08T11:09:48.251-0300] {dagbag.py:536} INFO - Filling up the DagBag from /home/felipe/.local/lib/python3.11/site-packages/airflow/example_dags/example_latest_only_with_trigger.py
[2024-01-08T11:09:48.255-0300] {processor.py:839} INFO - DAG(s) dict_keys(['latest_only_with_trigger']) retrieved from /home/felipe/.local/lib/python3.11/site-packages/airflow/example_dags/example_latest_only_with_trigger.py
[2024-01-08T11:09:48.264-0300] {logging_mixin.py:154} INFO - [2024-01-08T11:09:48.264-0300] {dag.py:2941} INFO - Sync 1 DAGs
[2024-01-08T11:09:48.273-0300] {logging_mixin.py:154} INFO - [2024-01-08T11:09:48.273-0300] {dag.py:3722} INFO - Setting next_dagrun for latest_only_with_trigger to 2024-01-08T10:09:48.273705+00:00, run_after=2024-01-08T14:09:48.273705+00:00
[2024-01-08T11:09:48.285-0300] {processor.py:179} INFO - Processing /home/felipe/.local/lib/python3.11/site-packages/airflow/example_dags/example_latest_only_with_trigger.py took 0.108 seconds
[2024-01-08T11:15:26.581-0300] {processor.py:157} INFO - Started process (PID=12484) to work on /home/felipe/.local/lib/python3.11/site-packages/airflow/example_dags/example_latest_only_with_trigger.py
[2024-01-08T11:15:26.581-0300] {processor.py:829} INFO - Processing file /home/felipe/.local/lib/python3.11/site-packages/airflow/example_dags/example_latest_only_with_trigger.py for tasks to queue
[2024-01-08T11:15:26.582-0300] {logging_mixin.py:154} INFO - [2024-01-08T11:15:26.582-0300] {dagbag.py:536} INFO - Filling up the DagBag from /home/felipe/.local/lib/python3.11/site-packages/airflow/example_dags/example_latest_only_with_trigger.py
[2024-01-08T11:15:26.585-0300] {processor.py:839} INFO - DAG(s) dict_keys(['latest_only_with_trigger']) retrieved from /home/felipe/.local/lib/python3.11/site-packages/airflow/example_dags/example_latest_only_with_trigger.py
[2024-01-08T11:15:26.597-0300] {logging_mixin.py:154} INFO - [2024-01-08T11:15:26.597-0300] {dag.py:2941} INFO - Sync 1 DAGs
[2024-01-08T11:15:26.605-0300] {logging_mixin.py:154} INFO - [2024-01-08T11:15:26.605-0300] {dag.py:3722} INFO - Setting next_dagrun for latest_only_with_trigger to 2024-01-08T10:15:26.605654+00:00, run_after=2024-01-08T14:15:26.605654+00:00
[2024-01-08T11:15:26.614-0300] {processor.py:179} INFO - Processing /home/felipe/.local/lib/python3.11/site-packages/airflow/example_dags/example_latest_only_with_trigger.py took 0.035 seconds
[2024-01-08T11:16:35.221-0300] {processor.py:157} INFO - Started process (PID=12650) to work on /home/felipe/.local/lib/python3.11/site-packages/airflow/example_dags/example_latest_only_with_trigger.py
[2024-01-08T11:16:35.253-0300] {processor.py:829} INFO - Processing file /home/felipe/.local/lib/python3.11/site-packages/airflow/example_dags/example_latest_only_with_trigger.py for tasks to queue
[2024-01-08T11:16:35.254-0300] {logging_mixin.py:154} INFO - [2024-01-08T11:16:35.253-0300] {dagbag.py:536} INFO - Filling up the DagBag from /home/felipe/.local/lib/python3.11/site-packages/airflow/example_dags/example_latest_only_with_trigger.py
[2024-01-08T11:16:35.257-0300] {processor.py:839} INFO - DAG(s) dict_keys(['latest_only_with_trigger']) retrieved from /home/felipe/.local/lib/python3.11/site-packages/airflow/example_dags/example_latest_only_with_trigger.py
[2024-01-08T11:16:35.266-0300] {logging_mixin.py:154} INFO - [2024-01-08T11:16:35.266-0300] {dag.py:2941} INFO - Sync 1 DAGs
[2024-01-08T11:16:35.275-0300] {logging_mixin.py:154} INFO - [2024-01-08T11:16:35.275-0300] {dag.py:3722} INFO - Setting next_dagrun for latest_only_with_trigger to 2024-01-08T10:16:35.274888+00:00, run_after=2024-01-08T14:16:35.274888+00:00
[2024-01-08T11:16:35.291-0300] {processor.py:179} INFO - Processing /home/felipe/.local/lib/python3.11/site-packages/airflow/example_dags/example_latest_only_with_trigger.py took 0.071 seconds
[2024-01-08T11:17:40.272-0300] {processor.py:157} INFO - Started process (PID=13073) to work on /home/felipe/.local/lib/python3.11/site-packages/airflow/example_dags/example_latest_only_with_trigger.py
[2024-01-08T11:17:40.305-0300] {processor.py:829} INFO - Processing file /home/felipe/.local/lib/python3.11/site-packages/airflow/example_dags/example_latest_only_with_trigger.py for tasks to queue
[2024-01-08T11:17:40.305-0300] {logging_mixin.py:154} INFO - [2024-01-08T11:17:40.305-0300] {dagbag.py:536} INFO - Filling up the DagBag from /home/felipe/.local/lib/python3.11/site-packages/airflow/example_dags/example_latest_only_with_trigger.py
[2024-01-08T11:17:40.309-0300] {processor.py:839} INFO - DAG(s) dict_keys(['latest_only_with_trigger']) retrieved from /home/felipe/.local/lib/python3.11/site-packages/airflow/example_dags/example_latest_only_with_trigger.py
[2024-01-08T11:17:40.319-0300] {logging_mixin.py:154} INFO - [2024-01-08T11:17:40.319-0300] {dag.py:2941} INFO - Sync 1 DAGs
[2024-01-08T11:17:40.327-0300] {logging_mixin.py:154} INFO - [2024-01-08T11:17:40.327-0300] {dag.py:3722} INFO - Setting next_dagrun for latest_only_with_trigger to 2024-01-08T10:17:40.327507+00:00, run_after=2024-01-08T14:17:40.327507+00:00
[2024-01-08T11:17:40.344-0300] {processor.py:179} INFO - Processing /home/felipe/.local/lib/python3.11/site-packages/airflow/example_dags/example_latest_only_with_trigger.py took 0.074 seconds
[2024-01-08T11:18:44.504-0300] {processor.py:157} INFO - Started process (PID=13280) to work on /home/felipe/.local/lib/python3.11/site-packages/airflow/example_dags/example_latest_only_with_trigger.py
[2024-01-08T11:18:44.536-0300] {processor.py:829} INFO - Processing file /home/felipe/.local/lib/python3.11/site-packages/airflow/example_dags/example_latest_only_with_trigger.py for tasks to queue
[2024-01-08T11:18:44.536-0300] {logging_mixin.py:154} INFO - [2024-01-08T11:18:44.536-0300] {dagbag.py:536} INFO - Filling up the DagBag from /home/felipe/.local/lib/python3.11/site-packages/airflow/example_dags/example_latest_only_with_trigger.py
[2024-01-08T11:18:44.540-0300] {processor.py:839} INFO - DAG(s) dict_keys(['latest_only_with_trigger']) retrieved from /home/felipe/.local/lib/python3.11/site-packages/airflow/example_dags/example_latest_only_with_trigger.py
[2024-01-08T11:18:44.549-0300] {logging_mixin.py:154} INFO - [2024-01-08T11:18:44.549-0300] {dag.py:2941} INFO - Sync 1 DAGs
[2024-01-08T11:18:44.557-0300] {logging_mixin.py:154} INFO - [2024-01-08T11:18:44.557-0300] {dag.py:3722} INFO - Setting next_dagrun for latest_only_with_trigger to 2024-01-08T10:18:44.557201+00:00, run_after=2024-01-08T14:18:44.557201+00:00
[2024-01-08T11:18:44.573-0300] {processor.py:179} INFO - Processing /home/felipe/.local/lib/python3.11/site-packages/airflow/example_dags/example_latest_only_with_trigger.py took 0.071 seconds
[2024-01-08T11:19:51.571-0300] {processor.py:157} INFO - Started process (PID=13430) to work on /home/felipe/.local/lib/python3.11/site-packages/airflow/example_dags/example_latest_only_with_trigger.py
[2024-01-08T11:19:51.578-0300] {processor.py:829} INFO - Processing file /home/felipe/.local/lib/python3.11/site-packages/airflow/example_dags/example_latest_only_with_trigger.py for tasks to queue
[2024-01-08T11:19:51.578-0300] {logging_mixin.py:154} INFO - [2024-01-08T11:19:51.578-0300] {dagbag.py:536} INFO - Filling up the DagBag from /home/felipe/.local/lib/python3.11/site-packages/airflow/example_dags/example_latest_only_with_trigger.py
[2024-01-08T11:19:51.582-0300] {processor.py:839} INFO - DAG(s) dict_keys(['latest_only_with_trigger']) retrieved from /home/felipe/.local/lib/python3.11/site-packages/airflow/example_dags/example_latest_only_with_trigger.py
[2024-01-08T11:19:51.591-0300] {logging_mixin.py:154} INFO - [2024-01-08T11:19:51.591-0300] {dag.py:2941} INFO - Sync 1 DAGs
[2024-01-08T11:19:51.598-0300] {logging_mixin.py:154} INFO - [2024-01-08T11:19:51.598-0300] {dag.py:3722} INFO - Setting next_dagrun for latest_only_with_trigger to 2024-01-08T10:19:51.598772+00:00, run_after=2024-01-08T14:19:51.598772+00:00
[2024-01-08T11:19:51.607-0300] {processor.py:179} INFO - Processing /home/felipe/.local/lib/python3.11/site-packages/airflow/example_dags/example_latest_only_with_trigger.py took 0.038 seconds
[2024-01-08T11:34:23.655-0300] {processor.py:157} INFO - Started process (PID=16239) to work on /home/felipe/.local/lib/python3.11/site-packages/airflow/example_dags/example_latest_only_with_trigger.py
[2024-01-08T11:34:23.655-0300] {processor.py:829} INFO - Processing file /home/felipe/.local/lib/python3.11/site-packages/airflow/example_dags/example_latest_only_with_trigger.py for tasks to queue
[2024-01-08T11:34:23.656-0300] {logging_mixin.py:154} INFO - [2024-01-08T11:34:23.656-0300] {dagbag.py:536} INFO - Filling up the DagBag from /home/felipe/.local/lib/python3.11/site-packages/airflow/example_dags/example_latest_only_with_trigger.py
[2024-01-08T11:34:23.661-0300] {processor.py:839} INFO - DAG(s) dict_keys(['latest_only_with_trigger']) retrieved from /home/felipe/.local/lib/python3.11/site-packages/airflow/example_dags/example_latest_only_with_trigger.py
[2024-01-08T11:34:23.674-0300] {logging_mixin.py:154} INFO - [2024-01-08T11:34:23.673-0300] {dag.py:2941} INFO - Sync 1 DAGs
[2024-01-08T11:34:23.683-0300] {logging_mixin.py:154} INFO - [2024-01-08T11:34:23.683-0300] {dag.py:3722} INFO - Setting next_dagrun for latest_only_with_trigger to 2024-01-08T10:34:23.683256+00:00, run_after=2024-01-08T14:34:23.683256+00:00
[2024-01-08T11:34:23.693-0300] {processor.py:179} INFO - Processing /home/felipe/.local/lib/python3.11/site-packages/airflow/example_dags/example_latest_only_with_trigger.py took 0.039 seconds
[2024-01-08T11:35:28.594-0300] {processor.py:157} INFO - Started process (PID=16396) to work on /home/felipe/.local/lib/python3.11/site-packages/airflow/example_dags/example_latest_only_with_trigger.py
[2024-01-08T11:35:28.595-0300] {processor.py:829} INFO - Processing file /home/felipe/.local/lib/python3.11/site-packages/airflow/example_dags/example_latest_only_with_trigger.py for tasks to queue
[2024-01-08T11:35:28.595-0300] {logging_mixin.py:154} INFO - [2024-01-08T11:35:28.595-0300] {dagbag.py:536} INFO - Filling up the DagBag from /home/felipe/.local/lib/python3.11/site-packages/airflow/example_dags/example_latest_only_with_trigger.py
[2024-01-08T11:35:28.599-0300] {processor.py:839} INFO - DAG(s) dict_keys(['latest_only_with_trigger']) retrieved from /home/felipe/.local/lib/python3.11/site-packages/airflow/example_dags/example_latest_only_with_trigger.py
[2024-01-08T11:35:28.608-0300] {logging_mixin.py:154} INFO - [2024-01-08T11:35:28.608-0300] {dag.py:2941} INFO - Sync 1 DAGs
[2024-01-08T11:35:28.617-0300] {logging_mixin.py:154} INFO - [2024-01-08T11:35:28.617-0300] {dag.py:3722} INFO - Setting next_dagrun for latest_only_with_trigger to 2024-01-08T10:35:28.617496+00:00, run_after=2024-01-08T14:35:28.617496+00:00
[2024-01-08T11:35:28.627-0300] {processor.py:179} INFO - Processing /home/felipe/.local/lib/python3.11/site-packages/airflow/example_dags/example_latest_only_with_trigger.py took 0.035 seconds
[2024-01-08T11:36:31.754-0300] {processor.py:157} INFO - Started process (PID=16566) to work on /home/felipe/.local/lib/python3.11/site-packages/airflow/example_dags/example_latest_only_with_trigger.py
[2024-01-08T11:36:31.754-0300] {processor.py:829} INFO - Processing file /home/felipe/.local/lib/python3.11/site-packages/airflow/example_dags/example_latest_only_with_trigger.py for tasks to queue
[2024-01-08T11:36:31.755-0300] {logging_mixin.py:154} INFO - [2024-01-08T11:36:31.754-0300] {dagbag.py:536} INFO - Filling up the DagBag from /home/felipe/.local/lib/python3.11/site-packages/airflow/example_dags/example_latest_only_with_trigger.py
[2024-01-08T11:36:31.758-0300] {processor.py:839} INFO - DAG(s) dict_keys(['latest_only_with_trigger']) retrieved from /home/felipe/.local/lib/python3.11/site-packages/airflow/example_dags/example_latest_only_with_trigger.py
[2024-01-08T11:36:31.767-0300] {logging_mixin.py:154} INFO - [2024-01-08T11:36:31.767-0300] {dag.py:2941} INFO - Sync 1 DAGs
[2024-01-08T11:36:31.776-0300] {logging_mixin.py:154} INFO - [2024-01-08T11:36:31.776-0300] {dag.py:3722} INFO - Setting next_dagrun for latest_only_with_trigger to 2024-01-08T10:36:31.776303+00:00, run_after=2024-01-08T14:36:31.776303+00:00
[2024-01-08T11:36:31.785-0300] {processor.py:179} INFO - Processing /home/felipe/.local/lib/python3.11/site-packages/airflow/example_dags/example_latest_only_with_trigger.py took 0.034 seconds
