[2024-01-08T11:08:55.099-0300] {processor.py:157} INFO - Started process (PID=11971) to work on /home/felipe/.local/lib/python3.11/site-packages/airflow/example_dags/example_kubernetes_executor.py
[2024-01-08T11:08:55.100-0300] {processor.py:829} INFO - Processing file /home/felipe/.local/lib/python3.11/site-packages/airflow/example_dags/example_kubernetes_executor.py for tasks to queue
[2024-01-08T11:08:55.100-0300] {logging_mixin.py:154} INFO - [2024-01-08T11:08:55.100-0300] {dagbag.py:536} INFO - Filling up the DagBag from /home/felipe/.local/lib/python3.11/site-packages/airflow/example_dags/example_kubernetes_executor.py
[2024-01-08T11:08:55.102-0300] {logging_mixin.py:154} INFO - [2024-01-08T11:08:55.102-0300] {example_kubernetes_executor.py:38} WARNING - The example_kubernetes_executor example DAG requires the kubernetes provider. Please install it with: pip install apache-airflow[cncf.kubernetes]
[2024-01-08T11:08:55.102-0300] {processor.py:841} WARNING - No viable dags retrieved from /home/felipe/.local/lib/python3.11/site-packages/airflow/example_dags/example_kubernetes_executor.py
[2024-01-08T11:08:55.107-0300] {processor.py:179} INFO - Processing /home/felipe/.local/lib/python3.11/site-packages/airflow/example_dags/example_kubernetes_executor.py took 0.010 seconds
[2024-01-08T11:10:00.889-0300] {processor.py:157} INFO - Started process (PID=12061) to work on /home/felipe/.local/lib/python3.11/site-packages/airflow/example_dags/example_kubernetes_executor.py
[2024-01-08T11:10:00.921-0300] {processor.py:829} INFO - Processing file /home/felipe/.local/lib/python3.11/site-packages/airflow/example_dags/example_kubernetes_executor.py for tasks to queue
[2024-01-08T11:10:00.921-0300] {logging_mixin.py:154} INFO - [2024-01-08T11:10:00.921-0300] {dagbag.py:536} INFO - Filling up the DagBag from /home/felipe/.local/lib/python3.11/site-packages/airflow/example_dags/example_kubernetes_executor.py
[2024-01-08T11:10:00.923-0300] {logging_mixin.py:154} INFO - [2024-01-08T11:10:00.923-0300] {example_kubernetes_executor.py:38} WARNING - The example_kubernetes_executor example DAG requires the kubernetes provider. Please install it with: pip install apache-airflow[cncf.kubernetes]
[2024-01-08T11:10:00.923-0300] {processor.py:841} WARNING - No viable dags retrieved from /home/felipe/.local/lib/python3.11/site-packages/airflow/example_dags/example_kubernetes_executor.py
[2024-01-08T11:10:00.929-0300] {processor.py:179} INFO - Processing /home/felipe/.local/lib/python3.11/site-packages/airflow/example_dags/example_kubernetes_executor.py took 0.042 seconds
[2024-01-08T11:15:39.471-0300] {processor.py:157} INFO - Started process (PID=12555) to work on /home/felipe/.local/lib/python3.11/site-packages/airflow/example_dags/example_kubernetes_executor.py
[2024-01-08T11:15:39.503-0300] {processor.py:829} INFO - Processing file /home/felipe/.local/lib/python3.11/site-packages/airflow/example_dags/example_kubernetes_executor.py for tasks to queue
[2024-01-08T11:15:39.504-0300] {logging_mixin.py:154} INFO - [2024-01-08T11:15:39.504-0300] {dagbag.py:536} INFO - Filling up the DagBag from /home/felipe/.local/lib/python3.11/site-packages/airflow/example_dags/example_kubernetes_executor.py
[2024-01-08T11:15:39.506-0300] {logging_mixin.py:154} INFO - [2024-01-08T11:15:39.506-0300] {example_kubernetes_executor.py:38} WARNING - The example_kubernetes_executor example DAG requires the kubernetes provider. Please install it with: pip install apache-airflow[cncf.kubernetes]
[2024-01-08T11:15:39.506-0300] {processor.py:841} WARNING - No viable dags retrieved from /home/felipe/.local/lib/python3.11/site-packages/airflow/example_dags/example_kubernetes_executor.py
[2024-01-08T11:15:39.512-0300] {processor.py:179} INFO - Processing /home/felipe/.local/lib/python3.11/site-packages/airflow/example_dags/example_kubernetes_executor.py took 0.043 seconds
[2024-01-08T11:16:47.212-0300] {processor.py:157} INFO - Started process (PID=12722) to work on /home/felipe/.local/lib/python3.11/site-packages/airflow/example_dags/example_kubernetes_executor.py
[2024-01-08T11:16:47.244-0300] {processor.py:829} INFO - Processing file /home/felipe/.local/lib/python3.11/site-packages/airflow/example_dags/example_kubernetes_executor.py for tasks to queue
[2024-01-08T11:16:47.245-0300] {logging_mixin.py:154} INFO - [2024-01-08T11:16:47.245-0300] {dagbag.py:536} INFO - Filling up the DagBag from /home/felipe/.local/lib/python3.11/site-packages/airflow/example_dags/example_kubernetes_executor.py
[2024-01-08T11:16:47.247-0300] {logging_mixin.py:154} INFO - [2024-01-08T11:16:47.247-0300] {example_kubernetes_executor.py:38} WARNING - The example_kubernetes_executor example DAG requires the kubernetes provider. Please install it with: pip install apache-airflow[cncf.kubernetes]
[2024-01-08T11:16:47.247-0300] {processor.py:841} WARNING - No viable dags retrieved from /home/felipe/.local/lib/python3.11/site-packages/airflow/example_dags/example_kubernetes_executor.py
[2024-01-08T11:16:47.254-0300] {processor.py:179} INFO - Processing /home/felipe/.local/lib/python3.11/site-packages/airflow/example_dags/example_kubernetes_executor.py took 0.044 seconds
[2024-01-08T11:17:52.763-0300] {processor.py:157} INFO - Started process (PID=13142) to work on /home/felipe/.local/lib/python3.11/site-packages/airflow/example_dags/example_kubernetes_executor.py
[2024-01-08T11:17:52.795-0300] {processor.py:829} INFO - Processing file /home/felipe/.local/lib/python3.11/site-packages/airflow/example_dags/example_kubernetes_executor.py for tasks to queue
[2024-01-08T11:17:52.796-0300] {logging_mixin.py:154} INFO - [2024-01-08T11:17:52.795-0300] {dagbag.py:536} INFO - Filling up the DagBag from /home/felipe/.local/lib/python3.11/site-packages/airflow/example_dags/example_kubernetes_executor.py
[2024-01-08T11:17:52.797-0300] {logging_mixin.py:154} INFO - [2024-01-08T11:17:52.797-0300] {example_kubernetes_executor.py:38} WARNING - The example_kubernetes_executor example DAG requires the kubernetes provider. Please install it with: pip install apache-airflow[cncf.kubernetes]
[2024-01-08T11:17:52.798-0300] {processor.py:841} WARNING - No viable dags retrieved from /home/felipe/.local/lib/python3.11/site-packages/airflow/example_dags/example_kubernetes_executor.py
[2024-01-08T11:17:52.803-0300] {processor.py:179} INFO - Processing /home/felipe/.local/lib/python3.11/site-packages/airflow/example_dags/example_kubernetes_executor.py took 0.043 seconds
[2024-01-08T11:18:54.767-0300] {processor.py:157} INFO - Started process (PID=13294) to work on /home/felipe/.local/lib/python3.11/site-packages/airflow/example_dags/example_kubernetes_executor.py
[2024-01-08T11:18:54.799-0300] {processor.py:829} INFO - Processing file /home/felipe/.local/lib/python3.11/site-packages/airflow/example_dags/example_kubernetes_executor.py for tasks to queue
[2024-01-08T11:18:54.800-0300] {logging_mixin.py:154} INFO - [2024-01-08T11:18:54.800-0300] {dagbag.py:536} INFO - Filling up the DagBag from /home/felipe/.local/lib/python3.11/site-packages/airflow/example_dags/example_kubernetes_executor.py
[2024-01-08T11:18:54.802-0300] {logging_mixin.py:154} INFO - [2024-01-08T11:18:54.802-0300] {example_kubernetes_executor.py:38} WARNING - The example_kubernetes_executor example DAG requires the kubernetes provider. Please install it with: pip install apache-airflow[cncf.kubernetes]
[2024-01-08T11:18:54.802-0300] {processor.py:841} WARNING - No viable dags retrieved from /home/felipe/.local/lib/python3.11/site-packages/airflow/example_dags/example_kubernetes_executor.py
[2024-01-08T11:18:54.808-0300] {processor.py:179} INFO - Processing /home/felipe/.local/lib/python3.11/site-packages/airflow/example_dags/example_kubernetes_executor.py took 0.043 seconds
[2024-01-08T11:20:02.976-0300] {processor.py:157} INFO - Started process (PID=13468) to work on /home/felipe/.local/lib/python3.11/site-packages/airflow/example_dags/example_kubernetes_executor.py
[2024-01-08T11:20:02.977-0300] {processor.py:829} INFO - Processing file /home/felipe/.local/lib/python3.11/site-packages/airflow/example_dags/example_kubernetes_executor.py for tasks to queue
[2024-01-08T11:20:02.977-0300] {logging_mixin.py:154} INFO - [2024-01-08T11:20:02.977-0300] {dagbag.py:536} INFO - Filling up the DagBag from /home/felipe/.local/lib/python3.11/site-packages/airflow/example_dags/example_kubernetes_executor.py
[2024-01-08T11:20:02.979-0300] {logging_mixin.py:154} INFO - [2024-01-08T11:20:02.979-0300] {example_kubernetes_executor.py:38} WARNING - The example_kubernetes_executor example DAG requires the kubernetes provider. Please install it with: pip install apache-airflow[cncf.kubernetes]
[2024-01-08T11:20:02.979-0300] {processor.py:841} WARNING - No viable dags retrieved from /home/felipe/.local/lib/python3.11/site-packages/airflow/example_dags/example_kubernetes_executor.py
[2024-01-08T11:20:02.985-0300] {processor.py:179} INFO - Processing /home/felipe/.local/lib/python3.11/site-packages/airflow/example_dags/example_kubernetes_executor.py took 0.011 seconds
[2024-01-08T11:34:35.418-0300] {processor.py:157} INFO - Started process (PID=16266) to work on /home/felipe/.local/lib/python3.11/site-packages/airflow/example_dags/example_kubernetes_executor.py
[2024-01-08T11:34:35.450-0300] {processor.py:829} INFO - Processing file /home/felipe/.local/lib/python3.11/site-packages/airflow/example_dags/example_kubernetes_executor.py for tasks to queue
[2024-01-08T11:34:35.451-0300] {logging_mixin.py:154} INFO - [2024-01-08T11:34:35.451-0300] {dagbag.py:536} INFO - Filling up the DagBag from /home/felipe/.local/lib/python3.11/site-packages/airflow/example_dags/example_kubernetes_executor.py
[2024-01-08T11:34:35.453-0300] {logging_mixin.py:154} INFO - [2024-01-08T11:34:35.453-0300] {example_kubernetes_executor.py:38} WARNING - The example_kubernetes_executor example DAG requires the kubernetes provider. Please install it with: pip install apache-airflow[cncf.kubernetes]
[2024-01-08T11:34:35.453-0300] {processor.py:841} WARNING - No viable dags retrieved from /home/felipe/.local/lib/python3.11/site-packages/airflow/example_dags/example_kubernetes_executor.py
[2024-01-08T11:34:35.459-0300] {processor.py:179} INFO - Processing /home/felipe/.local/lib/python3.11/site-packages/airflow/example_dags/example_kubernetes_executor.py took 0.042 seconds
[2024-01-08T11:35:38.859-0300] {processor.py:157} INFO - Started process (PID=16418) to work on /home/felipe/.local/lib/python3.11/site-packages/airflow/example_dags/example_kubernetes_executor.py
[2024-01-08T11:35:38.892-0300] {processor.py:829} INFO - Processing file /home/felipe/.local/lib/python3.11/site-packages/airflow/example_dags/example_kubernetes_executor.py for tasks to queue
[2024-01-08T11:35:38.892-0300] {logging_mixin.py:154} INFO - [2024-01-08T11:35:38.892-0300] {dagbag.py:536} INFO - Filling up the DagBag from /home/felipe/.local/lib/python3.11/site-packages/airflow/example_dags/example_kubernetes_executor.py
[2024-01-08T11:35:38.894-0300] {logging_mixin.py:154} INFO - [2024-01-08T11:35:38.894-0300] {example_kubernetes_executor.py:38} WARNING - The example_kubernetes_executor example DAG requires the kubernetes provider. Please install it with: pip install apache-airflow[cncf.kubernetes]
[2024-01-08T11:35:38.894-0300] {processor.py:841} WARNING - No viable dags retrieved from /home/felipe/.local/lib/python3.11/site-packages/airflow/example_dags/example_kubernetes_executor.py
[2024-01-08T11:35:38.900-0300] {processor.py:179} INFO - Processing /home/felipe/.local/lib/python3.11/site-packages/airflow/example_dags/example_kubernetes_executor.py took 0.043 seconds
[2024-01-08T11:36:43.158-0300] {processor.py:157} INFO - Started process (PID=16618) to work on /home/felipe/.local/lib/python3.11/site-packages/airflow/example_dags/example_kubernetes_executor.py
[2024-01-08T11:36:43.190-0300] {processor.py:829} INFO - Processing file /home/felipe/.local/lib/python3.11/site-packages/airflow/example_dags/example_kubernetes_executor.py for tasks to queue
[2024-01-08T11:36:43.191-0300] {logging_mixin.py:154} INFO - [2024-01-08T11:36:43.191-0300] {dagbag.py:536} INFO - Filling up the DagBag from /home/felipe/.local/lib/python3.11/site-packages/airflow/example_dags/example_kubernetes_executor.py
[2024-01-08T11:36:43.193-0300] {logging_mixin.py:154} INFO - [2024-01-08T11:36:43.193-0300] {example_kubernetes_executor.py:38} WARNING - The example_kubernetes_executor example DAG requires the kubernetes provider. Please install it with: pip install apache-airflow[cncf.kubernetes]
[2024-01-08T11:36:43.193-0300] {processor.py:841} WARNING - No viable dags retrieved from /home/felipe/.local/lib/python3.11/site-packages/airflow/example_dags/example_kubernetes_executor.py
[2024-01-08T11:36:43.201-0300] {processor.py:179} INFO - Processing /home/felipe/.local/lib/python3.11/site-packages/airflow/example_dags/example_kubernetes_executor.py took 0.045 seconds
