[2024-01-08T11:09:02.685-0300] {processor.py:157} INFO - Started process (PID=11979) to work on /home/felipe/.local/lib/python3.11/site-packages/airflow/example_dags/example_branch_labels.py
[2024-01-08T11:09:02.685-0300] {processor.py:829} INFO - Processing file /home/felipe/.local/lib/python3.11/site-packages/airflow/example_dags/example_branch_labels.py for tasks to queue
[2024-01-08T11:09:02.686-0300] {logging_mixin.py:154} INFO - [2024-01-08T11:09:02.685-0300] {dagbag.py:536} INFO - Filling up the DagBag from /home/felipe/.local/lib/python3.11/site-packages/airflow/example_dags/example_branch_labels.py
[2024-01-08T11:09:02.690-0300] {processor.py:839} INFO - DAG(s) dict_keys(['example_branch_labels']) retrieved from /home/felipe/.local/lib/python3.11/site-packages/airflow/example_dags/example_branch_labels.py
[2024-01-08T11:09:02.699-0300] {logging_mixin.py:154} INFO - [2024-01-08T11:09:02.699-0300] {dag.py:2941} INFO - Sync 1 DAGs
[2024-01-08T11:09:02.709-0300] {logging_mixin.py:154} INFO - [2024-01-08T11:09:02.709-0300] {dag.py:3722} INFO - Setting next_dagrun for example_branch_labels to 2024-01-07T00:00:00+00:00, run_after=2024-01-08T00:00:00+00:00
[2024-01-08T11:09:02.719-0300] {processor.py:179} INFO - Processing /home/felipe/.local/lib/python3.11/site-packages/airflow/example_dags/example_branch_labels.py took 0.036 seconds
[2024-01-08T11:10:08.412-0300] {processor.py:157} INFO - Started process (PID=12083) to work on /home/felipe/.local/lib/python3.11/site-packages/airflow/example_dags/example_branch_labels.py
[2024-01-08T11:10:08.413-0300] {processor.py:829} INFO - Processing file /home/felipe/.local/lib/python3.11/site-packages/airflow/example_dags/example_branch_labels.py for tasks to queue
[2024-01-08T11:10:08.413-0300] {logging_mixin.py:154} INFO - [2024-01-08T11:10:08.413-0300] {dagbag.py:536} INFO - Filling up the DagBag from /home/felipe/.local/lib/python3.11/site-packages/airflow/example_dags/example_branch_labels.py
[2024-01-08T11:10:08.418-0300] {processor.py:839} INFO - DAG(s) dict_keys(['example_branch_labels']) retrieved from /home/felipe/.local/lib/python3.11/site-packages/airflow/example_dags/example_branch_labels.py
[2024-01-08T11:10:08.428-0300] {logging_mixin.py:154} INFO - [2024-01-08T11:10:08.428-0300] {dag.py:2941} INFO - Sync 1 DAGs
[2024-01-08T11:10:08.438-0300] {logging_mixin.py:154} INFO - [2024-01-08T11:10:08.438-0300] {dag.py:3722} INFO - Setting next_dagrun for example_branch_labels to 2024-01-07T00:00:00+00:00, run_after=2024-01-08T00:00:00+00:00
[2024-01-08T11:10:08.450-0300] {processor.py:179} INFO - Processing /home/felipe/.local/lib/python3.11/site-packages/airflow/example_dags/example_branch_labels.py took 0.040 seconds
[2024-01-08T11:15:47.473-0300] {processor.py:157} INFO - Started process (PID=12564) to work on /home/felipe/.local/lib/python3.11/site-packages/airflow/example_dags/example_branch_labels.py
[2024-01-08T11:15:47.474-0300] {processor.py:829} INFO - Processing file /home/felipe/.local/lib/python3.11/site-packages/airflow/example_dags/example_branch_labels.py for tasks to queue
[2024-01-08T11:15:47.474-0300] {logging_mixin.py:154} INFO - [2024-01-08T11:15:47.474-0300] {dagbag.py:536} INFO - Filling up the DagBag from /home/felipe/.local/lib/python3.11/site-packages/airflow/example_dags/example_branch_labels.py
[2024-01-08T11:15:47.479-0300] {processor.py:839} INFO - DAG(s) dict_keys(['example_branch_labels']) retrieved from /home/felipe/.local/lib/python3.11/site-packages/airflow/example_dags/example_branch_labels.py
[2024-01-08T11:15:47.488-0300] {logging_mixin.py:154} INFO - [2024-01-08T11:15:47.488-0300] {dag.py:2941} INFO - Sync 1 DAGs
[2024-01-08T11:15:47.501-0300] {logging_mixin.py:154} INFO - [2024-01-08T11:15:47.501-0300] {dag.py:3722} INFO - Setting next_dagrun for example_branch_labels to 2024-01-07T00:00:00+00:00, run_after=2024-01-08T00:00:00+00:00
[2024-01-08T11:15:47.511-0300] {processor.py:179} INFO - Processing /home/felipe/.local/lib/python3.11/site-packages/airflow/example_dags/example_branch_labels.py took 0.040 seconds
[2024-01-08T11:16:53.574-0300] {processor.py:157} INFO - Started process (PID=12742) to work on /home/felipe/.local/lib/python3.11/site-packages/airflow/example_dags/example_branch_labels.py
[2024-01-08T11:16:53.606-0300] {processor.py:829} INFO - Processing file /home/felipe/.local/lib/python3.11/site-packages/airflow/example_dags/example_branch_labels.py for tasks to queue
[2024-01-08T11:16:53.607-0300] {logging_mixin.py:154} INFO - [2024-01-08T11:16:53.607-0300] {dagbag.py:536} INFO - Filling up the DagBag from /home/felipe/.local/lib/python3.11/site-packages/airflow/example_dags/example_branch_labels.py
[2024-01-08T11:16:53.612-0300] {processor.py:839} INFO - DAG(s) dict_keys(['example_branch_labels']) retrieved from /home/felipe/.local/lib/python3.11/site-packages/airflow/example_dags/example_branch_labels.py
[2024-01-08T11:16:53.622-0300] {logging_mixin.py:154} INFO - [2024-01-08T11:16:53.622-0300] {dag.py:2941} INFO - Sync 1 DAGs
[2024-01-08T11:16:53.631-0300] {logging_mixin.py:154} INFO - [2024-01-08T11:16:53.631-0300] {dag.py:3722} INFO - Setting next_dagrun for example_branch_labels to 2024-01-07T00:00:00+00:00, run_after=2024-01-08T00:00:00+00:00
[2024-01-08T11:16:53.641-0300] {processor.py:179} INFO - Processing /home/felipe/.local/lib/python3.11/site-packages/airflow/example_dags/example_branch_labels.py took 0.069 seconds
[2024-01-08T11:17:59.637-0300] {processor.py:157} INFO - Started process (PID=13173) to work on /home/felipe/.local/lib/python3.11/site-packages/airflow/example_dags/example_branch_labels.py
[2024-01-08T11:17:59.669-0300] {processor.py:829} INFO - Processing file /home/felipe/.local/lib/python3.11/site-packages/airflow/example_dags/example_branch_labels.py for tasks to queue
[2024-01-08T11:17:59.670-0300] {logging_mixin.py:154} INFO - [2024-01-08T11:17:59.669-0300] {dagbag.py:536} INFO - Filling up the DagBag from /home/felipe/.local/lib/python3.11/site-packages/airflow/example_dags/example_branch_labels.py
[2024-01-08T11:17:59.674-0300] {processor.py:839} INFO - DAG(s) dict_keys(['example_branch_labels']) retrieved from /home/felipe/.local/lib/python3.11/site-packages/airflow/example_dags/example_branch_labels.py
[2024-01-08T11:17:59.683-0300] {logging_mixin.py:154} INFO - [2024-01-08T11:17:59.683-0300] {dag.py:2941} INFO - Sync 1 DAGs
[2024-01-08T11:17:59.692-0300] {logging_mixin.py:154} INFO - [2024-01-08T11:17:59.692-0300] {dag.py:3722} INFO - Setting next_dagrun for example_branch_labels to 2024-01-07T00:00:00+00:00, run_after=2024-01-08T00:00:00+00:00
[2024-01-08T11:17:59.710-0300] {processor.py:179} INFO - Processing /home/felipe/.local/lib/python3.11/site-packages/airflow/example_dags/example_branch_labels.py took 0.075 seconds
[2024-01-08T11:19:03.324-0300] {processor.py:157} INFO - Started process (PID=13302) to work on /home/felipe/.local/lib/python3.11/site-packages/airflow/example_dags/example_branch_labels.py
[2024-01-08T11:19:03.325-0300] {processor.py:829} INFO - Processing file /home/felipe/.local/lib/python3.11/site-packages/airflow/example_dags/example_branch_labels.py for tasks to queue
[2024-01-08T11:19:03.325-0300] {logging_mixin.py:154} INFO - [2024-01-08T11:19:03.325-0300] {dagbag.py:536} INFO - Filling up the DagBag from /home/felipe/.local/lib/python3.11/site-packages/airflow/example_dags/example_branch_labels.py
[2024-01-08T11:19:03.330-0300] {processor.py:839} INFO - DAG(s) dict_keys(['example_branch_labels']) retrieved from /home/felipe/.local/lib/python3.11/site-packages/airflow/example_dags/example_branch_labels.py
[2024-01-08T11:19:03.338-0300] {logging_mixin.py:154} INFO - [2024-01-08T11:19:03.338-0300] {dag.py:2941} INFO - Sync 1 DAGs
[2024-01-08T11:19:03.347-0300] {logging_mixin.py:154} INFO - [2024-01-08T11:19:03.347-0300] {dag.py:3722} INFO - Setting next_dagrun for example_branch_labels to 2024-01-07T00:00:00+00:00, run_after=2024-01-08T00:00:00+00:00
[2024-01-08T11:19:03.355-0300] {processor.py:179} INFO - Processing /home/felipe/.local/lib/python3.11/site-packages/airflow/example_dags/example_branch_labels.py took 0.033 seconds
[2024-01-08T11:20:11.506-0300] {processor.py:157} INFO - Started process (PID=13477) to work on /home/felipe/.local/lib/python3.11/site-packages/airflow/example_dags/example_branch_labels.py
[2024-01-08T11:20:11.538-0300] {processor.py:829} INFO - Processing file /home/felipe/.local/lib/python3.11/site-packages/airflow/example_dags/example_branch_labels.py for tasks to queue
[2024-01-08T11:20:11.539-0300] {logging_mixin.py:154} INFO - [2024-01-08T11:20:11.539-0300] {dagbag.py:536} INFO - Filling up the DagBag from /home/felipe/.local/lib/python3.11/site-packages/airflow/example_dags/example_branch_labels.py
[2024-01-08T11:20:11.544-0300] {processor.py:839} INFO - DAG(s) dict_keys(['example_branch_labels']) retrieved from /home/felipe/.local/lib/python3.11/site-packages/airflow/example_dags/example_branch_labels.py
[2024-01-08T11:20:11.553-0300] {logging_mixin.py:154} INFO - [2024-01-08T11:20:11.553-0300] {dag.py:2941} INFO - Sync 1 DAGs
[2024-01-08T11:20:11.561-0300] {logging_mixin.py:154} INFO - [2024-01-08T11:20:11.561-0300] {dag.py:3722} INFO - Setting next_dagrun for example_branch_labels to 2024-01-07T00:00:00+00:00, run_after=2024-01-08T00:00:00+00:00
[2024-01-08T11:20:11.577-0300] {processor.py:179} INFO - Processing /home/felipe/.local/lib/python3.11/site-packages/airflow/example_dags/example_branch_labels.py took 0.073 seconds
[2024-01-08T11:34:43.788-0300] {processor.py:157} INFO - Started process (PID=16275) to work on /home/felipe/.local/lib/python3.11/site-packages/airflow/example_dags/example_branch_labels.py
[2024-01-08T11:34:43.820-0300] {processor.py:829} INFO - Processing file /home/felipe/.local/lib/python3.11/site-packages/airflow/example_dags/example_branch_labels.py for tasks to queue
[2024-01-08T11:34:43.821-0300] {logging_mixin.py:154} INFO - [2024-01-08T11:34:43.821-0300] {dagbag.py:536} INFO - Filling up the DagBag from /home/felipe/.local/lib/python3.11/site-packages/airflow/example_dags/example_branch_labels.py
[2024-01-08T11:34:43.826-0300] {processor.py:839} INFO - DAG(s) dict_keys(['example_branch_labels']) retrieved from /home/felipe/.local/lib/python3.11/site-packages/airflow/example_dags/example_branch_labels.py
[2024-01-08T11:34:43.836-0300] {logging_mixin.py:154} INFO - [2024-01-08T11:34:43.835-0300] {dag.py:2941} INFO - Sync 1 DAGs
[2024-01-08T11:34:43.846-0300] {logging_mixin.py:154} INFO - [2024-01-08T11:34:43.846-0300] {dag.py:3722} INFO - Setting next_dagrun for example_branch_labels to 2024-01-07T00:00:00+00:00, run_after=2024-01-08T00:00:00+00:00
[2024-01-08T11:34:43.863-0300] {processor.py:179} INFO - Processing /home/felipe/.local/lib/python3.11/site-packages/airflow/example_dags/example_branch_labels.py took 0.077 seconds
[2024-01-08T11:35:47.468-0300] {processor.py:157} INFO - Started process (PID=16463) to work on /home/felipe/.local/lib/python3.11/site-packages/airflow/example_dags/example_branch_labels.py
[2024-01-08T11:35:47.500-0300] {processor.py:829} INFO - Processing file /home/felipe/.local/lib/python3.11/site-packages/airflow/example_dags/example_branch_labels.py for tasks to queue
[2024-01-08T11:35:47.500-0300] {logging_mixin.py:154} INFO - [2024-01-08T11:35:47.500-0300] {dagbag.py:536} INFO - Filling up the DagBag from /home/felipe/.local/lib/python3.11/site-packages/airflow/example_dags/example_branch_labels.py
[2024-01-08T11:35:47.505-0300] {processor.py:839} INFO - DAG(s) dict_keys(['example_branch_labels']) retrieved from /home/felipe/.local/lib/python3.11/site-packages/airflow/example_dags/example_branch_labels.py
[2024-01-08T11:35:47.515-0300] {logging_mixin.py:154} INFO - [2024-01-08T11:35:47.515-0300] {dag.py:2941} INFO - Sync 1 DAGs
[2024-01-08T11:35:47.525-0300] {logging_mixin.py:154} INFO - [2024-01-08T11:35:47.525-0300] {dag.py:3722} INFO - Setting next_dagrun for example_branch_labels to 2024-01-07T00:00:00+00:00, run_after=2024-01-08T00:00:00+00:00
[2024-01-08T11:35:47.542-0300] {processor.py:179} INFO - Processing /home/felipe/.local/lib/python3.11/site-packages/airflow/example_dags/example_branch_labels.py took 0.076 seconds
[2024-01-08T11:36:51.714-0300] {processor.py:157} INFO - Started process (PID=16632) to work on /home/felipe/.local/lib/python3.11/site-packages/airflow/example_dags/example_branch_labels.py
[2024-01-08T11:36:51.746-0300] {processor.py:829} INFO - Processing file /home/felipe/.local/lib/python3.11/site-packages/airflow/example_dags/example_branch_labels.py for tasks to queue
[2024-01-08T11:36:51.746-0300] {logging_mixin.py:154} INFO - [2024-01-08T11:36:51.746-0300] {dagbag.py:536} INFO - Filling up the DagBag from /home/felipe/.local/lib/python3.11/site-packages/airflow/example_dags/example_branch_labels.py
[2024-01-08T11:36:51.751-0300] {processor.py:839} INFO - DAG(s) dict_keys(['example_branch_labels']) retrieved from /home/felipe/.local/lib/python3.11/site-packages/airflow/example_dags/example_branch_labels.py
[2024-01-08T11:36:51.760-0300] {logging_mixin.py:154} INFO - [2024-01-08T11:36:51.760-0300] {dag.py:2941} INFO - Sync 1 DAGs
[2024-01-08T11:36:51.771-0300] {logging_mixin.py:154} INFO - [2024-01-08T11:36:51.770-0300] {dag.py:3722} INFO - Setting next_dagrun for example_branch_labels to 2024-01-07T00:00:00+00:00, run_after=2024-01-08T00:00:00+00:00
[2024-01-08T11:36:51.787-0300] {processor.py:179} INFO - Processing /home/felipe/.local/lib/python3.11/site-packages/airflow/example_dags/example_branch_labels.py took 0.075 seconds
