[2024-01-08T11:09:03.100-0300] {processor.py:157} INFO - Started process (PID=11980) to work on /home/felipe/.local/lib/python3.11/site-packages/airflow/example_dags/example_branch_python_dop_operator_3.py
[2024-01-08T11:09:03.100-0300] {processor.py:829} INFO - Processing file /home/felipe/.local/lib/python3.11/site-packages/airflow/example_dags/example_branch_python_dop_operator_3.py for tasks to queue
[2024-01-08T11:09:03.101-0300] {logging_mixin.py:154} INFO - [2024-01-08T11:09:03.100-0300] {dagbag.py:536} INFO - Filling up the DagBag from /home/felipe/.local/lib/python3.11/site-packages/airflow/example_dags/example_branch_python_dop_operator_3.py
[2024-01-08T11:09:03.105-0300] {processor.py:839} INFO - DAG(s) dict_keys(['example_branch_dop_operator_v3']) retrieved from /home/felipe/.local/lib/python3.11/site-packages/airflow/example_dags/example_branch_python_dop_operator_3.py
[2024-01-08T11:09:03.117-0300] {logging_mixin.py:154} INFO - [2024-01-08T11:09:03.117-0300] {dag.py:2941} INFO - Sync 1 DAGs
[2024-01-08T11:09:03.128-0300] {logging_mixin.py:154} INFO - [2024-01-08T11:09:03.128-0300] {dag.py:3722} INFO - Setting next_dagrun for example_branch_dop_operator_v3 to 2024-01-08T14:08:00+00:00, run_after=2024-01-08T14:09:00+00:00
[2024-01-08T11:09:03.170-0300] {processor.py:179} INFO - Processing /home/felipe/.local/lib/python3.11/site-packages/airflow/example_dags/example_branch_python_dop_operator_3.py took 0.072 seconds
[2024-01-08T11:10:08.894-0300] {processor.py:157} INFO - Started process (PID=12084) to work on /home/felipe/.local/lib/python3.11/site-packages/airflow/example_dags/example_branch_python_dop_operator_3.py
[2024-01-08T11:10:08.895-0300] {processor.py:829} INFO - Processing file /home/felipe/.local/lib/python3.11/site-packages/airflow/example_dags/example_branch_python_dop_operator_3.py for tasks to queue
[2024-01-08T11:10:08.895-0300] {logging_mixin.py:154} INFO - [2024-01-08T11:10:08.895-0300] {dagbag.py:536} INFO - Filling up the DagBag from /home/felipe/.local/lib/python3.11/site-packages/airflow/example_dags/example_branch_python_dop_operator_3.py
[2024-01-08T11:10:08.900-0300] {processor.py:839} INFO - DAG(s) dict_keys(['example_branch_dop_operator_v3']) retrieved from /home/felipe/.local/lib/python3.11/site-packages/airflow/example_dags/example_branch_python_dop_operator_3.py
[2024-01-08T11:10:08.909-0300] {logging_mixin.py:154} INFO - [2024-01-08T11:10:08.909-0300] {dag.py:2941} INFO - Sync 1 DAGs
[2024-01-08T11:10:08.920-0300] {logging_mixin.py:154} INFO - [2024-01-08T11:10:08.920-0300] {dag.py:3722} INFO - Setting next_dagrun for example_branch_dop_operator_v3 to 2024-01-08T14:09:00+00:00, run_after=2024-01-08T14:10:00+00:00
[2024-01-08T11:10:08.929-0300] {processor.py:179} INFO - Processing /home/felipe/.local/lib/python3.11/site-packages/airflow/example_dags/example_branch_python_dop_operator_3.py took 0.037 seconds
[2024-01-08T11:15:48.612-0300] {processor.py:157} INFO - Started process (PID=12565) to work on /home/felipe/.local/lib/python3.11/site-packages/airflow/example_dags/example_branch_python_dop_operator_3.py
[2024-01-08T11:15:48.644-0300] {processor.py:829} INFO - Processing file /home/felipe/.local/lib/python3.11/site-packages/airflow/example_dags/example_branch_python_dop_operator_3.py for tasks to queue
[2024-01-08T11:15:48.644-0300] {logging_mixin.py:154} INFO - [2024-01-08T11:15:48.644-0300] {dagbag.py:536} INFO - Filling up the DagBag from /home/felipe/.local/lib/python3.11/site-packages/airflow/example_dags/example_branch_python_dop_operator_3.py
[2024-01-08T11:15:48.649-0300] {processor.py:839} INFO - DAG(s) dict_keys(['example_branch_dop_operator_v3']) retrieved from /home/felipe/.local/lib/python3.11/site-packages/airflow/example_dags/example_branch_python_dop_operator_3.py
[2024-01-08T11:15:48.658-0300] {logging_mixin.py:154} INFO - [2024-01-08T11:15:48.658-0300] {dag.py:2941} INFO - Sync 1 DAGs
[2024-01-08T11:15:48.667-0300] {logging_mixin.py:154} INFO - [2024-01-08T11:15:48.667-0300] {dag.py:3722} INFO - Setting next_dagrun for example_branch_dop_operator_v3 to 2024-01-08T14:14:00+00:00, run_after=2024-01-08T14:15:00+00:00
[2024-01-08T11:15:48.683-0300] {processor.py:179} INFO - Processing /home/felipe/.local/lib/python3.11/site-packages/airflow/example_dags/example_branch_python_dop_operator_3.py took 0.073 seconds
[2024-01-08T11:16:54.703-0300] {processor.py:157} INFO - Started process (PID=12763) to work on /home/felipe/.local/lib/python3.11/site-packages/airflow/example_dags/example_branch_python_dop_operator_3.py
[2024-01-08T11:16:54.704-0300] {processor.py:829} INFO - Processing file /home/felipe/.local/lib/python3.11/site-packages/airflow/example_dags/example_branch_python_dop_operator_3.py for tasks to queue
[2024-01-08T11:16:54.705-0300] {logging_mixin.py:154} INFO - [2024-01-08T11:16:54.704-0300] {dagbag.py:536} INFO - Filling up the DagBag from /home/felipe/.local/lib/python3.11/site-packages/airflow/example_dags/example_branch_python_dop_operator_3.py
[2024-01-08T11:16:54.710-0300] {processor.py:839} INFO - DAG(s) dict_keys(['example_branch_dop_operator_v3']) retrieved from /home/felipe/.local/lib/python3.11/site-packages/airflow/example_dags/example_branch_python_dop_operator_3.py
[2024-01-08T11:16:54.721-0300] {logging_mixin.py:154} INFO - [2024-01-08T11:16:54.720-0300] {dag.py:2941} INFO - Sync 1 DAGs
[2024-01-08T11:16:54.732-0300] {logging_mixin.py:154} INFO - [2024-01-08T11:16:54.732-0300] {dag.py:3722} INFO - Setting next_dagrun for example_branch_dop_operator_v3 to 2024-01-08T14:15:00+00:00, run_after=2024-01-08T14:16:00+00:00
[2024-01-08T11:16:54.743-0300] {processor.py:179} INFO - Processing /home/felipe/.local/lib/python3.11/site-packages/airflow/example_dags/example_branch_python_dop_operator_3.py took 0.042 seconds
[2024-01-08T11:18:00.772-0300] {processor.py:157} INFO - Started process (PID=13174) to work on /home/felipe/.local/lib/python3.11/site-packages/airflow/example_dags/example_branch_python_dop_operator_3.py
[2024-01-08T11:18:00.804-0300] {processor.py:829} INFO - Processing file /home/felipe/.local/lib/python3.11/site-packages/airflow/example_dags/example_branch_python_dop_operator_3.py for tasks to queue
[2024-01-08T11:18:00.805-0300] {logging_mixin.py:154} INFO - [2024-01-08T11:18:00.805-0300] {dagbag.py:536} INFO - Filling up the DagBag from /home/felipe/.local/lib/python3.11/site-packages/airflow/example_dags/example_branch_python_dop_operator_3.py
[2024-01-08T11:18:00.810-0300] {processor.py:839} INFO - DAG(s) dict_keys(['example_branch_dop_operator_v3']) retrieved from /home/felipe/.local/lib/python3.11/site-packages/airflow/example_dags/example_branch_python_dop_operator_3.py
[2024-01-08T11:18:00.818-0300] {logging_mixin.py:154} INFO - [2024-01-08T11:18:00.818-0300] {dag.py:2941} INFO - Sync 1 DAGs
[2024-01-08T11:18:00.828-0300] {logging_mixin.py:154} INFO - [2024-01-08T11:18:00.828-0300] {dag.py:3722} INFO - Setting next_dagrun for example_branch_dop_operator_v3 to 2024-01-08T14:17:00+00:00, run_after=2024-01-08T14:18:00+00:00
[2024-01-08T11:18:00.851-0300] {processor.py:179} INFO - Processing /home/felipe/.local/lib/python3.11/site-packages/airflow/example_dags/example_branch_python_dop_operator_3.py took 0.081 seconds
[2024-01-08T11:19:04.456-0300] {processor.py:157} INFO - Started process (PID=13303) to work on /home/felipe/.local/lib/python3.11/site-packages/airflow/example_dags/example_branch_python_dop_operator_3.py
[2024-01-08T11:19:04.488-0300] {processor.py:829} INFO - Processing file /home/felipe/.local/lib/python3.11/site-packages/airflow/example_dags/example_branch_python_dop_operator_3.py for tasks to queue
[2024-01-08T11:19:04.489-0300] {logging_mixin.py:154} INFO - [2024-01-08T11:19:04.489-0300] {dagbag.py:536} INFO - Filling up the DagBag from /home/felipe/.local/lib/python3.11/site-packages/airflow/example_dags/example_branch_python_dop_operator_3.py
[2024-01-08T11:19:04.494-0300] {processor.py:839} INFO - DAG(s) dict_keys(['example_branch_dop_operator_v3']) retrieved from /home/felipe/.local/lib/python3.11/site-packages/airflow/example_dags/example_branch_python_dop_operator_3.py
[2024-01-08T11:19:04.502-0300] {logging_mixin.py:154} INFO - [2024-01-08T11:19:04.502-0300] {dag.py:2941} INFO - Sync 1 DAGs
[2024-01-08T11:19:04.512-0300] {logging_mixin.py:154} INFO - [2024-01-08T11:19:04.512-0300] {dag.py:3722} INFO - Setting next_dagrun for example_branch_dop_operator_v3 to 2024-01-08T14:18:00+00:00, run_after=2024-01-08T14:19:00+00:00
[2024-01-08T11:19:04.528-0300] {processor.py:179} INFO - Processing /home/felipe/.local/lib/python3.11/site-packages/airflow/example_dags/example_branch_python_dop_operator_3.py took 0.073 seconds
[2024-01-08T11:20:11.700-0300] {processor.py:157} INFO - Started process (PID=13478) to work on /home/felipe/.local/lib/python3.11/site-packages/airflow/example_dags/example_branch_python_dop_operator_3.py
[2024-01-08T11:20:11.703-0300] {processor.py:829} INFO - Processing file /home/felipe/.local/lib/python3.11/site-packages/airflow/example_dags/example_branch_python_dop_operator_3.py for tasks to queue
[2024-01-08T11:20:11.703-0300] {logging_mixin.py:154} INFO - [2024-01-08T11:20:11.703-0300] {dagbag.py:536} INFO - Filling up the DagBag from /home/felipe/.local/lib/python3.11/site-packages/airflow/example_dags/example_branch_python_dop_operator_3.py
[2024-01-08T11:20:11.708-0300] {processor.py:839} INFO - DAG(s) dict_keys(['example_branch_dop_operator_v3']) retrieved from /home/felipe/.local/lib/python3.11/site-packages/airflow/example_dags/example_branch_python_dop_operator_3.py
[2024-01-08T11:20:11.716-0300] {logging_mixin.py:154} INFO - [2024-01-08T11:20:11.716-0300] {dag.py:2941} INFO - Sync 1 DAGs
[2024-01-08T11:20:11.726-0300] {logging_mixin.py:154} INFO - [2024-01-08T11:20:11.726-0300] {dag.py:3722} INFO - Setting next_dagrun for example_branch_dop_operator_v3 to 2024-01-08T14:19:00+00:00, run_after=2024-01-08T14:20:00+00:00
[2024-01-08T11:20:11.737-0300] {processor.py:179} INFO - Processing /home/felipe/.local/lib/python3.11/site-packages/airflow/example_dags/example_branch_python_dop_operator_3.py took 0.039 seconds
[2024-01-08T11:34:44.447-0300] {processor.py:157} INFO - Started process (PID=16277) to work on /home/felipe/.local/lib/python3.11/site-packages/airflow/example_dags/example_branch_python_dop_operator_3.py
[2024-01-08T11:34:44.452-0300] {processor.py:829} INFO - Processing file /home/felipe/.local/lib/python3.11/site-packages/airflow/example_dags/example_branch_python_dop_operator_3.py for tasks to queue
[2024-01-08T11:34:44.452-0300] {logging_mixin.py:154} INFO - [2024-01-08T11:34:44.452-0300] {dagbag.py:536} INFO - Filling up the DagBag from /home/felipe/.local/lib/python3.11/site-packages/airflow/example_dags/example_branch_python_dop_operator_3.py
[2024-01-08T11:34:44.457-0300] {processor.py:839} INFO - DAG(s) dict_keys(['example_branch_dop_operator_v3']) retrieved from /home/felipe/.local/lib/python3.11/site-packages/airflow/example_dags/example_branch_python_dop_operator_3.py
[2024-01-08T11:34:44.467-0300] {logging_mixin.py:154} INFO - [2024-01-08T11:34:44.467-0300] {dag.py:2941} INFO - Sync 1 DAGs
[2024-01-08T11:34:44.479-0300] {logging_mixin.py:154} INFO - [2024-01-08T11:34:44.479-0300] {dag.py:3722} INFO - Setting next_dagrun for example_branch_dop_operator_v3 to 2024-01-08T14:33:00+00:00, run_after=2024-01-08T14:34:00+00:00
[2024-01-08T11:34:44.489-0300] {processor.py:179} INFO - Processing /home/felipe/.local/lib/python3.11/site-packages/airflow/example_dags/example_branch_python_dop_operator_3.py took 0.044 seconds
[2024-01-08T11:35:48.601-0300] {processor.py:157} INFO - Started process (PID=16464) to work on /home/felipe/.local/lib/python3.11/site-packages/airflow/example_dags/example_branch_python_dop_operator_3.py
[2024-01-08T11:35:48.633-0300] {processor.py:829} INFO - Processing file /home/felipe/.local/lib/python3.11/site-packages/airflow/example_dags/example_branch_python_dop_operator_3.py for tasks to queue
[2024-01-08T11:35:48.634-0300] {logging_mixin.py:154} INFO - [2024-01-08T11:35:48.633-0300] {dagbag.py:536} INFO - Filling up the DagBag from /home/felipe/.local/lib/python3.11/site-packages/airflow/example_dags/example_branch_python_dop_operator_3.py
[2024-01-08T11:35:48.639-0300] {processor.py:839} INFO - DAG(s) dict_keys(['example_branch_dop_operator_v3']) retrieved from /home/felipe/.local/lib/python3.11/site-packages/airflow/example_dags/example_branch_python_dop_operator_3.py
[2024-01-08T11:35:48.648-0300] {logging_mixin.py:154} INFO - [2024-01-08T11:35:48.648-0300] {dag.py:2941} INFO - Sync 1 DAGs
[2024-01-08T11:35:48.660-0300] {logging_mixin.py:154} INFO - [2024-01-08T11:35:48.660-0300] {dag.py:3722} INFO - Setting next_dagrun for example_branch_dop_operator_v3 to 2024-01-08T14:34:00+00:00, run_after=2024-01-08T14:35:00+00:00
[2024-01-08T11:35:48.676-0300] {processor.py:179} INFO - Processing /home/felipe/.local/lib/python3.11/site-packages/airflow/example_dags/example_branch_python_dop_operator_3.py took 0.077 seconds
[2024-01-08T11:36:51.880-0300] {processor.py:157} INFO - Started process (PID=16633) to work on /home/felipe/.local/lib/python3.11/site-packages/airflow/example_dags/example_branch_python_dop_operator_3.py
[2024-01-08T11:36:51.881-0300] {processor.py:829} INFO - Processing file /home/felipe/.local/lib/python3.11/site-packages/airflow/example_dags/example_branch_python_dop_operator_3.py for tasks to queue
[2024-01-08T11:36:51.881-0300] {logging_mixin.py:154} INFO - [2024-01-08T11:36:51.881-0300] {dagbag.py:536} INFO - Filling up the DagBag from /home/felipe/.local/lib/python3.11/site-packages/airflow/example_dags/example_branch_python_dop_operator_3.py
[2024-01-08T11:36:51.886-0300] {processor.py:839} INFO - DAG(s) dict_keys(['example_branch_dop_operator_v3']) retrieved from /home/felipe/.local/lib/python3.11/site-packages/airflow/example_dags/example_branch_python_dop_operator_3.py
[2024-01-08T11:36:51.895-0300] {logging_mixin.py:154} INFO - [2024-01-08T11:36:51.895-0300] {dag.py:2941} INFO - Sync 1 DAGs
[2024-01-08T11:36:51.906-0300] {logging_mixin.py:154} INFO - [2024-01-08T11:36:51.906-0300] {dag.py:3722} INFO - Setting next_dagrun for example_branch_dop_operator_v3 to 2024-01-08T14:35:00+00:00, run_after=2024-01-08T14:36:00+00:00
[2024-01-08T11:36:51.915-0300] {processor.py:179} INFO - Processing /home/felipe/.local/lib/python3.11/site-packages/airflow/example_dags/example_branch_python_dop_operator_3.py took 0.037 seconds
