[2024-01-08T11:08:56.236-0300] {processor.py:157} INFO - Started process (PID=11972) to work on /home/felipe/.local/lib/python3.11/site-packages/airflow/example_dags/example_external_task_marker_dag.py
[2024-01-08T11:08:56.236-0300] {processor.py:829} INFO - Processing file /home/felipe/.local/lib/python3.11/site-packages/airflow/example_dags/example_external_task_marker_dag.py for tasks to queue
[2024-01-08T11:08:56.237-0300] {logging_mixin.py:154} INFO - [2024-01-08T11:08:56.237-0300] {dagbag.py:536} INFO - Filling up the DagBag from /home/felipe/.local/lib/python3.11/site-packages/airflow/example_dags/example_external_task_marker_dag.py
[2024-01-08T11:08:56.240-0300] {processor.py:839} INFO - DAG(s) dict_keys(['example_external_task_marker_parent', 'example_external_task_marker_child']) retrieved from /home/felipe/.local/lib/python3.11/site-packages/airflow/example_dags/example_external_task_marker_dag.py
[2024-01-08T11:08:56.251-0300] {logging_mixin.py:154} INFO - [2024-01-08T11:08:56.251-0300] {dag.py:2941} INFO - Sync 2 DAGs
[2024-01-08T11:08:56.256-0300] {logging_mixin.py:154} INFO - [2024-01-08T11:08:56.256-0300] {dag.py:3722} INFO - Setting next_dagrun for example_external_task_marker_child to None, run_after=None
[2024-01-08T11:08:56.258-0300] {logging_mixin.py:154} INFO - [2024-01-08T11:08:56.258-0300] {dag.py:3722} INFO - Setting next_dagrun for example_external_task_marker_parent to None, run_after=None
[2024-01-08T11:08:56.298-0300] {processor.py:179} INFO - Processing /home/felipe/.local/lib/python3.11/site-packages/airflow/example_dags/example_external_task_marker_dag.py took 0.064 seconds
[2024-01-08T11:10:01.098-0300] {processor.py:157} INFO - Started process (PID=12062) to work on /home/felipe/.local/lib/python3.11/site-packages/airflow/example_dags/example_external_task_marker_dag.py
[2024-01-08T11:10:01.130-0300] {processor.py:829} INFO - Processing file /home/felipe/.local/lib/python3.11/site-packages/airflow/example_dags/example_external_task_marker_dag.py for tasks to queue
[2024-01-08T11:10:01.131-0300] {logging_mixin.py:154} INFO - [2024-01-08T11:10:01.131-0300] {dagbag.py:536} INFO - Filling up the DagBag from /home/felipe/.local/lib/python3.11/site-packages/airflow/example_dags/example_external_task_marker_dag.py
[2024-01-08T11:10:01.134-0300] {processor.py:839} INFO - DAG(s) dict_keys(['example_external_task_marker_child', 'example_external_task_marker_parent']) retrieved from /home/felipe/.local/lib/python3.11/site-packages/airflow/example_dags/example_external_task_marker_dag.py
[2024-01-08T11:10:01.144-0300] {logging_mixin.py:154} INFO - [2024-01-08T11:10:01.144-0300] {dag.py:2941} INFO - Sync 2 DAGs
[2024-01-08T11:10:01.150-0300] {logging_mixin.py:154} INFO - [2024-01-08T11:10:01.150-0300] {dag.py:3722} INFO - Setting next_dagrun for example_external_task_marker_child to None, run_after=None
[2024-01-08T11:10:01.151-0300] {logging_mixin.py:154} INFO - [2024-01-08T11:10:01.151-0300] {dag.py:3722} INFO - Setting next_dagrun for example_external_task_marker_parent to None, run_after=None
[2024-01-08T11:10:01.167-0300] {processor.py:179} INFO - Processing /home/felipe/.local/lib/python3.11/site-packages/airflow/example_dags/example_external_task_marker_dag.py took 0.071 seconds
[2024-01-08T11:15:40.608-0300] {processor.py:157} INFO - Started process (PID=12557) to work on /home/felipe/.local/lib/python3.11/site-packages/airflow/example_dags/example_external_task_marker_dag.py
[2024-01-08T11:15:40.641-0300] {processor.py:829} INFO - Processing file /home/felipe/.local/lib/python3.11/site-packages/airflow/example_dags/example_external_task_marker_dag.py for tasks to queue
[2024-01-08T11:15:40.641-0300] {logging_mixin.py:154} INFO - [2024-01-08T11:15:40.641-0300] {dagbag.py:536} INFO - Filling up the DagBag from /home/felipe/.local/lib/python3.11/site-packages/airflow/example_dags/example_external_task_marker_dag.py
[2024-01-08T11:15:40.645-0300] {processor.py:839} INFO - DAG(s) dict_keys(['example_external_task_marker_parent', 'example_external_task_marker_child']) retrieved from /home/felipe/.local/lib/python3.11/site-packages/airflow/example_dags/example_external_task_marker_dag.py
[2024-01-08T11:15:40.655-0300] {logging_mixin.py:154} INFO - [2024-01-08T11:15:40.655-0300] {dag.py:2941} INFO - Sync 2 DAGs
[2024-01-08T11:15:40.661-0300] {logging_mixin.py:154} INFO - [2024-01-08T11:15:40.661-0300] {dag.py:3722} INFO - Setting next_dagrun for example_external_task_marker_child to None, run_after=None
[2024-01-08T11:15:40.662-0300] {logging_mixin.py:154} INFO - [2024-01-08T11:15:40.662-0300] {dag.py:3722} INFO - Setting next_dagrun for example_external_task_marker_parent to None, run_after=None
[2024-01-08T11:15:40.677-0300] {processor.py:179} INFO - Processing /home/felipe/.local/lib/python3.11/site-packages/airflow/example_dags/example_external_task_marker_dag.py took 0.071 seconds
[2024-01-08T11:16:48.344-0300] {processor.py:157} INFO - Started process (PID=12723) to work on /home/felipe/.local/lib/python3.11/site-packages/airflow/example_dags/example_external_task_marker_dag.py
[2024-01-08T11:16:48.345-0300] {processor.py:829} INFO - Processing file /home/felipe/.local/lib/python3.11/site-packages/airflow/example_dags/example_external_task_marker_dag.py for tasks to queue
[2024-01-08T11:16:48.346-0300] {logging_mixin.py:154} INFO - [2024-01-08T11:16:48.345-0300] {dagbag.py:536} INFO - Filling up the DagBag from /home/felipe/.local/lib/python3.11/site-packages/airflow/example_dags/example_external_task_marker_dag.py
[2024-01-08T11:16:48.350-0300] {processor.py:839} INFO - DAG(s) dict_keys(['example_external_task_marker_child', 'example_external_task_marker_parent']) retrieved from /home/felipe/.local/lib/python3.11/site-packages/airflow/example_dags/example_external_task_marker_dag.py
[2024-01-08T11:16:48.361-0300] {logging_mixin.py:154} INFO - [2024-01-08T11:16:48.361-0300] {dag.py:2941} INFO - Sync 2 DAGs
[2024-01-08T11:16:48.367-0300] {logging_mixin.py:154} INFO - [2024-01-08T11:16:48.367-0300] {dag.py:3722} INFO - Setting next_dagrun for example_external_task_marker_child to None, run_after=None
[2024-01-08T11:16:48.368-0300] {logging_mixin.py:154} INFO - [2024-01-08T11:16:48.368-0300] {dag.py:3722} INFO - Setting next_dagrun for example_external_task_marker_parent to None, run_after=None
[2024-01-08T11:16:48.376-0300] {processor.py:179} INFO - Processing /home/felipe/.local/lib/python3.11/site-packages/airflow/example_dags/example_external_task_marker_dag.py took 0.035 seconds
[2024-01-08T11:17:53.892-0300] {processor.py:157} INFO - Started process (PID=13143) to work on /home/felipe/.local/lib/python3.11/site-packages/airflow/example_dags/example_external_task_marker_dag.py
[2024-01-08T11:17:53.924-0300] {processor.py:829} INFO - Processing file /home/felipe/.local/lib/python3.11/site-packages/airflow/example_dags/example_external_task_marker_dag.py for tasks to queue
[2024-01-08T11:17:53.925-0300] {logging_mixin.py:154} INFO - [2024-01-08T11:17:53.925-0300] {dagbag.py:536} INFO - Filling up the DagBag from /home/felipe/.local/lib/python3.11/site-packages/airflow/example_dags/example_external_task_marker_dag.py
[2024-01-08T11:17:53.928-0300] {processor.py:839} INFO - DAG(s) dict_keys(['example_external_task_marker_parent', 'example_external_task_marker_child']) retrieved from /home/felipe/.local/lib/python3.11/site-packages/airflow/example_dags/example_external_task_marker_dag.py
[2024-01-08T11:17:53.938-0300] {logging_mixin.py:154} INFO - [2024-01-08T11:17:53.938-0300] {dag.py:2941} INFO - Sync 2 DAGs
[2024-01-08T11:17:53.944-0300] {logging_mixin.py:154} INFO - [2024-01-08T11:17:53.944-0300] {dag.py:3722} INFO - Setting next_dagrun for example_external_task_marker_child to None, run_after=None
[2024-01-08T11:17:53.945-0300] {logging_mixin.py:154} INFO - [2024-01-08T11:17:53.945-0300] {dag.py:3722} INFO - Setting next_dagrun for example_external_task_marker_parent to None, run_after=None
[2024-01-08T11:17:53.960-0300] {processor.py:179} INFO - Processing /home/felipe/.local/lib/python3.11/site-packages/airflow/example_dags/example_external_task_marker_dag.py took 0.070 seconds
[2024-01-08T11:18:55.916-0300] {processor.py:157} INFO - Started process (PID=13295) to work on /home/felipe/.local/lib/python3.11/site-packages/airflow/example_dags/example_external_task_marker_dag.py
[2024-01-08T11:18:55.944-0300] {processor.py:829} INFO - Processing file /home/felipe/.local/lib/python3.11/site-packages/airflow/example_dags/example_external_task_marker_dag.py for tasks to queue
[2024-01-08T11:18:55.944-0300] {logging_mixin.py:154} INFO - [2024-01-08T11:18:55.944-0300] {dagbag.py:536} INFO - Filling up the DagBag from /home/felipe/.local/lib/python3.11/site-packages/airflow/example_dags/example_external_task_marker_dag.py
[2024-01-08T11:18:55.948-0300] {processor.py:839} INFO - DAG(s) dict_keys(['example_external_task_marker_child', 'example_external_task_marker_parent']) retrieved from /home/felipe/.local/lib/python3.11/site-packages/airflow/example_dags/example_external_task_marker_dag.py
[2024-01-08T11:18:55.958-0300] {logging_mixin.py:154} INFO - [2024-01-08T11:18:55.958-0300] {dag.py:2941} INFO - Sync 2 DAGs
[2024-01-08T11:18:55.963-0300] {logging_mixin.py:154} INFO - [2024-01-08T11:18:55.963-0300] {dag.py:3722} INFO - Setting next_dagrun for example_external_task_marker_child to None, run_after=None
[2024-01-08T11:18:55.964-0300] {logging_mixin.py:154} INFO - [2024-01-08T11:18:55.964-0300] {dag.py:3722} INFO - Setting next_dagrun for example_external_task_marker_parent to None, run_after=None
[2024-01-08T11:18:55.978-0300] {processor.py:179} INFO - Processing /home/felipe/.local/lib/python3.11/site-packages/airflow/example_dags/example_external_task_marker_dag.py took 0.064 seconds
[2024-01-08T11:20:04.110-0300] {processor.py:157} INFO - Started process (PID=13469) to work on /home/felipe/.local/lib/python3.11/site-packages/airflow/example_dags/example_external_task_marker_dag.py
[2024-01-08T11:20:04.143-0300] {processor.py:829} INFO - Processing file /home/felipe/.local/lib/python3.11/site-packages/airflow/example_dags/example_external_task_marker_dag.py for tasks to queue
[2024-01-08T11:20:04.143-0300] {logging_mixin.py:154} INFO - [2024-01-08T11:20:04.143-0300] {dagbag.py:536} INFO - Filling up the DagBag from /home/felipe/.local/lib/python3.11/site-packages/airflow/example_dags/example_external_task_marker_dag.py
[2024-01-08T11:20:04.148-0300] {processor.py:839} INFO - DAG(s) dict_keys(['example_external_task_marker_parent', 'example_external_task_marker_child']) retrieved from /home/felipe/.local/lib/python3.11/site-packages/airflow/example_dags/example_external_task_marker_dag.py
[2024-01-08T11:20:04.163-0300] {logging_mixin.py:154} INFO - [2024-01-08T11:20:04.163-0300] {dag.py:2941} INFO - Sync 2 DAGs
[2024-01-08T11:20:04.170-0300] {logging_mixin.py:154} INFO - [2024-01-08T11:20:04.170-0300] {dag.py:3722} INFO - Setting next_dagrun for example_external_task_marker_child to None, run_after=None
[2024-01-08T11:20:04.172-0300] {logging_mixin.py:154} INFO - [2024-01-08T11:20:04.172-0300] {dag.py:3722} INFO - Setting next_dagrun for example_external_task_marker_parent to None, run_after=None
[2024-01-08T11:20:04.191-0300] {processor.py:179} INFO - Processing /home/felipe/.local/lib/python3.11/site-packages/airflow/example_dags/example_external_task_marker_dag.py took 0.083 seconds
[2024-01-08T11:34:36.550-0300] {processor.py:157} INFO - Started process (PID=16267) to work on /home/felipe/.local/lib/python3.11/site-packages/airflow/example_dags/example_external_task_marker_dag.py
[2024-01-08T11:34:36.582-0300] {processor.py:829} INFO - Processing file /home/felipe/.local/lib/python3.11/site-packages/airflow/example_dags/example_external_task_marker_dag.py for tasks to queue
[2024-01-08T11:34:36.583-0300] {logging_mixin.py:154} INFO - [2024-01-08T11:34:36.583-0300] {dagbag.py:536} INFO - Filling up the DagBag from /home/felipe/.local/lib/python3.11/site-packages/airflow/example_dags/example_external_task_marker_dag.py
[2024-01-08T11:34:36.587-0300] {processor.py:839} INFO - DAG(s) dict_keys(['example_external_task_marker_parent', 'example_external_task_marker_child']) retrieved from /home/felipe/.local/lib/python3.11/site-packages/airflow/example_dags/example_external_task_marker_dag.py
[2024-01-08T11:34:36.598-0300] {logging_mixin.py:154} INFO - [2024-01-08T11:34:36.597-0300] {dag.py:2941} INFO - Sync 2 DAGs
[2024-01-08T11:34:36.604-0300] {logging_mixin.py:154} INFO - [2024-01-08T11:34:36.604-0300] {dag.py:3722} INFO - Setting next_dagrun for example_external_task_marker_child to None, run_after=None
[2024-01-08T11:34:36.605-0300] {logging_mixin.py:154} INFO - [2024-01-08T11:34:36.605-0300] {dag.py:3722} INFO - Setting next_dagrun for example_external_task_marker_parent to None, run_after=None
[2024-01-08T11:34:36.621-0300] {processor.py:179} INFO - Processing /home/felipe/.local/lib/python3.11/site-packages/airflow/example_dags/example_external_task_marker_dag.py took 0.073 seconds
[2024-01-08T11:35:40.000-0300] {processor.py:157} INFO - Started process (PID=16428) to work on /home/felipe/.local/lib/python3.11/site-packages/airflow/example_dags/example_external_task_marker_dag.py
[2024-01-08T11:35:40.032-0300] {processor.py:829} INFO - Processing file /home/felipe/.local/lib/python3.11/site-packages/airflow/example_dags/example_external_task_marker_dag.py for tasks to queue
[2024-01-08T11:35:40.033-0300] {logging_mixin.py:154} INFO - [2024-01-08T11:35:40.033-0300] {dagbag.py:536} INFO - Filling up the DagBag from /home/felipe/.local/lib/python3.11/site-packages/airflow/example_dags/example_external_task_marker_dag.py
[2024-01-08T11:35:40.037-0300] {processor.py:839} INFO - DAG(s) dict_keys(['example_external_task_marker_parent', 'example_external_task_marker_child']) retrieved from /home/felipe/.local/lib/python3.11/site-packages/airflow/example_dags/example_external_task_marker_dag.py
[2024-01-08T11:35:40.055-0300] {logging_mixin.py:154} INFO - [2024-01-08T11:35:40.054-0300] {dag.py:2941} INFO - Sync 2 DAGs
[2024-01-08T11:35:40.063-0300] {logging_mixin.py:154} INFO - [2024-01-08T11:35:40.062-0300] {dag.py:3722} INFO - Setting next_dagrun for example_external_task_marker_child to None, run_after=None
[2024-01-08T11:35:40.064-0300] {logging_mixin.py:154} INFO - [2024-01-08T11:35:40.064-0300] {dag.py:3722} INFO - Setting next_dagrun for example_external_task_marker_parent to None, run_after=None
[2024-01-08T11:35:40.081-0300] {processor.py:179} INFO - Processing /home/felipe/.local/lib/python3.11/site-packages/airflow/example_dags/example_external_task_marker_dag.py took 0.084 seconds
[2024-01-08T11:36:44.291-0300] {processor.py:157} INFO - Started process (PID=16619) to work on /home/felipe/.local/lib/python3.11/site-packages/airflow/example_dags/example_external_task_marker_dag.py
[2024-01-08T11:36:44.295-0300] {processor.py:829} INFO - Processing file /home/felipe/.local/lib/python3.11/site-packages/airflow/example_dags/example_external_task_marker_dag.py for tasks to queue
[2024-01-08T11:36:44.296-0300] {logging_mixin.py:154} INFO - [2024-01-08T11:36:44.295-0300] {dagbag.py:536} INFO - Filling up the DagBag from /home/felipe/.local/lib/python3.11/site-packages/airflow/example_dags/example_external_task_marker_dag.py
[2024-01-08T11:36:44.299-0300] {processor.py:839} INFO - DAG(s) dict_keys(['example_external_task_marker_child', 'example_external_task_marker_parent']) retrieved from /home/felipe/.local/lib/python3.11/site-packages/airflow/example_dags/example_external_task_marker_dag.py
[2024-01-08T11:36:44.310-0300] {logging_mixin.py:154} INFO - [2024-01-08T11:36:44.310-0300] {dag.py:2941} INFO - Sync 2 DAGs
[2024-01-08T11:36:44.316-0300] {logging_mixin.py:154} INFO - [2024-01-08T11:36:44.316-0300] {dag.py:3722} INFO - Setting next_dagrun for example_external_task_marker_child to None, run_after=None
[2024-01-08T11:36:44.317-0300] {logging_mixin.py:154} INFO - [2024-01-08T11:36:44.317-0300] {dag.py:3722} INFO - Setting next_dagrun for example_external_task_marker_parent to None, run_after=None
[2024-01-08T11:36:44.330-0300] {processor.py:179} INFO - Processing /home/felipe/.local/lib/python3.11/site-packages/airflow/example_dags/example_external_task_marker_dag.py took 0.041 seconds
