[2024-01-08T11:08:49.961-0300] {processor.py:157} INFO - Started process (PID=11965) to work on /home/felipe/.local/lib/python3.11/site-packages/airflow/example_dags/example_task_group.py
[2024-01-08T11:08:49.961-0300] {processor.py:829} INFO - Processing file /home/felipe/.local/lib/python3.11/site-packages/airflow/example_dags/example_task_group.py for tasks to queue
[2024-01-08T11:08:49.962-0300] {logging_mixin.py:154} INFO - [2024-01-08T11:08:49.961-0300] {dagbag.py:536} INFO - Filling up the DagBag from /home/felipe/.local/lib/python3.11/site-packages/airflow/example_dags/example_task_group.py
[2024-01-08T11:08:49.966-0300] {processor.py:839} INFO - DAG(s) dict_keys(['example_task_group']) retrieved from /home/felipe/.local/lib/python3.11/site-packages/airflow/example_dags/example_task_group.py
[2024-01-08T11:08:49.979-0300] {logging_mixin.py:154} INFO - [2024-01-08T11:08:49.979-0300] {dag.py:2941} INFO - Sync 1 DAGs
[2024-01-08T11:08:49.988-0300] {logging_mixin.py:154} INFO - [2024-01-08T11:08:49.988-0300] {dag.py:3722} INFO - Setting next_dagrun for example_task_group to 2024-01-07T14:08:49.988448+00:00, run_after=2024-01-08T14:08:49.988448+00:00
[2024-01-08T11:08:49.998-0300] {processor.py:179} INFO - Processing /home/felipe/.local/lib/python3.11/site-packages/airflow/example_dags/example_task_group.py took 0.039 seconds
[2024-01-08T11:09:55.750-0300] {processor.py:157} INFO - Started process (PID=12055) to work on /home/felipe/.local/lib/python3.11/site-packages/airflow/example_dags/example_task_group.py
[2024-01-08T11:09:55.783-0300] {processor.py:829} INFO - Processing file /home/felipe/.local/lib/python3.11/site-packages/airflow/example_dags/example_task_group.py for tasks to queue
[2024-01-08T11:09:55.783-0300] {logging_mixin.py:154} INFO - [2024-01-08T11:09:55.783-0300] {dagbag.py:536} INFO - Filling up the DagBag from /home/felipe/.local/lib/python3.11/site-packages/airflow/example_dags/example_task_group.py
[2024-01-08T11:09:55.788-0300] {processor.py:839} INFO - DAG(s) dict_keys(['example_task_group']) retrieved from /home/felipe/.local/lib/python3.11/site-packages/airflow/example_dags/example_task_group.py
[2024-01-08T11:09:55.797-0300] {logging_mixin.py:154} INFO - [2024-01-08T11:09:55.797-0300] {dag.py:2941} INFO - Sync 1 DAGs
[2024-01-08T11:09:55.806-0300] {logging_mixin.py:154} INFO - [2024-01-08T11:09:55.806-0300] {dag.py:3722} INFO - Setting next_dagrun for example_task_group to 2024-01-07T14:09:55.806353+00:00, run_after=2024-01-08T14:09:55.806353+00:00
[2024-01-08T11:09:55.823-0300] {processor.py:179} INFO - Processing /home/felipe/.local/lib/python3.11/site-packages/airflow/example_dags/example_task_group.py took 0.075 seconds
[2024-01-08T11:15:34.155-0300] {processor.py:157} INFO - Started process (PID=12531) to work on /home/felipe/.local/lib/python3.11/site-packages/airflow/example_dags/example_task_group.py
[2024-01-08T11:15:34.187-0300] {processor.py:829} INFO - Processing file /home/felipe/.local/lib/python3.11/site-packages/airflow/example_dags/example_task_group.py for tasks to queue
[2024-01-08T11:15:34.188-0300] {logging_mixin.py:154} INFO - [2024-01-08T11:15:34.188-0300] {dagbag.py:536} INFO - Filling up the DagBag from /home/felipe/.local/lib/python3.11/site-packages/airflow/example_dags/example_task_group.py
[2024-01-08T11:15:34.192-0300] {processor.py:839} INFO - DAG(s) dict_keys(['example_task_group']) retrieved from /home/felipe/.local/lib/python3.11/site-packages/airflow/example_dags/example_task_group.py
[2024-01-08T11:15:34.205-0300] {logging_mixin.py:154} INFO - [2024-01-08T11:15:34.204-0300] {dag.py:2941} INFO - Sync 1 DAGs
[2024-01-08T11:15:34.213-0300] {logging_mixin.py:154} INFO - [2024-01-08T11:15:34.213-0300] {dag.py:3722} INFO - Setting next_dagrun for example_task_group to 2024-01-07T14:15:34.212977+00:00, run_after=2024-01-08T14:15:34.212977+00:00
[2024-01-08T11:15:34.229-0300] {processor.py:179} INFO - Processing /home/felipe/.local/lib/python3.11/site-packages/airflow/example_dags/example_task_group.py took 0.076 seconds
[2024-01-08T11:16:41.826-0300] {processor.py:157} INFO - Started process (PID=12701) to work on /home/felipe/.local/lib/python3.11/site-packages/airflow/example_dags/example_task_group.py
[2024-01-08T11:16:41.827-0300] {processor.py:829} INFO - Processing file /home/felipe/.local/lib/python3.11/site-packages/airflow/example_dags/example_task_group.py for tasks to queue
[2024-01-08T11:16:41.827-0300] {logging_mixin.py:154} INFO - [2024-01-08T11:16:41.827-0300] {dagbag.py:536} INFO - Filling up the DagBag from /home/felipe/.local/lib/python3.11/site-packages/airflow/example_dags/example_task_group.py
[2024-01-08T11:16:41.832-0300] {processor.py:839} INFO - DAG(s) dict_keys(['example_task_group']) retrieved from /home/felipe/.local/lib/python3.11/site-packages/airflow/example_dags/example_task_group.py
[2024-01-08T11:16:41.842-0300] {logging_mixin.py:154} INFO - [2024-01-08T11:16:41.842-0300] {dag.py:2941} INFO - Sync 1 DAGs
[2024-01-08T11:16:41.850-0300] {logging_mixin.py:154} INFO - [2024-01-08T11:16:41.850-0300] {dag.py:3722} INFO - Setting next_dagrun for example_task_group to 2024-01-07T14:16:41.850550+00:00, run_after=2024-01-08T14:16:41.850550+00:00
[2024-01-08T11:16:41.867-0300] {processor.py:179} INFO - Processing /home/felipe/.local/lib/python3.11/site-packages/airflow/example_dags/example_task_group.py took 0.042 seconds
[2024-01-08T11:17:47.664-0300] {processor.py:157} INFO - Started process (PID=13136) to work on /home/felipe/.local/lib/python3.11/site-packages/airflow/example_dags/example_task_group.py
[2024-01-08T11:17:47.722-0300] {processor.py:829} INFO - Processing file /home/felipe/.local/lib/python3.11/site-packages/airflow/example_dags/example_task_group.py for tasks to queue
[2024-01-08T11:17:47.723-0300] {logging_mixin.py:154} INFO - [2024-01-08T11:17:47.723-0300] {dagbag.py:536} INFO - Filling up the DagBag from /home/felipe/.local/lib/python3.11/site-packages/airflow/example_dags/example_task_group.py
[2024-01-08T11:17:47.728-0300] {processor.py:839} INFO - DAG(s) dict_keys(['example_task_group']) retrieved from /home/felipe/.local/lib/python3.11/site-packages/airflow/example_dags/example_task_group.py
[2024-01-08T11:17:47.740-0300] {logging_mixin.py:154} INFO - [2024-01-08T11:17:47.740-0300] {dag.py:2941} INFO - Sync 1 DAGs
[2024-01-08T11:17:47.749-0300] {logging_mixin.py:154} INFO - [2024-01-08T11:17:47.749-0300] {dag.py:3722} INFO - Setting next_dagrun for example_task_group to 2024-01-07T14:17:47.749217+00:00, run_after=2024-01-08T14:17:47.749217+00:00
[2024-01-08T11:17:47.758-0300] {processor.py:179} INFO - Processing /home/felipe/.local/lib/python3.11/site-packages/airflow/example_dags/example_task_group.py took 0.096 seconds
[2024-01-08T11:18:49.632-0300] {processor.py:157} INFO - Started process (PID=13288) to work on /home/felipe/.local/lib/python3.11/site-packages/airflow/example_dags/example_task_group.py
[2024-01-08T11:18:49.632-0300] {processor.py:829} INFO - Processing file /home/felipe/.local/lib/python3.11/site-packages/airflow/example_dags/example_task_group.py for tasks to queue
[2024-01-08T11:18:49.633-0300] {logging_mixin.py:154} INFO - [2024-01-08T11:18:49.632-0300] {dagbag.py:536} INFO - Filling up the DagBag from /home/felipe/.local/lib/python3.11/site-packages/airflow/example_dags/example_task_group.py
[2024-01-08T11:18:49.637-0300] {processor.py:839} INFO - DAG(s) dict_keys(['example_task_group']) retrieved from /home/felipe/.local/lib/python3.11/site-packages/airflow/example_dags/example_task_group.py
[2024-01-08T11:18:49.646-0300] {logging_mixin.py:154} INFO - [2024-01-08T11:18:49.646-0300] {dag.py:2941} INFO - Sync 1 DAGs
[2024-01-08T11:18:49.654-0300] {logging_mixin.py:154} INFO - [2024-01-08T11:18:49.654-0300] {dag.py:3722} INFO - Setting next_dagrun for example_task_group to 2024-01-07T14:18:49.654255+00:00, run_after=2024-01-08T14:18:49.654255+00:00
[2024-01-08T11:18:49.663-0300] {processor.py:179} INFO - Processing /home/felipe/.local/lib/python3.11/site-packages/airflow/example_dags/example_task_group.py took 0.033 seconds
[2024-01-08T11:19:58.976-0300] {processor.py:157} INFO - Started process (PID=13462) to work on /home/felipe/.local/lib/python3.11/site-packages/airflow/example_dags/example_task_group.py
[2024-01-08T11:19:59.008-0300] {processor.py:829} INFO - Processing file /home/felipe/.local/lib/python3.11/site-packages/airflow/example_dags/example_task_group.py for tasks to queue
[2024-01-08T11:19:59.009-0300] {logging_mixin.py:154} INFO - [2024-01-08T11:19:59.009-0300] {dagbag.py:536} INFO - Filling up the DagBag from /home/felipe/.local/lib/python3.11/site-packages/airflow/example_dags/example_task_group.py
[2024-01-08T11:19:59.013-0300] {processor.py:839} INFO - DAG(s) dict_keys(['example_task_group']) retrieved from /home/felipe/.local/lib/python3.11/site-packages/airflow/example_dags/example_task_group.py
[2024-01-08T11:19:59.022-0300] {logging_mixin.py:154} INFO - [2024-01-08T11:19:59.022-0300] {dag.py:2941} INFO - Sync 1 DAGs
[2024-01-08T11:19:59.030-0300] {logging_mixin.py:154} INFO - [2024-01-08T11:19:59.030-0300] {dag.py:3722} INFO - Setting next_dagrun for example_task_group to 2024-01-07T14:19:59.029979+00:00, run_after=2024-01-08T14:19:59.029979+00:00
[2024-01-08T11:19:59.045-0300] {processor.py:179} INFO - Processing /home/felipe/.local/lib/python3.11/site-packages/airflow/example_dags/example_task_group.py took 0.071 seconds
[2024-01-08T11:34:31.087-0300] {processor.py:157} INFO - Started process (PID=16260) to work on /home/felipe/.local/lib/python3.11/site-packages/airflow/example_dags/example_task_group.py
[2024-01-08T11:34:31.119-0300] {processor.py:829} INFO - Processing file /home/felipe/.local/lib/python3.11/site-packages/airflow/example_dags/example_task_group.py for tasks to queue
[2024-01-08T11:34:31.119-0300] {logging_mixin.py:154} INFO - [2024-01-08T11:34:31.119-0300] {dagbag.py:536} INFO - Filling up the DagBag from /home/felipe/.local/lib/python3.11/site-packages/airflow/example_dags/example_task_group.py
[2024-01-08T11:34:31.124-0300] {processor.py:839} INFO - DAG(s) dict_keys(['example_task_group']) retrieved from /home/felipe/.local/lib/python3.11/site-packages/airflow/example_dags/example_task_group.py
[2024-01-08T11:34:31.136-0300] {logging_mixin.py:154} INFO - [2024-01-08T11:34:31.136-0300] {dag.py:2941} INFO - Sync 1 DAGs
[2024-01-08T11:34:31.145-0300] {logging_mixin.py:154} INFO - [2024-01-08T11:34:31.145-0300] {dag.py:3722} INFO - Setting next_dagrun for example_task_group to 2024-01-07T14:34:31.145719+00:00, run_after=2024-01-08T14:34:31.145719+00:00
[2024-01-08T11:34:31.162-0300] {processor.py:179} INFO - Processing /home/felipe/.local/lib/python3.11/site-packages/airflow/example_dags/example_task_group.py took 0.077 seconds
[2024-01-08T11:35:34.411-0300] {processor.py:157} INFO - Started process (PID=16412) to work on /home/felipe/.local/lib/python3.11/site-packages/airflow/example_dags/example_task_group.py
[2024-01-08T11:35:34.412-0300] {processor.py:829} INFO - Processing file /home/felipe/.local/lib/python3.11/site-packages/airflow/example_dags/example_task_group.py for tasks to queue
[2024-01-08T11:35:34.412-0300] {logging_mixin.py:154} INFO - [2024-01-08T11:35:34.412-0300] {dagbag.py:536} INFO - Filling up the DagBag from /home/felipe/.local/lib/python3.11/site-packages/airflow/example_dags/example_task_group.py
[2024-01-08T11:35:34.417-0300] {processor.py:839} INFO - DAG(s) dict_keys(['example_task_group']) retrieved from /home/felipe/.local/lib/python3.11/site-packages/airflow/example_dags/example_task_group.py
[2024-01-08T11:35:34.426-0300] {logging_mixin.py:154} INFO - [2024-01-08T11:35:34.426-0300] {dag.py:2941} INFO - Sync 1 DAGs
[2024-01-08T11:35:34.435-0300] {logging_mixin.py:154} INFO - [2024-01-08T11:35:34.435-0300] {dag.py:3722} INFO - Setting next_dagrun for example_task_group to 2024-01-07T14:35:34.435484+00:00, run_after=2024-01-08T14:35:34.435484+00:00
[2024-01-08T11:35:34.445-0300] {processor.py:179} INFO - Processing /home/felipe/.local/lib/python3.11/site-packages/airflow/example_dags/example_task_group.py took 0.035 seconds
[2024-01-08T11:36:38.028-0300] {processor.py:157} INFO - Started process (PID=16573) to work on /home/felipe/.local/lib/python3.11/site-packages/airflow/example_dags/example_task_group.py
[2024-01-08T11:36:38.029-0300] {processor.py:829} INFO - Processing file /home/felipe/.local/lib/python3.11/site-packages/airflow/example_dags/example_task_group.py for tasks to queue
[2024-01-08T11:36:38.029-0300] {logging_mixin.py:154} INFO - [2024-01-08T11:36:38.029-0300] {dagbag.py:536} INFO - Filling up the DagBag from /home/felipe/.local/lib/python3.11/site-packages/airflow/example_dags/example_task_group.py
[2024-01-08T11:36:38.034-0300] {processor.py:839} INFO - DAG(s) dict_keys(['example_task_group']) retrieved from /home/felipe/.local/lib/python3.11/site-packages/airflow/example_dags/example_task_group.py
[2024-01-08T11:36:38.043-0300] {logging_mixin.py:154} INFO - [2024-01-08T11:36:38.043-0300] {dag.py:2941} INFO - Sync 1 DAGs
[2024-01-08T11:36:38.052-0300] {logging_mixin.py:154} INFO - [2024-01-08T11:36:38.052-0300] {dag.py:3722} INFO - Setting next_dagrun for example_task_group to 2024-01-07T14:36:38.052283+00:00, run_after=2024-01-08T14:36:38.052283+00:00
[2024-01-08T11:36:38.061-0300] {processor.py:179} INFO - Processing /home/felipe/.local/lib/python3.11/site-packages/airflow/example_dags/example_task_group.py took 0.035 seconds
