[2024-01-08T11:08:41.960-0300] {processor.py:157} INFO - Started process (PID=11956) to work on /home/felipe/.local/lib/python3.11/site-packages/airflow/example_dags/example_sensors.py
[2024-01-08T11:08:41.961-0300] {processor.py:829} INFO - Processing file /home/felipe/.local/lib/python3.11/site-packages/airflow/example_dags/example_sensors.py for tasks to queue
[2024-01-08T11:08:41.961-0300] {logging_mixin.py:154} INFO - [2024-01-08T11:08:41.961-0300] {dagbag.py:536} INFO - Filling up the DagBag from /home/felipe/.local/lib/python3.11/site-packages/airflow/example_dags/example_sensors.py
[2024-01-08T11:08:41.968-0300] {processor.py:839} INFO - DAG(s) dict_keys(['example_sensors']) retrieved from /home/felipe/.local/lib/python3.11/site-packages/airflow/example_dags/example_sensors.py
[2024-01-08T11:08:41.982-0300] {logging_mixin.py:154} INFO - [2024-01-08T11:08:41.982-0300] {dag.py:2941} INFO - Sync 1 DAGs
[2024-01-08T11:08:41.987-0300] {logging_mixin.py:154} INFO - [2024-01-08T11:08:41.987-0300] {dag.py:3722} INFO - Setting next_dagrun for example_sensors to None, run_after=None
[2024-01-08T11:08:42.028-0300] {processor.py:179} INFO - Processing /home/felipe/.local/lib/python3.11/site-packages/airflow/example_dags/example_sensors.py took 0.069 seconds
[2024-01-08T11:09:47.579-0300] {processor.py:157} INFO - Started process (PID=12040) to work on /home/felipe/.local/lib/python3.11/site-packages/airflow/example_dags/example_sensors.py
[2024-01-08T11:09:47.611-0300] {processor.py:829} INFO - Processing file /home/felipe/.local/lib/python3.11/site-packages/airflow/example_dags/example_sensors.py for tasks to queue
[2024-01-08T11:09:47.611-0300] {logging_mixin.py:154} INFO - [2024-01-08T11:09:47.611-0300] {dagbag.py:536} INFO - Filling up the DagBag from /home/felipe/.local/lib/python3.11/site-packages/airflow/example_dags/example_sensors.py
[2024-01-08T11:09:47.617-0300] {processor.py:839} INFO - DAG(s) dict_keys(['example_sensors']) retrieved from /home/felipe/.local/lib/python3.11/site-packages/airflow/example_dags/example_sensors.py
[2024-01-08T11:09:47.627-0300] {logging_mixin.py:154} INFO - [2024-01-08T11:09:47.627-0300] {dag.py:2941} INFO - Sync 1 DAGs
[2024-01-08T11:09:47.632-0300] {logging_mixin.py:154} INFO - [2024-01-08T11:09:47.632-0300] {dag.py:3722} INFO - Setting next_dagrun for example_sensors to None, run_after=None
[2024-01-08T11:09:47.649-0300] {processor.py:179} INFO - Processing /home/felipe/.local/lib/python3.11/site-packages/airflow/example_dags/example_sensors.py took 0.072 seconds
[2024-01-08T11:15:25.983-0300] {processor.py:157} INFO - Started process (PID=12467) to work on /home/felipe/.local/lib/python3.11/site-packages/airflow/example_dags/example_sensors.py
[2024-01-08T11:15:26.015-0300] {processor.py:829} INFO - Processing file /home/felipe/.local/lib/python3.11/site-packages/airflow/example_dags/example_sensors.py for tasks to queue
[2024-01-08T11:15:26.016-0300] {logging_mixin.py:154} INFO - [2024-01-08T11:15:26.016-0300] {dagbag.py:536} INFO - Filling up the DagBag from /home/felipe/.local/lib/python3.11/site-packages/airflow/example_dags/example_sensors.py
[2024-01-08T11:15:26.022-0300] {processor.py:839} INFO - DAG(s) dict_keys(['example_sensors']) retrieved from /home/felipe/.local/lib/python3.11/site-packages/airflow/example_dags/example_sensors.py
[2024-01-08T11:15:26.036-0300] {logging_mixin.py:154} INFO - [2024-01-08T11:15:26.036-0300] {dag.py:2941} INFO - Sync 1 DAGs
[2024-01-08T11:15:26.041-0300] {logging_mixin.py:154} INFO - [2024-01-08T11:15:26.041-0300] {dag.py:3722} INFO - Setting next_dagrun for example_sensors to None, run_after=None
[2024-01-08T11:15:26.057-0300] {processor.py:179} INFO - Processing /home/felipe/.local/lib/python3.11/site-packages/airflow/example_dags/example_sensors.py took 0.076 seconds
[2024-01-08T11:16:32.953-0300] {processor.py:157} INFO - Started process (PID=12648) to work on /home/felipe/.local/lib/python3.11/site-packages/airflow/example_dags/example_sensors.py
[2024-01-08T11:16:32.985-0300] {processor.py:829} INFO - Processing file /home/felipe/.local/lib/python3.11/site-packages/airflow/example_dags/example_sensors.py for tasks to queue
[2024-01-08T11:16:32.986-0300] {logging_mixin.py:154} INFO - [2024-01-08T11:16:32.985-0300] {dagbag.py:536} INFO - Filling up the DagBag from /home/felipe/.local/lib/python3.11/site-packages/airflow/example_dags/example_sensors.py
[2024-01-08T11:16:32.991-0300] {processor.py:839} INFO - DAG(s) dict_keys(['example_sensors']) retrieved from /home/felipe/.local/lib/python3.11/site-packages/airflow/example_dags/example_sensors.py
[2024-01-08T11:16:33.001-0300] {logging_mixin.py:154} INFO - [2024-01-08T11:16:33.001-0300] {dag.py:2941} INFO - Sync 1 DAGs
[2024-01-08T11:16:33.006-0300] {logging_mixin.py:154} INFO - [2024-01-08T11:16:33.006-0300] {dag.py:3722} INFO - Setting next_dagrun for example_sensors to None, run_after=None
[2024-01-08T11:16:33.022-0300] {processor.py:179} INFO - Processing /home/felipe/.local/lib/python3.11/site-packages/airflow/example_dags/example_sensors.py took 0.071 seconds
[2024-01-08T11:17:39.002-0300] {processor.py:157} INFO - Started process (PID=13004) to work on /home/felipe/.local/lib/python3.11/site-packages/airflow/example_dags/example_sensors.py
[2024-01-08T11:17:39.035-0300] {processor.py:829} INFO - Processing file /home/felipe/.local/lib/python3.11/site-packages/airflow/example_dags/example_sensors.py for tasks to queue
[2024-01-08T11:17:39.035-0300] {logging_mixin.py:154} INFO - [2024-01-08T11:17:39.035-0300] {dagbag.py:536} INFO - Filling up the DagBag from /home/felipe/.local/lib/python3.11/site-packages/airflow/example_dags/example_sensors.py
[2024-01-08T11:17:39.041-0300] {processor.py:839} INFO - DAG(s) dict_keys(['example_sensors']) retrieved from /home/felipe/.local/lib/python3.11/site-packages/airflow/example_dags/example_sensors.py
[2024-01-08T11:17:39.052-0300] {logging_mixin.py:154} INFO - [2024-01-08T11:17:39.052-0300] {dag.py:2941} INFO - Sync 1 DAGs
[2024-01-08T11:17:39.057-0300] {logging_mixin.py:154} INFO - [2024-01-08T11:17:39.057-0300] {dag.py:3722} INFO - Setting next_dagrun for example_sensors to None, run_after=None
[2024-01-08T11:17:39.069-0300] {processor.py:179} INFO - Processing /home/felipe/.local/lib/python3.11/site-packages/airflow/example_dags/example_sensors.py took 0.069 seconds
[2024-01-08T11:18:43.898-0300] {processor.py:157} INFO - Started process (PID=13277) to work on /home/felipe/.local/lib/python3.11/site-packages/airflow/example_dags/example_sensors.py
[2024-01-08T11:18:43.930-0300] {processor.py:829} INFO - Processing file /home/felipe/.local/lib/python3.11/site-packages/airflow/example_dags/example_sensors.py for tasks to queue
[2024-01-08T11:18:43.930-0300] {logging_mixin.py:154} INFO - [2024-01-08T11:18:43.930-0300] {dagbag.py:536} INFO - Filling up the DagBag from /home/felipe/.local/lib/python3.11/site-packages/airflow/example_dags/example_sensors.py
[2024-01-08T11:18:43.936-0300] {processor.py:839} INFO - DAG(s) dict_keys(['example_sensors']) retrieved from /home/felipe/.local/lib/python3.11/site-packages/airflow/example_dags/example_sensors.py
[2024-01-08T11:18:43.947-0300] {logging_mixin.py:154} INFO - [2024-01-08T11:18:43.947-0300] {dag.py:2941} INFO - Sync 1 DAGs
[2024-01-08T11:18:43.952-0300] {logging_mixin.py:154} INFO - [2024-01-08T11:18:43.952-0300] {dag.py:3722} INFO - Setting next_dagrun for example_sensors to None, run_after=None
[2024-01-08T11:18:43.969-0300] {processor.py:179} INFO - Processing /home/felipe/.local/lib/python3.11/site-packages/airflow/example_dags/example_sensors.py took 0.073 seconds
[2024-01-08T11:19:50.812-0300] {processor.py:157} INFO - Started process (PID=13423) to work on /home/felipe/.local/lib/python3.11/site-packages/airflow/example_dags/example_sensors.py
[2024-01-08T11:19:50.844-0300] {processor.py:829} INFO - Processing file /home/felipe/.local/lib/python3.11/site-packages/airflow/example_dags/example_sensors.py for tasks to queue
[2024-01-08T11:19:50.845-0300] {logging_mixin.py:154} INFO - [2024-01-08T11:19:50.844-0300] {dagbag.py:536} INFO - Filling up the DagBag from /home/felipe/.local/lib/python3.11/site-packages/airflow/example_dags/example_sensors.py
[2024-01-08T11:19:50.850-0300] {processor.py:839} INFO - DAG(s) dict_keys(['example_sensors']) retrieved from /home/felipe/.local/lib/python3.11/site-packages/airflow/example_dags/example_sensors.py
[2024-01-08T11:19:50.860-0300] {logging_mixin.py:154} INFO - [2024-01-08T11:19:50.860-0300] {dag.py:2941} INFO - Sync 1 DAGs
[2024-01-08T11:19:50.865-0300] {logging_mixin.py:154} INFO - [2024-01-08T11:19:50.865-0300] {dag.py:3722} INFO - Setting next_dagrun for example_sensors to None, run_after=None
[2024-01-08T11:19:50.881-0300] {processor.py:179} INFO - Processing /home/felipe/.local/lib/python3.11/site-packages/airflow/example_dags/example_sensors.py took 0.071 seconds
[2024-01-08T11:34:23.051-0300] {processor.py:157} INFO - Started process (PID=16237) to work on /home/felipe/.local/lib/python3.11/site-packages/airflow/example_dags/example_sensors.py
[2024-01-08T11:34:23.083-0300] {processor.py:829} INFO - Processing file /home/felipe/.local/lib/python3.11/site-packages/airflow/example_dags/example_sensors.py for tasks to queue
[2024-01-08T11:34:23.084-0300] {logging_mixin.py:154} INFO - [2024-01-08T11:34:23.083-0300] {dagbag.py:536} INFO - Filling up the DagBag from /home/felipe/.local/lib/python3.11/site-packages/airflow/example_dags/example_sensors.py
[2024-01-08T11:34:23.091-0300] {processor.py:839} INFO - DAG(s) dict_keys(['example_sensors']) retrieved from /home/felipe/.local/lib/python3.11/site-packages/airflow/example_dags/example_sensors.py
[2024-01-08T11:34:23.105-0300] {logging_mixin.py:154} INFO - [2024-01-08T11:34:23.104-0300] {dag.py:2941} INFO - Sync 1 DAGs
[2024-01-08T11:34:23.110-0300] {logging_mixin.py:154} INFO - [2024-01-08T11:34:23.110-0300] {dag.py:3722} INFO - Setting next_dagrun for example_sensors to None, run_after=None
[2024-01-08T11:34:23.128-0300] {processor.py:179} INFO - Processing /home/felipe/.local/lib/python3.11/site-packages/airflow/example_dags/example_sensors.py took 0.078 seconds
[2024-01-08T11:35:27.989-0300] {processor.py:157} INFO - Started process (PID=16393) to work on /home/felipe/.local/lib/python3.11/site-packages/airflow/example_dags/example_sensors.py
[2024-01-08T11:35:28.021-0300] {processor.py:829} INFO - Processing file /home/felipe/.local/lib/python3.11/site-packages/airflow/example_dags/example_sensors.py for tasks to queue
[2024-01-08T11:35:28.022-0300] {logging_mixin.py:154} INFO - [2024-01-08T11:35:28.022-0300] {dagbag.py:536} INFO - Filling up the DagBag from /home/felipe/.local/lib/python3.11/site-packages/airflow/example_dags/example_sensors.py
[2024-01-08T11:35:28.028-0300] {processor.py:839} INFO - DAG(s) dict_keys(['example_sensors']) retrieved from /home/felipe/.local/lib/python3.11/site-packages/airflow/example_dags/example_sensors.py
[2024-01-08T11:35:28.039-0300] {logging_mixin.py:154} INFO - [2024-01-08T11:35:28.038-0300] {dag.py:2941} INFO - Sync 1 DAGs
[2024-01-08T11:35:28.044-0300] {logging_mixin.py:154} INFO - [2024-01-08T11:35:28.044-0300] {dag.py:3722} INFO - Setting next_dagrun for example_sensors to None, run_after=None
[2024-01-08T11:35:28.061-0300] {processor.py:179} INFO - Processing /home/felipe/.local/lib/python3.11/site-packages/airflow/example_dags/example_sensors.py took 0.074 seconds
[2024-01-08T11:36:31.151-0300] {processor.py:157} INFO - Started process (PID=16564) to work on /home/felipe/.local/lib/python3.11/site-packages/airflow/example_dags/example_sensors.py
[2024-01-08T11:36:31.183-0300] {processor.py:829} INFO - Processing file /home/felipe/.local/lib/python3.11/site-packages/airflow/example_dags/example_sensors.py for tasks to queue
[2024-01-08T11:36:31.183-0300] {logging_mixin.py:154} INFO - [2024-01-08T11:36:31.183-0300] {dagbag.py:536} INFO - Filling up the DagBag from /home/felipe/.local/lib/python3.11/site-packages/airflow/example_dags/example_sensors.py
[2024-01-08T11:36:31.189-0300] {processor.py:839} INFO - DAG(s) dict_keys(['example_sensors']) retrieved from /home/felipe/.local/lib/python3.11/site-packages/airflow/example_dags/example_sensors.py
[2024-01-08T11:36:31.199-0300] {logging_mixin.py:154} INFO - [2024-01-08T11:36:31.199-0300] {dag.py:2941} INFO - Sync 1 DAGs
[2024-01-08T11:36:31.204-0300] {logging_mixin.py:154} INFO - [2024-01-08T11:36:31.204-0300] {dag.py:3722} INFO - Setting next_dagrun for example_sensors to None, run_after=None
[2024-01-08T11:36:31.221-0300] {processor.py:179} INFO - Processing /home/felipe/.local/lib/python3.11/site-packages/airflow/example_dags/example_sensors.py took 0.072 seconds
