[2024-01-08T11:08:37.120-0300] {processor.py:157} INFO - Started process (PID=11948) to work on /home/felipe/.local/lib/python3.11/site-packages/airflow/example_dags/example_dynamic_task_mapping_with_no_taskflow_operators.py
[2024-01-08T11:08:37.121-0300] {processor.py:829} INFO - Processing file /home/felipe/.local/lib/python3.11/site-packages/airflow/example_dags/example_dynamic_task_mapping_with_no_taskflow_operators.py for tasks to queue
[2024-01-08T11:08:37.121-0300] {logging_mixin.py:154} INFO - [2024-01-08T11:08:37.121-0300] {dagbag.py:536} INFO - Filling up the DagBag from /home/felipe/.local/lib/python3.11/site-packages/airflow/example_dags/example_dynamic_task_mapping_with_no_taskflow_operators.py
[2024-01-08T11:08:37.128-0300] {processor.py:839} INFO - DAG(s) dict_keys(['example_dynamic_task_mapping_with_no_taskflow_operators']) retrieved from /home/felipe/.local/lib/python3.11/site-packages/airflow/example_dags/example_dynamic_task_mapping_with_no_taskflow_operators.py
[2024-01-08T11:08:37.139-0300] {logging_mixin.py:154} INFO - [2024-01-08T11:08:37.139-0300] {dag.py:2941} INFO - Sync 1 DAGs
[2024-01-08T11:08:37.149-0300] {logging_mixin.py:154} INFO - [2024-01-08T11:08:37.149-0300] {dag.py:3722} INFO - Setting next_dagrun for example_dynamic_task_mapping_with_no_taskflow_operators to 2024-01-07T14:08:37.149291+00:00, run_after=2024-01-08T14:08:37.149291+00:00
[2024-01-08T11:08:37.190-0300] {processor.py:179} INFO - Processing /home/felipe/.local/lib/python3.11/site-packages/airflow/example_dags/example_dynamic_task_mapping_with_no_taskflow_operators.py took 0.071 seconds
[2024-01-08T11:09:42.799-0300] {processor.py:157} INFO - Started process (PID=12035) to work on /home/felipe/.local/lib/python3.11/site-packages/airflow/example_dags/example_dynamic_task_mapping_with_no_taskflow_operators.py
[2024-01-08T11:09:42.832-0300] {processor.py:829} INFO - Processing file /home/felipe/.local/lib/python3.11/site-packages/airflow/example_dags/example_dynamic_task_mapping_with_no_taskflow_operators.py for tasks to queue
[2024-01-08T11:09:42.832-0300] {logging_mixin.py:154} INFO - [2024-01-08T11:09:42.832-0300] {dagbag.py:536} INFO - Filling up the DagBag from /home/felipe/.local/lib/python3.11/site-packages/airflow/example_dags/example_dynamic_task_mapping_with_no_taskflow_operators.py
[2024-01-08T11:09:42.836-0300] {processor.py:839} INFO - DAG(s) dict_keys(['example_dynamic_task_mapping_with_no_taskflow_operators']) retrieved from /home/felipe/.local/lib/python3.11/site-packages/airflow/example_dags/example_dynamic_task_mapping_with_no_taskflow_operators.py
[2024-01-08T11:09:42.844-0300] {logging_mixin.py:154} INFO - [2024-01-08T11:09:42.844-0300] {dag.py:2941} INFO - Sync 1 DAGs
[2024-01-08T11:09:42.853-0300] {logging_mixin.py:154} INFO - [2024-01-08T11:09:42.853-0300] {dag.py:3722} INFO - Setting next_dagrun for example_dynamic_task_mapping_with_no_taskflow_operators to 2024-01-07T14:09:42.853688+00:00, run_after=2024-01-08T14:09:42.853688+00:00
[2024-01-08T11:09:42.872-0300] {processor.py:179} INFO - Processing /home/felipe/.local/lib/python3.11/site-packages/airflow/example_dags/example_dynamic_task_mapping_with_no_taskflow_operators.py took 0.074 seconds
[2024-01-08T11:15:21.312-0300] {processor.py:157} INFO - Started process (PID=12462) to work on /home/felipe/.local/lib/python3.11/site-packages/airflow/example_dags/example_dynamic_task_mapping_with_no_taskflow_operators.py
[2024-01-08T11:15:21.344-0300] {processor.py:829} INFO - Processing file /home/felipe/.local/lib/python3.11/site-packages/airflow/example_dags/example_dynamic_task_mapping_with_no_taskflow_operators.py for tasks to queue
[2024-01-08T11:15:21.345-0300] {logging_mixin.py:154} INFO - [2024-01-08T11:15:21.344-0300] {dagbag.py:536} INFO - Filling up the DagBag from /home/felipe/.local/lib/python3.11/site-packages/airflow/example_dags/example_dynamic_task_mapping_with_no_taskflow_operators.py
[2024-01-08T11:15:21.348-0300] {processor.py:839} INFO - DAG(s) dict_keys(['example_dynamic_task_mapping_with_no_taskflow_operators']) retrieved from /home/felipe/.local/lib/python3.11/site-packages/airflow/example_dags/example_dynamic_task_mapping_with_no_taskflow_operators.py
[2024-01-08T11:15:21.360-0300] {logging_mixin.py:154} INFO - [2024-01-08T11:15:21.359-0300] {dag.py:2941} INFO - Sync 1 DAGs
[2024-01-08T11:15:21.367-0300] {logging_mixin.py:154} INFO - [2024-01-08T11:15:21.367-0300] {dag.py:3722} INFO - Setting next_dagrun for example_dynamic_task_mapping_with_no_taskflow_operators to 2024-01-07T14:15:21.367385+00:00, run_after=2024-01-08T14:15:21.367385+00:00
[2024-01-08T11:15:21.383-0300] {processor.py:179} INFO - Processing /home/felipe/.local/lib/python3.11/site-packages/airflow/example_dags/example_dynamic_task_mapping_with_no_taskflow_operators.py took 0.073 seconds
[2024-01-08T11:16:27.829-0300] {processor.py:157} INFO - Started process (PID=12643) to work on /home/felipe/.local/lib/python3.11/site-packages/airflow/example_dags/example_dynamic_task_mapping_with_no_taskflow_operators.py
[2024-01-08T11:16:27.861-0300] {processor.py:829} INFO - Processing file /home/felipe/.local/lib/python3.11/site-packages/airflow/example_dags/example_dynamic_task_mapping_with_no_taskflow_operators.py for tasks to queue
[2024-01-08T11:16:27.862-0300] {logging_mixin.py:154} INFO - [2024-01-08T11:16:27.862-0300] {dagbag.py:536} INFO - Filling up the DagBag from /home/felipe/.local/lib/python3.11/site-packages/airflow/example_dags/example_dynamic_task_mapping_with_no_taskflow_operators.py
[2024-01-08T11:16:27.866-0300] {processor.py:839} INFO - DAG(s) dict_keys(['example_dynamic_task_mapping_with_no_taskflow_operators']) retrieved from /home/felipe/.local/lib/python3.11/site-packages/airflow/example_dags/example_dynamic_task_mapping_with_no_taskflow_operators.py
[2024-01-08T11:16:27.874-0300] {logging_mixin.py:154} INFO - [2024-01-08T11:16:27.874-0300] {dag.py:2941} INFO - Sync 1 DAGs
[2024-01-08T11:16:27.881-0300] {logging_mixin.py:154} INFO - [2024-01-08T11:16:27.881-0300] {dag.py:3722} INFO - Setting next_dagrun for example_dynamic_task_mapping_with_no_taskflow_operators to 2024-01-07T14:16:27.881716+00:00, run_after=2024-01-08T14:16:27.881716+00:00
[2024-01-08T11:16:27.895-0300] {processor.py:179} INFO - Processing /home/felipe/.local/lib/python3.11/site-packages/airflow/example_dags/example_dynamic_task_mapping_with_no_taskflow_operators.py took 0.068 seconds
[2024-01-08T11:17:34.004-0300] {processor.py:157} INFO - Started process (PID=12978) to work on /home/felipe/.local/lib/python3.11/site-packages/airflow/example_dags/example_dynamic_task_mapping_with_no_taskflow_operators.py
[2024-01-08T11:17:34.041-0300] {processor.py:829} INFO - Processing file /home/felipe/.local/lib/python3.11/site-packages/airflow/example_dags/example_dynamic_task_mapping_with_no_taskflow_operators.py for tasks to queue
[2024-01-08T11:17:34.042-0300] {logging_mixin.py:154} INFO - [2024-01-08T11:17:34.042-0300] {dagbag.py:536} INFO - Filling up the DagBag from /home/felipe/.local/lib/python3.11/site-packages/airflow/example_dags/example_dynamic_task_mapping_with_no_taskflow_operators.py
[2024-01-08T11:17:34.045-0300] {processor.py:839} INFO - DAG(s) dict_keys(['example_dynamic_task_mapping_with_no_taskflow_operators']) retrieved from /home/felipe/.local/lib/python3.11/site-packages/airflow/example_dags/example_dynamic_task_mapping_with_no_taskflow_operators.py
[2024-01-08T11:17:34.054-0300] {logging_mixin.py:154} INFO - [2024-01-08T11:17:34.054-0300] {dag.py:2941} INFO - Sync 1 DAGs
[2024-01-08T11:17:34.063-0300] {logging_mixin.py:154} INFO - [2024-01-08T11:17:34.063-0300] {dag.py:3722} INFO - Setting next_dagrun for example_dynamic_task_mapping_with_no_taskflow_operators to 2024-01-07T14:17:34.063098+00:00, run_after=2024-01-08T14:17:34.063098+00:00
[2024-01-08T11:17:34.079-0300] {processor.py:179} INFO - Processing /home/felipe/.local/lib/python3.11/site-packages/airflow/example_dags/example_dynamic_task_mapping_with_no_taskflow_operators.py took 0.076 seconds
[2024-01-08T11:18:39.075-0300] {processor.py:157} INFO - Started process (PID=13271) to work on /home/felipe/.local/lib/python3.11/site-packages/airflow/example_dags/example_dynamic_task_mapping_with_no_taskflow_operators.py
[2024-01-08T11:18:39.107-0300] {processor.py:829} INFO - Processing file /home/felipe/.local/lib/python3.11/site-packages/airflow/example_dags/example_dynamic_task_mapping_with_no_taskflow_operators.py for tasks to queue
[2024-01-08T11:18:39.108-0300] {logging_mixin.py:154} INFO - [2024-01-08T11:18:39.108-0300] {dagbag.py:536} INFO - Filling up the DagBag from /home/felipe/.local/lib/python3.11/site-packages/airflow/example_dags/example_dynamic_task_mapping_with_no_taskflow_operators.py
[2024-01-08T11:18:39.112-0300] {processor.py:839} INFO - DAG(s) dict_keys(['example_dynamic_task_mapping_with_no_taskflow_operators']) retrieved from /home/felipe/.local/lib/python3.11/site-packages/airflow/example_dags/example_dynamic_task_mapping_with_no_taskflow_operators.py
[2024-01-08T11:18:39.121-0300] {logging_mixin.py:154} INFO - [2024-01-08T11:18:39.121-0300] {dag.py:2941} INFO - Sync 1 DAGs
[2024-01-08T11:18:39.129-0300] {logging_mixin.py:154} INFO - [2024-01-08T11:18:39.129-0300] {dag.py:3722} INFO - Setting next_dagrun for example_dynamic_task_mapping_with_no_taskflow_operators to 2024-01-07T14:18:39.129467+00:00, run_after=2024-01-08T14:18:39.129467+00:00
[2024-01-08T11:18:39.145-0300] {processor.py:179} INFO - Processing /home/felipe/.local/lib/python3.11/site-packages/airflow/example_dags/example_dynamic_task_mapping_with_no_taskflow_operators.py took 0.072 seconds
[2024-01-08T11:19:46.259-0300] {processor.py:157} INFO - Started process (PID=13409) to work on /home/felipe/.local/lib/python3.11/site-packages/airflow/example_dags/example_dynamic_task_mapping_with_no_taskflow_operators.py
[2024-01-08T11:19:46.288-0300] {processor.py:829} INFO - Processing file /home/felipe/.local/lib/python3.11/site-packages/airflow/example_dags/example_dynamic_task_mapping_with_no_taskflow_operators.py for tasks to queue
[2024-01-08T11:19:46.289-0300] {logging_mixin.py:154} INFO - [2024-01-08T11:19:46.289-0300] {dagbag.py:536} INFO - Filling up the DagBag from /home/felipe/.local/lib/python3.11/site-packages/airflow/example_dags/example_dynamic_task_mapping_with_no_taskflow_operators.py
[2024-01-08T11:19:46.293-0300] {processor.py:839} INFO - DAG(s) dict_keys(['example_dynamic_task_mapping_with_no_taskflow_operators']) retrieved from /home/felipe/.local/lib/python3.11/site-packages/airflow/example_dags/example_dynamic_task_mapping_with_no_taskflow_operators.py
[2024-01-08T11:19:46.301-0300] {logging_mixin.py:154} INFO - [2024-01-08T11:19:46.301-0300] {dag.py:2941} INFO - Sync 1 DAGs
[2024-01-08T11:19:46.309-0300] {logging_mixin.py:154} INFO - [2024-01-08T11:19:46.309-0300] {dag.py:3722} INFO - Setting next_dagrun for example_dynamic_task_mapping_with_no_taskflow_operators to 2024-01-07T14:19:46.309735+00:00, run_after=2024-01-08T14:19:46.309735+00:00
[2024-01-08T11:19:46.322-0300] {processor.py:179} INFO - Processing /home/felipe/.local/lib/python3.11/site-packages/airflow/example_dags/example_dynamic_task_mapping_with_no_taskflow_operators.py took 0.064 seconds
[2024-01-08T11:34:18.290-0300] {processor.py:157} INFO - Started process (PID=16227) to work on /home/felipe/.local/lib/python3.11/site-packages/airflow/example_dags/example_dynamic_task_mapping_with_no_taskflow_operators.py
[2024-01-08T11:34:18.323-0300] {processor.py:829} INFO - Processing file /home/felipe/.local/lib/python3.11/site-packages/airflow/example_dags/example_dynamic_task_mapping_with_no_taskflow_operators.py for tasks to queue
[2024-01-08T11:34:18.324-0300] {logging_mixin.py:154} INFO - [2024-01-08T11:34:18.323-0300] {dagbag.py:536} INFO - Filling up the DagBag from /home/felipe/.local/lib/python3.11/site-packages/airflow/example_dags/example_dynamic_task_mapping_with_no_taskflow_operators.py
[2024-01-08T11:34:18.334-0300] {processor.py:839} INFO - DAG(s) dict_keys(['example_dynamic_task_mapping_with_no_taskflow_operators']) retrieved from /home/felipe/.local/lib/python3.11/site-packages/airflow/example_dags/example_dynamic_task_mapping_with_no_taskflow_operators.py
[2024-01-08T11:34:18.348-0300] {logging_mixin.py:154} INFO - [2024-01-08T11:34:18.348-0300] {dag.py:2941} INFO - Sync 1 DAGs
[2024-01-08T11:34:18.359-0300] {logging_mixin.py:154} INFO - [2024-01-08T11:34:18.359-0300] {dag.py:3722} INFO - Setting next_dagrun for example_dynamic_task_mapping_with_no_taskflow_operators to 2024-01-07T14:34:18.359689+00:00, run_after=2024-01-08T14:34:18.359689+00:00
[2024-01-08T11:34:18.369-0300] {processor.py:179} INFO - Processing /home/felipe/.local/lib/python3.11/site-packages/airflow/example_dags/example_dynamic_task_mapping_with_no_taskflow_operators.py took 0.081 seconds
[2024-01-08T11:35:23.148-0300] {processor.py:157} INFO - Started process (PID=16367) to work on /home/felipe/.local/lib/python3.11/site-packages/airflow/example_dags/example_dynamic_task_mapping_with_no_taskflow_operators.py
[2024-01-08T11:35:23.205-0300] {processor.py:829} INFO - Processing file /home/felipe/.local/lib/python3.11/site-packages/airflow/example_dags/example_dynamic_task_mapping_with_no_taskflow_operators.py for tasks to queue
[2024-01-08T11:35:23.206-0300] {logging_mixin.py:154} INFO - [2024-01-08T11:35:23.205-0300] {dagbag.py:536} INFO - Filling up the DagBag from /home/felipe/.local/lib/python3.11/site-packages/airflow/example_dags/example_dynamic_task_mapping_with_no_taskflow_operators.py
[2024-01-08T11:35:23.210-0300] {processor.py:839} INFO - DAG(s) dict_keys(['example_dynamic_task_mapping_with_no_taskflow_operators']) retrieved from /home/felipe/.local/lib/python3.11/site-packages/airflow/example_dags/example_dynamic_task_mapping_with_no_taskflow_operators.py
[2024-01-08T11:35:23.218-0300] {logging_mixin.py:154} INFO - [2024-01-08T11:35:23.218-0300] {dag.py:2941} INFO - Sync 1 DAGs
[2024-01-08T11:35:23.228-0300] {logging_mixin.py:154} INFO - [2024-01-08T11:35:23.228-0300] {dag.py:3722} INFO - Setting next_dagrun for example_dynamic_task_mapping_with_no_taskflow_operators to 2024-01-07T14:35:23.228194+00:00, run_after=2024-01-08T14:35:23.228194+00:00
[2024-01-08T11:35:23.244-0300] {processor.py:179} INFO - Processing /home/felipe/.local/lib/python3.11/site-packages/airflow/example_dags/example_dynamic_task_mapping_with_no_taskflow_operators.py took 0.098 seconds
[2024-01-08T11:36:26.475-0300] {processor.py:157} INFO - Started process (PID=16549) to work on /home/felipe/.local/lib/python3.11/site-packages/airflow/example_dags/example_dynamic_task_mapping_with_no_taskflow_operators.py
[2024-01-08T11:36:26.507-0300] {processor.py:829} INFO - Processing file /home/felipe/.local/lib/python3.11/site-packages/airflow/example_dags/example_dynamic_task_mapping_with_no_taskflow_operators.py for tasks to queue
[2024-01-08T11:36:26.508-0300] {logging_mixin.py:154} INFO - [2024-01-08T11:36:26.508-0300] {dagbag.py:536} INFO - Filling up the DagBag from /home/felipe/.local/lib/python3.11/site-packages/airflow/example_dags/example_dynamic_task_mapping_with_no_taskflow_operators.py
[2024-01-08T11:36:26.512-0300] {processor.py:839} INFO - DAG(s) dict_keys(['example_dynamic_task_mapping_with_no_taskflow_operators']) retrieved from /home/felipe/.local/lib/python3.11/site-packages/airflow/example_dags/example_dynamic_task_mapping_with_no_taskflow_operators.py
[2024-01-08T11:36:26.521-0300] {logging_mixin.py:154} INFO - [2024-01-08T11:36:26.520-0300] {dag.py:2941} INFO - Sync 1 DAGs
[2024-01-08T11:36:26.530-0300] {logging_mixin.py:154} INFO - [2024-01-08T11:36:26.530-0300] {dag.py:3722} INFO - Setting next_dagrun for example_dynamic_task_mapping_with_no_taskflow_operators to 2024-01-07T14:36:26.530070+00:00, run_after=2024-01-08T14:36:26.530070+00:00
[2024-01-08T11:36:26.546-0300] {processor.py:179} INFO - Processing /home/felipe/.local/lib/python3.11/site-packages/airflow/example_dags/example_dynamic_task_mapping_with_no_taskflow_operators.py took 0.073 seconds
[2024-01-08T11:37:32.783-0300] {processor.py:157} INFO - Started process (PID=16828) to work on /home/felipe/.local/lib/python3.11/site-packages/airflow/example_dags/example_dynamic_task_mapping_with_no_taskflow_operators.py
[2024-01-08T11:37:32.784-0300] {processor.py:829} INFO - Processing file /home/felipe/.local/lib/python3.11/site-packages/airflow/example_dags/example_dynamic_task_mapping_with_no_taskflow_operators.py for tasks to queue
[2024-01-08T11:37:32.784-0300] {logging_mixin.py:154} INFO - [2024-01-08T11:37:32.784-0300] {dagbag.py:536} INFO - Filling up the DagBag from /home/felipe/.local/lib/python3.11/site-packages/airflow/example_dags/example_dynamic_task_mapping_with_no_taskflow_operators.py
[2024-01-08T11:37:32.789-0300] {processor.py:839} INFO - DAG(s) dict_keys(['example_dynamic_task_mapping_with_no_taskflow_operators']) retrieved from /home/felipe/.local/lib/python3.11/site-packages/airflow/example_dags/example_dynamic_task_mapping_with_no_taskflow_operators.py
[2024-01-08T11:37:32.797-0300] {logging_mixin.py:154} INFO - [2024-01-08T11:37:32.797-0300] {dag.py:2941} INFO - Sync 1 DAGs
[2024-01-08T11:37:32.807-0300] {logging_mixin.py:154} INFO - [2024-01-08T11:37:32.807-0300] {dag.py:3722} INFO - Setting next_dagrun for example_dynamic_task_mapping_with_no_taskflow_operators to 2024-01-07T14:37:32.807478+00:00, run_after=2024-01-08T14:37:32.807478+00:00
[2024-01-08T11:37:32.824-0300] {processor.py:179} INFO - Processing /home/felipe/.local/lib/python3.11/site-packages/airflow/example_dags/example_dynamic_task_mapping_with_no_taskflow_operators.py took 0.042 seconds
