[2024-01-08T11:08:38.557-0300] {processor.py:157} INFO - Started process (PID=11952) to work on /home/felipe/.local/lib/python3.11/site-packages/airflow/example_dags/example_sla_dag.py
[2024-01-08T11:08:38.558-0300] {processor.py:829} INFO - Processing file /home/felipe/.local/lib/python3.11/site-packages/airflow/example_dags/example_sla_dag.py for tasks to queue
[2024-01-08T11:08:38.558-0300] {logging_mixin.py:154} INFO - [2024-01-08T11:08:38.558-0300] {dagbag.py:536} INFO - Filling up the DagBag from /home/felipe/.local/lib/python3.11/site-packages/airflow/example_dags/example_sla_dag.py
[2024-01-08T11:08:38.566-0300] {processor.py:839} INFO - DAG(s) dict_keys(['example_sla_dag']) retrieved from /home/felipe/.local/lib/python3.11/site-packages/airflow/example_dags/example_sla_dag.py
[2024-01-08T11:08:38.577-0300] {logging_mixin.py:154} INFO - [2024-01-08T11:08:38.577-0300] {dag.py:2941} INFO - Sync 1 DAGs
[2024-01-08T11:08:38.588-0300] {logging_mixin.py:154} INFO - [2024-01-08T11:08:38.588-0300] {dag.py:3722} INFO - Setting next_dagrun for example_sla_dag to 2024-01-08T14:06:00+00:00, run_after=2024-01-08T14:08:00+00:00
[2024-01-08T11:08:38.629-0300] {processor.py:179} INFO - Processing /home/felipe/.local/lib/python3.11/site-packages/airflow/example_dags/example_sla_dag.py took 0.074 seconds
[2024-01-08T11:09:44.180-0300] {processor.py:157} INFO - Started process (PID=12037) to work on /home/felipe/.local/lib/python3.11/site-packages/airflow/example_dags/example_sla_dag.py
[2024-01-08T11:09:44.212-0300] {processor.py:829} INFO - Processing file /home/felipe/.local/lib/python3.11/site-packages/airflow/example_dags/example_sla_dag.py for tasks to queue
[2024-01-08T11:09:44.213-0300] {logging_mixin.py:154} INFO - [2024-01-08T11:09:44.213-0300] {dagbag.py:536} INFO - Filling up the DagBag from /home/felipe/.local/lib/python3.11/site-packages/airflow/example_dags/example_sla_dag.py
[2024-01-08T11:09:44.218-0300] {processor.py:839} INFO - DAG(s) dict_keys(['example_sla_dag']) retrieved from /home/felipe/.local/lib/python3.11/site-packages/airflow/example_dags/example_sla_dag.py
[2024-01-08T11:09:44.226-0300] {logging_mixin.py:154} INFO - [2024-01-08T11:09:44.226-0300] {dag.py:2941} INFO - Sync 1 DAGs
[2024-01-08T11:09:44.238-0300] {logging_mixin.py:154} INFO - [2024-01-08T11:09:44.238-0300] {dag.py:3722} INFO - Setting next_dagrun for example_sla_dag to 2024-01-08T14:06:00+00:00, run_after=2024-01-08T14:08:00+00:00
[2024-01-08T11:09:44.254-0300] {processor.py:179} INFO - Processing /home/felipe/.local/lib/python3.11/site-packages/airflow/example_dags/example_sla_dag.py took 0.076 seconds
[2024-01-08T11:15:22.584-0300] {processor.py:157} INFO - Started process (PID=12464) to work on /home/felipe/.local/lib/python3.11/site-packages/airflow/example_dags/example_sla_dag.py
[2024-01-08T11:15:22.616-0300] {processor.py:829} INFO - Processing file /home/felipe/.local/lib/python3.11/site-packages/airflow/example_dags/example_sla_dag.py for tasks to queue
[2024-01-08T11:15:22.617-0300] {logging_mixin.py:154} INFO - [2024-01-08T11:15:22.617-0300] {dagbag.py:536} INFO - Filling up the DagBag from /home/felipe/.local/lib/python3.11/site-packages/airflow/example_dags/example_sla_dag.py
[2024-01-08T11:15:22.622-0300] {processor.py:839} INFO - DAG(s) dict_keys(['example_sla_dag']) retrieved from /home/felipe/.local/lib/python3.11/site-packages/airflow/example_dags/example_sla_dag.py
[2024-01-08T11:15:22.633-0300] {logging_mixin.py:154} INFO - [2024-01-08T11:15:22.633-0300] {dag.py:2941} INFO - Sync 1 DAGs
[2024-01-08T11:15:22.642-0300] {logging_mixin.py:154} INFO - [2024-01-08T11:15:22.642-0300] {dag.py:3722} INFO - Setting next_dagrun for example_sla_dag to 2024-01-08T14:12:00+00:00, run_after=2024-01-08T14:14:00+00:00
[2024-01-08T11:15:22.658-0300] {processor.py:179} INFO - Processing /home/felipe/.local/lib/python3.11/site-packages/airflow/example_dags/example_sla_dag.py took 0.076 seconds
[2024-01-08T11:16:30.097-0300] {processor.py:157} INFO - Started process (PID=12645) to work on /home/felipe/.local/lib/python3.11/site-packages/airflow/example_dags/example_sla_dag.py
[2024-01-08T11:16:30.129-0300] {processor.py:829} INFO - Processing file /home/felipe/.local/lib/python3.11/site-packages/airflow/example_dags/example_sla_dag.py for tasks to queue
[2024-01-08T11:16:30.130-0300] {logging_mixin.py:154} INFO - [2024-01-08T11:16:30.129-0300] {dagbag.py:536} INFO - Filling up the DagBag from /home/felipe/.local/lib/python3.11/site-packages/airflow/example_dags/example_sla_dag.py
[2024-01-08T11:16:30.134-0300] {processor.py:839} INFO - DAG(s) dict_keys(['example_sla_dag']) retrieved from /home/felipe/.local/lib/python3.11/site-packages/airflow/example_dags/example_sla_dag.py
[2024-01-08T11:16:30.142-0300] {logging_mixin.py:154} INFO - [2024-01-08T11:16:30.142-0300] {dag.py:2941} INFO - Sync 1 DAGs
[2024-01-08T11:16:30.152-0300] {logging_mixin.py:154} INFO - [2024-01-08T11:16:30.151-0300] {dag.py:3722} INFO - Setting next_dagrun for example_sla_dag to 2024-01-08T14:14:00+00:00, run_after=2024-01-08T14:16:00+00:00
[2024-01-08T11:16:30.167-0300] {processor.py:179} INFO - Processing /home/felipe/.local/lib/python3.11/site-packages/airflow/example_dags/example_sla_dag.py took 0.072 seconds
[2024-01-08T11:17:36.273-0300] {processor.py:157} INFO - Started process (PID=12987) to work on /home/felipe/.local/lib/python3.11/site-packages/airflow/example_dags/example_sla_dag.py
[2024-01-08T11:17:36.305-0300] {processor.py:829} INFO - Processing file /home/felipe/.local/lib/python3.11/site-packages/airflow/example_dags/example_sla_dag.py for tasks to queue
[2024-01-08T11:17:36.306-0300] {logging_mixin.py:154} INFO - [2024-01-08T11:17:36.306-0300] {dagbag.py:536} INFO - Filling up the DagBag from /home/felipe/.local/lib/python3.11/site-packages/airflow/example_dags/example_sla_dag.py
[2024-01-08T11:17:36.311-0300] {processor.py:839} INFO - DAG(s) dict_keys(['example_sla_dag']) retrieved from /home/felipe/.local/lib/python3.11/site-packages/airflow/example_dags/example_sla_dag.py
[2024-01-08T11:17:36.319-0300] {logging_mixin.py:154} INFO - [2024-01-08T11:17:36.319-0300] {dag.py:2941} INFO - Sync 1 DAGs
[2024-01-08T11:17:36.329-0300] {logging_mixin.py:154} INFO - [2024-01-08T11:17:36.329-0300] {dag.py:3722} INFO - Setting next_dagrun for example_sla_dag to 2024-01-08T14:14:00+00:00, run_after=2024-01-08T14:16:00+00:00
[2024-01-08T11:17:36.345-0300] {processor.py:179} INFO - Processing /home/felipe/.local/lib/python3.11/site-packages/airflow/example_dags/example_sla_dag.py took 0.074 seconds
[2024-01-08T11:18:40.501-0300] {processor.py:157} INFO - Started process (PID=13274) to work on /home/felipe/.local/lib/python3.11/site-packages/airflow/example_dags/example_sla_dag.py
[2024-01-08T11:18:40.501-0300] {processor.py:829} INFO - Processing file /home/felipe/.local/lib/python3.11/site-packages/airflow/example_dags/example_sla_dag.py for tasks to queue
[2024-01-08T11:18:40.502-0300] {logging_mixin.py:154} INFO - [2024-01-08T11:18:40.502-0300] {dagbag.py:536} INFO - Filling up the DagBag from /home/felipe/.local/lib/python3.11/site-packages/airflow/example_dags/example_sla_dag.py
[2024-01-08T11:18:40.507-0300] {processor.py:839} INFO - DAG(s) dict_keys(['example_sla_dag']) retrieved from /home/felipe/.local/lib/python3.11/site-packages/airflow/example_dags/example_sla_dag.py
[2024-01-08T11:18:40.515-0300] {logging_mixin.py:154} INFO - [2024-01-08T11:18:40.515-0300] {dag.py:2941} INFO - Sync 1 DAGs
[2024-01-08T11:18:40.525-0300] {logging_mixin.py:154} INFO - [2024-01-08T11:18:40.524-0300] {dag.py:3722} INFO - Setting next_dagrun for example_sla_dag to 2024-01-08T14:16:00+00:00, run_after=2024-01-08T14:18:00+00:00
[2024-01-08T11:18:40.533-0300] {processor.py:179} INFO - Processing /home/felipe/.local/lib/python3.11/site-packages/airflow/example_dags/example_sla_dag.py took 0.034 seconds
[2024-01-08T11:19:47.572-0300] {processor.py:157} INFO - Started process (PID=13411) to work on /home/felipe/.local/lib/python3.11/site-packages/airflow/example_dags/example_sla_dag.py
[2024-01-08T11:19:47.604-0300] {processor.py:829} INFO - Processing file /home/felipe/.local/lib/python3.11/site-packages/airflow/example_dags/example_sla_dag.py for tasks to queue
[2024-01-08T11:19:47.605-0300] {logging_mixin.py:154} INFO - [2024-01-08T11:19:47.604-0300] {dagbag.py:536} INFO - Filling up the DagBag from /home/felipe/.local/lib/python3.11/site-packages/airflow/example_dags/example_sla_dag.py
[2024-01-08T11:19:47.610-0300] {processor.py:839} INFO - DAG(s) dict_keys(['example_sla_dag']) retrieved from /home/felipe/.local/lib/python3.11/site-packages/airflow/example_dags/example_sla_dag.py
[2024-01-08T11:19:47.618-0300] {logging_mixin.py:154} INFO - [2024-01-08T11:19:47.618-0300] {dag.py:2941} INFO - Sync 1 DAGs
[2024-01-08T11:19:47.627-0300] {logging_mixin.py:154} INFO - [2024-01-08T11:19:47.627-0300] {dag.py:3722} INFO - Setting next_dagrun for example_sla_dag to 2024-01-08T14:16:00+00:00, run_after=2024-01-08T14:18:00+00:00
[2024-01-08T11:19:47.642-0300] {processor.py:179} INFO - Processing /home/felipe/.local/lib/python3.11/site-packages/airflow/example_dags/example_sla_dag.py took 0.072 seconds
[2024-01-08T11:34:19.656-0300] {processor.py:157} INFO - Started process (PID=16231) to work on /home/felipe/.local/lib/python3.11/site-packages/airflow/example_dags/example_sla_dag.py
[2024-01-08T11:34:19.688-0300] {processor.py:829} INFO - Processing file /home/felipe/.local/lib/python3.11/site-packages/airflow/example_dags/example_sla_dag.py for tasks to queue
[2024-01-08T11:34:19.688-0300] {logging_mixin.py:154} INFO - [2024-01-08T11:34:19.688-0300] {dagbag.py:536} INFO - Filling up the DagBag from /home/felipe/.local/lib/python3.11/site-packages/airflow/example_dags/example_sla_dag.py
[2024-01-08T11:34:19.696-0300] {processor.py:839} INFO - DAG(s) dict_keys(['example_sla_dag']) retrieved from /home/felipe/.local/lib/python3.11/site-packages/airflow/example_dags/example_sla_dag.py
[2024-01-08T11:34:19.707-0300] {logging_mixin.py:154} INFO - [2024-01-08T11:34:19.707-0300] {dag.py:2941} INFO - Sync 1 DAGs
[2024-01-08T11:34:19.718-0300] {logging_mixin.py:154} INFO - [2024-01-08T11:34:19.718-0300] {dag.py:3722} INFO - Setting next_dagrun for example_sla_dag to 2024-01-08T14:32:00+00:00, run_after=2024-01-08T14:34:00+00:00
[2024-01-08T11:34:19.734-0300] {processor.py:179} INFO - Processing /home/felipe/.local/lib/python3.11/site-packages/airflow/example_dags/example_sla_dag.py took 0.080 seconds
[2024-01-08T11:35:24.595-0300] {processor.py:157} INFO - Started process (PID=16370) to work on /home/felipe/.local/lib/python3.11/site-packages/airflow/example_dags/example_sla_dag.py
[2024-01-08T11:35:24.627-0300] {processor.py:829} INFO - Processing file /home/felipe/.local/lib/python3.11/site-packages/airflow/example_dags/example_sla_dag.py for tasks to queue
[2024-01-08T11:35:24.628-0300] {logging_mixin.py:154} INFO - [2024-01-08T11:35:24.628-0300] {dagbag.py:536} INFO - Filling up the DagBag from /home/felipe/.local/lib/python3.11/site-packages/airflow/example_dags/example_sla_dag.py
[2024-01-08T11:35:24.633-0300] {processor.py:839} INFO - DAG(s) dict_keys(['example_sla_dag']) retrieved from /home/felipe/.local/lib/python3.11/site-packages/airflow/example_dags/example_sla_dag.py
[2024-01-08T11:35:24.645-0300] {logging_mixin.py:154} INFO - [2024-01-08T11:35:24.645-0300] {dag.py:2941} INFO - Sync 1 DAGs
[2024-01-08T11:35:24.657-0300] {logging_mixin.py:154} INFO - [2024-01-08T11:35:24.657-0300] {dag.py:3722} INFO - Setting next_dagrun for example_sla_dag to 2024-01-08T14:32:00+00:00, run_after=2024-01-08T14:34:00+00:00
[2024-01-08T11:35:24.674-0300] {processor.py:179} INFO - Processing /home/felipe/.local/lib/python3.11/site-packages/airflow/example_dags/example_sla_dag.py took 0.081 seconds
[2024-01-08T11:36:27.749-0300] {processor.py:157} INFO - Started process (PID=16561) to work on /home/felipe/.local/lib/python3.11/site-packages/airflow/example_dags/example_sla_dag.py
[2024-01-08T11:36:27.750-0300] {processor.py:829} INFO - Processing file /home/felipe/.local/lib/python3.11/site-packages/airflow/example_dags/example_sla_dag.py for tasks to queue
[2024-01-08T11:36:27.751-0300] {logging_mixin.py:154} INFO - [2024-01-08T11:36:27.750-0300] {dagbag.py:536} INFO - Filling up the DagBag from /home/felipe/.local/lib/python3.11/site-packages/airflow/example_dags/example_sla_dag.py
[2024-01-08T11:36:27.756-0300] {processor.py:839} INFO - DAG(s) dict_keys(['example_sla_dag']) retrieved from /home/felipe/.local/lib/python3.11/site-packages/airflow/example_dags/example_sla_dag.py
[2024-01-08T11:36:27.766-0300] {logging_mixin.py:154} INFO - [2024-01-08T11:36:27.766-0300] {dag.py:2941} INFO - Sync 1 DAGs
[2024-01-08T11:36:27.777-0300] {logging_mixin.py:154} INFO - [2024-01-08T11:36:27.777-0300] {dag.py:3722} INFO - Setting next_dagrun for example_sla_dag to 2024-01-08T14:34:00+00:00, run_after=2024-01-08T14:36:00+00:00
[2024-01-08T11:36:27.786-0300] {processor.py:179} INFO - Processing /home/felipe/.local/lib/python3.11/site-packages/airflow/example_dags/example_sla_dag.py took 0.039 seconds
[2024-01-08T11:37:34.444-0300] {processor.py:157} INFO - Started process (PID=16830) to work on /home/felipe/.local/lib/python3.11/site-packages/airflow/example_dags/example_sla_dag.py
[2024-01-08T11:37:34.445-0300] {processor.py:829} INFO - Processing file /home/felipe/.local/lib/python3.11/site-packages/airflow/example_dags/example_sla_dag.py for tasks to queue
[2024-01-08T11:37:34.445-0300] {logging_mixin.py:154} INFO - [2024-01-08T11:37:34.445-0300] {dagbag.py:536} INFO - Filling up the DagBag from /home/felipe/.local/lib/python3.11/site-packages/airflow/example_dags/example_sla_dag.py
[2024-01-08T11:37:34.451-0300] {processor.py:839} INFO - DAG(s) dict_keys(['example_sla_dag']) retrieved from /home/felipe/.local/lib/python3.11/site-packages/airflow/example_dags/example_sla_dag.py
[2024-01-08T11:37:34.461-0300] {logging_mixin.py:154} INFO - [2024-01-08T11:37:34.461-0300] {dag.py:2941} INFO - Sync 1 DAGs
[2024-01-08T11:37:34.475-0300] {logging_mixin.py:154} INFO - [2024-01-08T11:37:34.475-0300] {dag.py:3722} INFO - Setting next_dagrun for example_sla_dag to 2024-01-08T14:34:00+00:00, run_after=2024-01-08T14:36:00+00:00
[2024-01-08T11:37:34.484-0300] {processor.py:179} INFO - Processing /home/felipe/.local/lib/python3.11/site-packages/airflow/example_dags/example_sla_dag.py took 0.043 seconds
