[2024-01-08T11:08:33.421-0300] {processor.py:157} INFO - Started process (PID=11944) to work on /home/felipe/.local/lib/python3.11/site-packages/airflow/example_dags/example_time_delta_sensor_async.py
[2024-01-08T11:08:33.422-0300] {processor.py:829} INFO - Processing file /home/felipe/.local/lib/python3.11/site-packages/airflow/example_dags/example_time_delta_sensor_async.py for tasks to queue
[2024-01-08T11:08:33.422-0300] {logging_mixin.py:154} INFO - [2024-01-08T11:08:33.422-0300] {dagbag.py:536} INFO - Filling up the DagBag from /home/felipe/.local/lib/python3.11/site-packages/airflow/example_dags/example_time_delta_sensor_async.py
[2024-01-08T11:08:33.426-0300] {processor.py:839} INFO - DAG(s) dict_keys(['example_time_delta_sensor_async']) retrieved from /home/felipe/.local/lib/python3.11/site-packages/airflow/example_dags/example_time_delta_sensor_async.py
[2024-01-08T11:08:33.439-0300] {logging_mixin.py:154} INFO - [2024-01-08T11:08:33.439-0300] {dag.py:2941} INFO - Sync 1 DAGs
[2024-01-08T11:08:33.445-0300] {logging_mixin.py:154} INFO - [2024-01-08T11:08:33.445-0300] {dag.py:3722} INFO - Setting next_dagrun for example_time_delta_sensor_async to None, run_after=None
[2024-01-08T11:08:33.486-0300] {processor.py:179} INFO - Processing /home/felipe/.local/lib/python3.11/site-packages/airflow/example_dags/example_time_delta_sensor_async.py took 0.067 seconds
[2024-01-08T11:09:39.041-0300] {processor.py:157} INFO - Started process (PID=12030) to work on /home/felipe/.local/lib/python3.11/site-packages/airflow/example_dags/example_time_delta_sensor_async.py
[2024-01-08T11:09:39.073-0300] {processor.py:829} INFO - Processing file /home/felipe/.local/lib/python3.11/site-packages/airflow/example_dags/example_time_delta_sensor_async.py for tasks to queue
[2024-01-08T11:09:39.074-0300] {logging_mixin.py:154} INFO - [2024-01-08T11:09:39.073-0300] {dagbag.py:536} INFO - Filling up the DagBag from /home/felipe/.local/lib/python3.11/site-packages/airflow/example_dags/example_time_delta_sensor_async.py
[2024-01-08T11:09:39.076-0300] {processor.py:839} INFO - DAG(s) dict_keys(['example_time_delta_sensor_async']) retrieved from /home/felipe/.local/lib/python3.11/site-packages/airflow/example_dags/example_time_delta_sensor_async.py
[2024-01-08T11:09:39.085-0300] {logging_mixin.py:154} INFO - [2024-01-08T11:09:39.085-0300] {dag.py:2941} INFO - Sync 1 DAGs
[2024-01-08T11:09:39.091-0300] {logging_mixin.py:154} INFO - [2024-01-08T11:09:39.091-0300] {dag.py:3722} INFO - Setting next_dagrun for example_time_delta_sensor_async to None, run_after=None
[2024-01-08T11:09:39.108-0300] {processor.py:179} INFO - Processing /home/felipe/.local/lib/python3.11/site-packages/airflow/example_dags/example_time_delta_sensor_async.py took 0.069 seconds
[2024-01-08T11:15:17.452-0300] {processor.py:157} INFO - Started process (PID=12458) to work on /home/felipe/.local/lib/python3.11/site-packages/airflow/example_dags/example_time_delta_sensor_async.py
[2024-01-08T11:15:17.484-0300] {processor.py:829} INFO - Processing file /home/felipe/.local/lib/python3.11/site-packages/airflow/example_dags/example_time_delta_sensor_async.py for tasks to queue
[2024-01-08T11:15:17.485-0300] {logging_mixin.py:154} INFO - [2024-01-08T11:15:17.484-0300] {dagbag.py:536} INFO - Filling up the DagBag from /home/felipe/.local/lib/python3.11/site-packages/airflow/example_dags/example_time_delta_sensor_async.py
[2024-01-08T11:15:17.488-0300] {processor.py:839} INFO - DAG(s) dict_keys(['example_time_delta_sensor_async']) retrieved from /home/felipe/.local/lib/python3.11/site-packages/airflow/example_dags/example_time_delta_sensor_async.py
[2024-01-08T11:15:17.499-0300] {logging_mixin.py:154} INFO - [2024-01-08T11:15:17.499-0300] {dag.py:2941} INFO - Sync 1 DAGs
[2024-01-08T11:15:17.505-0300] {logging_mixin.py:154} INFO - [2024-01-08T11:15:17.504-0300] {dag.py:3722} INFO - Setting next_dagrun for example_time_delta_sensor_async to None, run_after=None
[2024-01-08T11:15:17.520-0300] {processor.py:179} INFO - Processing /home/felipe/.local/lib/python3.11/site-packages/airflow/example_dags/example_time_delta_sensor_async.py took 0.070 seconds
[2024-01-08T11:16:23.946-0300] {processor.py:157} INFO - Started process (PID=12638) to work on /home/felipe/.local/lib/python3.11/site-packages/airflow/example_dags/example_time_delta_sensor_async.py
[2024-01-08T11:16:23.947-0300] {processor.py:829} INFO - Processing file /home/felipe/.local/lib/python3.11/site-packages/airflow/example_dags/example_time_delta_sensor_async.py for tasks to queue
[2024-01-08T11:16:23.948-0300] {logging_mixin.py:154} INFO - [2024-01-08T11:16:23.947-0300] {dagbag.py:536} INFO - Filling up the DagBag from /home/felipe/.local/lib/python3.11/site-packages/airflow/example_dags/example_time_delta_sensor_async.py
[2024-01-08T11:16:23.950-0300] {processor.py:839} INFO - DAG(s) dict_keys(['example_time_delta_sensor_async']) retrieved from /home/felipe/.local/lib/python3.11/site-packages/airflow/example_dags/example_time_delta_sensor_async.py
[2024-01-08T11:16:23.959-0300] {logging_mixin.py:154} INFO - [2024-01-08T11:16:23.959-0300] {dag.py:2941} INFO - Sync 1 DAGs
[2024-01-08T11:16:23.965-0300] {logging_mixin.py:154} INFO - [2024-01-08T11:16:23.965-0300] {dag.py:3722} INFO - Setting next_dagrun for example_time_delta_sensor_async to None, run_after=None
[2024-01-08T11:16:23.974-0300] {processor.py:179} INFO - Processing /home/felipe/.local/lib/python3.11/site-packages/airflow/example_dags/example_time_delta_sensor_async.py took 0.030 seconds
[2024-01-08T11:17:31.133-0300] {processor.py:157} INFO - Started process (PID=12965) to work on /home/felipe/.local/lib/python3.11/site-packages/airflow/example_dags/example_time_delta_sensor_async.py
[2024-01-08T11:17:31.165-0300] {processor.py:829} INFO - Processing file /home/felipe/.local/lib/python3.11/site-packages/airflow/example_dags/example_time_delta_sensor_async.py for tasks to queue
[2024-01-08T11:17:31.165-0300] {logging_mixin.py:154} INFO - [2024-01-08T11:17:31.165-0300] {dagbag.py:536} INFO - Filling up the DagBag from /home/felipe/.local/lib/python3.11/site-packages/airflow/example_dags/example_time_delta_sensor_async.py
[2024-01-08T11:17:31.168-0300] {processor.py:839} INFO - DAG(s) dict_keys(['example_time_delta_sensor_async']) retrieved from /home/felipe/.local/lib/python3.11/site-packages/airflow/example_dags/example_time_delta_sensor_async.py
[2024-01-08T11:17:31.177-0300] {logging_mixin.py:154} INFO - [2024-01-08T11:17:31.177-0300] {dag.py:2941} INFO - Sync 1 DAGs
[2024-01-08T11:17:31.183-0300] {logging_mixin.py:154} INFO - [2024-01-08T11:17:31.183-0300] {dag.py:3722} INFO - Setting next_dagrun for example_time_delta_sensor_async to None, run_after=None
[2024-01-08T11:17:31.200-0300] {processor.py:179} INFO - Processing /home/felipe/.local/lib/python3.11/site-packages/airflow/example_dags/example_time_delta_sensor_async.py took 0.069 seconds
[2024-01-08T11:18:35.367-0300] {processor.py:157} INFO - Started process (PID=13267) to work on /home/felipe/.local/lib/python3.11/site-packages/airflow/example_dags/example_time_delta_sensor_async.py
[2024-01-08T11:18:35.371-0300] {processor.py:829} INFO - Processing file /home/felipe/.local/lib/python3.11/site-packages/airflow/example_dags/example_time_delta_sensor_async.py for tasks to queue
[2024-01-08T11:18:35.371-0300] {logging_mixin.py:154} INFO - [2024-01-08T11:18:35.371-0300] {dagbag.py:536} INFO - Filling up the DagBag from /home/felipe/.local/lib/python3.11/site-packages/airflow/example_dags/example_time_delta_sensor_async.py
[2024-01-08T11:18:35.374-0300] {processor.py:839} INFO - DAG(s) dict_keys(['example_time_delta_sensor_async']) retrieved from /home/felipe/.local/lib/python3.11/site-packages/airflow/example_dags/example_time_delta_sensor_async.py
[2024-01-08T11:18:35.383-0300] {logging_mixin.py:154} INFO - [2024-01-08T11:18:35.383-0300] {dag.py:2941} INFO - Sync 1 DAGs
[2024-01-08T11:18:35.388-0300] {logging_mixin.py:154} INFO - [2024-01-08T11:18:35.388-0300] {dag.py:3722} INFO - Setting next_dagrun for example_time_delta_sensor_async to None, run_after=None
[2024-01-08T11:18:35.397-0300] {processor.py:179} INFO - Processing /home/felipe/.local/lib/python3.11/site-packages/airflow/example_dags/example_time_delta_sensor_async.py took 0.032 seconds
[2024-01-08T11:19:42.434-0300] {processor.py:157} INFO - Started process (PID=13400) to work on /home/felipe/.local/lib/python3.11/site-packages/airflow/example_dags/example_time_delta_sensor_async.py
[2024-01-08T11:19:42.466-0300] {processor.py:829} INFO - Processing file /home/felipe/.local/lib/python3.11/site-packages/airflow/example_dags/example_time_delta_sensor_async.py for tasks to queue
[2024-01-08T11:19:42.466-0300] {logging_mixin.py:154} INFO - [2024-01-08T11:19:42.466-0300] {dagbag.py:536} INFO - Filling up the DagBag from /home/felipe/.local/lib/python3.11/site-packages/airflow/example_dags/example_time_delta_sensor_async.py
[2024-01-08T11:19:42.469-0300] {processor.py:839} INFO - DAG(s) dict_keys(['example_time_delta_sensor_async']) retrieved from /home/felipe/.local/lib/python3.11/site-packages/airflow/example_dags/example_time_delta_sensor_async.py
[2024-01-08T11:19:42.477-0300] {logging_mixin.py:154} INFO - [2024-01-08T11:19:42.477-0300] {dag.py:2941} INFO - Sync 1 DAGs
[2024-01-08T11:19:42.483-0300] {logging_mixin.py:154} INFO - [2024-01-08T11:19:42.483-0300] {dag.py:3722} INFO - Setting next_dagrun for example_time_delta_sensor_async to None, run_after=None
[2024-01-08T11:19:42.492-0300] {processor.py:179} INFO - Processing /home/felipe/.local/lib/python3.11/site-packages/airflow/example_dags/example_time_delta_sensor_async.py took 0.060 seconds
[2024-01-08T11:34:14.524-0300] {processor.py:157} INFO - Started process (PID=16186) to work on /home/felipe/.local/lib/python3.11/site-packages/airflow/example_dags/example_time_delta_sensor_async.py
[2024-01-08T11:34:14.524-0300] {processor.py:829} INFO - Processing file /home/felipe/.local/lib/python3.11/site-packages/airflow/example_dags/example_time_delta_sensor_async.py for tasks to queue
[2024-01-08T11:34:14.525-0300] {logging_mixin.py:154} INFO - [2024-01-08T11:34:14.525-0300] {dagbag.py:536} INFO - Filling up the DagBag from /home/felipe/.local/lib/python3.11/site-packages/airflow/example_dags/example_time_delta_sensor_async.py
[2024-01-08T11:34:14.529-0300] {processor.py:839} INFO - DAG(s) dict_keys(['example_time_delta_sensor_async']) retrieved from /home/felipe/.local/lib/python3.11/site-packages/airflow/example_dags/example_time_delta_sensor_async.py
[2024-01-08T11:34:14.541-0300] {logging_mixin.py:154} INFO - [2024-01-08T11:34:14.541-0300] {dag.py:2941} INFO - Sync 1 DAGs
[2024-01-08T11:34:14.547-0300] {logging_mixin.py:154} INFO - [2024-01-08T11:34:14.547-0300] {dag.py:3722} INFO - Setting next_dagrun for example_time_delta_sensor_async to None, run_after=None
[2024-01-08T11:34:14.556-0300] {processor.py:179} INFO - Processing /home/felipe/.local/lib/python3.11/site-packages/airflow/example_dags/example_time_delta_sensor_async.py took 0.034 seconds
[2024-01-08T11:35:19.463-0300] {processor.py:157} INFO - Started process (PID=16363) to work on /home/felipe/.local/lib/python3.11/site-packages/airflow/example_dags/example_time_delta_sensor_async.py
[2024-01-08T11:35:19.495-0300] {processor.py:829} INFO - Processing file /home/felipe/.local/lib/python3.11/site-packages/airflow/example_dags/example_time_delta_sensor_async.py for tasks to queue
[2024-01-08T11:35:19.496-0300] {logging_mixin.py:154} INFO - [2024-01-08T11:35:19.496-0300] {dagbag.py:536} INFO - Filling up the DagBag from /home/felipe/.local/lib/python3.11/site-packages/airflow/example_dags/example_time_delta_sensor_async.py
[2024-01-08T11:35:19.499-0300] {processor.py:839} INFO - DAG(s) dict_keys(['example_time_delta_sensor_async']) retrieved from /home/felipe/.local/lib/python3.11/site-packages/airflow/example_dags/example_time_delta_sensor_async.py
[2024-01-08T11:35:19.508-0300] {logging_mixin.py:154} INFO - [2024-01-08T11:35:19.508-0300] {dag.py:2941} INFO - Sync 1 DAGs
[2024-01-08T11:35:19.514-0300] {logging_mixin.py:154} INFO - [2024-01-08T11:35:19.514-0300] {dag.py:3722} INFO - Setting next_dagrun for example_time_delta_sensor_async to None, run_after=None
[2024-01-08T11:35:19.531-0300] {processor.py:179} INFO - Processing /home/felipe/.local/lib/python3.11/site-packages/airflow/example_dags/example_time_delta_sensor_async.py took 0.070 seconds
[2024-01-08T11:36:22.616-0300] {processor.py:157} INFO - Started process (PID=16539) to work on /home/felipe/.local/lib/python3.11/site-packages/airflow/example_dags/example_time_delta_sensor_async.py
[2024-01-08T11:36:22.625-0300] {processor.py:829} INFO - Processing file /home/felipe/.local/lib/python3.11/site-packages/airflow/example_dags/example_time_delta_sensor_async.py for tasks to queue
[2024-01-08T11:36:22.625-0300] {logging_mixin.py:154} INFO - [2024-01-08T11:36:22.625-0300] {dagbag.py:536} INFO - Filling up the DagBag from /home/felipe/.local/lib/python3.11/site-packages/airflow/example_dags/example_time_delta_sensor_async.py
[2024-01-08T11:36:22.628-0300] {processor.py:839} INFO - DAG(s) dict_keys(['example_time_delta_sensor_async']) retrieved from /home/felipe/.local/lib/python3.11/site-packages/airflow/example_dags/example_time_delta_sensor_async.py
[2024-01-08T11:36:22.637-0300] {logging_mixin.py:154} INFO - [2024-01-08T11:36:22.637-0300] {dag.py:2941} INFO - Sync 1 DAGs
[2024-01-08T11:36:22.643-0300] {logging_mixin.py:154} INFO - [2024-01-08T11:36:22.643-0300] {dag.py:3722} INFO - Setting next_dagrun for example_time_delta_sensor_async to None, run_after=None
[2024-01-08T11:36:22.653-0300] {processor.py:179} INFO - Processing /home/felipe/.local/lib/python3.11/site-packages/airflow/example_dags/example_time_delta_sensor_async.py took 0.039 seconds
[2024-01-08T11:37:28.997-0300] {processor.py:157} INFO - Started process (PID=16811) to work on /home/felipe/.local/lib/python3.11/site-packages/airflow/example_dags/example_time_delta_sensor_async.py
[2024-01-08T11:37:29.000-0300] {processor.py:829} INFO - Processing file /home/felipe/.local/lib/python3.11/site-packages/airflow/example_dags/example_time_delta_sensor_async.py for tasks to queue
[2024-01-08T11:37:29.000-0300] {logging_mixin.py:154} INFO - [2024-01-08T11:37:29.000-0300] {dagbag.py:536} INFO - Filling up the DagBag from /home/felipe/.local/lib/python3.11/site-packages/airflow/example_dags/example_time_delta_sensor_async.py
[2024-01-08T11:37:29.009-0300] {processor.py:839} INFO - DAG(s) dict_keys(['example_time_delta_sensor_async']) retrieved from /home/felipe/.local/lib/python3.11/site-packages/airflow/example_dags/example_time_delta_sensor_async.py
[2024-01-08T11:37:29.020-0300] {logging_mixin.py:154} INFO - [2024-01-08T11:37:29.020-0300] {dag.py:2941} INFO - Sync 1 DAGs
[2024-01-08T11:37:29.026-0300] {logging_mixin.py:154} INFO - [2024-01-08T11:37:29.026-0300] {dag.py:3722} INFO - Setting next_dagrun for example_time_delta_sensor_async to None, run_after=None
[2024-01-08T11:37:29.036-0300] {processor.py:179} INFO - Processing /home/felipe/.local/lib/python3.11/site-packages/airflow/example_dags/example_time_delta_sensor_async.py took 0.040 seconds
