[2024-01-08T11:08:57.370-0300] {processor.py:157} INFO - Started process (PID=11973) to work on /home/felipe/.local/lib/python3.11/site-packages/airflow/example_dags/tutorial_dag.py
[2024-01-08T11:08:57.370-0300] {processor.py:829} INFO - Processing file /home/felipe/.local/lib/python3.11/site-packages/airflow/example_dags/tutorial_dag.py for tasks to queue
[2024-01-08T11:08:57.371-0300] {logging_mixin.py:154} INFO - [2024-01-08T11:08:57.370-0300] {dagbag.py:536} INFO - Filling up the DagBag from /home/felipe/.local/lib/python3.11/site-packages/airflow/example_dags/tutorial_dag.py
[2024-01-08T11:08:57.374-0300] {processor.py:839} INFO - DAG(s) dict_keys(['tutorial_dag']) retrieved from /home/felipe/.local/lib/python3.11/site-packages/airflow/example_dags/tutorial_dag.py
[2024-01-08T11:08:57.383-0300] {logging_mixin.py:154} INFO - [2024-01-08T11:08:57.383-0300] {dag.py:2941} INFO - Sync 1 DAGs
[2024-01-08T11:08:57.388-0300] {logging_mixin.py:154} INFO - [2024-01-08T11:08:57.388-0300] {dag.py:3722} INFO - Setting next_dagrun for tutorial_dag to None, run_after=None
[2024-01-08T11:08:57.429-0300] {processor.py:179} INFO - Processing /home/felipe/.local/lib/python3.11/site-packages/airflow/example_dags/tutorial_dag.py took 0.062 seconds
[2024-01-08T11:10:02.236-0300] {processor.py:157} INFO - Started process (PID=12065) to work on /home/felipe/.local/lib/python3.11/site-packages/airflow/example_dags/tutorial_dag.py
[2024-01-08T11:10:02.269-0300] {processor.py:829} INFO - Processing file /home/felipe/.local/lib/python3.11/site-packages/airflow/example_dags/tutorial_dag.py for tasks to queue
[2024-01-08T11:10:02.269-0300] {logging_mixin.py:154} INFO - [2024-01-08T11:10:02.269-0300] {dagbag.py:536} INFO - Filling up the DagBag from /home/felipe/.local/lib/python3.11/site-packages/airflow/example_dags/tutorial_dag.py
[2024-01-08T11:10:02.273-0300] {processor.py:839} INFO - DAG(s) dict_keys(['tutorial_dag']) retrieved from /home/felipe/.local/lib/python3.11/site-packages/airflow/example_dags/tutorial_dag.py
[2024-01-08T11:10:02.282-0300] {logging_mixin.py:154} INFO - [2024-01-08T11:10:02.282-0300] {dag.py:2941} INFO - Sync 1 DAGs
[2024-01-08T11:10:02.288-0300] {logging_mixin.py:154} INFO - [2024-01-08T11:10:02.287-0300] {dag.py:3722} INFO - Setting next_dagrun for tutorial_dag to None, run_after=None
[2024-01-08T11:10:02.304-0300] {processor.py:179} INFO - Processing /home/felipe/.local/lib/python3.11/site-packages/airflow/example_dags/tutorial_dag.py took 0.070 seconds
[2024-01-08T11:15:41.743-0300] {processor.py:157} INFO - Started process (PID=12558) to work on /home/felipe/.local/lib/python3.11/site-packages/airflow/example_dags/tutorial_dag.py
[2024-01-08T11:15:41.775-0300] {processor.py:829} INFO - Processing file /home/felipe/.local/lib/python3.11/site-packages/airflow/example_dags/tutorial_dag.py for tasks to queue
[2024-01-08T11:15:41.775-0300] {logging_mixin.py:154} INFO - [2024-01-08T11:15:41.775-0300] {dagbag.py:536} INFO - Filling up the DagBag from /home/felipe/.local/lib/python3.11/site-packages/airflow/example_dags/tutorial_dag.py
[2024-01-08T11:15:41.778-0300] {processor.py:839} INFO - DAG(s) dict_keys(['tutorial_dag']) retrieved from /home/felipe/.local/lib/python3.11/site-packages/airflow/example_dags/tutorial_dag.py
[2024-01-08T11:15:41.787-0300] {logging_mixin.py:154} INFO - [2024-01-08T11:15:41.787-0300] {dag.py:2941} INFO - Sync 1 DAGs
[2024-01-08T11:15:41.793-0300] {logging_mixin.py:154} INFO - [2024-01-08T11:15:41.793-0300] {dag.py:3722} INFO - Setting next_dagrun for tutorial_dag to None, run_after=None
[2024-01-08T11:15:41.809-0300] {processor.py:179} INFO - Processing /home/felipe/.local/lib/python3.11/site-packages/airflow/example_dags/tutorial_dag.py took 0.069 seconds
[2024-01-08T11:16:49.108-0300] {processor.py:157} INFO - Started process (PID=12725) to work on /home/felipe/.local/lib/python3.11/site-packages/airflow/example_dags/tutorial_dag.py
[2024-01-08T11:16:49.108-0300] {processor.py:829} INFO - Processing file /home/felipe/.local/lib/python3.11/site-packages/airflow/example_dags/tutorial_dag.py for tasks to queue
[2024-01-08T11:16:49.109-0300] {logging_mixin.py:154} INFO - [2024-01-08T11:16:49.109-0300] {dagbag.py:536} INFO - Filling up the DagBag from /home/felipe/.local/lib/python3.11/site-packages/airflow/example_dags/tutorial_dag.py
[2024-01-08T11:16:49.113-0300] {processor.py:839} INFO - DAG(s) dict_keys(['tutorial_dag']) retrieved from /home/felipe/.local/lib/python3.11/site-packages/airflow/example_dags/tutorial_dag.py
[2024-01-08T11:16:49.122-0300] {logging_mixin.py:154} INFO - [2024-01-08T11:16:49.122-0300] {dag.py:2941} INFO - Sync 1 DAGs
[2024-01-08T11:16:49.128-0300] {logging_mixin.py:154} INFO - [2024-01-08T11:16:49.128-0300] {dag.py:3722} INFO - Setting next_dagrun for tutorial_dag to None, run_after=None
[2024-01-08T11:16:49.138-0300] {processor.py:179} INFO - Processing /home/felipe/.local/lib/python3.11/site-packages/airflow/example_dags/tutorial_dag.py took 0.032 seconds
[2024-01-08T11:17:54.503-0300] {processor.py:157} INFO - Started process (PID=13144) to work on /home/felipe/.local/lib/python3.11/site-packages/airflow/example_dags/tutorial_dag.py
[2024-01-08T11:17:54.541-0300] {processor.py:829} INFO - Processing file /home/felipe/.local/lib/python3.11/site-packages/airflow/example_dags/tutorial_dag.py for tasks to queue
[2024-01-08T11:17:54.542-0300] {logging_mixin.py:154} INFO - [2024-01-08T11:17:54.542-0300] {dagbag.py:536} INFO - Filling up the DagBag from /home/felipe/.local/lib/python3.11/site-packages/airflow/example_dags/tutorial_dag.py
[2024-01-08T11:17:54.545-0300] {processor.py:839} INFO - DAG(s) dict_keys(['tutorial_dag']) retrieved from /home/felipe/.local/lib/python3.11/site-packages/airflow/example_dags/tutorial_dag.py
[2024-01-08T11:17:54.554-0300] {logging_mixin.py:154} INFO - [2024-01-08T11:17:54.554-0300] {dag.py:2941} INFO - Sync 1 DAGs
[2024-01-08T11:17:54.559-0300] {logging_mixin.py:154} INFO - [2024-01-08T11:17:54.559-0300] {dag.py:3722} INFO - Setting next_dagrun for tutorial_dag to None, run_after=None
[2024-01-08T11:17:54.576-0300] {processor.py:179} INFO - Processing /home/felipe/.local/lib/python3.11/site-packages/airflow/example_dags/tutorial_dag.py took 0.076 seconds
[2024-01-08T11:18:57.052-0300] {processor.py:157} INFO - Started process (PID=13296) to work on /home/felipe/.local/lib/python3.11/site-packages/airflow/example_dags/tutorial_dag.py
[2024-01-08T11:18:57.053-0300] {processor.py:829} INFO - Processing file /home/felipe/.local/lib/python3.11/site-packages/airflow/example_dags/tutorial_dag.py for tasks to queue
[2024-01-08T11:18:57.053-0300] {logging_mixin.py:154} INFO - [2024-01-08T11:18:57.053-0300] {dagbag.py:536} INFO - Filling up the DagBag from /home/felipe/.local/lib/python3.11/site-packages/airflow/example_dags/tutorial_dag.py
[2024-01-08T11:18:57.056-0300] {processor.py:839} INFO - DAG(s) dict_keys(['tutorial_dag']) retrieved from /home/felipe/.local/lib/python3.11/site-packages/airflow/example_dags/tutorial_dag.py
[2024-01-08T11:18:57.064-0300] {logging_mixin.py:154} INFO - [2024-01-08T11:18:57.064-0300] {dag.py:2941} INFO - Sync 1 DAGs
[2024-01-08T11:18:57.069-0300] {logging_mixin.py:154} INFO - [2024-01-08T11:18:57.069-0300] {dag.py:3722} INFO - Setting next_dagrun for tutorial_dag to None, run_after=None
[2024-01-08T11:18:57.078-0300] {processor.py:179} INFO - Processing /home/felipe/.local/lib/python3.11/site-packages/airflow/example_dags/tutorial_dag.py took 0.028 seconds
[2024-01-08T11:20:05.240-0300] {processor.py:157} INFO - Started process (PID=13470) to work on /home/felipe/.local/lib/python3.11/site-packages/airflow/example_dags/tutorial_dag.py
[2024-01-08T11:20:05.272-0300] {processor.py:829} INFO - Processing file /home/felipe/.local/lib/python3.11/site-packages/airflow/example_dags/tutorial_dag.py for tasks to queue
[2024-01-08T11:20:05.273-0300] {logging_mixin.py:154} INFO - [2024-01-08T11:20:05.273-0300] {dagbag.py:536} INFO - Filling up the DagBag from /home/felipe/.local/lib/python3.11/site-packages/airflow/example_dags/tutorial_dag.py
[2024-01-08T11:20:05.276-0300] {processor.py:839} INFO - DAG(s) dict_keys(['tutorial_dag']) retrieved from /home/felipe/.local/lib/python3.11/site-packages/airflow/example_dags/tutorial_dag.py
[2024-01-08T11:20:05.285-0300] {logging_mixin.py:154} INFO - [2024-01-08T11:20:05.285-0300] {dag.py:2941} INFO - Sync 1 DAGs
[2024-01-08T11:20:05.290-0300] {logging_mixin.py:154} INFO - [2024-01-08T11:20:05.290-0300] {dag.py:3722} INFO - Setting next_dagrun for tutorial_dag to None, run_after=None
[2024-01-08T11:20:05.306-0300] {processor.py:179} INFO - Processing /home/felipe/.local/lib/python3.11/site-packages/airflow/example_dags/tutorial_dag.py took 0.067 seconds
[2024-01-08T11:34:37.683-0300] {processor.py:157} INFO - Started process (PID=16268) to work on /home/felipe/.local/lib/python3.11/site-packages/airflow/example_dags/tutorial_dag.py
[2024-01-08T11:34:37.715-0300] {processor.py:829} INFO - Processing file /home/felipe/.local/lib/python3.11/site-packages/airflow/example_dags/tutorial_dag.py for tasks to queue
[2024-01-08T11:34:37.716-0300] {logging_mixin.py:154} INFO - [2024-01-08T11:34:37.715-0300] {dagbag.py:536} INFO - Filling up the DagBag from /home/felipe/.local/lib/python3.11/site-packages/airflow/example_dags/tutorial_dag.py
[2024-01-08T11:34:37.719-0300] {processor.py:839} INFO - DAG(s) dict_keys(['tutorial_dag']) retrieved from /home/felipe/.local/lib/python3.11/site-packages/airflow/example_dags/tutorial_dag.py
[2024-01-08T11:34:37.728-0300] {logging_mixin.py:154} INFO - [2024-01-08T11:34:37.728-0300] {dag.py:2941} INFO - Sync 1 DAGs
[2024-01-08T11:34:37.734-0300] {logging_mixin.py:154} INFO - [2024-01-08T11:34:37.733-0300] {dag.py:3722} INFO - Setting next_dagrun for tutorial_dag to None, run_after=None
[2024-01-08T11:34:37.750-0300] {processor.py:179} INFO - Processing /home/felipe/.local/lib/python3.11/site-packages/airflow/example_dags/tutorial_dag.py took 0.069 seconds
[2024-01-08T11:35:41.130-0300] {processor.py:157} INFO - Started process (PID=16439) to work on /home/felipe/.local/lib/python3.11/site-packages/airflow/example_dags/tutorial_dag.py
[2024-01-08T11:35:41.162-0300] {processor.py:829} INFO - Processing file /home/felipe/.local/lib/python3.11/site-packages/airflow/example_dags/tutorial_dag.py for tasks to queue
[2024-01-08T11:35:41.163-0300] {logging_mixin.py:154} INFO - [2024-01-08T11:35:41.163-0300] {dagbag.py:536} INFO - Filling up the DagBag from /home/felipe/.local/lib/python3.11/site-packages/airflow/example_dags/tutorial_dag.py
[2024-01-08T11:35:41.166-0300] {processor.py:839} INFO - DAG(s) dict_keys(['tutorial_dag']) retrieved from /home/felipe/.local/lib/python3.11/site-packages/airflow/example_dags/tutorial_dag.py
[2024-01-08T11:35:41.176-0300] {logging_mixin.py:154} INFO - [2024-01-08T11:35:41.176-0300] {dag.py:2941} INFO - Sync 1 DAGs
[2024-01-08T11:35:41.182-0300] {logging_mixin.py:154} INFO - [2024-01-08T11:35:41.182-0300] {dag.py:3722} INFO - Setting next_dagrun for tutorial_dag to None, run_after=None
[2024-01-08T11:35:41.199-0300] {processor.py:179} INFO - Processing /home/felipe/.local/lib/python3.11/site-packages/airflow/example_dags/tutorial_dag.py took 0.071 seconds
[2024-01-08T11:36:45.419-0300] {processor.py:157} INFO - Started process (PID=16620) to work on /home/felipe/.local/lib/python3.11/site-packages/airflow/example_dags/tutorial_dag.py
[2024-01-08T11:36:45.451-0300] {processor.py:829} INFO - Processing file /home/felipe/.local/lib/python3.11/site-packages/airflow/example_dags/tutorial_dag.py for tasks to queue
[2024-01-08T11:36:45.451-0300] {logging_mixin.py:154} INFO - [2024-01-08T11:36:45.451-0300] {dagbag.py:536} INFO - Filling up the DagBag from /home/felipe/.local/lib/python3.11/site-packages/airflow/example_dags/tutorial_dag.py
[2024-01-08T11:36:45.454-0300] {processor.py:839} INFO - DAG(s) dict_keys(['tutorial_dag']) retrieved from /home/felipe/.local/lib/python3.11/site-packages/airflow/example_dags/tutorial_dag.py
[2024-01-08T11:36:45.464-0300] {logging_mixin.py:154} INFO - [2024-01-08T11:36:45.464-0300] {dag.py:2941} INFO - Sync 1 DAGs
[2024-01-08T11:36:45.469-0300] {logging_mixin.py:154} INFO - [2024-01-08T11:36:45.469-0300] {dag.py:3722} INFO - Setting next_dagrun for tutorial_dag to None, run_after=None
[2024-01-08T11:36:45.487-0300] {processor.py:179} INFO - Processing /home/felipe/.local/lib/python3.11/site-packages/airflow/example_dags/tutorial_dag.py took 0.070 seconds
