[2024-01-24T15:37:41.984-0300] {processor.py:157} INFO - Started process (PID=19198) to work on /home/felipe/.local/lib/python3.11/site-packages/airflow/example_dags/example_skip_dag.py
[2024-01-24T15:37:41.985-0300] {processor.py:829} INFO - Processing file /home/felipe/.local/lib/python3.11/site-packages/airflow/example_dags/example_skip_dag.py for tasks to queue
[2024-01-24T15:37:41.985-0300] {logging_mixin.py:154} INFO - [2024-01-24T15:37:41.985-0300] {dagbag.py:536} INFO - Filling up the DagBag from /home/felipe/.local/lib/python3.11/site-packages/airflow/example_dags/example_skip_dag.py
[2024-01-24T15:37:41.992-0300] {processor.py:839} INFO - DAG(s) dict_keys(['example_skip_dag']) retrieved from /home/felipe/.local/lib/python3.11/site-packages/airflow/example_dags/example_skip_dag.py
[2024-01-24T15:37:41.997-0300] {logging_mixin.py:154} INFO - [2024-01-24T15:37:41.997-0300] {dag.py:2941} INFO - Sync 1 DAGs
[2024-01-24T15:37:42.009-0300] {logging_mixin.py:154} INFO - [2024-01-24T15:37:42.009-0300] {dag.py:3722} INFO - Setting next_dagrun for example_skip_dag to 2024-01-23T18:37:42.008845+00:00, run_after=2024-01-24T18:37:42.008845+00:00
[2024-01-24T15:37:42.052-0300] {processor.py:179} INFO - Processing /home/felipe/.local/lib/python3.11/site-packages/airflow/example_dags/example_skip_dag.py took 0.069 seconds
[2024-01-24T15:39:58.041-0300] {processor.py:157} INFO - Started process (PID=19683) to work on /home/felipe/.local/lib/python3.11/site-packages/airflow/example_dags/example_skip_dag.py
[2024-01-24T15:39:58.073-0300] {processor.py:829} INFO - Processing file /home/felipe/.local/lib/python3.11/site-packages/airflow/example_dags/example_skip_dag.py for tasks to queue
[2024-01-24T15:39:58.074-0300] {logging_mixin.py:154} INFO - [2024-01-24T15:39:58.074-0300] {dagbag.py:536} INFO - Filling up the DagBag from /home/felipe/.local/lib/python3.11/site-packages/airflow/example_dags/example_skip_dag.py
[2024-01-24T15:39:58.080-0300] {processor.py:839} INFO - DAG(s) dict_keys(['example_skip_dag']) retrieved from /home/felipe/.local/lib/python3.11/site-packages/airflow/example_dags/example_skip_dag.py
[2024-01-24T15:39:58.086-0300] {logging_mixin.py:154} INFO - [2024-01-24T15:39:58.086-0300] {dag.py:2941} INFO - Sync 1 DAGs
[2024-01-24T15:39:58.097-0300] {logging_mixin.py:154} INFO - [2024-01-24T15:39:58.096-0300] {dag.py:3722} INFO - Setting next_dagrun for example_skip_dag to 2024-01-23T18:39:58.096801+00:00, run_after=2024-01-24T18:39:58.096801+00:00
[2024-01-24T15:39:58.107-0300] {processor.py:179} INFO - Processing /home/felipe/.local/lib/python3.11/site-packages/airflow/example_dags/example_skip_dag.py took 0.068 seconds
[2024-01-24T15:41:30.561-0300] {processor.py:157} INFO - Started process (PID=20151) to work on /home/felipe/.local/lib/python3.11/site-packages/airflow/example_dags/example_skip_dag.py
[2024-01-24T15:41:30.593-0300] {processor.py:829} INFO - Processing file /home/felipe/.local/lib/python3.11/site-packages/airflow/example_dags/example_skip_dag.py for tasks to queue
[2024-01-24T15:41:30.594-0300] {logging_mixin.py:154} INFO - [2024-01-24T15:41:30.593-0300] {dagbag.py:536} INFO - Filling up the DagBag from /home/felipe/.local/lib/python3.11/site-packages/airflow/example_dags/example_skip_dag.py
[2024-01-24T15:41:30.599-0300] {processor.py:839} INFO - DAG(s) dict_keys(['example_skip_dag']) retrieved from /home/felipe/.local/lib/python3.11/site-packages/airflow/example_dags/example_skip_dag.py
[2024-01-24T15:41:30.609-0300] {logging_mixin.py:154} INFO - [2024-01-24T15:41:30.609-0300] {dag.py:2941} INFO - Sync 1 DAGs
[2024-01-24T15:41:30.619-0300] {logging_mixin.py:154} INFO - [2024-01-24T15:41:30.619-0300] {dag.py:3722} INFO - Setting next_dagrun for example_skip_dag to 2024-01-23T18:41:30.619476+00:00, run_after=2024-01-24T18:41:30.619476+00:00
[2024-01-24T15:41:30.637-0300] {processor.py:179} INFO - Processing /home/felipe/.local/lib/python3.11/site-packages/airflow/example_dags/example_skip_dag.py took 0.079 seconds
[2024-01-24T15:42:24.985-0300] {processor.py:157} INFO - Started process (PID=20449) to work on /home/felipe/.local/lib/python3.11/site-packages/airflow/example_dags/example_skip_dag.py
[2024-01-24T15:42:24.989-0300] {processor.py:829} INFO - Processing file /home/felipe/.local/lib/python3.11/site-packages/airflow/example_dags/example_skip_dag.py for tasks to queue
[2024-01-24T15:42:24.990-0300] {logging_mixin.py:154} INFO - [2024-01-24T15:42:24.990-0300] {dagbag.py:536} INFO - Filling up the DagBag from /home/felipe/.local/lib/python3.11/site-packages/airflow/example_dags/example_skip_dag.py
[2024-01-24T15:42:24.994-0300] {processor.py:839} INFO - DAG(s) dict_keys(['example_skip_dag']) retrieved from /home/felipe/.local/lib/python3.11/site-packages/airflow/example_dags/example_skip_dag.py
[2024-01-24T15:42:25.005-0300] {logging_mixin.py:154} INFO - [2024-01-24T15:42:25.005-0300] {dag.py:2941} INFO - Sync 1 DAGs
[2024-01-24T15:42:25.015-0300] {logging_mixin.py:154} INFO - [2024-01-24T15:42:25.015-0300] {dag.py:3722} INFO - Setting next_dagrun for example_skip_dag to 2024-01-23T18:42:25.015760+00:00, run_after=2024-01-24T18:42:25.015760+00:00
[2024-01-24T15:42:25.027-0300] {processor.py:179} INFO - Processing /home/felipe/.local/lib/python3.11/site-packages/airflow/example_dags/example_skip_dag.py took 0.044 seconds
[2024-01-24T15:43:20.559-0300] {processor.py:157} INFO - Started process (PID=20625) to work on /home/felipe/.local/lib/python3.11/site-packages/airflow/example_dags/example_skip_dag.py
[2024-01-24T15:43:20.591-0300] {processor.py:829} INFO - Processing file /home/felipe/.local/lib/python3.11/site-packages/airflow/example_dags/example_skip_dag.py for tasks to queue
[2024-01-24T15:43:20.592-0300] {logging_mixin.py:154} INFO - [2024-01-24T15:43:20.591-0300] {dagbag.py:536} INFO - Filling up the DagBag from /home/felipe/.local/lib/python3.11/site-packages/airflow/example_dags/example_skip_dag.py
[2024-01-24T15:43:20.596-0300] {processor.py:839} INFO - DAG(s) dict_keys(['example_skip_dag']) retrieved from /home/felipe/.local/lib/python3.11/site-packages/airflow/example_dags/example_skip_dag.py
[2024-01-24T15:43:20.607-0300] {logging_mixin.py:154} INFO - [2024-01-24T15:43:20.607-0300] {dag.py:2941} INFO - Sync 1 DAGs
[2024-01-24T15:43:20.618-0300] {logging_mixin.py:154} INFO - [2024-01-24T15:43:20.617-0300] {dag.py:3722} INFO - Setting next_dagrun for example_skip_dag to 2024-01-23T18:43:20.617768+00:00, run_after=2024-01-24T18:43:20.617768+00:00
[2024-01-24T15:43:20.637-0300] {processor.py:179} INFO - Processing /home/felipe/.local/lib/python3.11/site-packages/airflow/example_dags/example_skip_dag.py took 0.080 seconds
[2024-01-24T15:44:11.425-0300] {processor.py:157} INFO - Started process (PID=21110) to work on /home/felipe/.local/lib/python3.11/site-packages/airflow/example_dags/example_skip_dag.py
[2024-01-24T15:44:11.426-0300] {processor.py:829} INFO - Processing file /home/felipe/.local/lib/python3.11/site-packages/airflow/example_dags/example_skip_dag.py for tasks to queue
[2024-01-24T15:44:11.426-0300] {logging_mixin.py:154} INFO - [2024-01-24T15:44:11.426-0300] {dagbag.py:536} INFO - Filling up the DagBag from /home/felipe/.local/lib/python3.11/site-packages/airflow/example_dags/example_skip_dag.py
[2024-01-24T15:44:11.431-0300] {processor.py:839} INFO - DAG(s) dict_keys(['example_skip_dag']) retrieved from /home/felipe/.local/lib/python3.11/site-packages/airflow/example_dags/example_skip_dag.py
[2024-01-24T15:44:11.442-0300] {logging_mixin.py:154} INFO - [2024-01-24T15:44:11.442-0300] {dag.py:2941} INFO - Sync 1 DAGs
[2024-01-24T15:44:11.453-0300] {logging_mixin.py:154} INFO - [2024-01-24T15:44:11.453-0300] {dag.py:3722} INFO - Setting next_dagrun for example_skip_dag to 2024-01-23T18:44:11.453257+00:00, run_after=2024-01-24T18:44:11.453257+00:00
[2024-01-24T15:44:11.464-0300] {processor.py:179} INFO - Processing /home/felipe/.local/lib/python3.11/site-packages/airflow/example_dags/example_skip_dag.py took 0.041 seconds
[2024-01-24T15:49:18.228-0300] {processor.py:157} INFO - Started process (PID=22077) to work on /home/felipe/.local/lib/python3.11/site-packages/airflow/example_dags/example_skip_dag.py
[2024-01-24T15:49:18.260-0300] {processor.py:829} INFO - Processing file /home/felipe/.local/lib/python3.11/site-packages/airflow/example_dags/example_skip_dag.py for tasks to queue
[2024-01-24T15:49:18.261-0300] {logging_mixin.py:154} INFO - [2024-01-24T15:49:18.261-0300] {dagbag.py:536} INFO - Filling up the DagBag from /home/felipe/.local/lib/python3.11/site-packages/airflow/example_dags/example_skip_dag.py
[2024-01-24T15:49:18.267-0300] {processor.py:839} INFO - DAG(s) dict_keys(['example_skip_dag']) retrieved from /home/felipe/.local/lib/python3.11/site-packages/airflow/example_dags/example_skip_dag.py
[2024-01-24T15:49:18.280-0300] {logging_mixin.py:154} INFO - [2024-01-24T15:49:18.280-0300] {dag.py:2941} INFO - Sync 1 DAGs
[2024-01-24T15:49:18.290-0300] {logging_mixin.py:154} INFO - [2024-01-24T15:49:18.290-0300] {dag.py:3722} INFO - Setting next_dagrun for example_skip_dag to 2024-01-23T18:49:18.290166+00:00, run_after=2024-01-24T18:49:18.290166+00:00
[2024-01-24T15:49:18.308-0300] {processor.py:179} INFO - Processing /home/felipe/.local/lib/python3.11/site-packages/airflow/example_dags/example_skip_dag.py took 0.081 seconds
[2024-01-24T15:50:06.483-0300] {processor.py:157} INFO - Started process (PID=22244) to work on /home/felipe/.local/lib/python3.11/site-packages/airflow/example_dags/example_skip_dag.py
[2024-01-24T15:50:06.483-0300] {processor.py:829} INFO - Processing file /home/felipe/.local/lib/python3.11/site-packages/airflow/example_dags/example_skip_dag.py for tasks to queue
[2024-01-24T15:50:06.484-0300] {logging_mixin.py:154} INFO - [2024-01-24T15:50:06.483-0300] {dagbag.py:536} INFO - Filling up the DagBag from /home/felipe/.local/lib/python3.11/site-packages/airflow/example_dags/example_skip_dag.py
[2024-01-24T15:50:06.488-0300] {processor.py:839} INFO - DAG(s) dict_keys(['example_skip_dag']) retrieved from /home/felipe/.local/lib/python3.11/site-packages/airflow/example_dags/example_skip_dag.py
[2024-01-24T15:50:06.498-0300] {logging_mixin.py:154} INFO - [2024-01-24T15:50:06.498-0300] {dag.py:2941} INFO - Sync 1 DAGs
[2024-01-24T15:50:06.509-0300] {logging_mixin.py:154} INFO - [2024-01-24T15:50:06.509-0300] {dag.py:3722} INFO - Setting next_dagrun for example_skip_dag to 2024-01-23T18:50:06.508984+00:00, run_after=2024-01-24T18:50:06.508984+00:00
[2024-01-24T15:50:06.519-0300] {processor.py:179} INFO - Processing /home/felipe/.local/lib/python3.11/site-packages/airflow/example_dags/example_skip_dag.py took 0.039 seconds
[2024-01-24T15:51:00.312-0300] {processor.py:157} INFO - Started process (PID=22372) to work on /home/felipe/.local/lib/python3.11/site-packages/airflow/example_dags/example_skip_dag.py
[2024-01-24T15:51:00.345-0300] {processor.py:829} INFO - Processing file /home/felipe/.local/lib/python3.11/site-packages/airflow/example_dags/example_skip_dag.py for tasks to queue
[2024-01-24T15:51:00.345-0300] {logging_mixin.py:154} INFO - [2024-01-24T15:51:00.345-0300] {dagbag.py:536} INFO - Filling up the DagBag from /home/felipe/.local/lib/python3.11/site-packages/airflow/example_dags/example_skip_dag.py
[2024-01-24T15:51:00.350-0300] {processor.py:839} INFO - DAG(s) dict_keys(['example_skip_dag']) retrieved from /home/felipe/.local/lib/python3.11/site-packages/airflow/example_dags/example_skip_dag.py
[2024-01-24T15:51:00.360-0300] {logging_mixin.py:154} INFO - [2024-01-24T15:51:00.360-0300] {dag.py:2941} INFO - Sync 1 DAGs
[2024-01-24T15:51:00.370-0300] {logging_mixin.py:154} INFO - [2024-01-24T15:51:00.370-0300] {dag.py:3722} INFO - Setting next_dagrun for example_skip_dag to 2024-01-23T18:51:00.370702+00:00, run_after=2024-01-24T18:51:00.370702+00:00
[2024-01-24T15:51:00.388-0300] {processor.py:179} INFO - Processing /home/felipe/.local/lib/python3.11/site-packages/airflow/example_dags/example_skip_dag.py took 0.078 seconds
[2024-01-24T15:51:44.028-0300] {processor.py:157} INFO - Started process (PID=22501) to work on /home/felipe/.local/lib/python3.11/site-packages/airflow/example_dags/example_skip_dag.py
[2024-01-24T15:51:44.060-0300] {processor.py:829} INFO - Processing file /home/felipe/.local/lib/python3.11/site-packages/airflow/example_dags/example_skip_dag.py for tasks to queue
[2024-01-24T15:51:44.061-0300] {logging_mixin.py:154} INFO - [2024-01-24T15:51:44.061-0300] {dagbag.py:536} INFO - Filling up the DagBag from /home/felipe/.local/lib/python3.11/site-packages/airflow/example_dags/example_skip_dag.py
[2024-01-24T15:51:44.066-0300] {processor.py:839} INFO - DAG(s) dict_keys(['example_skip_dag']) retrieved from /home/felipe/.local/lib/python3.11/site-packages/airflow/example_dags/example_skip_dag.py
[2024-01-24T15:51:44.076-0300] {logging_mixin.py:154} INFO - [2024-01-24T15:51:44.076-0300] {dag.py:2941} INFO - Sync 1 DAGs
[2024-01-24T15:51:44.087-0300] {logging_mixin.py:154} INFO - [2024-01-24T15:51:44.087-0300] {dag.py:3722} INFO - Setting next_dagrun for example_skip_dag to 2024-01-23T18:51:44.087347+00:00, run_after=2024-01-24T18:51:44.087347+00:00
[2024-01-24T15:51:44.104-0300] {processor.py:179} INFO - Processing /home/felipe/.local/lib/python3.11/site-packages/airflow/example_dags/example_skip_dag.py took 0.078 seconds
[2024-01-24T15:52:26.014-0300] {processor.py:157} INFO - Started process (PID=22692) to work on /home/felipe/.local/lib/python3.11/site-packages/airflow/example_dags/example_skip_dag.py
[2024-01-24T15:52:26.046-0300] {processor.py:829} INFO - Processing file /home/felipe/.local/lib/python3.11/site-packages/airflow/example_dags/example_skip_dag.py for tasks to queue
[2024-01-24T15:52:26.047-0300] {logging_mixin.py:154} INFO - [2024-01-24T15:52:26.046-0300] {dagbag.py:536} INFO - Filling up the DagBag from /home/felipe/.local/lib/python3.11/site-packages/airflow/example_dags/example_skip_dag.py
[2024-01-24T15:52:26.052-0300] {processor.py:839} INFO - DAG(s) dict_keys(['example_skip_dag']) retrieved from /home/felipe/.local/lib/python3.11/site-packages/airflow/example_dags/example_skip_dag.py
[2024-01-24T15:52:26.062-0300] {logging_mixin.py:154} INFO - [2024-01-24T15:52:26.062-0300] {dag.py:2941} INFO - Sync 1 DAGs
[2024-01-24T15:52:26.072-0300] {logging_mixin.py:154} INFO - [2024-01-24T15:52:26.072-0300] {dag.py:3722} INFO - Setting next_dagrun for example_skip_dag to 2024-01-23T18:52:26.072523+00:00, run_after=2024-01-24T18:52:26.072523+00:00
[2024-01-24T15:52:26.096-0300] {processor.py:179} INFO - Processing /home/felipe/.local/lib/python3.11/site-packages/airflow/example_dags/example_skip_dag.py took 0.085 seconds
[2024-01-24T15:53:07.250-0300] {processor.py:157} INFO - Started process (PID=22822) to work on /home/felipe/.local/lib/python3.11/site-packages/airflow/example_dags/example_skip_dag.py
[2024-01-24T15:53:07.282-0300] {processor.py:829} INFO - Processing file /home/felipe/.local/lib/python3.11/site-packages/airflow/example_dags/example_skip_dag.py for tasks to queue
[2024-01-24T15:53:07.283-0300] {logging_mixin.py:154} INFO - [2024-01-24T15:53:07.283-0300] {dagbag.py:536} INFO - Filling up the DagBag from /home/felipe/.local/lib/python3.11/site-packages/airflow/example_dags/example_skip_dag.py
[2024-01-24T15:53:07.287-0300] {processor.py:839} INFO - DAG(s) dict_keys(['example_skip_dag']) retrieved from /home/felipe/.local/lib/python3.11/site-packages/airflow/example_dags/example_skip_dag.py
[2024-01-24T15:53:07.298-0300] {logging_mixin.py:154} INFO - [2024-01-24T15:53:07.298-0300] {dag.py:2941} INFO - Sync 1 DAGs
[2024-01-24T15:53:07.308-0300] {logging_mixin.py:154} INFO - [2024-01-24T15:53:07.308-0300] {dag.py:3722} INFO - Setting next_dagrun for example_skip_dag to 2024-01-23T18:53:07.308011+00:00, run_after=2024-01-24T18:53:07.308011+00:00
[2024-01-24T15:53:07.325-0300] {processor.py:179} INFO - Processing /home/felipe/.local/lib/python3.11/site-packages/airflow/example_dags/example_skip_dag.py took 0.077 seconds
[2024-01-24T15:54:03.855-0300] {processor.py:157} INFO - Started process (PID=23012) to work on /home/felipe/.local/lib/python3.11/site-packages/airflow/example_dags/example_skip_dag.py
[2024-01-24T15:54:03.887-0300] {processor.py:829} INFO - Processing file /home/felipe/.local/lib/python3.11/site-packages/airflow/example_dags/example_skip_dag.py for tasks to queue
[2024-01-24T15:54:03.888-0300] {logging_mixin.py:154} INFO - [2024-01-24T15:54:03.887-0300] {dagbag.py:536} INFO - Filling up the DagBag from /home/felipe/.local/lib/python3.11/site-packages/airflow/example_dags/example_skip_dag.py
[2024-01-24T15:54:03.894-0300] {processor.py:839} INFO - DAG(s) dict_keys(['example_skip_dag']) retrieved from /home/felipe/.local/lib/python3.11/site-packages/airflow/example_dags/example_skip_dag.py
[2024-01-24T15:54:03.906-0300] {logging_mixin.py:154} INFO - [2024-01-24T15:54:03.906-0300] {dag.py:2941} INFO - Sync 1 DAGs
[2024-01-24T15:54:03.920-0300] {logging_mixin.py:154} INFO - [2024-01-24T15:54:03.920-0300] {dag.py:3722} INFO - Setting next_dagrun for example_skip_dag to 2024-01-23T18:54:03.920223+00:00, run_after=2024-01-24T18:54:03.920223+00:00
[2024-01-24T15:54:03.941-0300] {processor.py:179} INFO - Processing /home/felipe/.local/lib/python3.11/site-packages/airflow/example_dags/example_skip_dag.py took 0.088 seconds
[2024-01-24T15:55:30.216-0300] {processor.py:157} INFO - Started process (PID=23276) to work on /home/felipe/.local/lib/python3.11/site-packages/airflow/example_dags/example_skip_dag.py
[2024-01-24T15:55:30.248-0300] {processor.py:829} INFO - Processing file /home/felipe/.local/lib/python3.11/site-packages/airflow/example_dags/example_skip_dag.py for tasks to queue
[2024-01-24T15:55:30.249-0300] {logging_mixin.py:154} INFO - [2024-01-24T15:55:30.248-0300] {dagbag.py:536} INFO - Filling up the DagBag from /home/felipe/.local/lib/python3.11/site-packages/airflow/example_dags/example_skip_dag.py
[2024-01-24T15:55:30.253-0300] {processor.py:839} INFO - DAG(s) dict_keys(['example_skip_dag']) retrieved from /home/felipe/.local/lib/python3.11/site-packages/airflow/example_dags/example_skip_dag.py
[2024-01-24T15:55:30.263-0300] {logging_mixin.py:154} INFO - [2024-01-24T15:55:30.263-0300] {dag.py:2941} INFO - Sync 1 DAGs
[2024-01-24T15:55:30.273-0300] {logging_mixin.py:154} INFO - [2024-01-24T15:55:30.273-0300] {dag.py:3722} INFO - Setting next_dagrun for example_skip_dag to 2024-01-23T18:55:30.272945+00:00, run_after=2024-01-24T18:55:30.272945+00:00
[2024-01-24T15:55:30.290-0300] {processor.py:179} INFO - Processing /home/felipe/.local/lib/python3.11/site-packages/airflow/example_dags/example_skip_dag.py took 0.076 seconds
[2024-01-24T15:56:32.067-0300] {processor.py:157} INFO - Started process (PID=23471) to work on /home/felipe/.local/lib/python3.11/site-packages/airflow/example_dags/example_skip_dag.py
[2024-01-24T15:56:32.099-0300] {processor.py:829} INFO - Processing file /home/felipe/.local/lib/python3.11/site-packages/airflow/example_dags/example_skip_dag.py for tasks to queue
[2024-01-24T15:56:32.100-0300] {logging_mixin.py:154} INFO - [2024-01-24T15:56:32.100-0300] {dagbag.py:536} INFO - Filling up the DagBag from /home/felipe/.local/lib/python3.11/site-packages/airflow/example_dags/example_skip_dag.py
[2024-01-24T15:56:32.105-0300] {processor.py:839} INFO - DAG(s) dict_keys(['example_skip_dag']) retrieved from /home/felipe/.local/lib/python3.11/site-packages/airflow/example_dags/example_skip_dag.py
[2024-01-24T15:56:32.115-0300] {logging_mixin.py:154} INFO - [2024-01-24T15:56:32.115-0300] {dag.py:2941} INFO - Sync 1 DAGs
[2024-01-24T15:56:32.126-0300] {logging_mixin.py:154} INFO - [2024-01-24T15:56:32.126-0300] {dag.py:3722} INFO - Setting next_dagrun for example_skip_dag to 2024-01-23T18:56:32.125932+00:00, run_after=2024-01-24T18:56:32.125932+00:00
[2024-01-24T15:56:32.143-0300] {processor.py:179} INFO - Processing /home/felipe/.local/lib/python3.11/site-packages/airflow/example_dags/example_skip_dag.py took 0.078 seconds
[2024-01-24T15:57:26.451-0300] {processor.py:157} INFO - Started process (PID=23693) to work on /home/felipe/.local/lib/python3.11/site-packages/airflow/example_dags/example_skip_dag.py
[2024-01-24T15:57:26.483-0300] {processor.py:829} INFO - Processing file /home/felipe/.local/lib/python3.11/site-packages/airflow/example_dags/example_skip_dag.py for tasks to queue
[2024-01-24T15:57:26.484-0300] {logging_mixin.py:154} INFO - [2024-01-24T15:57:26.484-0300] {dagbag.py:536} INFO - Filling up the DagBag from /home/felipe/.local/lib/python3.11/site-packages/airflow/example_dags/example_skip_dag.py
[2024-01-24T15:57:26.489-0300] {processor.py:839} INFO - DAG(s) dict_keys(['example_skip_dag']) retrieved from /home/felipe/.local/lib/python3.11/site-packages/airflow/example_dags/example_skip_dag.py
[2024-01-24T15:57:26.499-0300] {logging_mixin.py:154} INFO - [2024-01-24T15:57:26.499-0300] {dag.py:2941} INFO - Sync 1 DAGs
[2024-01-24T15:57:26.508-0300] {logging_mixin.py:154} INFO - [2024-01-24T15:57:26.508-0300] {dag.py:3722} INFO - Setting next_dagrun for example_skip_dag to 2024-01-23T18:57:26.508768+00:00, run_after=2024-01-24T18:57:26.508768+00:00
[2024-01-24T15:57:26.527-0300] {processor.py:179} INFO - Processing /home/felipe/.local/lib/python3.11/site-packages/airflow/example_dags/example_skip_dag.py took 0.078 seconds
[2024-01-24T15:58:10.376-0300] {processor.py:157} INFO - Started process (PID=23871) to work on /home/felipe/.local/lib/python3.11/site-packages/airflow/example_dags/example_skip_dag.py
[2024-01-24T15:58:10.376-0300] {processor.py:829} INFO - Processing file /home/felipe/.local/lib/python3.11/site-packages/airflow/example_dags/example_skip_dag.py for tasks to queue
[2024-01-24T15:58:10.377-0300] {logging_mixin.py:154} INFO - [2024-01-24T15:58:10.377-0300] {dagbag.py:536} INFO - Filling up the DagBag from /home/felipe/.local/lib/python3.11/site-packages/airflow/example_dags/example_skip_dag.py
[2024-01-24T15:58:10.381-0300] {processor.py:839} INFO - DAG(s) dict_keys(['example_skip_dag']) retrieved from /home/felipe/.local/lib/python3.11/site-packages/airflow/example_dags/example_skip_dag.py
[2024-01-24T15:58:10.391-0300] {logging_mixin.py:154} INFO - [2024-01-24T15:58:10.391-0300] {dag.py:2941} INFO - Sync 1 DAGs
[2024-01-24T15:58:10.401-0300] {logging_mixin.py:154} INFO - [2024-01-24T15:58:10.401-0300] {dag.py:3722} INFO - Setting next_dagrun for example_skip_dag to 2024-01-23T18:58:10.401220+00:00, run_after=2024-01-24T18:58:10.401220+00:00
[2024-01-24T15:58:10.411-0300] {processor.py:179} INFO - Processing /home/felipe/.local/lib/python3.11/site-packages/airflow/example_dags/example_skip_dag.py took 0.037 seconds
[2024-01-24T15:58:54.636-0300] {processor.py:157} INFO - Started process (PID=24030) to work on /home/felipe/.local/lib/python3.11/site-packages/airflow/example_dags/example_skip_dag.py
[2024-01-24T15:58:54.668-0300] {processor.py:829} INFO - Processing file /home/felipe/.local/lib/python3.11/site-packages/airflow/example_dags/example_skip_dag.py for tasks to queue
[2024-01-24T15:58:54.669-0300] {logging_mixin.py:154} INFO - [2024-01-24T15:58:54.669-0300] {dagbag.py:536} INFO - Filling up the DagBag from /home/felipe/.local/lib/python3.11/site-packages/airflow/example_dags/example_skip_dag.py
[2024-01-24T15:58:54.674-0300] {processor.py:839} INFO - DAG(s) dict_keys(['example_skip_dag']) retrieved from /home/felipe/.local/lib/python3.11/site-packages/airflow/example_dags/example_skip_dag.py
[2024-01-24T15:58:54.684-0300] {logging_mixin.py:154} INFO - [2024-01-24T15:58:54.684-0300] {dag.py:2941} INFO - Sync 1 DAGs
[2024-01-24T15:58:54.695-0300] {logging_mixin.py:154} INFO - [2024-01-24T15:58:54.695-0300] {dag.py:3722} INFO - Setting next_dagrun for example_skip_dag to 2024-01-23T18:58:54.695707+00:00, run_after=2024-01-24T18:58:54.695707+00:00
[2024-01-24T15:58:54.715-0300] {processor.py:179} INFO - Processing /home/felipe/.local/lib/python3.11/site-packages/airflow/example_dags/example_skip_dag.py took 0.081 seconds
[2024-01-24T15:59:41.127-0300] {processor.py:157} INFO - Started process (PID=24223) to work on /home/felipe/.local/lib/python3.11/site-packages/airflow/example_dags/example_skip_dag.py
[2024-01-24T15:59:41.128-0300] {processor.py:829} INFO - Processing file /home/felipe/.local/lib/python3.11/site-packages/airflow/example_dags/example_skip_dag.py for tasks to queue
[2024-01-24T15:59:41.129-0300] {logging_mixin.py:154} INFO - [2024-01-24T15:59:41.128-0300] {dagbag.py:536} INFO - Filling up the DagBag from /home/felipe/.local/lib/python3.11/site-packages/airflow/example_dags/example_skip_dag.py
[2024-01-24T15:59:41.133-0300] {processor.py:839} INFO - DAG(s) dict_keys(['example_skip_dag']) retrieved from /home/felipe/.local/lib/python3.11/site-packages/airflow/example_dags/example_skip_dag.py
[2024-01-24T15:59:41.143-0300] {logging_mixin.py:154} INFO - [2024-01-24T15:59:41.143-0300] {dag.py:2941} INFO - Sync 1 DAGs
[2024-01-24T15:59:41.154-0300] {logging_mixin.py:154} INFO - [2024-01-24T15:59:41.154-0300] {dag.py:3722} INFO - Setting next_dagrun for example_skip_dag to 2024-01-23T18:59:41.154081+00:00, run_after=2024-01-24T18:59:41.154081+00:00
[2024-01-24T15:59:41.167-0300] {processor.py:179} INFO - Processing /home/felipe/.local/lib/python3.11/site-packages/airflow/example_dags/example_skip_dag.py took 0.041 seconds
