[2024-01-24T15:37:58.523-0300] {processor.py:157} INFO - Started process (PID=19320) to work on /home/felipe/.local/lib/python3.11/site-packages/airflow/example_dags/example_external_task_marker_dag.py
[2024-01-24T15:37:58.523-0300] {processor.py:829} INFO - Processing file /home/felipe/.local/lib/python3.11/site-packages/airflow/example_dags/example_external_task_marker_dag.py for tasks to queue
[2024-01-24T15:37:58.524-0300] {logging_mixin.py:154} INFO - [2024-01-24T15:37:58.524-0300] {dagbag.py:536} INFO - Filling up the DagBag from /home/felipe/.local/lib/python3.11/site-packages/airflow/example_dags/example_external_task_marker_dag.py
[2024-01-24T15:37:58.529-0300] {processor.py:839} INFO - DAG(s) dict_keys(['example_external_task_marker_parent', 'example_external_task_marker_child']) retrieved from /home/felipe/.local/lib/python3.11/site-packages/airflow/example_dags/example_external_task_marker_dag.py
[2024-01-24T15:37:58.542-0300] {logging_mixin.py:154} INFO - [2024-01-24T15:37:58.542-0300] {dag.py:2941} INFO - Sync 2 DAGs
[2024-01-24T15:37:58.549-0300] {logging_mixin.py:154} INFO - [2024-01-24T15:37:58.549-0300] {dag.py:3722} INFO - Setting next_dagrun for example_external_task_marker_child to None, run_after=None
[2024-01-24T15:37:58.550-0300] {logging_mixin.py:154} INFO - [2024-01-24T15:37:58.550-0300] {dag.py:3722} INFO - Setting next_dagrun for example_external_task_marker_parent to None, run_after=None
[2024-01-24T15:37:58.563-0300] {processor.py:179} INFO - Processing /home/felipe/.local/lib/python3.11/site-packages/airflow/example_dags/example_external_task_marker_dag.py took 0.042 seconds
[2024-01-24T15:40:15.811-0300] {processor.py:157} INFO - Started process (PID=19708) to work on /home/felipe/.local/lib/python3.11/site-packages/airflow/example_dags/example_external_task_marker_dag.py
[2024-01-24T15:40:15.843-0300] {processor.py:829} INFO - Processing file /home/felipe/.local/lib/python3.11/site-packages/airflow/example_dags/example_external_task_marker_dag.py for tasks to queue
[2024-01-24T15:40:15.844-0300] {logging_mixin.py:154} INFO - [2024-01-24T15:40:15.843-0300] {dagbag.py:536} INFO - Filling up the DagBag from /home/felipe/.local/lib/python3.11/site-packages/airflow/example_dags/example_external_task_marker_dag.py
[2024-01-24T15:40:15.848-0300] {processor.py:839} INFO - DAG(s) dict_keys(['example_external_task_marker_parent', 'example_external_task_marker_child']) retrieved from /home/felipe/.local/lib/python3.11/site-packages/airflow/example_dags/example_external_task_marker_dag.py
[2024-01-24T15:40:15.859-0300] {logging_mixin.py:154} INFO - [2024-01-24T15:40:15.859-0300] {dag.py:2941} INFO - Sync 2 DAGs
[2024-01-24T15:40:15.865-0300] {logging_mixin.py:154} INFO - [2024-01-24T15:40:15.865-0300] {dag.py:3722} INFO - Setting next_dagrun for example_external_task_marker_child to None, run_after=None
[2024-01-24T15:40:15.866-0300] {logging_mixin.py:154} INFO - [2024-01-24T15:40:15.866-0300] {dag.py:3722} INFO - Setting next_dagrun for example_external_task_marker_parent to None, run_after=None
[2024-01-24T15:40:15.884-0300] {processor.py:179} INFO - Processing /home/felipe/.local/lib/python3.11/site-packages/airflow/example_dags/example_external_task_marker_dag.py took 0.075 seconds
[2024-01-24T15:41:45.863-0300] {processor.py:157} INFO - Started process (PID=20192) to work on /home/felipe/.local/lib/python3.11/site-packages/airflow/example_dags/example_external_task_marker_dag.py
[2024-01-24T15:41:45.895-0300] {processor.py:829} INFO - Processing file /home/felipe/.local/lib/python3.11/site-packages/airflow/example_dags/example_external_task_marker_dag.py for tasks to queue
[2024-01-24T15:41:45.896-0300] {logging_mixin.py:154} INFO - [2024-01-24T15:41:45.896-0300] {dagbag.py:536} INFO - Filling up the DagBag from /home/felipe/.local/lib/python3.11/site-packages/airflow/example_dags/example_external_task_marker_dag.py
[2024-01-24T15:41:45.900-0300] {processor.py:839} INFO - DAG(s) dict_keys(['example_external_task_marker_child', 'example_external_task_marker_parent']) retrieved from /home/felipe/.local/lib/python3.11/site-packages/airflow/example_dags/example_external_task_marker_dag.py
[2024-01-24T15:41:45.912-0300] {logging_mixin.py:154} INFO - [2024-01-24T15:41:45.912-0300] {dag.py:2941} INFO - Sync 2 DAGs
[2024-01-24T15:41:45.918-0300] {logging_mixin.py:154} INFO - [2024-01-24T15:41:45.918-0300] {dag.py:3722} INFO - Setting next_dagrun for example_external_task_marker_child to None, run_after=None
[2024-01-24T15:41:45.919-0300] {logging_mixin.py:154} INFO - [2024-01-24T15:41:45.919-0300] {dag.py:3722} INFO - Setting next_dagrun for example_external_task_marker_parent to None, run_after=None
[2024-01-24T15:41:45.936-0300] {processor.py:179} INFO - Processing /home/felipe/.local/lib/python3.11/site-packages/airflow/example_dags/example_external_task_marker_dag.py took 0.075 seconds
[2024-01-24T15:42:44.397-0300] {processor.py:157} INFO - Started process (PID=20486) to work on /home/felipe/.local/lib/python3.11/site-packages/airflow/example_dags/example_external_task_marker_dag.py
[2024-01-24T15:42:44.429-0300] {processor.py:829} INFO - Processing file /home/felipe/.local/lib/python3.11/site-packages/airflow/example_dags/example_external_task_marker_dag.py for tasks to queue
[2024-01-24T15:42:44.429-0300] {logging_mixin.py:154} INFO - [2024-01-24T15:42:44.429-0300] {dagbag.py:536} INFO - Filling up the DagBag from /home/felipe/.local/lib/python3.11/site-packages/airflow/example_dags/example_external_task_marker_dag.py
[2024-01-24T15:42:44.434-0300] {processor.py:839} INFO - DAG(s) dict_keys(['example_external_task_marker_parent', 'example_external_task_marker_child']) retrieved from /home/felipe/.local/lib/python3.11/site-packages/airflow/example_dags/example_external_task_marker_dag.py
[2024-01-24T15:42:44.446-0300] {logging_mixin.py:154} INFO - [2024-01-24T15:42:44.446-0300] {dag.py:2941} INFO - Sync 2 DAGs
[2024-01-24T15:42:44.453-0300] {logging_mixin.py:154} INFO - [2024-01-24T15:42:44.453-0300] {dag.py:3722} INFO - Setting next_dagrun for example_external_task_marker_child to None, run_after=None
[2024-01-24T15:42:44.454-0300] {logging_mixin.py:154} INFO - [2024-01-24T15:42:44.454-0300] {dag.py:3722} INFO - Setting next_dagrun for example_external_task_marker_parent to None, run_after=None
[2024-01-24T15:42:44.471-0300] {processor.py:179} INFO - Processing /home/felipe/.local/lib/python3.11/site-packages/airflow/example_dags/example_external_task_marker_dag.py took 0.077 seconds
[2024-01-24T15:43:39.062-0300] {processor.py:157} INFO - Started process (PID=20849) to work on /home/felipe/.local/lib/python3.11/site-packages/airflow/example_dags/example_external_task_marker_dag.py
[2024-01-24T15:43:39.063-0300] {processor.py:829} INFO - Processing file /home/felipe/.local/lib/python3.11/site-packages/airflow/example_dags/example_external_task_marker_dag.py for tasks to queue
[2024-01-24T15:43:39.063-0300] {logging_mixin.py:154} INFO - [2024-01-24T15:43:39.063-0300] {dagbag.py:536} INFO - Filling up the DagBag from /home/felipe/.local/lib/python3.11/site-packages/airflow/example_dags/example_external_task_marker_dag.py
[2024-01-24T15:43:39.067-0300] {processor.py:839} INFO - DAG(s) dict_keys(['example_external_task_marker_child', 'example_external_task_marker_parent']) retrieved from /home/felipe/.local/lib/python3.11/site-packages/airflow/example_dags/example_external_task_marker_dag.py
[2024-01-24T15:43:39.077-0300] {logging_mixin.py:154} INFO - [2024-01-24T15:43:39.077-0300] {dag.py:2941} INFO - Sync 2 DAGs
[2024-01-24T15:43:39.083-0300] {logging_mixin.py:154} INFO - [2024-01-24T15:43:39.083-0300] {dag.py:3722} INFO - Setting next_dagrun for example_external_task_marker_child to None, run_after=None
[2024-01-24T15:43:39.085-0300] {logging_mixin.py:154} INFO - [2024-01-24T15:43:39.085-0300] {dag.py:3722} INFO - Setting next_dagrun for example_external_task_marker_parent to None, run_after=None
[2024-01-24T15:43:39.094-0300] {processor.py:179} INFO - Processing /home/felipe/.local/lib/python3.11/site-packages/airflow/example_dags/example_external_task_marker_dag.py took 0.034 seconds
[2024-01-24T15:44:50.636-0300] {processor.py:157} INFO - Started process (PID=21332) to work on /home/felipe/.local/lib/python3.11/site-packages/airflow/example_dags/example_external_task_marker_dag.py
[2024-01-24T15:44:50.668-0300] {processor.py:829} INFO - Processing file /home/felipe/.local/lib/python3.11/site-packages/airflow/example_dags/example_external_task_marker_dag.py for tasks to queue
[2024-01-24T15:44:50.669-0300] {logging_mixin.py:154} INFO - [2024-01-24T15:44:50.668-0300] {dagbag.py:536} INFO - Filling up the DagBag from /home/felipe/.local/lib/python3.11/site-packages/airflow/example_dags/example_external_task_marker_dag.py
[2024-01-24T15:44:50.673-0300] {processor.py:839} INFO - DAG(s) dict_keys(['example_external_task_marker_parent', 'example_external_task_marker_child']) retrieved from /home/felipe/.local/lib/python3.11/site-packages/airflow/example_dags/example_external_task_marker_dag.py
[2024-01-24T15:44:50.685-0300] {logging_mixin.py:154} INFO - [2024-01-24T15:44:50.685-0300] {dag.py:2941} INFO - Sync 2 DAGs
[2024-01-24T15:44:50.692-0300] {logging_mixin.py:154} INFO - [2024-01-24T15:44:50.692-0300] {dag.py:3722} INFO - Setting next_dagrun for example_external_task_marker_child to None, run_after=None
[2024-01-24T15:44:50.694-0300] {logging_mixin.py:154} INFO - [2024-01-24T15:44:50.694-0300] {dag.py:3722} INFO - Setting next_dagrun for example_external_task_marker_parent to None, run_after=None
[2024-01-24T15:44:50.711-0300] {processor.py:179} INFO - Processing /home/felipe/.local/lib/python3.11/site-packages/airflow/example_dags/example_external_task_marker_dag.py took 0.077 seconds
[2024-01-24T15:49:36.087-0300] {processor.py:157} INFO - Started process (PID=22105) to work on /home/felipe/.local/lib/python3.11/site-packages/airflow/example_dags/example_external_task_marker_dag.py
[2024-01-24T15:49:36.088-0300] {processor.py:829} INFO - Processing file /home/felipe/.local/lib/python3.11/site-packages/airflow/example_dags/example_external_task_marker_dag.py for tasks to queue
[2024-01-24T15:49:36.088-0300] {logging_mixin.py:154} INFO - [2024-01-24T15:49:36.088-0300] {dagbag.py:536} INFO - Filling up the DagBag from /home/felipe/.local/lib/python3.11/site-packages/airflow/example_dags/example_external_task_marker_dag.py
[2024-01-24T15:49:36.092-0300] {processor.py:839} INFO - DAG(s) dict_keys(['example_external_task_marker_child', 'example_external_task_marker_parent']) retrieved from /home/felipe/.local/lib/python3.11/site-packages/airflow/example_dags/example_external_task_marker_dag.py
[2024-01-24T15:49:36.103-0300] {logging_mixin.py:154} INFO - [2024-01-24T15:49:36.103-0300] {dag.py:2941} INFO - Sync 2 DAGs
[2024-01-24T15:49:36.108-0300] {logging_mixin.py:154} INFO - [2024-01-24T15:49:36.108-0300] {dag.py:3722} INFO - Setting next_dagrun for example_external_task_marker_child to None, run_after=None
[2024-01-24T15:49:36.110-0300] {logging_mixin.py:154} INFO - [2024-01-24T15:49:36.110-0300] {dag.py:3722} INFO - Setting next_dagrun for example_external_task_marker_parent to None, run_after=None
[2024-01-24T15:49:36.133-0300] {processor.py:179} INFO - Processing /home/felipe/.local/lib/python3.11/site-packages/airflow/example_dags/example_external_task_marker_dag.py took 0.048 seconds
[2024-01-24T15:50:23.690-0300] {processor.py:157} INFO - Started process (PID=22274) to work on /home/felipe/.local/lib/python3.11/site-packages/airflow/example_dags/example_external_task_marker_dag.py
[2024-01-24T15:50:23.722-0300] {processor.py:829} INFO - Processing file /home/felipe/.local/lib/python3.11/site-packages/airflow/example_dags/example_external_task_marker_dag.py for tasks to queue
[2024-01-24T15:50:23.723-0300] {logging_mixin.py:154} INFO - [2024-01-24T15:50:23.723-0300] {dagbag.py:536} INFO - Filling up the DagBag from /home/felipe/.local/lib/python3.11/site-packages/airflow/example_dags/example_external_task_marker_dag.py
[2024-01-24T15:50:23.727-0300] {processor.py:839} INFO - DAG(s) dict_keys(['example_external_task_marker_child', 'example_external_task_marker_parent']) retrieved from /home/felipe/.local/lib/python3.11/site-packages/airflow/example_dags/example_external_task_marker_dag.py
[2024-01-24T15:50:23.739-0300] {logging_mixin.py:154} INFO - [2024-01-24T15:50:23.739-0300] {dag.py:2941} INFO - Sync 2 DAGs
[2024-01-24T15:50:23.745-0300] {logging_mixin.py:154} INFO - [2024-01-24T15:50:23.745-0300] {dag.py:3722} INFO - Setting next_dagrun for example_external_task_marker_child to None, run_after=None
[2024-01-24T15:50:23.746-0300] {logging_mixin.py:154} INFO - [2024-01-24T15:50:23.746-0300] {dag.py:3722} INFO - Setting next_dagrun for example_external_task_marker_parent to None, run_after=None
[2024-01-24T15:50:23.763-0300] {processor.py:179} INFO - Processing /home/felipe/.local/lib/python3.11/site-packages/airflow/example_dags/example_external_task_marker_dag.py took 0.075 seconds
[2024-01-24T15:51:26.350-0300] {processor.py:157} INFO - Started process (PID=22470) to work on /home/felipe/.local/lib/python3.11/site-packages/airflow/example_dags/example_external_task_marker_dag.py
[2024-01-24T15:51:26.382-0300] {processor.py:829} INFO - Processing file /home/felipe/.local/lib/python3.11/site-packages/airflow/example_dags/example_external_task_marker_dag.py for tasks to queue
[2024-01-24T15:51:26.383-0300] {logging_mixin.py:154} INFO - [2024-01-24T15:51:26.382-0300] {dagbag.py:536} INFO - Filling up the DagBag from /home/felipe/.local/lib/python3.11/site-packages/airflow/example_dags/example_external_task_marker_dag.py
[2024-01-24T15:51:26.387-0300] {processor.py:839} INFO - DAG(s) dict_keys(['example_external_task_marker_parent', 'example_external_task_marker_child']) retrieved from /home/felipe/.local/lib/python3.11/site-packages/airflow/example_dags/example_external_task_marker_dag.py
[2024-01-24T15:51:26.398-0300] {logging_mixin.py:154} INFO - [2024-01-24T15:51:26.398-0300] {dag.py:2941} INFO - Sync 2 DAGs
[2024-01-24T15:51:26.404-0300] {logging_mixin.py:154} INFO - [2024-01-24T15:51:26.404-0300] {dag.py:3722} INFO - Setting next_dagrun for example_external_task_marker_child to None, run_after=None
[2024-01-24T15:51:26.406-0300] {logging_mixin.py:154} INFO - [2024-01-24T15:51:26.406-0300] {dag.py:3722} INFO - Setting next_dagrun for example_external_task_marker_parent to None, run_after=None
[2024-01-24T15:51:26.423-0300] {processor.py:179} INFO - Processing /home/felipe/.local/lib/python3.11/site-packages/airflow/example_dags/example_external_task_marker_dag.py took 0.075 seconds
[2024-01-24T15:52:31.154-0300] {processor.py:157} INFO - Started process (PID=22701) to work on /home/felipe/.local/lib/python3.11/site-packages/airflow/example_dags/example_external_task_marker_dag.py
[2024-01-24T15:52:31.154-0300] {processor.py:829} INFO - Processing file /home/felipe/.local/lib/python3.11/site-packages/airflow/example_dags/example_external_task_marker_dag.py for tasks to queue
[2024-01-24T15:52:31.155-0300] {logging_mixin.py:154} INFO - [2024-01-24T15:52:31.154-0300] {dagbag.py:536} INFO - Filling up the DagBag from /home/felipe/.local/lib/python3.11/site-packages/airflow/example_dags/example_external_task_marker_dag.py
[2024-01-24T15:52:31.159-0300] {processor.py:839} INFO - DAG(s) dict_keys(['example_external_task_marker_child', 'example_external_task_marker_parent']) retrieved from /home/felipe/.local/lib/python3.11/site-packages/airflow/example_dags/example_external_task_marker_dag.py
[2024-01-24T15:52:31.170-0300] {logging_mixin.py:154} INFO - [2024-01-24T15:52:31.170-0300] {dag.py:2941} INFO - Sync 2 DAGs
[2024-01-24T15:52:31.177-0300] {logging_mixin.py:154} INFO - [2024-01-24T15:52:31.177-0300] {dag.py:3722} INFO - Setting next_dagrun for example_external_task_marker_child to None, run_after=None
[2024-01-24T15:52:31.179-0300] {logging_mixin.py:154} INFO - [2024-01-24T15:52:31.178-0300] {dag.py:3722} INFO - Setting next_dagrun for example_external_task_marker_parent to None, run_after=None
[2024-01-24T15:52:31.200-0300] {processor.py:179} INFO - Processing /home/felipe/.local/lib/python3.11/site-packages/airflow/example_dags/example_external_task_marker_dag.py took 0.048 seconds
[2024-01-24T15:53:25.512-0300] {processor.py:157} INFO - Started process (PID=22912) to work on /home/felipe/.local/lib/python3.11/site-packages/airflow/example_dags/example_external_task_marker_dag.py
[2024-01-24T15:53:25.544-0300] {processor.py:829} INFO - Processing file /home/felipe/.local/lib/python3.11/site-packages/airflow/example_dags/example_external_task_marker_dag.py for tasks to queue
[2024-01-24T15:53:25.545-0300] {logging_mixin.py:154} INFO - [2024-01-24T15:53:25.545-0300] {dagbag.py:536} INFO - Filling up the DagBag from /home/felipe/.local/lib/python3.11/site-packages/airflow/example_dags/example_external_task_marker_dag.py
[2024-01-24T15:53:25.549-0300] {processor.py:839} INFO - DAG(s) dict_keys(['example_external_task_marker_parent', 'example_external_task_marker_child']) retrieved from /home/felipe/.local/lib/python3.11/site-packages/airflow/example_dags/example_external_task_marker_dag.py
[2024-01-24T15:53:25.562-0300] {logging_mixin.py:154} INFO - [2024-01-24T15:53:25.562-0300] {dag.py:2941} INFO - Sync 2 DAGs
[2024-01-24T15:53:25.568-0300] {logging_mixin.py:154} INFO - [2024-01-24T15:53:25.568-0300] {dag.py:3722} INFO - Setting next_dagrun for example_external_task_marker_child to None, run_after=None
[2024-01-24T15:53:25.570-0300] {logging_mixin.py:154} INFO - [2024-01-24T15:53:25.570-0300] {dag.py:3722} INFO - Setting next_dagrun for example_external_task_marker_parent to None, run_after=None
[2024-01-24T15:53:25.586-0300] {processor.py:179} INFO - Processing /home/felipe/.local/lib/python3.11/site-packages/airflow/example_dags/example_external_task_marker_dag.py took 0.077 seconds
[2024-01-24T15:54:45.486-0300] {processor.py:157} INFO - Started process (PID=23129) to work on /home/felipe/.local/lib/python3.11/site-packages/airflow/example_dags/example_external_task_marker_dag.py
[2024-01-24T15:54:45.518-0300] {processor.py:829} INFO - Processing file /home/felipe/.local/lib/python3.11/site-packages/airflow/example_dags/example_external_task_marker_dag.py for tasks to queue
[2024-01-24T15:54:45.519-0300] {logging_mixin.py:154} INFO - [2024-01-24T15:54:45.519-0300] {dagbag.py:536} INFO - Filling up the DagBag from /home/felipe/.local/lib/python3.11/site-packages/airflow/example_dags/example_external_task_marker_dag.py
[2024-01-24T15:54:45.523-0300] {processor.py:839} INFO - DAG(s) dict_keys(['example_external_task_marker_child', 'example_external_task_marker_parent']) retrieved from /home/felipe/.local/lib/python3.11/site-packages/airflow/example_dags/example_external_task_marker_dag.py
[2024-01-24T15:54:45.535-0300] {logging_mixin.py:154} INFO - [2024-01-24T15:54:45.534-0300] {dag.py:2941} INFO - Sync 2 DAGs
[2024-01-24T15:54:45.541-0300] {logging_mixin.py:154} INFO - [2024-01-24T15:54:45.540-0300] {dag.py:3722} INFO - Setting next_dagrun for example_external_task_marker_child to None, run_after=None
[2024-01-24T15:54:45.542-0300] {logging_mixin.py:154} INFO - [2024-01-24T15:54:45.542-0300] {dag.py:3722} INFO - Setting next_dagrun for example_external_task_marker_parent to None, run_after=None
[2024-01-24T15:54:45.553-0300] {processor.py:179} INFO - Processing /home/felipe/.local/lib/python3.11/site-packages/airflow/example_dags/example_external_task_marker_dag.py took 0.069 seconds
[2024-01-24T15:56:07.148-0300] {processor.py:157} INFO - Started process (PID=23391) to work on /home/felipe/.local/lib/python3.11/site-packages/airflow/example_dags/example_external_task_marker_dag.py
[2024-01-24T15:56:07.180-0300] {processor.py:829} INFO - Processing file /home/felipe/.local/lib/python3.11/site-packages/airflow/example_dags/example_external_task_marker_dag.py for tasks to queue
[2024-01-24T15:56:07.180-0300] {logging_mixin.py:154} INFO - [2024-01-24T15:56:07.180-0300] {dagbag.py:536} INFO - Filling up the DagBag from /home/felipe/.local/lib/python3.11/site-packages/airflow/example_dags/example_external_task_marker_dag.py
[2024-01-24T15:56:07.184-0300] {processor.py:839} INFO - DAG(s) dict_keys(['example_external_task_marker_child', 'example_external_task_marker_parent']) retrieved from /home/felipe/.local/lib/python3.11/site-packages/airflow/example_dags/example_external_task_marker_dag.py
[2024-01-24T15:56:07.196-0300] {logging_mixin.py:154} INFO - [2024-01-24T15:56:07.196-0300] {dag.py:2941} INFO - Sync 2 DAGs
[2024-01-24T15:56:07.202-0300] {logging_mixin.py:154} INFO - [2024-01-24T15:56:07.202-0300] {dag.py:3722} INFO - Setting next_dagrun for example_external_task_marker_child to None, run_after=None
[2024-01-24T15:56:07.203-0300] {logging_mixin.py:154} INFO - [2024-01-24T15:56:07.203-0300] {dag.py:3722} INFO - Setting next_dagrun for example_external_task_marker_parent to None, run_after=None
[2024-01-24T15:56:07.215-0300] {processor.py:179} INFO - Processing /home/felipe/.local/lib/python3.11/site-packages/airflow/example_dags/example_external_task_marker_dag.py took 0.069 seconds
[2024-01-24T15:56:55.676-0300] {processor.py:157} INFO - Started process (PID=23564) to work on /home/felipe/.local/lib/python3.11/site-packages/airflow/example_dags/example_external_task_marker_dag.py
[2024-01-24T15:56:55.677-0300] {processor.py:829} INFO - Processing file /home/felipe/.local/lib/python3.11/site-packages/airflow/example_dags/example_external_task_marker_dag.py for tasks to queue
[2024-01-24T15:56:55.678-0300] {logging_mixin.py:154} INFO - [2024-01-24T15:56:55.677-0300] {dagbag.py:536} INFO - Filling up the DagBag from /home/felipe/.local/lib/python3.11/site-packages/airflow/example_dags/example_external_task_marker_dag.py
[2024-01-24T15:56:55.681-0300] {processor.py:839} INFO - DAG(s) dict_keys(['example_external_task_marker_child', 'example_external_task_marker_parent']) retrieved from /home/felipe/.local/lib/python3.11/site-packages/airflow/example_dags/example_external_task_marker_dag.py
[2024-01-24T15:56:55.693-0300] {logging_mixin.py:154} INFO - [2024-01-24T15:56:55.692-0300] {dag.py:2941} INFO - Sync 2 DAGs
[2024-01-24T15:56:55.698-0300] {logging_mixin.py:154} INFO - [2024-01-24T15:56:55.698-0300] {dag.py:3722} INFO - Setting next_dagrun for example_external_task_marker_child to None, run_after=None
[2024-01-24T15:56:55.700-0300] {logging_mixin.py:154} INFO - [2024-01-24T15:56:55.700-0300] {dag.py:3722} INFO - Setting next_dagrun for example_external_task_marker_parent to None, run_after=None
[2024-01-24T15:56:55.715-0300] {processor.py:179} INFO - Processing /home/felipe/.local/lib/python3.11/site-packages/airflow/example_dags/example_external_task_marker_dag.py took 0.041 seconds
[2024-01-24T15:57:56.063-0300] {processor.py:157} INFO - Started process (PID=23850) to work on /home/felipe/.local/lib/python3.11/site-packages/airflow/example_dags/example_external_task_marker_dag.py
[2024-01-24T15:57:56.093-0300] {processor.py:829} INFO - Processing file /home/felipe/.local/lib/python3.11/site-packages/airflow/example_dags/example_external_task_marker_dag.py for tasks to queue
[2024-01-24T15:57:56.094-0300] {logging_mixin.py:154} INFO - [2024-01-24T15:57:56.093-0300] {dagbag.py:536} INFO - Filling up the DagBag from /home/felipe/.local/lib/python3.11/site-packages/airflow/example_dags/example_external_task_marker_dag.py
[2024-01-24T15:57:56.097-0300] {processor.py:839} INFO - DAG(s) dict_keys(['example_external_task_marker_child', 'example_external_task_marker_parent']) retrieved from /home/felipe/.local/lib/python3.11/site-packages/airflow/example_dags/example_external_task_marker_dag.py
[2024-01-24T15:57:56.112-0300] {logging_mixin.py:154} INFO - [2024-01-24T15:57:56.112-0300] {dag.py:2941} INFO - Sync 2 DAGs
[2024-01-24T15:57:56.119-0300] {logging_mixin.py:154} INFO - [2024-01-24T15:57:56.119-0300] {dag.py:3722} INFO - Setting next_dagrun for example_external_task_marker_child to None, run_after=None
[2024-01-24T15:57:56.121-0300] {logging_mixin.py:154} INFO - [2024-01-24T15:57:56.120-0300] {dag.py:3722} INFO - Setting next_dagrun for example_external_task_marker_parent to None, run_after=None
[2024-01-24T15:57:56.131-0300] {processor.py:179} INFO - Processing /home/felipe/.local/lib/python3.11/site-packages/airflow/example_dags/example_external_task_marker_dag.py took 0.070 seconds
[2024-01-24T15:59:01.518-0300] {processor.py:157} INFO - Started process (PID=24057) to work on /home/felipe/.local/lib/python3.11/site-packages/airflow/example_dags/example_external_task_marker_dag.py
[2024-01-24T15:59:01.550-0300] {processor.py:829} INFO - Processing file /home/felipe/.local/lib/python3.11/site-packages/airflow/example_dags/example_external_task_marker_dag.py for tasks to queue
[2024-01-24T15:59:01.551-0300] {logging_mixin.py:154} INFO - [2024-01-24T15:59:01.551-0300] {dagbag.py:536} INFO - Filling up the DagBag from /home/felipe/.local/lib/python3.11/site-packages/airflow/example_dags/example_external_task_marker_dag.py
[2024-01-24T15:59:01.557-0300] {processor.py:839} INFO - DAG(s) dict_keys(['example_external_task_marker_parent', 'example_external_task_marker_child']) retrieved from /home/felipe/.local/lib/python3.11/site-packages/airflow/example_dags/example_external_task_marker_dag.py
[2024-01-24T15:59:01.571-0300] {logging_mixin.py:154} INFO - [2024-01-24T15:59:01.571-0300] {dag.py:2941} INFO - Sync 2 DAGs
[2024-01-24T15:59:01.581-0300] {logging_mixin.py:154} INFO - [2024-01-24T15:59:01.581-0300] {dag.py:3722} INFO - Setting next_dagrun for example_external_task_marker_child to None, run_after=None
[2024-01-24T15:59:01.585-0300] {logging_mixin.py:154} INFO - [2024-01-24T15:59:01.585-0300] {dag.py:3722} INFO - Setting next_dagrun for example_external_task_marker_parent to None, run_after=None
[2024-01-24T15:59:01.599-0300] {processor.py:179} INFO - Processing /home/felipe/.local/lib/python3.11/site-packages/airflow/example_dags/example_external_task_marker_dag.py took 0.082 seconds
