[2024-01-24T15:37:57.392-0300] {processor.py:157} INFO - Started process (PID=19319) to work on /home/felipe/.local/lib/python3.11/site-packages/airflow/example_dags/example_kubernetes_executor.py
[2024-01-24T15:37:57.392-0300] {processor.py:829} INFO - Processing file /home/felipe/.local/lib/python3.11/site-packages/airflow/example_dags/example_kubernetes_executor.py for tasks to queue
[2024-01-24T15:37:57.393-0300] {logging_mixin.py:154} INFO - [2024-01-24T15:37:57.392-0300] {dagbag.py:536} INFO - Filling up the DagBag from /home/felipe/.local/lib/python3.11/site-packages/airflow/example_dags/example_kubernetes_executor.py
[2024-01-24T15:37:57.395-0300] {logging_mixin.py:154} INFO - [2024-01-24T15:37:57.395-0300] {example_kubernetes_executor.py:38} WARNING - The example_kubernetes_executor example DAG requires the kubernetes provider. Please install it with: pip install apache-airflow[cncf.kubernetes]
[2024-01-24T15:37:57.395-0300] {processor.py:841} WARNING - No viable dags retrieved from /home/felipe/.local/lib/python3.11/site-packages/airflow/example_dags/example_kubernetes_executor.py
[2024-01-24T15:37:57.401-0300] {processor.py:179} INFO - Processing /home/felipe/.local/lib/python3.11/site-packages/airflow/example_dags/example_kubernetes_executor.py took 0.012 seconds
[2024-01-24T15:40:14.681-0300] {processor.py:157} INFO - Started process (PID=19707) to work on /home/felipe/.local/lib/python3.11/site-packages/airflow/example_dags/example_kubernetes_executor.py
[2024-01-24T15:40:14.713-0300] {processor.py:829} INFO - Processing file /home/felipe/.local/lib/python3.11/site-packages/airflow/example_dags/example_kubernetes_executor.py for tasks to queue
[2024-01-24T15:40:14.713-0300] {logging_mixin.py:154} INFO - [2024-01-24T15:40:14.713-0300] {dagbag.py:536} INFO - Filling up the DagBag from /home/felipe/.local/lib/python3.11/site-packages/airflow/example_dags/example_kubernetes_executor.py
[2024-01-24T15:40:14.715-0300] {logging_mixin.py:154} INFO - [2024-01-24T15:40:14.715-0300] {example_kubernetes_executor.py:38} WARNING - The example_kubernetes_executor example DAG requires the kubernetes provider. Please install it with: pip install apache-airflow[cncf.kubernetes]
[2024-01-24T15:40:14.715-0300] {processor.py:841} WARNING - No viable dags retrieved from /home/felipe/.local/lib/python3.11/site-packages/airflow/example_dags/example_kubernetes_executor.py
[2024-01-24T15:40:14.721-0300] {processor.py:179} INFO - Processing /home/felipe/.local/lib/python3.11/site-packages/airflow/example_dags/example_kubernetes_executor.py took 0.043 seconds
[2024-01-24T15:41:44.733-0300] {processor.py:157} INFO - Started process (PID=20191) to work on /home/felipe/.local/lib/python3.11/site-packages/airflow/example_dags/example_kubernetes_executor.py
[2024-01-24T15:41:44.765-0300] {processor.py:829} INFO - Processing file /home/felipe/.local/lib/python3.11/site-packages/airflow/example_dags/example_kubernetes_executor.py for tasks to queue
[2024-01-24T15:41:44.766-0300] {logging_mixin.py:154} INFO - [2024-01-24T15:41:44.766-0300] {dagbag.py:536} INFO - Filling up the DagBag from /home/felipe/.local/lib/python3.11/site-packages/airflow/example_dags/example_kubernetes_executor.py
[2024-01-24T15:41:44.768-0300] {logging_mixin.py:154} INFO - [2024-01-24T15:41:44.768-0300] {example_kubernetes_executor.py:38} WARNING - The example_kubernetes_executor example DAG requires the kubernetes provider. Please install it with: pip install apache-airflow[cncf.kubernetes]
[2024-01-24T15:41:44.768-0300] {processor.py:841} WARNING - No viable dags retrieved from /home/felipe/.local/lib/python3.11/site-packages/airflow/example_dags/example_kubernetes_executor.py
[2024-01-24T15:41:44.776-0300] {processor.py:179} INFO - Processing /home/felipe/.local/lib/python3.11/site-packages/airflow/example_dags/example_kubernetes_executor.py took 0.045 seconds
[2024-01-24T15:42:43.261-0300] {processor.py:157} INFO - Started process (PID=20485) to work on /home/felipe/.local/lib/python3.11/site-packages/airflow/example_dags/example_kubernetes_executor.py
[2024-01-24T15:42:43.262-0300] {processor.py:829} INFO - Processing file /home/felipe/.local/lib/python3.11/site-packages/airflow/example_dags/example_kubernetes_executor.py for tasks to queue
[2024-01-24T15:42:43.262-0300] {logging_mixin.py:154} INFO - [2024-01-24T15:42:43.262-0300] {dagbag.py:536} INFO - Filling up the DagBag from /home/felipe/.local/lib/python3.11/site-packages/airflow/example_dags/example_kubernetes_executor.py
[2024-01-24T15:42:43.264-0300] {logging_mixin.py:154} INFO - [2024-01-24T15:42:43.264-0300] {example_kubernetes_executor.py:38} WARNING - The example_kubernetes_executor example DAG requires the kubernetes provider. Please install it with: pip install apache-airflow[cncf.kubernetes]
[2024-01-24T15:42:43.265-0300] {processor.py:841} WARNING - No viable dags retrieved from /home/felipe/.local/lib/python3.11/site-packages/airflow/example_dags/example_kubernetes_executor.py
[2024-01-24T15:42:43.271-0300] {processor.py:179} INFO - Processing /home/felipe/.local/lib/python3.11/site-packages/airflow/example_dags/example_kubernetes_executor.py took 0.012 seconds
[2024-01-24T15:43:37.931-0300] {processor.py:157} INFO - Started process (PID=20760) to work on /home/felipe/.local/lib/python3.11/site-packages/airflow/example_dags/example_kubernetes_executor.py
[2024-01-24T15:43:37.932-0300] {processor.py:829} INFO - Processing file /home/felipe/.local/lib/python3.11/site-packages/airflow/example_dags/example_kubernetes_executor.py for tasks to queue
[2024-01-24T15:43:37.932-0300] {logging_mixin.py:154} INFO - [2024-01-24T15:43:37.932-0300] {dagbag.py:536} INFO - Filling up the DagBag from /home/felipe/.local/lib/python3.11/site-packages/airflow/example_dags/example_kubernetes_executor.py
[2024-01-24T15:43:37.934-0300] {logging_mixin.py:154} INFO - [2024-01-24T15:43:37.934-0300] {example_kubernetes_executor.py:38} WARNING - The example_kubernetes_executor example DAG requires the kubernetes provider. Please install it with: pip install apache-airflow[cncf.kubernetes]
[2024-01-24T15:43:37.935-0300] {processor.py:841} WARNING - No viable dags retrieved from /home/felipe/.local/lib/python3.11/site-packages/airflow/example_dags/example_kubernetes_executor.py
[2024-01-24T15:43:37.941-0300] {processor.py:179} INFO - Processing /home/felipe/.local/lib/python3.11/site-packages/airflow/example_dags/example_kubernetes_executor.py took 0.012 seconds
[2024-01-24T15:44:49.506-0300] {processor.py:157} INFO - Started process (PID=21331) to work on /home/felipe/.local/lib/python3.11/site-packages/airflow/example_dags/example_kubernetes_executor.py
[2024-01-24T15:44:49.539-0300] {processor.py:829} INFO - Processing file /home/felipe/.local/lib/python3.11/site-packages/airflow/example_dags/example_kubernetes_executor.py for tasks to queue
[2024-01-24T15:44:49.539-0300] {logging_mixin.py:154} INFO - [2024-01-24T15:44:49.539-0300] {dagbag.py:536} INFO - Filling up the DagBag from /home/felipe/.local/lib/python3.11/site-packages/airflow/example_dags/example_kubernetes_executor.py
[2024-01-24T15:44:49.541-0300] {logging_mixin.py:154} INFO - [2024-01-24T15:44:49.541-0300] {example_kubernetes_executor.py:38} WARNING - The example_kubernetes_executor example DAG requires the kubernetes provider. Please install it with: pip install apache-airflow[cncf.kubernetes]
[2024-01-24T15:44:49.542-0300] {processor.py:841} WARNING - No viable dags retrieved from /home/felipe/.local/lib/python3.11/site-packages/airflow/example_dags/example_kubernetes_executor.py
[2024-01-24T15:44:49.548-0300] {processor.py:179} INFO - Processing /home/felipe/.local/lib/python3.11/site-packages/airflow/example_dags/example_kubernetes_executor.py took 0.044 seconds
[2024-01-24T15:49:35.118-0300] {processor.py:157} INFO - Started process (PID=22102) to work on /home/felipe/.local/lib/python3.11/site-packages/airflow/example_dags/example_kubernetes_executor.py
[2024-01-24T15:49:35.150-0300] {processor.py:829} INFO - Processing file /home/felipe/.local/lib/python3.11/site-packages/airflow/example_dags/example_kubernetes_executor.py for tasks to queue
[2024-01-24T15:49:35.151-0300] {logging_mixin.py:154} INFO - [2024-01-24T15:49:35.151-0300] {dagbag.py:536} INFO - Filling up the DagBag from /home/felipe/.local/lib/python3.11/site-packages/airflow/example_dags/example_kubernetes_executor.py
[2024-01-24T15:49:35.153-0300] {logging_mixin.py:154} INFO - [2024-01-24T15:49:35.153-0300] {example_kubernetes_executor.py:38} WARNING - The example_kubernetes_executor example DAG requires the kubernetes provider. Please install it with: pip install apache-airflow[cncf.kubernetes]
[2024-01-24T15:49:35.153-0300] {processor.py:841} WARNING - No viable dags retrieved from /home/felipe/.local/lib/python3.11/site-packages/airflow/example_dags/example_kubernetes_executor.py
[2024-01-24T15:49:35.159-0300] {processor.py:179} INFO - Processing /home/felipe/.local/lib/python3.11/site-packages/airflow/example_dags/example_kubernetes_executor.py took 0.043 seconds
[2024-01-24T15:50:22.551-0300] {processor.py:157} INFO - Started process (PID=22273) to work on /home/felipe/.local/lib/python3.11/site-packages/airflow/example_dags/example_kubernetes_executor.py
[2024-01-24T15:50:22.558-0300] {processor.py:829} INFO - Processing file /home/felipe/.local/lib/python3.11/site-packages/airflow/example_dags/example_kubernetes_executor.py for tasks to queue
[2024-01-24T15:50:22.559-0300] {logging_mixin.py:154} INFO - [2024-01-24T15:50:22.559-0300] {dagbag.py:536} INFO - Filling up the DagBag from /home/felipe/.local/lib/python3.11/site-packages/airflow/example_dags/example_kubernetes_executor.py
[2024-01-24T15:50:22.561-0300] {logging_mixin.py:154} INFO - [2024-01-24T15:50:22.561-0300] {example_kubernetes_executor.py:38} WARNING - The example_kubernetes_executor example DAG requires the kubernetes provider. Please install it with: pip install apache-airflow[cncf.kubernetes]
[2024-01-24T15:50:22.561-0300] {processor.py:841} WARNING - No viable dags retrieved from /home/felipe/.local/lib/python3.11/site-packages/airflow/example_dags/example_kubernetes_executor.py
[2024-01-24T15:50:22.568-0300] {processor.py:179} INFO - Processing /home/felipe/.local/lib/python3.11/site-packages/airflow/example_dags/example_kubernetes_executor.py took 0.018 seconds
[2024-01-24T15:51:25.207-0300] {processor.py:157} INFO - Started process (PID=22469) to work on /home/felipe/.local/lib/python3.11/site-packages/airflow/example_dags/example_kubernetes_executor.py
[2024-01-24T15:51:25.212-0300] {processor.py:829} INFO - Processing file /home/felipe/.local/lib/python3.11/site-packages/airflow/example_dags/example_kubernetes_executor.py for tasks to queue
[2024-01-24T15:51:25.213-0300] {logging_mixin.py:154} INFO - [2024-01-24T15:51:25.212-0300] {dagbag.py:536} INFO - Filling up the DagBag from /home/felipe/.local/lib/python3.11/site-packages/airflow/example_dags/example_kubernetes_executor.py
[2024-01-24T15:51:25.218-0300] {logging_mixin.py:154} INFO - [2024-01-24T15:51:25.218-0300] {example_kubernetes_executor.py:38} WARNING - The example_kubernetes_executor example DAG requires the kubernetes provider. Please install it with: pip install apache-airflow[cncf.kubernetes]
[2024-01-24T15:51:25.218-0300] {processor.py:841} WARNING - No viable dags retrieved from /home/felipe/.local/lib/python3.11/site-packages/airflow/example_dags/example_kubernetes_executor.py
[2024-01-24T15:51:25.225-0300] {processor.py:179} INFO - Processing /home/felipe/.local/lib/python3.11/site-packages/airflow/example_dags/example_kubernetes_executor.py took 0.020 seconds
[2024-01-24T15:52:30.861-0300] {processor.py:157} INFO - Started process (PID=22700) to work on /home/felipe/.local/lib/python3.11/site-packages/airflow/example_dags/example_kubernetes_executor.py
[2024-01-24T15:52:30.894-0300] {processor.py:829} INFO - Processing file /home/felipe/.local/lib/python3.11/site-packages/airflow/example_dags/example_kubernetes_executor.py for tasks to queue
[2024-01-24T15:52:30.894-0300] {logging_mixin.py:154} INFO - [2024-01-24T15:52:30.894-0300] {dagbag.py:536} INFO - Filling up the DagBag from /home/felipe/.local/lib/python3.11/site-packages/airflow/example_dags/example_kubernetes_executor.py
[2024-01-24T15:52:30.896-0300] {logging_mixin.py:154} INFO - [2024-01-24T15:52:30.896-0300] {example_kubernetes_executor.py:38} WARNING - The example_kubernetes_executor example DAG requires the kubernetes provider. Please install it with: pip install apache-airflow[cncf.kubernetes]
[2024-01-24T15:52:30.897-0300] {processor.py:841} WARNING - No viable dags retrieved from /home/felipe/.local/lib/python3.11/site-packages/airflow/example_dags/example_kubernetes_executor.py
[2024-01-24T15:52:30.903-0300] {processor.py:179} INFO - Processing /home/felipe/.local/lib/python3.11/site-packages/airflow/example_dags/example_kubernetes_executor.py took 0.044 seconds
[2024-01-24T15:53:24.380-0300] {processor.py:157} INFO - Started process (PID=22907) to work on /home/felipe/.local/lib/python3.11/site-packages/airflow/example_dags/example_kubernetes_executor.py
[2024-01-24T15:53:24.414-0300] {processor.py:829} INFO - Processing file /home/felipe/.local/lib/python3.11/site-packages/airflow/example_dags/example_kubernetes_executor.py for tasks to queue
[2024-01-24T15:53:24.415-0300] {logging_mixin.py:154} INFO - [2024-01-24T15:53:24.415-0300] {dagbag.py:536} INFO - Filling up the DagBag from /home/felipe/.local/lib/python3.11/site-packages/airflow/example_dags/example_kubernetes_executor.py
[2024-01-24T15:53:24.417-0300] {logging_mixin.py:154} INFO - [2024-01-24T15:53:24.417-0300] {example_kubernetes_executor.py:38} WARNING - The example_kubernetes_executor example DAG requires the kubernetes provider. Please install it with: pip install apache-airflow[cncf.kubernetes]
[2024-01-24T15:53:24.417-0300] {processor.py:841} WARNING - No viable dags retrieved from /home/felipe/.local/lib/python3.11/site-packages/airflow/example_dags/example_kubernetes_executor.py
[2024-01-24T15:53:24.424-0300] {processor.py:179} INFO - Processing /home/felipe/.local/lib/python3.11/site-packages/airflow/example_dags/example_kubernetes_executor.py took 0.046 seconds
[2024-01-24T15:54:44.989-0300] {processor.py:157} INFO - Started process (PID=23127) to work on /home/felipe/.local/lib/python3.11/site-packages/airflow/example_dags/example_kubernetes_executor.py
[2024-01-24T15:54:45.021-0300] {processor.py:829} INFO - Processing file /home/felipe/.local/lib/python3.11/site-packages/airflow/example_dags/example_kubernetes_executor.py for tasks to queue
[2024-01-24T15:54:45.021-0300] {logging_mixin.py:154} INFO - [2024-01-24T15:54:45.021-0300] {dagbag.py:536} INFO - Filling up the DagBag from /home/felipe/.local/lib/python3.11/site-packages/airflow/example_dags/example_kubernetes_executor.py
[2024-01-24T15:54:45.023-0300] {logging_mixin.py:154} INFO - [2024-01-24T15:54:45.023-0300] {example_kubernetes_executor.py:38} WARNING - The example_kubernetes_executor example DAG requires the kubernetes provider. Please install it with: pip install apache-airflow[cncf.kubernetes]
[2024-01-24T15:54:45.024-0300] {processor.py:841} WARNING - No viable dags retrieved from /home/felipe/.local/lib/python3.11/site-packages/airflow/example_dags/example_kubernetes_executor.py
[2024-01-24T15:54:45.030-0300] {processor.py:179} INFO - Processing /home/felipe/.local/lib/python3.11/site-packages/airflow/example_dags/example_kubernetes_executor.py took 0.043 seconds
[2024-01-24T15:56:06.011-0300] {processor.py:157} INFO - Started process (PID=23390) to work on /home/felipe/.local/lib/python3.11/site-packages/airflow/example_dags/example_kubernetes_executor.py
[2024-01-24T15:56:06.085-0300] {processor.py:829} INFO - Processing file /home/felipe/.local/lib/python3.11/site-packages/airflow/example_dags/example_kubernetes_executor.py for tasks to queue
[2024-01-24T15:56:06.086-0300] {logging_mixin.py:154} INFO - [2024-01-24T15:56:06.086-0300] {dagbag.py:536} INFO - Filling up the DagBag from /home/felipe/.local/lib/python3.11/site-packages/airflow/example_dags/example_kubernetes_executor.py
[2024-01-24T15:56:06.088-0300] {logging_mixin.py:154} INFO - [2024-01-24T15:56:06.088-0300] {example_kubernetes_executor.py:38} WARNING - The example_kubernetes_executor example DAG requires the kubernetes provider. Please install it with: pip install apache-airflow[cncf.kubernetes]
[2024-01-24T15:56:06.088-0300] {processor.py:841} WARNING - No viable dags retrieved from /home/felipe/.local/lib/python3.11/site-packages/airflow/example_dags/example_kubernetes_executor.py
[2024-01-24T15:56:06.095-0300] {processor.py:179} INFO - Processing /home/felipe/.local/lib/python3.11/site-packages/airflow/example_dags/example_kubernetes_executor.py took 0.086 seconds
[2024-01-24T15:56:54.755-0300] {processor.py:157} INFO - Started process (PID=23562) to work on /home/felipe/.local/lib/python3.11/site-packages/airflow/example_dags/example_kubernetes_executor.py
[2024-01-24T15:56:54.771-0300] {processor.py:829} INFO - Processing file /home/felipe/.local/lib/python3.11/site-packages/airflow/example_dags/example_kubernetes_executor.py for tasks to queue
[2024-01-24T15:56:54.772-0300] {logging_mixin.py:154} INFO - [2024-01-24T15:56:54.771-0300] {dagbag.py:536} INFO - Filling up the DagBag from /home/felipe/.local/lib/python3.11/site-packages/airflow/example_dags/example_kubernetes_executor.py
[2024-01-24T15:56:54.774-0300] {logging_mixin.py:154} INFO - [2024-01-24T15:56:54.773-0300] {example_kubernetes_executor.py:38} WARNING - The example_kubernetes_executor example DAG requires the kubernetes provider. Please install it with: pip install apache-airflow[cncf.kubernetes]
[2024-01-24T15:56:54.774-0300] {processor.py:841} WARNING - No viable dags retrieved from /home/felipe/.local/lib/python3.11/site-packages/airflow/example_dags/example_kubernetes_executor.py
[2024-01-24T15:56:54.780-0300] {processor.py:179} INFO - Processing /home/felipe/.local/lib/python3.11/site-packages/airflow/example_dags/example_kubernetes_executor.py took 0.027 seconds
[2024-01-24T15:57:55.246-0300] {processor.py:157} INFO - Started process (PID=23849) to work on /home/felipe/.local/lib/python3.11/site-packages/airflow/example_dags/example_kubernetes_executor.py
[2024-01-24T15:57:55.278-0300] {processor.py:829} INFO - Processing file /home/felipe/.local/lib/python3.11/site-packages/airflow/example_dags/example_kubernetes_executor.py for tasks to queue
[2024-01-24T15:57:55.279-0300] {logging_mixin.py:154} INFO - [2024-01-24T15:57:55.278-0300] {dagbag.py:536} INFO - Filling up the DagBag from /home/felipe/.local/lib/python3.11/site-packages/airflow/example_dags/example_kubernetes_executor.py
[2024-01-24T15:57:55.281-0300] {logging_mixin.py:154} INFO - [2024-01-24T15:57:55.280-0300] {example_kubernetes_executor.py:38} WARNING - The example_kubernetes_executor example DAG requires the kubernetes provider. Please install it with: pip install apache-airflow[cncf.kubernetes]
[2024-01-24T15:57:55.281-0300] {processor.py:841} WARNING - No viable dags retrieved from /home/felipe/.local/lib/python3.11/site-packages/airflow/example_dags/example_kubernetes_executor.py
[2024-01-24T15:57:55.287-0300] {processor.py:179} INFO - Processing /home/felipe/.local/lib/python3.11/site-packages/airflow/example_dags/example_kubernetes_executor.py took 0.044 seconds
[2024-01-24T15:59:00.376-0300] {processor.py:157} INFO - Started process (PID=24041) to work on /home/felipe/.local/lib/python3.11/site-packages/airflow/example_dags/example_kubernetes_executor.py
[2024-01-24T15:59:00.446-0300] {processor.py:829} INFO - Processing file /home/felipe/.local/lib/python3.11/site-packages/airflow/example_dags/example_kubernetes_executor.py for tasks to queue
[2024-01-24T15:59:00.446-0300] {logging_mixin.py:154} INFO - [2024-01-24T15:59:00.446-0300] {dagbag.py:536} INFO - Filling up the DagBag from /home/felipe/.local/lib/python3.11/site-packages/airflow/example_dags/example_kubernetes_executor.py
[2024-01-24T15:59:00.449-0300] {logging_mixin.py:154} INFO - [2024-01-24T15:59:00.448-0300] {example_kubernetes_executor.py:38} WARNING - The example_kubernetes_executor example DAG requires the kubernetes provider. Please install it with: pip install apache-airflow[cncf.kubernetes]
[2024-01-24T15:59:00.449-0300] {processor.py:841} WARNING - No viable dags retrieved from /home/felipe/.local/lib/python3.11/site-packages/airflow/example_dags/example_kubernetes_executor.py
[2024-01-24T15:59:00.455-0300] {processor.py:179} INFO - Processing /home/felipe/.local/lib/python3.11/site-packages/airflow/example_dags/example_kubernetes_executor.py took 0.080 seconds
