[2024-01-24T15:38:00.257-0300] {processor.py:157} INFO - Started process (PID=19337) to work on /home/felipe/.local/lib/python3.11/site-packages/airflow/example_dags/example_setup_teardown.py
[2024-01-24T15:38:00.257-0300] {processor.py:829} INFO - Processing file /home/felipe/.local/lib/python3.11/site-packages/airflow/example_dags/example_setup_teardown.py for tasks to queue
[2024-01-24T15:38:00.258-0300] {logging_mixin.py:154} INFO - [2024-01-24T15:38:00.258-0300] {dagbag.py:536} INFO - Filling up the DagBag from /home/felipe/.local/lib/python3.11/site-packages/airflow/example_dags/example_setup_teardown.py
[2024-01-24T15:38:00.263-0300] {processor.py:839} INFO - DAG(s) dict_keys(['example_setup_teardown']) retrieved from /home/felipe/.local/lib/python3.11/site-packages/airflow/example_dags/example_setup_teardown.py
[2024-01-24T15:38:00.273-0300] {logging_mixin.py:154} INFO - [2024-01-24T15:38:00.273-0300] {dag.py:2941} INFO - Sync 1 DAGs
[2024-01-24T15:38:00.288-0300] {logging_mixin.py:154} INFO - [2024-01-24T15:38:00.288-0300] {dag.py:3722} INFO - Setting next_dagrun for example_setup_teardown to 2024-01-23T18:38:00.288236+00:00, run_after=2024-01-24T18:38:00.288236+00:00
[2024-01-24T15:38:00.339-0300] {processor.py:179} INFO - Processing /home/felipe/.local/lib/python3.11/site-packages/airflow/example_dags/example_setup_teardown.py took 0.083 seconds
[2024-01-24T15:40:18.068-0300] {processor.py:157} INFO - Started process (PID=19710) to work on /home/felipe/.local/lib/python3.11/site-packages/airflow/example_dags/example_setup_teardown.py
[2024-01-24T15:40:18.100-0300] {processor.py:829} INFO - Processing file /home/felipe/.local/lib/python3.11/site-packages/airflow/example_dags/example_setup_teardown.py for tasks to queue
[2024-01-24T15:40:18.101-0300] {logging_mixin.py:154} INFO - [2024-01-24T15:40:18.101-0300] {dagbag.py:536} INFO - Filling up the DagBag from /home/felipe/.local/lib/python3.11/site-packages/airflow/example_dags/example_setup_teardown.py
[2024-01-24T15:40:18.106-0300] {processor.py:839} INFO - DAG(s) dict_keys(['example_setup_teardown']) retrieved from /home/felipe/.local/lib/python3.11/site-packages/airflow/example_dags/example_setup_teardown.py
[2024-01-24T15:40:18.115-0300] {logging_mixin.py:154} INFO - [2024-01-24T15:40:18.114-0300] {dag.py:2941} INFO - Sync 1 DAGs
[2024-01-24T15:40:18.125-0300] {logging_mixin.py:154} INFO - [2024-01-24T15:40:18.125-0300] {dag.py:3722} INFO - Setting next_dagrun for example_setup_teardown to 2024-01-23T18:40:18.125479+00:00, run_after=2024-01-24T18:40:18.125479+00:00
[2024-01-24T15:40:18.136-0300] {processor.py:179} INFO - Processing /home/felipe/.local/lib/python3.11/site-packages/airflow/example_dags/example_setup_teardown.py took 0.071 seconds
[2024-01-24T15:41:47.607-0300] {processor.py:157} INFO - Started process (PID=20196) to work on /home/felipe/.local/lib/python3.11/site-packages/airflow/example_dags/example_setup_teardown.py
[2024-01-24T15:41:47.640-0300] {processor.py:829} INFO - Processing file /home/felipe/.local/lib/python3.11/site-packages/airflow/example_dags/example_setup_teardown.py for tasks to queue
[2024-01-24T15:41:47.641-0300] {logging_mixin.py:154} INFO - [2024-01-24T15:41:47.640-0300] {dagbag.py:536} INFO - Filling up the DagBag from /home/felipe/.local/lib/python3.11/site-packages/airflow/example_dags/example_setup_teardown.py
[2024-01-24T15:41:47.646-0300] {processor.py:839} INFO - DAG(s) dict_keys(['example_setup_teardown']) retrieved from /home/felipe/.local/lib/python3.11/site-packages/airflow/example_dags/example_setup_teardown.py
[2024-01-24T15:41:47.655-0300] {logging_mixin.py:154} INFO - [2024-01-24T15:41:47.655-0300] {dag.py:2941} INFO - Sync 1 DAGs
[2024-01-24T15:41:47.665-0300] {logging_mixin.py:154} INFO - [2024-01-24T15:41:47.665-0300] {dag.py:3722} INFO - Setting next_dagrun for example_setup_teardown to 2024-01-23T18:41:47.665637+00:00, run_after=2024-01-24T18:41:47.665637+00:00
[2024-01-24T15:41:47.683-0300] {processor.py:179} INFO - Processing /home/felipe/.local/lib/python3.11/site-packages/airflow/example_dags/example_setup_teardown.py took 0.078 seconds
[2024-01-24T15:42:46.659-0300] {processor.py:157} INFO - Started process (PID=20489) to work on /home/felipe/.local/lib/python3.11/site-packages/airflow/example_dags/example_setup_teardown.py
[2024-01-24T15:42:46.691-0300] {processor.py:829} INFO - Processing file /home/felipe/.local/lib/python3.11/site-packages/airflow/example_dags/example_setup_teardown.py for tasks to queue
[2024-01-24T15:42:46.692-0300] {logging_mixin.py:154} INFO - [2024-01-24T15:42:46.692-0300] {dagbag.py:536} INFO - Filling up the DagBag from /home/felipe/.local/lib/python3.11/site-packages/airflow/example_dags/example_setup_teardown.py
[2024-01-24T15:42:46.697-0300] {processor.py:839} INFO - DAG(s) dict_keys(['example_setup_teardown']) retrieved from /home/felipe/.local/lib/python3.11/site-packages/airflow/example_dags/example_setup_teardown.py
[2024-01-24T15:42:46.707-0300] {logging_mixin.py:154} INFO - [2024-01-24T15:42:46.707-0300] {dag.py:2941} INFO - Sync 1 DAGs
[2024-01-24T15:42:46.718-0300] {logging_mixin.py:154} INFO - [2024-01-24T15:42:46.718-0300] {dag.py:3722} INFO - Setting next_dagrun for example_setup_teardown to 2024-01-23T18:42:46.717916+00:00, run_after=2024-01-24T18:42:46.717916+00:00
[2024-01-24T15:42:46.737-0300] {processor.py:179} INFO - Processing /home/felipe/.local/lib/python3.11/site-packages/airflow/example_dags/example_setup_teardown.py took 0.079 seconds
[2024-01-24T15:43:40.800-0300] {processor.py:157} INFO - Started process (PID=20857) to work on /home/felipe/.local/lib/python3.11/site-packages/airflow/example_dags/example_setup_teardown.py
[2024-01-24T15:43:40.801-0300] {processor.py:829} INFO - Processing file /home/felipe/.local/lib/python3.11/site-packages/airflow/example_dags/example_setup_teardown.py for tasks to queue
[2024-01-24T15:43:40.801-0300] {logging_mixin.py:154} INFO - [2024-01-24T15:43:40.801-0300] {dagbag.py:536} INFO - Filling up the DagBag from /home/felipe/.local/lib/python3.11/site-packages/airflow/example_dags/example_setup_teardown.py
[2024-01-24T15:43:40.806-0300] {processor.py:839} INFO - DAG(s) dict_keys(['example_setup_teardown']) retrieved from /home/felipe/.local/lib/python3.11/site-packages/airflow/example_dags/example_setup_teardown.py
[2024-01-24T15:43:40.816-0300] {logging_mixin.py:154} INFO - [2024-01-24T15:43:40.816-0300] {dag.py:2941} INFO - Sync 1 DAGs
[2024-01-24T15:43:40.826-0300] {logging_mixin.py:154} INFO - [2024-01-24T15:43:40.826-0300] {dag.py:3722} INFO - Setting next_dagrun for example_setup_teardown to 2024-01-23T18:43:40.826650+00:00, run_after=2024-01-24T18:43:40.826650+00:00
[2024-01-24T15:43:40.837-0300] {processor.py:179} INFO - Processing /home/felipe/.local/lib/python3.11/site-packages/airflow/example_dags/example_setup_teardown.py took 0.039 seconds
[2024-01-24T15:44:51.922-0300] {processor.py:157} INFO - Started process (PID=21335) to work on /home/felipe/.local/lib/python3.11/site-packages/airflow/example_dags/example_setup_teardown.py
[2024-01-24T15:44:51.923-0300] {processor.py:829} INFO - Processing file /home/felipe/.local/lib/python3.11/site-packages/airflow/example_dags/example_setup_teardown.py for tasks to queue
[2024-01-24T15:44:51.923-0300] {logging_mixin.py:154} INFO - [2024-01-24T15:44:51.923-0300] {dagbag.py:536} INFO - Filling up the DagBag from /home/felipe/.local/lib/python3.11/site-packages/airflow/example_dags/example_setup_teardown.py
[2024-01-24T15:44:51.928-0300] {processor.py:839} INFO - DAG(s) dict_keys(['example_setup_teardown']) retrieved from /home/felipe/.local/lib/python3.11/site-packages/airflow/example_dags/example_setup_teardown.py
[2024-01-24T15:44:51.938-0300] {logging_mixin.py:154} INFO - [2024-01-24T15:44:51.937-0300] {dag.py:2941} INFO - Sync 1 DAGs
[2024-01-24T15:44:51.948-0300] {logging_mixin.py:154} INFO - [2024-01-24T15:44:51.948-0300] {dag.py:3722} INFO - Setting next_dagrun for example_setup_teardown to 2024-01-23T18:44:51.948526+00:00, run_after=2024-01-24T18:44:51.948526+00:00
[2024-01-24T15:44:51.959-0300] {processor.py:179} INFO - Processing /home/felipe/.local/lib/python3.11/site-packages/airflow/example_dags/example_setup_teardown.py took 0.039 seconds
[2024-01-24T15:49:37.369-0300] {processor.py:157} INFO - Started process (PID=22108) to work on /home/felipe/.local/lib/python3.11/site-packages/airflow/example_dags/example_setup_teardown.py
[2024-01-24T15:49:37.401-0300] {processor.py:829} INFO - Processing file /home/felipe/.local/lib/python3.11/site-packages/airflow/example_dags/example_setup_teardown.py for tasks to queue
[2024-01-24T15:49:37.402-0300] {logging_mixin.py:154} INFO - [2024-01-24T15:49:37.402-0300] {dagbag.py:536} INFO - Filling up the DagBag from /home/felipe/.local/lib/python3.11/site-packages/airflow/example_dags/example_setup_teardown.py
[2024-01-24T15:49:37.407-0300] {processor.py:839} INFO - DAG(s) dict_keys(['example_setup_teardown']) retrieved from /home/felipe/.local/lib/python3.11/site-packages/airflow/example_dags/example_setup_teardown.py
[2024-01-24T15:49:37.416-0300] {logging_mixin.py:154} INFO - [2024-01-24T15:49:37.416-0300] {dag.py:2941} INFO - Sync 1 DAGs
[2024-01-24T15:49:37.429-0300] {logging_mixin.py:154} INFO - [2024-01-24T15:49:37.429-0300] {dag.py:3722} INFO - Setting next_dagrun for example_setup_teardown to 2024-01-23T18:49:37.429161+00:00, run_after=2024-01-24T18:49:37.429161+00:00
[2024-01-24T15:49:37.447-0300] {processor.py:179} INFO - Processing /home/felipe/.local/lib/python3.11/site-packages/airflow/example_dags/example_setup_teardown.py took 0.080 seconds
[2024-01-24T15:50:38.322-0300] {processor.py:157} INFO - Started process (PID=22336) to work on /home/felipe/.local/lib/python3.11/site-packages/airflow/example_dags/example_setup_teardown.py
[2024-01-24T15:50:38.354-0300] {processor.py:829} INFO - Processing file /home/felipe/.local/lib/python3.11/site-packages/airflow/example_dags/example_setup_teardown.py for tasks to queue
[2024-01-24T15:50:38.355-0300] {logging_mixin.py:154} INFO - [2024-01-24T15:50:38.355-0300] {dagbag.py:536} INFO - Filling up the DagBag from /home/felipe/.local/lib/python3.11/site-packages/airflow/example_dags/example_setup_teardown.py
[2024-01-24T15:50:38.360-0300] {processor.py:839} INFO - DAG(s) dict_keys(['example_setup_teardown']) retrieved from /home/felipe/.local/lib/python3.11/site-packages/airflow/example_dags/example_setup_teardown.py
[2024-01-24T15:50:38.370-0300] {logging_mixin.py:154} INFO - [2024-01-24T15:50:38.370-0300] {dag.py:2941} INFO - Sync 1 DAGs
[2024-01-24T15:50:38.380-0300] {logging_mixin.py:154} INFO - [2024-01-24T15:50:38.380-0300] {dag.py:3722} INFO - Setting next_dagrun for example_setup_teardown to 2024-01-23T18:50:38.380702+00:00, run_after=2024-01-24T18:50:38.380702+00:00
[2024-01-24T15:50:38.399-0300] {processor.py:179} INFO - Processing /home/felipe/.local/lib/python3.11/site-packages/airflow/example_dags/example_setup_teardown.py took 0.079 seconds
[2024-01-24T15:51:27.727-0300] {processor.py:157} INFO - Started process (PID=22475) to work on /home/felipe/.local/lib/python3.11/site-packages/airflow/example_dags/example_setup_teardown.py
[2024-01-24T15:51:27.775-0300] {processor.py:829} INFO - Processing file /home/felipe/.local/lib/python3.11/site-packages/airflow/example_dags/example_setup_teardown.py for tasks to queue
[2024-01-24T15:51:27.775-0300] {logging_mixin.py:154} INFO - [2024-01-24T15:51:27.775-0300] {dagbag.py:536} INFO - Filling up the DagBag from /home/felipe/.local/lib/python3.11/site-packages/airflow/example_dags/example_setup_teardown.py
[2024-01-24T15:51:27.780-0300] {processor.py:839} INFO - DAG(s) dict_keys(['example_setup_teardown']) retrieved from /home/felipe/.local/lib/python3.11/site-packages/airflow/example_dags/example_setup_teardown.py
[2024-01-24T15:51:27.790-0300] {logging_mixin.py:154} INFO - [2024-01-24T15:51:27.790-0300] {dag.py:2941} INFO - Sync 1 DAGs
[2024-01-24T15:51:27.800-0300] {logging_mixin.py:154} INFO - [2024-01-24T15:51:27.800-0300] {dag.py:3722} INFO - Setting next_dagrun for example_setup_teardown to 2024-01-23T18:51:27.800481+00:00, run_after=2024-01-24T18:51:27.800481+00:00
[2024-01-24T15:51:27.816-0300] {processor.py:179} INFO - Processing /home/felipe/.local/lib/python3.11/site-packages/airflow/example_dags/example_setup_teardown.py took 0.091 seconds
[2024-01-24T15:52:33.425-0300] {processor.py:157} INFO - Started process (PID=22705) to work on /home/felipe/.local/lib/python3.11/site-packages/airflow/example_dags/example_setup_teardown.py
[2024-01-24T15:52:33.426-0300] {processor.py:829} INFO - Processing file /home/felipe/.local/lib/python3.11/site-packages/airflow/example_dags/example_setup_teardown.py for tasks to queue
[2024-01-24T15:52:33.426-0300] {logging_mixin.py:154} INFO - [2024-01-24T15:52:33.426-0300] {dagbag.py:536} INFO - Filling up the DagBag from /home/felipe/.local/lib/python3.11/site-packages/airflow/example_dags/example_setup_teardown.py
[2024-01-24T15:52:33.431-0300] {processor.py:839} INFO - DAG(s) dict_keys(['example_setup_teardown']) retrieved from /home/felipe/.local/lib/python3.11/site-packages/airflow/example_dags/example_setup_teardown.py
[2024-01-24T15:52:33.441-0300] {logging_mixin.py:154} INFO - [2024-01-24T15:52:33.441-0300] {dag.py:2941} INFO - Sync 1 DAGs
[2024-01-24T15:52:33.451-0300] {logging_mixin.py:154} INFO - [2024-01-24T15:52:33.451-0300] {dag.py:3722} INFO - Setting next_dagrun for example_setup_teardown to 2024-01-23T18:52:33.451382+00:00, run_after=2024-01-24T18:52:33.451382+00:00
[2024-01-24T15:52:33.498-0300] {processor.py:179} INFO - Processing /home/felipe/.local/lib/python3.11/site-packages/airflow/example_dags/example_setup_teardown.py took 0.075 seconds
[2024-01-24T15:53:27.773-0300] {processor.py:157} INFO - Started process (PID=22914) to work on /home/felipe/.local/lib/python3.11/site-packages/airflow/example_dags/example_setup_teardown.py
[2024-01-24T15:53:27.805-0300] {processor.py:829} INFO - Processing file /home/felipe/.local/lib/python3.11/site-packages/airflow/example_dags/example_setup_teardown.py for tasks to queue
[2024-01-24T15:53:27.806-0300] {logging_mixin.py:154} INFO - [2024-01-24T15:53:27.806-0300] {dagbag.py:536} INFO - Filling up the DagBag from /home/felipe/.local/lib/python3.11/site-packages/airflow/example_dags/example_setup_teardown.py
[2024-01-24T15:53:27.811-0300] {processor.py:839} INFO - DAG(s) dict_keys(['example_setup_teardown']) retrieved from /home/felipe/.local/lib/python3.11/site-packages/airflow/example_dags/example_setup_teardown.py
[2024-01-24T15:53:27.821-0300] {logging_mixin.py:154} INFO - [2024-01-24T15:53:27.821-0300] {dag.py:2941} INFO - Sync 1 DAGs
[2024-01-24T15:53:27.831-0300] {logging_mixin.py:154} INFO - [2024-01-24T15:53:27.830-0300] {dag.py:3722} INFO - Setting next_dagrun for example_setup_teardown to 2024-01-23T18:53:27.830821+00:00, run_after=2024-01-24T18:53:27.830821+00:00
[2024-01-24T15:53:27.849-0300] {processor.py:179} INFO - Processing /home/felipe/.local/lib/python3.11/site-packages/airflow/example_dags/example_setup_teardown.py took 0.077 seconds
[2024-01-24T15:54:46.784-0300] {processor.py:157} INFO - Started process (PID=23131) to work on /home/felipe/.local/lib/python3.11/site-packages/airflow/example_dags/example_setup_teardown.py
[2024-01-24T15:54:46.785-0300] {processor.py:829} INFO - Processing file /home/felipe/.local/lib/python3.11/site-packages/airflow/example_dags/example_setup_teardown.py for tasks to queue
[2024-01-24T15:54:46.785-0300] {logging_mixin.py:154} INFO - [2024-01-24T15:54:46.785-0300] {dagbag.py:536} INFO - Filling up the DagBag from /home/felipe/.local/lib/python3.11/site-packages/airflow/example_dags/example_setup_teardown.py
[2024-01-24T15:54:46.790-0300] {processor.py:839} INFO - DAG(s) dict_keys(['example_setup_teardown']) retrieved from /home/felipe/.local/lib/python3.11/site-packages/airflow/example_dags/example_setup_teardown.py
[2024-01-24T15:54:46.799-0300] {logging_mixin.py:154} INFO - [2024-01-24T15:54:46.799-0300] {dag.py:2941} INFO - Sync 1 DAGs
[2024-01-24T15:54:46.809-0300] {logging_mixin.py:154} INFO - [2024-01-24T15:54:46.809-0300] {dag.py:3722} INFO - Setting next_dagrun for example_setup_teardown to 2024-01-23T18:54:46.809747+00:00, run_after=2024-01-24T18:54:46.809747+00:00
[2024-01-24T15:54:46.820-0300] {processor.py:179} INFO - Processing /home/felipe/.local/lib/python3.11/site-packages/airflow/example_dags/example_setup_teardown.py took 0.038 seconds
[2024-01-24T15:56:08.750-0300] {processor.py:157} INFO - Started process (PID=23393) to work on /home/felipe/.local/lib/python3.11/site-packages/airflow/example_dags/example_setup_teardown.py
[2024-01-24T15:56:08.821-0300] {processor.py:829} INFO - Processing file /home/felipe/.local/lib/python3.11/site-packages/airflow/example_dags/example_setup_teardown.py for tasks to queue
[2024-01-24T15:56:08.822-0300] {logging_mixin.py:154} INFO - [2024-01-24T15:56:08.822-0300] {dagbag.py:536} INFO - Filling up the DagBag from /home/felipe/.local/lib/python3.11/site-packages/airflow/example_dags/example_setup_teardown.py
[2024-01-24T15:56:08.828-0300] {processor.py:839} INFO - DAG(s) dict_keys(['example_setup_teardown']) retrieved from /home/felipe/.local/lib/python3.11/site-packages/airflow/example_dags/example_setup_teardown.py
[2024-01-24T15:56:08.838-0300] {logging_mixin.py:154} INFO - [2024-01-24T15:56:08.838-0300] {dag.py:2941} INFO - Sync 1 DAGs
[2024-01-24T15:56:08.848-0300] {logging_mixin.py:154} INFO - [2024-01-24T15:56:08.848-0300] {dag.py:3722} INFO - Setting next_dagrun for example_setup_teardown to 2024-01-23T18:56:08.848541+00:00, run_after=2024-01-24T18:56:08.848541+00:00
[2024-01-24T15:56:08.867-0300] {processor.py:179} INFO - Processing /home/felipe/.local/lib/python3.11/site-packages/airflow/example_dags/example_setup_teardown.py took 0.119 seconds
[2024-01-24T15:56:57.941-0300] {processor.py:157} INFO - Started process (PID=23566) to work on /home/felipe/.local/lib/python3.11/site-packages/airflow/example_dags/example_setup_teardown.py
[2024-01-24T15:56:57.941-0300] {processor.py:829} INFO - Processing file /home/felipe/.local/lib/python3.11/site-packages/airflow/example_dags/example_setup_teardown.py for tasks to queue
[2024-01-24T15:56:57.942-0300] {logging_mixin.py:154} INFO - [2024-01-24T15:56:57.942-0300] {dagbag.py:536} INFO - Filling up the DagBag from /home/felipe/.local/lib/python3.11/site-packages/airflow/example_dags/example_setup_teardown.py
[2024-01-24T15:56:57.946-0300] {processor.py:839} INFO - DAG(s) dict_keys(['example_setup_teardown']) retrieved from /home/felipe/.local/lib/python3.11/site-packages/airflow/example_dags/example_setup_teardown.py
[2024-01-24T15:56:57.956-0300] {logging_mixin.py:154} INFO - [2024-01-24T15:56:57.955-0300] {dag.py:2941} INFO - Sync 1 DAGs
[2024-01-24T15:56:57.965-0300] {logging_mixin.py:154} INFO - [2024-01-24T15:56:57.965-0300] {dag.py:3722} INFO - Setting next_dagrun for example_setup_teardown to 2024-01-23T18:56:57.965694+00:00, run_after=2024-01-24T18:56:57.965694+00:00
[2024-01-24T15:56:57.985-0300] {processor.py:179} INFO - Processing /home/felipe/.local/lib/python3.11/site-packages/airflow/example_dags/example_setup_teardown.py took 0.046 seconds
[2024-01-24T15:57:57.668-0300] {processor.py:157} INFO - Started process (PID=23855) to work on /home/felipe/.local/lib/python3.11/site-packages/airflow/example_dags/example_setup_teardown.py
[2024-01-24T15:57:57.699-0300] {processor.py:829} INFO - Processing file /home/felipe/.local/lib/python3.11/site-packages/airflow/example_dags/example_setup_teardown.py for tasks to queue
[2024-01-24T15:57:57.699-0300] {logging_mixin.py:154} INFO - [2024-01-24T15:57:57.699-0300] {dagbag.py:536} INFO - Filling up the DagBag from /home/felipe/.local/lib/python3.11/site-packages/airflow/example_dags/example_setup_teardown.py
[2024-01-24T15:57:57.704-0300] {processor.py:839} INFO - DAG(s) dict_keys(['example_setup_teardown']) retrieved from /home/felipe/.local/lib/python3.11/site-packages/airflow/example_dags/example_setup_teardown.py
[2024-01-24T15:57:57.714-0300] {logging_mixin.py:154} INFO - [2024-01-24T15:57:57.714-0300] {dag.py:2941} INFO - Sync 1 DAGs
[2024-01-24T15:57:57.725-0300] {logging_mixin.py:154} INFO - [2024-01-24T15:57:57.725-0300] {dag.py:3722} INFO - Setting next_dagrun for example_setup_teardown to 2024-01-23T18:57:57.725685+00:00, run_after=2024-01-24T18:57:57.725685+00:00
[2024-01-24T15:57:57.736-0300] {processor.py:179} INFO - Processing /home/felipe/.local/lib/python3.11/site-packages/airflow/example_dags/example_setup_teardown.py took 0.070 seconds
[2024-01-24T15:59:03.777-0300] {processor.py:157} INFO - Started process (PID=24064) to work on /home/felipe/.local/lib/python3.11/site-packages/airflow/example_dags/example_setup_teardown.py
[2024-01-24T15:59:03.778-0300] {processor.py:829} INFO - Processing file /home/felipe/.local/lib/python3.11/site-packages/airflow/example_dags/example_setup_teardown.py for tasks to queue
[2024-01-24T15:59:03.778-0300] {logging_mixin.py:154} INFO - [2024-01-24T15:59:03.778-0300] {dagbag.py:536} INFO - Filling up the DagBag from /home/felipe/.local/lib/python3.11/site-packages/airflow/example_dags/example_setup_teardown.py
[2024-01-24T15:59:03.783-0300] {processor.py:839} INFO - DAG(s) dict_keys(['example_setup_teardown']) retrieved from /home/felipe/.local/lib/python3.11/site-packages/airflow/example_dags/example_setup_teardown.py
[2024-01-24T15:59:03.793-0300] {logging_mixin.py:154} INFO - [2024-01-24T15:59:03.793-0300] {dag.py:2941} INFO - Sync 1 DAGs
[2024-01-24T15:59:03.804-0300] {logging_mixin.py:154} INFO - [2024-01-24T15:59:03.803-0300] {dag.py:3722} INFO - Setting next_dagrun for example_setup_teardown to 2024-01-23T18:59:03.803851+00:00, run_after=2024-01-24T18:59:03.803851+00:00
[2024-01-24T15:59:03.813-0300] {processor.py:179} INFO - Processing /home/felipe/.local/lib/python3.11/site-packages/airflow/example_dags/example_setup_teardown.py took 0.038 seconds
