[2024-01-24T15:38:06.557-0300] {processor.py:157} INFO - Started process (PID=19349) to work on /home/felipe/.local/lib/python3.11/site-packages/airflow/example_dags/example_branch_python_dop_operator_3.py
[2024-01-24T15:38:06.558-0300] {processor.py:829} INFO - Processing file /home/felipe/.local/lib/python3.11/site-packages/airflow/example_dags/example_branch_python_dop_operator_3.py for tasks to queue
[2024-01-24T15:38:06.558-0300] {logging_mixin.py:154} INFO - [2024-01-24T15:38:06.558-0300] {dagbag.py:536} INFO - Filling up the DagBag from /home/felipe/.local/lib/python3.11/site-packages/airflow/example_dags/example_branch_python_dop_operator_3.py
[2024-01-24T15:38:06.563-0300] {processor.py:839} INFO - DAG(s) dict_keys(['example_branch_dop_operator_v3']) retrieved from /home/felipe/.local/lib/python3.11/site-packages/airflow/example_dags/example_branch_python_dop_operator_3.py
[2024-01-24T15:38:06.573-0300] {logging_mixin.py:154} INFO - [2024-01-24T15:38:06.573-0300] {dag.py:2941} INFO - Sync 1 DAGs
[2024-01-24T15:38:06.587-0300] {logging_mixin.py:154} INFO - [2024-01-24T15:38:06.587-0300] {dag.py:3722} INFO - Setting next_dagrun for example_branch_dop_operator_v3 to 2024-01-24T18:37:00+00:00, run_after=2024-01-24T18:38:00+00:00
[2024-01-24T15:38:06.629-0300] {processor.py:179} INFO - Processing /home/felipe/.local/lib/python3.11/site-packages/airflow/example_dags/example_branch_python_dop_operator_3.py took 0.074 seconds
[2024-01-24T15:40:40.544-0300] {processor.py:157} INFO - Started process (PID=19913) to work on /home/felipe/.local/lib/python3.11/site-packages/airflow/example_dags/example_branch_python_dop_operator_3.py
[2024-01-24T15:40:40.545-0300] {processor.py:829} INFO - Processing file /home/felipe/.local/lib/python3.11/site-packages/airflow/example_dags/example_branch_python_dop_operator_3.py for tasks to queue
[2024-01-24T15:40:40.545-0300] {logging_mixin.py:154} INFO - [2024-01-24T15:40:40.545-0300] {dagbag.py:536} INFO - Filling up the DagBag from /home/felipe/.local/lib/python3.11/site-packages/airflow/example_dags/example_branch_python_dop_operator_3.py
[2024-01-24T15:40:40.550-0300] {processor.py:839} INFO - DAG(s) dict_keys(['example_branch_dop_operator_v3']) retrieved from /home/felipe/.local/lib/python3.11/site-packages/airflow/example_dags/example_branch_python_dop_operator_3.py
[2024-01-24T15:40:40.560-0300] {logging_mixin.py:154} INFO - [2024-01-24T15:40:40.560-0300] {dag.py:2941} INFO - Sync 1 DAGs
[2024-01-24T15:40:40.574-0300] {logging_mixin.py:154} INFO - [2024-01-24T15:40:40.573-0300] {dag.py:3722} INFO - Setting next_dagrun for example_branch_dop_operator_v3 to 2024-01-24T18:39:00+00:00, run_after=2024-01-24T18:40:00+00:00
[2024-01-24T15:40:40.584-0300] {processor.py:179} INFO - Processing /home/felipe/.local/lib/python3.11/site-packages/airflow/example_dags/example_branch_python_dop_operator_3.py took 0.042 seconds
[2024-01-24T15:42:05.157-0300] {processor.py:157} INFO - Started process (PID=20299) to work on /home/felipe/.local/lib/python3.11/site-packages/airflow/example_dags/example_branch_python_dop_operator_3.py
[2024-01-24T15:42:05.158-0300] {processor.py:829} INFO - Processing file /home/felipe/.local/lib/python3.11/site-packages/airflow/example_dags/example_branch_python_dop_operator_3.py for tasks to queue
[2024-01-24T15:42:05.158-0300] {logging_mixin.py:154} INFO - [2024-01-24T15:42:05.158-0300] {dagbag.py:536} INFO - Filling up the DagBag from /home/felipe/.local/lib/python3.11/site-packages/airflow/example_dags/example_branch_python_dop_operator_3.py
[2024-01-24T15:42:05.164-0300] {processor.py:839} INFO - DAG(s) dict_keys(['example_branch_dop_operator_v3']) retrieved from /home/felipe/.local/lib/python3.11/site-packages/airflow/example_dags/example_branch_python_dop_operator_3.py
[2024-01-24T15:42:05.174-0300] {logging_mixin.py:154} INFO - [2024-01-24T15:42:05.174-0300] {dag.py:2941} INFO - Sync 1 DAGs
[2024-01-24T15:42:05.186-0300] {logging_mixin.py:154} INFO - [2024-01-24T15:42:05.186-0300] {dag.py:3722} INFO - Setting next_dagrun for example_branch_dop_operator_v3 to 2024-01-24T18:41:00+00:00, run_after=2024-01-24T18:42:00+00:00
[2024-01-24T15:42:05.196-0300] {processor.py:179} INFO - Processing /home/felipe/.local/lib/python3.11/site-packages/airflow/example_dags/example_branch_python_dop_operator_3.py took 0.041 seconds
[2024-01-24T15:43:26.235-0300] {processor.py:157} INFO - Started process (PID=20633) to work on /home/felipe/.local/lib/python3.11/site-packages/airflow/example_dags/example_branch_python_dop_operator_3.py
[2024-01-24T15:43:26.267-0300] {processor.py:829} INFO - Processing file /home/felipe/.local/lib/python3.11/site-packages/airflow/example_dags/example_branch_python_dop_operator_3.py for tasks to queue
[2024-01-24T15:43:26.267-0300] {logging_mixin.py:154} INFO - [2024-01-24T15:43:26.267-0300] {dagbag.py:536} INFO - Filling up the DagBag from /home/felipe/.local/lib/python3.11/site-packages/airflow/example_dags/example_branch_python_dop_operator_3.py
[2024-01-24T15:43:26.273-0300] {processor.py:839} INFO - DAG(s) dict_keys(['example_branch_dop_operator_v3']) retrieved from /home/felipe/.local/lib/python3.11/site-packages/airflow/example_dags/example_branch_python_dop_operator_3.py
[2024-01-24T15:43:26.282-0300] {logging_mixin.py:154} INFO - [2024-01-24T15:43:26.282-0300] {dag.py:2941} INFO - Sync 1 DAGs
[2024-01-24T15:43:26.295-0300] {logging_mixin.py:154} INFO - [2024-01-24T15:43:26.295-0300] {dag.py:3722} INFO - Setting next_dagrun for example_branch_dop_operator_v3 to 2024-01-24T18:42:00+00:00, run_after=2024-01-24T18:43:00+00:00
[2024-01-24T15:43:26.312-0300] {processor.py:179} INFO - Processing /home/felipe/.local/lib/python3.11/site-packages/airflow/example_dags/example_branch_python_dop_operator_3.py took 0.080 seconds
[2024-01-24T15:44:31.657-0300] {processor.py:157} INFO - Started process (PID=21215) to work on /home/felipe/.local/lib/python3.11/site-packages/airflow/example_dags/example_branch_python_dop_operator_3.py
[2024-01-24T15:44:31.658-0300] {processor.py:829} INFO - Processing file /home/felipe/.local/lib/python3.11/site-packages/airflow/example_dags/example_branch_python_dop_operator_3.py for tasks to queue
[2024-01-24T15:44:31.659-0300] {logging_mixin.py:154} INFO - [2024-01-24T15:44:31.658-0300] {dagbag.py:536} INFO - Filling up the DagBag from /home/felipe/.local/lib/python3.11/site-packages/airflow/example_dags/example_branch_python_dop_operator_3.py
[2024-01-24T15:44:31.664-0300] {processor.py:839} INFO - DAG(s) dict_keys(['example_branch_dop_operator_v3']) retrieved from /home/felipe/.local/lib/python3.11/site-packages/airflow/example_dags/example_branch_python_dop_operator_3.py
[2024-01-24T15:44:31.675-0300] {logging_mixin.py:154} INFO - [2024-01-24T15:44:31.675-0300] {dag.py:2941} INFO - Sync 1 DAGs
[2024-01-24T15:44:31.687-0300] {logging_mixin.py:154} INFO - [2024-01-24T15:44:31.687-0300] {dag.py:3722} INFO - Setting next_dagrun for example_branch_dop_operator_v3 to 2024-01-24T18:43:00+00:00, run_after=2024-01-24T18:44:00+00:00
[2024-01-24T15:44:31.697-0300] {processor.py:179} INFO - Processing /home/felipe/.local/lib/python3.11/site-packages/airflow/example_dags/example_branch_python_dop_operator_3.py took 0.042 seconds
[2024-01-24T15:49:43.630-0300] {processor.py:157} INFO - Started process (PID=22117) to work on /home/felipe/.local/lib/python3.11/site-packages/airflow/example_dags/example_branch_python_dop_operator_3.py
[2024-01-24T15:49:43.663-0300] {processor.py:829} INFO - Processing file /home/felipe/.local/lib/python3.11/site-packages/airflow/example_dags/example_branch_python_dop_operator_3.py for tasks to queue
[2024-01-24T15:49:43.663-0300] {logging_mixin.py:154} INFO - [2024-01-24T15:49:43.663-0300] {dagbag.py:536} INFO - Filling up the DagBag from /home/felipe/.local/lib/python3.11/site-packages/airflow/example_dags/example_branch_python_dop_operator_3.py
[2024-01-24T15:49:43.669-0300] {processor.py:839} INFO - DAG(s) dict_keys(['example_branch_dop_operator_v3']) retrieved from /home/felipe/.local/lib/python3.11/site-packages/airflow/example_dags/example_branch_python_dop_operator_3.py
[2024-01-24T15:49:43.678-0300] {logging_mixin.py:154} INFO - [2024-01-24T15:49:43.678-0300] {dag.py:2941} INFO - Sync 1 DAGs
[2024-01-24T15:49:43.692-0300] {logging_mixin.py:154} INFO - [2024-01-24T15:49:43.692-0300] {dag.py:3722} INFO - Setting next_dagrun for example_branch_dop_operator_v3 to 2024-01-24T18:48:00+00:00, run_after=2024-01-24T18:49:00+00:00
[2024-01-24T15:49:43.711-0300] {processor.py:179} INFO - Processing /home/felipe/.local/lib/python3.11/site-packages/airflow/example_dags/example_branch_python_dop_operator_3.py took 0.083 seconds
[2024-01-24T15:50:43.877-0300] {processor.py:157} INFO - Started process (PID=22347) to work on /home/felipe/.local/lib/python3.11/site-packages/airflow/example_dags/example_branch_python_dop_operator_3.py
[2024-01-24T15:50:43.906-0300] {processor.py:829} INFO - Processing file /home/felipe/.local/lib/python3.11/site-packages/airflow/example_dags/example_branch_python_dop_operator_3.py for tasks to queue
[2024-01-24T15:50:43.907-0300] {logging_mixin.py:154} INFO - [2024-01-24T15:50:43.906-0300] {dagbag.py:536} INFO - Filling up the DagBag from /home/felipe/.local/lib/python3.11/site-packages/airflow/example_dags/example_branch_python_dop_operator_3.py
[2024-01-24T15:50:43.912-0300] {processor.py:839} INFO - DAG(s) dict_keys(['example_branch_dop_operator_v3']) retrieved from /home/felipe/.local/lib/python3.11/site-packages/airflow/example_dags/example_branch_python_dop_operator_3.py
[2024-01-24T15:50:43.921-0300] {logging_mixin.py:154} INFO - [2024-01-24T15:50:43.921-0300] {dag.py:2941} INFO - Sync 1 DAGs
[2024-01-24T15:50:43.934-0300] {logging_mixin.py:154} INFO - [2024-01-24T15:50:43.934-0300] {dag.py:3722} INFO - Setting next_dagrun for example_branch_dop_operator_v3 to 2024-01-24T18:49:00+00:00, run_after=2024-01-24T18:50:00+00:00
[2024-01-24T15:50:43.945-0300] {processor.py:179} INFO - Processing /home/felipe/.local/lib/python3.11/site-packages/airflow/example_dags/example_branch_python_dop_operator_3.py took 0.070 seconds
[2024-01-24T15:51:46.926-0300] {processor.py:157} INFO - Started process (PID=22507) to work on /home/felipe/.local/lib/python3.11/site-packages/airflow/example_dags/example_branch_python_dop_operator_3.py
[2024-01-24T15:51:46.932-0300] {processor.py:829} INFO - Processing file /home/felipe/.local/lib/python3.11/site-packages/airflow/example_dags/example_branch_python_dop_operator_3.py for tasks to queue
[2024-01-24T15:51:46.932-0300] {logging_mixin.py:154} INFO - [2024-01-24T15:51:46.932-0300] {dagbag.py:536} INFO - Filling up the DagBag from /home/felipe/.local/lib/python3.11/site-packages/airflow/example_dags/example_branch_python_dop_operator_3.py
[2024-01-24T15:51:46.938-0300] {processor.py:839} INFO - DAG(s) dict_keys(['example_branch_dop_operator_v3']) retrieved from /home/felipe/.local/lib/python3.11/site-packages/airflow/example_dags/example_branch_python_dop_operator_3.py
[2024-01-24T15:51:46.948-0300] {logging_mixin.py:154} INFO - [2024-01-24T15:51:46.948-0300] {dag.py:2941} INFO - Sync 1 DAGs
[2024-01-24T15:51:46.960-0300] {logging_mixin.py:154} INFO - [2024-01-24T15:51:46.960-0300] {dag.py:3722} INFO - Setting next_dagrun for example_branch_dop_operator_v3 to 2024-01-24T18:50:00+00:00, run_after=2024-01-24T18:51:00+00:00
[2024-01-24T15:51:46.973-0300] {processor.py:179} INFO - Processing /home/felipe/.local/lib/python3.11/site-packages/airflow/example_dags/example_branch_python_dop_operator_3.py took 0.050 seconds
[2024-01-24T15:52:51.532-0300] {processor.py:157} INFO - Started process (PID=22801) to work on /home/felipe/.local/lib/python3.11/site-packages/airflow/example_dags/example_branch_python_dop_operator_3.py
[2024-01-24T15:52:51.532-0300] {processor.py:829} INFO - Processing file /home/felipe/.local/lib/python3.11/site-packages/airflow/example_dags/example_branch_python_dop_operator_3.py for tasks to queue
[2024-01-24T15:52:51.533-0300] {logging_mixin.py:154} INFO - [2024-01-24T15:52:51.533-0300] {dagbag.py:536} INFO - Filling up the DagBag from /home/felipe/.local/lib/python3.11/site-packages/airflow/example_dags/example_branch_python_dop_operator_3.py
[2024-01-24T15:52:51.538-0300] {processor.py:839} INFO - DAG(s) dict_keys(['example_branch_dop_operator_v3']) retrieved from /home/felipe/.local/lib/python3.11/site-packages/airflow/example_dags/example_branch_python_dop_operator_3.py
[2024-01-24T15:52:51.547-0300] {logging_mixin.py:154} INFO - [2024-01-24T15:52:51.547-0300] {dag.py:2941} INFO - Sync 1 DAGs
[2024-01-24T15:52:51.559-0300] {logging_mixin.py:154} INFO - [2024-01-24T15:52:51.558-0300] {dag.py:3722} INFO - Setting next_dagrun for example_branch_dop_operator_v3 to 2024-01-24T18:51:00+00:00, run_after=2024-01-24T18:52:00+00:00
[2024-01-24T15:52:51.571-0300] {processor.py:179} INFO - Processing /home/felipe/.local/lib/python3.11/site-packages/airflow/example_dags/example_branch_python_dop_operator_3.py took 0.041 seconds
[2024-01-24T15:53:46.672-0300] {processor.py:157} INFO - Started process (PID=22942) to work on /home/felipe/.local/lib/python3.11/site-packages/airflow/example_dags/example_branch_python_dop_operator_3.py
[2024-01-24T15:53:46.704-0300] {processor.py:829} INFO - Processing file /home/felipe/.local/lib/python3.11/site-packages/airflow/example_dags/example_branch_python_dop_operator_3.py for tasks to queue
[2024-01-24T15:53:46.705-0300] {logging_mixin.py:154} INFO - [2024-01-24T15:53:46.704-0300] {dagbag.py:536} INFO - Filling up the DagBag from /home/felipe/.local/lib/python3.11/site-packages/airflow/example_dags/example_branch_python_dop_operator_3.py
[2024-01-24T15:53:46.710-0300] {processor.py:839} INFO - DAG(s) dict_keys(['example_branch_dop_operator_v3']) retrieved from /home/felipe/.local/lib/python3.11/site-packages/airflow/example_dags/example_branch_python_dop_operator_3.py
[2024-01-24T15:53:46.720-0300] {logging_mixin.py:154} INFO - [2024-01-24T15:53:46.720-0300] {dag.py:2941} INFO - Sync 1 DAGs
[2024-01-24T15:53:46.734-0300] {logging_mixin.py:154} INFO - [2024-01-24T15:53:46.734-0300] {dag.py:3722} INFO - Setting next_dagrun for example_branch_dop_operator_v3 to 2024-01-24T18:52:00+00:00, run_after=2024-01-24T18:53:00+00:00
[2024-01-24T15:53:46.753-0300] {processor.py:179} INFO - Processing /home/felipe/.local/lib/python3.11/site-packages/airflow/example_dags/example_branch_python_dop_operator_3.py took 0.083 seconds
[2024-01-24T15:54:52.883-0300] {processor.py:157} INFO - Started process (PID=23139) to work on /home/felipe/.local/lib/python3.11/site-packages/airflow/example_dags/example_branch_python_dop_operator_3.py
[2024-01-24T15:54:52.916-0300] {processor.py:829} INFO - Processing file /home/felipe/.local/lib/python3.11/site-packages/airflow/example_dags/example_branch_python_dop_operator_3.py for tasks to queue
[2024-01-24T15:54:52.916-0300] {logging_mixin.py:154} INFO - [2024-01-24T15:54:52.916-0300] {dagbag.py:536} INFO - Filling up the DagBag from /home/felipe/.local/lib/python3.11/site-packages/airflow/example_dags/example_branch_python_dop_operator_3.py
[2024-01-24T15:54:52.922-0300] {processor.py:839} INFO - DAG(s) dict_keys(['example_branch_dop_operator_v3']) retrieved from /home/felipe/.local/lib/python3.11/site-packages/airflow/example_dags/example_branch_python_dop_operator_3.py
[2024-01-24T15:54:52.932-0300] {logging_mixin.py:154} INFO - [2024-01-24T15:54:52.932-0300] {dag.py:2941} INFO - Sync 1 DAGs
[2024-01-24T15:54:52.945-0300] {logging_mixin.py:154} INFO - [2024-01-24T15:54:52.945-0300] {dag.py:3722} INFO - Setting next_dagrun for example_branch_dop_operator_v3 to 2024-01-24T18:53:00+00:00, run_after=2024-01-24T18:54:00+00:00
[2024-01-24T15:54:52.963-0300] {processor.py:179} INFO - Processing /home/felipe/.local/lib/python3.11/site-packages/airflow/example_dags/example_branch_python_dop_operator_3.py took 0.082 seconds
[2024-01-24T15:56:14.058-0300] {processor.py:157} INFO - Started process (PID=23402) to work on /home/felipe/.local/lib/python3.11/site-packages/airflow/example_dags/example_branch_python_dop_operator_3.py
[2024-01-24T15:56:14.090-0300] {processor.py:829} INFO - Processing file /home/felipe/.local/lib/python3.11/site-packages/airflow/example_dags/example_branch_python_dop_operator_3.py for tasks to queue
[2024-01-24T15:56:14.090-0300] {logging_mixin.py:154} INFO - [2024-01-24T15:56:14.090-0300] {dagbag.py:536} INFO - Filling up the DagBag from /home/felipe/.local/lib/python3.11/site-packages/airflow/example_dags/example_branch_python_dop_operator_3.py
[2024-01-24T15:56:14.096-0300] {processor.py:839} INFO - DAG(s) dict_keys(['example_branch_dop_operator_v3']) retrieved from /home/felipe/.local/lib/python3.11/site-packages/airflow/example_dags/example_branch_python_dop_operator_3.py
[2024-01-24T15:56:14.106-0300] {logging_mixin.py:154} INFO - [2024-01-24T15:56:14.106-0300] {dag.py:2941} INFO - Sync 1 DAGs
[2024-01-24T15:56:14.119-0300] {logging_mixin.py:154} INFO - [2024-01-24T15:56:14.118-0300] {dag.py:3722} INFO - Setting next_dagrun for example_branch_dop_operator_v3 to 2024-01-24T18:55:00+00:00, run_after=2024-01-24T18:56:00+00:00
[2024-01-24T15:56:14.136-0300] {processor.py:179} INFO - Processing /home/felipe/.local/lib/python3.11/site-packages/airflow/example_dags/example_branch_python_dop_operator_3.py took 0.080 seconds
[2024-01-24T15:57:18.432-0300] {processor.py:157} INFO - Started process (PID=23681) to work on /home/felipe/.local/lib/python3.11/site-packages/airflow/example_dags/example_branch_python_dop_operator_3.py
[2024-01-24T15:57:18.433-0300] {processor.py:829} INFO - Processing file /home/felipe/.local/lib/python3.11/site-packages/airflow/example_dags/example_branch_python_dop_operator_3.py for tasks to queue
[2024-01-24T15:57:18.434-0300] {logging_mixin.py:154} INFO - [2024-01-24T15:57:18.434-0300] {dagbag.py:536} INFO - Filling up the DagBag from /home/felipe/.local/lib/python3.11/site-packages/airflow/example_dags/example_branch_python_dop_operator_3.py
[2024-01-24T15:57:18.439-0300] {processor.py:839} INFO - DAG(s) dict_keys(['example_branch_dop_operator_v3']) retrieved from /home/felipe/.local/lib/python3.11/site-packages/airflow/example_dags/example_branch_python_dop_operator_3.py
[2024-01-24T15:57:18.448-0300] {logging_mixin.py:154} INFO - [2024-01-24T15:57:18.448-0300] {dag.py:2941} INFO - Sync 1 DAGs
[2024-01-24T15:57:18.461-0300] {logging_mixin.py:154} INFO - [2024-01-24T15:57:18.461-0300] {dag.py:3722} INFO - Setting next_dagrun for example_branch_dop_operator_v3 to 2024-01-24T18:56:00+00:00, run_after=2024-01-24T18:57:00+00:00
[2024-01-24T15:57:18.478-0300] {processor.py:179} INFO - Processing /home/felipe/.local/lib/python3.11/site-packages/airflow/example_dags/example_branch_python_dop_operator_3.py took 0.048 seconds
[2024-01-24T15:58:16.789-0300] {processor.py:157} INFO - Started process (PID=23882) to work on /home/felipe/.local/lib/python3.11/site-packages/airflow/example_dags/example_branch_python_dop_operator_3.py
[2024-01-24T15:58:16.821-0300] {processor.py:829} INFO - Processing file /home/felipe/.local/lib/python3.11/site-packages/airflow/example_dags/example_branch_python_dop_operator_3.py for tasks to queue
[2024-01-24T15:58:16.821-0300] {logging_mixin.py:154} INFO - [2024-01-24T15:58:16.821-0300] {dagbag.py:536} INFO - Filling up the DagBag from /home/felipe/.local/lib/python3.11/site-packages/airflow/example_dags/example_branch_python_dop_operator_3.py
[2024-01-24T15:58:16.827-0300] {processor.py:839} INFO - DAG(s) dict_keys(['example_branch_dop_operator_v3']) retrieved from /home/felipe/.local/lib/python3.11/site-packages/airflow/example_dags/example_branch_python_dop_operator_3.py
[2024-01-24T15:58:16.837-0300] {logging_mixin.py:154} INFO - [2024-01-24T15:58:16.837-0300] {dag.py:2941} INFO - Sync 1 DAGs
[2024-01-24T15:58:16.849-0300] {logging_mixin.py:154} INFO - [2024-01-24T15:58:16.849-0300] {dag.py:3722} INFO - Setting next_dagrun for example_branch_dop_operator_v3 to 2024-01-24T18:57:00+00:00, run_after=2024-01-24T18:58:00+00:00
[2024-01-24T15:58:16.867-0300] {processor.py:179} INFO - Processing /home/felipe/.local/lib/python3.11/site-packages/airflow/example_dags/example_branch_python_dop_operator_3.py took 0.080 seconds
[2024-01-24T15:59:25.084-0300] {processor.py:157} INFO - Started process (PID=24194) to work on /home/felipe/.local/lib/python3.11/site-packages/airflow/example_dags/example_branch_python_dop_operator_3.py
[2024-01-24T15:59:25.084-0300] {processor.py:829} INFO - Processing file /home/felipe/.local/lib/python3.11/site-packages/airflow/example_dags/example_branch_python_dop_operator_3.py for tasks to queue
[2024-01-24T15:59:25.085-0300] {logging_mixin.py:154} INFO - [2024-01-24T15:59:25.085-0300] {dagbag.py:536} INFO - Filling up the DagBag from /home/felipe/.local/lib/python3.11/site-packages/airflow/example_dags/example_branch_python_dop_operator_3.py
[2024-01-24T15:59:25.090-0300] {processor.py:839} INFO - DAG(s) dict_keys(['example_branch_dop_operator_v3']) retrieved from /home/felipe/.local/lib/python3.11/site-packages/airflow/example_dags/example_branch_python_dop_operator_3.py
[2024-01-24T15:59:25.100-0300] {logging_mixin.py:154} INFO - [2024-01-24T15:59:25.100-0300] {dag.py:2941} INFO - Sync 1 DAGs
[2024-01-24T15:59:25.114-0300] {logging_mixin.py:154} INFO - [2024-01-24T15:59:25.114-0300] {dag.py:3722} INFO - Setting next_dagrun for example_branch_dop_operator_v3 to 2024-01-24T18:58:00+00:00, run_after=2024-01-24T18:59:00+00:00
[2024-01-24T15:59:25.124-0300] {processor.py:179} INFO - Processing /home/felipe/.local/lib/python3.11/site-packages/airflow/example_dags/example_branch_python_dop_operator_3.py took 0.043 seconds
