[2024-01-24T15:37:43.455-0300] {processor.py:157} INFO - Started process (PID=19201) to work on /home/felipe/.local/lib/python3.11/site-packages/airflow/example_dags/example_sensors.py
[2024-01-24T15:37:43.456-0300] {processor.py:829} INFO - Processing file /home/felipe/.local/lib/python3.11/site-packages/airflow/example_dags/example_sensors.py for tasks to queue
[2024-01-24T15:37:43.456-0300] {logging_mixin.py:154} INFO - [2024-01-24T15:37:43.456-0300] {dagbag.py:536} INFO - Filling up the DagBag from /home/felipe/.local/lib/python3.11/site-packages/airflow/example_dags/example_sensors.py
[2024-01-24T15:37:43.464-0300] {processor.py:839} INFO - DAG(s) dict_keys(['example_sensors']) retrieved from /home/felipe/.local/lib/python3.11/site-packages/airflow/example_dags/example_sensors.py
[2024-01-24T15:37:43.469-0300] {logging_mixin.py:154} INFO - [2024-01-24T15:37:43.469-0300] {dag.py:2941} INFO - Sync 1 DAGs
[2024-01-24T15:37:43.476-0300] {logging_mixin.py:154} INFO - [2024-01-24T15:37:43.476-0300] {dag.py:3722} INFO - Setting next_dagrun for example_sensors to None, run_after=None
[2024-01-24T15:37:43.505-0300] {processor.py:179} INFO - Processing /home/felipe/.local/lib/python3.11/site-packages/airflow/example_dags/example_sensors.py took 0.052 seconds
[2024-01-24T15:40:00.308-0300] {processor.py:157} INFO - Started process (PID=19687) to work on /home/felipe/.local/lib/python3.11/site-packages/airflow/example_dags/example_sensors.py
[2024-01-24T15:40:00.340-0300] {processor.py:829} INFO - Processing file /home/felipe/.local/lib/python3.11/site-packages/airflow/example_dags/example_sensors.py for tasks to queue
[2024-01-24T15:40:00.341-0300] {logging_mixin.py:154} INFO - [2024-01-24T15:40:00.340-0300] {dagbag.py:536} INFO - Filling up the DagBag from /home/felipe/.local/lib/python3.11/site-packages/airflow/example_dags/example_sensors.py
[2024-01-24T15:40:00.348-0300] {processor.py:839} INFO - DAG(s) dict_keys(['example_sensors']) retrieved from /home/felipe/.local/lib/python3.11/site-packages/airflow/example_dags/example_sensors.py
[2024-01-24T15:40:00.353-0300] {logging_mixin.py:154} INFO - [2024-01-24T15:40:00.353-0300] {dag.py:2941} INFO - Sync 1 DAGs
[2024-01-24T15:40:00.360-0300] {logging_mixin.py:154} INFO - [2024-01-24T15:40:00.360-0300] {dag.py:3722} INFO - Setting next_dagrun for example_sensors to None, run_after=None
[2024-01-24T15:40:00.378-0300] {processor.py:179} INFO - Processing /home/felipe/.local/lib/python3.11/site-packages/airflow/example_dags/example_sensors.py took 0.073 seconds
[2024-01-24T15:41:31.069-0300] {processor.py:157} INFO - Started process (PID=20153) to work on /home/felipe/.local/lib/python3.11/site-packages/airflow/example_dags/example_sensors.py
[2024-01-24T15:41:31.103-0300] {processor.py:829} INFO - Processing file /home/felipe/.local/lib/python3.11/site-packages/airflow/example_dags/example_sensors.py for tasks to queue
[2024-01-24T15:41:31.104-0300] {logging_mixin.py:154} INFO - [2024-01-24T15:41:31.103-0300] {dagbag.py:536} INFO - Filling up the DagBag from /home/felipe/.local/lib/python3.11/site-packages/airflow/example_dags/example_sensors.py
[2024-01-24T15:41:31.110-0300] {processor.py:839} INFO - DAG(s) dict_keys(['example_sensors']) retrieved from /home/felipe/.local/lib/python3.11/site-packages/airflow/example_dags/example_sensors.py
[2024-01-24T15:41:31.121-0300] {logging_mixin.py:154} INFO - [2024-01-24T15:41:31.121-0300] {dag.py:2941} INFO - Sync 1 DAGs
[2024-01-24T15:41:31.126-0300] {logging_mixin.py:154} INFO - [2024-01-24T15:41:31.126-0300] {dag.py:3722} INFO - Setting next_dagrun for example_sensors to None, run_after=None
[2024-01-24T15:41:31.137-0300] {processor.py:179} INFO - Processing /home/felipe/.local/lib/python3.11/site-packages/airflow/example_dags/example_sensors.py took 0.070 seconds
[2024-01-24T15:42:26.426-0300] {processor.py:157} INFO - Started process (PID=20451) to work on /home/felipe/.local/lib/python3.11/site-packages/airflow/example_dags/example_sensors.py
[2024-01-24T15:42:26.434-0300] {processor.py:829} INFO - Processing file /home/felipe/.local/lib/python3.11/site-packages/airflow/example_dags/example_sensors.py for tasks to queue
[2024-01-24T15:42:26.435-0300] {logging_mixin.py:154} INFO - [2024-01-24T15:42:26.434-0300] {dagbag.py:536} INFO - Filling up the DagBag from /home/felipe/.local/lib/python3.11/site-packages/airflow/example_dags/example_sensors.py
[2024-01-24T15:42:26.443-0300] {processor.py:839} INFO - DAG(s) dict_keys(['example_sensors']) retrieved from /home/felipe/.local/lib/python3.11/site-packages/airflow/example_dags/example_sensors.py
[2024-01-24T15:42:26.455-0300] {logging_mixin.py:154} INFO - [2024-01-24T15:42:26.455-0300] {dag.py:2941} INFO - Sync 1 DAGs
[2024-01-24T15:42:26.463-0300] {logging_mixin.py:154} INFO - [2024-01-24T15:42:26.463-0300] {dag.py:3722} INFO - Setting next_dagrun for example_sensors to None, run_after=None
[2024-01-24T15:42:26.477-0300] {processor.py:179} INFO - Processing /home/felipe/.local/lib/python3.11/site-packages/airflow/example_dags/example_sensors.py took 0.054 seconds
[2024-01-24T15:43:22.829-0300] {processor.py:157} INFO - Started process (PID=20628) to work on /home/felipe/.local/lib/python3.11/site-packages/airflow/example_dags/example_sensors.py
[2024-01-24T15:43:22.862-0300] {processor.py:829} INFO - Processing file /home/felipe/.local/lib/python3.11/site-packages/airflow/example_dags/example_sensors.py for tasks to queue
[2024-01-24T15:43:22.862-0300] {logging_mixin.py:154} INFO - [2024-01-24T15:43:22.862-0300] {dagbag.py:536} INFO - Filling up the DagBag from /home/felipe/.local/lib/python3.11/site-packages/airflow/example_dags/example_sensors.py
[2024-01-24T15:43:22.870-0300] {processor.py:839} INFO - DAG(s) dict_keys(['example_sensors']) retrieved from /home/felipe/.local/lib/python3.11/site-packages/airflow/example_dags/example_sensors.py
[2024-01-24T15:43:22.884-0300] {logging_mixin.py:154} INFO - [2024-01-24T15:43:22.884-0300] {dag.py:2941} INFO - Sync 1 DAGs
[2024-01-24T15:43:22.890-0300] {logging_mixin.py:154} INFO - [2024-01-24T15:43:22.890-0300] {dag.py:3722} INFO - Setting next_dagrun for example_sensors to None, run_after=None
[2024-01-24T15:43:22.908-0300] {processor.py:179} INFO - Processing /home/felipe/.local/lib/python3.11/site-packages/airflow/example_dags/example_sensors.py took 0.081 seconds
[2024-01-24T15:44:17.028-0300] {processor.py:157} INFO - Started process (PID=21147) to work on /home/felipe/.local/lib/python3.11/site-packages/airflow/example_dags/example_sensors.py
[2024-01-24T15:44:17.028-0300] {processor.py:829} INFO - Processing file /home/felipe/.local/lib/python3.11/site-packages/airflow/example_dags/example_sensors.py for tasks to queue
[2024-01-24T15:44:17.029-0300] {logging_mixin.py:154} INFO - [2024-01-24T15:44:17.029-0300] {dagbag.py:536} INFO - Filling up the DagBag from /home/felipe/.local/lib/python3.11/site-packages/airflow/example_dags/example_sensors.py
[2024-01-24T15:44:17.035-0300] {processor.py:839} INFO - DAG(s) dict_keys(['example_sensors']) retrieved from /home/felipe/.local/lib/python3.11/site-packages/airflow/example_dags/example_sensors.py
[2024-01-24T15:44:17.047-0300] {logging_mixin.py:154} INFO - [2024-01-24T15:44:17.047-0300] {dag.py:2941} INFO - Sync 1 DAGs
[2024-01-24T15:44:17.055-0300] {logging_mixin.py:154} INFO - [2024-01-24T15:44:17.055-0300] {dag.py:3722} INFO - Setting next_dagrun for example_sensors to None, run_after=None
[2024-01-24T15:44:17.066-0300] {processor.py:179} INFO - Processing /home/felipe/.local/lib/python3.11/site-packages/airflow/example_dags/example_sensors.py took 0.040 seconds
[2024-01-24T15:49:19.989-0300] {processor.py:157} INFO - Started process (PID=22080) to work on /home/felipe/.local/lib/python3.11/site-packages/airflow/example_dags/example_sensors.py
[2024-01-24T15:49:20.021-0300] {processor.py:829} INFO - Processing file /home/felipe/.local/lib/python3.11/site-packages/airflow/example_dags/example_sensors.py for tasks to queue
[2024-01-24T15:49:20.022-0300] {logging_mixin.py:154} INFO - [2024-01-24T15:49:20.021-0300] {dagbag.py:536} INFO - Filling up the DagBag from /home/felipe/.local/lib/python3.11/site-packages/airflow/example_dags/example_sensors.py
[2024-01-24T15:49:20.030-0300] {processor.py:839} INFO - DAG(s) dict_keys(['example_sensors']) retrieved from /home/felipe/.local/lib/python3.11/site-packages/airflow/example_dags/example_sensors.py
[2024-01-24T15:49:20.045-0300] {logging_mixin.py:154} INFO - [2024-01-24T15:49:20.045-0300] {dag.py:2941} INFO - Sync 1 DAGs
[2024-01-24T15:49:20.051-0300] {logging_mixin.py:154} INFO - [2024-01-24T15:49:20.051-0300] {dag.py:3722} INFO - Setting next_dagrun for example_sensors to None, run_after=None
[2024-01-24T15:49:20.061-0300] {processor.py:179} INFO - Processing /home/felipe/.local/lib/python3.11/site-packages/airflow/example_dags/example_sensors.py took 0.075 seconds
[2024-01-24T15:50:08.342-0300] {processor.py:157} INFO - Started process (PID=22248) to work on /home/felipe/.local/lib/python3.11/site-packages/airflow/example_dags/example_sensors.py
[2024-01-24T15:50:08.379-0300] {processor.py:829} INFO - Processing file /home/felipe/.local/lib/python3.11/site-packages/airflow/example_dags/example_sensors.py for tasks to queue
[2024-01-24T15:50:08.380-0300] {logging_mixin.py:154} INFO - [2024-01-24T15:50:08.379-0300] {dagbag.py:536} INFO - Filling up the DagBag from /home/felipe/.local/lib/python3.11/site-packages/airflow/example_dags/example_sensors.py
[2024-01-24T15:50:08.386-0300] {processor.py:839} INFO - DAG(s) dict_keys(['example_sensors']) retrieved from /home/felipe/.local/lib/python3.11/site-packages/airflow/example_dags/example_sensors.py
[2024-01-24T15:50:08.398-0300] {logging_mixin.py:154} INFO - [2024-01-24T15:50:08.398-0300] {dag.py:2941} INFO - Sync 1 DAGs
[2024-01-24T15:50:08.404-0300] {logging_mixin.py:154} INFO - [2024-01-24T15:50:08.404-0300] {dag.py:3722} INFO - Setting next_dagrun for example_sensors to None, run_after=None
[2024-01-24T15:50:08.422-0300] {processor.py:179} INFO - Processing /home/felipe/.local/lib/python3.11/site-packages/airflow/example_dags/example_sensors.py took 0.082 seconds
[2024-01-24T15:51:02.568-0300] {processor.py:157} INFO - Started process (PID=22375) to work on /home/felipe/.local/lib/python3.11/site-packages/airflow/example_dags/example_sensors.py
[2024-01-24T15:51:02.600-0300] {processor.py:829} INFO - Processing file /home/felipe/.local/lib/python3.11/site-packages/airflow/example_dags/example_sensors.py for tasks to queue
[2024-01-24T15:51:02.601-0300] {logging_mixin.py:154} INFO - [2024-01-24T15:51:02.600-0300] {dagbag.py:536} INFO - Filling up the DagBag from /home/felipe/.local/lib/python3.11/site-packages/airflow/example_dags/example_sensors.py
[2024-01-24T15:51:02.607-0300] {processor.py:839} INFO - DAG(s) dict_keys(['example_sensors']) retrieved from /home/felipe/.local/lib/python3.11/site-packages/airflow/example_dags/example_sensors.py
[2024-01-24T15:51:02.618-0300] {logging_mixin.py:154} INFO - [2024-01-24T15:51:02.618-0300] {dag.py:2941} INFO - Sync 1 DAGs
[2024-01-24T15:51:02.625-0300] {logging_mixin.py:154} INFO - [2024-01-24T15:51:02.625-0300] {dag.py:3722} INFO - Setting next_dagrun for example_sensors to None, run_after=None
[2024-01-24T15:51:02.643-0300] {processor.py:179} INFO - Processing /home/felipe/.local/lib/python3.11/site-packages/airflow/example_dags/example_sensors.py took 0.077 seconds
[2024-01-24T15:51:45.772-0300] {processor.py:157} INFO - Started process (PID=22506) to work on /home/felipe/.local/lib/python3.11/site-packages/airflow/example_dags/example_sensors.py
[2024-01-24T15:51:45.780-0300] {processor.py:829} INFO - Processing file /home/felipe/.local/lib/python3.11/site-packages/airflow/example_dags/example_sensors.py for tasks to queue
[2024-01-24T15:51:45.781-0300] {logging_mixin.py:154} INFO - [2024-01-24T15:51:45.781-0300] {dagbag.py:536} INFO - Filling up the DagBag from /home/felipe/.local/lib/python3.11/site-packages/airflow/example_dags/example_sensors.py
[2024-01-24T15:51:45.787-0300] {processor.py:839} INFO - DAG(s) dict_keys(['example_sensors']) retrieved from /home/felipe/.local/lib/python3.11/site-packages/airflow/example_dags/example_sensors.py
[2024-01-24T15:51:45.798-0300] {logging_mixin.py:154} INFO - [2024-01-24T15:51:45.798-0300] {dag.py:2941} INFO - Sync 1 DAGs
[2024-01-24T15:51:45.804-0300] {logging_mixin.py:154} INFO - [2024-01-24T15:51:45.804-0300] {dag.py:3722} INFO - Setting next_dagrun for example_sensors to None, run_after=None
[2024-01-24T15:51:45.836-0300] {processor.py:179} INFO - Processing /home/felipe/.local/lib/python3.11/site-packages/airflow/example_dags/example_sensors.py took 0.066 seconds
[2024-01-24T15:52:46.533-0300] {processor.py:157} INFO - Started process (PID=22783) to work on /home/felipe/.local/lib/python3.11/site-packages/airflow/example_dags/example_sensors.py
[2024-01-24T15:52:46.565-0300] {processor.py:829} INFO - Processing file /home/felipe/.local/lib/python3.11/site-packages/airflow/example_dags/example_sensors.py for tasks to queue
[2024-01-24T15:52:46.566-0300] {logging_mixin.py:154} INFO - [2024-01-24T15:52:46.566-0300] {dagbag.py:536} INFO - Filling up the DagBag from /home/felipe/.local/lib/python3.11/site-packages/airflow/example_dags/example_sensors.py
[2024-01-24T15:52:46.572-0300] {processor.py:839} INFO - DAG(s) dict_keys(['example_sensors']) retrieved from /home/felipe/.local/lib/python3.11/site-packages/airflow/example_dags/example_sensors.py
[2024-01-24T15:52:46.584-0300] {logging_mixin.py:154} INFO - [2024-01-24T15:52:46.584-0300] {dag.py:2941} INFO - Sync 1 DAGs
[2024-01-24T15:52:46.590-0300] {logging_mixin.py:154} INFO - [2024-01-24T15:52:46.590-0300] {dag.py:3722} INFO - Setting next_dagrun for example_sensors to None, run_after=None
[2024-01-24T15:52:46.611-0300] {processor.py:179} INFO - Processing /home/felipe/.local/lib/python3.11/site-packages/airflow/example_dags/example_sensors.py took 0.080 seconds
[2024-01-24T15:53:41.770-0300] {processor.py:157} INFO - Started process (PID=22935) to work on /home/felipe/.local/lib/python3.11/site-packages/airflow/example_dags/example_sensors.py
[2024-01-24T15:53:41.802-0300] {processor.py:829} INFO - Processing file /home/felipe/.local/lib/python3.11/site-packages/airflow/example_dags/example_sensors.py for tasks to queue
[2024-01-24T15:53:41.803-0300] {logging_mixin.py:154} INFO - [2024-01-24T15:53:41.802-0300] {dagbag.py:536} INFO - Filling up the DagBag from /home/felipe/.local/lib/python3.11/site-packages/airflow/example_dags/example_sensors.py
[2024-01-24T15:53:41.809-0300] {processor.py:839} INFO - DAG(s) dict_keys(['example_sensors']) retrieved from /home/felipe/.local/lib/python3.11/site-packages/airflow/example_dags/example_sensors.py
[2024-01-24T15:53:41.820-0300] {logging_mixin.py:154} INFO - [2024-01-24T15:53:41.820-0300] {dag.py:2941} INFO - Sync 1 DAGs
[2024-01-24T15:53:41.826-0300] {logging_mixin.py:154} INFO - [2024-01-24T15:53:41.826-0300] {dag.py:3722} INFO - Setting next_dagrun for example_sensors to None, run_after=None
[2024-01-24T15:53:41.845-0300] {processor.py:179} INFO - Processing /home/felipe/.local/lib/python3.11/site-packages/airflow/example_dags/example_sensors.py took 0.077 seconds
[2024-01-24T15:54:37.478-0300] {processor.py:157} INFO - Started process (PID=23116) to work on /home/felipe/.local/lib/python3.11/site-packages/airflow/example_dags/example_sensors.py
[2024-01-24T15:54:37.510-0300] {processor.py:829} INFO - Processing file /home/felipe/.local/lib/python3.11/site-packages/airflow/example_dags/example_sensors.py for tasks to queue
[2024-01-24T15:54:37.510-0300] {logging_mixin.py:154} INFO - [2024-01-24T15:54:37.510-0300] {dagbag.py:536} INFO - Filling up the DagBag from /home/felipe/.local/lib/python3.11/site-packages/airflow/example_dags/example_sensors.py
[2024-01-24T15:54:37.517-0300] {processor.py:839} INFO - DAG(s) dict_keys(['example_sensors']) retrieved from /home/felipe/.local/lib/python3.11/site-packages/airflow/example_dags/example_sensors.py
[2024-01-24T15:54:37.529-0300] {logging_mixin.py:154} INFO - [2024-01-24T15:54:37.529-0300] {dag.py:2941} INFO - Sync 1 DAGs
[2024-01-24T15:54:37.535-0300] {logging_mixin.py:154} INFO - [2024-01-24T15:54:37.535-0300] {dag.py:3722} INFO - Setting next_dagrun for example_sensors to None, run_after=None
[2024-01-24T15:54:37.552-0300] {processor.py:179} INFO - Processing /home/felipe/.local/lib/python3.11/site-packages/airflow/example_dags/example_sensors.py took 0.077 seconds
[2024-01-24T15:55:53.566-0300] {processor.py:157} INFO - Started process (PID=23356) to work on /home/felipe/.local/lib/python3.11/site-packages/airflow/example_dags/example_sensors.py
[2024-01-24T15:55:53.567-0300] {processor.py:829} INFO - Processing file /home/felipe/.local/lib/python3.11/site-packages/airflow/example_dags/example_sensors.py for tasks to queue
[2024-01-24T15:55:53.567-0300] {logging_mixin.py:154} INFO - [2024-01-24T15:55:53.567-0300] {dagbag.py:536} INFO - Filling up the DagBag from /home/felipe/.local/lib/python3.11/site-packages/airflow/example_dags/example_sensors.py
[2024-01-24T15:55:53.573-0300] {processor.py:839} INFO - DAG(s) dict_keys(['example_sensors']) retrieved from /home/felipe/.local/lib/python3.11/site-packages/airflow/example_dags/example_sensors.py
[2024-01-24T15:55:53.585-0300] {logging_mixin.py:154} INFO - [2024-01-24T15:55:53.585-0300] {dag.py:2941} INFO - Sync 1 DAGs
[2024-01-24T15:55:53.591-0300] {logging_mixin.py:154} INFO - [2024-01-24T15:55:53.591-0300] {dag.py:3722} INFO - Setting next_dagrun for example_sensors to None, run_after=None
[2024-01-24T15:55:53.602-0300] {processor.py:179} INFO - Processing /home/felipe/.local/lib/python3.11/site-packages/airflow/example_dags/example_sensors.py took 0.038 seconds
[2024-01-24T15:56:47.662-0300] {processor.py:157} INFO - Started process (PID=23550) to work on /home/felipe/.local/lib/python3.11/site-packages/airflow/example_dags/example_sensors.py
[2024-01-24T15:56:47.662-0300] {processor.py:829} INFO - Processing file /home/felipe/.local/lib/python3.11/site-packages/airflow/example_dags/example_sensors.py for tasks to queue
[2024-01-24T15:56:47.663-0300] {logging_mixin.py:154} INFO - [2024-01-24T15:56:47.663-0300] {dagbag.py:536} INFO - Filling up the DagBag from /home/felipe/.local/lib/python3.11/site-packages/airflow/example_dags/example_sensors.py
[2024-01-24T15:56:47.669-0300] {processor.py:839} INFO - DAG(s) dict_keys(['example_sensors']) retrieved from /home/felipe/.local/lib/python3.11/site-packages/airflow/example_dags/example_sensors.py
[2024-01-24T15:56:47.680-0300] {logging_mixin.py:154} INFO - [2024-01-24T15:56:47.680-0300] {dag.py:2941} INFO - Sync 1 DAGs
[2024-01-24T15:56:47.687-0300] {logging_mixin.py:154} INFO - [2024-01-24T15:56:47.687-0300] {dag.py:3722} INFO - Setting next_dagrun for example_sensors to None, run_after=None
[2024-01-24T15:56:47.707-0300] {processor.py:179} INFO - Processing /home/felipe/.local/lib/python3.11/site-packages/airflow/example_dags/example_sensors.py took 0.047 seconds
[2024-01-24T15:57:28.817-0300] {processor.py:157} INFO - Started process (PID=23736) to work on /home/felipe/.local/lib/python3.11/site-packages/airflow/example_dags/example_sensors.py
[2024-01-24T15:57:28.849-0300] {processor.py:829} INFO - Processing file /home/felipe/.local/lib/python3.11/site-packages/airflow/example_dags/example_sensors.py for tasks to queue
[2024-01-24T15:57:28.849-0300] {logging_mixin.py:154} INFO - [2024-01-24T15:57:28.849-0300] {dagbag.py:536} INFO - Filling up the DagBag from /home/felipe/.local/lib/python3.11/site-packages/airflow/example_dags/example_sensors.py
[2024-01-24T15:57:28.855-0300] {processor.py:839} INFO - DAG(s) dict_keys(['example_sensors']) retrieved from /home/felipe/.local/lib/python3.11/site-packages/airflow/example_dags/example_sensors.py
[2024-01-24T15:57:28.866-0300] {logging_mixin.py:154} INFO - [2024-01-24T15:57:28.866-0300] {dag.py:2941} INFO - Sync 1 DAGs
[2024-01-24T15:57:28.873-0300] {logging_mixin.py:154} INFO - [2024-01-24T15:57:28.873-0300] {dag.py:3722} INFO - Setting next_dagrun for example_sensors to None, run_after=None
[2024-01-24T15:57:28.891-0300] {processor.py:179} INFO - Processing /home/felipe/.local/lib/python3.11/site-packages/airflow/example_dags/example_sensors.py took 0.076 seconds
[2024-01-24T15:58:12.634-0300] {processor.py:157} INFO - Started process (PID=23875) to work on /home/felipe/.local/lib/python3.11/site-packages/airflow/example_dags/example_sensors.py
[2024-01-24T15:58:12.666-0300] {processor.py:829} INFO - Processing file /home/felipe/.local/lib/python3.11/site-packages/airflow/example_dags/example_sensors.py for tasks to queue
[2024-01-24T15:58:12.667-0300] {logging_mixin.py:154} INFO - [2024-01-24T15:58:12.666-0300] {dagbag.py:536} INFO - Filling up the DagBag from /home/felipe/.local/lib/python3.11/site-packages/airflow/example_dags/example_sensors.py
[2024-01-24T15:58:12.673-0300] {processor.py:839} INFO - DAG(s) dict_keys(['example_sensors']) retrieved from /home/felipe/.local/lib/python3.11/site-packages/airflow/example_dags/example_sensors.py
[2024-01-24T15:58:12.684-0300] {logging_mixin.py:154} INFO - [2024-01-24T15:58:12.684-0300] {dag.py:2941} INFO - Sync 1 DAGs
[2024-01-24T15:58:12.691-0300] {logging_mixin.py:154} INFO - [2024-01-24T15:58:12.690-0300] {dag.py:3722} INFO - Setting next_dagrun for example_sensors to None, run_after=None
[2024-01-24T15:58:12.709-0300] {processor.py:179} INFO - Processing /home/felipe/.local/lib/python3.11/site-packages/airflow/example_dags/example_sensors.py took 0.078 seconds
[2024-01-24T15:58:56.378-0300] {processor.py:157} INFO - Started process (PID=24032) to work on /home/felipe/.local/lib/python3.11/site-packages/airflow/example_dags/example_sensors.py
[2024-01-24T15:58:56.410-0300] {processor.py:829} INFO - Processing file /home/felipe/.local/lib/python3.11/site-packages/airflow/example_dags/example_sensors.py for tasks to queue
[2024-01-24T15:58:56.411-0300] {logging_mixin.py:154} INFO - [2024-01-24T15:58:56.411-0300] {dagbag.py:536} INFO - Filling up the DagBag from /home/felipe/.local/lib/python3.11/site-packages/airflow/example_dags/example_sensors.py
[2024-01-24T15:58:56.417-0300] {processor.py:839} INFO - DAG(s) dict_keys(['example_sensors']) retrieved from /home/felipe/.local/lib/python3.11/site-packages/airflow/example_dags/example_sensors.py
[2024-01-24T15:58:56.429-0300] {logging_mixin.py:154} INFO - [2024-01-24T15:58:56.429-0300] {dag.py:2941} INFO - Sync 1 DAGs
[2024-01-24T15:58:56.435-0300] {logging_mixin.py:154} INFO - [2024-01-24T15:58:56.435-0300] {dag.py:3722} INFO - Setting next_dagrun for example_sensors to None, run_after=None
[2024-01-24T15:58:56.455-0300] {processor.py:179} INFO - Processing /home/felipe/.local/lib/python3.11/site-packages/airflow/example_dags/example_sensors.py took 0.078 seconds
[2024-01-24T15:59:43.389-0300] {processor.py:157} INFO - Started process (PID=24257) to work on /home/felipe/.local/lib/python3.11/site-packages/airflow/example_dags/example_sensors.py
[2024-01-24T15:59:43.389-0300] {processor.py:829} INFO - Processing file /home/felipe/.local/lib/python3.11/site-packages/airflow/example_dags/example_sensors.py for tasks to queue
[2024-01-24T15:59:43.390-0300] {logging_mixin.py:154} INFO - [2024-01-24T15:59:43.390-0300] {dagbag.py:536} INFO - Filling up the DagBag from /home/felipe/.local/lib/python3.11/site-packages/airflow/example_dags/example_sensors.py
[2024-01-24T15:59:43.396-0300] {processor.py:839} INFO - DAG(s) dict_keys(['example_sensors']) retrieved from /home/felipe/.local/lib/python3.11/site-packages/airflow/example_dags/example_sensors.py
[2024-01-24T15:59:43.408-0300] {logging_mixin.py:154} INFO - [2024-01-24T15:59:43.408-0300] {dag.py:2941} INFO - Sync 1 DAGs
[2024-01-24T15:59:43.414-0300] {logging_mixin.py:154} INFO - [2024-01-24T15:59:43.414-0300] {dag.py:3722} INFO - Setting next_dagrun for example_sensors to None, run_after=None
[2024-01-24T15:59:43.438-0300] {processor.py:179} INFO - Processing /home/felipe/.local/lib/python3.11/site-packages/airflow/example_dags/example_sensors.py took 0.052 seconds
