[2024-01-24T15:37:34.589-0300] {processor.py:157} INFO - Started process (PID=19167) to work on /home/felipe/.local/lib/python3.11/site-packages/airflow/example_dags/example_dag_decorator.py
[2024-01-24T15:37:34.590-0300] {processor.py:829} INFO - Processing file /home/felipe/.local/lib/python3.11/site-packages/airflow/example_dags/example_dag_decorator.py for tasks to queue
[2024-01-24T15:37:34.590-0300] {logging_mixin.py:154} INFO - [2024-01-24T15:37:34.590-0300] {dagbag.py:536} INFO - Filling up the DagBag from /home/felipe/.local/lib/python3.11/site-packages/airflow/example_dags/example_dag_decorator.py
[2024-01-24T15:37:34.600-0300] {processor.py:839} INFO - DAG(s) dict_keys(['example_dag_decorator']) retrieved from /home/felipe/.local/lib/python3.11/site-packages/airflow/example_dags/example_dag_decorator.py
[2024-01-24T15:37:34.605-0300] {logging_mixin.py:154} INFO - [2024-01-24T15:37:34.605-0300] {dag.py:2941} INFO - Sync 1 DAGs
[2024-01-24T15:37:34.612-0300] {logging_mixin.py:154} INFO - [2024-01-24T15:37:34.612-0300] {dag.py:3722} INFO - Setting next_dagrun for example_dag_decorator to None, run_after=None
[2024-01-24T15:37:34.654-0300] {processor.py:179} INFO - Processing /home/felipe/.local/lib/python3.11/site-packages/airflow/example_dags/example_dag_decorator.py took 0.067 seconds
[2024-01-24T15:39:50.176-0300] {processor.py:157} INFO - Started process (PID=19674) to work on /home/felipe/.local/lib/python3.11/site-packages/airflow/example_dags/example_dag_decorator.py
[2024-01-24T15:39:50.209-0300] {processor.py:829} INFO - Processing file /home/felipe/.local/lib/python3.11/site-packages/airflow/example_dags/example_dag_decorator.py for tasks to queue
[2024-01-24T15:39:50.209-0300] {logging_mixin.py:154} INFO - [2024-01-24T15:39:50.209-0300] {dagbag.py:536} INFO - Filling up the DagBag from /home/felipe/.local/lib/python3.11/site-packages/airflow/example_dags/example_dag_decorator.py
[2024-01-24T15:39:50.219-0300] {processor.py:839} INFO - DAG(s) dict_keys(['example_dag_decorator']) retrieved from /home/felipe/.local/lib/python3.11/site-packages/airflow/example_dags/example_dag_decorator.py
[2024-01-24T15:39:50.224-0300] {logging_mixin.py:154} INFO - [2024-01-24T15:39:50.224-0300] {dag.py:2941} INFO - Sync 1 DAGs
[2024-01-24T15:39:50.231-0300] {logging_mixin.py:154} INFO - [2024-01-24T15:39:50.231-0300] {dag.py:3722} INFO - Setting next_dagrun for example_dag_decorator to None, run_after=None
[2024-01-24T15:39:50.249-0300] {processor.py:179} INFO - Processing /home/felipe/.local/lib/python3.11/site-packages/airflow/example_dags/example_dag_decorator.py took 0.075 seconds
[2024-01-24T15:41:21.932-0300] {processor.py:157} INFO - Started process (PID=20141) to work on /home/felipe/.local/lib/python3.11/site-packages/airflow/example_dags/example_dag_decorator.py
[2024-01-24T15:41:21.934-0300] {processor.py:829} INFO - Processing file /home/felipe/.local/lib/python3.11/site-packages/airflow/example_dags/example_dag_decorator.py for tasks to queue
[2024-01-24T15:41:21.935-0300] {logging_mixin.py:154} INFO - [2024-01-24T15:41:21.934-0300] {dagbag.py:536} INFO - Filling up the DagBag from /home/felipe/.local/lib/python3.11/site-packages/airflow/example_dags/example_dag_decorator.py
[2024-01-24T15:41:21.943-0300] {processor.py:839} INFO - DAG(s) dict_keys(['example_dag_decorator']) retrieved from /home/felipe/.local/lib/python3.11/site-packages/airflow/example_dags/example_dag_decorator.py
[2024-01-24T15:41:22.001-0300] {logging_mixin.py:154} INFO - [2024-01-24T15:41:22.001-0300] {dag.py:2941} INFO - Sync 1 DAGs
[2024-01-24T15:41:22.006-0300] {logging_mixin.py:154} INFO - [2024-01-24T15:41:22.006-0300] {dag.py:3722} INFO - Setting next_dagrun for example_dag_decorator to None, run_after=None
[2024-01-24T15:41:22.016-0300] {processor.py:179} INFO - Processing /home/felipe/.local/lib/python3.11/site-packages/airflow/example_dags/example_dag_decorator.py took 0.086 seconds
[2024-01-24T15:42:16.459-0300] {processor.py:157} INFO - Started process (PID=20429) to work on /home/felipe/.local/lib/python3.11/site-packages/airflow/example_dags/example_dag_decorator.py
[2024-01-24T15:42:16.460-0300] {processor.py:829} INFO - Processing file /home/felipe/.local/lib/python3.11/site-packages/airflow/example_dags/example_dag_decorator.py for tasks to queue
[2024-01-24T15:42:16.461-0300] {logging_mixin.py:154} INFO - [2024-01-24T15:42:16.460-0300] {dagbag.py:536} INFO - Filling up the DagBag from /home/felipe/.local/lib/python3.11/site-packages/airflow/example_dags/example_dag_decorator.py
[2024-01-24T15:42:16.468-0300] {processor.py:839} INFO - DAG(s) dict_keys(['example_dag_decorator']) retrieved from /home/felipe/.local/lib/python3.11/site-packages/airflow/example_dags/example_dag_decorator.py
[2024-01-24T15:42:16.524-0300] {logging_mixin.py:154} INFO - [2024-01-24T15:42:16.524-0300] {dag.py:2941} INFO - Sync 1 DAGs
[2024-01-24T15:42:16.529-0300] {logging_mixin.py:154} INFO - [2024-01-24T15:42:16.529-0300] {dag.py:3722} INFO - Setting next_dagrun for example_dag_decorator to None, run_after=None
[2024-01-24T15:42:16.541-0300] {processor.py:179} INFO - Processing /home/felipe/.local/lib/python3.11/site-packages/airflow/example_dags/example_dag_decorator.py took 0.084 seconds
[2024-01-24T15:43:12.234-0300] {processor.py:157} INFO - Started process (PID=20615) to work on /home/felipe/.local/lib/python3.11/site-packages/airflow/example_dags/example_dag_decorator.py
[2024-01-24T15:43:12.266-0300] {processor.py:829} INFO - Processing file /home/felipe/.local/lib/python3.11/site-packages/airflow/example_dags/example_dag_decorator.py for tasks to queue
[2024-01-24T15:43:12.267-0300] {logging_mixin.py:154} INFO - [2024-01-24T15:43:12.267-0300] {dagbag.py:536} INFO - Filling up the DagBag from /home/felipe/.local/lib/python3.11/site-packages/airflow/example_dags/example_dag_decorator.py
[2024-01-24T15:43:12.275-0300] {processor.py:839} INFO - DAG(s) dict_keys(['example_dag_decorator']) retrieved from /home/felipe/.local/lib/python3.11/site-packages/airflow/example_dags/example_dag_decorator.py
[2024-01-24T15:43:12.332-0300] {logging_mixin.py:154} INFO - [2024-01-24T15:43:12.332-0300] {dag.py:2941} INFO - Sync 1 DAGs
[2024-01-24T15:43:12.337-0300] {logging_mixin.py:154} INFO - [2024-01-24T15:43:12.337-0300] {dag.py:3722} INFO - Setting next_dagrun for example_dag_decorator to None, run_after=None
[2024-01-24T15:43:12.356-0300] {processor.py:179} INFO - Processing /home/felipe/.local/lib/python3.11/site-packages/airflow/example_dags/example_dag_decorator.py took 0.124 seconds
[2024-01-24T15:43:59.321-0300] {processor.py:157} INFO - Started process (PID=21082) to work on /home/felipe/.local/lib/python3.11/site-packages/airflow/example_dags/example_dag_decorator.py
[2024-01-24T15:43:59.322-0300] {processor.py:829} INFO - Processing file /home/felipe/.local/lib/python3.11/site-packages/airflow/example_dags/example_dag_decorator.py for tasks to queue
[2024-01-24T15:43:59.322-0300] {logging_mixin.py:154} INFO - [2024-01-24T15:43:59.322-0300] {dagbag.py:536} INFO - Filling up the DagBag from /home/felipe/.local/lib/python3.11/site-packages/airflow/example_dags/example_dag_decorator.py
[2024-01-24T15:43:59.330-0300] {processor.py:839} INFO - DAG(s) dict_keys(['example_dag_decorator']) retrieved from /home/felipe/.local/lib/python3.11/site-packages/airflow/example_dags/example_dag_decorator.py
[2024-01-24T15:43:59.408-0300] {logging_mixin.py:154} INFO - [2024-01-24T15:43:59.408-0300] {dag.py:2941} INFO - Sync 1 DAGs
[2024-01-24T15:43:59.413-0300] {logging_mixin.py:154} INFO - [2024-01-24T15:43:59.413-0300] {dag.py:3722} INFO - Setting next_dagrun for example_dag_decorator to None, run_after=None
[2024-01-24T15:43:59.432-0300] {processor.py:179} INFO - Processing /home/felipe/.local/lib/python3.11/site-packages/airflow/example_dags/example_dag_decorator.py took 0.113 seconds
[2024-01-24T15:44:44.301-0300] {processor.py:157} INFO - Started process (PID=21318) to work on /home/felipe/.local/lib/python3.11/site-packages/airflow/example_dags/example_dag_decorator.py
[2024-01-24T15:44:44.334-0300] {processor.py:829} INFO - Processing file /home/felipe/.local/lib/python3.11/site-packages/airflow/example_dags/example_dag_decorator.py for tasks to queue
[2024-01-24T15:44:44.334-0300] {logging_mixin.py:154} INFO - [2024-01-24T15:44:44.334-0300] {dagbag.py:536} INFO - Filling up the DagBag from /home/felipe/.local/lib/python3.11/site-packages/airflow/example_dags/example_dag_decorator.py
[2024-01-24T15:44:44.345-0300] {processor.py:839} INFO - DAG(s) dict_keys(['example_dag_decorator']) retrieved from /home/felipe/.local/lib/python3.11/site-packages/airflow/example_dags/example_dag_decorator.py
[2024-01-24T15:44:44.410-0300] {logging_mixin.py:154} INFO - [2024-01-24T15:44:44.410-0300] {dag.py:2941} INFO - Sync 1 DAGs
[2024-01-24T15:44:44.414-0300] {logging_mixin.py:154} INFO - [2024-01-24T15:44:44.414-0300] {dag.py:3722} INFO - Setting next_dagrun for example_dag_decorator to None, run_after=None
[2024-01-24T15:44:44.432-0300] {processor.py:179} INFO - Processing /home/felipe/.local/lib/python3.11/site-packages/airflow/example_dags/example_dag_decorator.py took 0.133 seconds
[2024-01-24T15:48:27.456-0300] {processor.py:157} INFO - Started process (PID=21821) to work on /home/felipe/.local/lib/python3.11/site-packages/airflow/example_dags/example_dag_decorator.py
[2024-01-24T15:48:27.488-0300] {processor.py:829} INFO - Processing file /home/felipe/.local/lib/python3.11/site-packages/airflow/example_dags/example_dag_decorator.py for tasks to queue
[2024-01-24T15:48:27.489-0300] {logging_mixin.py:154} INFO - [2024-01-24T15:48:27.489-0300] {dagbag.py:536} INFO - Filling up the DagBag from /home/felipe/.local/lib/python3.11/site-packages/airflow/example_dags/example_dag_decorator.py
[2024-01-24T15:48:27.499-0300] {processor.py:839} INFO - DAG(s) dict_keys(['example_dag_decorator']) retrieved from /home/felipe/.local/lib/python3.11/site-packages/airflow/example_dags/example_dag_decorator.py
[2024-01-24T15:48:27.504-0300] {logging_mixin.py:154} INFO - [2024-01-24T15:48:27.504-0300] {dag.py:2941} INFO - Sync 1 DAGs
[2024-01-24T15:48:27.512-0300] {logging_mixin.py:154} INFO - [2024-01-24T15:48:27.512-0300] {dag.py:3722} INFO - Setting next_dagrun for example_dag_decorator to None, run_after=None
[2024-01-24T15:48:27.531-0300] {processor.py:179} INFO - Processing /home/felipe/.local/lib/python3.11/site-packages/airflow/example_dags/example_dag_decorator.py took 0.077 seconds
[2024-01-24T15:49:59.044-0300] {processor.py:157} INFO - Started process (PID=22228) to work on /home/felipe/.local/lib/python3.11/site-packages/airflow/example_dags/example_dag_decorator.py
[2024-01-24T15:49:59.076-0300] {processor.py:829} INFO - Processing file /home/felipe/.local/lib/python3.11/site-packages/airflow/example_dags/example_dag_decorator.py for tasks to queue
[2024-01-24T15:49:59.076-0300] {logging_mixin.py:154} INFO - [2024-01-24T15:49:59.076-0300] {dagbag.py:536} INFO - Filling up the DagBag from /home/felipe/.local/lib/python3.11/site-packages/airflow/example_dags/example_dag_decorator.py
[2024-01-24T15:49:59.084-0300] {processor.py:839} INFO - DAG(s) dict_keys(['example_dag_decorator']) retrieved from /home/felipe/.local/lib/python3.11/site-packages/airflow/example_dags/example_dag_decorator.py
[2024-01-24T15:49:59.141-0300] {logging_mixin.py:154} INFO - [2024-01-24T15:49:59.141-0300] {dag.py:2941} INFO - Sync 1 DAGs
[2024-01-24T15:49:59.146-0300] {logging_mixin.py:154} INFO - [2024-01-24T15:49:59.146-0300] {dag.py:3722} INFO - Setting next_dagrun for example_dag_decorator to None, run_after=None
[2024-01-24T15:49:59.164-0300] {processor.py:179} INFO - Processing /home/felipe/.local/lib/python3.11/site-packages/airflow/example_dags/example_dag_decorator.py took 0.123 seconds
[2024-01-24T15:50:51.676-0300] {processor.py:157} INFO - Started process (PID=22363) to work on /home/felipe/.local/lib/python3.11/site-packages/airflow/example_dags/example_dag_decorator.py
[2024-01-24T15:50:51.708-0300] {processor.py:829} INFO - Processing file /home/felipe/.local/lib/python3.11/site-packages/airflow/example_dags/example_dag_decorator.py for tasks to queue
[2024-01-24T15:50:51.709-0300] {logging_mixin.py:154} INFO - [2024-01-24T15:50:51.709-0300] {dagbag.py:536} INFO - Filling up the DagBag from /home/felipe/.local/lib/python3.11/site-packages/airflow/example_dags/example_dag_decorator.py
[2024-01-24T15:50:51.717-0300] {processor.py:839} INFO - DAG(s) dict_keys(['example_dag_decorator']) retrieved from /home/felipe/.local/lib/python3.11/site-packages/airflow/example_dags/example_dag_decorator.py
[2024-01-24T15:50:51.772-0300] {logging_mixin.py:154} INFO - [2024-01-24T15:50:51.771-0300] {dag.py:2941} INFO - Sync 1 DAGs
[2024-01-24T15:50:51.776-0300] {logging_mixin.py:154} INFO - [2024-01-24T15:50:51.776-0300] {dag.py:3722} INFO - Setting next_dagrun for example_dag_decorator to None, run_after=None
[2024-01-24T15:50:51.795-0300] {processor.py:179} INFO - Processing /home/felipe/.local/lib/python3.11/site-packages/airflow/example_dags/example_dag_decorator.py took 0.121 seconds
[2024-01-24T15:51:36.630-0300] {processor.py:157} INFO - Started process (PID=22487) to work on /home/felipe/.local/lib/python3.11/site-packages/airflow/example_dags/example_dag_decorator.py
[2024-01-24T15:51:36.662-0300] {processor.py:829} INFO - Processing file /home/felipe/.local/lib/python3.11/site-packages/airflow/example_dags/example_dag_decorator.py for tasks to queue
[2024-01-24T15:51:36.663-0300] {logging_mixin.py:154} INFO - [2024-01-24T15:51:36.662-0300] {dagbag.py:536} INFO - Filling up the DagBag from /home/felipe/.local/lib/python3.11/site-packages/airflow/example_dags/example_dag_decorator.py
[2024-01-24T15:51:36.670-0300] {processor.py:839} INFO - DAG(s) dict_keys(['example_dag_decorator']) retrieved from /home/felipe/.local/lib/python3.11/site-packages/airflow/example_dags/example_dag_decorator.py
[2024-01-24T15:51:36.727-0300] {logging_mixin.py:154} INFO - [2024-01-24T15:51:36.726-0300] {dag.py:2941} INFO - Sync 1 DAGs
[2024-01-24T15:51:36.731-0300] {logging_mixin.py:154} INFO - [2024-01-24T15:51:36.731-0300] {dag.py:3722} INFO - Setting next_dagrun for example_dag_decorator to None, run_after=None
[2024-01-24T15:51:36.752-0300] {processor.py:179} INFO - Processing /home/felipe/.local/lib/python3.11/site-packages/airflow/example_dags/example_dag_decorator.py took 0.124 seconds
[2024-01-24T15:52:18.866-0300] {processor.py:157} INFO - Started process (PID=22682) to work on /home/felipe/.local/lib/python3.11/site-packages/airflow/example_dags/example_dag_decorator.py
[2024-01-24T15:52:18.866-0300] {processor.py:829} INFO - Processing file /home/felipe/.local/lib/python3.11/site-packages/airflow/example_dags/example_dag_decorator.py for tasks to queue
[2024-01-24T15:52:18.867-0300] {logging_mixin.py:154} INFO - [2024-01-24T15:52:18.867-0300] {dagbag.py:536} INFO - Filling up the DagBag from /home/felipe/.local/lib/python3.11/site-packages/airflow/example_dags/example_dag_decorator.py
[2024-01-24T15:52:18.874-0300] {processor.py:839} INFO - DAG(s) dict_keys(['example_dag_decorator']) retrieved from /home/felipe/.local/lib/python3.11/site-packages/airflow/example_dags/example_dag_decorator.py
[2024-01-24T15:52:18.927-0300] {logging_mixin.py:154} INFO - [2024-01-24T15:52:18.927-0300] {dag.py:2941} INFO - Sync 1 DAGs
[2024-01-24T15:52:18.931-0300] {logging_mixin.py:154} INFO - [2024-01-24T15:52:18.931-0300] {dag.py:3722} INFO - Setting next_dagrun for example_dag_decorator to None, run_after=None
[2024-01-24T15:52:18.952-0300] {processor.py:179} INFO - Processing /home/felipe/.local/lib/python3.11/site-packages/airflow/example_dags/example_dag_decorator.py took 0.088 seconds
[2024-01-24T15:52:59.252-0300] {processor.py:157} INFO - Started process (PID=22810) to work on /home/felipe/.local/lib/python3.11/site-packages/airflow/example_dags/example_dag_decorator.py
[2024-01-24T15:52:59.287-0300] {processor.py:829} INFO - Processing file /home/felipe/.local/lib/python3.11/site-packages/airflow/example_dags/example_dag_decorator.py for tasks to queue
[2024-01-24T15:52:59.288-0300] {logging_mixin.py:154} INFO - [2024-01-24T15:52:59.287-0300] {dagbag.py:536} INFO - Filling up the DagBag from /home/felipe/.local/lib/python3.11/site-packages/airflow/example_dags/example_dag_decorator.py
[2024-01-24T15:52:59.295-0300] {processor.py:839} INFO - DAG(s) dict_keys(['example_dag_decorator']) retrieved from /home/felipe/.local/lib/python3.11/site-packages/airflow/example_dags/example_dag_decorator.py
[2024-01-24T15:52:59.349-0300] {logging_mixin.py:154} INFO - [2024-01-24T15:52:59.349-0300] {dag.py:2941} INFO - Sync 1 DAGs
[2024-01-24T15:52:59.354-0300] {logging_mixin.py:154} INFO - [2024-01-24T15:52:59.354-0300] {dag.py:3722} INFO - Setting next_dagrun for example_dag_decorator to None, run_after=None
[2024-01-24T15:52:59.372-0300] {processor.py:179} INFO - Processing /home/felipe/.local/lib/python3.11/site-packages/airflow/example_dags/example_dag_decorator.py took 0.122 seconds
[2024-01-24T15:53:38.187-0300] {processor.py:157} INFO - Started process (PID=22929) to work on /home/felipe/.local/lib/python3.11/site-packages/airflow/example_dags/example_dag_decorator.py
[2024-01-24T15:53:38.188-0300] {processor.py:829} INFO - Processing file /home/felipe/.local/lib/python3.11/site-packages/airflow/example_dags/example_dag_decorator.py for tasks to queue
[2024-01-24T15:53:38.188-0300] {logging_mixin.py:154} INFO - [2024-01-24T15:53:38.188-0300] {dagbag.py:536} INFO - Filling up the DagBag from /home/felipe/.local/lib/python3.11/site-packages/airflow/example_dags/example_dag_decorator.py
[2024-01-24T15:53:38.196-0300] {processor.py:839} INFO - DAG(s) dict_keys(['example_dag_decorator']) retrieved from /home/felipe/.local/lib/python3.11/site-packages/airflow/example_dags/example_dag_decorator.py
[2024-01-24T15:53:38.250-0300] {logging_mixin.py:154} INFO - [2024-01-24T15:53:38.250-0300] {dag.py:2941} INFO - Sync 1 DAGs
[2024-01-24T15:53:38.255-0300] {logging_mixin.py:154} INFO - [2024-01-24T15:53:38.255-0300] {dag.py:3722} INFO - Setting next_dagrun for example_dag_decorator to None, run_after=None
[2024-01-24T15:53:38.267-0300] {processor.py:179} INFO - Processing /home/felipe/.local/lib/python3.11/site-packages/airflow/example_dags/example_dag_decorator.py took 0.082 seconds
[2024-01-24T15:54:32.784-0300] {processor.py:157} INFO - Started process (PID=23098) to work on /home/felipe/.local/lib/python3.11/site-packages/airflow/example_dags/example_dag_decorator.py
[2024-01-24T15:54:32.814-0300] {processor.py:829} INFO - Processing file /home/felipe/.local/lib/python3.11/site-packages/airflow/example_dags/example_dag_decorator.py for tasks to queue
[2024-01-24T15:54:32.815-0300] {logging_mixin.py:154} INFO - [2024-01-24T15:54:32.815-0300] {dagbag.py:536} INFO - Filling up the DagBag from /home/felipe/.local/lib/python3.11/site-packages/airflow/example_dags/example_dag_decorator.py
[2024-01-24T15:54:32.823-0300] {processor.py:839} INFO - DAG(s) dict_keys(['example_dag_decorator']) retrieved from /home/felipe/.local/lib/python3.11/site-packages/airflow/example_dags/example_dag_decorator.py
[2024-01-24T15:54:32.875-0300] {logging_mixin.py:154} INFO - [2024-01-24T15:54:32.875-0300] {dag.py:2941} INFO - Sync 1 DAGs
[2024-01-24T15:54:32.881-0300] {logging_mixin.py:154} INFO - [2024-01-24T15:54:32.881-0300] {dag.py:3722} INFO - Setting next_dagrun for example_dag_decorator to None, run_after=None
[2024-01-24T15:54:32.892-0300] {processor.py:179} INFO - Processing /home/felipe/.local/lib/python3.11/site-packages/airflow/example_dags/example_dag_decorator.py took 0.110 seconds
[2024-01-24T15:55:49.344-0300] {processor.py:157} INFO - Started process (PID=23350) to work on /home/felipe/.local/lib/python3.11/site-packages/airflow/example_dags/example_dag_decorator.py
[2024-01-24T15:55:49.345-0300] {processor.py:829} INFO - Processing file /home/felipe/.local/lib/python3.11/site-packages/airflow/example_dags/example_dag_decorator.py for tasks to queue
[2024-01-24T15:55:49.345-0300] {logging_mixin.py:154} INFO - [2024-01-24T15:55:49.345-0300] {dagbag.py:536} INFO - Filling up the DagBag from /home/felipe/.local/lib/python3.11/site-packages/airflow/example_dags/example_dag_decorator.py
[2024-01-24T15:55:49.353-0300] {processor.py:839} INFO - DAG(s) dict_keys(['example_dag_decorator']) retrieved from /home/felipe/.local/lib/python3.11/site-packages/airflow/example_dags/example_dag_decorator.py
[2024-01-24T15:55:49.406-0300] {logging_mixin.py:154} INFO - [2024-01-24T15:55:49.406-0300] {dag.py:2941} INFO - Sync 1 DAGs
[2024-01-24T15:55:49.411-0300] {logging_mixin.py:154} INFO - [2024-01-24T15:55:49.411-0300] {dag.py:3722} INFO - Setting next_dagrun for example_dag_decorator to None, run_after=None
[2024-01-24T15:55:49.423-0300] {processor.py:179} INFO - Processing /home/felipe/.local/lib/python3.11/site-packages/airflow/example_dags/example_dag_decorator.py took 0.081 seconds
[2024-01-24T15:56:43.645-0300] {processor.py:157} INFO - Started process (PID=23538) to work on /home/felipe/.local/lib/python3.11/site-packages/airflow/example_dags/example_dag_decorator.py
[2024-01-24T15:56:43.651-0300] {processor.py:829} INFO - Processing file /home/felipe/.local/lib/python3.11/site-packages/airflow/example_dags/example_dag_decorator.py for tasks to queue
[2024-01-24T15:56:43.652-0300] {logging_mixin.py:154} INFO - [2024-01-24T15:56:43.652-0300] {dagbag.py:536} INFO - Filling up the DagBag from /home/felipe/.local/lib/python3.11/site-packages/airflow/example_dags/example_dag_decorator.py
[2024-01-24T15:56:43.659-0300] {processor.py:839} INFO - DAG(s) dict_keys(['example_dag_decorator']) retrieved from /home/felipe/.local/lib/python3.11/site-packages/airflow/example_dags/example_dag_decorator.py
[2024-01-24T15:56:43.714-0300] {logging_mixin.py:154} INFO - [2024-01-24T15:56:43.714-0300] {dag.py:2941} INFO - Sync 1 DAGs
[2024-01-24T15:56:43.719-0300] {logging_mixin.py:154} INFO - [2024-01-24T15:56:43.719-0300] {dag.py:3722} INFO - Setting next_dagrun for example_dag_decorator to None, run_after=None
[2024-01-24T15:56:43.734-0300] {processor.py:179} INFO - Processing /home/felipe/.local/lib/python3.11/site-packages/airflow/example_dags/example_dag_decorator.py took 0.091 seconds
[2024-01-24T15:57:23.578-0300] {processor.py:157} INFO - Started process (PID=23687) to work on /home/felipe/.local/lib/python3.11/site-packages/airflow/example_dags/example_dag_decorator.py
[2024-01-24T15:57:23.581-0300] {processor.py:829} INFO - Processing file /home/felipe/.local/lib/python3.11/site-packages/airflow/example_dags/example_dag_decorator.py for tasks to queue
[2024-01-24T15:57:23.581-0300] {logging_mixin.py:154} INFO - [2024-01-24T15:57:23.581-0300] {dagbag.py:536} INFO - Filling up the DagBag from /home/felipe/.local/lib/python3.11/site-packages/airflow/example_dags/example_dag_decorator.py
[2024-01-24T15:57:23.590-0300] {processor.py:839} INFO - DAG(s) dict_keys(['example_dag_decorator']) retrieved from /home/felipe/.local/lib/python3.11/site-packages/airflow/example_dags/example_dag_decorator.py
[2024-01-24T15:57:23.648-0300] {logging_mixin.py:154} INFO - [2024-01-24T15:57:23.648-0300] {dag.py:2941} INFO - Sync 1 DAGs
[2024-01-24T15:57:23.653-0300] {logging_mixin.py:154} INFO - [2024-01-24T15:57:23.653-0300] {dag.py:3722} INFO - Setting next_dagrun for example_dag_decorator to None, run_after=None
[2024-01-24T15:57:23.666-0300] {processor.py:179} INFO - Processing /home/felipe/.local/lib/python3.11/site-packages/airflow/example_dags/example_dag_decorator.py took 0.090 seconds
[2024-01-24T15:58:02.802-0300] {processor.py:157} INFO - Started process (PID=23861) to work on /home/felipe/.local/lib/python3.11/site-packages/airflow/example_dags/example_dag_decorator.py
[2024-01-24T15:58:02.818-0300] {processor.py:829} INFO - Processing file /home/felipe/.local/lib/python3.11/site-packages/airflow/example_dags/example_dag_decorator.py for tasks to queue
[2024-01-24T15:58:02.818-0300] {logging_mixin.py:154} INFO - [2024-01-24T15:58:02.818-0300] {dagbag.py:536} INFO - Filling up the DagBag from /home/felipe/.local/lib/python3.11/site-packages/airflow/example_dags/example_dag_decorator.py
[2024-01-24T15:58:02.826-0300] {processor.py:839} INFO - DAG(s) dict_keys(['example_dag_decorator']) retrieved from /home/felipe/.local/lib/python3.11/site-packages/airflow/example_dags/example_dag_decorator.py
[2024-01-24T15:58:02.877-0300] {logging_mixin.py:154} INFO - [2024-01-24T15:58:02.877-0300] {dag.py:2941} INFO - Sync 1 DAGs
[2024-01-24T15:58:02.882-0300] {logging_mixin.py:154} INFO - [2024-01-24T15:58:02.882-0300] {dag.py:3722} INFO - Setting next_dagrun for example_dag_decorator to None, run_after=None
[2024-01-24T15:58:02.892-0300] {processor.py:179} INFO - Processing /home/felipe/.local/lib/python3.11/site-packages/airflow/example_dags/example_dag_decorator.py took 0.091 seconds
[2024-01-24T15:58:46.237-0300] {processor.py:157} INFO - Started process (PID=24020) to work on /home/felipe/.local/lib/python3.11/site-packages/airflow/example_dags/example_dag_decorator.py
[2024-01-24T15:58:46.270-0300] {processor.py:829} INFO - Processing file /home/felipe/.local/lib/python3.11/site-packages/airflow/example_dags/example_dag_decorator.py for tasks to queue
[2024-01-24T15:58:46.271-0300] {logging_mixin.py:154} INFO - [2024-01-24T15:58:46.270-0300] {dagbag.py:536} INFO - Filling up the DagBag from /home/felipe/.local/lib/python3.11/site-packages/airflow/example_dags/example_dag_decorator.py
[2024-01-24T15:58:46.278-0300] {processor.py:839} INFO - DAG(s) dict_keys(['example_dag_decorator']) retrieved from /home/felipe/.local/lib/python3.11/site-packages/airflow/example_dags/example_dag_decorator.py
[2024-01-24T15:58:46.331-0300] {logging_mixin.py:154} INFO - [2024-01-24T15:58:46.331-0300] {dag.py:2941} INFO - Sync 1 DAGs
[2024-01-24T15:58:46.336-0300] {logging_mixin.py:154} INFO - [2024-01-24T15:58:46.336-0300] {dag.py:3722} INFO - Setting next_dagrun for example_dag_decorator to None, run_after=None
[2024-01-24T15:58:46.353-0300] {processor.py:179} INFO - Processing /home/felipe/.local/lib/python3.11/site-packages/airflow/example_dags/example_dag_decorator.py took 0.118 seconds
[2024-01-24T15:59:31.789-0300] {processor.py:157} INFO - Started process (PID=24203) to work on /home/felipe/.local/lib/python3.11/site-packages/airflow/example_dags/example_dag_decorator.py
[2024-01-24T15:59:31.790-0300] {processor.py:829} INFO - Processing file /home/felipe/.local/lib/python3.11/site-packages/airflow/example_dags/example_dag_decorator.py for tasks to queue
[2024-01-24T15:59:31.790-0300] {logging_mixin.py:154} INFO - [2024-01-24T15:59:31.790-0300] {dagbag.py:536} INFO - Filling up the DagBag from /home/felipe/.local/lib/python3.11/site-packages/airflow/example_dags/example_dag_decorator.py
[2024-01-24T15:59:31.798-0300] {processor.py:839} INFO - DAG(s) dict_keys(['example_dag_decorator']) retrieved from /home/felipe/.local/lib/python3.11/site-packages/airflow/example_dags/example_dag_decorator.py
[2024-01-24T15:59:31.857-0300] {logging_mixin.py:154} INFO - [2024-01-24T15:59:31.857-0300] {dag.py:2941} INFO - Sync 1 DAGs
[2024-01-24T15:59:31.862-0300] {logging_mixin.py:154} INFO - [2024-01-24T15:59:31.862-0300] {dag.py:3722} INFO - Setting next_dagrun for example_dag_decorator to None, run_after=None
[2024-01-24T15:59:31.877-0300] {processor.py:179} INFO - Processing /home/felipe/.local/lib/python3.11/site-packages/airflow/example_dags/example_dag_decorator.py took 0.089 seconds
