[2024-01-24T15:37:53.996-0300] {processor.py:157} INFO - Started process (PID=19316) to work on /home/felipe/.local/lib/python3.11/site-packages/airflow/example_dags/example_setup_teardown_taskflow.py
[2024-01-24T15:37:53.996-0300] {processor.py:829} INFO - Processing file /home/felipe/.local/lib/python3.11/site-packages/airflow/example_dags/example_setup_teardown_taskflow.py for tasks to queue
[2024-01-24T15:37:53.997-0300] {logging_mixin.py:154} INFO - [2024-01-24T15:37:53.996-0300] {dagbag.py:536} INFO - Filling up the DagBag from /home/felipe/.local/lib/python3.11/site-packages/airflow/example_dags/example_setup_teardown_taskflow.py
[2024-01-24T15:37:54.003-0300] {processor.py:839} INFO - DAG(s) dict_keys(['example_setup_teardown_taskflow']) retrieved from /home/felipe/.local/lib/python3.11/site-packages/airflow/example_dags/example_setup_teardown_taskflow.py
[2024-01-24T15:37:54.014-0300] {logging_mixin.py:154} INFO - [2024-01-24T15:37:54.014-0300] {dag.py:2941} INFO - Sync 1 DAGs
[2024-01-24T15:37:54.025-0300] {logging_mixin.py:154} INFO - [2024-01-24T15:37:54.024-0300] {dag.py:3722} INFO - Setting next_dagrun for example_setup_teardown_taskflow to 2024-01-23T18:37:54.024692+00:00, run_after=2024-01-24T18:37:54.024692+00:00
[2024-01-24T15:37:54.069-0300] {processor.py:179} INFO - Processing /home/felipe/.local/lib/python3.11/site-packages/airflow/example_dags/example_setup_teardown_taskflow.py took 0.076 seconds
[2024-01-24T15:40:11.817-0300] {processor.py:157} INFO - Started process (PID=19702) to work on /home/felipe/.local/lib/python3.11/site-packages/airflow/example_dags/example_setup_teardown_taskflow.py
[2024-01-24T15:40:11.818-0300] {processor.py:829} INFO - Processing file /home/felipe/.local/lib/python3.11/site-packages/airflow/example_dags/example_setup_teardown_taskflow.py for tasks to queue
[2024-01-24T15:40:11.818-0300] {logging_mixin.py:154} INFO - [2024-01-24T15:40:11.818-0300] {dagbag.py:536} INFO - Filling up the DagBag from /home/felipe/.local/lib/python3.11/site-packages/airflow/example_dags/example_setup_teardown_taskflow.py
[2024-01-24T15:40:11.825-0300] {processor.py:839} INFO - DAG(s) dict_keys(['example_setup_teardown_taskflow']) retrieved from /home/felipe/.local/lib/python3.11/site-packages/airflow/example_dags/example_setup_teardown_taskflow.py
[2024-01-24T15:40:11.836-0300] {logging_mixin.py:154} INFO - [2024-01-24T15:40:11.836-0300] {dag.py:2941} INFO - Sync 1 DAGs
[2024-01-24T15:40:11.846-0300] {logging_mixin.py:154} INFO - [2024-01-24T15:40:11.846-0300] {dag.py:3722} INFO - Setting next_dagrun for example_setup_teardown_taskflow to 2024-01-23T18:40:11.846368+00:00, run_after=2024-01-24T18:40:11.846368+00:00
[2024-01-24T15:40:11.857-0300] {processor.py:179} INFO - Processing /home/felipe/.local/lib/python3.11/site-packages/airflow/example_dags/example_setup_teardown_taskflow.py took 0.042 seconds
[2024-01-24T15:41:41.338-0300] {processor.py:157} INFO - Started process (PID=20187) to work on /home/felipe/.local/lib/python3.11/site-packages/airflow/example_dags/example_setup_teardown_taskflow.py
[2024-01-24T15:41:41.342-0300] {processor.py:829} INFO - Processing file /home/felipe/.local/lib/python3.11/site-packages/airflow/example_dags/example_setup_teardown_taskflow.py for tasks to queue
[2024-01-24T15:41:41.343-0300] {logging_mixin.py:154} INFO - [2024-01-24T15:41:41.342-0300] {dagbag.py:536} INFO - Filling up the DagBag from /home/felipe/.local/lib/python3.11/site-packages/airflow/example_dags/example_setup_teardown_taskflow.py
[2024-01-24T15:41:41.350-0300] {processor.py:839} INFO - DAG(s) dict_keys(['example_setup_teardown_taskflow']) retrieved from /home/felipe/.local/lib/python3.11/site-packages/airflow/example_dags/example_setup_teardown_taskflow.py
[2024-01-24T15:41:41.361-0300] {logging_mixin.py:154} INFO - [2024-01-24T15:41:41.361-0300] {dag.py:2941} INFO - Sync 1 DAGs
[2024-01-24T15:41:41.372-0300] {logging_mixin.py:154} INFO - [2024-01-24T15:41:41.372-0300] {dag.py:3722} INFO - Setting next_dagrun for example_setup_teardown_taskflow to 2024-01-23T18:41:41.372287+00:00, run_after=2024-01-24T18:41:41.372287+00:00
[2024-01-24T15:41:41.383-0300] {processor.py:179} INFO - Processing /home/felipe/.local/lib/python3.11/site-packages/airflow/example_dags/example_setup_teardown_taskflow.py took 0.047 seconds
[2024-01-24T15:42:40.668-0300] {processor.py:157} INFO - Started process (PID=20475) to work on /home/felipe/.local/lib/python3.11/site-packages/airflow/example_dags/example_setup_teardown_taskflow.py
[2024-01-24T15:42:40.700-0300] {processor.py:829} INFO - Processing file /home/felipe/.local/lib/python3.11/site-packages/airflow/example_dags/example_setup_teardown_taskflow.py for tasks to queue
[2024-01-24T15:42:40.701-0300] {logging_mixin.py:154} INFO - [2024-01-24T15:42:40.701-0300] {dagbag.py:536} INFO - Filling up the DagBag from /home/felipe/.local/lib/python3.11/site-packages/airflow/example_dags/example_setup_teardown_taskflow.py
[2024-01-24T15:42:40.708-0300] {processor.py:839} INFO - DAG(s) dict_keys(['example_setup_teardown_taskflow']) retrieved from /home/felipe/.local/lib/python3.11/site-packages/airflow/example_dags/example_setup_teardown_taskflow.py
[2024-01-24T15:42:40.719-0300] {logging_mixin.py:154} INFO - [2024-01-24T15:42:40.719-0300] {dag.py:2941} INFO - Sync 1 DAGs
[2024-01-24T15:42:40.729-0300] {logging_mixin.py:154} INFO - [2024-01-24T15:42:40.729-0300] {dag.py:3722} INFO - Setting next_dagrun for example_setup_teardown_taskflow to 2024-01-23T18:42:40.729374+00:00, run_after=2024-01-24T18:42:40.729374+00:00
[2024-01-24T15:42:40.739-0300] {processor.py:179} INFO - Processing /home/felipe/.local/lib/python3.11/site-packages/airflow/example_dags/example_setup_teardown_taskflow.py took 0.074 seconds
[2024-01-24T15:43:35.358-0300] {processor.py:157} INFO - Started process (PID=20643) to work on /home/felipe/.local/lib/python3.11/site-packages/airflow/example_dags/example_setup_teardown_taskflow.py
[2024-01-24T15:43:35.413-0300] {processor.py:829} INFO - Processing file /home/felipe/.local/lib/python3.11/site-packages/airflow/example_dags/example_setup_teardown_taskflow.py for tasks to queue
[2024-01-24T15:43:35.414-0300] {logging_mixin.py:154} INFO - [2024-01-24T15:43:35.414-0300] {dagbag.py:536} INFO - Filling up the DagBag from /home/felipe/.local/lib/python3.11/site-packages/airflow/example_dags/example_setup_teardown_taskflow.py
[2024-01-24T15:43:35.421-0300] {processor.py:839} INFO - DAG(s) dict_keys(['example_setup_teardown_taskflow']) retrieved from /home/felipe/.local/lib/python3.11/site-packages/airflow/example_dags/example_setup_teardown_taskflow.py
[2024-01-24T15:43:35.431-0300] {logging_mixin.py:154} INFO - [2024-01-24T15:43:35.431-0300] {dag.py:2941} INFO - Sync 1 DAGs
[2024-01-24T15:43:35.442-0300] {logging_mixin.py:154} INFO - [2024-01-24T15:43:35.441-0300] {dag.py:3722} INFO - Setting next_dagrun for example_setup_teardown_taskflow to 2024-01-23T18:43:35.441818+00:00, run_after=2024-01-24T18:43:35.441818+00:00
[2024-01-24T15:43:35.460-0300] {processor.py:179} INFO - Processing /home/felipe/.local/lib/python3.11/site-packages/airflow/example_dags/example_setup_teardown_taskflow.py took 0.104 seconds
[2024-01-24T15:44:30.299-0300] {processor.py:157} INFO - Started process (PID=21213) to work on /home/felipe/.local/lib/python3.11/site-packages/airflow/example_dags/example_setup_teardown_taskflow.py
[2024-01-24T15:44:30.331-0300] {processor.py:829} INFO - Processing file /home/felipe/.local/lib/python3.11/site-packages/airflow/example_dags/example_setup_teardown_taskflow.py for tasks to queue
[2024-01-24T15:44:30.332-0300] {logging_mixin.py:154} INFO - [2024-01-24T15:44:30.331-0300] {dagbag.py:536} INFO - Filling up the DagBag from /home/felipe/.local/lib/python3.11/site-packages/airflow/example_dags/example_setup_teardown_taskflow.py
[2024-01-24T15:44:30.338-0300] {processor.py:839} INFO - DAG(s) dict_keys(['example_setup_teardown_taskflow']) retrieved from /home/felipe/.local/lib/python3.11/site-packages/airflow/example_dags/example_setup_teardown_taskflow.py
[2024-01-24T15:44:30.350-0300] {logging_mixin.py:154} INFO - [2024-01-24T15:44:30.350-0300] {dag.py:2941} INFO - Sync 1 DAGs
[2024-01-24T15:44:30.360-0300] {logging_mixin.py:154} INFO - [2024-01-24T15:44:30.360-0300] {dag.py:3722} INFO - Setting next_dagrun for example_setup_teardown_taskflow to 2024-01-23T18:44:30.360565+00:00, run_after=2024-01-24T18:44:30.360565+00:00
[2024-01-24T15:44:30.378-0300] {processor.py:179} INFO - Processing /home/felipe/.local/lib/python3.11/site-packages/airflow/example_dags/example_setup_teardown_taskflow.py took 0.082 seconds
[2024-01-24T15:49:32.229-0300] {processor.py:157} INFO - Started process (PID=22098) to work on /home/felipe/.local/lib/python3.11/site-packages/airflow/example_dags/example_setup_teardown_taskflow.py
[2024-01-24T15:49:32.262-0300] {processor.py:829} INFO - Processing file /home/felipe/.local/lib/python3.11/site-packages/airflow/example_dags/example_setup_teardown_taskflow.py for tasks to queue
[2024-01-24T15:49:32.262-0300] {logging_mixin.py:154} INFO - [2024-01-24T15:49:32.262-0300] {dagbag.py:536} INFO - Filling up the DagBag from /home/felipe/.local/lib/python3.11/site-packages/airflow/example_dags/example_setup_teardown_taskflow.py
[2024-01-24T15:49:32.269-0300] {processor.py:839} INFO - DAG(s) dict_keys(['example_setup_teardown_taskflow']) retrieved from /home/felipe/.local/lib/python3.11/site-packages/airflow/example_dags/example_setup_teardown_taskflow.py
[2024-01-24T15:49:32.280-0300] {logging_mixin.py:154} INFO - [2024-01-24T15:49:32.280-0300] {dag.py:2941} INFO - Sync 1 DAGs
[2024-01-24T15:49:32.290-0300] {logging_mixin.py:154} INFO - [2024-01-24T15:49:32.290-0300] {dag.py:3722} INFO - Setting next_dagrun for example_setup_teardown_taskflow to 2024-01-23T18:49:32.290717+00:00, run_after=2024-01-24T18:49:32.290717+00:00
[2024-01-24T15:49:32.309-0300] {processor.py:179} INFO - Processing /home/felipe/.local/lib/python3.11/site-packages/airflow/example_dags/example_setup_teardown_taskflow.py took 0.082 seconds
[2024-01-24T15:50:19.744-0300] {processor.py:157} INFO - Started process (PID=22265) to work on /home/felipe/.local/lib/python3.11/site-packages/airflow/example_dags/example_setup_teardown_taskflow.py
[2024-01-24T15:50:19.777-0300] {processor.py:829} INFO - Processing file /home/felipe/.local/lib/python3.11/site-packages/airflow/example_dags/example_setup_teardown_taskflow.py for tasks to queue
[2024-01-24T15:50:19.777-0300] {logging_mixin.py:154} INFO - [2024-01-24T15:50:19.777-0300] {dagbag.py:536} INFO - Filling up the DagBag from /home/felipe/.local/lib/python3.11/site-packages/airflow/example_dags/example_setup_teardown_taskflow.py
[2024-01-24T15:50:19.785-0300] {processor.py:839} INFO - DAG(s) dict_keys(['example_setup_teardown_taskflow']) retrieved from /home/felipe/.local/lib/python3.11/site-packages/airflow/example_dags/example_setup_teardown_taskflow.py
[2024-01-24T15:50:19.794-0300] {logging_mixin.py:154} INFO - [2024-01-24T15:50:19.794-0300] {dag.py:2941} INFO - Sync 1 DAGs
[2024-01-24T15:50:19.807-0300] {logging_mixin.py:154} INFO - [2024-01-24T15:50:19.807-0300] {dag.py:3722} INFO - Setting next_dagrun for example_setup_teardown_taskflow to 2024-01-23T18:50:19.807003+00:00, run_after=2024-01-24T18:50:19.807003+00:00
[2024-01-24T15:50:19.825-0300] {processor.py:179} INFO - Processing /home/felipe/.local/lib/python3.11/site-packages/airflow/example_dags/example_setup_teardown_taskflow.py took 0.082 seconds
[2024-01-24T15:51:22.138-0300] {processor.py:157} INFO - Started process (PID=22449) to work on /home/felipe/.local/lib/python3.11/site-packages/airflow/example_dags/example_setup_teardown_taskflow.py
[2024-01-24T15:51:22.170-0300] {processor.py:829} INFO - Processing file /home/felipe/.local/lib/python3.11/site-packages/airflow/example_dags/example_setup_teardown_taskflow.py for tasks to queue
[2024-01-24T15:51:22.170-0300] {logging_mixin.py:154} INFO - [2024-01-24T15:51:22.170-0300] {dagbag.py:536} INFO - Filling up the DagBag from /home/felipe/.local/lib/python3.11/site-packages/airflow/example_dags/example_setup_teardown_taskflow.py
[2024-01-24T15:51:22.179-0300] {processor.py:839} INFO - DAG(s) dict_keys(['example_setup_teardown_taskflow']) retrieved from /home/felipe/.local/lib/python3.11/site-packages/airflow/example_dags/example_setup_teardown_taskflow.py
[2024-01-24T15:51:22.189-0300] {logging_mixin.py:154} INFO - [2024-01-24T15:51:22.189-0300] {dag.py:2941} INFO - Sync 1 DAGs
[2024-01-24T15:51:22.199-0300] {logging_mixin.py:154} INFO - [2024-01-24T15:51:22.199-0300] {dag.py:3722} INFO - Setting next_dagrun for example_setup_teardown_taskflow to 2024-01-23T18:51:22.199033+00:00, run_after=2024-01-24T18:51:22.199033+00:00
[2024-01-24T15:51:22.216-0300] {processor.py:179} INFO - Processing /home/felipe/.local/lib/python3.11/site-packages/airflow/example_dags/example_setup_teardown_taskflow.py took 0.080 seconds
[2024-01-24T15:52:28.284-0300] {processor.py:157} INFO - Started process (PID=22695) to work on /home/felipe/.local/lib/python3.11/site-packages/airflow/example_dags/example_setup_teardown_taskflow.py
[2024-01-24T15:52:28.300-0300] {processor.py:829} INFO - Processing file /home/felipe/.local/lib/python3.11/site-packages/airflow/example_dags/example_setup_teardown_taskflow.py for tasks to queue
[2024-01-24T15:52:28.300-0300] {logging_mixin.py:154} INFO - [2024-01-24T15:52:28.300-0300] {dagbag.py:536} INFO - Filling up the DagBag from /home/felipe/.local/lib/python3.11/site-packages/airflow/example_dags/example_setup_teardown_taskflow.py
[2024-01-24T15:52:28.307-0300] {processor.py:839} INFO - DAG(s) dict_keys(['example_setup_teardown_taskflow']) retrieved from /home/felipe/.local/lib/python3.11/site-packages/airflow/example_dags/example_setup_teardown_taskflow.py
[2024-01-24T15:52:28.317-0300] {logging_mixin.py:154} INFO - [2024-01-24T15:52:28.316-0300] {dag.py:2941} INFO - Sync 1 DAGs
[2024-01-24T15:52:28.327-0300] {logging_mixin.py:154} INFO - [2024-01-24T15:52:28.327-0300] {dag.py:3722} INFO - Setting next_dagrun for example_setup_teardown_taskflow to 2024-01-23T18:52:28.326870+00:00, run_after=2024-01-24T18:52:28.326870+00:00
[2024-01-24T15:52:28.341-0300] {processor.py:179} INFO - Processing /home/felipe/.local/lib/python3.11/site-packages/airflow/example_dags/example_setup_teardown_taskflow.py took 0.059 seconds
[2024-01-24T15:53:21.878-0300] {processor.py:157} INFO - Started process (PID=22899) to work on /home/felipe/.local/lib/python3.11/site-packages/airflow/example_dags/example_setup_teardown_taskflow.py
[2024-01-24T15:53:21.903-0300] {processor.py:829} INFO - Processing file /home/felipe/.local/lib/python3.11/site-packages/airflow/example_dags/example_setup_teardown_taskflow.py for tasks to queue
[2024-01-24T15:53:21.904-0300] {logging_mixin.py:154} INFO - [2024-01-24T15:53:21.904-0300] {dagbag.py:536} INFO - Filling up the DagBag from /home/felipe/.local/lib/python3.11/site-packages/airflow/example_dags/example_setup_teardown_taskflow.py
[2024-01-24T15:53:21.910-0300] {processor.py:839} INFO - DAG(s) dict_keys(['example_setup_teardown_taskflow']) retrieved from /home/felipe/.local/lib/python3.11/site-packages/airflow/example_dags/example_setup_teardown_taskflow.py
[2024-01-24T15:53:21.922-0300] {logging_mixin.py:154} INFO - [2024-01-24T15:53:21.922-0300] {dag.py:2941} INFO - Sync 1 DAGs
[2024-01-24T15:53:21.934-0300] {logging_mixin.py:154} INFO - [2024-01-24T15:53:21.934-0300] {dag.py:3722} INFO - Setting next_dagrun for example_setup_teardown_taskflow to 2024-01-23T18:53:21.934508+00:00, run_after=2024-01-24T18:53:21.934508+00:00
[2024-01-24T15:53:21.946-0300] {processor.py:179} INFO - Processing /home/felipe/.local/lib/python3.11/site-packages/airflow/example_dags/example_setup_teardown_taskflow.py took 0.071 seconds
[2024-01-24T15:54:41.488-0300] {processor.py:157} INFO - Started process (PID=23123) to work on /home/felipe/.local/lib/python3.11/site-packages/airflow/example_dags/example_setup_teardown_taskflow.py
[2024-01-24T15:54:41.521-0300] {processor.py:829} INFO - Processing file /home/felipe/.local/lib/python3.11/site-packages/airflow/example_dags/example_setup_teardown_taskflow.py for tasks to queue
[2024-01-24T15:54:41.522-0300] {logging_mixin.py:154} INFO - [2024-01-24T15:54:41.521-0300] {dagbag.py:536} INFO - Filling up the DagBag from /home/felipe/.local/lib/python3.11/site-packages/airflow/example_dags/example_setup_teardown_taskflow.py
[2024-01-24T15:54:41.528-0300] {processor.py:839} INFO - DAG(s) dict_keys(['example_setup_teardown_taskflow']) retrieved from /home/felipe/.local/lib/python3.11/site-packages/airflow/example_dags/example_setup_teardown_taskflow.py
[2024-01-24T15:54:41.538-0300] {logging_mixin.py:154} INFO - [2024-01-24T15:54:41.538-0300] {dag.py:2941} INFO - Sync 1 DAGs
[2024-01-24T15:54:41.548-0300] {logging_mixin.py:154} INFO - [2024-01-24T15:54:41.548-0300] {dag.py:3722} INFO - Setting next_dagrun for example_setup_teardown_taskflow to 2024-01-23T18:54:41.548395+00:00, run_after=2024-01-24T18:54:41.548395+00:00
[2024-01-24T15:54:41.566-0300] {processor.py:179} INFO - Processing /home/felipe/.local/lib/python3.11/site-packages/airflow/example_dags/example_setup_teardown_taskflow.py took 0.080 seconds
[2024-01-24T15:55:58.346-0300] {processor.py:157} INFO - Started process (PID=23364) to work on /home/felipe/.local/lib/python3.11/site-packages/airflow/example_dags/example_setup_teardown_taskflow.py
[2024-01-24T15:55:58.378-0300] {processor.py:829} INFO - Processing file /home/felipe/.local/lib/python3.11/site-packages/airflow/example_dags/example_setup_teardown_taskflow.py for tasks to queue
[2024-01-24T15:55:58.379-0300] {logging_mixin.py:154} INFO - [2024-01-24T15:55:58.379-0300] {dagbag.py:536} INFO - Filling up the DagBag from /home/felipe/.local/lib/python3.11/site-packages/airflow/example_dags/example_setup_teardown_taskflow.py
[2024-01-24T15:55:58.385-0300] {processor.py:839} INFO - DAG(s) dict_keys(['example_setup_teardown_taskflow']) retrieved from /home/felipe/.local/lib/python3.11/site-packages/airflow/example_dags/example_setup_teardown_taskflow.py
[2024-01-24T15:55:58.395-0300] {logging_mixin.py:154} INFO - [2024-01-24T15:55:58.395-0300] {dag.py:2941} INFO - Sync 1 DAGs
[2024-01-24T15:55:58.405-0300] {logging_mixin.py:154} INFO - [2024-01-24T15:55:58.405-0300] {dag.py:3722} INFO - Setting next_dagrun for example_setup_teardown_taskflow to 2024-01-23T18:55:58.405134+00:00, run_after=2024-01-24T18:55:58.405134+00:00
[2024-01-24T15:55:58.416-0300] {processor.py:179} INFO - Processing /home/felipe/.local/lib/python3.11/site-packages/airflow/example_dags/example_setup_teardown_taskflow.py took 0.072 seconds
[2024-01-24T15:56:52.805-0300] {processor.py:157} INFO - Started process (PID=23558) to work on /home/felipe/.local/lib/python3.11/site-packages/airflow/example_dags/example_setup_teardown_taskflow.py
[2024-01-24T15:56:52.810-0300] {processor.py:829} INFO - Processing file /home/felipe/.local/lib/python3.11/site-packages/airflow/example_dags/example_setup_teardown_taskflow.py for tasks to queue
[2024-01-24T15:56:52.811-0300] {logging_mixin.py:154} INFO - [2024-01-24T15:56:52.810-0300] {dagbag.py:536} INFO - Filling up the DagBag from /home/felipe/.local/lib/python3.11/site-packages/airflow/example_dags/example_setup_teardown_taskflow.py
[2024-01-24T15:56:52.817-0300] {processor.py:839} INFO - DAG(s) dict_keys(['example_setup_teardown_taskflow']) retrieved from /home/felipe/.local/lib/python3.11/site-packages/airflow/example_dags/example_setup_teardown_taskflow.py
[2024-01-24T15:56:52.826-0300] {logging_mixin.py:154} INFO - [2024-01-24T15:56:52.826-0300] {dag.py:2941} INFO - Sync 1 DAGs
[2024-01-24T15:56:52.837-0300] {logging_mixin.py:154} INFO - [2024-01-24T15:56:52.837-0300] {dag.py:3722} INFO - Setting next_dagrun for example_setup_teardown_taskflow to 2024-01-23T18:56:52.837683+00:00, run_after=2024-01-24T18:56:52.837683+00:00
[2024-01-24T15:56:52.869-0300] {processor.py:179} INFO - Processing /home/felipe/.local/lib/python3.11/site-packages/airflow/example_dags/example_setup_teardown_taskflow.py took 0.066 seconds
[2024-01-24T15:57:52.538-0300] {processor.py:157} INFO - Started process (PID=23842) to work on /home/felipe/.local/lib/python3.11/site-packages/airflow/example_dags/example_setup_teardown_taskflow.py
[2024-01-24T15:57:52.570-0300] {processor.py:829} INFO - Processing file /home/felipe/.local/lib/python3.11/site-packages/airflow/example_dags/example_setup_teardown_taskflow.py for tasks to queue
[2024-01-24T15:57:52.570-0300] {logging_mixin.py:154} INFO - [2024-01-24T15:57:52.570-0300] {dagbag.py:536} INFO - Filling up the DagBag from /home/felipe/.local/lib/python3.11/site-packages/airflow/example_dags/example_setup_teardown_taskflow.py
[2024-01-24T15:57:52.577-0300] {processor.py:839} INFO - DAG(s) dict_keys(['example_setup_teardown_taskflow']) retrieved from /home/felipe/.local/lib/python3.11/site-packages/airflow/example_dags/example_setup_teardown_taskflow.py
[2024-01-24T15:57:52.587-0300] {logging_mixin.py:154} INFO - [2024-01-24T15:57:52.587-0300] {dag.py:2941} INFO - Sync 1 DAGs
[2024-01-24T15:57:52.598-0300] {logging_mixin.py:154} INFO - [2024-01-24T15:57:52.598-0300] {dag.py:3722} INFO - Setting next_dagrun for example_setup_teardown_taskflow to 2024-01-23T18:57:52.597986+00:00, run_after=2024-01-24T18:57:52.597986+00:00
[2024-01-24T15:57:52.608-0300] {processor.py:179} INFO - Processing /home/felipe/.local/lib/python3.11/site-packages/airflow/example_dags/example_setup_teardown_taskflow.py took 0.073 seconds
[2024-01-24T15:58:59.770-0300] {processor.py:157} INFO - Started process (PID=24038) to work on /home/felipe/.local/lib/python3.11/site-packages/airflow/example_dags/example_setup_teardown_taskflow.py
[2024-01-24T15:58:59.802-0300] {processor.py:829} INFO - Processing file /home/felipe/.local/lib/python3.11/site-packages/airflow/example_dags/example_setup_teardown_taskflow.py for tasks to queue
[2024-01-24T15:58:59.802-0300] {logging_mixin.py:154} INFO - [2024-01-24T15:58:59.802-0300] {dagbag.py:536} INFO - Filling up the DagBag from /home/felipe/.local/lib/python3.11/site-packages/airflow/example_dags/example_setup_teardown_taskflow.py
[2024-01-24T15:58:59.809-0300] {processor.py:839} INFO - DAG(s) dict_keys(['example_setup_teardown_taskflow']) retrieved from /home/felipe/.local/lib/python3.11/site-packages/airflow/example_dags/example_setup_teardown_taskflow.py
[2024-01-24T15:58:59.818-0300] {logging_mixin.py:154} INFO - [2024-01-24T15:58:59.818-0300] {dag.py:2941} INFO - Sync 1 DAGs
[2024-01-24T15:58:59.831-0300] {logging_mixin.py:154} INFO - [2024-01-24T15:58:59.831-0300] {dag.py:3722} INFO - Setting next_dagrun for example_setup_teardown_taskflow to 2024-01-23T18:58:59.831293+00:00, run_after=2024-01-24T18:58:59.831293+00:00
[2024-01-24T15:58:59.848-0300] {processor.py:179} INFO - Processing /home/felipe/.local/lib/python3.11/site-packages/airflow/example_dags/example_setup_teardown_taskflow.py took 0.081 seconds
