[2024-01-24T15:38:09.429-0300] {processor.py:157} INFO - Started process (PID=19352) to work on /home/felipe/.local/lib/python3.11/site-packages/airflow/example_dags/example_branch_day_of_week_operator.py
[2024-01-24T15:38:09.430-0300] {processor.py:829} INFO - Processing file /home/felipe/.local/lib/python3.11/site-packages/airflow/example_dags/example_branch_day_of_week_operator.py for tasks to queue
[2024-01-24T15:38:09.430-0300] {logging_mixin.py:154} INFO - [2024-01-24T15:38:09.430-0300] {dagbag.py:536} INFO - Filling up the DagBag from /home/felipe/.local/lib/python3.11/site-packages/airflow/example_dags/example_branch_day_of_week_operator.py
[2024-01-24T15:38:09.435-0300] {processor.py:839} INFO - DAG(s) dict_keys(['example_weekday_branch_operator']) retrieved from /home/felipe/.local/lib/python3.11/site-packages/airflow/example_dags/example_branch_day_of_week_operator.py
[2024-01-24T15:38:09.445-0300] {logging_mixin.py:154} INFO - [2024-01-24T15:38:09.445-0300] {dag.py:2941} INFO - Sync 1 DAGs
[2024-01-24T15:38:09.456-0300] {logging_mixin.py:154} INFO - [2024-01-24T15:38:09.456-0300] {dag.py:3722} INFO - Setting next_dagrun for example_weekday_branch_operator to 2024-01-23T00:00:00+00:00, run_after=2024-01-24T00:00:00+00:00
[2024-01-24T15:38:09.531-0300] {processor.py:179} INFO - Processing /home/felipe/.local/lib/python3.11/site-packages/airflow/example_dags/example_branch_day_of_week_operator.py took 0.103 seconds
[2024-01-24T15:40:59.906-0300] {processor.py:157} INFO - Started process (PID=20006) to work on /home/felipe/.local/lib/python3.11/site-packages/airflow/example_dags/example_branch_day_of_week_operator.py
[2024-01-24T15:40:59.906-0300] {processor.py:829} INFO - Processing file /home/felipe/.local/lib/python3.11/site-packages/airflow/example_dags/example_branch_day_of_week_operator.py for tasks to queue
[2024-01-24T15:40:59.907-0300] {logging_mixin.py:154} INFO - [2024-01-24T15:40:59.907-0300] {dagbag.py:536} INFO - Filling up the DagBag from /home/felipe/.local/lib/python3.11/site-packages/airflow/example_dags/example_branch_day_of_week_operator.py
[2024-01-24T15:40:59.912-0300] {processor.py:839} INFO - DAG(s) dict_keys(['example_weekday_branch_operator']) retrieved from /home/felipe/.local/lib/python3.11/site-packages/airflow/example_dags/example_branch_day_of_week_operator.py
[2024-01-24T15:40:59.923-0300] {logging_mixin.py:154} INFO - [2024-01-24T15:40:59.923-0300] {dag.py:2941} INFO - Sync 1 DAGs
[2024-01-24T15:40:59.936-0300] {logging_mixin.py:154} INFO - [2024-01-24T15:40:59.936-0300] {dag.py:3722} INFO - Setting next_dagrun for example_weekday_branch_operator to 2024-01-23T00:00:00+00:00, run_after=2024-01-24T00:00:00+00:00
[2024-01-24T15:40:59.947-0300] {processor.py:179} INFO - Processing /home/felipe/.local/lib/python3.11/site-packages/airflow/example_dags/example_branch_day_of_week_operator.py took 0.043 seconds
[2024-01-24T15:42:32.996-0300] {processor.py:157} INFO - Started process (PID=20459) to work on /home/felipe/.local/lib/python3.11/site-packages/airflow/example_dags/example_branch_day_of_week_operator.py
[2024-01-24T15:42:33.026-0300] {processor.py:829} INFO - Processing file /home/felipe/.local/lib/python3.11/site-packages/airflow/example_dags/example_branch_day_of_week_operator.py for tasks to queue
[2024-01-24T15:42:33.027-0300] {logging_mixin.py:154} INFO - [2024-01-24T15:42:33.026-0300] {dagbag.py:536} INFO - Filling up the DagBag from /home/felipe/.local/lib/python3.11/site-packages/airflow/example_dags/example_branch_day_of_week_operator.py
[2024-01-24T15:42:33.031-0300] {processor.py:839} INFO - DAG(s) dict_keys(['example_weekday_branch_operator']) retrieved from /home/felipe/.local/lib/python3.11/site-packages/airflow/example_dags/example_branch_day_of_week_operator.py
[2024-01-24T15:42:33.043-0300] {logging_mixin.py:154} INFO - [2024-01-24T15:42:33.043-0300] {dag.py:2941} INFO - Sync 1 DAGs
[2024-01-24T15:42:33.055-0300] {logging_mixin.py:154} INFO - [2024-01-24T15:42:33.055-0300] {dag.py:3722} INFO - Setting next_dagrun for example_weekday_branch_operator to 2024-01-23T00:00:00+00:00, run_after=2024-01-24T00:00:00+00:00
[2024-01-24T15:42:33.070-0300] {processor.py:179} INFO - Processing /home/felipe/.local/lib/python3.11/site-packages/airflow/example_dags/example_branch_day_of_week_operator.py took 0.076 seconds
[2024-01-24T15:43:46.932-0300] {processor.py:157} INFO - Started process (PID=21010) to work on /home/felipe/.local/lib/python3.11/site-packages/airflow/example_dags/example_branch_day_of_week_operator.py
[2024-01-24T15:43:46.933-0300] {processor.py:829} INFO - Processing file /home/felipe/.local/lib/python3.11/site-packages/airflow/example_dags/example_branch_day_of_week_operator.py for tasks to queue
[2024-01-24T15:43:46.933-0300] {logging_mixin.py:154} INFO - [2024-01-24T15:43:46.933-0300] {dagbag.py:536} INFO - Filling up the DagBag from /home/felipe/.local/lib/python3.11/site-packages/airflow/example_dags/example_branch_day_of_week_operator.py
[2024-01-24T15:43:46.938-0300] {processor.py:839} INFO - DAG(s) dict_keys(['example_weekday_branch_operator']) retrieved from /home/felipe/.local/lib/python3.11/site-packages/airflow/example_dags/example_branch_day_of_week_operator.py
[2024-01-24T15:43:46.949-0300] {logging_mixin.py:154} INFO - [2024-01-24T15:43:46.949-0300] {dag.py:2941} INFO - Sync 1 DAGs
[2024-01-24T15:43:46.962-0300] {logging_mixin.py:154} INFO - [2024-01-24T15:43:46.961-0300] {dag.py:3722} INFO - Setting next_dagrun for example_weekday_branch_operator to 2024-01-23T00:00:00+00:00, run_after=2024-01-24T00:00:00+00:00
[2024-01-24T15:43:46.973-0300] {processor.py:179} INFO - Processing /home/felipe/.local/lib/python3.11/site-packages/airflow/example_dags/example_branch_day_of_week_operator.py took 0.044 seconds
[2024-01-24T15:49:46.219-0300] {processor.py:157} INFO - Started process (PID=22152) to work on /home/felipe/.local/lib/python3.11/site-packages/airflow/example_dags/example_branch_day_of_week_operator.py
[2024-01-24T15:49:46.220-0300] {processor.py:829} INFO - Processing file /home/felipe/.local/lib/python3.11/site-packages/airflow/example_dags/example_branch_day_of_week_operator.py for tasks to queue
[2024-01-24T15:49:46.220-0300] {logging_mixin.py:154} INFO - [2024-01-24T15:49:46.220-0300] {dagbag.py:536} INFO - Filling up the DagBag from /home/felipe/.local/lib/python3.11/site-packages/airflow/example_dags/example_branch_day_of_week_operator.py
[2024-01-24T15:49:46.225-0300] {processor.py:839} INFO - DAG(s) dict_keys(['example_weekday_branch_operator']) retrieved from /home/felipe/.local/lib/python3.11/site-packages/airflow/example_dags/example_branch_day_of_week_operator.py
[2024-01-24T15:49:46.236-0300] {logging_mixin.py:154} INFO - [2024-01-24T15:49:46.236-0300] {dag.py:2941} INFO - Sync 1 DAGs
[2024-01-24T15:49:46.248-0300] {logging_mixin.py:154} INFO - [2024-01-24T15:49:46.248-0300] {dag.py:3722} INFO - Setting next_dagrun for example_weekday_branch_operator to 2024-01-23T00:00:00+00:00, run_after=2024-01-24T00:00:00+00:00
[2024-01-24T15:49:46.258-0300] {processor.py:179} INFO - Processing /home/felipe/.local/lib/python3.11/site-packages/airflow/example_dags/example_branch_day_of_week_operator.py took 0.041 seconds
[2024-01-24T15:50:47.273-0300] {processor.py:157} INFO - Started process (PID=22352) to work on /home/felipe/.local/lib/python3.11/site-packages/airflow/example_dags/example_branch_day_of_week_operator.py
[2024-01-24T15:50:47.306-0300] {processor.py:829} INFO - Processing file /home/felipe/.local/lib/python3.11/site-packages/airflow/example_dags/example_branch_day_of_week_operator.py for tasks to queue
[2024-01-24T15:50:47.306-0300] {logging_mixin.py:154} INFO - [2024-01-24T15:50:47.306-0300] {dagbag.py:536} INFO - Filling up the DagBag from /home/felipe/.local/lib/python3.11/site-packages/airflow/example_dags/example_branch_day_of_week_operator.py
[2024-01-24T15:50:47.312-0300] {processor.py:839} INFO - DAG(s) dict_keys(['example_weekday_branch_operator']) retrieved from /home/felipe/.local/lib/python3.11/site-packages/airflow/example_dags/example_branch_day_of_week_operator.py
[2024-01-24T15:50:47.323-0300] {logging_mixin.py:154} INFO - [2024-01-24T15:50:47.323-0300] {dag.py:2941} INFO - Sync 1 DAGs
[2024-01-24T15:50:47.334-0300] {logging_mixin.py:154} INFO - [2024-01-24T15:50:47.334-0300] {dag.py:3722} INFO - Setting next_dagrun for example_weekday_branch_operator to 2024-01-23T00:00:00+00:00, run_after=2024-01-24T00:00:00+00:00
[2024-01-24T15:50:47.352-0300] {processor.py:179} INFO - Processing /home/felipe/.local/lib/python3.11/site-packages/airflow/example_dags/example_branch_day_of_week_operator.py took 0.080 seconds
[2024-01-24T15:51:50.312-0300] {processor.py:157} INFO - Started process (PID=22511) to work on /home/felipe/.local/lib/python3.11/site-packages/airflow/example_dags/example_branch_day_of_week_operator.py
[2024-01-24T15:51:50.344-0300] {processor.py:829} INFO - Processing file /home/felipe/.local/lib/python3.11/site-packages/airflow/example_dags/example_branch_day_of_week_operator.py for tasks to queue
[2024-01-24T15:51:50.345-0300] {logging_mixin.py:154} INFO - [2024-01-24T15:51:50.345-0300] {dagbag.py:536} INFO - Filling up the DagBag from /home/felipe/.local/lib/python3.11/site-packages/airflow/example_dags/example_branch_day_of_week_operator.py
[2024-01-24T15:51:50.350-0300] {processor.py:839} INFO - DAG(s) dict_keys(['example_weekday_branch_operator']) retrieved from /home/felipe/.local/lib/python3.11/site-packages/airflow/example_dags/example_branch_day_of_week_operator.py
[2024-01-24T15:51:50.360-0300] {logging_mixin.py:154} INFO - [2024-01-24T15:51:50.360-0300] {dag.py:2941} INFO - Sync 1 DAGs
[2024-01-24T15:51:50.372-0300] {logging_mixin.py:154} INFO - [2024-01-24T15:51:50.371-0300] {dag.py:3722} INFO - Setting next_dagrun for example_weekday_branch_operator to 2024-01-23T00:00:00+00:00, run_after=2024-01-24T00:00:00+00:00
[2024-01-24T15:51:50.391-0300] {processor.py:179} INFO - Processing /home/felipe/.local/lib/python3.11/site-packages/airflow/example_dags/example_branch_day_of_week_operator.py took 0.081 seconds
[2024-01-24T15:52:54.017-0300] {processor.py:157} INFO - Started process (PID=22804) to work on /home/felipe/.local/lib/python3.11/site-packages/airflow/example_dags/example_branch_day_of_week_operator.py
[2024-01-24T15:52:54.027-0300] {processor.py:829} INFO - Processing file /home/felipe/.local/lib/python3.11/site-packages/airflow/example_dags/example_branch_day_of_week_operator.py for tasks to queue
[2024-01-24T15:52:54.028-0300] {logging_mixin.py:154} INFO - [2024-01-24T15:52:54.028-0300] {dagbag.py:536} INFO - Filling up the DagBag from /home/felipe/.local/lib/python3.11/site-packages/airflow/example_dags/example_branch_day_of_week_operator.py
[2024-01-24T15:52:54.033-0300] {processor.py:839} INFO - DAG(s) dict_keys(['example_weekday_branch_operator']) retrieved from /home/felipe/.local/lib/python3.11/site-packages/airflow/example_dags/example_branch_day_of_week_operator.py
[2024-01-24T15:52:54.043-0300] {logging_mixin.py:154} INFO - [2024-01-24T15:52:54.043-0300] {dag.py:2941} INFO - Sync 1 DAGs
[2024-01-24T15:52:54.054-0300] {logging_mixin.py:154} INFO - [2024-01-24T15:52:54.054-0300] {dag.py:3722} INFO - Setting next_dagrun for example_weekday_branch_operator to 2024-01-23T00:00:00+00:00, run_after=2024-01-24T00:00:00+00:00
[2024-01-24T15:52:54.071-0300] {processor.py:179} INFO - Processing /home/felipe/.local/lib/python3.11/site-packages/airflow/example_dags/example_branch_day_of_week_operator.py took 0.056 seconds
[2024-01-24T15:53:49.555-0300] {processor.py:157} INFO - Started process (PID=22945) to work on /home/felipe/.local/lib/python3.11/site-packages/airflow/example_dags/example_branch_day_of_week_operator.py
[2024-01-24T15:53:49.560-0300] {processor.py:829} INFO - Processing file /home/felipe/.local/lib/python3.11/site-packages/airflow/example_dags/example_branch_day_of_week_operator.py for tasks to queue
[2024-01-24T15:53:49.560-0300] {logging_mixin.py:154} INFO - [2024-01-24T15:53:49.560-0300] {dagbag.py:536} INFO - Filling up the DagBag from /home/felipe/.local/lib/python3.11/site-packages/airflow/example_dags/example_branch_day_of_week_operator.py
[2024-01-24T15:53:49.565-0300] {processor.py:839} INFO - DAG(s) dict_keys(['example_weekday_branch_operator']) retrieved from /home/felipe/.local/lib/python3.11/site-packages/airflow/example_dags/example_branch_day_of_week_operator.py
[2024-01-24T15:53:49.576-0300] {logging_mixin.py:154} INFO - [2024-01-24T15:53:49.576-0300] {dag.py:2941} INFO - Sync 1 DAGs
[2024-01-24T15:53:49.587-0300] {logging_mixin.py:154} INFO - [2024-01-24T15:53:49.587-0300] {dag.py:3722} INFO - Setting next_dagrun for example_weekday_branch_operator to 2024-01-23T00:00:00+00:00, run_after=2024-01-24T00:00:00+00:00
[2024-01-24T15:53:49.598-0300] {processor.py:179} INFO - Processing /home/felipe/.local/lib/python3.11/site-packages/airflow/example_dags/example_branch_day_of_week_operator.py took 0.046 seconds
[2024-01-24T15:54:55.753-0300] {processor.py:157} INFO - Started process (PID=23143) to work on /home/felipe/.local/lib/python3.11/site-packages/airflow/example_dags/example_branch_day_of_week_operator.py
[2024-01-24T15:54:55.785-0300] {processor.py:829} INFO - Processing file /home/felipe/.local/lib/python3.11/site-packages/airflow/example_dags/example_branch_day_of_week_operator.py for tasks to queue
[2024-01-24T15:54:55.786-0300] {logging_mixin.py:154} INFO - [2024-01-24T15:54:55.785-0300] {dagbag.py:536} INFO - Filling up the DagBag from /home/felipe/.local/lib/python3.11/site-packages/airflow/example_dags/example_branch_day_of_week_operator.py
[2024-01-24T15:54:55.791-0300] {processor.py:839} INFO - DAG(s) dict_keys(['example_weekday_branch_operator']) retrieved from /home/felipe/.local/lib/python3.11/site-packages/airflow/example_dags/example_branch_day_of_week_operator.py
[2024-01-24T15:54:55.801-0300] {logging_mixin.py:154} INFO - [2024-01-24T15:54:55.801-0300] {dag.py:2941} INFO - Sync 1 DAGs
[2024-01-24T15:54:55.812-0300] {logging_mixin.py:154} INFO - [2024-01-24T15:54:55.812-0300] {dag.py:3722} INFO - Setting next_dagrun for example_weekday_branch_operator to 2024-01-23T00:00:00+00:00, run_after=2024-01-24T00:00:00+00:00
[2024-01-24T15:54:55.830-0300] {processor.py:179} INFO - Processing /home/felipe/.local/lib/python3.11/site-packages/airflow/example_dags/example_branch_day_of_week_operator.py took 0.079 seconds
[2024-01-24T15:56:16.656-0300] {processor.py:157} INFO - Started process (PID=23405) to work on /home/felipe/.local/lib/python3.11/site-packages/airflow/example_dags/example_branch_day_of_week_operator.py
[2024-01-24T15:56:16.657-0300] {processor.py:829} INFO - Processing file /home/felipe/.local/lib/python3.11/site-packages/airflow/example_dags/example_branch_day_of_week_operator.py for tasks to queue
[2024-01-24T15:56:16.657-0300] {logging_mixin.py:154} INFO - [2024-01-24T15:56:16.657-0300] {dagbag.py:536} INFO - Filling up the DagBag from /home/felipe/.local/lib/python3.11/site-packages/airflow/example_dags/example_branch_day_of_week_operator.py
[2024-01-24T15:56:16.662-0300] {processor.py:839} INFO - DAG(s) dict_keys(['example_weekday_branch_operator']) retrieved from /home/felipe/.local/lib/python3.11/site-packages/airflow/example_dags/example_branch_day_of_week_operator.py
[2024-01-24T15:56:16.672-0300] {logging_mixin.py:154} INFO - [2024-01-24T15:56:16.672-0300] {dag.py:2941} INFO - Sync 1 DAGs
[2024-01-24T15:56:16.683-0300] {logging_mixin.py:154} INFO - [2024-01-24T15:56:16.683-0300] {dag.py:3722} INFO - Setting next_dagrun for example_weekday_branch_operator to 2024-01-23T00:00:00+00:00, run_after=2024-01-24T00:00:00+00:00
[2024-01-24T15:56:16.693-0300] {processor.py:179} INFO - Processing /home/felipe/.local/lib/python3.11/site-packages/airflow/example_dags/example_branch_day_of_week_operator.py took 0.039 seconds
[2024-01-24T15:57:21.305-0300] {processor.py:157} INFO - Started process (PID=23684) to work on /home/felipe/.local/lib/python3.11/site-packages/airflow/example_dags/example_branch_day_of_week_operator.py
[2024-01-24T15:57:21.306-0300] {processor.py:829} INFO - Processing file /home/felipe/.local/lib/python3.11/site-packages/airflow/example_dags/example_branch_day_of_week_operator.py for tasks to queue
[2024-01-24T15:57:21.306-0300] {logging_mixin.py:154} INFO - [2024-01-24T15:57:21.306-0300] {dagbag.py:536} INFO - Filling up the DagBag from /home/felipe/.local/lib/python3.11/site-packages/airflow/example_dags/example_branch_day_of_week_operator.py
[2024-01-24T15:57:21.311-0300] {processor.py:839} INFO - DAG(s) dict_keys(['example_weekday_branch_operator']) retrieved from /home/felipe/.local/lib/python3.11/site-packages/airflow/example_dags/example_branch_day_of_week_operator.py
[2024-01-24T15:57:21.321-0300] {logging_mixin.py:154} INFO - [2024-01-24T15:57:21.321-0300] {dag.py:2941} INFO - Sync 1 DAGs
[2024-01-24T15:57:21.332-0300] {logging_mixin.py:154} INFO - [2024-01-24T15:57:21.332-0300] {dag.py:3722} INFO - Setting next_dagrun for example_weekday_branch_operator to 2024-01-23T00:00:00+00:00, run_after=2024-01-24T00:00:00+00:00
[2024-01-24T15:57:21.343-0300] {processor.py:179} INFO - Processing /home/felipe/.local/lib/python3.11/site-packages/airflow/example_dags/example_branch_day_of_week_operator.py took 0.040 seconds
[2024-01-24T15:58:19.337-0300] {processor.py:157} INFO - Started process (PID=23887) to work on /home/felipe/.local/lib/python3.11/site-packages/airflow/example_dags/example_branch_day_of_week_operator.py
[2024-01-24T15:58:19.338-0300] {processor.py:829} INFO - Processing file /home/felipe/.local/lib/python3.11/site-packages/airflow/example_dags/example_branch_day_of_week_operator.py for tasks to queue
[2024-01-24T15:58:19.338-0300] {logging_mixin.py:154} INFO - [2024-01-24T15:58:19.338-0300] {dagbag.py:536} INFO - Filling up the DagBag from /home/felipe/.local/lib/python3.11/site-packages/airflow/example_dags/example_branch_day_of_week_operator.py
[2024-01-24T15:58:19.343-0300] {processor.py:839} INFO - DAG(s) dict_keys(['example_weekday_branch_operator']) retrieved from /home/felipe/.local/lib/python3.11/site-packages/airflow/example_dags/example_branch_day_of_week_operator.py
[2024-01-24T15:58:19.354-0300] {logging_mixin.py:154} INFO - [2024-01-24T15:58:19.354-0300] {dag.py:2941} INFO - Sync 1 DAGs
[2024-01-24T15:58:19.365-0300] {logging_mixin.py:154} INFO - [2024-01-24T15:58:19.365-0300] {dag.py:3722} INFO - Setting next_dagrun for example_weekday_branch_operator to 2024-01-23T00:00:00+00:00, run_after=2024-01-24T00:00:00+00:00
[2024-01-24T15:58:19.375-0300] {processor.py:179} INFO - Processing /home/felipe/.local/lib/python3.11/site-packages/airflow/example_dags/example_branch_day_of_week_operator.py took 0.039 seconds
[2024-01-24T15:59:28.466-0300] {processor.py:157} INFO - Started process (PID=24199) to work on /home/felipe/.local/lib/python3.11/site-packages/airflow/example_dags/example_branch_day_of_week_operator.py
[2024-01-24T15:59:28.467-0300] {processor.py:829} INFO - Processing file /home/felipe/.local/lib/python3.11/site-packages/airflow/example_dags/example_branch_day_of_week_operator.py for tasks to queue
[2024-01-24T15:59:28.468-0300] {logging_mixin.py:154} INFO - [2024-01-24T15:59:28.467-0300] {dagbag.py:536} INFO - Filling up the DagBag from /home/felipe/.local/lib/python3.11/site-packages/airflow/example_dags/example_branch_day_of_week_operator.py
[2024-01-24T15:59:28.472-0300] {processor.py:839} INFO - DAG(s) dict_keys(['example_weekday_branch_operator']) retrieved from /home/felipe/.local/lib/python3.11/site-packages/airflow/example_dags/example_branch_day_of_week_operator.py
[2024-01-24T15:59:28.484-0300] {logging_mixin.py:154} INFO - [2024-01-24T15:59:28.484-0300] {dag.py:2941} INFO - Sync 1 DAGs
[2024-01-24T15:59:28.495-0300] {logging_mixin.py:154} INFO - [2024-01-24T15:59:28.495-0300] {dag.py:3722} INFO - Setting next_dagrun for example_weekday_branch_operator to 2024-01-23T00:00:00+00:00, run_after=2024-01-24T00:00:00+00:00
[2024-01-24T15:59:28.509-0300] {processor.py:179} INFO - Processing /home/felipe/.local/lib/python3.11/site-packages/airflow/example_dags/example_branch_day_of_week_operator.py took 0.045 seconds
