[2024-01-24T15:37:33.320-0300] {processor.py:157} INFO - Started process (PID=19165) to work on /home/felipe/.local/lib/python3.11/site-packages/airflow/example_dags/example_dynamic_task_mapping.py
[2024-01-24T15:37:33.321-0300] {processor.py:829} INFO - Processing file /home/felipe/.local/lib/python3.11/site-packages/airflow/example_dags/example_dynamic_task_mapping.py for tasks to queue
[2024-01-24T15:37:33.321-0300] {logging_mixin.py:154} INFO - [2024-01-24T15:37:33.321-0300] {dagbag.py:536} INFO - Filling up the DagBag from /home/felipe/.local/lib/python3.11/site-packages/airflow/example_dags/example_dynamic_task_mapping.py
[2024-01-24T15:37:33.328-0300] {processor.py:839} INFO - DAG(s) dict_keys(['example_dynamic_task_mapping']) retrieved from /home/felipe/.local/lib/python3.11/site-packages/airflow/example_dags/example_dynamic_task_mapping.py
[2024-01-24T15:37:33.333-0300] {logging_mixin.py:154} INFO - [2024-01-24T15:37:33.333-0300] {dag.py:2941} INFO - Sync 1 DAGs
[2024-01-24T15:37:33.346-0300] {logging_mixin.py:154} INFO - [2024-01-24T15:37:33.346-0300] {dag.py:3722} INFO - Setting next_dagrun for example_dynamic_task_mapping to 2022-03-04T00:00:00+00:00, run_after=2022-03-05T00:00:00+00:00
[2024-01-24T15:37:33.357-0300] {processor.py:179} INFO - Processing /home/felipe/.local/lib/python3.11/site-packages/airflow/example_dags/example_dynamic_task_mapping.py took 0.038 seconds
[2024-01-24T15:39:47.908-0300] {processor.py:157} INFO - Started process (PID=19672) to work on /home/felipe/.local/lib/python3.11/site-packages/airflow/example_dags/example_dynamic_task_mapping.py
[2024-01-24T15:39:47.948-0300] {processor.py:829} INFO - Processing file /home/felipe/.local/lib/python3.11/site-packages/airflow/example_dags/example_dynamic_task_mapping.py for tasks to queue
[2024-01-24T15:39:47.949-0300] {logging_mixin.py:154} INFO - [2024-01-24T15:39:47.948-0300] {dagbag.py:536} INFO - Filling up the DagBag from /home/felipe/.local/lib/python3.11/site-packages/airflow/example_dags/example_dynamic_task_mapping.py
[2024-01-24T15:39:47.956-0300] {processor.py:839} INFO - DAG(s) dict_keys(['example_dynamic_task_mapping']) retrieved from /home/felipe/.local/lib/python3.11/site-packages/airflow/example_dags/example_dynamic_task_mapping.py
[2024-01-24T15:39:47.962-0300] {logging_mixin.py:154} INFO - [2024-01-24T15:39:47.962-0300] {dag.py:2941} INFO - Sync 1 DAGs
[2024-01-24T15:39:47.983-0300] {logging_mixin.py:154} INFO - [2024-01-24T15:39:47.983-0300] {dag.py:3722} INFO - Setting next_dagrun for example_dynamic_task_mapping to 2022-03-04T00:00:00+00:00, run_after=2022-03-05T00:00:00+00:00
[2024-01-24T15:39:47.993-0300] {processor.py:179} INFO - Processing /home/felipe/.local/lib/python3.11/site-packages/airflow/example_dags/example_dynamic_task_mapping.py took 0.087 seconds
[2024-01-24T15:41:20.657-0300] {processor.py:157} INFO - Started process (PID=20139) to work on /home/felipe/.local/lib/python3.11/site-packages/airflow/example_dags/example_dynamic_task_mapping.py
[2024-01-24T15:41:20.689-0300] {processor.py:829} INFO - Processing file /home/felipe/.local/lib/python3.11/site-packages/airflow/example_dags/example_dynamic_task_mapping.py for tasks to queue
[2024-01-24T15:41:20.690-0300] {logging_mixin.py:154} INFO - [2024-01-24T15:41:20.689-0300] {dagbag.py:536} INFO - Filling up the DagBag from /home/felipe/.local/lib/python3.11/site-packages/airflow/example_dags/example_dynamic_task_mapping.py
[2024-01-24T15:41:20.695-0300] {processor.py:839} INFO - DAG(s) dict_keys(['example_dynamic_task_mapping']) retrieved from /home/felipe/.local/lib/python3.11/site-packages/airflow/example_dags/example_dynamic_task_mapping.py
[2024-01-24T15:41:20.704-0300] {logging_mixin.py:154} INFO - [2024-01-24T15:41:20.704-0300] {dag.py:2941} INFO - Sync 1 DAGs
[2024-01-24T15:41:20.714-0300] {logging_mixin.py:154} INFO - [2024-01-24T15:41:20.714-0300] {dag.py:3722} INFO - Setting next_dagrun for example_dynamic_task_mapping to 2022-03-04T00:00:00+00:00, run_after=2022-03-05T00:00:00+00:00
[2024-01-24T15:41:20.731-0300] {processor.py:179} INFO - Processing /home/felipe/.local/lib/python3.11/site-packages/airflow/example_dags/example_dynamic_task_mapping.py took 0.077 seconds
[2024-01-24T15:42:15.161-0300] {processor.py:157} INFO - Started process (PID=20426) to work on /home/felipe/.local/lib/python3.11/site-packages/airflow/example_dags/example_dynamic_task_mapping.py
[2024-01-24T15:42:15.193-0300] {processor.py:829} INFO - Processing file /home/felipe/.local/lib/python3.11/site-packages/airflow/example_dags/example_dynamic_task_mapping.py for tasks to queue
[2024-01-24T15:42:15.194-0300] {logging_mixin.py:154} INFO - [2024-01-24T15:42:15.193-0300] {dagbag.py:536} INFO - Filling up the DagBag from /home/felipe/.local/lib/python3.11/site-packages/airflow/example_dags/example_dynamic_task_mapping.py
[2024-01-24T15:42:15.199-0300] {processor.py:839} INFO - DAG(s) dict_keys(['example_dynamic_task_mapping']) retrieved from /home/felipe/.local/lib/python3.11/site-packages/airflow/example_dags/example_dynamic_task_mapping.py
[2024-01-24T15:42:15.208-0300] {logging_mixin.py:154} INFO - [2024-01-24T15:42:15.208-0300] {dag.py:2941} INFO - Sync 1 DAGs
[2024-01-24T15:42:15.218-0300] {logging_mixin.py:154} INFO - [2024-01-24T15:42:15.218-0300] {dag.py:3722} INFO - Setting next_dagrun for example_dynamic_task_mapping to 2022-03-04T00:00:00+00:00, run_after=2022-03-05T00:00:00+00:00
[2024-01-24T15:42:15.236-0300] {processor.py:179} INFO - Processing /home/felipe/.local/lib/python3.11/site-packages/airflow/example_dags/example_dynamic_task_mapping.py took 0.077 seconds
[2024-01-24T15:43:10.289-0300] {processor.py:157} INFO - Started process (PID=20613) to work on /home/felipe/.local/lib/python3.11/site-packages/airflow/example_dags/example_dynamic_task_mapping.py
[2024-01-24T15:43:10.321-0300] {processor.py:829} INFO - Processing file /home/felipe/.local/lib/python3.11/site-packages/airflow/example_dags/example_dynamic_task_mapping.py for tasks to queue
[2024-01-24T15:43:10.321-0300] {logging_mixin.py:154} INFO - [2024-01-24T15:43:10.321-0300] {dagbag.py:536} INFO - Filling up the DagBag from /home/felipe/.local/lib/python3.11/site-packages/airflow/example_dags/example_dynamic_task_mapping.py
[2024-01-24T15:43:10.326-0300] {processor.py:839} INFO - DAG(s) dict_keys(['example_dynamic_task_mapping']) retrieved from /home/felipe/.local/lib/python3.11/site-packages/airflow/example_dags/example_dynamic_task_mapping.py
[2024-01-24T15:43:10.336-0300] {logging_mixin.py:154} INFO - [2024-01-24T15:43:10.336-0300] {dag.py:2941} INFO - Sync 1 DAGs
[2024-01-24T15:43:10.346-0300] {logging_mixin.py:154} INFO - [2024-01-24T15:43:10.346-0300] {dag.py:3722} INFO - Setting next_dagrun for example_dynamic_task_mapping to 2022-03-04T00:00:00+00:00, run_after=2022-03-05T00:00:00+00:00
[2024-01-24T15:43:10.364-0300] {processor.py:179} INFO - Processing /home/felipe/.local/lib/python3.11/site-packages/airflow/example_dags/example_dynamic_task_mapping.py took 0.077 seconds
[2024-01-24T15:43:57.063-0300] {processor.py:157} INFO - Started process (PID=21078) to work on /home/felipe/.local/lib/python3.11/site-packages/airflow/example_dags/example_dynamic_task_mapping.py
[2024-01-24T15:43:57.064-0300] {processor.py:829} INFO - Processing file /home/felipe/.local/lib/python3.11/site-packages/airflow/example_dags/example_dynamic_task_mapping.py for tasks to queue
[2024-01-24T15:43:57.064-0300] {logging_mixin.py:154} INFO - [2024-01-24T15:43:57.064-0300] {dagbag.py:536} INFO - Filling up the DagBag from /home/felipe/.local/lib/python3.11/site-packages/airflow/example_dags/example_dynamic_task_mapping.py
[2024-01-24T15:43:57.069-0300] {processor.py:839} INFO - DAG(s) dict_keys(['example_dynamic_task_mapping']) retrieved from /home/felipe/.local/lib/python3.11/site-packages/airflow/example_dags/example_dynamic_task_mapping.py
[2024-01-24T15:43:57.078-0300] {logging_mixin.py:154} INFO - [2024-01-24T15:43:57.078-0300] {dag.py:2941} INFO - Sync 1 DAGs
[2024-01-24T15:43:57.087-0300] {logging_mixin.py:154} INFO - [2024-01-24T15:43:57.087-0300] {dag.py:3722} INFO - Setting next_dagrun for example_dynamic_task_mapping to 2022-03-04T00:00:00+00:00, run_after=2022-03-05T00:00:00+00:00
[2024-01-24T15:43:57.099-0300] {processor.py:179} INFO - Processing /home/felipe/.local/lib/python3.11/site-packages/airflow/example_dags/example_dynamic_task_mapping.py took 0.038 seconds
[2024-01-24T15:44:42.927-0300] {processor.py:157} INFO - Started process (PID=21316) to work on /home/felipe/.local/lib/python3.11/site-packages/airflow/example_dags/example_dynamic_task_mapping.py
[2024-01-24T15:44:42.973-0300] {processor.py:829} INFO - Processing file /home/felipe/.local/lib/python3.11/site-packages/airflow/example_dags/example_dynamic_task_mapping.py for tasks to queue
[2024-01-24T15:44:42.973-0300] {logging_mixin.py:154} INFO - [2024-01-24T15:44:42.973-0300] {dagbag.py:536} INFO - Filling up the DagBag from /home/felipe/.local/lib/python3.11/site-packages/airflow/example_dags/example_dynamic_task_mapping.py
[2024-01-24T15:44:42.979-0300] {processor.py:839} INFO - DAG(s) dict_keys(['example_dynamic_task_mapping']) retrieved from /home/felipe/.local/lib/python3.11/site-packages/airflow/example_dags/example_dynamic_task_mapping.py
[2024-01-24T15:44:42.988-0300] {logging_mixin.py:154} INFO - [2024-01-24T15:44:42.988-0300] {dag.py:2941} INFO - Sync 1 DAGs
[2024-01-24T15:44:43.002-0300] {logging_mixin.py:154} INFO - [2024-01-24T15:44:43.002-0300] {dag.py:3722} INFO - Setting next_dagrun for example_dynamic_task_mapping to 2022-03-04T00:00:00+00:00, run_after=2022-03-05T00:00:00+00:00
[2024-01-24T15:44:43.020-0300] {processor.py:179} INFO - Processing /home/felipe/.local/lib/python3.11/site-packages/airflow/example_dags/example_dynamic_task_mapping.py took 0.096 seconds
[2024-01-24T15:48:25.185-0300] {processor.py:157} INFO - Started process (PID=21819) to work on /home/felipe/.local/lib/python3.11/site-packages/airflow/example_dags/example_dynamic_task_mapping.py
[2024-01-24T15:48:25.186-0300] {processor.py:829} INFO - Processing file /home/felipe/.local/lib/python3.11/site-packages/airflow/example_dags/example_dynamic_task_mapping.py for tasks to queue
[2024-01-24T15:48:25.187-0300] {logging_mixin.py:154} INFO - [2024-01-24T15:48:25.186-0300] {dagbag.py:536} INFO - Filling up the DagBag from /home/felipe/.local/lib/python3.11/site-packages/airflow/example_dags/example_dynamic_task_mapping.py
[2024-01-24T15:48:25.194-0300] {processor.py:839} INFO - DAG(s) dict_keys(['example_dynamic_task_mapping']) retrieved from /home/felipe/.local/lib/python3.11/site-packages/airflow/example_dags/example_dynamic_task_mapping.py
[2024-01-24T15:48:25.199-0300] {logging_mixin.py:154} INFO - [2024-01-24T15:48:25.199-0300] {dag.py:2941} INFO - Sync 1 DAGs
[2024-01-24T15:48:25.216-0300] {logging_mixin.py:154} INFO - [2024-01-24T15:48:25.216-0300] {dag.py:3722} INFO - Setting next_dagrun for example_dynamic_task_mapping to 2022-03-04T00:00:00+00:00, run_after=2022-03-05T00:00:00+00:00
[2024-01-24T15:48:25.230-0300] {processor.py:179} INFO - Processing /home/felipe/.local/lib/python3.11/site-packages/airflow/example_dags/example_dynamic_task_mapping.py took 0.047 seconds
[2024-01-24T15:49:56.781-0300] {processor.py:157} INFO - Started process (PID=22226) to work on /home/felipe/.local/lib/python3.11/site-packages/airflow/example_dags/example_dynamic_task_mapping.py
[2024-01-24T15:49:56.814-0300] {processor.py:829} INFO - Processing file /home/felipe/.local/lib/python3.11/site-packages/airflow/example_dags/example_dynamic_task_mapping.py for tasks to queue
[2024-01-24T15:49:56.814-0300] {logging_mixin.py:154} INFO - [2024-01-24T15:49:56.814-0300] {dagbag.py:536} INFO - Filling up the DagBag from /home/felipe/.local/lib/python3.11/site-packages/airflow/example_dags/example_dynamic_task_mapping.py
[2024-01-24T15:49:56.819-0300] {processor.py:839} INFO - DAG(s) dict_keys(['example_dynamic_task_mapping']) retrieved from /home/felipe/.local/lib/python3.11/site-packages/airflow/example_dags/example_dynamic_task_mapping.py
[2024-01-24T15:49:56.828-0300] {logging_mixin.py:154} INFO - [2024-01-24T15:49:56.828-0300] {dag.py:2941} INFO - Sync 1 DAGs
[2024-01-24T15:49:56.839-0300] {logging_mixin.py:154} INFO - [2024-01-24T15:49:56.839-0300] {dag.py:3722} INFO - Setting next_dagrun for example_dynamic_task_mapping to 2022-03-04T00:00:00+00:00, run_after=2022-03-05T00:00:00+00:00
[2024-01-24T15:49:56.857-0300] {processor.py:179} INFO - Processing /home/felipe/.local/lib/python3.11/site-packages/airflow/example_dags/example_dynamic_task_mapping.py took 0.077 seconds
[2024-01-24T15:50:50.161-0300] {processor.py:157} INFO - Started process (PID=22360) to work on /home/felipe/.local/lib/python3.11/site-packages/airflow/example_dags/example_dynamic_task_mapping.py
[2024-01-24T15:50:50.193-0300] {processor.py:829} INFO - Processing file /home/felipe/.local/lib/python3.11/site-packages/airflow/example_dags/example_dynamic_task_mapping.py for tasks to queue
[2024-01-24T15:50:50.194-0300] {logging_mixin.py:154} INFO - [2024-01-24T15:50:50.193-0300] {dagbag.py:536} INFO - Filling up the DagBag from /home/felipe/.local/lib/python3.11/site-packages/airflow/example_dags/example_dynamic_task_mapping.py
[2024-01-24T15:50:50.199-0300] {processor.py:839} INFO - DAG(s) dict_keys(['example_dynamic_task_mapping']) retrieved from /home/felipe/.local/lib/python3.11/site-packages/airflow/example_dags/example_dynamic_task_mapping.py
[2024-01-24T15:50:50.207-0300] {logging_mixin.py:154} INFO - [2024-01-24T15:50:50.207-0300] {dag.py:2941} INFO - Sync 1 DAGs
[2024-01-24T15:50:50.217-0300] {logging_mixin.py:154} INFO - [2024-01-24T15:50:50.217-0300] {dag.py:3722} INFO - Setting next_dagrun for example_dynamic_task_mapping to 2022-03-04T00:00:00+00:00, run_after=2022-03-05T00:00:00+00:00
[2024-01-24T15:50:50.234-0300] {processor.py:179} INFO - Processing /home/felipe/.local/lib/python3.11/site-packages/airflow/example_dags/example_dynamic_task_mapping.py took 0.075 seconds
[2024-01-24T15:51:34.873-0300] {processor.py:157} INFO - Started process (PID=22485) to work on /home/felipe/.local/lib/python3.11/site-packages/airflow/example_dags/example_dynamic_task_mapping.py
[2024-01-24T15:51:34.905-0300] {processor.py:829} INFO - Processing file /home/felipe/.local/lib/python3.11/site-packages/airflow/example_dags/example_dynamic_task_mapping.py for tasks to queue
[2024-01-24T15:51:34.906-0300] {logging_mixin.py:154} INFO - [2024-01-24T15:51:34.906-0300] {dagbag.py:536} INFO - Filling up the DagBag from /home/felipe/.local/lib/python3.11/site-packages/airflow/example_dags/example_dynamic_task_mapping.py
[2024-01-24T15:51:34.911-0300] {processor.py:839} INFO - DAG(s) dict_keys(['example_dynamic_task_mapping']) retrieved from /home/felipe/.local/lib/python3.11/site-packages/airflow/example_dags/example_dynamic_task_mapping.py
[2024-01-24T15:51:34.920-0300] {logging_mixin.py:154} INFO - [2024-01-24T15:51:34.920-0300] {dag.py:2941} INFO - Sync 1 DAGs
[2024-01-24T15:51:34.930-0300] {logging_mixin.py:154} INFO - [2024-01-24T15:51:34.930-0300] {dag.py:3722} INFO - Setting next_dagrun for example_dynamic_task_mapping to 2022-03-04T00:00:00+00:00, run_after=2022-03-05T00:00:00+00:00
[2024-01-24T15:51:34.951-0300] {processor.py:179} INFO - Processing /home/felipe/.local/lib/python3.11/site-packages/airflow/example_dags/example_dynamic_task_mapping.py took 0.079 seconds
[2024-01-24T15:52:16.598-0300] {processor.py:157} INFO - Started process (PID=22677) to work on /home/felipe/.local/lib/python3.11/site-packages/airflow/example_dags/example_dynamic_task_mapping.py
[2024-01-24T15:52:16.630-0300] {processor.py:829} INFO - Processing file /home/felipe/.local/lib/python3.11/site-packages/airflow/example_dags/example_dynamic_task_mapping.py for tasks to queue
[2024-01-24T15:52:16.631-0300] {logging_mixin.py:154} INFO - [2024-01-24T15:52:16.630-0300] {dagbag.py:536} INFO - Filling up the DagBag from /home/felipe/.local/lib/python3.11/site-packages/airflow/example_dags/example_dynamic_task_mapping.py
[2024-01-24T15:52:16.636-0300] {processor.py:839} INFO - DAG(s) dict_keys(['example_dynamic_task_mapping']) retrieved from /home/felipe/.local/lib/python3.11/site-packages/airflow/example_dags/example_dynamic_task_mapping.py
[2024-01-24T15:52:16.646-0300] {logging_mixin.py:154} INFO - [2024-01-24T15:52:16.646-0300] {dag.py:2941} INFO - Sync 1 DAGs
[2024-01-24T15:52:16.657-0300] {logging_mixin.py:154} INFO - [2024-01-24T15:52:16.657-0300] {dag.py:3722} INFO - Setting next_dagrun for example_dynamic_task_mapping to 2022-03-04T00:00:00+00:00, run_after=2022-03-05T00:00:00+00:00
[2024-01-24T15:52:16.675-0300] {processor.py:179} INFO - Processing /home/felipe/.local/lib/python3.11/site-packages/airflow/example_dags/example_dynamic_task_mapping.py took 0.079 seconds
[2024-01-24T15:52:56.984-0300] {processor.py:157} INFO - Started process (PID=22808) to work on /home/felipe/.local/lib/python3.11/site-packages/airflow/example_dags/example_dynamic_task_mapping.py
[2024-01-24T15:52:57.016-0300] {processor.py:829} INFO - Processing file /home/felipe/.local/lib/python3.11/site-packages/airflow/example_dags/example_dynamic_task_mapping.py for tasks to queue
[2024-01-24T15:52:57.017-0300] {logging_mixin.py:154} INFO - [2024-01-24T15:52:57.016-0300] {dagbag.py:536} INFO - Filling up the DagBag from /home/felipe/.local/lib/python3.11/site-packages/airflow/example_dags/example_dynamic_task_mapping.py
[2024-01-24T15:52:57.021-0300] {processor.py:839} INFO - DAG(s) dict_keys(['example_dynamic_task_mapping']) retrieved from /home/felipe/.local/lib/python3.11/site-packages/airflow/example_dags/example_dynamic_task_mapping.py
[2024-01-24T15:52:57.030-0300] {logging_mixin.py:154} INFO - [2024-01-24T15:52:57.030-0300] {dag.py:2941} INFO - Sync 1 DAGs
[2024-01-24T15:52:57.040-0300] {logging_mixin.py:154} INFO - [2024-01-24T15:52:57.040-0300] {dag.py:3722} INFO - Setting next_dagrun for example_dynamic_task_mapping to 2022-03-04T00:00:00+00:00, run_after=2022-03-05T00:00:00+00:00
[2024-01-24T15:52:57.057-0300] {processor.py:179} INFO - Processing /home/felipe/.local/lib/python3.11/site-packages/airflow/example_dags/example_dynamic_task_mapping.py took 0.075 seconds
[2024-01-24T15:53:36.447-0300] {processor.py:157} INFO - Started process (PID=22926) to work on /home/felipe/.local/lib/python3.11/site-packages/airflow/example_dags/example_dynamic_task_mapping.py
[2024-01-24T15:53:36.480-0300] {processor.py:829} INFO - Processing file /home/felipe/.local/lib/python3.11/site-packages/airflow/example_dags/example_dynamic_task_mapping.py for tasks to queue
[2024-01-24T15:53:36.480-0300] {logging_mixin.py:154} INFO - [2024-01-24T15:53:36.480-0300] {dagbag.py:536} INFO - Filling up the DagBag from /home/felipe/.local/lib/python3.11/site-packages/airflow/example_dags/example_dynamic_task_mapping.py
[2024-01-24T15:53:36.485-0300] {processor.py:839} INFO - DAG(s) dict_keys(['example_dynamic_task_mapping']) retrieved from /home/felipe/.local/lib/python3.11/site-packages/airflow/example_dags/example_dynamic_task_mapping.py
[2024-01-24T15:53:36.494-0300] {logging_mixin.py:154} INFO - [2024-01-24T15:53:36.494-0300] {dag.py:2941} INFO - Sync 1 DAGs
[2024-01-24T15:53:36.505-0300] {logging_mixin.py:154} INFO - [2024-01-24T15:53:36.505-0300] {dag.py:3722} INFO - Setting next_dagrun for example_dynamic_task_mapping to 2022-03-04T00:00:00+00:00, run_after=2022-03-05T00:00:00+00:00
[2024-01-24T15:53:36.523-0300] {processor.py:179} INFO - Processing /home/felipe/.local/lib/python3.11/site-packages/airflow/example_dags/example_dynamic_task_mapping.py took 0.078 seconds
[2024-01-24T15:54:31.243-0300] {processor.py:157} INFO - Started process (PID=23096) to work on /home/felipe/.local/lib/python3.11/site-packages/airflow/example_dags/example_dynamic_task_mapping.py
[2024-01-24T15:54:31.276-0300] {processor.py:829} INFO - Processing file /home/felipe/.local/lib/python3.11/site-packages/airflow/example_dags/example_dynamic_task_mapping.py for tasks to queue
[2024-01-24T15:54:31.276-0300] {logging_mixin.py:154} INFO - [2024-01-24T15:54:31.276-0300] {dagbag.py:536} INFO - Filling up the DagBag from /home/felipe/.local/lib/python3.11/site-packages/airflow/example_dags/example_dynamic_task_mapping.py
[2024-01-24T15:54:31.281-0300] {processor.py:839} INFO - DAG(s) dict_keys(['example_dynamic_task_mapping']) retrieved from /home/felipe/.local/lib/python3.11/site-packages/airflow/example_dags/example_dynamic_task_mapping.py
[2024-01-24T15:54:31.290-0300] {logging_mixin.py:154} INFO - [2024-01-24T15:54:31.289-0300] {dag.py:2941} INFO - Sync 1 DAGs
[2024-01-24T15:54:31.299-0300] {logging_mixin.py:154} INFO - [2024-01-24T15:54:31.299-0300] {dag.py:3722} INFO - Setting next_dagrun for example_dynamic_task_mapping to 2022-03-04T00:00:00+00:00, run_after=2022-03-05T00:00:00+00:00
[2024-01-24T15:54:31.316-0300] {processor.py:179} INFO - Processing /home/felipe/.local/lib/python3.11/site-packages/airflow/example_dags/example_dynamic_task_mapping.py took 0.075 seconds
[2024-01-24T15:55:47.305-0300] {processor.py:157} INFO - Started process (PID=23347) to work on /home/felipe/.local/lib/python3.11/site-packages/airflow/example_dags/example_dynamic_task_mapping.py
[2024-01-24T15:55:47.305-0300] {processor.py:829} INFO - Processing file /home/felipe/.local/lib/python3.11/site-packages/airflow/example_dags/example_dynamic_task_mapping.py for tasks to queue
[2024-01-24T15:55:47.306-0300] {logging_mixin.py:154} INFO - [2024-01-24T15:55:47.306-0300] {dagbag.py:536} INFO - Filling up the DagBag from /home/felipe/.local/lib/python3.11/site-packages/airflow/example_dags/example_dynamic_task_mapping.py
[2024-01-24T15:55:47.311-0300] {processor.py:839} INFO - DAG(s) dict_keys(['example_dynamic_task_mapping']) retrieved from /home/felipe/.local/lib/python3.11/site-packages/airflow/example_dags/example_dynamic_task_mapping.py
[2024-01-24T15:55:47.321-0300] {logging_mixin.py:154} INFO - [2024-01-24T15:55:47.320-0300] {dag.py:2941} INFO - Sync 1 DAGs
[2024-01-24T15:55:47.331-0300] {logging_mixin.py:154} INFO - [2024-01-24T15:55:47.331-0300] {dag.py:3722} INFO - Setting next_dagrun for example_dynamic_task_mapping to 2022-03-04T00:00:00+00:00, run_after=2022-03-05T00:00:00+00:00
[2024-01-24T15:55:47.343-0300] {processor.py:179} INFO - Processing /home/felipe/.local/lib/python3.11/site-packages/airflow/example_dags/example_dynamic_task_mapping.py took 0.040 seconds
[2024-01-24T15:56:26.928-0300] {processor.py:157} INFO - Started process (PID=23465) to work on /home/felipe/.local/lib/python3.11/site-packages/airflow/example_dags/example_dynamic_task_mapping.py
[2024-01-24T15:56:26.966-0300] {processor.py:829} INFO - Processing file /home/felipe/.local/lib/python3.11/site-packages/airflow/example_dags/example_dynamic_task_mapping.py for tasks to queue
[2024-01-24T15:56:26.967-0300] {logging_mixin.py:154} INFO - [2024-01-24T15:56:26.967-0300] {dagbag.py:536} INFO - Filling up the DagBag from /home/felipe/.local/lib/python3.11/site-packages/airflow/example_dags/example_dynamic_task_mapping.py
[2024-01-24T15:56:26.974-0300] {processor.py:839} INFO - DAG(s) dict_keys(['example_dynamic_task_mapping']) retrieved from /home/felipe/.local/lib/python3.11/site-packages/airflow/example_dags/example_dynamic_task_mapping.py
[2024-01-24T15:56:26.985-0300] {logging_mixin.py:154} INFO - [2024-01-24T15:56:26.984-0300] {dag.py:2941} INFO - Sync 1 DAGs
[2024-01-24T15:56:26.995-0300] {logging_mixin.py:154} INFO - [2024-01-24T15:56:26.994-0300] {dag.py:3722} INFO - Setting next_dagrun for example_dynamic_task_mapping to 2022-03-04T00:00:00+00:00, run_after=2022-03-05T00:00:00+00:00
[2024-01-24T15:56:27.012-0300] {processor.py:179} INFO - Processing /home/felipe/.local/lib/python3.11/site-packages/airflow/example_dags/example_dynamic_task_mapping.py took 0.086 seconds
[2024-01-24T15:57:11.019-0300] {processor.py:157} INFO - Started process (PID=23637) to work on /home/felipe/.local/lib/python3.11/site-packages/airflow/example_dags/example_dynamic_task_mapping.py
[2024-01-24T15:57:11.019-0300] {processor.py:829} INFO - Processing file /home/felipe/.local/lib/python3.11/site-packages/airflow/example_dags/example_dynamic_task_mapping.py for tasks to queue
[2024-01-24T15:57:11.020-0300] {logging_mixin.py:154} INFO - [2024-01-24T15:57:11.020-0300] {dagbag.py:536} INFO - Filling up the DagBag from /home/felipe/.local/lib/python3.11/site-packages/airflow/example_dags/example_dynamic_task_mapping.py
[2024-01-24T15:57:11.025-0300] {processor.py:839} INFO - DAG(s) dict_keys(['example_dynamic_task_mapping']) retrieved from /home/felipe/.local/lib/python3.11/site-packages/airflow/example_dags/example_dynamic_task_mapping.py
[2024-01-24T15:57:11.035-0300] {logging_mixin.py:154} INFO - [2024-01-24T15:57:11.035-0300] {dag.py:2941} INFO - Sync 1 DAGs
[2024-01-24T15:57:11.045-0300] {logging_mixin.py:154} INFO - [2024-01-24T15:57:11.045-0300] {dag.py:3722} INFO - Setting next_dagrun for example_dynamic_task_mapping to 2022-03-04T00:00:00+00:00, run_after=2022-03-05T00:00:00+00:00
[2024-01-24T15:57:11.055-0300] {processor.py:179} INFO - Processing /home/felipe/.local/lib/python3.11/site-packages/airflow/example_dags/example_dynamic_task_mapping.py took 0.038 seconds
[2024-01-24T15:57:51.921-0300] {processor.py:157} INFO - Started process (PID=23841) to work on /home/felipe/.local/lib/python3.11/site-packages/airflow/example_dags/example_dynamic_task_mapping.py
[2024-01-24T15:57:51.953-0300] {processor.py:829} INFO - Processing file /home/felipe/.local/lib/python3.11/site-packages/airflow/example_dags/example_dynamic_task_mapping.py for tasks to queue
[2024-01-24T15:57:51.954-0300] {logging_mixin.py:154} INFO - [2024-01-24T15:57:51.954-0300] {dagbag.py:536} INFO - Filling up the DagBag from /home/felipe/.local/lib/python3.11/site-packages/airflow/example_dags/example_dynamic_task_mapping.py
[2024-01-24T15:57:51.959-0300] {processor.py:839} INFO - DAG(s) dict_keys(['example_dynamic_task_mapping']) retrieved from /home/felipe/.local/lib/python3.11/site-packages/airflow/example_dags/example_dynamic_task_mapping.py
[2024-01-24T15:57:51.968-0300] {logging_mixin.py:154} INFO - [2024-01-24T15:57:51.968-0300] {dag.py:2941} INFO - Sync 1 DAGs
[2024-01-24T15:57:51.978-0300] {logging_mixin.py:154} INFO - [2024-01-24T15:57:51.978-0300] {dag.py:3722} INFO - Setting next_dagrun for example_dynamic_task_mapping to 2022-03-04T00:00:00+00:00, run_after=2022-03-05T00:00:00+00:00
[2024-01-24T15:57:51.995-0300] {processor.py:179} INFO - Processing /home/felipe/.local/lib/python3.11/site-packages/airflow/example_dags/example_dynamic_task_mapping.py took 0.076 seconds
[2024-01-24T15:58:44.969-0300] {processor.py:157} INFO - Started process (PID=24017) to work on /home/felipe/.local/lib/python3.11/site-packages/airflow/example_dags/example_dynamic_task_mapping.py
[2024-01-24T15:58:45.001-0300] {processor.py:829} INFO - Processing file /home/felipe/.local/lib/python3.11/site-packages/airflow/example_dags/example_dynamic_task_mapping.py for tasks to queue
[2024-01-24T15:58:45.002-0300] {logging_mixin.py:154} INFO - [2024-01-24T15:58:45.001-0300] {dagbag.py:536} INFO - Filling up the DagBag from /home/felipe/.local/lib/python3.11/site-packages/airflow/example_dags/example_dynamic_task_mapping.py
[2024-01-24T15:58:45.008-0300] {processor.py:839} INFO - DAG(s) dict_keys(['example_dynamic_task_mapping']) retrieved from /home/felipe/.local/lib/python3.11/site-packages/airflow/example_dags/example_dynamic_task_mapping.py
[2024-01-24T15:58:45.018-0300] {logging_mixin.py:154} INFO - [2024-01-24T15:58:45.018-0300] {dag.py:2941} INFO - Sync 1 DAGs
[2024-01-24T15:58:45.028-0300] {logging_mixin.py:154} INFO - [2024-01-24T15:58:45.028-0300] {dag.py:3722} INFO - Setting next_dagrun for example_dynamic_task_mapping to 2022-03-04T00:00:00+00:00, run_after=2022-03-05T00:00:00+00:00
[2024-01-24T15:58:45.045-0300] {processor.py:179} INFO - Processing /home/felipe/.local/lib/python3.11/site-packages/airflow/example_dags/example_dynamic_task_mapping.py took 0.078 seconds
[2024-01-24T15:59:29.962-0300] {processor.py:157} INFO - Started process (PID=24201) to work on /home/felipe/.local/lib/python3.11/site-packages/airflow/example_dags/example_dynamic_task_mapping.py
[2024-01-24T15:59:29.962-0300] {processor.py:829} INFO - Processing file /home/felipe/.local/lib/python3.11/site-packages/airflow/example_dags/example_dynamic_task_mapping.py for tasks to queue
[2024-01-24T15:59:29.963-0300] {logging_mixin.py:154} INFO - [2024-01-24T15:59:29.963-0300] {dagbag.py:536} INFO - Filling up the DagBag from /home/felipe/.local/lib/python3.11/site-packages/airflow/example_dags/example_dynamic_task_mapping.py
[2024-01-24T15:59:29.968-0300] {processor.py:839} INFO - DAG(s) dict_keys(['example_dynamic_task_mapping']) retrieved from /home/felipe/.local/lib/python3.11/site-packages/airflow/example_dags/example_dynamic_task_mapping.py
[2024-01-24T15:59:29.977-0300] {logging_mixin.py:154} INFO - [2024-01-24T15:59:29.977-0300] {dag.py:2941} INFO - Sync 1 DAGs
[2024-01-24T15:59:29.987-0300] {logging_mixin.py:154} INFO - [2024-01-24T15:59:29.987-0300] {dag.py:3722} INFO - Setting next_dagrun for example_dynamic_task_mapping to 2022-03-04T00:00:00+00:00, run_after=2022-03-05T00:00:00+00:00
[2024-01-24T15:59:30.006-0300] {processor.py:179} INFO - Processing /home/felipe/.local/lib/python3.11/site-packages/airflow/example_dags/example_dynamic_task_mapping.py took 0.046 seconds
