[2024-01-24T15:37:33.454-0300] {processor.py:157} INFO - Started process (PID=19166) to work on /home/felipe/.local/lib/python3.11/site-packages/airflow/example_dags/example_xcomargs.py
[2024-01-24T15:37:33.455-0300] {processor.py:829} INFO - Processing file /home/felipe/.local/lib/python3.11/site-packages/airflow/example_dags/example_xcomargs.py for tasks to queue
[2024-01-24T15:37:33.455-0300] {logging_mixin.py:154} INFO - [2024-01-24T15:37:33.455-0300] {dagbag.py:536} INFO - Filling up the DagBag from /home/felipe/.local/lib/python3.11/site-packages/airflow/example_dags/example_xcomargs.py
[2024-01-24T15:37:33.462-0300] {processor.py:839} INFO - DAG(s) dict_keys(['example_xcom_args', 'example_xcom_args_with_operators']) retrieved from /home/felipe/.local/lib/python3.11/site-packages/airflow/example_dags/example_xcomargs.py
[2024-01-24T15:37:33.469-0300] {logging_mixin.py:154} INFO - [2024-01-24T15:37:33.469-0300] {dag.py:2941} INFO - Sync 2 DAGs
[2024-01-24T15:37:33.476-0300] {logging_mixin.py:154} INFO - [2024-01-24T15:37:33.476-0300] {dag.py:3722} INFO - Setting next_dagrun for example_xcom_args to None, run_after=None
[2024-01-24T15:37:33.478-0300] {logging_mixin.py:154} INFO - [2024-01-24T15:37:33.478-0300] {dag.py:3722} INFO - Setting next_dagrun for example_xcom_args_with_operators to None, run_after=None
[2024-01-24T15:37:33.488-0300] {processor.py:179} INFO - Processing /home/felipe/.local/lib/python3.11/site-packages/airflow/example_dags/example_xcomargs.py took 0.035 seconds
[2024-01-24T15:39:49.043-0300] {processor.py:157} INFO - Started process (PID=19673) to work on /home/felipe/.local/lib/python3.11/site-packages/airflow/example_dags/example_xcomargs.py
[2024-01-24T15:39:49.076-0300] {processor.py:829} INFO - Processing file /home/felipe/.local/lib/python3.11/site-packages/airflow/example_dags/example_xcomargs.py for tasks to queue
[2024-01-24T15:39:49.076-0300] {logging_mixin.py:154} INFO - [2024-01-24T15:39:49.076-0300] {dagbag.py:536} INFO - Filling up the DagBag from /home/felipe/.local/lib/python3.11/site-packages/airflow/example_dags/example_xcomargs.py
[2024-01-24T15:39:49.084-0300] {processor.py:839} INFO - DAG(s) dict_keys(['example_xcom_args_with_operators', 'example_xcom_args']) retrieved from /home/felipe/.local/lib/python3.11/site-packages/airflow/example_dags/example_xcomargs.py
[2024-01-24T15:39:49.090-0300] {logging_mixin.py:154} INFO - [2024-01-24T15:39:49.090-0300] {dag.py:2941} INFO - Sync 2 DAGs
[2024-01-24T15:39:49.097-0300] {logging_mixin.py:154} INFO - [2024-01-24T15:39:49.097-0300] {dag.py:3722} INFO - Setting next_dagrun for example_xcom_args to None, run_after=None
[2024-01-24T15:39:49.099-0300] {logging_mixin.py:154} INFO - [2024-01-24T15:39:49.099-0300] {dag.py:3722} INFO - Setting next_dagrun for example_xcom_args_with_operators to None, run_after=None
[2024-01-24T15:39:49.110-0300] {processor.py:179} INFO - Processing /home/felipe/.local/lib/python3.11/site-packages/airflow/example_dags/example_xcomargs.py took 0.069 seconds
[2024-01-24T15:41:20.798-0300] {processor.py:157} INFO - Started process (PID=20140) to work on /home/felipe/.local/lib/python3.11/site-packages/airflow/example_dags/example_xcomargs.py
[2024-01-24T15:41:20.799-0300] {processor.py:829} INFO - Processing file /home/felipe/.local/lib/python3.11/site-packages/airflow/example_dags/example_xcomargs.py for tasks to queue
[2024-01-24T15:41:20.799-0300] {logging_mixin.py:154} INFO - [2024-01-24T15:41:20.799-0300] {dagbag.py:536} INFO - Filling up the DagBag from /home/felipe/.local/lib/python3.11/site-packages/airflow/example_dags/example_xcomargs.py
[2024-01-24T15:41:20.805-0300] {processor.py:839} INFO - DAG(s) dict_keys(['example_xcom_args_with_operators', 'example_xcom_args']) retrieved from /home/felipe/.local/lib/python3.11/site-packages/airflow/example_dags/example_xcomargs.py
[2024-01-24T15:41:20.816-0300] {logging_mixin.py:154} INFO - [2024-01-24T15:41:20.816-0300] {dag.py:2941} INFO - Sync 2 DAGs
[2024-01-24T15:41:20.822-0300] {logging_mixin.py:154} INFO - [2024-01-24T15:41:20.822-0300] {dag.py:3722} INFO - Setting next_dagrun for example_xcom_args to None, run_after=None
[2024-01-24T15:41:20.824-0300] {logging_mixin.py:154} INFO - [2024-01-24T15:41:20.824-0300] {dag.py:3722} INFO - Setting next_dagrun for example_xcom_args_with_operators to None, run_after=None
[2024-01-24T15:41:20.833-0300] {processor.py:179} INFO - Processing /home/felipe/.local/lib/python3.11/site-packages/airflow/example_dags/example_xcomargs.py took 0.037 seconds
[2024-01-24T15:42:16.294-0300] {processor.py:157} INFO - Started process (PID=20427) to work on /home/felipe/.local/lib/python3.11/site-packages/airflow/example_dags/example_xcomargs.py
[2024-01-24T15:42:16.326-0300] {processor.py:829} INFO - Processing file /home/felipe/.local/lib/python3.11/site-packages/airflow/example_dags/example_xcomargs.py for tasks to queue
[2024-01-24T15:42:16.327-0300] {logging_mixin.py:154} INFO - [2024-01-24T15:42:16.326-0300] {dagbag.py:536} INFO - Filling up the DagBag from /home/felipe/.local/lib/python3.11/site-packages/airflow/example_dags/example_xcomargs.py
[2024-01-24T15:42:16.332-0300] {processor.py:839} INFO - DAG(s) dict_keys(['example_xcom_args', 'example_xcom_args_with_operators']) retrieved from /home/felipe/.local/lib/python3.11/site-packages/airflow/example_dags/example_xcomargs.py
[2024-01-24T15:42:16.343-0300] {logging_mixin.py:154} INFO - [2024-01-24T15:42:16.343-0300] {dag.py:2941} INFO - Sync 2 DAGs
[2024-01-24T15:42:16.350-0300] {logging_mixin.py:154} INFO - [2024-01-24T15:42:16.350-0300] {dag.py:3722} INFO - Setting next_dagrun for example_xcom_args to None, run_after=None
[2024-01-24T15:42:16.351-0300] {logging_mixin.py:154} INFO - [2024-01-24T15:42:16.351-0300] {dag.py:3722} INFO - Setting next_dagrun for example_xcom_args_with_operators to None, run_after=None
[2024-01-24T15:42:16.369-0300] {processor.py:179} INFO - Processing /home/felipe/.local/lib/python3.11/site-packages/airflow/example_dags/example_xcomargs.py took 0.077 seconds
[2024-01-24T15:43:11.105-0300] {processor.py:157} INFO - Started process (PID=20614) to work on /home/felipe/.local/lib/python3.11/site-packages/airflow/example_dags/example_xcomargs.py
[2024-01-24T15:43:11.137-0300] {processor.py:829} INFO - Processing file /home/felipe/.local/lib/python3.11/site-packages/airflow/example_dags/example_xcomargs.py for tasks to queue
[2024-01-24T15:43:11.138-0300] {logging_mixin.py:154} INFO - [2024-01-24T15:43:11.138-0300] {dagbag.py:536} INFO - Filling up the DagBag from /home/felipe/.local/lib/python3.11/site-packages/airflow/example_dags/example_xcomargs.py
[2024-01-24T15:43:11.143-0300] {processor.py:839} INFO - DAG(s) dict_keys(['example_xcom_args', 'example_xcom_args_with_operators']) retrieved from /home/felipe/.local/lib/python3.11/site-packages/airflow/example_dags/example_xcomargs.py
[2024-01-24T15:43:11.154-0300] {logging_mixin.py:154} INFO - [2024-01-24T15:43:11.154-0300] {dag.py:2941} INFO - Sync 2 DAGs
[2024-01-24T15:43:11.160-0300] {logging_mixin.py:154} INFO - [2024-01-24T15:43:11.160-0300] {dag.py:3722} INFO - Setting next_dagrun for example_xcom_args to None, run_after=None
[2024-01-24T15:43:11.161-0300] {logging_mixin.py:154} INFO - [2024-01-24T15:43:11.161-0300] {dag.py:3722} INFO - Setting next_dagrun for example_xcom_args_with_operators to None, run_after=None
[2024-01-24T15:43:11.178-0300] {processor.py:179} INFO - Processing /home/felipe/.local/lib/python3.11/site-packages/airflow/example_dags/example_xcomargs.py took 0.075 seconds
[2024-01-24T15:43:58.196-0300] {processor.py:157} INFO - Started process (PID=21081) to work on /home/felipe/.local/lib/python3.11/site-packages/airflow/example_dags/example_xcomargs.py
[2024-01-24T15:43:58.196-0300] {processor.py:829} INFO - Processing file /home/felipe/.local/lib/python3.11/site-packages/airflow/example_dags/example_xcomargs.py for tasks to queue
[2024-01-24T15:43:58.197-0300] {logging_mixin.py:154} INFO - [2024-01-24T15:43:58.197-0300] {dagbag.py:536} INFO - Filling up the DagBag from /home/felipe/.local/lib/python3.11/site-packages/airflow/example_dags/example_xcomargs.py
[2024-01-24T15:43:58.202-0300] {processor.py:839} INFO - DAG(s) dict_keys(['example_xcom_args_with_operators', 'example_xcom_args']) retrieved from /home/felipe/.local/lib/python3.11/site-packages/airflow/example_dags/example_xcomargs.py
[2024-01-24T15:43:58.212-0300] {logging_mixin.py:154} INFO - [2024-01-24T15:43:58.212-0300] {dag.py:2941} INFO - Sync 2 DAGs
[2024-01-24T15:43:58.221-0300] {logging_mixin.py:154} INFO - [2024-01-24T15:43:58.221-0300] {dag.py:3722} INFO - Setting next_dagrun for example_xcom_args to None, run_after=None
[2024-01-24T15:43:58.223-0300] {logging_mixin.py:154} INFO - [2024-01-24T15:43:58.223-0300] {dag.py:3722} INFO - Setting next_dagrun for example_xcom_args_with_operators to None, run_after=None
[2024-01-24T15:43:58.241-0300] {processor.py:179} INFO - Processing /home/felipe/.local/lib/python3.11/site-packages/airflow/example_dags/example_xcomargs.py took 0.047 seconds
[2024-01-24T15:44:43.237-0300] {processor.py:157} INFO - Started process (PID=21317) to work on /home/felipe/.local/lib/python3.11/site-packages/airflow/example_dags/example_xcomargs.py
[2024-01-24T15:44:43.269-0300] {processor.py:829} INFO - Processing file /home/felipe/.local/lib/python3.11/site-packages/airflow/example_dags/example_xcomargs.py for tasks to queue
[2024-01-24T15:44:43.269-0300] {logging_mixin.py:154} INFO - [2024-01-24T15:44:43.269-0300] {dagbag.py:536} INFO - Filling up the DagBag from /home/felipe/.local/lib/python3.11/site-packages/airflow/example_dags/example_xcomargs.py
[2024-01-24T15:44:43.275-0300] {processor.py:839} INFO - DAG(s) dict_keys(['example_xcom_args', 'example_xcom_args_with_operators']) retrieved from /home/felipe/.local/lib/python3.11/site-packages/airflow/example_dags/example_xcomargs.py
[2024-01-24T15:44:43.286-0300] {logging_mixin.py:154} INFO - [2024-01-24T15:44:43.286-0300] {dag.py:2941} INFO - Sync 2 DAGs
[2024-01-24T15:44:43.292-0300] {logging_mixin.py:154} INFO - [2024-01-24T15:44:43.292-0300] {dag.py:3722} INFO - Setting next_dagrun for example_xcom_args to None, run_after=None
[2024-01-24T15:44:43.293-0300] {logging_mixin.py:154} INFO - [2024-01-24T15:44:43.293-0300] {dag.py:3722} INFO - Setting next_dagrun for example_xcom_args_with_operators to None, run_after=None
[2024-01-24T15:44:43.311-0300] {processor.py:179} INFO - Processing /home/felipe/.local/lib/python3.11/site-packages/airflow/example_dags/example_xcomargs.py took 0.076 seconds
[2024-01-24T15:48:26.325-0300] {processor.py:157} INFO - Started process (PID=21820) to work on /home/felipe/.local/lib/python3.11/site-packages/airflow/example_dags/example_xcomargs.py
[2024-01-24T15:48:26.325-0300] {processor.py:829} INFO - Processing file /home/felipe/.local/lib/python3.11/site-packages/airflow/example_dags/example_xcomargs.py for tasks to queue
[2024-01-24T15:48:26.326-0300] {logging_mixin.py:154} INFO - [2024-01-24T15:48:26.325-0300] {dagbag.py:536} INFO - Filling up the DagBag from /home/felipe/.local/lib/python3.11/site-packages/airflow/example_dags/example_xcomargs.py
[2024-01-24T15:48:26.333-0300] {processor.py:839} INFO - DAG(s) dict_keys(['example_xcom_args_with_operators', 'example_xcom_args']) retrieved from /home/felipe/.local/lib/python3.11/site-packages/airflow/example_dags/example_xcomargs.py
[2024-01-24T15:48:26.340-0300] {logging_mixin.py:154} INFO - [2024-01-24T15:48:26.339-0300] {dag.py:2941} INFO - Sync 2 DAGs
[2024-01-24T15:48:26.347-0300] {logging_mixin.py:154} INFO - [2024-01-24T15:48:26.347-0300] {dag.py:3722} INFO - Setting next_dagrun for example_xcom_args to None, run_after=None
[2024-01-24T15:48:26.349-0300] {logging_mixin.py:154} INFO - [2024-01-24T15:48:26.349-0300] {dag.py:3722} INFO - Setting next_dagrun for example_xcom_args_with_operators to None, run_after=None
[2024-01-24T15:48:26.358-0300] {processor.py:179} INFO - Processing /home/felipe/.local/lib/python3.11/site-packages/airflow/example_dags/example_xcomargs.py took 0.036 seconds
[2024-01-24T15:49:57.913-0300] {processor.py:157} INFO - Started process (PID=22227) to work on /home/felipe/.local/lib/python3.11/site-packages/airflow/example_dags/example_xcomargs.py
[2024-01-24T15:49:57.946-0300] {processor.py:829} INFO - Processing file /home/felipe/.local/lib/python3.11/site-packages/airflow/example_dags/example_xcomargs.py for tasks to queue
[2024-01-24T15:49:57.946-0300] {logging_mixin.py:154} INFO - [2024-01-24T15:49:57.946-0300] {dagbag.py:536} INFO - Filling up the DagBag from /home/felipe/.local/lib/python3.11/site-packages/airflow/example_dags/example_xcomargs.py
[2024-01-24T15:49:57.952-0300] {processor.py:839} INFO - DAG(s) dict_keys(['example_xcom_args', 'example_xcom_args_with_operators']) retrieved from /home/felipe/.local/lib/python3.11/site-packages/airflow/example_dags/example_xcomargs.py
[2024-01-24T15:49:57.963-0300] {logging_mixin.py:154} INFO - [2024-01-24T15:49:57.963-0300] {dag.py:2941} INFO - Sync 2 DAGs
[2024-01-24T15:49:57.971-0300] {logging_mixin.py:154} INFO - [2024-01-24T15:49:57.970-0300] {dag.py:3722} INFO - Setting next_dagrun for example_xcom_args to None, run_after=None
[2024-01-24T15:49:57.972-0300] {logging_mixin.py:154} INFO - [2024-01-24T15:49:57.972-0300] {dag.py:3722} INFO - Setting next_dagrun for example_xcom_args_with_operators to None, run_after=None
[2024-01-24T15:49:57.989-0300] {processor.py:179} INFO - Processing /home/felipe/.local/lib/python3.11/site-packages/airflow/example_dags/example_xcomargs.py took 0.078 seconds
[2024-01-24T15:50:51.289-0300] {processor.py:157} INFO - Started process (PID=22362) to work on /home/felipe/.local/lib/python3.11/site-packages/airflow/example_dags/example_xcomargs.py
[2024-01-24T15:50:51.321-0300] {processor.py:829} INFO - Processing file /home/felipe/.local/lib/python3.11/site-packages/airflow/example_dags/example_xcomargs.py for tasks to queue
[2024-01-24T15:50:51.322-0300] {logging_mixin.py:154} INFO - [2024-01-24T15:50:51.322-0300] {dagbag.py:536} INFO - Filling up the DagBag from /home/felipe/.local/lib/python3.11/site-packages/airflow/example_dags/example_xcomargs.py
[2024-01-24T15:50:51.327-0300] {processor.py:839} INFO - DAG(s) dict_keys(['example_xcom_args_with_operators', 'example_xcom_args']) retrieved from /home/felipe/.local/lib/python3.11/site-packages/airflow/example_dags/example_xcomargs.py
[2024-01-24T15:50:51.338-0300] {logging_mixin.py:154} INFO - [2024-01-24T15:50:51.338-0300] {dag.py:2941} INFO - Sync 2 DAGs
[2024-01-24T15:50:51.344-0300] {logging_mixin.py:154} INFO - [2024-01-24T15:50:51.344-0300] {dag.py:3722} INFO - Setting next_dagrun for example_xcom_args to None, run_after=None
[2024-01-24T15:50:51.345-0300] {logging_mixin.py:154} INFO - [2024-01-24T15:50:51.345-0300] {dag.py:3722} INFO - Setting next_dagrun for example_xcom_args_with_operators to None, run_after=None
[2024-01-24T15:50:51.362-0300] {processor.py:179} INFO - Processing /home/felipe/.local/lib/python3.11/site-packages/airflow/example_dags/example_xcomargs.py took 0.074 seconds
[2024-01-24T15:51:35.496-0300] {processor.py:157} INFO - Started process (PID=22486) to work on /home/felipe/.local/lib/python3.11/site-packages/airflow/example_dags/example_xcomargs.py
[2024-01-24T15:51:35.529-0300] {processor.py:829} INFO - Processing file /home/felipe/.local/lib/python3.11/site-packages/airflow/example_dags/example_xcomargs.py for tasks to queue
[2024-01-24T15:51:35.529-0300] {logging_mixin.py:154} INFO - [2024-01-24T15:51:35.529-0300] {dagbag.py:536} INFO - Filling up the DagBag from /home/felipe/.local/lib/python3.11/site-packages/airflow/example_dags/example_xcomargs.py
[2024-01-24T15:51:35.535-0300] {processor.py:839} INFO - DAG(s) dict_keys(['example_xcom_args_with_operators', 'example_xcom_args']) retrieved from /home/felipe/.local/lib/python3.11/site-packages/airflow/example_dags/example_xcomargs.py
[2024-01-24T15:51:35.546-0300] {logging_mixin.py:154} INFO - [2024-01-24T15:51:35.546-0300] {dag.py:2941} INFO - Sync 2 DAGs
[2024-01-24T15:51:35.552-0300] {logging_mixin.py:154} INFO - [2024-01-24T15:51:35.552-0300] {dag.py:3722} INFO - Setting next_dagrun for example_xcom_args to None, run_after=None
[2024-01-24T15:51:35.553-0300] {logging_mixin.py:154} INFO - [2024-01-24T15:51:35.553-0300] {dag.py:3722} INFO - Setting next_dagrun for example_xcom_args_with_operators to None, run_after=None
[2024-01-24T15:51:35.575-0300] {processor.py:179} INFO - Processing /home/felipe/.local/lib/python3.11/site-packages/airflow/example_dags/example_xcomargs.py took 0.081 seconds
[2024-01-24T15:52:17.735-0300] {processor.py:157} INFO - Started process (PID=22680) to work on /home/felipe/.local/lib/python3.11/site-packages/airflow/example_dags/example_xcomargs.py
[2024-01-24T15:52:17.767-0300] {processor.py:829} INFO - Processing file /home/felipe/.local/lib/python3.11/site-packages/airflow/example_dags/example_xcomargs.py for tasks to queue
[2024-01-24T15:52:17.768-0300] {logging_mixin.py:154} INFO - [2024-01-24T15:52:17.767-0300] {dagbag.py:536} INFO - Filling up the DagBag from /home/felipe/.local/lib/python3.11/site-packages/airflow/example_dags/example_xcomargs.py
[2024-01-24T15:52:17.774-0300] {processor.py:839} INFO - DAG(s) dict_keys(['example_xcom_args_with_operators', 'example_xcom_args']) retrieved from /home/felipe/.local/lib/python3.11/site-packages/airflow/example_dags/example_xcomargs.py
[2024-01-24T15:52:17.786-0300] {logging_mixin.py:154} INFO - [2024-01-24T15:52:17.786-0300] {dag.py:2941} INFO - Sync 2 DAGs
[2024-01-24T15:52:17.793-0300] {logging_mixin.py:154} INFO - [2024-01-24T15:52:17.793-0300] {dag.py:3722} INFO - Setting next_dagrun for example_xcom_args to None, run_after=None
[2024-01-24T15:52:17.794-0300] {logging_mixin.py:154} INFO - [2024-01-24T15:52:17.794-0300] {dag.py:3722} INFO - Setting next_dagrun for example_xcom_args_with_operators to None, run_after=None
[2024-01-24T15:52:17.812-0300] {processor.py:179} INFO - Processing /home/felipe/.local/lib/python3.11/site-packages/airflow/example_dags/example_xcomargs.py took 0.079 seconds
[2024-01-24T15:52:58.122-0300] {processor.py:157} INFO - Started process (PID=22809) to work on /home/felipe/.local/lib/python3.11/site-packages/airflow/example_dags/example_xcomargs.py
[2024-01-24T15:52:58.154-0300] {processor.py:829} INFO - Processing file /home/felipe/.local/lib/python3.11/site-packages/airflow/example_dags/example_xcomargs.py for tasks to queue
[2024-01-24T15:52:58.155-0300] {logging_mixin.py:154} INFO - [2024-01-24T15:52:58.155-0300] {dagbag.py:536} INFO - Filling up the DagBag from /home/felipe/.local/lib/python3.11/site-packages/airflow/example_dags/example_xcomargs.py
[2024-01-24T15:52:58.160-0300] {processor.py:839} INFO - DAG(s) dict_keys(['example_xcom_args', 'example_xcom_args_with_operators']) retrieved from /home/felipe/.local/lib/python3.11/site-packages/airflow/example_dags/example_xcomargs.py
[2024-01-24T15:52:58.172-0300] {logging_mixin.py:154} INFO - [2024-01-24T15:52:58.172-0300] {dag.py:2941} INFO - Sync 2 DAGs
[2024-01-24T15:52:58.178-0300] {logging_mixin.py:154} INFO - [2024-01-24T15:52:58.178-0300] {dag.py:3722} INFO - Setting next_dagrun for example_xcom_args to None, run_after=None
[2024-01-24T15:52:58.179-0300] {logging_mixin.py:154} INFO - [2024-01-24T15:52:58.179-0300] {dag.py:3722} INFO - Setting next_dagrun for example_xcom_args_with_operators to None, run_after=None
[2024-01-24T15:52:58.196-0300] {processor.py:179} INFO - Processing /home/felipe/.local/lib/python3.11/site-packages/airflow/example_dags/example_xcomargs.py took 0.076 seconds
[2024-01-24T15:53:37.578-0300] {processor.py:157} INFO - Started process (PID=22928) to work on /home/felipe/.local/lib/python3.11/site-packages/airflow/example_dags/example_xcomargs.py
[2024-01-24T15:53:37.610-0300] {processor.py:829} INFO - Processing file /home/felipe/.local/lib/python3.11/site-packages/airflow/example_dags/example_xcomargs.py for tasks to queue
[2024-01-24T15:53:37.611-0300] {logging_mixin.py:154} INFO - [2024-01-24T15:53:37.611-0300] {dagbag.py:536} INFO - Filling up the DagBag from /home/felipe/.local/lib/python3.11/site-packages/airflow/example_dags/example_xcomargs.py
[2024-01-24T15:53:37.616-0300] {processor.py:839} INFO - DAG(s) dict_keys(['example_xcom_args_with_operators', 'example_xcom_args']) retrieved from /home/felipe/.local/lib/python3.11/site-packages/airflow/example_dags/example_xcomargs.py
[2024-01-24T15:53:37.628-0300] {logging_mixin.py:154} INFO - [2024-01-24T15:53:37.628-0300] {dag.py:2941} INFO - Sync 2 DAGs
[2024-01-24T15:53:37.635-0300] {logging_mixin.py:154} INFO - [2024-01-24T15:53:37.634-0300] {dag.py:3722} INFO - Setting next_dagrun for example_xcom_args to None, run_after=None
[2024-01-24T15:53:37.636-0300] {logging_mixin.py:154} INFO - [2024-01-24T15:53:37.636-0300] {dag.py:3722} INFO - Setting next_dagrun for example_xcom_args_with_operators to None, run_after=None
[2024-01-24T15:53:37.652-0300] {processor.py:179} INFO - Processing /home/felipe/.local/lib/python3.11/site-packages/airflow/example_dags/example_xcomargs.py took 0.076 seconds
[2024-01-24T15:54:31.649-0300] {processor.py:157} INFO - Started process (PID=23097) to work on /home/felipe/.local/lib/python3.11/site-packages/airflow/example_dags/example_xcomargs.py
[2024-01-24T15:54:31.681-0300] {processor.py:829} INFO - Processing file /home/felipe/.local/lib/python3.11/site-packages/airflow/example_dags/example_xcomargs.py for tasks to queue
[2024-01-24T15:54:31.682-0300] {logging_mixin.py:154} INFO - [2024-01-24T15:54:31.682-0300] {dagbag.py:536} INFO - Filling up the DagBag from /home/felipe/.local/lib/python3.11/site-packages/airflow/example_dags/example_xcomargs.py
[2024-01-24T15:54:31.688-0300] {processor.py:839} INFO - DAG(s) dict_keys(['example_xcom_args', 'example_xcom_args_with_operators']) retrieved from /home/felipe/.local/lib/python3.11/site-packages/airflow/example_dags/example_xcomargs.py
[2024-01-24T15:54:31.698-0300] {logging_mixin.py:154} INFO - [2024-01-24T15:54:31.698-0300] {dag.py:2941} INFO - Sync 2 DAGs
[2024-01-24T15:54:31.704-0300] {logging_mixin.py:154} INFO - [2024-01-24T15:54:31.704-0300] {dag.py:3722} INFO - Setting next_dagrun for example_xcom_args to None, run_after=None
[2024-01-24T15:54:31.707-0300] {logging_mixin.py:154} INFO - [2024-01-24T15:54:31.707-0300] {dag.py:3722} INFO - Setting next_dagrun for example_xcom_args_with_operators to None, run_after=None
[2024-01-24T15:54:31.725-0300] {processor.py:179} INFO - Processing /home/felipe/.local/lib/python3.11/site-packages/airflow/example_dags/example_xcomargs.py took 0.078 seconds
[2024-01-24T15:55:48.212-0300] {processor.py:157} INFO - Started process (PID=23348) to work on /home/felipe/.local/lib/python3.11/site-packages/airflow/example_dags/example_xcomargs.py
[2024-01-24T15:55:48.245-0300] {processor.py:829} INFO - Processing file /home/felipe/.local/lib/python3.11/site-packages/airflow/example_dags/example_xcomargs.py for tasks to queue
[2024-01-24T15:55:48.245-0300] {logging_mixin.py:154} INFO - [2024-01-24T15:55:48.245-0300] {dagbag.py:536} INFO - Filling up the DagBag from /home/felipe/.local/lib/python3.11/site-packages/airflow/example_dags/example_xcomargs.py
[2024-01-24T15:55:48.251-0300] {processor.py:839} INFO - DAG(s) dict_keys(['example_xcom_args', 'example_xcom_args_with_operators']) retrieved from /home/felipe/.local/lib/python3.11/site-packages/airflow/example_dags/example_xcomargs.py
[2024-01-24T15:55:48.262-0300] {logging_mixin.py:154} INFO - [2024-01-24T15:55:48.262-0300] {dag.py:2941} INFO - Sync 2 DAGs
[2024-01-24T15:55:48.268-0300] {logging_mixin.py:154} INFO - [2024-01-24T15:55:48.267-0300] {dag.py:3722} INFO - Setting next_dagrun for example_xcom_args to None, run_after=None
[2024-01-24T15:55:48.269-0300] {logging_mixin.py:154} INFO - [2024-01-24T15:55:48.269-0300] {dag.py:3722} INFO - Setting next_dagrun for example_xcom_args_with_operators to None, run_after=None
[2024-01-24T15:55:48.287-0300] {processor.py:179} INFO - Processing /home/felipe/.local/lib/python3.11/site-packages/airflow/example_dags/example_xcomargs.py took 0.077 seconds
[2024-01-24T15:56:42.517-0300] {processor.py:157} INFO - Started process (PID=23534) to work on /home/felipe/.local/lib/python3.11/site-packages/airflow/example_dags/example_xcomargs.py
[2024-01-24T15:56:42.518-0300] {processor.py:829} INFO - Processing file /home/felipe/.local/lib/python3.11/site-packages/airflow/example_dags/example_xcomargs.py for tasks to queue
[2024-01-24T15:56:42.519-0300] {logging_mixin.py:154} INFO - [2024-01-24T15:56:42.519-0300] {dagbag.py:536} INFO - Filling up the DagBag from /home/felipe/.local/lib/python3.11/site-packages/airflow/example_dags/example_xcomargs.py
[2024-01-24T15:56:42.525-0300] {processor.py:839} INFO - DAG(s) dict_keys(['example_xcom_args', 'example_xcom_args_with_operators']) retrieved from /home/felipe/.local/lib/python3.11/site-packages/airflow/example_dags/example_xcomargs.py
[2024-01-24T15:56:42.536-0300] {logging_mixin.py:154} INFO - [2024-01-24T15:56:42.536-0300] {dag.py:2941} INFO - Sync 2 DAGs
[2024-01-24T15:56:42.542-0300] {logging_mixin.py:154} INFO - [2024-01-24T15:56:42.542-0300] {dag.py:3722} INFO - Setting next_dagrun for example_xcom_args to None, run_after=None
[2024-01-24T15:56:42.543-0300] {logging_mixin.py:154} INFO - [2024-01-24T15:56:42.543-0300] {dag.py:3722} INFO - Setting next_dagrun for example_xcom_args_with_operators to None, run_after=None
[2024-01-24T15:56:42.553-0300] {processor.py:179} INFO - Processing /home/felipe/.local/lib/python3.11/site-packages/airflow/example_dags/example_xcomargs.py took 0.038 seconds
[2024-01-24T15:57:22.452-0300] {processor.py:157} INFO - Started process (PID=23686) to work on /home/felipe/.local/lib/python3.11/site-packages/airflow/example_dags/example_xcomargs.py
[2024-01-24T15:57:22.453-0300] {processor.py:829} INFO - Processing file /home/felipe/.local/lib/python3.11/site-packages/airflow/example_dags/example_xcomargs.py for tasks to queue
[2024-01-24T15:57:22.453-0300] {logging_mixin.py:154} INFO - [2024-01-24T15:57:22.453-0300] {dagbag.py:536} INFO - Filling up the DagBag from /home/felipe/.local/lib/python3.11/site-packages/airflow/example_dags/example_xcomargs.py
[2024-01-24T15:57:22.458-0300] {processor.py:839} INFO - DAG(s) dict_keys(['example_xcom_args_with_operators', 'example_xcom_args']) retrieved from /home/felipe/.local/lib/python3.11/site-packages/airflow/example_dags/example_xcomargs.py
[2024-01-24T15:57:22.469-0300] {logging_mixin.py:154} INFO - [2024-01-24T15:57:22.469-0300] {dag.py:2941} INFO - Sync 2 DAGs
[2024-01-24T15:57:22.476-0300] {logging_mixin.py:154} INFO - [2024-01-24T15:57:22.476-0300] {dag.py:3722} INFO - Setting next_dagrun for example_xcom_args to None, run_after=None
[2024-01-24T15:57:22.477-0300] {logging_mixin.py:154} INFO - [2024-01-24T15:57:22.477-0300] {dag.py:3722} INFO - Setting next_dagrun for example_xcom_args_with_operators to None, run_after=None
[2024-01-24T15:57:22.498-0300] {processor.py:179} INFO - Processing /home/felipe/.local/lib/python3.11/site-packages/airflow/example_dags/example_xcomargs.py took 0.049 seconds
[2024-01-24T15:58:02.190-0300] {processor.py:157} INFO - Started process (PID=23860) to work on /home/felipe/.local/lib/python3.11/site-packages/airflow/example_dags/example_xcomargs.py
[2024-01-24T15:58:02.223-0300] {processor.py:829} INFO - Processing file /home/felipe/.local/lib/python3.11/site-packages/airflow/example_dags/example_xcomargs.py for tasks to queue
[2024-01-24T15:58:02.223-0300] {logging_mixin.py:154} INFO - [2024-01-24T15:58:02.223-0300] {dagbag.py:536} INFO - Filling up the DagBag from /home/felipe/.local/lib/python3.11/site-packages/airflow/example_dags/example_xcomargs.py
[2024-01-24T15:58:02.229-0300] {processor.py:839} INFO - DAG(s) dict_keys(['example_xcom_args_with_operators', 'example_xcom_args']) retrieved from /home/felipe/.local/lib/python3.11/site-packages/airflow/example_dags/example_xcomargs.py
[2024-01-24T15:58:02.240-0300] {logging_mixin.py:154} INFO - [2024-01-24T15:58:02.239-0300] {dag.py:2941} INFO - Sync 2 DAGs
[2024-01-24T15:58:02.246-0300] {logging_mixin.py:154} INFO - [2024-01-24T15:58:02.246-0300] {dag.py:3722} INFO - Setting next_dagrun for example_xcom_args to None, run_after=None
[2024-01-24T15:58:02.247-0300] {logging_mixin.py:154} INFO - [2024-01-24T15:58:02.247-0300] {dag.py:3722} INFO - Setting next_dagrun for example_xcom_args_with_operators to None, run_after=None
[2024-01-24T15:58:02.264-0300] {processor.py:179} INFO - Processing /home/felipe/.local/lib/python3.11/site-packages/airflow/example_dags/example_xcomargs.py took 0.076 seconds
[2024-01-24T15:58:45.100-0300] {processor.py:157} INFO - Started process (PID=24018) to work on /home/felipe/.local/lib/python3.11/site-packages/airflow/example_dags/example_xcomargs.py
[2024-01-24T15:58:45.101-0300] {processor.py:829} INFO - Processing file /home/felipe/.local/lib/python3.11/site-packages/airflow/example_dags/example_xcomargs.py for tasks to queue
[2024-01-24T15:58:45.101-0300] {logging_mixin.py:154} INFO - [2024-01-24T15:58:45.101-0300] {dagbag.py:536} INFO - Filling up the DagBag from /home/felipe/.local/lib/python3.11/site-packages/airflow/example_dags/example_xcomargs.py
[2024-01-24T15:58:45.107-0300] {processor.py:839} INFO - DAG(s) dict_keys(['example_xcom_args', 'example_xcom_args_with_operators']) retrieved from /home/felipe/.local/lib/python3.11/site-packages/airflow/example_dags/example_xcomargs.py
[2024-01-24T15:58:45.119-0300] {logging_mixin.py:154} INFO - [2024-01-24T15:58:45.119-0300] {dag.py:2941} INFO - Sync 2 DAGs
[2024-01-24T15:58:45.125-0300] {logging_mixin.py:154} INFO - [2024-01-24T15:58:45.125-0300] {dag.py:3722} INFO - Setting next_dagrun for example_xcom_args to None, run_after=None
[2024-01-24T15:58:45.127-0300] {logging_mixin.py:154} INFO - [2024-01-24T15:58:45.127-0300] {dag.py:3722} INFO - Setting next_dagrun for example_xcom_args_with_operators to None, run_after=None
[2024-01-24T15:58:45.136-0300] {processor.py:179} INFO - Processing /home/felipe/.local/lib/python3.11/site-packages/airflow/example_dags/example_xcomargs.py took 0.038 seconds
[2024-01-24T15:59:30.658-0300] {processor.py:157} INFO - Started process (PID=24202) to work on /home/felipe/.local/lib/python3.11/site-packages/airflow/example_dags/example_xcomargs.py
[2024-01-24T15:59:30.659-0300] {processor.py:829} INFO - Processing file /home/felipe/.local/lib/python3.11/site-packages/airflow/example_dags/example_xcomargs.py for tasks to queue
[2024-01-24T15:59:30.659-0300] {logging_mixin.py:154} INFO - [2024-01-24T15:59:30.659-0300] {dagbag.py:536} INFO - Filling up the DagBag from /home/felipe/.local/lib/python3.11/site-packages/airflow/example_dags/example_xcomargs.py
[2024-01-24T15:59:30.664-0300] {processor.py:839} INFO - DAG(s) dict_keys(['example_xcom_args_with_operators', 'example_xcom_args']) retrieved from /home/felipe/.local/lib/python3.11/site-packages/airflow/example_dags/example_xcomargs.py
[2024-01-24T15:59:30.675-0300] {logging_mixin.py:154} INFO - [2024-01-24T15:59:30.675-0300] {dag.py:2941} INFO - Sync 2 DAGs
[2024-01-24T15:59:30.682-0300] {logging_mixin.py:154} INFO - [2024-01-24T15:59:30.682-0300] {dag.py:3722} INFO - Setting next_dagrun for example_xcom_args to None, run_after=None
[2024-01-24T15:59:30.683-0300] {logging_mixin.py:154} INFO - [2024-01-24T15:59:30.683-0300] {dag.py:3722} INFO - Setting next_dagrun for example_xcom_args_with_operators to None, run_after=None
[2024-01-24T15:59:30.696-0300] {processor.py:179} INFO - Processing /home/felipe/.local/lib/python3.11/site-packages/airflow/example_dags/example_xcomargs.py took 0.039 seconds
