[2024-01-24T15:37:45.985-0300] {processor.py:157} INFO - Started process (PID=19204) to work on /home/felipe/.local/lib/python3.11/site-packages/airflow/example_dags/example_task_group_decorator.py
[2024-01-24T15:37:45.985-0300] {processor.py:829} INFO - Processing file /home/felipe/.local/lib/python3.11/site-packages/airflow/example_dags/example_task_group_decorator.py for tasks to queue
[2024-01-24T15:37:45.986-0300] {logging_mixin.py:154} INFO - [2024-01-24T15:37:45.985-0300] {dagbag.py:536} INFO - Filling up the DagBag from /home/felipe/.local/lib/python3.11/site-packages/airflow/example_dags/example_task_group_decorator.py
[2024-01-24T15:37:45.997-0300] {processor.py:839} INFO - DAG(s) dict_keys(['example_task_group_decorator']) retrieved from /home/felipe/.local/lib/python3.11/site-packages/airflow/example_dags/example_task_group_decorator.py
[2024-01-24T15:37:46.002-0300] {logging_mixin.py:154} INFO - [2024-01-24T15:37:46.002-0300] {dag.py:2941} INFO - Sync 1 DAGs
[2024-01-24T15:37:46.014-0300] {logging_mixin.py:154} INFO - [2024-01-24T15:37:46.014-0300] {dag.py:3722} INFO - Setting next_dagrun for example_task_group_decorator to 2024-01-23T18:37:46.014391+00:00, run_after=2024-01-24T18:37:46.014391+00:00
[2024-01-24T15:37:46.056-0300] {processor.py:179} INFO - Processing /home/felipe/.local/lib/python3.11/site-packages/airflow/example_dags/example_task_group_decorator.py took 0.073 seconds
[2024-01-24T15:40:03.176-0300] {processor.py:157} INFO - Started process (PID=19690) to work on /home/felipe/.local/lib/python3.11/site-packages/airflow/example_dags/example_task_group_decorator.py
[2024-01-24T15:40:03.178-0300] {processor.py:829} INFO - Processing file /home/felipe/.local/lib/python3.11/site-packages/airflow/example_dags/example_task_group_decorator.py for tasks to queue
[2024-01-24T15:40:03.178-0300] {logging_mixin.py:154} INFO - [2024-01-24T15:40:03.178-0300] {dagbag.py:536} INFO - Filling up the DagBag from /home/felipe/.local/lib/python3.11/site-packages/airflow/example_dags/example_task_group_decorator.py
[2024-01-24T15:40:03.189-0300] {processor.py:839} INFO - DAG(s) dict_keys(['example_task_group_decorator']) retrieved from /home/felipe/.local/lib/python3.11/site-packages/airflow/example_dags/example_task_group_decorator.py
[2024-01-24T15:40:03.193-0300] {logging_mixin.py:154} INFO - [2024-01-24T15:40:03.193-0300] {dag.py:2941} INFO - Sync 1 DAGs
[2024-01-24T15:40:03.204-0300] {logging_mixin.py:154} INFO - [2024-01-24T15:40:03.204-0300] {dag.py:3722} INFO - Setting next_dagrun for example_task_group_decorator to 2024-01-23T18:40:03.203913+00:00, run_after=2024-01-24T18:40:03.203913+00:00
[2024-01-24T15:40:03.214-0300] {processor.py:179} INFO - Processing /home/felipe/.local/lib/python3.11/site-packages/airflow/example_dags/example_task_group_decorator.py took 0.040 seconds
[2024-01-24T15:41:34.468-0300] {processor.py:157} INFO - Started process (PID=20156) to work on /home/felipe/.local/lib/python3.11/site-packages/airflow/example_dags/example_task_group_decorator.py
[2024-01-24T15:41:34.500-0300] {processor.py:829} INFO - Processing file /home/felipe/.local/lib/python3.11/site-packages/airflow/example_dags/example_task_group_decorator.py for tasks to queue
[2024-01-24T15:41:34.501-0300] {logging_mixin.py:154} INFO - [2024-01-24T15:41:34.501-0300] {dagbag.py:536} INFO - Filling up the DagBag from /home/felipe/.local/lib/python3.11/site-packages/airflow/example_dags/example_task_group_decorator.py
[2024-01-24T15:41:34.511-0300] {processor.py:839} INFO - DAG(s) dict_keys(['example_task_group_decorator']) retrieved from /home/felipe/.local/lib/python3.11/site-packages/airflow/example_dags/example_task_group_decorator.py
[2024-01-24T15:41:34.522-0300] {logging_mixin.py:154} INFO - [2024-01-24T15:41:34.522-0300] {dag.py:2941} INFO - Sync 1 DAGs
[2024-01-24T15:41:34.531-0300] {logging_mixin.py:154} INFO - [2024-01-24T15:41:34.531-0300] {dag.py:3722} INFO - Setting next_dagrun for example_task_group_decorator to 2024-01-23T18:41:34.531693+00:00, run_after=2024-01-24T18:41:34.531693+00:00
[2024-01-24T15:41:34.548-0300] {processor.py:179} INFO - Processing /home/felipe/.local/lib/python3.11/site-packages/airflow/example_dags/example_task_group_decorator.py took 0.082 seconds
[2024-01-24T15:42:28.992-0300] {processor.py:157} INFO - Started process (PID=20454) to work on /home/felipe/.local/lib/python3.11/site-packages/airflow/example_dags/example_task_group_decorator.py
[2024-01-24T15:42:29.025-0300] {processor.py:829} INFO - Processing file /home/felipe/.local/lib/python3.11/site-packages/airflow/example_dags/example_task_group_decorator.py for tasks to queue
[2024-01-24T15:42:29.026-0300] {logging_mixin.py:154} INFO - [2024-01-24T15:42:29.025-0300] {dagbag.py:536} INFO - Filling up the DagBag from /home/felipe/.local/lib/python3.11/site-packages/airflow/example_dags/example_task_group_decorator.py
[2024-01-24T15:42:29.035-0300] {processor.py:839} INFO - DAG(s) dict_keys(['example_task_group_decorator']) retrieved from /home/felipe/.local/lib/python3.11/site-packages/airflow/example_dags/example_task_group_decorator.py
[2024-01-24T15:42:29.046-0300] {logging_mixin.py:154} INFO - [2024-01-24T15:42:29.046-0300] {dag.py:2941} INFO - Sync 1 DAGs
[2024-01-24T15:42:29.056-0300] {logging_mixin.py:154} INFO - [2024-01-24T15:42:29.056-0300] {dag.py:3722} INFO - Setting next_dagrun for example_task_group_decorator to 2024-01-23T18:42:29.056130+00:00, run_after=2024-01-24T18:42:29.056130+00:00
[2024-01-24T15:42:29.073-0300] {processor.py:179} INFO - Processing /home/felipe/.local/lib/python3.11/site-packages/airflow/example_dags/example_task_group_decorator.py took 0.083 seconds
[2024-01-24T15:43:25.694-0300] {processor.py:157} INFO - Started process (PID=20632) to work on /home/felipe/.local/lib/python3.11/site-packages/airflow/example_dags/example_task_group_decorator.py
[2024-01-24T15:43:25.726-0300] {processor.py:829} INFO - Processing file /home/felipe/.local/lib/python3.11/site-packages/airflow/example_dags/example_task_group_decorator.py for tasks to queue
[2024-01-24T15:43:25.727-0300] {logging_mixin.py:154} INFO - [2024-01-24T15:43:25.727-0300] {dagbag.py:536} INFO - Filling up the DagBag from /home/felipe/.local/lib/python3.11/site-packages/airflow/example_dags/example_task_group_decorator.py
[2024-01-24T15:43:25.738-0300] {processor.py:839} INFO - DAG(s) dict_keys(['example_task_group_decorator']) retrieved from /home/felipe/.local/lib/python3.11/site-packages/airflow/example_dags/example_task_group_decorator.py
[2024-01-24T15:43:25.750-0300] {logging_mixin.py:154} INFO - [2024-01-24T15:43:25.750-0300] {dag.py:2941} INFO - Sync 1 DAGs
[2024-01-24T15:43:25.760-0300] {logging_mixin.py:154} INFO - [2024-01-24T15:43:25.760-0300] {dag.py:3722} INFO - Setting next_dagrun for example_task_group_decorator to 2024-01-23T18:43:25.760055+00:00, run_after=2024-01-24T18:43:25.760055+00:00
[2024-01-24T15:43:25.771-0300] {processor.py:179} INFO - Processing /home/felipe/.local/lib/python3.11/site-packages/airflow/example_dags/example_task_group_decorator.py took 0.079 seconds
[2024-01-24T15:44:21.425-0300] {processor.py:157} INFO - Started process (PID=21167) to work on /home/felipe/.local/lib/python3.11/site-packages/airflow/example_dags/example_task_group_decorator.py
[2024-01-24T15:44:21.499-0300] {processor.py:829} INFO - Processing file /home/felipe/.local/lib/python3.11/site-packages/airflow/example_dags/example_task_group_decorator.py for tasks to queue
[2024-01-24T15:44:21.499-0300] {logging_mixin.py:154} INFO - [2024-01-24T15:44:21.499-0300] {dagbag.py:536} INFO - Filling up the DagBag from /home/felipe/.local/lib/python3.11/site-packages/airflow/example_dags/example_task_group_decorator.py
[2024-01-24T15:44:21.510-0300] {processor.py:839} INFO - DAG(s) dict_keys(['example_task_group_decorator']) retrieved from /home/felipe/.local/lib/python3.11/site-packages/airflow/example_dags/example_task_group_decorator.py
[2024-01-24T15:44:21.520-0300] {logging_mixin.py:154} INFO - [2024-01-24T15:44:21.520-0300] {dag.py:2941} INFO - Sync 1 DAGs
[2024-01-24T15:44:21.530-0300] {logging_mixin.py:154} INFO - [2024-01-24T15:44:21.530-0300] {dag.py:3722} INFO - Setting next_dagrun for example_task_group_decorator to 2024-01-23T18:44:21.530373+00:00, run_after=2024-01-24T18:44:21.530373+00:00
[2024-01-24T15:44:21.540-0300] {processor.py:179} INFO - Processing /home/felipe/.local/lib/python3.11/site-packages/airflow/example_dags/example_task_group_decorator.py took 0.117 seconds
[2024-01-24T15:49:23.210-0300] {processor.py:157} INFO - Started process (PID=22084) to work on /home/felipe/.local/lib/python3.11/site-packages/airflow/example_dags/example_task_group_decorator.py
[2024-01-24T15:49:23.242-0300] {processor.py:829} INFO - Processing file /home/felipe/.local/lib/python3.11/site-packages/airflow/example_dags/example_task_group_decorator.py for tasks to queue
[2024-01-24T15:49:23.243-0300] {logging_mixin.py:154} INFO - [2024-01-24T15:49:23.243-0300] {dagbag.py:536} INFO - Filling up the DagBag from /home/felipe/.local/lib/python3.11/site-packages/airflow/example_dags/example_task_group_decorator.py
[2024-01-24T15:49:23.255-0300] {processor.py:839} INFO - DAG(s) dict_keys(['example_task_group_decorator']) retrieved from /home/felipe/.local/lib/python3.11/site-packages/airflow/example_dags/example_task_group_decorator.py
[2024-01-24T15:49:23.269-0300] {logging_mixin.py:154} INFO - [2024-01-24T15:49:23.269-0300] {dag.py:2941} INFO - Sync 1 DAGs
[2024-01-24T15:49:23.279-0300] {logging_mixin.py:154} INFO - [2024-01-24T15:49:23.279-0300] {dag.py:3722} INFO - Setting next_dagrun for example_task_group_decorator to 2024-01-23T18:49:23.278987+00:00, run_after=2024-01-24T18:49:23.278987+00:00
[2024-01-24T15:49:23.297-0300] {processor.py:179} INFO - Processing /home/felipe/.local/lib/python3.11/site-packages/airflow/example_dags/example_task_group_decorator.py took 0.089 seconds
[2024-01-24T15:50:11.730-0300] {processor.py:157} INFO - Started process (PID=22252) to work on /home/felipe/.local/lib/python3.11/site-packages/airflow/example_dags/example_task_group_decorator.py
[2024-01-24T15:50:11.762-0300] {processor.py:829} INFO - Processing file /home/felipe/.local/lib/python3.11/site-packages/airflow/example_dags/example_task_group_decorator.py for tasks to queue
[2024-01-24T15:50:11.763-0300] {logging_mixin.py:154} INFO - [2024-01-24T15:50:11.762-0300] {dagbag.py:536} INFO - Filling up the DagBag from /home/felipe/.local/lib/python3.11/site-packages/airflow/example_dags/example_task_group_decorator.py
[2024-01-24T15:50:11.772-0300] {processor.py:839} INFO - DAG(s) dict_keys(['example_task_group_decorator']) retrieved from /home/felipe/.local/lib/python3.11/site-packages/airflow/example_dags/example_task_group_decorator.py
[2024-01-24T15:50:11.783-0300] {logging_mixin.py:154} INFO - [2024-01-24T15:50:11.783-0300] {dag.py:2941} INFO - Sync 1 DAGs
[2024-01-24T15:50:11.793-0300] {logging_mixin.py:154} INFO - [2024-01-24T15:50:11.793-0300] {dag.py:3722} INFO - Setting next_dagrun for example_task_group_decorator to 2024-01-23T18:50:11.793317+00:00, run_after=2024-01-24T18:50:11.793317+00:00
[2024-01-24T15:50:11.812-0300] {processor.py:179} INFO - Processing /home/felipe/.local/lib/python3.11/site-packages/airflow/example_dags/example_task_group_decorator.py took 0.084 seconds
[2024-01-24T15:51:05.450-0300] {processor.py:157} INFO - Started process (PID=22378) to work on /home/felipe/.local/lib/python3.11/site-packages/airflow/example_dags/example_task_group_decorator.py
[2024-01-24T15:51:05.500-0300] {processor.py:829} INFO - Processing file /home/felipe/.local/lib/python3.11/site-packages/airflow/example_dags/example_task_group_decorator.py for tasks to queue
[2024-01-24T15:51:05.500-0300] {logging_mixin.py:154} INFO - [2024-01-24T15:51:05.500-0300] {dagbag.py:536} INFO - Filling up the DagBag from /home/felipe/.local/lib/python3.11/site-packages/airflow/example_dags/example_task_group_decorator.py
[2024-01-24T15:51:05.510-0300] {processor.py:839} INFO - DAG(s) dict_keys(['example_task_group_decorator']) retrieved from /home/felipe/.local/lib/python3.11/site-packages/airflow/example_dags/example_task_group_decorator.py
[2024-01-24T15:51:05.521-0300] {logging_mixin.py:154} INFO - [2024-01-24T15:51:05.521-0300] {dag.py:2941} INFO - Sync 1 DAGs
[2024-01-24T15:51:05.532-0300] {logging_mixin.py:154} INFO - [2024-01-24T15:51:05.531-0300] {dag.py:3722} INFO - Setting next_dagrun for example_task_group_decorator to 2024-01-23T18:51:05.531733+00:00, run_after=2024-01-24T18:51:05.531733+00:00
[2024-01-24T15:51:05.549-0300] {processor.py:179} INFO - Processing /home/felipe/.local/lib/python3.11/site-packages/airflow/example_dags/example_task_group_decorator.py took 0.101 seconds
[2024-01-24T15:52:07.493-0300] {processor.py:157} INFO - Started process (PID=22658) to work on /home/felipe/.local/lib/python3.11/site-packages/airflow/example_dags/example_task_group_decorator.py
[2024-01-24T15:52:07.494-0300] {processor.py:829} INFO - Processing file /home/felipe/.local/lib/python3.11/site-packages/airflow/example_dags/example_task_group_decorator.py for tasks to queue
[2024-01-24T15:52:07.494-0300] {logging_mixin.py:154} INFO - [2024-01-24T15:52:07.494-0300] {dagbag.py:536} INFO - Filling up the DagBag from /home/felipe/.local/lib/python3.11/site-packages/airflow/example_dags/example_task_group_decorator.py
[2024-01-24T15:52:07.504-0300] {processor.py:839} INFO - DAG(s) dict_keys(['example_task_group_decorator']) retrieved from /home/felipe/.local/lib/python3.11/site-packages/airflow/example_dags/example_task_group_decorator.py
[2024-01-24T15:52:07.516-0300] {logging_mixin.py:154} INFO - [2024-01-24T15:52:07.515-0300] {dag.py:2941} INFO - Sync 1 DAGs
[2024-01-24T15:52:07.526-0300] {logging_mixin.py:154} INFO - [2024-01-24T15:52:07.526-0300] {dag.py:3722} INFO - Setting next_dagrun for example_task_group_decorator to 2024-01-23T18:52:07.526225+00:00, run_after=2024-01-24T18:52:07.526225+00:00
[2024-01-24T15:52:07.546-0300] {processor.py:179} INFO - Processing /home/felipe/.local/lib/python3.11/site-packages/airflow/example_dags/example_task_group_decorator.py took 0.054 seconds
[2024-01-24T15:52:50.040-0300] {processor.py:157} INFO - Started process (PID=22798) to work on /home/felipe/.local/lib/python3.11/site-packages/airflow/example_dags/example_task_group_decorator.py
[2024-01-24T15:52:50.071-0300] {processor.py:829} INFO - Processing file /home/felipe/.local/lib/python3.11/site-packages/airflow/example_dags/example_task_group_decorator.py for tasks to queue
[2024-01-24T15:52:50.072-0300] {logging_mixin.py:154} INFO - [2024-01-24T15:52:50.072-0300] {dagbag.py:536} INFO - Filling up the DagBag from /home/felipe/.local/lib/python3.11/site-packages/airflow/example_dags/example_task_group_decorator.py
[2024-01-24T15:52:50.082-0300] {processor.py:839} INFO - DAG(s) dict_keys(['example_task_group_decorator']) retrieved from /home/felipe/.local/lib/python3.11/site-packages/airflow/example_dags/example_task_group_decorator.py
[2024-01-24T15:52:50.093-0300] {logging_mixin.py:154} INFO - [2024-01-24T15:52:50.093-0300] {dag.py:2941} INFO - Sync 1 DAGs
[2024-01-24T15:52:50.103-0300] {logging_mixin.py:154} INFO - [2024-01-24T15:52:50.103-0300] {dag.py:3722} INFO - Setting next_dagrun for example_task_group_decorator to 2024-01-23T18:52:50.103117+00:00, run_after=2024-01-24T18:52:50.103117+00:00
[2024-01-24T15:52:50.120-0300] {processor.py:179} INFO - Processing /home/felipe/.local/lib/python3.11/site-packages/airflow/example_dags/example_task_group_decorator.py took 0.083 seconds
[2024-01-24T15:53:44.418-0300] {processor.py:157} INFO - Started process (PID=22938) to work on /home/felipe/.local/lib/python3.11/site-packages/airflow/example_dags/example_task_group_decorator.py
[2024-01-24T15:53:44.451-0300] {processor.py:829} INFO - Processing file /home/felipe/.local/lib/python3.11/site-packages/airflow/example_dags/example_task_group_decorator.py for tasks to queue
[2024-01-24T15:53:44.451-0300] {logging_mixin.py:154} INFO - [2024-01-24T15:53:44.451-0300] {dagbag.py:536} INFO - Filling up the DagBag from /home/felipe/.local/lib/python3.11/site-packages/airflow/example_dags/example_task_group_decorator.py
[2024-01-24T15:53:44.461-0300] {processor.py:839} INFO - DAG(s) dict_keys(['example_task_group_decorator']) retrieved from /home/felipe/.local/lib/python3.11/site-packages/airflow/example_dags/example_task_group_decorator.py
[2024-01-24T15:53:44.473-0300] {logging_mixin.py:154} INFO - [2024-01-24T15:53:44.473-0300] {dag.py:2941} INFO - Sync 1 DAGs
[2024-01-24T15:53:44.484-0300] {logging_mixin.py:154} INFO - [2024-01-24T15:53:44.483-0300] {dag.py:3722} INFO - Setting next_dagrun for example_task_group_decorator to 2024-01-23T18:53:44.483778+00:00, run_after=2024-01-24T18:53:44.483778+00:00
[2024-01-24T15:53:44.494-0300] {processor.py:179} INFO - Processing /home/felipe/.local/lib/python3.11/site-packages/airflow/example_dags/example_task_group_decorator.py took 0.077 seconds
[2024-01-24T15:54:40.105-0300] {processor.py:157} INFO - Started process (PID=23121) to work on /home/felipe/.local/lib/python3.11/site-packages/airflow/example_dags/example_task_group_decorator.py
[2024-01-24T15:54:40.106-0300] {processor.py:829} INFO - Processing file /home/felipe/.local/lib/python3.11/site-packages/airflow/example_dags/example_task_group_decorator.py for tasks to queue
[2024-01-24T15:54:40.106-0300] {logging_mixin.py:154} INFO - [2024-01-24T15:54:40.106-0300] {dagbag.py:536} INFO - Filling up the DagBag from /home/felipe/.local/lib/python3.11/site-packages/airflow/example_dags/example_task_group_decorator.py
[2024-01-24T15:54:40.115-0300] {processor.py:839} INFO - DAG(s) dict_keys(['example_task_group_decorator']) retrieved from /home/felipe/.local/lib/python3.11/site-packages/airflow/example_dags/example_task_group_decorator.py
[2024-01-24T15:54:40.127-0300] {logging_mixin.py:154} INFO - [2024-01-24T15:54:40.127-0300] {dag.py:2941} INFO - Sync 1 DAGs
[2024-01-24T15:54:40.137-0300] {logging_mixin.py:154} INFO - [2024-01-24T15:54:40.137-0300] {dag.py:3722} INFO - Setting next_dagrun for example_task_group_decorator to 2024-01-23T18:54:40.137254+00:00, run_after=2024-01-24T18:54:40.137254+00:00
[2024-01-24T15:54:40.155-0300] {processor.py:179} INFO - Processing /home/felipe/.local/lib/python3.11/site-packages/airflow/example_dags/example_task_group_decorator.py took 0.051 seconds
[2024-01-24T15:55:56.438-0300] {processor.py:157} INFO - Started process (PID=23362) to work on /home/felipe/.local/lib/python3.11/site-packages/airflow/example_dags/example_task_group_decorator.py
[2024-01-24T15:55:56.487-0300] {processor.py:829} INFO - Processing file /home/felipe/.local/lib/python3.11/site-packages/airflow/example_dags/example_task_group_decorator.py for tasks to queue
[2024-01-24T15:55:56.487-0300] {logging_mixin.py:154} INFO - [2024-01-24T15:55:56.487-0300] {dagbag.py:536} INFO - Filling up the DagBag from /home/felipe/.local/lib/python3.11/site-packages/airflow/example_dags/example_task_group_decorator.py
[2024-01-24T15:55:56.496-0300] {processor.py:839} INFO - DAG(s) dict_keys(['example_task_group_decorator']) retrieved from /home/felipe/.local/lib/python3.11/site-packages/airflow/example_dags/example_task_group_decorator.py
[2024-01-24T15:55:56.507-0300] {logging_mixin.py:154} INFO - [2024-01-24T15:55:56.507-0300] {dag.py:2941} INFO - Sync 1 DAGs
[2024-01-24T15:55:56.517-0300] {logging_mixin.py:154} INFO - [2024-01-24T15:55:56.517-0300] {dag.py:3722} INFO - Setting next_dagrun for example_task_group_decorator to 2024-01-23T18:55:56.517481+00:00, run_after=2024-01-24T18:55:56.517481+00:00
[2024-01-24T15:55:56.528-0300] {processor.py:179} INFO - Processing /home/felipe/.local/lib/python3.11/site-packages/airflow/example_dags/example_task_group_decorator.py took 0.092 seconds
[2024-01-24T15:56:50.534-0300] {processor.py:157} INFO - Started process (PID=23555) to work on /home/felipe/.local/lib/python3.11/site-packages/airflow/example_dags/example_task_group_decorator.py
[2024-01-24T15:56:50.535-0300] {processor.py:829} INFO - Processing file /home/felipe/.local/lib/python3.11/site-packages/airflow/example_dags/example_task_group_decorator.py for tasks to queue
[2024-01-24T15:56:50.535-0300] {logging_mixin.py:154} INFO - [2024-01-24T15:56:50.535-0300] {dagbag.py:536} INFO - Filling up the DagBag from /home/felipe/.local/lib/python3.11/site-packages/airflow/example_dags/example_task_group_decorator.py
[2024-01-24T15:56:50.544-0300] {processor.py:839} INFO - DAG(s) dict_keys(['example_task_group_decorator']) retrieved from /home/felipe/.local/lib/python3.11/site-packages/airflow/example_dags/example_task_group_decorator.py
[2024-01-24T15:56:50.555-0300] {logging_mixin.py:154} INFO - [2024-01-24T15:56:50.555-0300] {dag.py:2941} INFO - Sync 1 DAGs
[2024-01-24T15:56:50.565-0300] {logging_mixin.py:154} INFO - [2024-01-24T15:56:50.565-0300] {dag.py:3722} INFO - Setting next_dagrun for example_task_group_decorator to 2024-01-23T18:56:50.565013+00:00, run_after=2024-01-24T18:56:50.565013+00:00
[2024-01-24T15:56:50.583-0300] {processor.py:179} INFO - Processing /home/felipe/.local/lib/python3.11/site-packages/airflow/example_dags/example_task_group_decorator.py took 0.050 seconds
[2024-01-24T15:57:31.584-0300] {processor.py:157} INFO - Started process (PID=23748) to work on /home/felipe/.local/lib/python3.11/site-packages/airflow/example_dags/example_task_group_decorator.py
[2024-01-24T15:57:31.585-0300] {processor.py:829} INFO - Processing file /home/felipe/.local/lib/python3.11/site-packages/airflow/example_dags/example_task_group_decorator.py for tasks to queue
[2024-01-24T15:57:31.586-0300] {logging_mixin.py:154} INFO - [2024-01-24T15:57:31.585-0300] {dagbag.py:536} INFO - Filling up the DagBag from /home/felipe/.local/lib/python3.11/site-packages/airflow/example_dags/example_task_group_decorator.py
[2024-01-24T15:57:31.594-0300] {processor.py:839} INFO - DAG(s) dict_keys(['example_task_group_decorator']) retrieved from /home/felipe/.local/lib/python3.11/site-packages/airflow/example_dags/example_task_group_decorator.py
[2024-01-24T15:57:31.605-0300] {logging_mixin.py:154} INFO - [2024-01-24T15:57:31.605-0300] {dag.py:2941} INFO - Sync 1 DAGs
[2024-01-24T15:57:31.616-0300] {logging_mixin.py:154} INFO - [2024-01-24T15:57:31.616-0300] {dag.py:3722} INFO - Setting next_dagrun for example_task_group_decorator to 2024-01-23T18:57:31.615886+00:00, run_after=2024-01-24T18:57:31.615886+00:00
[2024-01-24T15:57:31.625-0300] {processor.py:179} INFO - Processing /home/felipe/.local/lib/python3.11/site-packages/airflow/example_dags/example_task_group_decorator.py took 0.043 seconds
[2024-01-24T15:58:15.832-0300] {processor.py:157} INFO - Started process (PID=23879) to work on /home/felipe/.local/lib/python3.11/site-packages/airflow/example_dags/example_task_group_decorator.py
[2024-01-24T15:58:15.864-0300] {processor.py:829} INFO - Processing file /home/felipe/.local/lib/python3.11/site-packages/airflow/example_dags/example_task_group_decorator.py for tasks to queue
[2024-01-24T15:58:15.864-0300] {logging_mixin.py:154} INFO - [2024-01-24T15:58:15.864-0300] {dagbag.py:536} INFO - Filling up the DagBag from /home/felipe/.local/lib/python3.11/site-packages/airflow/example_dags/example_task_group_decorator.py
[2024-01-24T15:58:15.873-0300] {processor.py:839} INFO - DAG(s) dict_keys(['example_task_group_decorator']) retrieved from /home/felipe/.local/lib/python3.11/site-packages/airflow/example_dags/example_task_group_decorator.py
[2024-01-24T15:58:15.884-0300] {logging_mixin.py:154} INFO - [2024-01-24T15:58:15.884-0300] {dag.py:2941} INFO - Sync 1 DAGs
[2024-01-24T15:58:15.894-0300] {logging_mixin.py:154} INFO - [2024-01-24T15:58:15.894-0300] {dag.py:3722} INFO - Setting next_dagrun for example_task_group_decorator to 2024-01-23T18:58:15.894212+00:00, run_after=2024-01-24T18:58:15.894212+00:00
[2024-01-24T15:58:15.911-0300] {processor.py:179} INFO - Processing /home/felipe/.local/lib/python3.11/site-packages/airflow/example_dags/example_task_group_decorator.py took 0.082 seconds
[2024-01-24T15:59:18.917-0300] {processor.py:157} INFO - Started process (PID=24172) to work on /home/felipe/.local/lib/python3.11/site-packages/airflow/example_dags/example_task_group_decorator.py
[2024-01-24T15:59:18.918-0300] {processor.py:829} INFO - Processing file /home/felipe/.local/lib/python3.11/site-packages/airflow/example_dags/example_task_group_decorator.py for tasks to queue
[2024-01-24T15:59:18.918-0300] {logging_mixin.py:154} INFO - [2024-01-24T15:59:18.918-0300] {dagbag.py:536} INFO - Filling up the DagBag from /home/felipe/.local/lib/python3.11/site-packages/airflow/example_dags/example_task_group_decorator.py
[2024-01-24T15:59:18.927-0300] {processor.py:839} INFO - DAG(s) dict_keys(['example_task_group_decorator']) retrieved from /home/felipe/.local/lib/python3.11/site-packages/airflow/example_dags/example_task_group_decorator.py
[2024-01-24T15:59:18.938-0300] {logging_mixin.py:154} INFO - [2024-01-24T15:59:18.938-0300] {dag.py:2941} INFO - Sync 1 DAGs
[2024-01-24T15:59:18.949-0300] {logging_mixin.py:154} INFO - [2024-01-24T15:59:18.948-0300] {dag.py:3722} INFO - Setting next_dagrun for example_task_group_decorator to 2024-01-23T18:59:18.948852+00:00, run_after=2024-01-24T18:59:18.948852+00:00
[2024-01-24T15:59:18.959-0300] {processor.py:179} INFO - Processing /home/felipe/.local/lib/python3.11/site-packages/airflow/example_dags/example_task_group_decorator.py took 0.043 seconds
