[2024-01-24T15:38:04.293-0300] {processor.py:157} INFO - Started process (PID=19346) to work on /home/felipe/.local/lib/python3.11/site-packages/airflow/example_dags/example_branch_operator_decorator.py
[2024-01-24T15:38:04.294-0300] {processor.py:829} INFO - Processing file /home/felipe/.local/lib/python3.11/site-packages/airflow/example_dags/example_branch_operator_decorator.py for tasks to queue
[2024-01-24T15:38:04.294-0300] {logging_mixin.py:154} INFO - [2024-01-24T15:38:04.294-0300] {dagbag.py:536} INFO - Filling up the DagBag from /home/felipe/.local/lib/python3.11/site-packages/airflow/example_dags/example_branch_operator_decorator.py
[2024-01-24T15:38:04.301-0300] {processor.py:839} INFO - DAG(s) dict_keys(['example_branch_python_operator_decorator']) retrieved from /home/felipe/.local/lib/python3.11/site-packages/airflow/example_dags/example_branch_operator_decorator.py
[2024-01-24T15:38:04.311-0300] {logging_mixin.py:154} INFO - [2024-01-24T15:38:04.311-0300] {dag.py:2941} INFO - Sync 1 DAGs
[2024-01-24T15:38:04.323-0300] {logging_mixin.py:154} INFO - [2024-01-24T15:38:04.323-0300] {dag.py:3722} INFO - Setting next_dagrun for example_branch_python_operator_decorator to 2024-01-23T00:00:00+00:00, run_after=2024-01-24T00:00:00+00:00
[2024-01-24T15:38:04.333-0300] {processor.py:179} INFO - Processing /home/felipe/.local/lib/python3.11/site-packages/airflow/example_dags/example_branch_operator_decorator.py took 0.041 seconds
[2024-01-24T15:40:28.080-0300] {processor.py:157} INFO - Started process (PID=19747) to work on /home/felipe/.local/lib/python3.11/site-packages/airflow/example_dags/example_branch_operator_decorator.py
[2024-01-24T15:40:28.081-0300] {processor.py:829} INFO - Processing file /home/felipe/.local/lib/python3.11/site-packages/airflow/example_dags/example_branch_operator_decorator.py for tasks to queue
[2024-01-24T15:40:28.082-0300] {logging_mixin.py:154} INFO - [2024-01-24T15:40:28.081-0300] {dagbag.py:536} INFO - Filling up the DagBag from /home/felipe/.local/lib/python3.11/site-packages/airflow/example_dags/example_branch_operator_decorator.py
[2024-01-24T15:40:28.088-0300] {processor.py:839} INFO - DAG(s) dict_keys(['example_branch_python_operator_decorator']) retrieved from /home/felipe/.local/lib/python3.11/site-packages/airflow/example_dags/example_branch_operator_decorator.py
[2024-01-24T15:40:28.099-0300] {logging_mixin.py:154} INFO - [2024-01-24T15:40:28.099-0300] {dag.py:2941} INFO - Sync 1 DAGs
[2024-01-24T15:40:28.111-0300] {logging_mixin.py:154} INFO - [2024-01-24T15:40:28.111-0300] {dag.py:3722} INFO - Setting next_dagrun for example_branch_python_operator_decorator to 2024-01-23T00:00:00+00:00, run_after=2024-01-24T00:00:00+00:00
[2024-01-24T15:40:28.121-0300] {processor.py:179} INFO - Processing /home/felipe/.local/lib/python3.11/site-packages/airflow/example_dags/example_branch_operator_decorator.py took 0.044 seconds
[2024-01-24T15:41:57.616-0300] {processor.py:157} INFO - Started process (PID=20258) to work on /home/felipe/.local/lib/python3.11/site-packages/airflow/example_dags/example_branch_operator_decorator.py
[2024-01-24T15:41:57.648-0300] {processor.py:829} INFO - Processing file /home/felipe/.local/lib/python3.11/site-packages/airflow/example_dags/example_branch_operator_decorator.py for tasks to queue
[2024-01-24T15:41:57.649-0300] {logging_mixin.py:154} INFO - [2024-01-24T15:41:57.648-0300] {dagbag.py:536} INFO - Filling up the DagBag from /home/felipe/.local/lib/python3.11/site-packages/airflow/example_dags/example_branch_operator_decorator.py
[2024-01-24T15:41:57.655-0300] {processor.py:839} INFO - DAG(s) dict_keys(['example_branch_python_operator_decorator']) retrieved from /home/felipe/.local/lib/python3.11/site-packages/airflow/example_dags/example_branch_operator_decorator.py
[2024-01-24T15:41:57.666-0300] {logging_mixin.py:154} INFO - [2024-01-24T15:41:57.666-0300] {dag.py:2941} INFO - Sync 1 DAGs
[2024-01-24T15:41:57.677-0300] {logging_mixin.py:154} INFO - [2024-01-24T15:41:57.677-0300] {dag.py:3722} INFO - Setting next_dagrun for example_branch_python_operator_decorator to 2024-01-23T00:00:00+00:00, run_after=2024-01-24T00:00:00+00:00
[2024-01-24T15:41:57.695-0300] {processor.py:179} INFO - Processing /home/felipe/.local/lib/python3.11/site-packages/airflow/example_dags/example_branch_operator_decorator.py took 0.082 seconds
[2024-01-24T15:42:53.521-0300] {processor.py:157} INFO - Started process (PID=20508) to work on /home/felipe/.local/lib/python3.11/site-packages/airflow/example_dags/example_branch_operator_decorator.py
[2024-01-24T15:42:53.522-0300] {processor.py:829} INFO - Processing file /home/felipe/.local/lib/python3.11/site-packages/airflow/example_dags/example_branch_operator_decorator.py for tasks to queue
[2024-01-24T15:42:53.522-0300] {logging_mixin.py:154} INFO - [2024-01-24T15:42:53.522-0300] {dagbag.py:536} INFO - Filling up the DagBag from /home/felipe/.local/lib/python3.11/site-packages/airflow/example_dags/example_branch_operator_decorator.py
[2024-01-24T15:42:53.530-0300] {processor.py:839} INFO - DAG(s) dict_keys(['example_branch_python_operator_decorator']) retrieved from /home/felipe/.local/lib/python3.11/site-packages/airflow/example_dags/example_branch_operator_decorator.py
[2024-01-24T15:42:53.541-0300] {logging_mixin.py:154} INFO - [2024-01-24T15:42:53.541-0300] {dag.py:2941} INFO - Sync 1 DAGs
[2024-01-24T15:42:53.553-0300] {logging_mixin.py:154} INFO - [2024-01-24T15:42:53.553-0300] {dag.py:3722} INFO - Setting next_dagrun for example_branch_python_operator_decorator to 2024-01-23T00:00:00+00:00, run_after=2024-01-24T00:00:00+00:00
[2024-01-24T15:42:53.563-0300] {processor.py:179} INFO - Processing /home/felipe/.local/lib/python3.11/site-packages/airflow/example_dags/example_branch_operator_decorator.py took 0.043 seconds
[2024-01-24T15:43:43.627-0300] {processor.py:157} INFO - Started process (PID=20995) to work on /home/felipe/.local/lib/python3.11/site-packages/airflow/example_dags/example_branch_operator_decorator.py
[2024-01-24T15:43:43.627-0300] {processor.py:829} INFO - Processing file /home/felipe/.local/lib/python3.11/site-packages/airflow/example_dags/example_branch_operator_decorator.py for tasks to queue
[2024-01-24T15:43:43.628-0300] {logging_mixin.py:154} INFO - [2024-01-24T15:43:43.628-0300] {dagbag.py:536} INFO - Filling up the DagBag from /home/felipe/.local/lib/python3.11/site-packages/airflow/example_dags/example_branch_operator_decorator.py
[2024-01-24T15:43:43.635-0300] {processor.py:839} INFO - DAG(s) dict_keys(['example_branch_python_operator_decorator']) retrieved from /home/felipe/.local/lib/python3.11/site-packages/airflow/example_dags/example_branch_operator_decorator.py
[2024-01-24T15:43:43.645-0300] {logging_mixin.py:154} INFO - [2024-01-24T15:43:43.645-0300] {dag.py:2941} INFO - Sync 1 DAGs
[2024-01-24T15:43:43.657-0300] {logging_mixin.py:154} INFO - [2024-01-24T15:43:43.657-0300] {dag.py:3722} INFO - Setting next_dagrun for example_branch_python_operator_decorator to 2024-01-23T00:00:00+00:00, run_after=2024-01-24T00:00:00+00:00
[2024-01-24T15:43:43.668-0300] {processor.py:179} INFO - Processing /home/felipe/.local/lib/python3.11/site-packages/airflow/example_dags/example_branch_operator_decorator.py took 0.043 seconds
[2024-01-24T15:49:41.369-0300] {processor.py:157} INFO - Started process (PID=22115) to work on /home/felipe/.local/lib/python3.11/site-packages/airflow/example_dags/example_branch_operator_decorator.py
[2024-01-24T15:49:41.401-0300] {processor.py:829} INFO - Processing file /home/felipe/.local/lib/python3.11/site-packages/airflow/example_dags/example_branch_operator_decorator.py for tasks to queue
[2024-01-24T15:49:41.402-0300] {logging_mixin.py:154} INFO - [2024-01-24T15:49:41.402-0300] {dagbag.py:536} INFO - Filling up the DagBag from /home/felipe/.local/lib/python3.11/site-packages/airflow/example_dags/example_branch_operator_decorator.py
[2024-01-24T15:49:41.408-0300] {processor.py:839} INFO - DAG(s) dict_keys(['example_branch_python_operator_decorator']) retrieved from /home/felipe/.local/lib/python3.11/site-packages/airflow/example_dags/example_branch_operator_decorator.py
[2024-01-24T15:49:41.419-0300] {logging_mixin.py:154} INFO - [2024-01-24T15:49:41.418-0300] {dag.py:2941} INFO - Sync 1 DAGs
[2024-01-24T15:49:41.429-0300] {logging_mixin.py:154} INFO - [2024-01-24T15:49:41.429-0300] {dag.py:3722} INFO - Setting next_dagrun for example_branch_python_operator_decorator to 2024-01-23T00:00:00+00:00, run_after=2024-01-24T00:00:00+00:00
[2024-01-24T15:49:41.447-0300] {processor.py:179} INFO - Processing /home/felipe/.local/lib/python3.11/site-packages/airflow/example_dags/example_branch_operator_decorator.py took 0.080 seconds
[2024-01-24T15:50:42.139-0300] {processor.py:157} INFO - Started process (PID=22345) to work on /home/felipe/.local/lib/python3.11/site-packages/airflow/example_dags/example_branch_operator_decorator.py
[2024-01-24T15:50:42.171-0300] {processor.py:829} INFO - Processing file /home/felipe/.local/lib/python3.11/site-packages/airflow/example_dags/example_branch_operator_decorator.py for tasks to queue
[2024-01-24T15:50:42.172-0300] {logging_mixin.py:154} INFO - [2024-01-24T15:50:42.172-0300] {dagbag.py:536} INFO - Filling up the DagBag from /home/felipe/.local/lib/python3.11/site-packages/airflow/example_dags/example_branch_operator_decorator.py
[2024-01-24T15:50:42.180-0300] {processor.py:839} INFO - DAG(s) dict_keys(['example_branch_python_operator_decorator']) retrieved from /home/felipe/.local/lib/python3.11/site-packages/airflow/example_dags/example_branch_operator_decorator.py
[2024-01-24T15:50:42.194-0300] {logging_mixin.py:154} INFO - [2024-01-24T15:50:42.194-0300] {dag.py:2941} INFO - Sync 1 DAGs
[2024-01-24T15:50:42.207-0300] {logging_mixin.py:154} INFO - [2024-01-24T15:50:42.207-0300] {dag.py:3722} INFO - Setting next_dagrun for example_branch_python_operator_decorator to 2024-01-23T00:00:00+00:00, run_after=2024-01-24T00:00:00+00:00
[2024-01-24T15:50:42.226-0300] {processor.py:179} INFO - Processing /home/felipe/.local/lib/python3.11/site-packages/airflow/example_dags/example_branch_operator_decorator.py took 0.089 seconds
[2024-01-24T15:51:31.494-0300] {processor.py:157} INFO - Started process (PID=22481) to work on /home/felipe/.local/lib/python3.11/site-packages/airflow/example_dags/example_branch_operator_decorator.py
[2024-01-24T15:51:31.526-0300] {processor.py:829} INFO - Processing file /home/felipe/.local/lib/python3.11/site-packages/airflow/example_dags/example_branch_operator_decorator.py for tasks to queue
[2024-01-24T15:51:31.527-0300] {logging_mixin.py:154} INFO - [2024-01-24T15:51:31.527-0300] {dagbag.py:536} INFO - Filling up the DagBag from /home/felipe/.local/lib/python3.11/site-packages/airflow/example_dags/example_branch_operator_decorator.py
[2024-01-24T15:51:31.534-0300] {processor.py:839} INFO - DAG(s) dict_keys(['example_branch_python_operator_decorator']) retrieved from /home/felipe/.local/lib/python3.11/site-packages/airflow/example_dags/example_branch_operator_decorator.py
[2024-01-24T15:51:31.544-0300] {logging_mixin.py:154} INFO - [2024-01-24T15:51:31.544-0300] {dag.py:2941} INFO - Sync 1 DAGs
[2024-01-24T15:51:31.555-0300] {logging_mixin.py:154} INFO - [2024-01-24T15:51:31.555-0300] {dag.py:3722} INFO - Setting next_dagrun for example_branch_python_operator_decorator to 2024-01-23T00:00:00+00:00, run_after=2024-01-24T00:00:00+00:00
[2024-01-24T15:51:31.573-0300] {processor.py:179} INFO - Processing /home/felipe/.local/lib/python3.11/site-packages/airflow/example_dags/example_branch_operator_decorator.py took 0.081 seconds
[2024-01-24T15:52:37.446-0300] {processor.py:157} INFO - Started process (PID=22718) to work on /home/felipe/.local/lib/python3.11/site-packages/airflow/example_dags/example_branch_operator_decorator.py
[2024-01-24T15:52:37.446-0300] {processor.py:829} INFO - Processing file /home/felipe/.local/lib/python3.11/site-packages/airflow/example_dags/example_branch_operator_decorator.py for tasks to queue
[2024-01-24T15:52:37.447-0300] {logging_mixin.py:154} INFO - [2024-01-24T15:52:37.447-0300] {dagbag.py:536} INFO - Filling up the DagBag from /home/felipe/.local/lib/python3.11/site-packages/airflow/example_dags/example_branch_operator_decorator.py
[2024-01-24T15:52:37.454-0300] {processor.py:839} INFO - DAG(s) dict_keys(['example_branch_python_operator_decorator']) retrieved from /home/felipe/.local/lib/python3.11/site-packages/airflow/example_dags/example_branch_operator_decorator.py
[2024-01-24T15:52:37.465-0300] {logging_mixin.py:154} INFO - [2024-01-24T15:52:37.465-0300] {dag.py:2941} INFO - Sync 1 DAGs
[2024-01-24T15:52:37.476-0300] {logging_mixin.py:154} INFO - [2024-01-24T15:52:37.476-0300] {dag.py:3722} INFO - Setting next_dagrun for example_branch_python_operator_decorator to 2024-01-23T00:00:00+00:00, run_after=2024-01-24T00:00:00+00:00
[2024-01-24T15:52:37.487-0300] {processor.py:179} INFO - Processing /home/felipe/.local/lib/python3.11/site-packages/airflow/example_dags/example_branch_operator_decorator.py took 0.043 seconds
[2024-01-24T15:53:31.311-0300] {processor.py:157} INFO - Started process (PID=22920) to work on /home/felipe/.local/lib/python3.11/site-packages/airflow/example_dags/example_branch_operator_decorator.py
[2024-01-24T15:53:31.344-0300] {processor.py:829} INFO - Processing file /home/felipe/.local/lib/python3.11/site-packages/airflow/example_dags/example_branch_operator_decorator.py for tasks to queue
[2024-01-24T15:53:31.344-0300] {logging_mixin.py:154} INFO - [2024-01-24T15:53:31.344-0300] {dagbag.py:536} INFO - Filling up the DagBag from /home/felipe/.local/lib/python3.11/site-packages/airflow/example_dags/example_branch_operator_decorator.py
[2024-01-24T15:53:31.352-0300] {processor.py:839} INFO - DAG(s) dict_keys(['example_branch_python_operator_decorator']) retrieved from /home/felipe/.local/lib/python3.11/site-packages/airflow/example_dags/example_branch_operator_decorator.py
[2024-01-24T15:53:31.362-0300] {logging_mixin.py:154} INFO - [2024-01-24T15:53:31.362-0300] {dag.py:2941} INFO - Sync 1 DAGs
[2024-01-24T15:53:31.375-0300] {logging_mixin.py:154} INFO - [2024-01-24T15:53:31.375-0300] {dag.py:3722} INFO - Setting next_dagrun for example_branch_python_operator_decorator to 2024-01-23T00:00:00+00:00, run_after=2024-01-24T00:00:00+00:00
[2024-01-24T15:53:31.394-0300] {processor.py:179} INFO - Processing /home/felipe/.local/lib/python3.11/site-packages/airflow/example_dags/example_branch_operator_decorator.py took 0.084 seconds
[2024-01-24T15:54:50.621-0300] {processor.py:157} INFO - Started process (PID=23136) to work on /home/felipe/.local/lib/python3.11/site-packages/airflow/example_dags/example_branch_operator_decorator.py
[2024-01-24T15:54:50.622-0300] {processor.py:829} INFO - Processing file /home/felipe/.local/lib/python3.11/site-packages/airflow/example_dags/example_branch_operator_decorator.py for tasks to queue
[2024-01-24T15:54:50.622-0300] {logging_mixin.py:154} INFO - [2024-01-24T15:54:50.622-0300] {dagbag.py:536} INFO - Filling up the DagBag from /home/felipe/.local/lib/python3.11/site-packages/airflow/example_dags/example_branch_operator_decorator.py
[2024-01-24T15:54:50.629-0300] {processor.py:839} INFO - DAG(s) dict_keys(['example_branch_python_operator_decorator']) retrieved from /home/felipe/.local/lib/python3.11/site-packages/airflow/example_dags/example_branch_operator_decorator.py
[2024-01-24T15:54:50.639-0300] {logging_mixin.py:154} INFO - [2024-01-24T15:54:50.639-0300] {dag.py:2941} INFO - Sync 1 DAGs
[2024-01-24T15:54:50.650-0300] {logging_mixin.py:154} INFO - [2024-01-24T15:54:50.650-0300] {dag.py:3722} INFO - Setting next_dagrun for example_branch_python_operator_decorator to 2024-01-23T00:00:00+00:00, run_after=2024-01-24T00:00:00+00:00
[2024-01-24T15:54:50.660-0300] {processor.py:179} INFO - Processing /home/felipe/.local/lib/python3.11/site-packages/airflow/example_dags/example_branch_operator_decorator.py took 0.041 seconds
[2024-01-24T15:56:12.752-0300] {processor.py:157} INFO - Started process (PID=23400) to work on /home/felipe/.local/lib/python3.11/site-packages/airflow/example_dags/example_branch_operator_decorator.py
[2024-01-24T15:56:12.785-0300] {processor.py:829} INFO - Processing file /home/felipe/.local/lib/python3.11/site-packages/airflow/example_dags/example_branch_operator_decorator.py for tasks to queue
[2024-01-24T15:56:12.785-0300] {logging_mixin.py:154} INFO - [2024-01-24T15:56:12.785-0300] {dagbag.py:536} INFO - Filling up the DagBag from /home/felipe/.local/lib/python3.11/site-packages/airflow/example_dags/example_branch_operator_decorator.py
[2024-01-24T15:56:12.792-0300] {processor.py:839} INFO - DAG(s) dict_keys(['example_branch_python_operator_decorator']) retrieved from /home/felipe/.local/lib/python3.11/site-packages/airflow/example_dags/example_branch_operator_decorator.py
[2024-01-24T15:56:12.802-0300] {logging_mixin.py:154} INFO - [2024-01-24T15:56:12.802-0300] {dag.py:2941} INFO - Sync 1 DAGs
[2024-01-24T15:56:12.814-0300] {logging_mixin.py:154} INFO - [2024-01-24T15:56:12.813-0300] {dag.py:3722} INFO - Setting next_dagrun for example_branch_python_operator_decorator to 2024-01-23T00:00:00+00:00, run_after=2024-01-24T00:00:00+00:00
[2024-01-24T15:56:12.832-0300] {processor.py:179} INFO - Processing /home/felipe/.local/lib/python3.11/site-packages/airflow/example_dags/example_branch_operator_decorator.py took 0.081 seconds
[2024-01-24T15:57:16.151-0300] {processor.py:157} INFO - Started process (PID=23676) to work on /home/felipe/.local/lib/python3.11/site-packages/airflow/example_dags/example_branch_operator_decorator.py
[2024-01-24T15:57:16.152-0300] {processor.py:829} INFO - Processing file /home/felipe/.local/lib/python3.11/site-packages/airflow/example_dags/example_branch_operator_decorator.py for tasks to queue
[2024-01-24T15:57:16.152-0300] {logging_mixin.py:154} INFO - [2024-01-24T15:57:16.152-0300] {dagbag.py:536} INFO - Filling up the DagBag from /home/felipe/.local/lib/python3.11/site-packages/airflow/example_dags/example_branch_operator_decorator.py
[2024-01-24T15:57:16.160-0300] {processor.py:839} INFO - DAG(s) dict_keys(['example_branch_python_operator_decorator']) retrieved from /home/felipe/.local/lib/python3.11/site-packages/airflow/example_dags/example_branch_operator_decorator.py
[2024-01-24T15:57:16.171-0300] {logging_mixin.py:154} INFO - [2024-01-24T15:57:16.171-0300] {dag.py:2941} INFO - Sync 1 DAGs
[2024-01-24T15:57:16.181-0300] {logging_mixin.py:154} INFO - [2024-01-24T15:57:16.181-0300] {dag.py:3722} INFO - Setting next_dagrun for example_branch_python_operator_decorator to 2024-01-23T00:00:00+00:00, run_after=2024-01-24T00:00:00+00:00
[2024-01-24T15:57:16.203-0300] {processor.py:179} INFO - Processing /home/felipe/.local/lib/python3.11/site-packages/airflow/example_dags/example_branch_operator_decorator.py took 0.054 seconds
[2024-01-24T15:58:16.119-0300] {processor.py:157} INFO - Started process (PID=23880) to work on /home/felipe/.local/lib/python3.11/site-packages/airflow/example_dags/example_branch_operator_decorator.py
[2024-01-24T15:58:16.120-0300] {processor.py:829} INFO - Processing file /home/felipe/.local/lib/python3.11/site-packages/airflow/example_dags/example_branch_operator_decorator.py for tasks to queue
[2024-01-24T15:58:16.120-0300] {logging_mixin.py:154} INFO - [2024-01-24T15:58:16.120-0300] {dagbag.py:536} INFO - Filling up the DagBag from /home/felipe/.local/lib/python3.11/site-packages/airflow/example_dags/example_branch_operator_decorator.py
[2024-01-24T15:58:16.127-0300] {processor.py:839} INFO - DAG(s) dict_keys(['example_branch_python_operator_decorator']) retrieved from /home/felipe/.local/lib/python3.11/site-packages/airflow/example_dags/example_branch_operator_decorator.py
[2024-01-24T15:58:16.137-0300] {logging_mixin.py:154} INFO - [2024-01-24T15:58:16.137-0300] {dag.py:2941} INFO - Sync 1 DAGs
[2024-01-24T15:58:16.148-0300] {logging_mixin.py:154} INFO - [2024-01-24T15:58:16.148-0300] {dag.py:3722} INFO - Setting next_dagrun for example_branch_python_operator_decorator to 2024-01-23T00:00:00+00:00, run_after=2024-01-24T00:00:00+00:00
[2024-01-24T15:58:16.159-0300] {processor.py:179} INFO - Processing /home/felipe/.local/lib/python3.11/site-packages/airflow/example_dags/example_branch_operator_decorator.py took 0.042 seconds
[2024-01-24T15:59:23.444-0300] {processor.py:157} INFO - Started process (PID=24192) to work on /home/felipe/.local/lib/python3.11/site-packages/airflow/example_dags/example_branch_operator_decorator.py
[2024-01-24T15:59:23.476-0300] {processor.py:829} INFO - Processing file /home/felipe/.local/lib/python3.11/site-packages/airflow/example_dags/example_branch_operator_decorator.py for tasks to queue
[2024-01-24T15:59:23.477-0300] {logging_mixin.py:154} INFO - [2024-01-24T15:59:23.476-0300] {dagbag.py:536} INFO - Filling up the DagBag from /home/felipe/.local/lib/python3.11/site-packages/airflow/example_dags/example_branch_operator_decorator.py
[2024-01-24T15:59:23.483-0300] {processor.py:839} INFO - DAG(s) dict_keys(['example_branch_python_operator_decorator']) retrieved from /home/felipe/.local/lib/python3.11/site-packages/airflow/example_dags/example_branch_operator_decorator.py
[2024-01-24T15:59:23.494-0300] {logging_mixin.py:154} INFO - [2024-01-24T15:59:23.494-0300] {dag.py:2941} INFO - Sync 1 DAGs
[2024-01-24T15:59:23.505-0300] {logging_mixin.py:154} INFO - [2024-01-24T15:59:23.505-0300] {dag.py:3722} INFO - Setting next_dagrun for example_branch_python_operator_decorator to 2024-01-23T00:00:00+00:00, run_after=2024-01-24T00:00:00+00:00
[2024-01-24T15:59:23.522-0300] {processor.py:179} INFO - Processing /home/felipe/.local/lib/python3.11/site-packages/airflow/example_dags/example_branch_operator_decorator.py took 0.081 seconds
