[2024-01-24T15:37:35.721-0300] {processor.py:157} INFO - Started process (PID=19187) to work on /home/felipe/.local/lib/python3.11/site-packages/airflow/example_dags/example_time_delta_sensor_async.py
[2024-01-24T15:37:35.722-0300] {processor.py:829} INFO - Processing file /home/felipe/.local/lib/python3.11/site-packages/airflow/example_dags/example_time_delta_sensor_async.py for tasks to queue
[2024-01-24T15:37:35.722-0300] {logging_mixin.py:154} INFO - [2024-01-24T15:37:35.722-0300] {dagbag.py:536} INFO - Filling up the DagBag from /home/felipe/.local/lib/python3.11/site-packages/airflow/example_dags/example_time_delta_sensor_async.py
[2024-01-24T15:37:35.727-0300] {processor.py:839} INFO - DAG(s) dict_keys(['example_time_delta_sensor_async']) retrieved from /home/felipe/.local/lib/python3.11/site-packages/airflow/example_dags/example_time_delta_sensor_async.py
[2024-01-24T15:37:35.735-0300] {logging_mixin.py:154} INFO - [2024-01-24T15:37:35.735-0300] {dag.py:2941} INFO - Sync 1 DAGs
[2024-01-24T15:37:35.744-0300] {logging_mixin.py:154} INFO - [2024-01-24T15:37:35.744-0300] {dag.py:3722} INFO - Setting next_dagrun for example_time_delta_sensor_async to None, run_after=None
[2024-01-24T15:37:35.832-0300] {processor.py:179} INFO - Processing /home/felipe/.local/lib/python3.11/site-packages/airflow/example_dags/example_time_delta_sensor_async.py took 0.112 seconds
[2024-01-24T15:39:51.305-0300] {processor.py:157} INFO - Started process (PID=19675) to work on /home/felipe/.local/lib/python3.11/site-packages/airflow/example_dags/example_time_delta_sensor_async.py
[2024-01-24T15:39:51.337-0300] {processor.py:829} INFO - Processing file /home/felipe/.local/lib/python3.11/site-packages/airflow/example_dags/example_time_delta_sensor_async.py for tasks to queue
[2024-01-24T15:39:51.338-0300] {logging_mixin.py:154} INFO - [2024-01-24T15:39:51.337-0300] {dagbag.py:536} INFO - Filling up the DagBag from /home/felipe/.local/lib/python3.11/site-packages/airflow/example_dags/example_time_delta_sensor_async.py
[2024-01-24T15:39:51.342-0300] {processor.py:839} INFO - DAG(s) dict_keys(['example_time_delta_sensor_async']) retrieved from /home/felipe/.local/lib/python3.11/site-packages/airflow/example_dags/example_time_delta_sensor_async.py
[2024-01-24T15:39:51.349-0300] {logging_mixin.py:154} INFO - [2024-01-24T15:39:51.349-0300] {dag.py:2941} INFO - Sync 1 DAGs
[2024-01-24T15:39:51.356-0300] {logging_mixin.py:154} INFO - [2024-01-24T15:39:51.356-0300] {dag.py:3722} INFO - Setting next_dagrun for example_time_delta_sensor_async to None, run_after=None
[2024-01-24T15:39:51.374-0300] {processor.py:179} INFO - Processing /home/felipe/.local/lib/python3.11/site-packages/airflow/example_dags/example_time_delta_sensor_async.py took 0.071 seconds
[2024-01-24T15:41:23.060-0300] {processor.py:157} INFO - Started process (PID=20142) to work on /home/felipe/.local/lib/python3.11/site-packages/airflow/example_dags/example_time_delta_sensor_async.py
[2024-01-24T15:41:23.092-0300] {processor.py:829} INFO - Processing file /home/felipe/.local/lib/python3.11/site-packages/airflow/example_dags/example_time_delta_sensor_async.py for tasks to queue
[2024-01-24T15:41:23.093-0300] {logging_mixin.py:154} INFO - [2024-01-24T15:41:23.092-0300] {dagbag.py:536} INFO - Filling up the DagBag from /home/felipe/.local/lib/python3.11/site-packages/airflow/example_dags/example_time_delta_sensor_async.py
[2024-01-24T15:41:23.096-0300] {processor.py:839} INFO - DAG(s) dict_keys(['example_time_delta_sensor_async']) retrieved from /home/felipe/.local/lib/python3.11/site-packages/airflow/example_dags/example_time_delta_sensor_async.py
[2024-01-24T15:41:23.106-0300] {logging_mixin.py:154} INFO - [2024-01-24T15:41:23.106-0300] {dag.py:2941} INFO - Sync 1 DAGs
[2024-01-24T15:41:23.113-0300] {logging_mixin.py:154} INFO - [2024-01-24T15:41:23.113-0300] {dag.py:3722} INFO - Setting next_dagrun for example_time_delta_sensor_async to None, run_after=None
[2024-01-24T15:41:23.131-0300] {processor.py:179} INFO - Processing /home/felipe/.local/lib/python3.11/site-packages/airflow/example_dags/example_time_delta_sensor_async.py took 0.073 seconds
[2024-01-24T15:42:17.592-0300] {processor.py:157} INFO - Started process (PID=20433) to work on /home/felipe/.local/lib/python3.11/site-packages/airflow/example_dags/example_time_delta_sensor_async.py
[2024-01-24T15:42:17.624-0300] {processor.py:829} INFO - Processing file /home/felipe/.local/lib/python3.11/site-packages/airflow/example_dags/example_time_delta_sensor_async.py for tasks to queue
[2024-01-24T15:42:17.625-0300] {logging_mixin.py:154} INFO - [2024-01-24T15:42:17.625-0300] {dagbag.py:536} INFO - Filling up the DagBag from /home/felipe/.local/lib/python3.11/site-packages/airflow/example_dags/example_time_delta_sensor_async.py
[2024-01-24T15:42:17.629-0300] {processor.py:839} INFO - DAG(s) dict_keys(['example_time_delta_sensor_async']) retrieved from /home/felipe/.local/lib/python3.11/site-packages/airflow/example_dags/example_time_delta_sensor_async.py
[2024-01-24T15:42:17.641-0300] {logging_mixin.py:154} INFO - [2024-01-24T15:42:17.641-0300] {dag.py:2941} INFO - Sync 1 DAGs
[2024-01-24T15:42:17.647-0300] {logging_mixin.py:154} INFO - [2024-01-24T15:42:17.647-0300] {dag.py:3722} INFO - Setting next_dagrun for example_time_delta_sensor_async to None, run_after=None
[2024-01-24T15:42:17.659-0300] {processor.py:179} INFO - Processing /home/felipe/.local/lib/python3.11/site-packages/airflow/example_dags/example_time_delta_sensor_async.py took 0.069 seconds
[2024-01-24T15:43:13.465-0300] {processor.py:157} INFO - Started process (PID=20616) to work on /home/felipe/.local/lib/python3.11/site-packages/airflow/example_dags/example_time_delta_sensor_async.py
[2024-01-24T15:43:13.498-0300] {processor.py:829} INFO - Processing file /home/felipe/.local/lib/python3.11/site-packages/airflow/example_dags/example_time_delta_sensor_async.py for tasks to queue
[2024-01-24T15:43:13.498-0300] {logging_mixin.py:154} INFO - [2024-01-24T15:43:13.498-0300] {dagbag.py:536} INFO - Filling up the DagBag from /home/felipe/.local/lib/python3.11/site-packages/airflow/example_dags/example_time_delta_sensor_async.py
[2024-01-24T15:43:13.502-0300] {processor.py:839} INFO - DAG(s) dict_keys(['example_time_delta_sensor_async']) retrieved from /home/felipe/.local/lib/python3.11/site-packages/airflow/example_dags/example_time_delta_sensor_async.py
[2024-01-24T15:43:13.512-0300] {logging_mixin.py:154} INFO - [2024-01-24T15:43:13.512-0300] {dag.py:2941} INFO - Sync 1 DAGs
[2024-01-24T15:43:13.518-0300] {logging_mixin.py:154} INFO - [2024-01-24T15:43:13.518-0300] {dag.py:3722} INFO - Setting next_dagrun for example_time_delta_sensor_async to None, run_after=None
[2024-01-24T15:43:13.533-0300] {processor.py:179} INFO - Processing /home/felipe/.local/lib/python3.11/site-packages/airflow/example_dags/example_time_delta_sensor_async.py took 0.070 seconds
[2024-01-24T15:44:00.550-0300] {processor.py:157} INFO - Started process (PID=21083) to work on /home/felipe/.local/lib/python3.11/site-packages/airflow/example_dags/example_time_delta_sensor_async.py
[2024-01-24T15:44:00.551-0300] {processor.py:829} INFO - Processing file /home/felipe/.local/lib/python3.11/site-packages/airflow/example_dags/example_time_delta_sensor_async.py for tasks to queue
[2024-01-24T15:44:00.551-0300] {logging_mixin.py:154} INFO - [2024-01-24T15:44:00.551-0300] {dagbag.py:536} INFO - Filling up the DagBag from /home/felipe/.local/lib/python3.11/site-packages/airflow/example_dags/example_time_delta_sensor_async.py
[2024-01-24T15:44:00.554-0300] {processor.py:839} INFO - DAG(s) dict_keys(['example_time_delta_sensor_async']) retrieved from /home/felipe/.local/lib/python3.11/site-packages/airflow/example_dags/example_time_delta_sensor_async.py
[2024-01-24T15:44:00.565-0300] {logging_mixin.py:154} INFO - [2024-01-24T15:44:00.565-0300] {dag.py:2941} INFO - Sync 1 DAGs
[2024-01-24T15:44:00.578-0300] {logging_mixin.py:154} INFO - [2024-01-24T15:44:00.578-0300] {dag.py:3722} INFO - Setting next_dagrun for example_time_delta_sensor_async to None, run_after=None
[2024-01-24T15:44:00.591-0300] {processor.py:179} INFO - Processing /home/felipe/.local/lib/python3.11/site-packages/airflow/example_dags/example_time_delta_sensor_async.py took 0.043 seconds
[2024-01-24T15:44:45.537-0300] {processor.py:157} INFO - Started process (PID=21319) to work on /home/felipe/.local/lib/python3.11/site-packages/airflow/example_dags/example_time_delta_sensor_async.py
[2024-01-24T15:44:45.569-0300] {processor.py:829} INFO - Processing file /home/felipe/.local/lib/python3.11/site-packages/airflow/example_dags/example_time_delta_sensor_async.py for tasks to queue
[2024-01-24T15:44:45.570-0300] {logging_mixin.py:154} INFO - [2024-01-24T15:44:45.570-0300] {dagbag.py:536} INFO - Filling up the DagBag from /home/felipe/.local/lib/python3.11/site-packages/airflow/example_dags/example_time_delta_sensor_async.py
[2024-01-24T15:44:45.574-0300] {processor.py:839} INFO - DAG(s) dict_keys(['example_time_delta_sensor_async']) retrieved from /home/felipe/.local/lib/python3.11/site-packages/airflow/example_dags/example_time_delta_sensor_async.py
[2024-01-24T15:44:45.585-0300] {logging_mixin.py:154} INFO - [2024-01-24T15:44:45.585-0300] {dag.py:2941} INFO - Sync 1 DAGs
[2024-01-24T15:44:45.591-0300] {logging_mixin.py:154} INFO - [2024-01-24T15:44:45.591-0300] {dag.py:3722} INFO - Setting next_dagrun for example_time_delta_sensor_async to None, run_after=None
[2024-01-24T15:44:45.611-0300] {processor.py:179} INFO - Processing /home/felipe/.local/lib/python3.11/site-packages/airflow/example_dags/example_time_delta_sensor_async.py took 0.076 seconds
[2024-01-24T15:48:37.693-0300] {processor.py:157} INFO - Started process (PID=21870) to work on /home/felipe/.local/lib/python3.11/site-packages/airflow/example_dags/example_time_delta_sensor_async.py
[2024-01-24T15:48:37.701-0300] {processor.py:829} INFO - Processing file /home/felipe/.local/lib/python3.11/site-packages/airflow/example_dags/example_time_delta_sensor_async.py for tasks to queue
[2024-01-24T15:48:37.701-0300] {logging_mixin.py:154} INFO - [2024-01-24T15:48:37.701-0300] {dagbag.py:536} INFO - Filling up the DagBag from /home/felipe/.local/lib/python3.11/site-packages/airflow/example_dags/example_time_delta_sensor_async.py
[2024-01-24T15:48:37.706-0300] {processor.py:839} INFO - DAG(s) dict_keys(['example_time_delta_sensor_async']) retrieved from /home/felipe/.local/lib/python3.11/site-packages/airflow/example_dags/example_time_delta_sensor_async.py
[2024-01-24T15:48:37.712-0300] {logging_mixin.py:154} INFO - [2024-01-24T15:48:37.712-0300] {dag.py:2941} INFO - Sync 1 DAGs
[2024-01-24T15:48:37.719-0300] {logging_mixin.py:154} INFO - [2024-01-24T15:48:37.719-0300] {dag.py:3722} INFO - Setting next_dagrun for example_time_delta_sensor_async to None, run_after=None
[2024-01-24T15:48:37.731-0300] {processor.py:179} INFO - Processing /home/felipe/.local/lib/python3.11/site-packages/airflow/example_dags/example_time_delta_sensor_async.py took 0.039 seconds
[2024-01-24T15:50:00.274-0300] {processor.py:157} INFO - Started process (PID=22229) to work on /home/felipe/.local/lib/python3.11/site-packages/airflow/example_dags/example_time_delta_sensor_async.py
[2024-01-24T15:50:00.307-0300] {processor.py:829} INFO - Processing file /home/felipe/.local/lib/python3.11/site-packages/airflow/example_dags/example_time_delta_sensor_async.py for tasks to queue
[2024-01-24T15:50:00.307-0300] {logging_mixin.py:154} INFO - [2024-01-24T15:50:00.307-0300] {dagbag.py:536} INFO - Filling up the DagBag from /home/felipe/.local/lib/python3.11/site-packages/airflow/example_dags/example_time_delta_sensor_async.py
[2024-01-24T15:50:00.312-0300] {processor.py:839} INFO - DAG(s) dict_keys(['example_time_delta_sensor_async']) retrieved from /home/felipe/.local/lib/python3.11/site-packages/airflow/example_dags/example_time_delta_sensor_async.py
[2024-01-24T15:50:00.327-0300] {logging_mixin.py:154} INFO - [2024-01-24T15:50:00.327-0300] {dag.py:2941} INFO - Sync 1 DAGs
[2024-01-24T15:50:00.337-0300] {logging_mixin.py:154} INFO - [2024-01-24T15:50:00.337-0300] {dag.py:3722} INFO - Setting next_dagrun for example_time_delta_sensor_async to None, run_after=None
[2024-01-24T15:50:00.360-0300] {processor.py:179} INFO - Processing /home/felipe/.local/lib/python3.11/site-packages/airflow/example_dags/example_time_delta_sensor_async.py took 0.087 seconds
[2024-01-24T15:50:52.906-0300] {processor.py:157} INFO - Started process (PID=22364) to work on /home/felipe/.local/lib/python3.11/site-packages/airflow/example_dags/example_time_delta_sensor_async.py
[2024-01-24T15:50:52.938-0300] {processor.py:829} INFO - Processing file /home/felipe/.local/lib/python3.11/site-packages/airflow/example_dags/example_time_delta_sensor_async.py for tasks to queue
[2024-01-24T15:50:52.938-0300] {logging_mixin.py:154} INFO - [2024-01-24T15:50:52.938-0300] {dagbag.py:536} INFO - Filling up the DagBag from /home/felipe/.local/lib/python3.11/site-packages/airflow/example_dags/example_time_delta_sensor_async.py
[2024-01-24T15:50:52.942-0300] {processor.py:839} INFO - DAG(s) dict_keys(['example_time_delta_sensor_async']) retrieved from /home/felipe/.local/lib/python3.11/site-packages/airflow/example_dags/example_time_delta_sensor_async.py
[2024-01-24T15:50:52.951-0300] {logging_mixin.py:154} INFO - [2024-01-24T15:50:52.951-0300] {dag.py:2941} INFO - Sync 1 DAGs
[2024-01-24T15:50:52.957-0300] {logging_mixin.py:154} INFO - [2024-01-24T15:50:52.957-0300] {dag.py:3722} INFO - Setting next_dagrun for example_time_delta_sensor_async to None, run_after=None
[2024-01-24T15:50:52.975-0300] {processor.py:179} INFO - Processing /home/felipe/.local/lib/python3.11/site-packages/airflow/example_dags/example_time_delta_sensor_async.py took 0.071 seconds
[2024-01-24T15:51:37.268-0300] {processor.py:157} INFO - Started process (PID=22489) to work on /home/felipe/.local/lib/python3.11/site-packages/airflow/example_dags/example_time_delta_sensor_async.py
[2024-01-24T15:51:37.269-0300] {processor.py:829} INFO - Processing file /home/felipe/.local/lib/python3.11/site-packages/airflow/example_dags/example_time_delta_sensor_async.py for tasks to queue
[2024-01-24T15:51:37.269-0300] {logging_mixin.py:154} INFO - [2024-01-24T15:51:37.269-0300] {dagbag.py:536} INFO - Filling up the DagBag from /home/felipe/.local/lib/python3.11/site-packages/airflow/example_dags/example_time_delta_sensor_async.py
[2024-01-24T15:51:37.272-0300] {processor.py:839} INFO - DAG(s) dict_keys(['example_time_delta_sensor_async']) retrieved from /home/felipe/.local/lib/python3.11/site-packages/airflow/example_dags/example_time_delta_sensor_async.py
[2024-01-24T15:51:37.282-0300] {logging_mixin.py:154} INFO - [2024-01-24T15:51:37.282-0300] {dag.py:2941} INFO - Sync 1 DAGs
[2024-01-24T15:51:37.288-0300] {logging_mixin.py:154} INFO - [2024-01-24T15:51:37.288-0300] {dag.py:3722} INFO - Setting next_dagrun for example_time_delta_sensor_async to None, run_after=None
[2024-01-24T15:51:37.303-0300] {processor.py:179} INFO - Processing /home/felipe/.local/lib/python3.11/site-packages/airflow/example_dags/example_time_delta_sensor_async.py took 0.037 seconds
[2024-01-24T15:52:19.997-0300] {processor.py:157} INFO - Started process (PID=22683) to work on /home/felipe/.local/lib/python3.11/site-packages/airflow/example_dags/example_time_delta_sensor_async.py
[2024-01-24T15:52:20.029-0300] {processor.py:829} INFO - Processing file /home/felipe/.local/lib/python3.11/site-packages/airflow/example_dags/example_time_delta_sensor_async.py for tasks to queue
[2024-01-24T15:52:20.030-0300] {logging_mixin.py:154} INFO - [2024-01-24T15:52:20.029-0300] {dagbag.py:536} INFO - Filling up the DagBag from /home/felipe/.local/lib/python3.11/site-packages/airflow/example_dags/example_time_delta_sensor_async.py
[2024-01-24T15:52:20.033-0300] {processor.py:839} INFO - DAG(s) dict_keys(['example_time_delta_sensor_async']) retrieved from /home/felipe/.local/lib/python3.11/site-packages/airflow/example_dags/example_time_delta_sensor_async.py
[2024-01-24T15:52:20.043-0300] {logging_mixin.py:154} INFO - [2024-01-24T15:52:20.043-0300] {dag.py:2941} INFO - Sync 1 DAGs
[2024-01-24T15:52:20.049-0300] {logging_mixin.py:154} INFO - [2024-01-24T15:52:20.049-0300] {dag.py:3722} INFO - Setting next_dagrun for example_time_delta_sensor_async to None, run_after=None
[2024-01-24T15:52:20.073-0300] {processor.py:179} INFO - Processing /home/felipe/.local/lib/python3.11/site-packages/airflow/example_dags/example_time_delta_sensor_async.py took 0.079 seconds
[2024-01-24T15:53:00.482-0300] {processor.py:157} INFO - Started process (PID=22811) to work on /home/felipe/.local/lib/python3.11/site-packages/airflow/example_dags/example_time_delta_sensor_async.py
[2024-01-24T15:53:00.514-0300] {processor.py:829} INFO - Processing file /home/felipe/.local/lib/python3.11/site-packages/airflow/example_dags/example_time_delta_sensor_async.py for tasks to queue
[2024-01-24T15:53:00.515-0300] {logging_mixin.py:154} INFO - [2024-01-24T15:53:00.515-0300] {dagbag.py:536} INFO - Filling up the DagBag from /home/felipe/.local/lib/python3.11/site-packages/airflow/example_dags/example_time_delta_sensor_async.py
[2024-01-24T15:53:00.518-0300] {processor.py:839} INFO - DAG(s) dict_keys(['example_time_delta_sensor_async']) retrieved from /home/felipe/.local/lib/python3.11/site-packages/airflow/example_dags/example_time_delta_sensor_async.py
[2024-01-24T15:53:00.529-0300] {logging_mixin.py:154} INFO - [2024-01-24T15:53:00.528-0300] {dag.py:2941} INFO - Sync 1 DAGs
[2024-01-24T15:53:00.535-0300] {logging_mixin.py:154} INFO - [2024-01-24T15:53:00.535-0300] {dag.py:3722} INFO - Setting next_dagrun for example_time_delta_sensor_async to None, run_after=None
[2024-01-24T15:53:00.552-0300] {processor.py:179} INFO - Processing /home/felipe/.local/lib/python3.11/site-packages/airflow/example_dags/example_time_delta_sensor_async.py took 0.072 seconds
[2024-01-24T15:53:38.378-0300] {processor.py:157} INFO - Started process (PID=22930) to work on /home/felipe/.local/lib/python3.11/site-packages/airflow/example_dags/example_time_delta_sensor_async.py
[2024-01-24T15:53:38.379-0300] {processor.py:829} INFO - Processing file /home/felipe/.local/lib/python3.11/site-packages/airflow/example_dags/example_time_delta_sensor_async.py for tasks to queue
[2024-01-24T15:53:38.379-0300] {logging_mixin.py:154} INFO - [2024-01-24T15:53:38.379-0300] {dagbag.py:536} INFO - Filling up the DagBag from /home/felipe/.local/lib/python3.11/site-packages/airflow/example_dags/example_time_delta_sensor_async.py
[2024-01-24T15:53:38.383-0300] {processor.py:839} INFO - DAG(s) dict_keys(['example_time_delta_sensor_async']) retrieved from /home/felipe/.local/lib/python3.11/site-packages/airflow/example_dags/example_time_delta_sensor_async.py
[2024-01-24T15:53:38.392-0300] {logging_mixin.py:154} INFO - [2024-01-24T15:53:38.392-0300] {dag.py:2941} INFO - Sync 1 DAGs
[2024-01-24T15:53:38.399-0300] {logging_mixin.py:154} INFO - [2024-01-24T15:53:38.399-0300] {dag.py:3722} INFO - Setting next_dagrun for example_time_delta_sensor_async to None, run_after=None
[2024-01-24T15:53:38.410-0300] {processor.py:179} INFO - Processing /home/felipe/.local/lib/python3.11/site-packages/airflow/example_dags/example_time_delta_sensor_async.py took 0.034 seconds
[2024-01-24T15:54:34.021-0300] {processor.py:157} INFO - Started process (PID=23100) to work on /home/felipe/.local/lib/python3.11/site-packages/airflow/example_dags/example_time_delta_sensor_async.py
[2024-01-24T15:54:34.030-0300] {processor.py:829} INFO - Processing file /home/felipe/.local/lib/python3.11/site-packages/airflow/example_dags/example_time_delta_sensor_async.py for tasks to queue
[2024-01-24T15:54:34.030-0300] {logging_mixin.py:154} INFO - [2024-01-24T15:54:34.030-0300] {dagbag.py:536} INFO - Filling up the DagBag from /home/felipe/.local/lib/python3.11/site-packages/airflow/example_dags/example_time_delta_sensor_async.py
[2024-01-24T15:54:34.033-0300] {processor.py:839} INFO - DAG(s) dict_keys(['example_time_delta_sensor_async']) retrieved from /home/felipe/.local/lib/python3.11/site-packages/airflow/example_dags/example_time_delta_sensor_async.py
[2024-01-24T15:54:34.043-0300] {logging_mixin.py:154} INFO - [2024-01-24T15:54:34.043-0300] {dag.py:2941} INFO - Sync 1 DAGs
[2024-01-24T15:54:34.049-0300] {logging_mixin.py:154} INFO - [2024-01-24T15:54:34.049-0300] {dag.py:3722} INFO - Setting next_dagrun for example_time_delta_sensor_async to None, run_after=None
[2024-01-24T15:54:34.067-0300] {processor.py:179} INFO - Processing /home/felipe/.local/lib/python3.11/site-packages/airflow/example_dags/example_time_delta_sensor_async.py took 0.048 seconds
[2024-01-24T15:55:50.173-0300] {processor.py:157} INFO - Started process (PID=23352) to work on /home/felipe/.local/lib/python3.11/site-packages/airflow/example_dags/example_time_delta_sensor_async.py
[2024-01-24T15:55:50.205-0300] {processor.py:829} INFO - Processing file /home/felipe/.local/lib/python3.11/site-packages/airflow/example_dags/example_time_delta_sensor_async.py for tasks to queue
[2024-01-24T15:55:50.206-0300] {logging_mixin.py:154} INFO - [2024-01-24T15:55:50.205-0300] {dagbag.py:536} INFO - Filling up the DagBag from /home/felipe/.local/lib/python3.11/site-packages/airflow/example_dags/example_time_delta_sensor_async.py
[2024-01-24T15:55:50.209-0300] {processor.py:839} INFO - DAG(s) dict_keys(['example_time_delta_sensor_async']) retrieved from /home/felipe/.local/lib/python3.11/site-packages/airflow/example_dags/example_time_delta_sensor_async.py
[2024-01-24T15:55:50.222-0300] {logging_mixin.py:154} INFO - [2024-01-24T15:55:50.222-0300] {dag.py:2941} INFO - Sync 1 DAGs
[2024-01-24T15:55:50.228-0300] {logging_mixin.py:154} INFO - [2024-01-24T15:55:50.228-0300] {dag.py:3722} INFO - Setting next_dagrun for example_time_delta_sensor_async to None, run_after=None
[2024-01-24T15:55:50.240-0300] {processor.py:179} INFO - Processing /home/felipe/.local/lib/python3.11/site-packages/airflow/example_dags/example_time_delta_sensor_async.py took 0.069 seconds
[2024-01-24T15:56:44.446-0300] {processor.py:157} INFO - Started process (PID=23546) to work on /home/felipe/.local/lib/python3.11/site-packages/airflow/example_dags/example_time_delta_sensor_async.py
[2024-01-24T15:56:44.446-0300] {processor.py:829} INFO - Processing file /home/felipe/.local/lib/python3.11/site-packages/airflow/example_dags/example_time_delta_sensor_async.py for tasks to queue
[2024-01-24T15:56:44.447-0300] {logging_mixin.py:154} INFO - [2024-01-24T15:56:44.447-0300] {dagbag.py:536} INFO - Filling up the DagBag from /home/felipe/.local/lib/python3.11/site-packages/airflow/example_dags/example_time_delta_sensor_async.py
[2024-01-24T15:56:44.450-0300] {processor.py:839} INFO - DAG(s) dict_keys(['example_time_delta_sensor_async']) retrieved from /home/felipe/.local/lib/python3.11/site-packages/airflow/example_dags/example_time_delta_sensor_async.py
[2024-01-24T15:56:44.460-0300] {logging_mixin.py:154} INFO - [2024-01-24T15:56:44.460-0300] {dag.py:2941} INFO - Sync 1 DAGs
[2024-01-24T15:56:44.467-0300] {logging_mixin.py:154} INFO - [2024-01-24T15:56:44.467-0300] {dag.py:3722} INFO - Setting next_dagrun for example_time_delta_sensor_async to None, run_after=None
[2024-01-24T15:56:44.492-0300] {processor.py:179} INFO - Processing /home/felipe/.local/lib/python3.11/site-packages/airflow/example_dags/example_time_delta_sensor_async.py took 0.048 seconds
[2024-01-24T15:57:24.351-0300] {processor.py:157} INFO - Started process (PID=23690) to work on /home/felipe/.local/lib/python3.11/site-packages/airflow/example_dags/example_time_delta_sensor_async.py
[2024-01-24T15:57:24.354-0300] {processor.py:829} INFO - Processing file /home/felipe/.local/lib/python3.11/site-packages/airflow/example_dags/example_time_delta_sensor_async.py for tasks to queue
[2024-01-24T15:57:24.355-0300] {logging_mixin.py:154} INFO - [2024-01-24T15:57:24.355-0300] {dagbag.py:536} INFO - Filling up the DagBag from /home/felipe/.local/lib/python3.11/site-packages/airflow/example_dags/example_time_delta_sensor_async.py
[2024-01-24T15:57:24.358-0300] {processor.py:839} INFO - DAG(s) dict_keys(['example_time_delta_sensor_async']) retrieved from /home/felipe/.local/lib/python3.11/site-packages/airflow/example_dags/example_time_delta_sensor_async.py
[2024-01-24T15:57:24.369-0300] {logging_mixin.py:154} INFO - [2024-01-24T15:57:24.368-0300] {dag.py:2941} INFO - Sync 1 DAGs
[2024-01-24T15:57:24.375-0300] {logging_mixin.py:154} INFO - [2024-01-24T15:57:24.375-0300] {dag.py:3722} INFO - Setting next_dagrun for example_time_delta_sensor_async to None, run_after=None
[2024-01-24T15:57:24.391-0300] {processor.py:179} INFO - Processing /home/felipe/.local/lib/python3.11/site-packages/airflow/example_dags/example_time_delta_sensor_async.py took 0.042 seconds
[2024-01-24T15:58:03.943-0300] {processor.py:157} INFO - Started process (PID=23862) to work on /home/felipe/.local/lib/python3.11/site-packages/airflow/example_dags/example_time_delta_sensor_async.py
[2024-01-24T15:58:03.944-0300] {processor.py:829} INFO - Processing file /home/felipe/.local/lib/python3.11/site-packages/airflow/example_dags/example_time_delta_sensor_async.py for tasks to queue
[2024-01-24T15:58:03.944-0300] {logging_mixin.py:154} INFO - [2024-01-24T15:58:03.944-0300] {dagbag.py:536} INFO - Filling up the DagBag from /home/felipe/.local/lib/python3.11/site-packages/airflow/example_dags/example_time_delta_sensor_async.py
[2024-01-24T15:58:03.947-0300] {processor.py:839} INFO - DAG(s) dict_keys(['example_time_delta_sensor_async']) retrieved from /home/felipe/.local/lib/python3.11/site-packages/airflow/example_dags/example_time_delta_sensor_async.py
[2024-01-24T15:58:03.957-0300] {logging_mixin.py:154} INFO - [2024-01-24T15:58:03.957-0300] {dag.py:2941} INFO - Sync 1 DAGs
[2024-01-24T15:58:03.963-0300] {logging_mixin.py:154} INFO - [2024-01-24T15:58:03.963-0300] {dag.py:3722} INFO - Setting next_dagrun for example_time_delta_sensor_async to None, run_after=None
[2024-01-24T15:58:03.973-0300] {processor.py:179} INFO - Processing /home/felipe/.local/lib/python3.11/site-packages/airflow/example_dags/example_time_delta_sensor_async.py took 0.032 seconds
[2024-01-24T15:58:47.468-0300] {processor.py:157} INFO - Started process (PID=24021) to work on /home/felipe/.local/lib/python3.11/site-packages/airflow/example_dags/example_time_delta_sensor_async.py
[2024-01-24T15:58:47.501-0300] {processor.py:829} INFO - Processing file /home/felipe/.local/lib/python3.11/site-packages/airflow/example_dags/example_time_delta_sensor_async.py for tasks to queue
[2024-01-24T15:58:47.501-0300] {logging_mixin.py:154} INFO - [2024-01-24T15:58:47.501-0300] {dagbag.py:536} INFO - Filling up the DagBag from /home/felipe/.local/lib/python3.11/site-packages/airflow/example_dags/example_time_delta_sensor_async.py
[2024-01-24T15:58:47.504-0300] {processor.py:839} INFO - DAG(s) dict_keys(['example_time_delta_sensor_async']) retrieved from /home/felipe/.local/lib/python3.11/site-packages/airflow/example_dags/example_time_delta_sensor_async.py
[2024-01-24T15:58:47.515-0300] {logging_mixin.py:154} INFO - [2024-01-24T15:58:47.515-0300] {dag.py:2941} INFO - Sync 1 DAGs
[2024-01-24T15:58:47.521-0300] {logging_mixin.py:154} INFO - [2024-01-24T15:58:47.521-0300] {dag.py:3722} INFO - Setting next_dagrun for example_time_delta_sensor_async to None, run_after=None
[2024-01-24T15:58:47.539-0300] {processor.py:179} INFO - Processing /home/felipe/.local/lib/python3.11/site-packages/airflow/example_dags/example_time_delta_sensor_async.py took 0.072 seconds
[2024-01-24T15:59:32.921-0300] {processor.py:157} INFO - Started process (PID=24206) to work on /home/felipe/.local/lib/python3.11/site-packages/airflow/example_dags/example_time_delta_sensor_async.py
[2024-01-24T15:59:32.921-0300] {processor.py:829} INFO - Processing file /home/felipe/.local/lib/python3.11/site-packages/airflow/example_dags/example_time_delta_sensor_async.py for tasks to queue
[2024-01-24T15:59:32.922-0300] {logging_mixin.py:154} INFO - [2024-01-24T15:59:32.922-0300] {dagbag.py:536} INFO - Filling up the DagBag from /home/felipe/.local/lib/python3.11/site-packages/airflow/example_dags/example_time_delta_sensor_async.py
[2024-01-24T15:59:32.925-0300] {processor.py:839} INFO - DAG(s) dict_keys(['example_time_delta_sensor_async']) retrieved from /home/felipe/.local/lib/python3.11/site-packages/airflow/example_dags/example_time_delta_sensor_async.py
[2024-01-24T15:59:32.936-0300] {logging_mixin.py:154} INFO - [2024-01-24T15:59:32.936-0300] {dag.py:2941} INFO - Sync 1 DAGs
[2024-01-24T15:59:32.943-0300] {logging_mixin.py:154} INFO - [2024-01-24T15:59:32.943-0300] {dag.py:3722} INFO - Setting next_dagrun for example_time_delta_sensor_async to None, run_after=None
[2024-01-24T15:59:32.956-0300] {processor.py:179} INFO - Processing /home/felipe/.local/lib/python3.11/site-packages/airflow/example_dags/example_time_delta_sensor_async.py took 0.038 seconds
