[2024-01-24T15:37:55.128-0300] {processor.py:157} INFO - Started process (PID=19317) to work on /home/felipe/.local/lib/python3.11/site-packages/airflow/example_dags/example_xcom.py
[2024-01-24T15:37:55.129-0300] {processor.py:829} INFO - Processing file /home/felipe/.local/lib/python3.11/site-packages/airflow/example_dags/example_xcom.py for tasks to queue
[2024-01-24T15:37:55.129-0300] {logging_mixin.py:154} INFO - [2024-01-24T15:37:55.129-0300] {dagbag.py:536} INFO - Filling up the DagBag from /home/felipe/.local/lib/python3.11/site-packages/airflow/example_dags/example_xcom.py
[2024-01-24T15:37:55.134-0300] {processor.py:839} INFO - DAG(s) dict_keys(['example_xcom']) retrieved from /home/felipe/.local/lib/python3.11/site-packages/airflow/example_dags/example_xcom.py
[2024-01-24T15:37:55.146-0300] {logging_mixin.py:154} INFO - [2024-01-24T15:37:55.146-0300] {dag.py:2941} INFO - Sync 1 DAGs
[2024-01-24T15:37:55.157-0300] {logging_mixin.py:154} INFO - [2024-01-24T15:37:55.157-0300] {dag.py:3722} INFO - Setting next_dagrun for example_xcom to 2021-01-01T00:00:00+00:00, run_after=2021-01-01T00:00:00+00:00
[2024-01-24T15:37:55.200-0300] {processor.py:179} INFO - Processing /home/felipe/.local/lib/python3.11/site-packages/airflow/example_dags/example_xcom.py took 0.073 seconds
[2024-01-24T15:40:12.947-0300] {processor.py:157} INFO - Started process (PID=19703) to work on /home/felipe/.local/lib/python3.11/site-packages/airflow/example_dags/example_xcom.py
[2024-01-24T15:40:12.979-0300] {processor.py:829} INFO - Processing file /home/felipe/.local/lib/python3.11/site-packages/airflow/example_dags/example_xcom.py for tasks to queue
[2024-01-24T15:40:12.979-0300] {logging_mixin.py:154} INFO - [2024-01-24T15:40:12.979-0300] {dagbag.py:536} INFO - Filling up the DagBag from /home/felipe/.local/lib/python3.11/site-packages/airflow/example_dags/example_xcom.py
[2024-01-24T15:40:12.985-0300] {processor.py:839} INFO - DAG(s) dict_keys(['example_xcom']) retrieved from /home/felipe/.local/lib/python3.11/site-packages/airflow/example_dags/example_xcom.py
[2024-01-24T15:40:12.996-0300] {logging_mixin.py:154} INFO - [2024-01-24T15:40:12.996-0300] {dag.py:2941} INFO - Sync 1 DAGs
[2024-01-24T15:40:13.006-0300] {logging_mixin.py:154} INFO - [2024-01-24T15:40:13.006-0300] {dag.py:3722} INFO - Setting next_dagrun for example_xcom to 2021-01-01T00:00:00+00:00, run_after=2021-01-01T00:00:00+00:00
[2024-01-24T15:40:13.024-0300] {processor.py:179} INFO - Processing /home/felipe/.local/lib/python3.11/site-packages/airflow/example_dags/example_xcom.py took 0.080 seconds
[2024-01-24T15:41:42.474-0300] {processor.py:157} INFO - Started process (PID=20189) to work on /home/felipe/.local/lib/python3.11/site-packages/airflow/example_dags/example_xcom.py
[2024-01-24T15:41:42.506-0300] {processor.py:829} INFO - Processing file /home/felipe/.local/lib/python3.11/site-packages/airflow/example_dags/example_xcom.py for tasks to queue
[2024-01-24T15:41:42.507-0300] {logging_mixin.py:154} INFO - [2024-01-24T15:41:42.507-0300] {dagbag.py:536} INFO - Filling up the DagBag from /home/felipe/.local/lib/python3.11/site-packages/airflow/example_dags/example_xcom.py
[2024-01-24T15:41:42.512-0300] {processor.py:839} INFO - DAG(s) dict_keys(['example_xcom']) retrieved from /home/felipe/.local/lib/python3.11/site-packages/airflow/example_dags/example_xcom.py
[2024-01-24T15:41:42.523-0300] {logging_mixin.py:154} INFO - [2024-01-24T15:41:42.523-0300] {dag.py:2941} INFO - Sync 1 DAGs
[2024-01-24T15:41:42.533-0300] {logging_mixin.py:154} INFO - [2024-01-24T15:41:42.533-0300] {dag.py:3722} INFO - Setting next_dagrun for example_xcom to 2021-01-01T00:00:00+00:00, run_after=2021-01-01T00:00:00+00:00
[2024-01-24T15:41:42.551-0300] {processor.py:179} INFO - Processing /home/felipe/.local/lib/python3.11/site-packages/airflow/example_dags/example_xcom.py took 0.079 seconds
[2024-01-24T15:42:41.806-0300] {processor.py:157} INFO - Started process (PID=20477) to work on /home/felipe/.local/lib/python3.11/site-packages/airflow/example_dags/example_xcom.py
[2024-01-24T15:42:41.838-0300] {processor.py:829} INFO - Processing file /home/felipe/.local/lib/python3.11/site-packages/airflow/example_dags/example_xcom.py for tasks to queue
[2024-01-24T15:42:41.839-0300] {logging_mixin.py:154} INFO - [2024-01-24T15:42:41.838-0300] {dagbag.py:536} INFO - Filling up the DagBag from /home/felipe/.local/lib/python3.11/site-packages/airflow/example_dags/example_xcom.py
[2024-01-24T15:42:41.844-0300] {processor.py:839} INFO - DAG(s) dict_keys(['example_xcom']) retrieved from /home/felipe/.local/lib/python3.11/site-packages/airflow/example_dags/example_xcom.py
[2024-01-24T15:42:41.855-0300] {logging_mixin.py:154} INFO - [2024-01-24T15:42:41.855-0300] {dag.py:2941} INFO - Sync 1 DAGs
[2024-01-24T15:42:41.866-0300] {logging_mixin.py:154} INFO - [2024-01-24T15:42:41.866-0300] {dag.py:3722} INFO - Setting next_dagrun for example_xcom to 2021-01-01T00:00:00+00:00, run_after=2021-01-01T00:00:00+00:00
[2024-01-24T15:42:41.884-0300] {processor.py:179} INFO - Processing /home/felipe/.local/lib/python3.11/site-packages/airflow/example_dags/example_xcom.py took 0.081 seconds
[2024-01-24T15:43:35.965-0300] {processor.py:157} INFO - Started process (PID=20645) to work on /home/felipe/.local/lib/python3.11/site-packages/airflow/example_dags/example_xcom.py
[2024-01-24T15:43:35.965-0300] {processor.py:829} INFO - Processing file /home/felipe/.local/lib/python3.11/site-packages/airflow/example_dags/example_xcom.py for tasks to queue
[2024-01-24T15:43:35.966-0300] {logging_mixin.py:154} INFO - [2024-01-24T15:43:35.965-0300] {dagbag.py:536} INFO - Filling up the DagBag from /home/felipe/.local/lib/python3.11/site-packages/airflow/example_dags/example_xcom.py
[2024-01-24T15:43:35.971-0300] {processor.py:839} INFO - DAG(s) dict_keys(['example_xcom']) retrieved from /home/felipe/.local/lib/python3.11/site-packages/airflow/example_dags/example_xcom.py
[2024-01-24T15:43:35.982-0300] {logging_mixin.py:154} INFO - [2024-01-24T15:43:35.982-0300] {dag.py:2941} INFO - Sync 1 DAGs
[2024-01-24T15:43:35.993-0300] {logging_mixin.py:154} INFO - [2024-01-24T15:43:35.992-0300] {dag.py:3722} INFO - Setting next_dagrun for example_xcom to 2021-01-01T00:00:00+00:00, run_after=2021-01-01T00:00:00+00:00
[2024-01-24T15:43:36.002-0300] {processor.py:179} INFO - Processing /home/felipe/.local/lib/python3.11/site-packages/airflow/example_dags/example_xcom.py took 0.040 seconds
[2024-01-24T15:44:31.432-0300] {processor.py:157} INFO - Started process (PID=21214) to work on /home/felipe/.local/lib/python3.11/site-packages/airflow/example_dags/example_xcom.py
[2024-01-24T15:44:31.464-0300] {processor.py:829} INFO - Processing file /home/felipe/.local/lib/python3.11/site-packages/airflow/example_dags/example_xcom.py for tasks to queue
[2024-01-24T15:44:31.465-0300] {logging_mixin.py:154} INFO - [2024-01-24T15:44:31.464-0300] {dagbag.py:536} INFO - Filling up the DagBag from /home/felipe/.local/lib/python3.11/site-packages/airflow/example_dags/example_xcom.py
[2024-01-24T15:44:31.470-0300] {processor.py:839} INFO - DAG(s) dict_keys(['example_xcom']) retrieved from /home/felipe/.local/lib/python3.11/site-packages/airflow/example_dags/example_xcom.py
[2024-01-24T15:44:31.482-0300] {logging_mixin.py:154} INFO - [2024-01-24T15:44:31.482-0300] {dag.py:2941} INFO - Sync 1 DAGs
[2024-01-24T15:44:31.492-0300] {logging_mixin.py:154} INFO - [2024-01-24T15:44:31.492-0300] {dag.py:3722} INFO - Setting next_dagrun for example_xcom to 2021-01-01T00:00:00+00:00, run_after=2021-01-01T00:00:00+00:00
[2024-01-24T15:44:31.509-0300] {processor.py:179} INFO - Processing /home/felipe/.local/lib/python3.11/site-packages/airflow/example_dags/example_xcom.py took 0.080 seconds
[2024-01-24T15:49:33.356-0300] {processor.py:157} INFO - Started process (PID=22099) to work on /home/felipe/.local/lib/python3.11/site-packages/airflow/example_dags/example_xcom.py
[2024-01-24T15:49:33.388-0300] {processor.py:829} INFO - Processing file /home/felipe/.local/lib/python3.11/site-packages/airflow/example_dags/example_xcom.py for tasks to queue
[2024-01-24T15:49:33.389-0300] {logging_mixin.py:154} INFO - [2024-01-24T15:49:33.389-0300] {dagbag.py:536} INFO - Filling up the DagBag from /home/felipe/.local/lib/python3.11/site-packages/airflow/example_dags/example_xcom.py
[2024-01-24T15:49:33.394-0300] {processor.py:839} INFO - DAG(s) dict_keys(['example_xcom']) retrieved from /home/felipe/.local/lib/python3.11/site-packages/airflow/example_dags/example_xcom.py
[2024-01-24T15:49:33.406-0300] {logging_mixin.py:154} INFO - [2024-01-24T15:49:33.406-0300] {dag.py:2941} INFO - Sync 1 DAGs
[2024-01-24T15:49:33.416-0300] {logging_mixin.py:154} INFO - [2024-01-24T15:49:33.416-0300] {dag.py:3722} INFO - Setting next_dagrun for example_xcom to 2021-01-01T00:00:00+00:00, run_after=2021-01-01T00:00:00+00:00
[2024-01-24T15:49:33.436-0300] {processor.py:179} INFO - Processing /home/felipe/.local/lib/python3.11/site-packages/airflow/example_dags/example_xcom.py took 0.081 seconds
[2024-01-24T15:50:20.873-0300] {processor.py:157} INFO - Started process (PID=22267) to work on /home/felipe/.local/lib/python3.11/site-packages/airflow/example_dags/example_xcom.py
[2024-01-24T15:50:20.905-0300] {processor.py:829} INFO - Processing file /home/felipe/.local/lib/python3.11/site-packages/airflow/example_dags/example_xcom.py for tasks to queue
[2024-01-24T15:50:20.906-0300] {logging_mixin.py:154} INFO - [2024-01-24T15:50:20.906-0300] {dagbag.py:536} INFO - Filling up the DagBag from /home/felipe/.local/lib/python3.11/site-packages/airflow/example_dags/example_xcom.py
[2024-01-24T15:50:20.912-0300] {processor.py:839} INFO - DAG(s) dict_keys(['example_xcom']) retrieved from /home/felipe/.local/lib/python3.11/site-packages/airflow/example_dags/example_xcom.py
[2024-01-24T15:50:20.922-0300] {logging_mixin.py:154} INFO - [2024-01-24T15:50:20.922-0300] {dag.py:2941} INFO - Sync 1 DAGs
[2024-01-24T15:50:20.932-0300] {logging_mixin.py:154} INFO - [2024-01-24T15:50:20.932-0300] {dag.py:3722} INFO - Setting next_dagrun for example_xcom to 2021-01-01T00:00:00+00:00, run_after=2021-01-01T00:00:00+00:00
[2024-01-24T15:50:20.949-0300] {processor.py:179} INFO - Processing /home/felipe/.local/lib/python3.11/site-packages/airflow/example_dags/example_xcom.py took 0.078 seconds
[2024-01-24T15:51:23.269-0300] {processor.py:157} INFO - Started process (PID=22450) to work on /home/felipe/.local/lib/python3.11/site-packages/airflow/example_dags/example_xcom.py
[2024-01-24T15:51:23.301-0300] {processor.py:829} INFO - Processing file /home/felipe/.local/lib/python3.11/site-packages/airflow/example_dags/example_xcom.py for tasks to queue
[2024-01-24T15:51:23.301-0300] {logging_mixin.py:154} INFO - [2024-01-24T15:51:23.301-0300] {dagbag.py:536} INFO - Filling up the DagBag from /home/felipe/.local/lib/python3.11/site-packages/airflow/example_dags/example_xcom.py
[2024-01-24T15:51:23.306-0300] {processor.py:839} INFO - DAG(s) dict_keys(['example_xcom']) retrieved from /home/felipe/.local/lib/python3.11/site-packages/airflow/example_dags/example_xcom.py
[2024-01-24T15:51:23.317-0300] {logging_mixin.py:154} INFO - [2024-01-24T15:51:23.317-0300] {dag.py:2941} INFO - Sync 1 DAGs
[2024-01-24T15:51:23.327-0300] {logging_mixin.py:154} INFO - [2024-01-24T15:51:23.327-0300] {dag.py:3722} INFO - Setting next_dagrun for example_xcom to 2021-01-01T00:00:00+00:00, run_after=2021-01-01T00:00:00+00:00
[2024-01-24T15:51:23.344-0300] {processor.py:179} INFO - Processing /home/felipe/.local/lib/python3.11/site-packages/airflow/example_dags/example_xcom.py took 0.077 seconds
[2024-01-24T15:52:29.414-0300] {processor.py:157} INFO - Started process (PID=22698) to work on /home/felipe/.local/lib/python3.11/site-packages/airflow/example_dags/example_xcom.py
[2024-01-24T15:52:29.446-0300] {processor.py:829} INFO - Processing file /home/felipe/.local/lib/python3.11/site-packages/airflow/example_dags/example_xcom.py for tasks to queue
[2024-01-24T15:52:29.447-0300] {logging_mixin.py:154} INFO - [2024-01-24T15:52:29.446-0300] {dagbag.py:536} INFO - Filling up the DagBag from /home/felipe/.local/lib/python3.11/site-packages/airflow/example_dags/example_xcom.py
[2024-01-24T15:52:29.452-0300] {processor.py:839} INFO - DAG(s) dict_keys(['example_xcom']) retrieved from /home/felipe/.local/lib/python3.11/site-packages/airflow/example_dags/example_xcom.py
[2024-01-24T15:52:29.463-0300] {logging_mixin.py:154} INFO - [2024-01-24T15:52:29.463-0300] {dag.py:2941} INFO - Sync 1 DAGs
[2024-01-24T15:52:29.474-0300] {logging_mixin.py:154} INFO - [2024-01-24T15:52:29.474-0300] {dag.py:3722} INFO - Setting next_dagrun for example_xcom to 2021-01-01T00:00:00+00:00, run_after=2021-01-01T00:00:00+00:00
[2024-01-24T15:52:29.492-0300] {processor.py:179} INFO - Processing /home/felipe/.local/lib/python3.11/site-packages/airflow/example_dags/example_xcom.py took 0.080 seconds
[2024-01-24T15:53:22.778-0300] {processor.py:157} INFO - Started process (PID=22902) to work on /home/felipe/.local/lib/python3.11/site-packages/airflow/example_dags/example_xcom.py
[2024-01-24T15:53:22.782-0300] {processor.py:829} INFO - Processing file /home/felipe/.local/lib/python3.11/site-packages/airflow/example_dags/example_xcom.py for tasks to queue
[2024-01-24T15:53:22.783-0300] {logging_mixin.py:154} INFO - [2024-01-24T15:53:22.783-0300] {dagbag.py:536} INFO - Filling up the DagBag from /home/felipe/.local/lib/python3.11/site-packages/airflow/example_dags/example_xcom.py
[2024-01-24T15:53:22.789-0300] {processor.py:839} INFO - DAG(s) dict_keys(['example_xcom']) retrieved from /home/felipe/.local/lib/python3.11/site-packages/airflow/example_dags/example_xcom.py
[2024-01-24T15:53:22.801-0300] {logging_mixin.py:154} INFO - [2024-01-24T15:53:22.801-0300] {dag.py:2941} INFO - Sync 1 DAGs
[2024-01-24T15:53:22.812-0300] {logging_mixin.py:154} INFO - [2024-01-24T15:53:22.812-0300] {dag.py:3722} INFO - Setting next_dagrun for example_xcom to 2021-01-01T00:00:00+00:00, run_after=2021-01-01T00:00:00+00:00
[2024-01-24T15:53:22.823-0300] {processor.py:179} INFO - Processing /home/felipe/.local/lib/python3.11/site-packages/airflow/example_dags/example_xcom.py took 0.047 seconds
[2024-01-24T15:54:42.619-0300] {processor.py:157} INFO - Started process (PID=23124) to work on /home/felipe/.local/lib/python3.11/site-packages/airflow/example_dags/example_xcom.py
[2024-01-24T15:54:42.681-0300] {processor.py:829} INFO - Processing file /home/felipe/.local/lib/python3.11/site-packages/airflow/example_dags/example_xcom.py for tasks to queue
[2024-01-24T15:54:42.681-0300] {logging_mixin.py:154} INFO - [2024-01-24T15:54:42.681-0300] {dagbag.py:536} INFO - Filling up the DagBag from /home/felipe/.local/lib/python3.11/site-packages/airflow/example_dags/example_xcom.py
[2024-01-24T15:54:42.687-0300] {processor.py:839} INFO - DAG(s) dict_keys(['example_xcom']) retrieved from /home/felipe/.local/lib/python3.11/site-packages/airflow/example_dags/example_xcom.py
[2024-01-24T15:54:42.699-0300] {logging_mixin.py:154} INFO - [2024-01-24T15:54:42.698-0300] {dag.py:2941} INFO - Sync 1 DAGs
[2024-01-24T15:54:42.709-0300] {logging_mixin.py:154} INFO - [2024-01-24T15:54:42.709-0300] {dag.py:3722} INFO - Setting next_dagrun for example_xcom to 2021-01-01T00:00:00+00:00, run_after=2021-01-01T00:00:00+00:00
[2024-01-24T15:54:42.728-0300] {processor.py:179} INFO - Processing /home/felipe/.local/lib/python3.11/site-packages/airflow/example_dags/example_xcom.py took 0.111 seconds
[2024-01-24T15:56:03.749-0300] {processor.py:157} INFO - Started process (PID=23387) to work on /home/felipe/.local/lib/python3.11/site-packages/airflow/example_dags/example_xcom.py
[2024-01-24T15:56:03.749-0300] {processor.py:829} INFO - Processing file /home/felipe/.local/lib/python3.11/site-packages/airflow/example_dags/example_xcom.py for tasks to queue
[2024-01-24T15:56:03.750-0300] {logging_mixin.py:154} INFO - [2024-01-24T15:56:03.750-0300] {dagbag.py:536} INFO - Filling up the DagBag from /home/felipe/.local/lib/python3.11/site-packages/airflow/example_dags/example_xcom.py
[2024-01-24T15:56:03.755-0300] {processor.py:839} INFO - DAG(s) dict_keys(['example_xcom']) retrieved from /home/felipe/.local/lib/python3.11/site-packages/airflow/example_dags/example_xcom.py
[2024-01-24T15:56:03.764-0300] {logging_mixin.py:154} INFO - [2024-01-24T15:56:03.764-0300] {dag.py:2941} INFO - Sync 1 DAGs
[2024-01-24T15:56:03.774-0300] {logging_mixin.py:154} INFO - [2024-01-24T15:56:03.774-0300] {dag.py:3722} INFO - Setting next_dagrun for example_xcom to 2021-01-01T00:00:00+00:00, run_after=2021-01-01T00:00:00+00:00
[2024-01-24T15:56:03.785-0300] {processor.py:179} INFO - Processing /home/felipe/.local/lib/python3.11/site-packages/airflow/example_dags/example_xcom.py took 0.038 seconds
[2024-01-24T15:56:53.937-0300] {processor.py:157} INFO - Started process (PID=23559) to work on /home/felipe/.local/lib/python3.11/site-packages/airflow/example_dags/example_xcom.py
[2024-01-24T15:56:53.938-0300] {processor.py:829} INFO - Processing file /home/felipe/.local/lib/python3.11/site-packages/airflow/example_dags/example_xcom.py for tasks to queue
[2024-01-24T15:56:53.938-0300] {logging_mixin.py:154} INFO - [2024-01-24T15:56:53.938-0300] {dagbag.py:536} INFO - Filling up the DagBag from /home/felipe/.local/lib/python3.11/site-packages/airflow/example_dags/example_xcom.py
[2024-01-24T15:56:53.943-0300] {processor.py:839} INFO - DAG(s) dict_keys(['example_xcom']) retrieved from /home/felipe/.local/lib/python3.11/site-packages/airflow/example_dags/example_xcom.py
[2024-01-24T15:56:53.954-0300] {logging_mixin.py:154} INFO - [2024-01-24T15:56:53.953-0300] {dag.py:2941} INFO - Sync 1 DAGs
[2024-01-24T15:56:53.964-0300] {logging_mixin.py:154} INFO - [2024-01-24T15:56:53.964-0300] {dag.py:3722} INFO - Setting next_dagrun for example_xcom to 2021-01-01T00:00:00+00:00, run_after=2021-01-01T00:00:00+00:00
[2024-01-24T15:56:54.001-0300] {processor.py:179} INFO - Processing /home/felipe/.local/lib/python3.11/site-packages/airflow/example_dags/example_xcom.py took 0.066 seconds
[2024-01-24T15:57:53.669-0300] {processor.py:157} INFO - Started process (PID=23844) to work on /home/felipe/.local/lib/python3.11/site-packages/airflow/example_dags/example_xcom.py
[2024-01-24T15:57:53.701-0300] {processor.py:829} INFO - Processing file /home/felipe/.local/lib/python3.11/site-packages/airflow/example_dags/example_xcom.py for tasks to queue
[2024-01-24T15:57:53.701-0300] {logging_mixin.py:154} INFO - [2024-01-24T15:57:53.701-0300] {dagbag.py:536} INFO - Filling up the DagBag from /home/felipe/.local/lib/python3.11/site-packages/airflow/example_dags/example_xcom.py
[2024-01-24T15:57:53.706-0300] {processor.py:839} INFO - DAG(s) dict_keys(['example_xcom']) retrieved from /home/felipe/.local/lib/python3.11/site-packages/airflow/example_dags/example_xcom.py
[2024-01-24T15:57:53.718-0300] {logging_mixin.py:154} INFO - [2024-01-24T15:57:53.718-0300] {dag.py:2941} INFO - Sync 1 DAGs
[2024-01-24T15:57:53.728-0300] {logging_mixin.py:154} INFO - [2024-01-24T15:57:53.728-0300] {dag.py:3722} INFO - Setting next_dagrun for example_xcom to 2021-01-01T00:00:00+00:00, run_after=2021-01-01T00:00:00+00:00
[2024-01-24T15:57:53.745-0300] {processor.py:179} INFO - Processing /home/felipe/.local/lib/python3.11/site-packages/airflow/example_dags/example_xcom.py took 0.079 seconds
[2024-01-24T15:59:00.098-0300] {processor.py:157} INFO - Started process (PID=24039) to work on /home/felipe/.local/lib/python3.11/site-packages/airflow/example_dags/example_xcom.py
[2024-01-24T15:59:00.130-0300] {processor.py:829} INFO - Processing file /home/felipe/.local/lib/python3.11/site-packages/airflow/example_dags/example_xcom.py for tasks to queue
[2024-01-24T15:59:00.131-0300] {logging_mixin.py:154} INFO - [2024-01-24T15:59:00.131-0300] {dagbag.py:536} INFO - Filling up the DagBag from /home/felipe/.local/lib/python3.11/site-packages/airflow/example_dags/example_xcom.py
[2024-01-24T15:59:00.136-0300] {processor.py:839} INFO - DAG(s) dict_keys(['example_xcom']) retrieved from /home/felipe/.local/lib/python3.11/site-packages/airflow/example_dags/example_xcom.py
[2024-01-24T15:59:00.146-0300] {logging_mixin.py:154} INFO - [2024-01-24T15:59:00.146-0300] {dag.py:2941} INFO - Sync 1 DAGs
[2024-01-24T15:59:00.157-0300] {logging_mixin.py:154} INFO - [2024-01-24T15:59:00.157-0300] {dag.py:3722} INFO - Setting next_dagrun for example_xcom to 2021-01-01T00:00:00+00:00, run_after=2021-01-01T00:00:00+00:00
[2024-01-24T15:59:00.179-0300] {processor.py:179} INFO - Processing /home/felipe/.local/lib/python3.11/site-packages/airflow/example_dags/example_xcom.py took 0.083 seconds
