[2024-01-24T15:37:39.723-0300] {processor.py:157} INFO - Started process (PID=19196) to work on /home/felipe/.local/lib/python3.11/site-packages/airflow/example_dags/example_short_circuit_operator.py
[2024-01-24T15:37:39.724-0300] {processor.py:829} INFO - Processing file /home/felipe/.local/lib/python3.11/site-packages/airflow/example_dags/example_short_circuit_operator.py for tasks to queue
[2024-01-24T15:37:39.724-0300] {logging_mixin.py:154} INFO - [2024-01-24T15:37:39.724-0300] {dagbag.py:536} INFO - Filling up the DagBag from /home/felipe/.local/lib/python3.11/site-packages/airflow/example_dags/example_short_circuit_operator.py
[2024-01-24T15:37:39.731-0300] {processor.py:839} INFO - DAG(s) dict_keys(['example_short_circuit_operator']) retrieved from /home/felipe/.local/lib/python3.11/site-packages/airflow/example_dags/example_short_circuit_operator.py
[2024-01-24T15:37:39.736-0300] {logging_mixin.py:154} INFO - [2024-01-24T15:37:39.736-0300] {dag.py:2941} INFO - Sync 1 DAGs
[2024-01-24T15:37:39.748-0300] {logging_mixin.py:154} INFO - [2024-01-24T15:37:39.747-0300] {dag.py:3722} INFO - Setting next_dagrun for example_short_circuit_operator to 2024-01-23T18:37:39.747788+00:00, run_after=2024-01-24T18:37:39.747788+00:00
[2024-01-24T15:37:39.758-0300] {processor.py:179} INFO - Processing /home/felipe/.local/lib/python3.11/site-packages/airflow/example_dags/example_short_circuit_operator.py took 0.036 seconds
[2024-01-24T15:39:56.307-0300] {processor.py:157} INFO - Started process (PID=19681) to work on /home/felipe/.local/lib/python3.11/site-packages/airflow/example_dags/example_short_circuit_operator.py
[2024-01-24T15:39:56.339-0300] {processor.py:829} INFO - Processing file /home/felipe/.local/lib/python3.11/site-packages/airflow/example_dags/example_short_circuit_operator.py for tasks to queue
[2024-01-24T15:39:56.340-0300] {logging_mixin.py:154} INFO - [2024-01-24T15:39:56.340-0300] {dagbag.py:536} INFO - Filling up the DagBag from /home/felipe/.local/lib/python3.11/site-packages/airflow/example_dags/example_short_circuit_operator.py
[2024-01-24T15:39:56.346-0300] {processor.py:839} INFO - DAG(s) dict_keys(['example_short_circuit_operator']) retrieved from /home/felipe/.local/lib/python3.11/site-packages/airflow/example_dags/example_short_circuit_operator.py
[2024-01-24T15:39:56.351-0300] {logging_mixin.py:154} INFO - [2024-01-24T15:39:56.351-0300] {dag.py:2941} INFO - Sync 1 DAGs
[2024-01-24T15:39:56.362-0300] {logging_mixin.py:154} INFO - [2024-01-24T15:39:56.362-0300] {dag.py:3722} INFO - Setting next_dagrun for example_short_circuit_operator to 2024-01-23T18:39:56.362085+00:00, run_after=2024-01-24T18:39:56.362085+00:00
[2024-01-24T15:39:56.374-0300] {processor.py:179} INFO - Processing /home/felipe/.local/lib/python3.11/site-packages/airflow/example_dags/example_short_circuit_operator.py took 0.069 seconds
[2024-01-24T15:41:28.201-0300] {processor.py:157} INFO - Started process (PID=20148) to work on /home/felipe/.local/lib/python3.11/site-packages/airflow/example_dags/example_short_circuit_operator.py
[2024-01-24T15:41:28.201-0300] {processor.py:829} INFO - Processing file /home/felipe/.local/lib/python3.11/site-packages/airflow/example_dags/example_short_circuit_operator.py for tasks to queue
[2024-01-24T15:41:28.202-0300] {logging_mixin.py:154} INFO - [2024-01-24T15:41:28.202-0300] {dagbag.py:536} INFO - Filling up the DagBag from /home/felipe/.local/lib/python3.11/site-packages/airflow/example_dags/example_short_circuit_operator.py
[2024-01-24T15:41:28.207-0300] {processor.py:839} INFO - DAG(s) dict_keys(['example_short_circuit_operator']) retrieved from /home/felipe/.local/lib/python3.11/site-packages/airflow/example_dags/example_short_circuit_operator.py
[2024-01-24T15:41:28.218-0300] {logging_mixin.py:154} INFO - [2024-01-24T15:41:28.218-0300] {dag.py:2941} INFO - Sync 1 DAGs
[2024-01-24T15:41:28.228-0300] {logging_mixin.py:154} INFO - [2024-01-24T15:41:28.228-0300] {dag.py:3722} INFO - Setting next_dagrun for example_short_circuit_operator to 2024-01-23T18:41:28.228554+00:00, run_after=2024-01-24T18:41:28.228554+00:00
[2024-01-24T15:41:28.238-0300] {processor.py:179} INFO - Processing /home/felipe/.local/lib/python3.11/site-packages/airflow/example_dags/example_short_circuit_operator.py took 0.040 seconds
[2024-01-24T15:42:22.728-0300] {processor.py:157} INFO - Started process (PID=20445) to work on /home/felipe/.local/lib/python3.11/site-packages/airflow/example_dags/example_short_circuit_operator.py
[2024-01-24T15:42:22.760-0300] {processor.py:829} INFO - Processing file /home/felipe/.local/lib/python3.11/site-packages/airflow/example_dags/example_short_circuit_operator.py for tasks to queue
[2024-01-24T15:42:22.761-0300] {logging_mixin.py:154} INFO - [2024-01-24T15:42:22.760-0300] {dagbag.py:536} INFO - Filling up the DagBag from /home/felipe/.local/lib/python3.11/site-packages/airflow/example_dags/example_short_circuit_operator.py
[2024-01-24T15:42:22.766-0300] {processor.py:839} INFO - DAG(s) dict_keys(['example_short_circuit_operator']) retrieved from /home/felipe/.local/lib/python3.11/site-packages/airflow/example_dags/example_short_circuit_operator.py
[2024-01-24T15:42:22.778-0300] {logging_mixin.py:154} INFO - [2024-01-24T15:42:22.778-0300] {dag.py:2941} INFO - Sync 1 DAGs
[2024-01-24T15:42:22.789-0300] {logging_mixin.py:154} INFO - [2024-01-24T15:42:22.789-0300] {dag.py:3722} INFO - Setting next_dagrun for example_short_circuit_operator to 2024-01-23T18:42:22.788866+00:00, run_after=2024-01-24T18:42:22.788866+00:00
[2024-01-24T15:42:22.800-0300] {processor.py:179} INFO - Processing /home/felipe/.local/lib/python3.11/site-packages/airflow/example_dags/example_short_circuit_operator.py took 0.074 seconds
[2024-01-24T15:43:18.806-0300] {processor.py:157} INFO - Started process (PID=20622) to work on /home/felipe/.local/lib/python3.11/site-packages/airflow/example_dags/example_short_circuit_operator.py
[2024-01-24T15:43:18.814-0300] {processor.py:829} INFO - Processing file /home/felipe/.local/lib/python3.11/site-packages/airflow/example_dags/example_short_circuit_operator.py for tasks to queue
[2024-01-24T15:43:18.814-0300] {logging_mixin.py:154} INFO - [2024-01-24T15:43:18.814-0300] {dagbag.py:536} INFO - Filling up the DagBag from /home/felipe/.local/lib/python3.11/site-packages/airflow/example_dags/example_short_circuit_operator.py
[2024-01-24T15:43:18.819-0300] {processor.py:839} INFO - DAG(s) dict_keys(['example_short_circuit_operator']) retrieved from /home/felipe/.local/lib/python3.11/site-packages/airflow/example_dags/example_short_circuit_operator.py
[2024-01-24T15:43:18.829-0300] {logging_mixin.py:154} INFO - [2024-01-24T15:43:18.829-0300] {dag.py:2941} INFO - Sync 1 DAGs
[2024-01-24T15:43:18.838-0300] {logging_mixin.py:154} INFO - [2024-01-24T15:43:18.838-0300] {dag.py:3722} INFO - Setting next_dagrun for example_short_circuit_operator to 2024-01-23T18:43:18.838771+00:00, run_after=2024-01-24T18:43:18.838771+00:00
[2024-01-24T15:43:18.848-0300] {processor.py:179} INFO - Processing /home/felipe/.local/lib/python3.11/site-packages/airflow/example_dags/example_short_circuit_operator.py took 0.045 seconds
[2024-01-24T15:44:05.536-0300] {processor.py:157} INFO - Started process (PID=21092) to work on /home/felipe/.local/lib/python3.11/site-packages/airflow/example_dags/example_short_circuit_operator.py
[2024-01-24T15:44:05.536-0300] {processor.py:829} INFO - Processing file /home/felipe/.local/lib/python3.11/site-packages/airflow/example_dags/example_short_circuit_operator.py for tasks to queue
[2024-01-24T15:44:05.537-0300] {logging_mixin.py:154} INFO - [2024-01-24T15:44:05.536-0300] {dagbag.py:536} INFO - Filling up the DagBag from /home/felipe/.local/lib/python3.11/site-packages/airflow/example_dags/example_short_circuit_operator.py
[2024-01-24T15:44:05.542-0300] {processor.py:839} INFO - DAG(s) dict_keys(['example_short_circuit_operator']) retrieved from /home/felipe/.local/lib/python3.11/site-packages/airflow/example_dags/example_short_circuit_operator.py
[2024-01-24T15:44:05.553-0300] {logging_mixin.py:154} INFO - [2024-01-24T15:44:05.553-0300] {dag.py:2941} INFO - Sync 1 DAGs
[2024-01-24T15:44:05.564-0300] {logging_mixin.py:154} INFO - [2024-01-24T15:44:05.564-0300] {dag.py:3722} INFO - Setting next_dagrun for example_short_circuit_operator to 2024-01-23T18:44:05.564360+00:00, run_after=2024-01-24T18:44:05.564360+00:00
[2024-01-24T15:44:05.582-0300] {processor.py:179} INFO - Processing /home/felipe/.local/lib/python3.11/site-packages/airflow/example_dags/example_short_circuit_operator.py took 0.048 seconds
[2024-01-24T15:49:15.953-0300] {processor.py:157} INFO - Started process (PID=22069) to work on /home/felipe/.local/lib/python3.11/site-packages/airflow/example_dags/example_short_circuit_operator.py
[2024-01-24T15:49:15.954-0300] {processor.py:829} INFO - Processing file /home/felipe/.local/lib/python3.11/site-packages/airflow/example_dags/example_short_circuit_operator.py for tasks to queue
[2024-01-24T15:49:15.954-0300] {logging_mixin.py:154} INFO - [2024-01-24T15:49:15.954-0300] {dagbag.py:536} INFO - Filling up the DagBag from /home/felipe/.local/lib/python3.11/site-packages/airflow/example_dags/example_short_circuit_operator.py
[2024-01-24T15:49:15.961-0300] {processor.py:839} INFO - DAG(s) dict_keys(['example_short_circuit_operator']) retrieved from /home/felipe/.local/lib/python3.11/site-packages/airflow/example_dags/example_short_circuit_operator.py
[2024-01-24T15:49:15.975-0300] {logging_mixin.py:154} INFO - [2024-01-24T15:49:15.975-0300] {dag.py:2941} INFO - Sync 1 DAGs
[2024-01-24T15:49:15.985-0300] {logging_mixin.py:154} INFO - [2024-01-24T15:49:15.985-0300] {dag.py:3722} INFO - Setting next_dagrun for example_short_circuit_operator to 2024-01-23T18:49:15.985273+00:00, run_after=2024-01-24T18:49:15.985273+00:00
[2024-01-24T15:49:16.002-0300] {processor.py:179} INFO - Processing /home/felipe/.local/lib/python3.11/site-packages/airflow/example_dags/example_short_circuit_operator.py took 0.051 seconds
[2024-01-24T15:50:05.311-0300] {processor.py:157} INFO - Started process (PID=22242) to work on /home/felipe/.local/lib/python3.11/site-packages/airflow/example_dags/example_short_circuit_operator.py
[2024-01-24T15:50:05.343-0300] {processor.py:829} INFO - Processing file /home/felipe/.local/lib/python3.11/site-packages/airflow/example_dags/example_short_circuit_operator.py for tasks to queue
[2024-01-24T15:50:05.344-0300] {logging_mixin.py:154} INFO - [2024-01-24T15:50:05.343-0300] {dagbag.py:536} INFO - Filling up the DagBag from /home/felipe/.local/lib/python3.11/site-packages/airflow/example_dags/example_short_circuit_operator.py
[2024-01-24T15:50:05.349-0300] {processor.py:839} INFO - DAG(s) dict_keys(['example_short_circuit_operator']) retrieved from /home/felipe/.local/lib/python3.11/site-packages/airflow/example_dags/example_short_circuit_operator.py
[2024-01-24T15:50:05.360-0300] {logging_mixin.py:154} INFO - [2024-01-24T15:50:05.360-0300] {dag.py:2941} INFO - Sync 1 DAGs
[2024-01-24T15:50:05.370-0300] {logging_mixin.py:154} INFO - [2024-01-24T15:50:05.370-0300] {dag.py:3722} INFO - Setting next_dagrun for example_short_circuit_operator to 2024-01-23T18:50:05.370639+00:00, run_after=2024-01-24T18:50:05.370639+00:00
[2024-01-24T15:50:05.389-0300] {processor.py:179} INFO - Processing /home/felipe/.local/lib/python3.11/site-packages/airflow/example_dags/example_short_circuit_operator.py took 0.080 seconds
[2024-01-24T15:50:58.536-0300] {processor.py:157} INFO - Started process (PID=22370) to work on /home/felipe/.local/lib/python3.11/site-packages/airflow/example_dags/example_short_circuit_operator.py
[2024-01-24T15:50:58.569-0300] {processor.py:829} INFO - Processing file /home/felipe/.local/lib/python3.11/site-packages/airflow/example_dags/example_short_circuit_operator.py for tasks to queue
[2024-01-24T15:50:58.570-0300] {logging_mixin.py:154} INFO - [2024-01-24T15:50:58.570-0300] {dagbag.py:536} INFO - Filling up the DagBag from /home/felipe/.local/lib/python3.11/site-packages/airflow/example_dags/example_short_circuit_operator.py
[2024-01-24T15:50:58.575-0300] {processor.py:839} INFO - DAG(s) dict_keys(['example_short_circuit_operator']) retrieved from /home/felipe/.local/lib/python3.11/site-packages/airflow/example_dags/example_short_circuit_operator.py
[2024-01-24T15:50:58.586-0300] {logging_mixin.py:154} INFO - [2024-01-24T15:50:58.586-0300] {dag.py:2941} INFO - Sync 1 DAGs
[2024-01-24T15:50:58.596-0300] {logging_mixin.py:154} INFO - [2024-01-24T15:50:58.596-0300] {dag.py:3722} INFO - Setting next_dagrun for example_short_circuit_operator to 2024-01-23T18:50:58.596161+00:00, run_after=2024-01-24T18:50:58.596161+00:00
[2024-01-24T15:50:58.615-0300] {processor.py:179} INFO - Processing /home/felipe/.local/lib/python3.11/site-packages/airflow/example_dags/example_short_circuit_operator.py took 0.082 seconds
[2024-01-24T15:51:41.771-0300] {processor.py:157} INFO - Started process (PID=22497) to work on /home/felipe/.local/lib/python3.11/site-packages/airflow/example_dags/example_short_circuit_operator.py
[2024-01-24T15:51:41.803-0300] {processor.py:829} INFO - Processing file /home/felipe/.local/lib/python3.11/site-packages/airflow/example_dags/example_short_circuit_operator.py for tasks to queue
[2024-01-24T15:51:41.804-0300] {logging_mixin.py:154} INFO - [2024-01-24T15:51:41.803-0300] {dagbag.py:536} INFO - Filling up the DagBag from /home/felipe/.local/lib/python3.11/site-packages/airflow/example_dags/example_short_circuit_operator.py
[2024-01-24T15:51:41.809-0300] {processor.py:839} INFO - DAG(s) dict_keys(['example_short_circuit_operator']) retrieved from /home/felipe/.local/lib/python3.11/site-packages/airflow/example_dags/example_short_circuit_operator.py
[2024-01-24T15:51:41.820-0300] {logging_mixin.py:154} INFO - [2024-01-24T15:51:41.820-0300] {dag.py:2941} INFO - Sync 1 DAGs
[2024-01-24T15:51:41.832-0300] {logging_mixin.py:154} INFO - [2024-01-24T15:51:41.832-0300] {dag.py:3722} INFO - Setting next_dagrun for example_short_circuit_operator to 2024-01-23T18:51:41.832354+00:00, run_after=2024-01-24T18:51:41.832354+00:00
[2024-01-24T15:51:41.851-0300] {processor.py:179} INFO - Processing /home/felipe/.local/lib/python3.11/site-packages/airflow/example_dags/example_short_circuit_operator.py took 0.082 seconds
[2024-01-24T15:52:23.758-0300] {processor.py:157} INFO - Started process (PID=22689) to work on /home/felipe/.local/lib/python3.11/site-packages/airflow/example_dags/example_short_circuit_operator.py
[2024-01-24T15:52:23.790-0300] {processor.py:829} INFO - Processing file /home/felipe/.local/lib/python3.11/site-packages/airflow/example_dags/example_short_circuit_operator.py for tasks to queue
[2024-01-24T15:52:23.791-0300] {logging_mixin.py:154} INFO - [2024-01-24T15:52:23.791-0300] {dagbag.py:536} INFO - Filling up the DagBag from /home/felipe/.local/lib/python3.11/site-packages/airflow/example_dags/example_short_circuit_operator.py
[2024-01-24T15:52:23.796-0300] {processor.py:839} INFO - DAG(s) dict_keys(['example_short_circuit_operator']) retrieved from /home/felipe/.local/lib/python3.11/site-packages/airflow/example_dags/example_short_circuit_operator.py
[2024-01-24T15:52:23.806-0300] {logging_mixin.py:154} INFO - [2024-01-24T15:52:23.806-0300] {dag.py:2941} INFO - Sync 1 DAGs
[2024-01-24T15:52:23.816-0300] {logging_mixin.py:154} INFO - [2024-01-24T15:52:23.816-0300] {dag.py:3722} INFO - Setting next_dagrun for example_short_circuit_operator to 2024-01-23T18:52:23.816258+00:00, run_after=2024-01-24T18:52:23.816258+00:00
[2024-01-24T15:52:23.834-0300] {processor.py:179} INFO - Processing /home/felipe/.local/lib/python3.11/site-packages/airflow/example_dags/example_short_circuit_operator.py took 0.078 seconds
[2024-01-24T15:53:05.511-0300] {processor.py:157} INFO - Started process (PID=22818) to work on /home/felipe/.local/lib/python3.11/site-packages/airflow/example_dags/example_short_circuit_operator.py
[2024-01-24T15:53:05.543-0300] {processor.py:829} INFO - Processing file /home/felipe/.local/lib/python3.11/site-packages/airflow/example_dags/example_short_circuit_operator.py for tasks to queue
[2024-01-24T15:53:05.544-0300] {logging_mixin.py:154} INFO - [2024-01-24T15:53:05.544-0300] {dagbag.py:536} INFO - Filling up the DagBag from /home/felipe/.local/lib/python3.11/site-packages/airflow/example_dags/example_short_circuit_operator.py
[2024-01-24T15:53:05.549-0300] {processor.py:839} INFO - DAG(s) dict_keys(['example_short_circuit_operator']) retrieved from /home/felipe/.local/lib/python3.11/site-packages/airflow/example_dags/example_short_circuit_operator.py
[2024-01-24T15:53:05.561-0300] {logging_mixin.py:154} INFO - [2024-01-24T15:53:05.560-0300] {dag.py:2941} INFO - Sync 1 DAGs
[2024-01-24T15:53:05.571-0300] {logging_mixin.py:154} INFO - [2024-01-24T15:53:05.571-0300] {dag.py:3722} INFO - Setting next_dagrun for example_short_circuit_operator to 2024-01-23T18:53:05.571127+00:00, run_after=2024-01-24T18:53:05.571127+00:00
[2024-01-24T15:53:05.588-0300] {processor.py:179} INFO - Processing /home/felipe/.local/lib/python3.11/site-packages/airflow/example_dags/example_short_circuit_operator.py took 0.079 seconds
[2024-01-24T15:54:02.552-0300] {processor.py:157} INFO - Started process (PID=23010) to work on /home/felipe/.local/lib/python3.11/site-packages/airflow/example_dags/example_short_circuit_operator.py
[2024-01-24T15:54:02.591-0300] {processor.py:829} INFO - Processing file /home/felipe/.local/lib/python3.11/site-packages/airflow/example_dags/example_short_circuit_operator.py for tasks to queue
[2024-01-24T15:54:02.592-0300] {logging_mixin.py:154} INFO - [2024-01-24T15:54:02.592-0300] {dagbag.py:536} INFO - Filling up the DagBag from /home/felipe/.local/lib/python3.11/site-packages/airflow/example_dags/example_short_circuit_operator.py
[2024-01-24T15:54:02.598-0300] {processor.py:839} INFO - DAG(s) dict_keys(['example_short_circuit_operator']) retrieved from /home/felipe/.local/lib/python3.11/site-packages/airflow/example_dags/example_short_circuit_operator.py
[2024-01-24T15:54:02.608-0300] {logging_mixin.py:154} INFO - [2024-01-24T15:54:02.608-0300] {dag.py:2941} INFO - Sync 1 DAGs
[2024-01-24T15:54:02.620-0300] {logging_mixin.py:154} INFO - [2024-01-24T15:54:02.620-0300] {dag.py:3722} INFO - Setting next_dagrun for example_short_circuit_operator to 2024-01-23T18:54:02.619996+00:00, run_after=2024-01-24T18:54:02.619996+00:00
[2024-01-24T15:54:02.638-0300] {processor.py:179} INFO - Processing /home/felipe/.local/lib/python3.11/site-packages/airflow/example_dags/example_short_circuit_operator.py took 0.088 seconds
[2024-01-24T15:55:27.952-0300] {processor.py:157} INFO - Started process (PID=23273) to work on /home/felipe/.local/lib/python3.11/site-packages/airflow/example_dags/example_short_circuit_operator.py
[2024-01-24T15:55:27.984-0300] {processor.py:829} INFO - Processing file /home/felipe/.local/lib/python3.11/site-packages/airflow/example_dags/example_short_circuit_operator.py for tasks to queue
[2024-01-24T15:55:27.984-0300] {logging_mixin.py:154} INFO - [2024-01-24T15:55:27.984-0300] {dagbag.py:536} INFO - Filling up the DagBag from /home/felipe/.local/lib/python3.11/site-packages/airflow/example_dags/example_short_circuit_operator.py
[2024-01-24T15:55:27.990-0300] {processor.py:839} INFO - DAG(s) dict_keys(['example_short_circuit_operator']) retrieved from /home/felipe/.local/lib/python3.11/site-packages/airflow/example_dags/example_short_circuit_operator.py
[2024-01-24T15:55:28.001-0300] {logging_mixin.py:154} INFO - [2024-01-24T15:55:28.001-0300] {dag.py:2941} INFO - Sync 1 DAGs
[2024-01-24T15:55:28.011-0300] {logging_mixin.py:154} INFO - [2024-01-24T15:55:28.011-0300] {dag.py:3722} INFO - Setting next_dagrun for example_short_circuit_operator to 2024-01-23T18:55:28.010865+00:00, run_after=2024-01-24T18:55:28.010865+00:00
[2024-01-24T15:55:28.028-0300] {processor.py:179} INFO - Processing /home/felipe/.local/lib/python3.11/site-packages/airflow/example_dags/example_short_circuit_operator.py took 0.078 seconds
[2024-01-24T15:56:29.798-0300] {processor.py:157} INFO - Started process (PID=23469) to work on /home/felipe/.local/lib/python3.11/site-packages/airflow/example_dags/example_short_circuit_operator.py
[2024-01-24T15:56:29.830-0300] {processor.py:829} INFO - Processing file /home/felipe/.local/lib/python3.11/site-packages/airflow/example_dags/example_short_circuit_operator.py for tasks to queue
[2024-01-24T15:56:29.831-0300] {logging_mixin.py:154} INFO - [2024-01-24T15:56:29.830-0300] {dagbag.py:536} INFO - Filling up the DagBag from /home/felipe/.local/lib/python3.11/site-packages/airflow/example_dags/example_short_circuit_operator.py
[2024-01-24T15:56:29.836-0300] {processor.py:839} INFO - DAG(s) dict_keys(['example_short_circuit_operator']) retrieved from /home/felipe/.local/lib/python3.11/site-packages/airflow/example_dags/example_short_circuit_operator.py
[2024-01-24T15:56:29.846-0300] {logging_mixin.py:154} INFO - [2024-01-24T15:56:29.846-0300] {dag.py:2941} INFO - Sync 1 DAGs
[2024-01-24T15:56:29.856-0300] {logging_mixin.py:154} INFO - [2024-01-24T15:56:29.856-0300] {dag.py:3722} INFO - Setting next_dagrun for example_short_circuit_operator to 2024-01-23T18:56:29.856483+00:00, run_after=2024-01-24T18:56:29.856483+00:00
[2024-01-24T15:56:29.874-0300] {processor.py:179} INFO - Processing /home/felipe/.local/lib/python3.11/site-packages/airflow/example_dags/example_short_circuit_operator.py took 0.078 seconds
[2024-01-24T15:57:14.412-0300] {processor.py:157} INFO - Started process (PID=23660) to work on /home/felipe/.local/lib/python3.11/site-packages/airflow/example_dags/example_short_circuit_operator.py
[2024-01-24T15:57:14.415-0300] {processor.py:829} INFO - Processing file /home/felipe/.local/lib/python3.11/site-packages/airflow/example_dags/example_short_circuit_operator.py for tasks to queue
[2024-01-24T15:57:14.415-0300] {logging_mixin.py:154} INFO - [2024-01-24T15:57:14.415-0300] {dagbag.py:536} INFO - Filling up the DagBag from /home/felipe/.local/lib/python3.11/site-packages/airflow/example_dags/example_short_circuit_operator.py
[2024-01-24T15:57:14.420-0300] {processor.py:839} INFO - DAG(s) dict_keys(['example_short_circuit_operator']) retrieved from /home/felipe/.local/lib/python3.11/site-packages/airflow/example_dags/example_short_circuit_operator.py
[2024-01-24T15:57:14.430-0300] {logging_mixin.py:154} INFO - [2024-01-24T15:57:14.430-0300] {dag.py:2941} INFO - Sync 1 DAGs
[2024-01-24T15:57:14.441-0300] {logging_mixin.py:154} INFO - [2024-01-24T15:57:14.441-0300] {dag.py:3722} INFO - Setting next_dagrun for example_short_circuit_operator to 2024-01-23T18:57:14.440889+00:00, run_after=2024-01-24T18:57:14.440889+00:00
[2024-01-24T15:57:14.451-0300] {processor.py:179} INFO - Processing /home/felipe/.local/lib/python3.11/site-packages/airflow/example_dags/example_short_circuit_operator.py took 0.042 seconds
[2024-01-24T15:58:09.075-0300] {processor.py:157} INFO - Started process (PID=23868) to work on /home/felipe/.local/lib/python3.11/site-packages/airflow/example_dags/example_short_circuit_operator.py
[2024-01-24T15:58:09.108-0300] {processor.py:829} INFO - Processing file /home/felipe/.local/lib/python3.11/site-packages/airflow/example_dags/example_short_circuit_operator.py for tasks to queue
[2024-01-24T15:58:09.108-0300] {logging_mixin.py:154} INFO - [2024-01-24T15:58:09.108-0300] {dagbag.py:536} INFO - Filling up the DagBag from /home/felipe/.local/lib/python3.11/site-packages/airflow/example_dags/example_short_circuit_operator.py
[2024-01-24T15:58:09.114-0300] {processor.py:839} INFO - DAG(s) dict_keys(['example_short_circuit_operator']) retrieved from /home/felipe/.local/lib/python3.11/site-packages/airflow/example_dags/example_short_circuit_operator.py
[2024-01-24T15:58:09.125-0300] {logging_mixin.py:154} INFO - [2024-01-24T15:58:09.124-0300] {dag.py:2941} INFO - Sync 1 DAGs
[2024-01-24T15:58:09.134-0300] {logging_mixin.py:154} INFO - [2024-01-24T15:58:09.134-0300] {dag.py:3722} INFO - Setting next_dagrun for example_short_circuit_operator to 2024-01-23T18:58:09.134680+00:00, run_after=2024-01-24T18:58:09.134680+00:00
[2024-01-24T15:58:09.151-0300] {processor.py:179} INFO - Processing /home/felipe/.local/lib/python3.11/site-packages/airflow/example_dags/example_short_circuit_operator.py took 0.078 seconds
[2024-01-24T15:58:52.372-0300] {processor.py:157} INFO - Started process (PID=24027) to work on /home/felipe/.local/lib/python3.11/site-packages/airflow/example_dags/example_short_circuit_operator.py
[2024-01-24T15:58:52.394-0300] {processor.py:829} INFO - Processing file /home/felipe/.local/lib/python3.11/site-packages/airflow/example_dags/example_short_circuit_operator.py for tasks to queue
[2024-01-24T15:58:52.395-0300] {logging_mixin.py:154} INFO - [2024-01-24T15:58:52.395-0300] {dagbag.py:536} INFO - Filling up the DagBag from /home/felipe/.local/lib/python3.11/site-packages/airflow/example_dags/example_short_circuit_operator.py
[2024-01-24T15:58:52.400-0300] {processor.py:839} INFO - DAG(s) dict_keys(['example_short_circuit_operator']) retrieved from /home/felipe/.local/lib/python3.11/site-packages/airflow/example_dags/example_short_circuit_operator.py
[2024-01-24T15:58:52.411-0300] {logging_mixin.py:154} INFO - [2024-01-24T15:58:52.411-0300] {dag.py:2941} INFO - Sync 1 DAGs
[2024-01-24T15:58:52.422-0300] {logging_mixin.py:154} INFO - [2024-01-24T15:58:52.421-0300] {dag.py:3722} INFO - Setting next_dagrun for example_short_circuit_operator to 2024-01-23T18:58:52.421718+00:00, run_after=2024-01-24T18:58:52.421718+00:00
[2024-01-24T15:58:52.432-0300] {processor.py:179} INFO - Processing /home/felipe/.local/lib/python3.11/site-packages/airflow/example_dags/example_short_circuit_operator.py took 0.062 seconds
[2024-01-24T15:59:37.612-0300] {processor.py:157} INFO - Started process (PID=24214) to work on /home/felipe/.local/lib/python3.11/site-packages/airflow/example_dags/example_short_circuit_operator.py
[2024-01-24T15:59:37.663-0300] {processor.py:829} INFO - Processing file /home/felipe/.local/lib/python3.11/site-packages/airflow/example_dags/example_short_circuit_operator.py for tasks to queue
[2024-01-24T15:59:37.664-0300] {logging_mixin.py:154} INFO - [2024-01-24T15:59:37.664-0300] {dagbag.py:536} INFO - Filling up the DagBag from /home/felipe/.local/lib/python3.11/site-packages/airflow/example_dags/example_short_circuit_operator.py
[2024-01-24T15:59:37.670-0300] {processor.py:839} INFO - DAG(s) dict_keys(['example_short_circuit_operator']) retrieved from /home/felipe/.local/lib/python3.11/site-packages/airflow/example_dags/example_short_circuit_operator.py
[2024-01-24T15:59:37.681-0300] {logging_mixin.py:154} INFO - [2024-01-24T15:59:37.681-0300] {dag.py:2941} INFO - Sync 1 DAGs
[2024-01-24T15:59:37.692-0300] {logging_mixin.py:154} INFO - [2024-01-24T15:59:37.692-0300] {dag.py:3722} INFO - Setting next_dagrun for example_short_circuit_operator to 2024-01-23T18:59:37.691995+00:00, run_after=2024-01-24T18:59:37.691995+00:00
[2024-01-24T15:59:38.015-0300] {processor.py:179} INFO - Processing /home/felipe/.local/lib/python3.11/site-packages/airflow/example_dags/example_short_circuit_operator.py took 0.404 seconds
