[2024-01-24T15:37:59.127-0300] {processor.py:157} INFO - Started process (PID=19322) to work on /home/felipe/.local/lib/python3.11/site-packages/airflow/example_dags/tutorial_dag.py
[2024-01-24T15:37:59.127-0300] {processor.py:829} INFO - Processing file /home/felipe/.local/lib/python3.11/site-packages/airflow/example_dags/tutorial_dag.py for tasks to queue
[2024-01-24T15:37:59.128-0300] {logging_mixin.py:154} INFO - [2024-01-24T15:37:59.128-0300] {dagbag.py:536} INFO - Filling up the DagBag from /home/felipe/.local/lib/python3.11/site-packages/airflow/example_dags/tutorial_dag.py
[2024-01-24T15:37:59.131-0300] {processor.py:839} INFO - DAG(s) dict_keys(['tutorial_dag']) retrieved from /home/felipe/.local/lib/python3.11/site-packages/airflow/example_dags/tutorial_dag.py
[2024-01-24T15:37:59.142-0300] {logging_mixin.py:154} INFO - [2024-01-24T15:37:59.141-0300] {dag.py:2941} INFO - Sync 1 DAGs
[2024-01-24T15:37:59.148-0300] {logging_mixin.py:154} INFO - [2024-01-24T15:37:59.148-0300] {dag.py:3722} INFO - Setting next_dagrun for tutorial_dag to None, run_after=None
[2024-01-24T15:37:59.160-0300] {processor.py:179} INFO - Processing /home/felipe/.local/lib/python3.11/site-packages/airflow/example_dags/tutorial_dag.py took 0.035 seconds
[2024-01-24T15:40:16.940-0300] {processor.py:157} INFO - Started process (PID=19709) to work on /home/felipe/.local/lib/python3.11/site-packages/airflow/example_dags/tutorial_dag.py
[2024-01-24T15:40:16.972-0300] {processor.py:829} INFO - Processing file /home/felipe/.local/lib/python3.11/site-packages/airflow/example_dags/tutorial_dag.py for tasks to queue
[2024-01-24T15:40:16.973-0300] {logging_mixin.py:154} INFO - [2024-01-24T15:40:16.972-0300] {dagbag.py:536} INFO - Filling up the DagBag from /home/felipe/.local/lib/python3.11/site-packages/airflow/example_dags/tutorial_dag.py
[2024-01-24T15:40:16.976-0300] {processor.py:839} INFO - DAG(s) dict_keys(['tutorial_dag']) retrieved from /home/felipe/.local/lib/python3.11/site-packages/airflow/example_dags/tutorial_dag.py
[2024-01-24T15:40:16.987-0300] {logging_mixin.py:154} INFO - [2024-01-24T15:40:16.986-0300] {dag.py:2941} INFO - Sync 1 DAGs
[2024-01-24T15:40:16.993-0300] {logging_mixin.py:154} INFO - [2024-01-24T15:40:16.993-0300] {dag.py:3722} INFO - Setting next_dagrun for tutorial_dag to None, run_after=None
[2024-01-24T15:40:17.011-0300] {processor.py:179} INFO - Processing /home/felipe/.local/lib/python3.11/site-packages/airflow/example_dags/tutorial_dag.py took 0.073 seconds
[2024-01-24T15:41:46.474-0300] {processor.py:157} INFO - Started process (PID=20193) to work on /home/felipe/.local/lib/python3.11/site-packages/airflow/example_dags/tutorial_dag.py
[2024-01-24T15:41:46.474-0300] {processor.py:829} INFO - Processing file /home/felipe/.local/lib/python3.11/site-packages/airflow/example_dags/tutorial_dag.py for tasks to queue
[2024-01-24T15:41:46.475-0300] {logging_mixin.py:154} INFO - [2024-01-24T15:41:46.474-0300] {dagbag.py:536} INFO - Filling up the DagBag from /home/felipe/.local/lib/python3.11/site-packages/airflow/example_dags/tutorial_dag.py
[2024-01-24T15:41:46.478-0300] {processor.py:839} INFO - DAG(s) dict_keys(['tutorial_dag']) retrieved from /home/felipe/.local/lib/python3.11/site-packages/airflow/example_dags/tutorial_dag.py
[2024-01-24T15:41:46.488-0300] {logging_mixin.py:154} INFO - [2024-01-24T15:41:46.488-0300] {dag.py:2941} INFO - Sync 1 DAGs
[2024-01-24T15:41:46.495-0300] {logging_mixin.py:154} INFO - [2024-01-24T15:41:46.494-0300] {dag.py:3722} INFO - Setting next_dagrun for tutorial_dag to None, run_after=None
[2024-01-24T15:41:46.505-0300] {processor.py:179} INFO - Processing /home/felipe/.local/lib/python3.11/site-packages/airflow/example_dags/tutorial_dag.py took 0.033 seconds
[2024-01-24T15:42:45.529-0300] {processor.py:157} INFO - Started process (PID=20487) to work on /home/felipe/.local/lib/python3.11/site-packages/airflow/example_dags/tutorial_dag.py
[2024-01-24T15:42:45.561-0300] {processor.py:829} INFO - Processing file /home/felipe/.local/lib/python3.11/site-packages/airflow/example_dags/tutorial_dag.py for tasks to queue
[2024-01-24T15:42:45.562-0300] {logging_mixin.py:154} INFO - [2024-01-24T15:42:45.562-0300] {dagbag.py:536} INFO - Filling up the DagBag from /home/felipe/.local/lib/python3.11/site-packages/airflow/example_dags/tutorial_dag.py
[2024-01-24T15:42:45.565-0300] {processor.py:839} INFO - DAG(s) dict_keys(['tutorial_dag']) retrieved from /home/felipe/.local/lib/python3.11/site-packages/airflow/example_dags/tutorial_dag.py
[2024-01-24T15:42:45.576-0300] {logging_mixin.py:154} INFO - [2024-01-24T15:42:45.576-0300] {dag.py:2941} INFO - Sync 1 DAGs
[2024-01-24T15:42:45.583-0300] {logging_mixin.py:154} INFO - [2024-01-24T15:42:45.583-0300] {dag.py:3722} INFO - Setting next_dagrun for tutorial_dag to None, run_after=None
[2024-01-24T15:42:45.600-0300] {processor.py:179} INFO - Processing /home/felipe/.local/lib/python3.11/site-packages/airflow/example_dags/tutorial_dag.py took 0.073 seconds
[2024-01-24T15:43:40.191-0300] {processor.py:157} INFO - Started process (PID=20851) to work on /home/felipe/.local/lib/python3.11/site-packages/airflow/example_dags/tutorial_dag.py
[2024-01-24T15:43:40.192-0300] {processor.py:829} INFO - Processing file /home/felipe/.local/lib/python3.11/site-packages/airflow/example_dags/tutorial_dag.py for tasks to queue
[2024-01-24T15:43:40.192-0300] {logging_mixin.py:154} INFO - [2024-01-24T15:43:40.192-0300] {dagbag.py:536} INFO - Filling up the DagBag from /home/felipe/.local/lib/python3.11/site-packages/airflow/example_dags/tutorial_dag.py
[2024-01-24T15:43:40.195-0300] {processor.py:839} INFO - DAG(s) dict_keys(['tutorial_dag']) retrieved from /home/felipe/.local/lib/python3.11/site-packages/airflow/example_dags/tutorial_dag.py
[2024-01-24T15:43:40.206-0300] {logging_mixin.py:154} INFO - [2024-01-24T15:43:40.206-0300] {dag.py:2941} INFO - Sync 1 DAGs
[2024-01-24T15:43:40.212-0300] {logging_mixin.py:154} INFO - [2024-01-24T15:43:40.212-0300] {dag.py:3722} INFO - Setting next_dagrun for tutorial_dag to None, run_after=None
[2024-01-24T15:43:40.228-0300] {processor.py:179} INFO - Processing /home/felipe/.local/lib/python3.11/site-packages/airflow/example_dags/tutorial_dag.py took 0.039 seconds
[2024-01-24T15:44:51.765-0300] {processor.py:157} INFO - Started process (PID=21334) to work on /home/felipe/.local/lib/python3.11/site-packages/airflow/example_dags/tutorial_dag.py
[2024-01-24T15:44:51.765-0300] {processor.py:829} INFO - Processing file /home/felipe/.local/lib/python3.11/site-packages/airflow/example_dags/tutorial_dag.py for tasks to queue
[2024-01-24T15:44:51.766-0300] {logging_mixin.py:154} INFO - [2024-01-24T15:44:51.766-0300] {dagbag.py:536} INFO - Filling up the DagBag from /home/felipe/.local/lib/python3.11/site-packages/airflow/example_dags/tutorial_dag.py
[2024-01-24T15:44:51.769-0300] {processor.py:839} INFO - DAG(s) dict_keys(['tutorial_dag']) retrieved from /home/felipe/.local/lib/python3.11/site-packages/airflow/example_dags/tutorial_dag.py
[2024-01-24T15:44:51.779-0300] {logging_mixin.py:154} INFO - [2024-01-24T15:44:51.779-0300] {dag.py:2941} INFO - Sync 1 DAGs
[2024-01-24T15:44:51.786-0300] {logging_mixin.py:154} INFO - [2024-01-24T15:44:51.786-0300] {dag.py:3722} INFO - Setting next_dagrun for tutorial_dag to None, run_after=None
[2024-01-24T15:44:51.796-0300] {processor.py:179} INFO - Processing /home/felipe/.local/lib/python3.11/site-packages/airflow/example_dags/tutorial_dag.py took 0.034 seconds
[2024-01-24T15:49:36.228-0300] {processor.py:157} INFO - Started process (PID=22106) to work on /home/felipe/.local/lib/python3.11/site-packages/airflow/example_dags/tutorial_dag.py
[2024-01-24T15:49:36.229-0300] {processor.py:829} INFO - Processing file /home/felipe/.local/lib/python3.11/site-packages/airflow/example_dags/tutorial_dag.py for tasks to queue
[2024-01-24T15:49:36.229-0300] {logging_mixin.py:154} INFO - [2024-01-24T15:49:36.229-0300] {dagbag.py:536} INFO - Filling up the DagBag from /home/felipe/.local/lib/python3.11/site-packages/airflow/example_dags/tutorial_dag.py
[2024-01-24T15:49:36.232-0300] {processor.py:839} INFO - DAG(s) dict_keys(['tutorial_dag']) retrieved from /home/felipe/.local/lib/python3.11/site-packages/airflow/example_dags/tutorial_dag.py
[2024-01-24T15:49:36.242-0300] {logging_mixin.py:154} INFO - [2024-01-24T15:49:36.242-0300] {dag.py:2941} INFO - Sync 1 DAGs
[2024-01-24T15:49:36.248-0300] {logging_mixin.py:154} INFO - [2024-01-24T15:49:36.248-0300] {dag.py:3722} INFO - Setting next_dagrun for tutorial_dag to None, run_after=None
[2024-01-24T15:49:36.262-0300] {processor.py:179} INFO - Processing /home/felipe/.local/lib/python3.11/site-packages/airflow/example_dags/tutorial_dag.py took 0.036 seconds
[2024-01-24T15:50:24.821-0300] {processor.py:157} INFO - Started process (PID=22276) to work on /home/felipe/.local/lib/python3.11/site-packages/airflow/example_dags/tutorial_dag.py
[2024-01-24T15:50:24.853-0300] {processor.py:829} INFO - Processing file /home/felipe/.local/lib/python3.11/site-packages/airflow/example_dags/tutorial_dag.py for tasks to queue
[2024-01-24T15:50:24.853-0300] {logging_mixin.py:154} INFO - [2024-01-24T15:50:24.853-0300] {dagbag.py:536} INFO - Filling up the DagBag from /home/felipe/.local/lib/python3.11/site-packages/airflow/example_dags/tutorial_dag.py
[2024-01-24T15:50:24.857-0300] {processor.py:839} INFO - DAG(s) dict_keys(['tutorial_dag']) retrieved from /home/felipe/.local/lib/python3.11/site-packages/airflow/example_dags/tutorial_dag.py
[2024-01-24T15:50:24.867-0300] {logging_mixin.py:154} INFO - [2024-01-24T15:50:24.866-0300] {dag.py:2941} INFO - Sync 1 DAGs
[2024-01-24T15:50:24.873-0300] {logging_mixin.py:154} INFO - [2024-01-24T15:50:24.873-0300] {dag.py:3722} INFO - Setting next_dagrun for tutorial_dag to None, run_after=None
[2024-01-24T15:50:24.893-0300] {processor.py:179} INFO - Processing /home/felipe/.local/lib/python3.11/site-packages/airflow/example_dags/tutorial_dag.py took 0.074 seconds
[2024-01-24T15:51:27.477-0300] {processor.py:157} INFO - Started process (PID=22474) to work on /home/felipe/.local/lib/python3.11/site-packages/airflow/example_dags/tutorial_dag.py
[2024-01-24T15:51:27.509-0300] {processor.py:829} INFO - Processing file /home/felipe/.local/lib/python3.11/site-packages/airflow/example_dags/tutorial_dag.py for tasks to queue
[2024-01-24T15:51:27.510-0300] {logging_mixin.py:154} INFO - [2024-01-24T15:51:27.510-0300] {dagbag.py:536} INFO - Filling up the DagBag from /home/felipe/.local/lib/python3.11/site-packages/airflow/example_dags/tutorial_dag.py
[2024-01-24T15:51:27.515-0300] {processor.py:839} INFO - DAG(s) dict_keys(['tutorial_dag']) retrieved from /home/felipe/.local/lib/python3.11/site-packages/airflow/example_dags/tutorial_dag.py
[2024-01-24T15:51:27.526-0300] {logging_mixin.py:154} INFO - [2024-01-24T15:51:27.526-0300] {dag.py:2941} INFO - Sync 1 DAGs
[2024-01-24T15:51:27.533-0300] {logging_mixin.py:154} INFO - [2024-01-24T15:51:27.533-0300] {dag.py:3722} INFO - Setting next_dagrun for tutorial_dag to None, run_after=None
[2024-01-24T15:51:27.552-0300] {processor.py:179} INFO - Processing /home/felipe/.local/lib/python3.11/site-packages/airflow/example_dags/tutorial_dag.py took 0.077 seconds
[2024-01-24T15:52:32.295-0300] {processor.py:157} INFO - Started process (PID=22702) to work on /home/felipe/.local/lib/python3.11/site-packages/airflow/example_dags/tutorial_dag.py
[2024-01-24T15:52:32.328-0300] {processor.py:829} INFO - Processing file /home/felipe/.local/lib/python3.11/site-packages/airflow/example_dags/tutorial_dag.py for tasks to queue
[2024-01-24T15:52:32.328-0300] {logging_mixin.py:154} INFO - [2024-01-24T15:52:32.328-0300] {dagbag.py:536} INFO - Filling up the DagBag from /home/felipe/.local/lib/python3.11/site-packages/airflow/example_dags/tutorial_dag.py
[2024-01-24T15:52:32.332-0300] {processor.py:839} INFO - DAG(s) dict_keys(['tutorial_dag']) retrieved from /home/felipe/.local/lib/python3.11/site-packages/airflow/example_dags/tutorial_dag.py
[2024-01-24T15:52:32.342-0300] {logging_mixin.py:154} INFO - [2024-01-24T15:52:32.342-0300] {dag.py:2941} INFO - Sync 1 DAGs
[2024-01-24T15:52:32.349-0300] {logging_mixin.py:154} INFO - [2024-01-24T15:52:32.348-0300] {dag.py:3722} INFO - Setting next_dagrun for tutorial_dag to None, run_after=None
[2024-01-24T15:52:32.368-0300] {processor.py:179} INFO - Processing /home/felipe/.local/lib/python3.11/site-packages/airflow/example_dags/tutorial_dag.py took 0.074 seconds
[2024-01-24T15:53:26.642-0300] {processor.py:157} INFO - Started process (PID=22913) to work on /home/felipe/.local/lib/python3.11/site-packages/airflow/example_dags/tutorial_dag.py
[2024-01-24T15:53:26.643-0300] {processor.py:829} INFO - Processing file /home/felipe/.local/lib/python3.11/site-packages/airflow/example_dags/tutorial_dag.py for tasks to queue
[2024-01-24T15:53:26.643-0300] {logging_mixin.py:154} INFO - [2024-01-24T15:53:26.643-0300] {dagbag.py:536} INFO - Filling up the DagBag from /home/felipe/.local/lib/python3.11/site-packages/airflow/example_dags/tutorial_dag.py
[2024-01-24T15:53:26.647-0300] {processor.py:839} INFO - DAG(s) dict_keys(['tutorial_dag']) retrieved from /home/felipe/.local/lib/python3.11/site-packages/airflow/example_dags/tutorial_dag.py
[2024-01-24T15:53:26.656-0300] {logging_mixin.py:154} INFO - [2024-01-24T15:53:26.656-0300] {dag.py:2941} INFO - Sync 1 DAGs
[2024-01-24T15:53:26.662-0300] {logging_mixin.py:154} INFO - [2024-01-24T15:53:26.662-0300] {dag.py:3722} INFO - Setting next_dagrun for tutorial_dag to None, run_after=None
[2024-01-24T15:53:26.674-0300] {processor.py:179} INFO - Processing /home/felipe/.local/lib/python3.11/site-packages/airflow/example_dags/tutorial_dag.py took 0.034 seconds
[2024-01-24T15:54:46.621-0300] {processor.py:157} INFO - Started process (PID=23130) to work on /home/felipe/.local/lib/python3.11/site-packages/airflow/example_dags/tutorial_dag.py
[2024-01-24T15:54:46.654-0300] {processor.py:829} INFO - Processing file /home/felipe/.local/lib/python3.11/site-packages/airflow/example_dags/tutorial_dag.py for tasks to queue
[2024-01-24T15:54:46.655-0300] {logging_mixin.py:154} INFO - [2024-01-24T15:54:46.655-0300] {dagbag.py:536} INFO - Filling up the DagBag from /home/felipe/.local/lib/python3.11/site-packages/airflow/example_dags/tutorial_dag.py
[2024-01-24T15:54:46.659-0300] {processor.py:839} INFO - DAG(s) dict_keys(['tutorial_dag']) retrieved from /home/felipe/.local/lib/python3.11/site-packages/airflow/example_dags/tutorial_dag.py
[2024-01-24T15:54:46.669-0300] {logging_mixin.py:154} INFO - [2024-01-24T15:54:46.669-0300] {dag.py:2941} INFO - Sync 1 DAGs
[2024-01-24T15:54:46.675-0300] {logging_mixin.py:154} INFO - [2024-01-24T15:54:46.675-0300] {dag.py:3722} INFO - Setting next_dagrun for tutorial_dag to None, run_after=None
[2024-01-24T15:54:46.693-0300] {processor.py:179} INFO - Processing /home/felipe/.local/lib/python3.11/site-packages/airflow/example_dags/tutorial_dag.py took 0.074 seconds
[2024-01-24T15:56:08.279-0300] {processor.py:157} INFO - Started process (PID=23392) to work on /home/felipe/.local/lib/python3.11/site-packages/airflow/example_dags/tutorial_dag.py
[2024-01-24T15:56:08.280-0300] {processor.py:829} INFO - Processing file /home/felipe/.local/lib/python3.11/site-packages/airflow/example_dags/tutorial_dag.py for tasks to queue
[2024-01-24T15:56:08.280-0300] {logging_mixin.py:154} INFO - [2024-01-24T15:56:08.280-0300] {dagbag.py:536} INFO - Filling up the DagBag from /home/felipe/.local/lib/python3.11/site-packages/airflow/example_dags/tutorial_dag.py
[2024-01-24T15:56:08.284-0300] {processor.py:839} INFO - DAG(s) dict_keys(['tutorial_dag']) retrieved from /home/felipe/.local/lib/python3.11/site-packages/airflow/example_dags/tutorial_dag.py
[2024-01-24T15:56:08.295-0300] {logging_mixin.py:154} INFO - [2024-01-24T15:56:08.295-0300] {dag.py:2941} INFO - Sync 1 DAGs
[2024-01-24T15:56:08.300-0300] {logging_mixin.py:154} INFO - [2024-01-24T15:56:08.300-0300] {dag.py:3722} INFO - Setting next_dagrun for tutorial_dag to None, run_after=None
[2024-01-24T15:56:08.310-0300] {processor.py:179} INFO - Processing /home/felipe/.local/lib/python3.11/site-packages/airflow/example_dags/tutorial_dag.py took 0.033 seconds
[2024-01-24T15:56:56.813-0300] {processor.py:157} INFO - Started process (PID=23565) to work on /home/felipe/.local/lib/python3.11/site-packages/airflow/example_dags/tutorial_dag.py
[2024-01-24T15:56:56.814-0300] {processor.py:829} INFO - Processing file /home/felipe/.local/lib/python3.11/site-packages/airflow/example_dags/tutorial_dag.py for tasks to queue
[2024-01-24T15:56:56.814-0300] {logging_mixin.py:154} INFO - [2024-01-24T15:56:56.814-0300] {dagbag.py:536} INFO - Filling up the DagBag from /home/felipe/.local/lib/python3.11/site-packages/airflow/example_dags/tutorial_dag.py
[2024-01-24T15:56:56.818-0300] {processor.py:839} INFO - DAG(s) dict_keys(['tutorial_dag']) retrieved from /home/felipe/.local/lib/python3.11/site-packages/airflow/example_dags/tutorial_dag.py
[2024-01-24T15:56:56.827-0300] {logging_mixin.py:154} INFO - [2024-01-24T15:56:56.827-0300] {dag.py:2941} INFO - Sync 1 DAGs
[2024-01-24T15:56:56.833-0300] {logging_mixin.py:154} INFO - [2024-01-24T15:56:56.833-0300] {dag.py:3722} INFO - Setting next_dagrun for tutorial_dag to None, run_after=None
[2024-01-24T15:56:56.844-0300] {processor.py:179} INFO - Processing /home/felipe/.local/lib/python3.11/site-packages/airflow/example_dags/tutorial_dag.py took 0.033 seconds
[2024-01-24T15:57:57.192-0300] {processor.py:157} INFO - Started process (PID=23854) to work on /home/felipe/.local/lib/python3.11/site-packages/airflow/example_dags/tutorial_dag.py
[2024-01-24T15:57:57.224-0300] {processor.py:829} INFO - Processing file /home/felipe/.local/lib/python3.11/site-packages/airflow/example_dags/tutorial_dag.py for tasks to queue
[2024-01-24T15:57:57.225-0300] {logging_mixin.py:154} INFO - [2024-01-24T15:57:57.225-0300] {dagbag.py:536} INFO - Filling up the DagBag from /home/felipe/.local/lib/python3.11/site-packages/airflow/example_dags/tutorial_dag.py
[2024-01-24T15:57:57.229-0300] {processor.py:839} INFO - DAG(s) dict_keys(['tutorial_dag']) retrieved from /home/felipe/.local/lib/python3.11/site-packages/airflow/example_dags/tutorial_dag.py
[2024-01-24T15:57:57.239-0300] {logging_mixin.py:154} INFO - [2024-01-24T15:57:57.239-0300] {dag.py:2941} INFO - Sync 1 DAGs
[2024-01-24T15:57:57.245-0300] {logging_mixin.py:154} INFO - [2024-01-24T15:57:57.245-0300] {dag.py:3722} INFO - Setting next_dagrun for tutorial_dag to None, run_after=None
[2024-01-24T15:57:57.262-0300] {processor.py:179} INFO - Processing /home/felipe/.local/lib/python3.11/site-packages/airflow/example_dags/tutorial_dag.py took 0.072 seconds
[2024-01-24T15:59:02.648-0300] {processor.py:157} INFO - Started process (PID=24063) to work on /home/felipe/.local/lib/python3.11/site-packages/airflow/example_dags/tutorial_dag.py
[2024-01-24T15:59:02.681-0300] {processor.py:829} INFO - Processing file /home/felipe/.local/lib/python3.11/site-packages/airflow/example_dags/tutorial_dag.py for tasks to queue
[2024-01-24T15:59:02.682-0300] {logging_mixin.py:154} INFO - [2024-01-24T15:59:02.681-0300] {dagbag.py:536} INFO - Filling up the DagBag from /home/felipe/.local/lib/python3.11/site-packages/airflow/example_dags/tutorial_dag.py
[2024-01-24T15:59:02.686-0300] {processor.py:839} INFO - DAG(s) dict_keys(['tutorial_dag']) retrieved from /home/felipe/.local/lib/python3.11/site-packages/airflow/example_dags/tutorial_dag.py
[2024-01-24T15:59:02.697-0300] {logging_mixin.py:154} INFO - [2024-01-24T15:59:02.697-0300] {dag.py:2941} INFO - Sync 1 DAGs
[2024-01-24T15:59:02.703-0300] {logging_mixin.py:154} INFO - [2024-01-24T15:59:02.703-0300] {dag.py:3722} INFO - Setting next_dagrun for tutorial_dag to None, run_after=None
[2024-01-24T15:59:02.715-0300] {processor.py:179} INFO - Processing /home/felipe/.local/lib/python3.11/site-packages/airflow/example_dags/tutorial_dag.py took 0.069 seconds
