[2024-01-24T15:37:51.130-0300] {processor.py:157} INFO - Started process (PID=19310) to work on /home/felipe/.local/lib/python3.11/site-packages/airflow/example_dags/tutorial_taskflow_api.py
[2024-01-24T15:37:51.131-0300] {processor.py:829} INFO - Processing file /home/felipe/.local/lib/python3.11/site-packages/airflow/example_dags/tutorial_taskflow_api.py for tasks to queue
[2024-01-24T15:37:51.132-0300] {logging_mixin.py:154} INFO - [2024-01-24T15:37:51.131-0300] {dagbag.py:536} INFO - Filling up the DagBag from /home/felipe/.local/lib/python3.11/site-packages/airflow/example_dags/tutorial_taskflow_api.py
[2024-01-24T15:37:51.137-0300] {processor.py:839} INFO - DAG(s) dict_keys(['tutorial_taskflow_api']) retrieved from /home/felipe/.local/lib/python3.11/site-packages/airflow/example_dags/tutorial_taskflow_api.py
[2024-01-24T15:37:51.143-0300] {logging_mixin.py:154} INFO - [2024-01-24T15:37:51.143-0300] {dag.py:2941} INFO - Sync 1 DAGs
[2024-01-24T15:37:51.151-0300] {logging_mixin.py:154} INFO - [2024-01-24T15:37:51.150-0300] {dag.py:3722} INFO - Setting next_dagrun for tutorial_taskflow_api to None, run_after=None
[2024-01-24T15:37:51.179-0300] {processor.py:179} INFO - Processing /home/felipe/.local/lib/python3.11/site-packages/airflow/example_dags/tutorial_taskflow_api.py took 0.051 seconds
[2024-01-24T15:40:08.046-0300] {processor.py:157} INFO - Started process (PID=19696) to work on /home/felipe/.local/lib/python3.11/site-packages/airflow/example_dags/tutorial_taskflow_api.py
[2024-01-24T15:40:08.078-0300] {processor.py:829} INFO - Processing file /home/felipe/.local/lib/python3.11/site-packages/airflow/example_dags/tutorial_taskflow_api.py for tasks to queue
[2024-01-24T15:40:08.079-0300] {logging_mixin.py:154} INFO - [2024-01-24T15:40:08.078-0300] {dagbag.py:536} INFO - Filling up the DagBag from /home/felipe/.local/lib/python3.11/site-packages/airflow/example_dags/tutorial_taskflow_api.py
[2024-01-24T15:40:08.083-0300] {processor.py:839} INFO - DAG(s) dict_keys(['tutorial_taskflow_api']) retrieved from /home/felipe/.local/lib/python3.11/site-packages/airflow/example_dags/tutorial_taskflow_api.py
[2024-01-24T15:40:08.097-0300] {logging_mixin.py:154} INFO - [2024-01-24T15:40:08.097-0300] {dag.py:2941} INFO - Sync 1 DAGs
[2024-01-24T15:40:08.103-0300] {logging_mixin.py:154} INFO - [2024-01-24T15:40:08.103-0300] {dag.py:3722} INFO - Setting next_dagrun for tutorial_taskflow_api to None, run_after=None
[2024-01-24T15:40:08.121-0300] {processor.py:179} INFO - Processing /home/felipe/.local/lib/python3.11/site-packages/airflow/example_dags/tutorial_taskflow_api.py took 0.077 seconds
[2024-01-24T15:41:39.040-0300] {processor.py:157} INFO - Started process (PID=20174) to work on /home/felipe/.local/lib/python3.11/site-packages/airflow/example_dags/tutorial_taskflow_api.py
[2024-01-24T15:41:39.040-0300] {processor.py:829} INFO - Processing file /home/felipe/.local/lib/python3.11/site-packages/airflow/example_dags/tutorial_taskflow_api.py for tasks to queue
[2024-01-24T15:41:39.041-0300] {logging_mixin.py:154} INFO - [2024-01-24T15:41:39.041-0300] {dagbag.py:536} INFO - Filling up the DagBag from /home/felipe/.local/lib/python3.11/site-packages/airflow/example_dags/tutorial_taskflow_api.py
[2024-01-24T15:41:39.046-0300] {processor.py:839} INFO - DAG(s) dict_keys(['tutorial_taskflow_api']) retrieved from /home/felipe/.local/lib/python3.11/site-packages/airflow/example_dags/tutorial_taskflow_api.py
[2024-01-24T15:41:39.058-0300] {logging_mixin.py:154} INFO - [2024-01-24T15:41:39.058-0300] {dag.py:2941} INFO - Sync 1 DAGs
[2024-01-24T15:41:39.064-0300] {logging_mixin.py:154} INFO - [2024-01-24T15:41:39.064-0300] {dag.py:3722} INFO - Setting next_dagrun for tutorial_taskflow_api to None, run_after=None
[2024-01-24T15:41:39.075-0300] {processor.py:179} INFO - Processing /home/felipe/.local/lib/python3.11/site-packages/airflow/example_dags/tutorial_taskflow_api.py took 0.038 seconds
[2024-01-24T15:42:36.996-0300] {processor.py:157} INFO - Started process (PID=20470) to work on /home/felipe/.local/lib/python3.11/site-packages/airflow/example_dags/tutorial_taskflow_api.py
[2024-01-24T15:42:37.028-0300] {processor.py:829} INFO - Processing file /home/felipe/.local/lib/python3.11/site-packages/airflow/example_dags/tutorial_taskflow_api.py for tasks to queue
[2024-01-24T15:42:37.029-0300] {logging_mixin.py:154} INFO - [2024-01-24T15:42:37.029-0300] {dagbag.py:536} INFO - Filling up the DagBag from /home/felipe/.local/lib/python3.11/site-packages/airflow/example_dags/tutorial_taskflow_api.py
[2024-01-24T15:42:37.034-0300] {processor.py:839} INFO - DAG(s) dict_keys(['tutorial_taskflow_api']) retrieved from /home/felipe/.local/lib/python3.11/site-packages/airflow/example_dags/tutorial_taskflow_api.py
[2024-01-24T15:42:37.044-0300] {logging_mixin.py:154} INFO - [2024-01-24T15:42:37.044-0300] {dag.py:2941} INFO - Sync 1 DAGs
[2024-01-24T15:42:37.051-0300] {logging_mixin.py:154} INFO - [2024-01-24T15:42:37.050-0300] {dag.py:3722} INFO - Setting next_dagrun for tutorial_taskflow_api to None, run_after=None
[2024-01-24T15:42:37.069-0300] {processor.py:179} INFO - Processing /home/felipe/.local/lib/python3.11/site-packages/airflow/example_dags/tutorial_taskflow_api.py took 0.075 seconds
[2024-01-24T15:43:30.828-0300] {processor.py:157} INFO - Started process (PID=20639) to work on /home/felipe/.local/lib/python3.11/site-packages/airflow/example_dags/tutorial_taskflow_api.py
[2024-01-24T15:43:30.828-0300] {processor.py:829} INFO - Processing file /home/felipe/.local/lib/python3.11/site-packages/airflow/example_dags/tutorial_taskflow_api.py for tasks to queue
[2024-01-24T15:43:30.829-0300] {logging_mixin.py:154} INFO - [2024-01-24T15:43:30.829-0300] {dagbag.py:536} INFO - Filling up the DagBag from /home/felipe/.local/lib/python3.11/site-packages/airflow/example_dags/tutorial_taskflow_api.py
[2024-01-24T15:43:30.833-0300] {processor.py:839} INFO - DAG(s) dict_keys(['tutorial_taskflow_api']) retrieved from /home/felipe/.local/lib/python3.11/site-packages/airflow/example_dags/tutorial_taskflow_api.py
[2024-01-24T15:43:30.843-0300] {logging_mixin.py:154} INFO - [2024-01-24T15:43:30.843-0300] {dag.py:2941} INFO - Sync 1 DAGs
[2024-01-24T15:43:30.849-0300] {logging_mixin.py:154} INFO - [2024-01-24T15:43:30.849-0300] {dag.py:3722} INFO - Setting next_dagrun for tutorial_taskflow_api to None, run_after=None
[2024-01-24T15:43:30.859-0300] {processor.py:179} INFO - Processing /home/felipe/.local/lib/python3.11/site-packages/airflow/example_dags/tutorial_taskflow_api.py took 0.033 seconds
[2024-01-24T15:44:26.548-0300] {processor.py:157} INFO - Started process (PID=21191) to work on /home/felipe/.local/lib/python3.11/site-packages/airflow/example_dags/tutorial_taskflow_api.py
[2024-01-24T15:44:26.549-0300] {processor.py:829} INFO - Processing file /home/felipe/.local/lib/python3.11/site-packages/airflow/example_dags/tutorial_taskflow_api.py for tasks to queue
[2024-01-24T15:44:26.549-0300] {logging_mixin.py:154} INFO - [2024-01-24T15:44:26.549-0300] {dagbag.py:536} INFO - Filling up the DagBag from /home/felipe/.local/lib/python3.11/site-packages/airflow/example_dags/tutorial_taskflow_api.py
[2024-01-24T15:44:26.554-0300] {processor.py:839} INFO - DAG(s) dict_keys(['tutorial_taskflow_api']) retrieved from /home/felipe/.local/lib/python3.11/site-packages/airflow/example_dags/tutorial_taskflow_api.py
[2024-01-24T15:44:26.563-0300] {logging_mixin.py:154} INFO - [2024-01-24T15:44:26.563-0300] {dag.py:2941} INFO - Sync 1 DAGs
[2024-01-24T15:44:26.570-0300] {logging_mixin.py:154} INFO - [2024-01-24T15:44:26.569-0300] {dag.py:3722} INFO - Setting next_dagrun for tutorial_taskflow_api to None, run_after=None
[2024-01-24T15:44:26.582-0300] {processor.py:179} INFO - Processing /home/felipe/.local/lib/python3.11/site-packages/airflow/example_dags/tutorial_taskflow_api.py took 0.036 seconds
[2024-01-24T15:49:28.220-0300] {processor.py:157} INFO - Started process (PID=22091) to work on /home/felipe/.local/lib/python3.11/site-packages/airflow/example_dags/tutorial_taskflow_api.py
[2024-01-24T15:49:28.231-0300] {processor.py:829} INFO - Processing file /home/felipe/.local/lib/python3.11/site-packages/airflow/example_dags/tutorial_taskflow_api.py for tasks to queue
[2024-01-24T15:49:28.231-0300] {logging_mixin.py:154} INFO - [2024-01-24T15:49:28.231-0300] {dagbag.py:536} INFO - Filling up the DagBag from /home/felipe/.local/lib/python3.11/site-packages/airflow/example_dags/tutorial_taskflow_api.py
[2024-01-24T15:49:28.235-0300] {processor.py:839} INFO - DAG(s) dict_keys(['tutorial_taskflow_api']) retrieved from /home/felipe/.local/lib/python3.11/site-packages/airflow/example_dags/tutorial_taskflow_api.py
[2024-01-24T15:49:28.250-0300] {logging_mixin.py:154} INFO - [2024-01-24T15:49:28.249-0300] {dag.py:2941} INFO - Sync 1 DAGs
[2024-01-24T15:49:28.255-0300] {logging_mixin.py:154} INFO - [2024-01-24T15:49:28.255-0300] {dag.py:3722} INFO - Setting next_dagrun for tutorial_taskflow_api to None, run_after=None
[2024-01-24T15:49:28.266-0300] {processor.py:179} INFO - Processing /home/felipe/.local/lib/python3.11/site-packages/airflow/example_dags/tutorial_taskflow_api.py took 0.048 seconds
[2024-01-24T15:50:15.948-0300] {processor.py:157} INFO - Started process (PID=22258) to work on /home/felipe/.local/lib/python3.11/site-packages/airflow/example_dags/tutorial_taskflow_api.py
[2024-01-24T15:50:15.980-0300] {processor.py:829} INFO - Processing file /home/felipe/.local/lib/python3.11/site-packages/airflow/example_dags/tutorial_taskflow_api.py for tasks to queue
[2024-01-24T15:50:15.981-0300] {logging_mixin.py:154} INFO - [2024-01-24T15:50:15.981-0300] {dagbag.py:536} INFO - Filling up the DagBag from /home/felipe/.local/lib/python3.11/site-packages/airflow/example_dags/tutorial_taskflow_api.py
[2024-01-24T15:50:15.986-0300] {processor.py:839} INFO - DAG(s) dict_keys(['tutorial_taskflow_api']) retrieved from /home/felipe/.local/lib/python3.11/site-packages/airflow/example_dags/tutorial_taskflow_api.py
[2024-01-24T15:50:15.996-0300] {logging_mixin.py:154} INFO - [2024-01-24T15:50:15.996-0300] {dag.py:2941} INFO - Sync 1 DAGs
[2024-01-24T15:50:16.002-0300] {logging_mixin.py:154} INFO - [2024-01-24T15:50:16.002-0300] {dag.py:3722} INFO - Setting next_dagrun for tutorial_taskflow_api to None, run_after=None
[2024-01-24T15:50:16.020-0300] {processor.py:179} INFO - Processing /home/felipe/.local/lib/python3.11/site-packages/airflow/example_dags/tutorial_taskflow_api.py took 0.074 seconds
[2024-01-24T15:51:09.451-0300] {processor.py:157} INFO - Started process (PID=22384) to work on /home/felipe/.local/lib/python3.11/site-packages/airflow/example_dags/tutorial_taskflow_api.py
[2024-01-24T15:51:09.483-0300] {processor.py:829} INFO - Processing file /home/felipe/.local/lib/python3.11/site-packages/airflow/example_dags/tutorial_taskflow_api.py for tasks to queue
[2024-01-24T15:51:09.484-0300] {logging_mixin.py:154} INFO - [2024-01-24T15:51:09.484-0300] {dagbag.py:536} INFO - Filling up the DagBag from /home/felipe/.local/lib/python3.11/site-packages/airflow/example_dags/tutorial_taskflow_api.py
[2024-01-24T15:51:09.488-0300] {processor.py:839} INFO - DAG(s) dict_keys(['tutorial_taskflow_api']) retrieved from /home/felipe/.local/lib/python3.11/site-packages/airflow/example_dags/tutorial_taskflow_api.py
[2024-01-24T15:51:09.498-0300] {logging_mixin.py:154} INFO - [2024-01-24T15:51:09.498-0300] {dag.py:2941} INFO - Sync 1 DAGs
[2024-01-24T15:51:09.505-0300] {logging_mixin.py:154} INFO - [2024-01-24T15:51:09.505-0300] {dag.py:3722} INFO - Setting next_dagrun for tutorial_taskflow_api to None, run_after=None
[2024-01-24T15:51:09.525-0300] {processor.py:179} INFO - Processing /home/felipe/.local/lib/python3.11/site-packages/airflow/example_dags/tutorial_taskflow_api.py took 0.076 seconds
[2024-01-24T15:52:12.861-0300] {processor.py:157} INFO - Started process (PID=22672) to work on /home/felipe/.local/lib/python3.11/site-packages/airflow/example_dags/tutorial_taskflow_api.py
[2024-01-24T15:52:12.893-0300] {processor.py:829} INFO - Processing file /home/felipe/.local/lib/python3.11/site-packages/airflow/example_dags/tutorial_taskflow_api.py for tasks to queue
[2024-01-24T15:52:12.894-0300] {logging_mixin.py:154} INFO - [2024-01-24T15:52:12.894-0300] {dagbag.py:536} INFO - Filling up the DagBag from /home/felipe/.local/lib/python3.11/site-packages/airflow/example_dags/tutorial_taskflow_api.py
[2024-01-24T15:52:12.898-0300] {processor.py:839} INFO - DAG(s) dict_keys(['tutorial_taskflow_api']) retrieved from /home/felipe/.local/lib/python3.11/site-packages/airflow/example_dags/tutorial_taskflow_api.py
[2024-01-24T15:52:12.908-0300] {logging_mixin.py:154} INFO - [2024-01-24T15:52:12.907-0300] {dag.py:2941} INFO - Sync 1 DAGs
[2024-01-24T15:52:12.914-0300] {logging_mixin.py:154} INFO - [2024-01-24T15:52:12.914-0300] {dag.py:3722} INFO - Setting next_dagrun for tutorial_taskflow_api to None, run_after=None
[2024-01-24T15:52:12.932-0300] {processor.py:179} INFO - Processing /home/felipe/.local/lib/python3.11/site-packages/airflow/example_dags/tutorial_taskflow_api.py took 0.073 seconds
[2024-01-24T15:53:11.504-0300] {processor.py:157} INFO - Started process (PID=22827) to work on /home/felipe/.local/lib/python3.11/site-packages/airflow/example_dags/tutorial_taskflow_api.py
[2024-01-24T15:53:11.536-0300] {processor.py:829} INFO - Processing file /home/felipe/.local/lib/python3.11/site-packages/airflow/example_dags/tutorial_taskflow_api.py for tasks to queue
[2024-01-24T15:53:11.536-0300] {logging_mixin.py:154} INFO - [2024-01-24T15:53:11.536-0300] {dagbag.py:536} INFO - Filling up the DagBag from /home/felipe/.local/lib/python3.11/site-packages/airflow/example_dags/tutorial_taskflow_api.py
[2024-01-24T15:53:11.541-0300] {processor.py:839} INFO - DAG(s) dict_keys(['tutorial_taskflow_api']) retrieved from /home/felipe/.local/lib/python3.11/site-packages/airflow/example_dags/tutorial_taskflow_api.py
[2024-01-24T15:53:11.551-0300] {logging_mixin.py:154} INFO - [2024-01-24T15:53:11.551-0300] {dag.py:2941} INFO - Sync 1 DAGs
[2024-01-24T15:53:11.557-0300] {logging_mixin.py:154} INFO - [2024-01-24T15:53:11.557-0300] {dag.py:3722} INFO - Setting next_dagrun for tutorial_taskflow_api to None, run_after=None
[2024-01-24T15:53:11.575-0300] {processor.py:179} INFO - Processing /home/felipe/.local/lib/python3.11/site-packages/airflow/example_dags/tutorial_taskflow_api.py took 0.074 seconds
[2024-01-24T15:54:08.824-0300] {processor.py:157} INFO - Started process (PID=23020) to work on /home/felipe/.local/lib/python3.11/site-packages/airflow/example_dags/tutorial_taskflow_api.py
[2024-01-24T15:54:08.856-0300] {processor.py:829} INFO - Processing file /home/felipe/.local/lib/python3.11/site-packages/airflow/example_dags/tutorial_taskflow_api.py for tasks to queue
[2024-01-24T15:54:08.857-0300] {logging_mixin.py:154} INFO - [2024-01-24T15:54:08.857-0300] {dagbag.py:536} INFO - Filling up the DagBag from /home/felipe/.local/lib/python3.11/site-packages/airflow/example_dags/tutorial_taskflow_api.py
[2024-01-24T15:54:08.861-0300] {processor.py:839} INFO - DAG(s) dict_keys(['tutorial_taskflow_api']) retrieved from /home/felipe/.local/lib/python3.11/site-packages/airflow/example_dags/tutorial_taskflow_api.py
[2024-01-24T15:54:08.872-0300] {logging_mixin.py:154} INFO - [2024-01-24T15:54:08.872-0300] {dag.py:2941} INFO - Sync 1 DAGs
[2024-01-24T15:54:08.880-0300] {logging_mixin.py:154} INFO - [2024-01-24T15:54:08.880-0300] {dag.py:3722} INFO - Setting next_dagrun for tutorial_taskflow_api to None, run_after=None
[2024-01-24T15:54:08.899-0300] {processor.py:179} INFO - Processing /home/felipe/.local/lib/python3.11/site-packages/airflow/example_dags/tutorial_taskflow_api.py took 0.077 seconds
[2024-01-24T15:55:35.345-0300] {processor.py:157} INFO - Started process (PID=23295) to work on /home/felipe/.local/lib/python3.11/site-packages/airflow/example_dags/tutorial_taskflow_api.py
[2024-01-24T15:55:35.377-0300] {processor.py:829} INFO - Processing file /home/felipe/.local/lib/python3.11/site-packages/airflow/example_dags/tutorial_taskflow_api.py for tasks to queue
[2024-01-24T15:55:35.378-0300] {logging_mixin.py:154} INFO - [2024-01-24T15:55:35.378-0300] {dagbag.py:536} INFO - Filling up the DagBag from /home/felipe/.local/lib/python3.11/site-packages/airflow/example_dags/tutorial_taskflow_api.py
[2024-01-24T15:55:35.383-0300] {processor.py:839} INFO - DAG(s) dict_keys(['tutorial_taskflow_api']) retrieved from /home/felipe/.local/lib/python3.11/site-packages/airflow/example_dags/tutorial_taskflow_api.py
[2024-01-24T15:55:35.393-0300] {logging_mixin.py:154} INFO - [2024-01-24T15:55:35.393-0300] {dag.py:2941} INFO - Sync 1 DAGs
[2024-01-24T15:55:35.402-0300] {logging_mixin.py:154} INFO - [2024-01-24T15:55:35.402-0300] {dag.py:3722} INFO - Setting next_dagrun for tutorial_taskflow_api to None, run_after=None
[2024-01-24T15:55:35.423-0300] {processor.py:179} INFO - Processing /home/felipe/.local/lib/python3.11/site-packages/airflow/example_dags/tutorial_taskflow_api.py took 0.080 seconds
[2024-01-24T15:56:37.424-0300] {processor.py:157} INFO - Started process (PID=23478) to work on /home/felipe/.local/lib/python3.11/site-packages/airflow/example_dags/tutorial_taskflow_api.py
[2024-01-24T15:56:37.453-0300] {processor.py:829} INFO - Processing file /home/felipe/.local/lib/python3.11/site-packages/airflow/example_dags/tutorial_taskflow_api.py for tasks to queue
[2024-01-24T15:56:37.454-0300] {logging_mixin.py:154} INFO - [2024-01-24T15:56:37.454-0300] {dagbag.py:536} INFO - Filling up the DagBag from /home/felipe/.local/lib/python3.11/site-packages/airflow/example_dags/tutorial_taskflow_api.py
[2024-01-24T15:56:37.458-0300] {processor.py:839} INFO - DAG(s) dict_keys(['tutorial_taskflow_api']) retrieved from /home/felipe/.local/lib/python3.11/site-packages/airflow/example_dags/tutorial_taskflow_api.py
[2024-01-24T15:56:37.468-0300] {logging_mixin.py:154} INFO - [2024-01-24T15:56:37.468-0300] {dag.py:2941} INFO - Sync 1 DAGs
[2024-01-24T15:56:37.474-0300] {logging_mixin.py:154} INFO - [2024-01-24T15:56:37.474-0300] {dag.py:3722} INFO - Setting next_dagrun for tutorial_taskflow_api to None, run_after=None
[2024-01-24T15:56:37.492-0300] {processor.py:179} INFO - Processing /home/felipe/.local/lib/python3.11/site-packages/airflow/example_dags/tutorial_taskflow_api.py took 0.071 seconds
[2024-01-24T15:57:36.722-0300] {processor.py:157} INFO - Started process (PID=23754) to work on /home/felipe/.local/lib/python3.11/site-packages/airflow/example_dags/tutorial_taskflow_api.py
[2024-01-24T15:57:36.723-0300] {processor.py:829} INFO - Processing file /home/felipe/.local/lib/python3.11/site-packages/airflow/example_dags/tutorial_taskflow_api.py for tasks to queue
[2024-01-24T15:57:36.723-0300] {logging_mixin.py:154} INFO - [2024-01-24T15:57:36.723-0300] {dagbag.py:536} INFO - Filling up the DagBag from /home/felipe/.local/lib/python3.11/site-packages/airflow/example_dags/tutorial_taskflow_api.py
[2024-01-24T15:57:36.727-0300] {processor.py:839} INFO - DAG(s) dict_keys(['tutorial_taskflow_api']) retrieved from /home/felipe/.local/lib/python3.11/site-packages/airflow/example_dags/tutorial_taskflow_api.py
[2024-01-24T15:57:36.737-0300] {logging_mixin.py:154} INFO - [2024-01-24T15:57:36.737-0300] {dag.py:2941} INFO - Sync 1 DAGs
[2024-01-24T15:57:36.744-0300] {logging_mixin.py:154} INFO - [2024-01-24T15:57:36.744-0300] {dag.py:3722} INFO - Setting next_dagrun for tutorial_taskflow_api to None, run_after=None
[2024-01-24T15:57:36.755-0300] {processor.py:179} INFO - Processing /home/felipe/.local/lib/python3.11/site-packages/airflow/example_dags/tutorial_taskflow_api.py took 0.035 seconds
[2024-01-24T15:58:39.494-0300] {processor.py:157} INFO - Started process (PID=23996) to work on /home/felipe/.local/lib/python3.11/site-packages/airflow/example_dags/tutorial_taskflow_api.py
[2024-01-24T15:58:39.526-0300] {processor.py:829} INFO - Processing file /home/felipe/.local/lib/python3.11/site-packages/airflow/example_dags/tutorial_taskflow_api.py for tasks to queue
[2024-01-24T15:58:39.527-0300] {logging_mixin.py:154} INFO - [2024-01-24T15:58:39.526-0300] {dagbag.py:536} INFO - Filling up the DagBag from /home/felipe/.local/lib/python3.11/site-packages/airflow/example_dags/tutorial_taskflow_api.py
[2024-01-24T15:58:39.531-0300] {processor.py:839} INFO - DAG(s) dict_keys(['tutorial_taskflow_api']) retrieved from /home/felipe/.local/lib/python3.11/site-packages/airflow/example_dags/tutorial_taskflow_api.py
[2024-01-24T15:58:39.541-0300] {logging_mixin.py:154} INFO - [2024-01-24T15:58:39.541-0300] {dag.py:2941} INFO - Sync 1 DAGs
[2024-01-24T15:58:39.548-0300] {logging_mixin.py:154} INFO - [2024-01-24T15:58:39.548-0300] {dag.py:3722} INFO - Setting next_dagrun for tutorial_taskflow_api to None, run_after=None
[2024-01-24T15:58:39.566-0300] {processor.py:179} INFO - Processing /home/felipe/.local/lib/python3.11/site-packages/airflow/example_dags/tutorial_taskflow_api.py took 0.074 seconds
[2024-01-24T15:59:46.918-0300] {processor.py:157} INFO - Started process (PID=24277) to work on /home/felipe/.local/lib/python3.11/site-packages/airflow/example_dags/tutorial_taskflow_api.py
[2024-01-24T15:59:46.921-0300] {processor.py:829} INFO - Processing file /home/felipe/.local/lib/python3.11/site-packages/airflow/example_dags/tutorial_taskflow_api.py for tasks to queue
[2024-01-24T15:59:46.922-0300] {logging_mixin.py:154} INFO - [2024-01-24T15:59:46.922-0300] {dagbag.py:536} INFO - Filling up the DagBag from /home/felipe/.local/lib/python3.11/site-packages/airflow/example_dags/tutorial_taskflow_api.py
[2024-01-24T15:59:46.926-0300] {processor.py:839} INFO - DAG(s) dict_keys(['tutorial_taskflow_api']) retrieved from /home/felipe/.local/lib/python3.11/site-packages/airflow/example_dags/tutorial_taskflow_api.py
[2024-01-24T15:59:46.937-0300] {logging_mixin.py:154} INFO - [2024-01-24T15:59:46.937-0300] {dag.py:2941} INFO - Sync 1 DAGs
[2024-01-24T15:59:46.943-0300] {logging_mixin.py:154} INFO - [2024-01-24T15:59:46.943-0300] {dag.py:3722} INFO - Setting next_dagrun for tutorial_taskflow_api to None, run_after=None
[2024-01-24T15:59:46.967-0300] {processor.py:179} INFO - Processing /home/felipe/.local/lib/python3.11/site-packages/airflow/example_dags/tutorial_taskflow_api.py took 0.051 seconds
