[2023-12-27T14:18:23.541-0300] {processor.py:157} INFO - Started process (PID=10590) to work on /home/felipe/airflow/dags/utils/saveCityAsCSV.py
[2023-12-27T14:18:23.542-0300] {processor.py:829} INFO - Processing file /home/felipe/airflow/dags/utils/saveCityAsCSV.py for tasks to queue
[2023-12-27T14:18:23.543-0300] {logging_mixin.py:154} INFO - [2023-12-27T14:18:23.542-0300] {dagbag.py:536} INFO - Filling up the DagBag from /home/felipe/airflow/dags/utils/saveCityAsCSV.py
[2023-12-27T14:18:23.749-0300] {processor.py:841} WARNING - No viable dags retrieved from /home/felipe/airflow/dags/utils/saveCityAsCSV.py
[2023-12-27T14:18:23.758-0300] {processor.py:179} INFO - Processing /home/felipe/airflow/dags/utils/saveCityAsCSV.py took 0.219 seconds
[2023-12-27T14:19:19.583-0300] {processor.py:157} INFO - Started process (PID=10766) to work on /home/felipe/airflow/dags/utils/saveCityAsCSV.py
[2023-12-27T14:19:19.615-0300] {processor.py:829} INFO - Processing file /home/felipe/airflow/dags/utils/saveCityAsCSV.py for tasks to queue
[2023-12-27T14:19:19.615-0300] {logging_mixin.py:154} INFO - [2023-12-27T14:19:19.615-0300] {dagbag.py:536} INFO - Filling up the DagBag from /home/felipe/airflow/dags/utils/saveCityAsCSV.py
[2023-12-27T14:19:19.804-0300] {processor.py:841} WARNING - No viable dags retrieved from /home/felipe/airflow/dags/utils/saveCityAsCSV.py
[2023-12-27T14:19:19.809-0300] {processor.py:179} INFO - Processing /home/felipe/airflow/dags/utils/saveCityAsCSV.py took 0.229 seconds
[2023-12-27T14:20:00.265-0300] {processor.py:157} INFO - Started process (PID=10946) to work on /home/felipe/airflow/dags/utils/saveCityAsCSV.py
[2023-12-27T14:20:00.297-0300] {processor.py:829} INFO - Processing file /home/felipe/airflow/dags/utils/saveCityAsCSV.py for tasks to queue
[2023-12-27T14:20:00.298-0300] {logging_mixin.py:154} INFO - [2023-12-27T14:20:00.298-0300] {dagbag.py:536} INFO - Filling up the DagBag from /home/felipe/airflow/dags/utils/saveCityAsCSV.py
[2023-12-27T14:20:00.461-0300] {processor.py:841} WARNING - No viable dags retrieved from /home/felipe/airflow/dags/utils/saveCityAsCSV.py
[2023-12-27T14:20:00.466-0300] {processor.py:179} INFO - Processing /home/felipe/airflow/dags/utils/saveCityAsCSV.py took 0.203 seconds
[2023-12-27T14:20:39.693-0300] {processor.py:157} INFO - Started process (PID=11086) to work on /home/felipe/airflow/dags/utils/saveCityAsCSV.py
[2023-12-27T14:20:39.725-0300] {processor.py:829} INFO - Processing file /home/felipe/airflow/dags/utils/saveCityAsCSV.py for tasks to queue
[2023-12-27T14:20:39.726-0300] {logging_mixin.py:154} INFO - [2023-12-27T14:20:39.725-0300] {dagbag.py:536} INFO - Filling up the DagBag from /home/felipe/airflow/dags/utils/saveCityAsCSV.py
[2023-12-27T14:20:39.890-0300] {processor.py:841} WARNING - No viable dags retrieved from /home/felipe/airflow/dags/utils/saveCityAsCSV.py
[2023-12-27T14:20:39.895-0300] {processor.py:179} INFO - Processing /home/felipe/airflow/dags/utils/saveCityAsCSV.py took 0.204 seconds
[2023-12-27T14:21:17.152-0300] {processor.py:157} INFO - Started process (PID=11327) to work on /home/felipe/airflow/dags/utils/saveCityAsCSV.py
[2023-12-27T14:21:17.156-0300] {processor.py:829} INFO - Processing file /home/felipe/airflow/dags/utils/saveCityAsCSV.py for tasks to queue
[2023-12-27T14:21:17.157-0300] {logging_mixin.py:154} INFO - [2023-12-27T14:21:17.157-0300] {dagbag.py:536} INFO - Filling up the DagBag from /home/felipe/airflow/dags/utils/saveCityAsCSV.py
[2023-12-27T14:21:18.240-0300] {processor.py:841} WARNING - No viable dags retrieved from /home/felipe/airflow/dags/utils/saveCityAsCSV.py
[2023-12-27T14:21:18.245-0300] {processor.py:179} INFO - Processing /home/felipe/airflow/dags/utils/saveCityAsCSV.py took 1.095 seconds
[2023-12-27T14:22:04.430-0300] {processor.py:157} INFO - Started process (PID=11486) to work on /home/felipe/airflow/dags/utils/saveCityAsCSV.py
[2023-12-27T14:22:04.432-0300] {processor.py:829} INFO - Processing file /home/felipe/airflow/dags/utils/saveCityAsCSV.py for tasks to queue
[2023-12-27T14:22:04.433-0300] {logging_mixin.py:154} INFO - [2023-12-27T14:22:04.432-0300] {dagbag.py:536} INFO - Filling up the DagBag from /home/felipe/airflow/dags/utils/saveCityAsCSV.py
[2023-12-27T14:22:07.443-0300] {processor.py:841} WARNING - No viable dags retrieved from /home/felipe/airflow/dags/utils/saveCityAsCSV.py
[2023-12-27T14:22:07.448-0300] {processor.py:179} INFO - Processing /home/felipe/airflow/dags/utils/saveCityAsCSV.py took 3.020 seconds
[2023-12-27T14:22:58.962-0300] {processor.py:157} INFO - Started process (PID=12486) to work on /home/felipe/airflow/dags/utils/saveCityAsCSV.py
[2023-12-27T14:22:58.994-0300] {processor.py:829} INFO - Processing file /home/felipe/airflow/dags/utils/saveCityAsCSV.py for tasks to queue
[2023-12-27T14:22:58.994-0300] {logging_mixin.py:154} INFO - [2023-12-27T14:22:58.994-0300] {dagbag.py:536} INFO - Filling up the DagBag from /home/felipe/airflow/dags/utils/saveCityAsCSV.py
[2023-12-27T14:22:59.247-0300] {processor.py:841} WARNING - No viable dags retrieved from /home/felipe/airflow/dags/utils/saveCityAsCSV.py
[2023-12-27T14:22:59.250-0300] {processor.py:179} INFO - Processing /home/felipe/airflow/dags/utils/saveCityAsCSV.py took 0.290 seconds
[2023-12-27T14:23:44.034-0300] {processor.py:157} INFO - Started process (PID=12701) to work on /home/felipe/airflow/dags/utils/saveCityAsCSV.py
[2023-12-27T14:23:44.036-0300] {processor.py:829} INFO - Processing file /home/felipe/airflow/dags/utils/saveCityAsCSV.py for tasks to queue
[2023-12-27T14:23:44.037-0300] {logging_mixin.py:154} INFO - [2023-12-27T14:23:44.037-0300] {dagbag.py:536} INFO - Filling up the DagBag from /home/felipe/airflow/dags/utils/saveCityAsCSV.py
[2023-12-27T14:23:54.631-0300] {processor.py:841} WARNING - No viable dags retrieved from /home/felipe/airflow/dags/utils/saveCityAsCSV.py
[2023-12-27T14:23:54.646-0300] {processor.py:179} INFO - Processing /home/felipe/airflow/dags/utils/saveCityAsCSV.py took 10.616 seconds
[2023-12-27T14:24:30.033-0300] {processor.py:157} INFO - Started process (PID=12766) to work on /home/felipe/airflow/dags/utils/saveCityAsCSV.py
[2023-12-27T14:24:30.033-0300] {processor.py:829} INFO - Processing file /home/felipe/airflow/dags/utils/saveCityAsCSV.py for tasks to queue
[2023-12-27T14:24:30.034-0300] {logging_mixin.py:154} INFO - [2023-12-27T14:24:30.034-0300] {dagbag.py:536} INFO - Filling up the DagBag from /home/felipe/airflow/dags/utils/saveCityAsCSV.py
[2023-12-27T14:24:30.282-0300] {processor.py:841} WARNING - No viable dags retrieved from /home/felipe/airflow/dags/utils/saveCityAsCSV.py
[2023-12-27T14:24:30.288-0300] {processor.py:179} INFO - Processing /home/felipe/airflow/dags/utils/saveCityAsCSV.py took 0.257 seconds
[2023-12-27T14:25:13.629-0300] {processor.py:157} INFO - Started process (PID=12823) to work on /home/felipe/airflow/dags/utils/saveCityAsCSV.py
[2023-12-27T14:25:13.661-0300] {processor.py:829} INFO - Processing file /home/felipe/airflow/dags/utils/saveCityAsCSV.py for tasks to queue
[2023-12-27T14:25:13.661-0300] {logging_mixin.py:154} INFO - [2023-12-27T14:25:13.661-0300] {dagbag.py:536} INFO - Filling up the DagBag from /home/felipe/airflow/dags/utils/saveCityAsCSV.py
[2023-12-27T14:25:13.915-0300] {processor.py:841} WARNING - No viable dags retrieved from /home/felipe/airflow/dags/utils/saveCityAsCSV.py
[2023-12-27T14:25:13.919-0300] {processor.py:179} INFO - Processing /home/felipe/airflow/dags/utils/saveCityAsCSV.py took 0.292 seconds
