[2024-01-11T15:04:09.188-0300] {processor.py:157} INFO - Started process (PID=9956) to work on /home/felipe/airflow/dags/utils/upload.py
[2024-01-11T15:04:09.189-0300] {processor.py:829} INFO - Processing file /home/felipe/airflow/dags/utils/upload.py for tasks to queue
[2024-01-11T15:04:09.189-0300] {logging_mixin.py:154} INFO - [2024-01-11T15:04:09.189-0300] {dagbag.py:536} INFO - Filling up the DagBag from /home/felipe/airflow/dags/utils/upload.py
[2024-01-11T15:04:09.190-0300] {processor.py:841} WARNING - No viable dags retrieved from /home/felipe/airflow/dags/utils/upload.py
[2024-01-11T15:04:09.197-0300] {processor.py:179} INFO - Processing /home/felipe/airflow/dags/utils/upload.py took 0.010 seconds
[2024-01-11T15:05:24.671-0300] {processor.py:157} INFO - Started process (PID=10134) to work on /home/felipe/airflow/dags/utils/upload.py
[2024-01-11T15:05:24.703-0300] {processor.py:829} INFO - Processing file /home/felipe/airflow/dags/utils/upload.py for tasks to queue
[2024-01-11T15:05:24.704-0300] {logging_mixin.py:154} INFO - [2024-01-11T15:05:24.703-0300] {dagbag.py:536} INFO - Filling up the DagBag from /home/felipe/airflow/dags/utils/upload.py
[2024-01-11T15:05:24.705-0300] {processor.py:841} WARNING - No viable dags retrieved from /home/felipe/airflow/dags/utils/upload.py
[2024-01-11T15:05:24.711-0300] {processor.py:179} INFO - Processing /home/felipe/airflow/dags/utils/upload.py took 0.042 seconds
[2024-01-11T15:06:40.006-0300] {processor.py:157} INFO - Started process (PID=10242) to work on /home/felipe/airflow/dags/utils/upload.py
[2024-01-11T15:06:40.038-0300] {processor.py:829} INFO - Processing file /home/felipe/airflow/dags/utils/upload.py for tasks to queue
[2024-01-11T15:06:40.039-0300] {logging_mixin.py:154} INFO - [2024-01-11T15:06:40.039-0300] {dagbag.py:536} INFO - Filling up the DagBag from /home/felipe/airflow/dags/utils/upload.py
[2024-01-11T15:06:40.040-0300] {processor.py:841} WARNING - No viable dags retrieved from /home/felipe/airflow/dags/utils/upload.py
[2024-01-11T15:06:40.046-0300] {processor.py:179} INFO - Processing /home/felipe/airflow/dags/utils/upload.py took 0.042 seconds
[2024-01-11T15:07:56.226-0300] {processor.py:157} INFO - Started process (PID=10377) to work on /home/felipe/airflow/dags/utils/upload.py
[2024-01-11T15:07:56.228-0300] {processor.py:829} INFO - Processing file /home/felipe/airflow/dags/utils/upload.py for tasks to queue
[2024-01-11T15:07:56.229-0300] {logging_mixin.py:154} INFO - [2024-01-11T15:07:56.228-0300] {dagbag.py:536} INFO - Filling up the DagBag from /home/felipe/airflow/dags/utils/upload.py
[2024-01-11T15:07:56.230-0300] {processor.py:841} WARNING - No viable dags retrieved from /home/felipe/airflow/dags/utils/upload.py
[2024-01-11T15:07:56.239-0300] {processor.py:179} INFO - Processing /home/felipe/airflow/dags/utils/upload.py took 0.015 seconds
