[2024-01-14T16:17:29.757-0300] {processor.py:157} INFO - Started process (PID=18328) to work on /home/felipe/airflow/dags/utils/saveCityAsCSV.py
[2024-01-14T16:17:29.758-0300] {processor.py:829} INFO - Processing file /home/felipe/airflow/dags/utils/saveCityAsCSV.py for tasks to queue
[2024-01-14T16:17:29.758-0300] {logging_mixin.py:154} INFO - [2024-01-14T16:17:29.758-0300] {dagbag.py:536} INFO - Filling up the DagBag from /home/felipe/airflow/dags/utils/saveCityAsCSV.py
[2024-01-14T16:17:29.964-0300] {processor.py:841} WARNING - No viable dags retrieved from /home/felipe/airflow/dags/utils/saveCityAsCSV.py
[2024-01-14T16:17:29.970-0300] {processor.py:179} INFO - Processing /home/felipe/airflow/dags/utils/saveCityAsCSV.py took 0.214 seconds
[2024-01-14T16:18:17.941-0300] {processor.py:157} INFO - Started process (PID=18452) to work on /home/felipe/airflow/dags/utils/saveCityAsCSV.py
[2024-01-14T16:18:17.974-0300] {processor.py:829} INFO - Processing file /home/felipe/airflow/dags/utils/saveCityAsCSV.py for tasks to queue
[2024-01-14T16:18:17.974-0300] {logging_mixin.py:154} INFO - [2024-01-14T16:18:17.974-0300] {dagbag.py:536} INFO - Filling up the DagBag from /home/felipe/airflow/dags/utils/saveCityAsCSV.py
[2024-01-14T16:18:18.180-0300] {processor.py:841} WARNING - No viable dags retrieved from /home/felipe/airflow/dags/utils/saveCityAsCSV.py
[2024-01-14T16:18:18.186-0300] {processor.py:179} INFO - Processing /home/felipe/airflow/dags/utils/saveCityAsCSV.py took 0.246 seconds
[2024-01-14T16:18:57.727-0300] {processor.py:157} INFO - Started process (PID=18560) to work on /home/felipe/airflow/dags/utils/saveCityAsCSV.py
[2024-01-14T16:18:57.759-0300] {processor.py:829} INFO - Processing file /home/felipe/airflow/dags/utils/saveCityAsCSV.py for tasks to queue
[2024-01-14T16:18:57.760-0300] {logging_mixin.py:154} INFO - [2024-01-14T16:18:57.760-0300] {dagbag.py:536} INFO - Filling up the DagBag from /home/felipe/airflow/dags/utils/saveCityAsCSV.py
[2024-01-14T16:18:57.932-0300] {processor.py:841} WARNING - No viable dags retrieved from /home/felipe/airflow/dags/utils/saveCityAsCSV.py
[2024-01-14T16:18:57.938-0300] {processor.py:179} INFO - Processing /home/felipe/airflow/dags/utils/saveCityAsCSV.py took 0.213 seconds
[2024-01-14T16:19:54.418-0300] {processor.py:157} INFO - Started process (PID=18714) to work on /home/felipe/airflow/dags/utils/saveCityAsCSV.py
[2024-01-14T16:19:54.444-0300] {processor.py:829} INFO - Processing file /home/felipe/airflow/dags/utils/saveCityAsCSV.py for tasks to queue
[2024-01-14T16:19:54.444-0300] {logging_mixin.py:154} INFO - [2024-01-14T16:19:54.444-0300] {dagbag.py:536} INFO - Filling up the DagBag from /home/felipe/airflow/dags/utils/saveCityAsCSV.py
[2024-01-14T16:19:54.637-0300] {processor.py:841} WARNING - No viable dags retrieved from /home/felipe/airflow/dags/utils/saveCityAsCSV.py
[2024-01-14T16:19:54.642-0300] {processor.py:179} INFO - Processing /home/felipe/airflow/dags/utils/saveCityAsCSV.py took 0.226 seconds
[2024-01-14T16:21:48.438-0300] {processor.py:157} INFO - Started process (PID=18942) to work on /home/felipe/airflow/dags/utils/saveCityAsCSV.py
[2024-01-14T16:21:48.470-0300] {processor.py:829} INFO - Processing file /home/felipe/airflow/dags/utils/saveCityAsCSV.py for tasks to queue
[2024-01-14T16:21:48.470-0300] {logging_mixin.py:154} INFO - [2024-01-14T16:21:48.470-0300] {dagbag.py:536} INFO - Filling up the DagBag from /home/felipe/airflow/dags/utils/saveCityAsCSV.py
[2024-01-14T16:21:48.730-0300] {processor.py:841} WARNING - No viable dags retrieved from /home/felipe/airflow/dags/utils/saveCityAsCSV.py
[2024-01-14T16:21:48.733-0300] {processor.py:179} INFO - Processing /home/felipe/airflow/dags/utils/saveCityAsCSV.py took 0.298 seconds
[2024-01-14T16:23:37.762-0300] {processor.py:157} INFO - Started process (PID=19178) to work on /home/felipe/airflow/dags/utils/saveCityAsCSV.py
[2024-01-14T16:23:37.763-0300] {processor.py:829} INFO - Processing file /home/felipe/airflow/dags/utils/saveCityAsCSV.py for tasks to queue
[2024-01-14T16:23:37.763-0300] {logging_mixin.py:154} INFO - [2024-01-14T16:23:37.763-0300] {dagbag.py:536} INFO - Filling up the DagBag from /home/felipe/airflow/dags/utils/saveCityAsCSV.py
[2024-01-14T16:23:37.948-0300] {processor.py:841} WARNING - No viable dags retrieved from /home/felipe/airflow/dags/utils/saveCityAsCSV.py
[2024-01-14T16:23:37.954-0300] {processor.py:179} INFO - Processing /home/felipe/airflow/dags/utils/saveCityAsCSV.py took 0.195 seconds
[2024-01-14T16:25:39.569-0300] {processor.py:157} INFO - Started process (PID=19624) to work on /home/felipe/airflow/dags/utils/saveCityAsCSV.py
[2024-01-14T16:25:39.601-0300] {processor.py:829} INFO - Processing file /home/felipe/airflow/dags/utils/saveCityAsCSV.py for tasks to queue
[2024-01-14T16:25:39.601-0300] {logging_mixin.py:154} INFO - [2024-01-14T16:25:39.601-0300] {dagbag.py:536} INFO - Filling up the DagBag from /home/felipe/airflow/dags/utils/saveCityAsCSV.py
[2024-01-14T16:25:39.855-0300] {processor.py:841} WARNING - No viable dags retrieved from /home/felipe/airflow/dags/utils/saveCityAsCSV.py
[2024-01-14T16:25:39.859-0300] {processor.py:179} INFO - Processing /home/felipe/airflow/dags/utils/saveCityAsCSV.py took 0.292 seconds
[2024-01-14T16:27:38.857-0300] {processor.py:157} INFO - Started process (PID=20345) to work on /home/felipe/airflow/dags/utils/saveCityAsCSV.py
[2024-01-14T16:27:38.889-0300] {processor.py:829} INFO - Processing file /home/felipe/airflow/dags/utils/saveCityAsCSV.py for tasks to queue
[2024-01-14T16:27:38.889-0300] {logging_mixin.py:154} INFO - [2024-01-14T16:27:38.889-0300] {dagbag.py:536} INFO - Filling up the DagBag from /home/felipe/airflow/dags/utils/saveCityAsCSV.py
[2024-01-14T16:27:39.052-0300] {processor.py:841} WARNING - No viable dags retrieved from /home/felipe/airflow/dags/utils/saveCityAsCSV.py
[2024-01-14T16:27:39.057-0300] {processor.py:179} INFO - Processing /home/felipe/airflow/dags/utils/saveCityAsCSV.py took 0.202 seconds
[2024-01-14T16:29:43.274-0300] {processor.py:157} INFO - Started process (PID=20725) to work on /home/felipe/airflow/dags/utils/saveCityAsCSV.py
[2024-01-14T16:29:43.306-0300] {processor.py:829} INFO - Processing file /home/felipe/airflow/dags/utils/saveCityAsCSV.py for tasks to queue
[2024-01-14T16:29:43.307-0300] {logging_mixin.py:154} INFO - [2024-01-14T16:29:43.307-0300] {dagbag.py:536} INFO - Filling up the DagBag from /home/felipe/airflow/dags/utils/saveCityAsCSV.py
[2024-01-14T16:29:43.562-0300] {processor.py:841} WARNING - No viable dags retrieved from /home/felipe/airflow/dags/utils/saveCityAsCSV.py
[2024-01-14T16:29:43.566-0300] {processor.py:179} INFO - Processing /home/felipe/airflow/dags/utils/saveCityAsCSV.py took 0.294 seconds
[2024-01-14T16:31:45.040-0300] {processor.py:157} INFO - Started process (PID=20987) to work on /home/felipe/airflow/dags/utils/saveCityAsCSV.py
[2024-01-14T16:31:45.062-0300] {processor.py:829} INFO - Processing file /home/felipe/airflow/dags/utils/saveCityAsCSV.py for tasks to queue
[2024-01-14T16:31:45.063-0300] {logging_mixin.py:154} INFO - [2024-01-14T16:31:45.063-0300] {dagbag.py:536} INFO - Filling up the DagBag from /home/felipe/airflow/dags/utils/saveCityAsCSV.py
[2024-01-14T16:31:45.313-0300] {processor.py:841} WARNING - No viable dags retrieved from /home/felipe/airflow/dags/utils/saveCityAsCSV.py
[2024-01-14T16:31:45.317-0300] {processor.py:179} INFO - Processing /home/felipe/airflow/dags/utils/saveCityAsCSV.py took 0.279 seconds
[2024-01-14T16:33:44.013-0300] {processor.py:157} INFO - Started process (PID=21291) to work on /home/felipe/airflow/dags/utils/saveCityAsCSV.py
[2024-01-14T16:33:44.045-0300] {processor.py:829} INFO - Processing file /home/felipe/airflow/dags/utils/saveCityAsCSV.py for tasks to queue
[2024-01-14T16:33:44.045-0300] {logging_mixin.py:154} INFO - [2024-01-14T16:33:44.045-0300] {dagbag.py:536} INFO - Filling up the DagBag from /home/felipe/airflow/dags/utils/saveCityAsCSV.py
[2024-01-14T16:33:44.307-0300] {processor.py:841} WARNING - No viable dags retrieved from /home/felipe/airflow/dags/utils/saveCityAsCSV.py
[2024-01-14T16:33:44.311-0300] {processor.py:179} INFO - Processing /home/felipe/airflow/dags/utils/saveCityAsCSV.py took 0.300 seconds
[2024-01-14T16:34:29.683-0300] {processor.py:157} INFO - Started process (PID=21390) to work on /home/felipe/airflow/dags/utils/saveCityAsCSV.py
[2024-01-14T16:34:29.715-0300] {processor.py:829} INFO - Processing file /home/felipe/airflow/dags/utils/saveCityAsCSV.py for tasks to queue
[2024-01-14T16:34:29.716-0300] {logging_mixin.py:154} INFO - [2024-01-14T16:34:29.716-0300] {dagbag.py:536} INFO - Filling up the DagBag from /home/felipe/airflow/dags/utils/saveCityAsCSV.py
[2024-01-14T16:34:29.969-0300] {processor.py:841} WARNING - No viable dags retrieved from /home/felipe/airflow/dags/utils/saveCityAsCSV.py
[2024-01-14T16:34:29.973-0300] {processor.py:179} INFO - Processing /home/felipe/airflow/dags/utils/saveCityAsCSV.py took 0.292 seconds
[2024-01-14T16:36:43.345-0300] {processor.py:157} INFO - Started process (PID=21599) to work on /home/felipe/airflow/dags/utils/saveCityAsCSV.py
[2024-01-14T16:36:43.377-0300] {processor.py:829} INFO - Processing file /home/felipe/airflow/dags/utils/saveCityAsCSV.py for tasks to queue
[2024-01-14T16:36:43.378-0300] {logging_mixin.py:154} INFO - [2024-01-14T16:36:43.377-0300] {dagbag.py:536} INFO - Filling up the DagBag from /home/felipe/airflow/dags/utils/saveCityAsCSV.py
[2024-01-14T16:36:43.540-0300] {processor.py:841} WARNING - No viable dags retrieved from /home/felipe/airflow/dags/utils/saveCityAsCSV.py
[2024-01-14T16:36:43.545-0300] {processor.py:179} INFO - Processing /home/felipe/airflow/dags/utils/saveCityAsCSV.py took 0.202 seconds
[2024-01-14T16:37:44.993-0300] {processor.py:157} INFO - Started process (PID=21720) to work on /home/felipe/airflow/dags/utils/saveCityAsCSV.py
[2024-01-14T16:37:45.026-0300] {processor.py:829} INFO - Processing file /home/felipe/airflow/dags/utils/saveCityAsCSV.py for tasks to queue
[2024-01-14T16:37:45.026-0300] {logging_mixin.py:154} INFO - [2024-01-14T16:37:45.026-0300] {dagbag.py:536} INFO - Filling up the DagBag from /home/felipe/airflow/dags/utils/saveCityAsCSV.py
[2024-01-14T16:37:45.191-0300] {processor.py:841} WARNING - No viable dags retrieved from /home/felipe/airflow/dags/utils/saveCityAsCSV.py
[2024-01-14T16:37:45.196-0300] {processor.py:179} INFO - Processing /home/felipe/airflow/dags/utils/saveCityAsCSV.py took 0.205 seconds
[2024-01-14T16:38:23.718-0300] {processor.py:157} INFO - Started process (PID=21811) to work on /home/felipe/airflow/dags/utils/saveCityAsCSV.py
[2024-01-14T16:38:23.750-0300] {processor.py:829} INFO - Processing file /home/felipe/airflow/dags/utils/saveCityAsCSV.py for tasks to queue
[2024-01-14T16:38:23.750-0300] {logging_mixin.py:154} INFO - [2024-01-14T16:38:23.750-0300] {dagbag.py:536} INFO - Filling up the DagBag from /home/felipe/airflow/dags/utils/saveCityAsCSV.py
[2024-01-14T16:38:23.914-0300] {processor.py:841} WARNING - No viable dags retrieved from /home/felipe/airflow/dags/utils/saveCityAsCSV.py
[2024-01-14T16:38:23.920-0300] {processor.py:179} INFO - Processing /home/felipe/airflow/dags/utils/saveCityAsCSV.py took 0.204 seconds
[2024-01-14T16:39:29.141-0300] {processor.py:157} INFO - Started process (PID=22019) to work on /home/felipe/airflow/dags/utils/saveCityAsCSV.py
[2024-01-14T16:39:29.173-0300] {processor.py:829} INFO - Processing file /home/felipe/airflow/dags/utils/saveCityAsCSV.py for tasks to queue
[2024-01-14T16:39:29.173-0300] {logging_mixin.py:154} INFO - [2024-01-14T16:39:29.173-0300] {dagbag.py:536} INFO - Filling up the DagBag from /home/felipe/airflow/dags/utils/saveCityAsCSV.py
[2024-01-14T16:39:29.338-0300] {processor.py:841} WARNING - No viable dags retrieved from /home/felipe/airflow/dags/utils/saveCityAsCSV.py
[2024-01-14T16:39:29.343-0300] {processor.py:179} INFO - Processing /home/felipe/airflow/dags/utils/saveCityAsCSV.py took 0.204 seconds
[2024-01-14T16:40:19.412-0300] {processor.py:157} INFO - Started process (PID=22195) to work on /home/felipe/airflow/dags/utils/saveCityAsCSV.py
[2024-01-14T16:40:19.445-0300] {processor.py:829} INFO - Processing file /home/felipe/airflow/dags/utils/saveCityAsCSV.py for tasks to queue
[2024-01-14T16:40:19.446-0300] {logging_mixin.py:154} INFO - [2024-01-14T16:40:19.445-0300] {dagbag.py:536} INFO - Filling up the DagBag from /home/felipe/airflow/dags/utils/saveCityAsCSV.py
[2024-01-14T16:40:19.635-0300] {processor.py:841} WARNING - No viable dags retrieved from /home/felipe/airflow/dags/utils/saveCityAsCSV.py
[2024-01-14T16:40:19.640-0300] {processor.py:179} INFO - Processing /home/felipe/airflow/dags/utils/saveCityAsCSV.py took 0.230 seconds
[2024-01-14T16:41:06.193-0300] {processor.py:157} INFO - Started process (PID=22324) to work on /home/felipe/airflow/dags/utils/saveCityAsCSV.py
[2024-01-14T16:41:06.194-0300] {processor.py:829} INFO - Processing file /home/felipe/airflow/dags/utils/saveCityAsCSV.py for tasks to queue
[2024-01-14T16:41:06.194-0300] {logging_mixin.py:154} INFO - [2024-01-14T16:41:06.194-0300] {dagbag.py:536} INFO - Filling up the DagBag from /home/felipe/airflow/dags/utils/saveCityAsCSV.py
[2024-01-14T16:41:06.363-0300] {processor.py:841} WARNING - No viable dags retrieved from /home/felipe/airflow/dags/utils/saveCityAsCSV.py
[2024-01-14T16:41:06.368-0300] {processor.py:179} INFO - Processing /home/felipe/airflow/dags/utils/saveCityAsCSV.py took 0.177 seconds
[2024-01-14T16:42:20.885-0300] {processor.py:157} INFO - Started process (PID=22476) to work on /home/felipe/airflow/dags/utils/saveCityAsCSV.py
[2024-01-14T16:42:20.888-0300] {processor.py:829} INFO - Processing file /home/felipe/airflow/dags/utils/saveCityAsCSV.py for tasks to queue
[2024-01-14T16:42:20.888-0300] {logging_mixin.py:154} INFO - [2024-01-14T16:42:20.888-0300] {dagbag.py:536} INFO - Filling up the DagBag from /home/felipe/airflow/dags/utils/saveCityAsCSV.py
[2024-01-14T16:42:21.159-0300] {processor.py:841} WARNING - No viable dags retrieved from /home/felipe/airflow/dags/utils/saveCityAsCSV.py
[2024-01-14T16:42:21.163-0300] {processor.py:179} INFO - Processing /home/felipe/airflow/dags/utils/saveCityAsCSV.py took 0.281 seconds
[2024-01-14T16:43:10.508-0300] {processor.py:157} INFO - Started process (PID=22600) to work on /home/felipe/airflow/dags/utils/saveCityAsCSV.py
[2024-01-14T16:43:10.540-0300] {processor.py:829} INFO - Processing file /home/felipe/airflow/dags/utils/saveCityAsCSV.py for tasks to queue
[2024-01-14T16:43:10.541-0300] {logging_mixin.py:154} INFO - [2024-01-14T16:43:10.541-0300] {dagbag.py:536} INFO - Filling up the DagBag from /home/felipe/airflow/dags/utils/saveCityAsCSV.py
[2024-01-14T16:43:10.809-0300] {processor.py:841} WARNING - No viable dags retrieved from /home/felipe/airflow/dags/utils/saveCityAsCSV.py
[2024-01-14T16:43:10.813-0300] {processor.py:179} INFO - Processing /home/felipe/airflow/dags/utils/saveCityAsCSV.py took 0.307 seconds
[2024-01-14T16:44:15.186-0300] {processor.py:157} INFO - Started process (PID=22753) to work on /home/felipe/airflow/dags/utils/saveCityAsCSV.py
[2024-01-14T16:44:15.218-0300] {processor.py:829} INFO - Processing file /home/felipe/airflow/dags/utils/saveCityAsCSV.py for tasks to queue
[2024-01-14T16:44:15.219-0300] {logging_mixin.py:154} INFO - [2024-01-14T16:44:15.218-0300] {dagbag.py:536} INFO - Filling up the DagBag from /home/felipe/airflow/dags/utils/saveCityAsCSV.py
[2024-01-14T16:44:15.487-0300] {processor.py:841} WARNING - No viable dags retrieved from /home/felipe/airflow/dags/utils/saveCityAsCSV.py
[2024-01-14T16:44:15.491-0300] {processor.py:179} INFO - Processing /home/felipe/airflow/dags/utils/saveCityAsCSV.py took 0.307 seconds
[2024-01-14T16:44:49.209-0300] {processor.py:157} INFO - Started process (PID=22825) to work on /home/felipe/airflow/dags/utils/saveCityAsCSV.py
[2024-01-14T16:44:49.241-0300] {processor.py:829} INFO - Processing file /home/felipe/airflow/dags/utils/saveCityAsCSV.py for tasks to queue
[2024-01-14T16:44:49.242-0300] {logging_mixin.py:154} INFO - [2024-01-14T16:44:49.241-0300] {dagbag.py:536} INFO - Filling up the DagBag from /home/felipe/airflow/dags/utils/saveCityAsCSV.py
[2024-01-14T16:44:49.491-0300] {processor.py:841} WARNING - No viable dags retrieved from /home/felipe/airflow/dags/utils/saveCityAsCSV.py
[2024-01-14T16:44:49.494-0300] {processor.py:179} INFO - Processing /home/felipe/airflow/dags/utils/saveCityAsCSV.py took 0.287 seconds
[2024-01-14T16:45:23.845-0300] {processor.py:157} INFO - Started process (PID=22908) to work on /home/felipe/airflow/dags/utils/saveCityAsCSV.py
[2024-01-14T16:45:23.877-0300] {processor.py:829} INFO - Processing file /home/felipe/airflow/dags/utils/saveCityAsCSV.py for tasks to queue
[2024-01-14T16:45:23.877-0300] {logging_mixin.py:154} INFO - [2024-01-14T16:45:23.877-0300] {dagbag.py:536} INFO - Filling up the DagBag from /home/felipe/airflow/dags/utils/saveCityAsCSV.py
[2024-01-14T16:45:24.131-0300] {processor.py:841} WARNING - No viable dags retrieved from /home/felipe/airflow/dags/utils/saveCityAsCSV.py
[2024-01-14T16:45:24.135-0300] {processor.py:179} INFO - Processing /home/felipe/airflow/dags/utils/saveCityAsCSV.py took 0.292 seconds
[2024-01-14T16:46:08.421-0300] {processor.py:157} INFO - Started process (PID=23009) to work on /home/felipe/airflow/dags/utils/saveCityAsCSV.py
[2024-01-14T16:46:08.453-0300] {processor.py:829} INFO - Processing file /home/felipe/airflow/dags/utils/saveCityAsCSV.py for tasks to queue
[2024-01-14T16:46:08.454-0300] {logging_mixin.py:154} INFO - [2024-01-14T16:46:08.454-0300] {dagbag.py:536} INFO - Filling up the DagBag from /home/felipe/airflow/dags/utils/saveCityAsCSV.py
[2024-01-14T16:46:08.706-0300] {processor.py:841} WARNING - No viable dags retrieved from /home/felipe/airflow/dags/utils/saveCityAsCSV.py
[2024-01-14T16:46:08.710-0300] {processor.py:179} INFO - Processing /home/felipe/airflow/dags/utils/saveCityAsCSV.py took 0.291 seconds
[2024-01-14T16:46:46.657-0300] {processor.py:157} INFO - Started process (PID=23223) to work on /home/felipe/airflow/dags/utils/saveCityAsCSV.py
[2024-01-14T16:46:46.691-0300] {processor.py:829} INFO - Processing file /home/felipe/airflow/dags/utils/saveCityAsCSV.py for tasks to queue
[2024-01-14T16:46:46.692-0300] {logging_mixin.py:154} INFO - [2024-01-14T16:46:46.692-0300] {dagbag.py:536} INFO - Filling up the DagBag from /home/felipe/airflow/dags/utils/saveCityAsCSV.py
[2024-01-14T16:46:46.959-0300] {processor.py:841} WARNING - No viable dags retrieved from /home/felipe/airflow/dags/utils/saveCityAsCSV.py
[2024-01-14T16:46:46.963-0300] {processor.py:179} INFO - Processing /home/felipe/airflow/dags/utils/saveCityAsCSV.py took 0.308 seconds
[2024-01-14T16:47:20.335-0300] {processor.py:157} INFO - Started process (PID=23290) to work on /home/felipe/airflow/dags/utils/saveCityAsCSV.py
[2024-01-14T16:47:20.336-0300] {processor.py:829} INFO - Processing file /home/felipe/airflow/dags/utils/saveCityAsCSV.py for tasks to queue
[2024-01-14T16:47:20.337-0300] {logging_mixin.py:154} INFO - [2024-01-14T16:47:20.337-0300] {dagbag.py:536} INFO - Filling up the DagBag from /home/felipe/airflow/dags/utils/saveCityAsCSV.py
[2024-01-14T16:47:20.623-0300] {processor.py:841} WARNING - No viable dags retrieved from /home/felipe/airflow/dags/utils/saveCityAsCSV.py
[2024-01-14T16:47:20.627-0300] {processor.py:179} INFO - Processing /home/felipe/airflow/dags/utils/saveCityAsCSV.py took 0.294 seconds
[2024-01-14T16:48:08.456-0300] {processor.py:157} INFO - Started process (PID=23399) to work on /home/felipe/airflow/dags/utils/saveCityAsCSV.py
[2024-01-14T16:48:08.528-0300] {processor.py:829} INFO - Processing file /home/felipe/airflow/dags/utils/saveCityAsCSV.py for tasks to queue
[2024-01-14T16:48:08.528-0300] {logging_mixin.py:154} INFO - [2024-01-14T16:48:08.528-0300] {dagbag.py:536} INFO - Filling up the DagBag from /home/felipe/airflow/dags/utils/saveCityAsCSV.py
[2024-01-14T16:48:08.808-0300] {processor.py:841} WARNING - No viable dags retrieved from /home/felipe/airflow/dags/utils/saveCityAsCSV.py
[2024-01-14T16:48:08.812-0300] {processor.py:179} INFO - Processing /home/felipe/airflow/dags/utils/saveCityAsCSV.py took 0.358 seconds
[2024-01-14T16:48:42.830-0300] {processor.py:157} INFO - Started process (PID=23483) to work on /home/felipe/airflow/dags/utils/saveCityAsCSV.py
[2024-01-14T16:48:42.863-0300] {processor.py:829} INFO - Processing file /home/felipe/airflow/dags/utils/saveCityAsCSV.py for tasks to queue
[2024-01-14T16:48:42.863-0300] {logging_mixin.py:154} INFO - [2024-01-14T16:48:42.863-0300] {dagbag.py:536} INFO - Filling up the DagBag from /home/felipe/airflow/dags/utils/saveCityAsCSV.py
[2024-01-14T16:48:43.149-0300] {processor.py:841} WARNING - No viable dags retrieved from /home/felipe/airflow/dags/utils/saveCityAsCSV.py
[2024-01-14T16:48:43.153-0300] {processor.py:179} INFO - Processing /home/felipe/airflow/dags/utils/saveCityAsCSV.py took 0.325 seconds
[2024-01-14T16:49:22.751-0300] {processor.py:157} INFO - Started process (PID=23646) to work on /home/felipe/airflow/dags/utils/saveCityAsCSV.py
[2024-01-14T16:49:22.783-0300] {processor.py:829} INFO - Processing file /home/felipe/airflow/dags/utils/saveCityAsCSV.py for tasks to queue
[2024-01-14T16:49:22.783-0300] {logging_mixin.py:154} INFO - [2024-01-14T16:49:22.783-0300] {dagbag.py:536} INFO - Filling up the DagBag from /home/felipe/airflow/dags/utils/saveCityAsCSV.py
[2024-01-14T16:49:23.050-0300] {processor.py:841} WARNING - No viable dags retrieved from /home/felipe/airflow/dags/utils/saveCityAsCSV.py
[2024-01-14T16:49:23.054-0300] {processor.py:179} INFO - Processing /home/felipe/airflow/dags/utils/saveCityAsCSV.py took 0.305 seconds
[2024-01-14T16:50:13.333-0300] {processor.py:157} INFO - Started process (PID=23737) to work on /home/felipe/airflow/dags/utils/saveCityAsCSV.py
[2024-01-14T16:50:13.334-0300] {processor.py:829} INFO - Processing file /home/felipe/airflow/dags/utils/saveCityAsCSV.py for tasks to queue
[2024-01-14T16:50:13.334-0300] {logging_mixin.py:154} INFO - [2024-01-14T16:50:13.334-0300] {dagbag.py:536} INFO - Filling up the DagBag from /home/felipe/airflow/dags/utils/saveCityAsCSV.py
[2024-01-14T16:50:13.596-0300] {processor.py:841} WARNING - No viable dags retrieved from /home/felipe/airflow/dags/utils/saveCityAsCSV.py
[2024-01-14T16:50:13.599-0300] {processor.py:179} INFO - Processing /home/felipe/airflow/dags/utils/saveCityAsCSV.py took 0.268 seconds
[2024-01-14T16:50:47.235-0300] {processor.py:157} INFO - Started process (PID=23836) to work on /home/felipe/airflow/dags/utils/saveCityAsCSV.py
[2024-01-14T16:50:47.294-0300] {processor.py:829} INFO - Processing file /home/felipe/airflow/dags/utils/saveCityAsCSV.py for tasks to queue
[2024-01-14T16:50:47.295-0300] {logging_mixin.py:154} INFO - [2024-01-14T16:50:47.295-0300] {dagbag.py:536} INFO - Filling up the DagBag from /home/felipe/airflow/dags/utils/saveCityAsCSV.py
[2024-01-14T16:50:47.565-0300] {processor.py:841} WARNING - No viable dags retrieved from /home/felipe/airflow/dags/utils/saveCityAsCSV.py
[2024-01-14T16:50:47.568-0300] {processor.py:179} INFO - Processing /home/felipe/airflow/dags/utils/saveCityAsCSV.py took 0.336 seconds
[2024-01-14T16:51:55.121-0300] {processor.py:157} INFO - Started process (PID=23955) to work on /home/felipe/airflow/dags/utils/saveCityAsCSV.py
[2024-01-14T16:51:55.153-0300] {processor.py:829} INFO - Processing file /home/felipe/airflow/dags/utils/saveCityAsCSV.py for tasks to queue
[2024-01-14T16:51:55.154-0300] {logging_mixin.py:154} INFO - [2024-01-14T16:51:55.153-0300] {dagbag.py:536} INFO - Filling up the DagBag from /home/felipe/airflow/dags/utils/saveCityAsCSV.py
[2024-01-14T16:51:55.414-0300] {processor.py:841} WARNING - No viable dags retrieved from /home/felipe/airflow/dags/utils/saveCityAsCSV.py
[2024-01-14T16:51:55.418-0300] {processor.py:179} INFO - Processing /home/felipe/airflow/dags/utils/saveCityAsCSV.py took 0.298 seconds
[2024-01-14T16:52:47.644-0300] {processor.py:157} INFO - Started process (PID=24065) to work on /home/felipe/airflow/dags/utils/saveCityAsCSV.py
[2024-01-14T16:52:47.662-0300] {processor.py:829} INFO - Processing file /home/felipe/airflow/dags/utils/saveCityAsCSV.py for tasks to queue
[2024-01-14T16:52:47.662-0300] {logging_mixin.py:154} INFO - [2024-01-14T16:52:47.662-0300] {dagbag.py:536} INFO - Filling up the DagBag from /home/felipe/airflow/dags/utils/saveCityAsCSV.py
[2024-01-14T16:52:47.927-0300] {processor.py:841} WARNING - No viable dags retrieved from /home/felipe/airflow/dags/utils/saveCityAsCSV.py
[2024-01-14T16:52:47.931-0300] {processor.py:179} INFO - Processing /home/felipe/airflow/dags/utils/saveCityAsCSV.py took 0.288 seconds
[2024-01-14T16:53:38.944-0300] {processor.py:157} INFO - Started process (PID=24180) to work on /home/felipe/airflow/dags/utils/saveCityAsCSV.py
[2024-01-14T16:53:38.976-0300] {processor.py:829} INFO - Processing file /home/felipe/airflow/dags/utils/saveCityAsCSV.py for tasks to queue
[2024-01-14T16:53:38.977-0300] {logging_mixin.py:154} INFO - [2024-01-14T16:53:38.976-0300] {dagbag.py:536} INFO - Filling up the DagBag from /home/felipe/airflow/dags/utils/saveCityAsCSV.py
[2024-01-14T16:53:39.240-0300] {processor.py:841} WARNING - No viable dags retrieved from /home/felipe/airflow/dags/utils/saveCityAsCSV.py
[2024-01-14T16:53:39.244-0300] {processor.py:179} INFO - Processing /home/felipe/airflow/dags/utils/saveCityAsCSV.py took 0.302 seconds
[2024-01-14T16:54:28.669-0300] {processor.py:157} INFO - Started process (PID=24318) to work on /home/felipe/airflow/dags/utils/saveCityAsCSV.py
[2024-01-14T16:54:28.701-0300] {processor.py:829} INFO - Processing file /home/felipe/airflow/dags/utils/saveCityAsCSV.py for tasks to queue
[2024-01-14T16:54:28.702-0300] {logging_mixin.py:154} INFO - [2024-01-14T16:54:28.702-0300] {dagbag.py:536} INFO - Filling up the DagBag from /home/felipe/airflow/dags/utils/saveCityAsCSV.py
[2024-01-14T16:54:28.960-0300] {processor.py:841} WARNING - No viable dags retrieved from /home/felipe/airflow/dags/utils/saveCityAsCSV.py
[2024-01-14T16:54:28.964-0300] {processor.py:179} INFO - Processing /home/felipe/airflow/dags/utils/saveCityAsCSV.py took 0.297 seconds
[2024-01-14T16:55:18.591-0300] {processor.py:157} INFO - Started process (PID=24443) to work on /home/felipe/airflow/dags/utils/saveCityAsCSV.py
[2024-01-14T16:55:18.623-0300] {processor.py:829} INFO - Processing file /home/felipe/airflow/dags/utils/saveCityAsCSV.py for tasks to queue
[2024-01-14T16:55:18.624-0300] {logging_mixin.py:154} INFO - [2024-01-14T16:55:18.624-0300] {dagbag.py:536} INFO - Filling up the DagBag from /home/felipe/airflow/dags/utils/saveCityAsCSV.py
[2024-01-14T16:55:18.883-0300] {processor.py:841} WARNING - No viable dags retrieved from /home/felipe/airflow/dags/utils/saveCityAsCSV.py
[2024-01-14T16:55:18.887-0300] {processor.py:179} INFO - Processing /home/felipe/airflow/dags/utils/saveCityAsCSV.py took 0.299 seconds
[2024-01-14T16:56:13.460-0300] {processor.py:157} INFO - Started process (PID=24545) to work on /home/felipe/airflow/dags/utils/saveCityAsCSV.py
[2024-01-14T16:56:13.492-0300] {processor.py:829} INFO - Processing file /home/felipe/airflow/dags/utils/saveCityAsCSV.py for tasks to queue
[2024-01-14T16:56:13.492-0300] {logging_mixin.py:154} INFO - [2024-01-14T16:56:13.492-0300] {dagbag.py:536} INFO - Filling up the DagBag from /home/felipe/airflow/dags/utils/saveCityAsCSV.py
[2024-01-14T16:56:13.744-0300] {processor.py:841} WARNING - No viable dags retrieved from /home/felipe/airflow/dags/utils/saveCityAsCSV.py
[2024-01-14T16:56:13.748-0300] {processor.py:179} INFO - Processing /home/felipe/airflow/dags/utils/saveCityAsCSV.py took 0.290 seconds
[2024-01-14T16:57:14.408-0300] {processor.py:157} INFO - Started process (PID=24759) to work on /home/felipe/airflow/dags/utils/saveCityAsCSV.py
[2024-01-14T16:57:14.440-0300] {processor.py:829} INFO - Processing file /home/felipe/airflow/dags/utils/saveCityAsCSV.py for tasks to queue
[2024-01-14T16:57:14.441-0300] {logging_mixin.py:154} INFO - [2024-01-14T16:57:14.441-0300] {dagbag.py:536} INFO - Filling up the DagBag from /home/felipe/airflow/dags/utils/saveCityAsCSV.py
[2024-01-14T16:57:14.693-0300] {processor.py:841} WARNING - No viable dags retrieved from /home/felipe/airflow/dags/utils/saveCityAsCSV.py
[2024-01-14T16:57:14.696-0300] {processor.py:179} INFO - Processing /home/felipe/airflow/dags/utils/saveCityAsCSV.py took 0.290 seconds
[2024-01-14T16:58:09.928-0300] {processor.py:157} INFO - Started process (PID=24861) to work on /home/felipe/airflow/dags/utils/saveCityAsCSV.py
[2024-01-14T16:58:09.960-0300] {processor.py:829} INFO - Processing file /home/felipe/airflow/dags/utils/saveCityAsCSV.py for tasks to queue
[2024-01-14T16:58:09.960-0300] {logging_mixin.py:154} INFO - [2024-01-14T16:58:09.960-0300] {dagbag.py:536} INFO - Filling up the DagBag from /home/felipe/airflow/dags/utils/saveCityAsCSV.py
[2024-01-14T16:58:10.212-0300] {processor.py:841} WARNING - No viable dags retrieved from /home/felipe/airflow/dags/utils/saveCityAsCSV.py
[2024-01-14T16:58:10.216-0300] {processor.py:179} INFO - Processing /home/felipe/airflow/dags/utils/saveCityAsCSV.py took 0.290 seconds
[2024-01-14T16:59:05.236-0300] {processor.py:157} INFO - Started process (PID=24965) to work on /home/felipe/airflow/dags/utils/saveCityAsCSV.py
[2024-01-14T16:59:05.258-0300] {processor.py:829} INFO - Processing file /home/felipe/airflow/dags/utils/saveCityAsCSV.py for tasks to queue
[2024-01-14T16:59:05.258-0300] {logging_mixin.py:154} INFO - [2024-01-14T16:59:05.258-0300] {dagbag.py:536} INFO - Filling up the DagBag from /home/felipe/airflow/dags/utils/saveCityAsCSV.py
[2024-01-14T16:59:05.511-0300] {processor.py:841} WARNING - No viable dags retrieved from /home/felipe/airflow/dags/utils/saveCityAsCSV.py
[2024-01-14T16:59:05.515-0300] {processor.py:179} INFO - Processing /home/felipe/airflow/dags/utils/saveCityAsCSV.py took 0.280 seconds
[2024-01-14T17:00:08.237-0300] {processor.py:157} INFO - Started process (PID=25085) to work on /home/felipe/airflow/dags/utils/saveCityAsCSV.py
[2024-01-14T17:00:08.269-0300] {processor.py:829} INFO - Processing file /home/felipe/airflow/dags/utils/saveCityAsCSV.py for tasks to queue
[2024-01-14T17:00:08.269-0300] {logging_mixin.py:154} INFO - [2024-01-14T17:00:08.269-0300] {dagbag.py:536} INFO - Filling up the DagBag from /home/felipe/airflow/dags/utils/saveCityAsCSV.py
[2024-01-14T17:00:08.531-0300] {processor.py:841} WARNING - No viable dags retrieved from /home/felipe/airflow/dags/utils/saveCityAsCSV.py
[2024-01-14T17:00:08.535-0300] {processor.py:179} INFO - Processing /home/felipe/airflow/dags/utils/saveCityAsCSV.py took 0.300 seconds
[2024-01-14T17:01:06.314-0300] {processor.py:157} INFO - Started process (PID=25210) to work on /home/felipe/airflow/dags/utils/saveCityAsCSV.py
[2024-01-14T17:01:06.317-0300] {processor.py:829} INFO - Processing file /home/felipe/airflow/dags/utils/saveCityAsCSV.py for tasks to queue
[2024-01-14T17:01:06.317-0300] {logging_mixin.py:154} INFO - [2024-01-14T17:01:06.317-0300] {dagbag.py:536} INFO - Filling up the DagBag from /home/felipe/airflow/dags/utils/saveCityAsCSV.py
[2024-01-14T17:01:06.572-0300] {processor.py:841} WARNING - No viable dags retrieved from /home/felipe/airflow/dags/utils/saveCityAsCSV.py
[2024-01-14T17:01:06.575-0300] {processor.py:179} INFO - Processing /home/felipe/airflow/dags/utils/saveCityAsCSV.py took 0.263 seconds
[2024-01-14T17:18:51.752-0300] {processor.py:157} INFO - Started process (PID=26019) to work on /home/felipe/airflow/dags/utils/saveCityAsCSV.py
[2024-01-14T17:18:51.784-0300] {processor.py:829} INFO - Processing file /home/felipe/airflow/dags/utils/saveCityAsCSV.py for tasks to queue
[2024-01-14T17:18:51.784-0300] {logging_mixin.py:154} INFO - [2024-01-14T17:18:51.784-0300] {dagbag.py:536} INFO - Filling up the DagBag from /home/felipe/airflow/dags/utils/saveCityAsCSV.py
[2024-01-14T17:18:51.949-0300] {processor.py:841} WARNING - No viable dags retrieved from /home/felipe/airflow/dags/utils/saveCityAsCSV.py
[2024-01-14T17:18:51.954-0300] {processor.py:179} INFO - Processing /home/felipe/airflow/dags/utils/saveCityAsCSV.py took 0.205 seconds
[2024-01-14T17:19:53.507-0300] {processor.py:157} INFO - Started process (PID=26153) to work on /home/felipe/airflow/dags/utils/saveCityAsCSV.py
[2024-01-14T17:19:53.539-0300] {processor.py:829} INFO - Processing file /home/felipe/airflow/dags/utils/saveCityAsCSV.py for tasks to queue
[2024-01-14T17:19:53.540-0300] {logging_mixin.py:154} INFO - [2024-01-14T17:19:53.539-0300] {dagbag.py:536} INFO - Filling up the DagBag from /home/felipe/airflow/dags/utils/saveCityAsCSV.py
[2024-01-14T17:19:53.706-0300] {processor.py:841} WARNING - No viable dags retrieved from /home/felipe/airflow/dags/utils/saveCityAsCSV.py
[2024-01-14T17:19:53.712-0300] {processor.py:179} INFO - Processing /home/felipe/airflow/dags/utils/saveCityAsCSV.py took 0.207 seconds
[2024-01-14T17:20:41.374-0300] {processor.py:157} INFO - Started process (PID=26336) to work on /home/felipe/airflow/dags/utils/saveCityAsCSV.py
[2024-01-14T17:20:41.406-0300] {processor.py:829} INFO - Processing file /home/felipe/airflow/dags/utils/saveCityAsCSV.py for tasks to queue
[2024-01-14T17:20:41.406-0300] {logging_mixin.py:154} INFO - [2024-01-14T17:20:41.406-0300] {dagbag.py:536} INFO - Filling up the DagBag from /home/felipe/airflow/dags/utils/saveCityAsCSV.py
[2024-01-14T17:20:41.567-0300] {processor.py:841} WARNING - No viable dags retrieved from /home/felipe/airflow/dags/utils/saveCityAsCSV.py
[2024-01-14T17:20:41.572-0300] {processor.py:179} INFO - Processing /home/felipe/airflow/dags/utils/saveCityAsCSV.py took 0.200 seconds
[2024-01-14T17:21:23.476-0300] {processor.py:157} INFO - Started process (PID=26510) to work on /home/felipe/airflow/dags/utils/saveCityAsCSV.py
[2024-01-14T17:21:23.508-0300] {processor.py:829} INFO - Processing file /home/felipe/airflow/dags/utils/saveCityAsCSV.py for tasks to queue
[2024-01-14T17:21:23.509-0300] {logging_mixin.py:154} INFO - [2024-01-14T17:21:23.509-0300] {dagbag.py:536} INFO - Filling up the DagBag from /home/felipe/airflow/dags/utils/saveCityAsCSV.py
[2024-01-14T17:21:23.679-0300] {processor.py:841} WARNING - No viable dags retrieved from /home/felipe/airflow/dags/utils/saveCityAsCSV.py
[2024-01-14T17:21:23.684-0300] {processor.py:179} INFO - Processing /home/felipe/airflow/dags/utils/saveCityAsCSV.py took 0.210 seconds
[2024-01-14T17:22:37.303-0300] {processor.py:157} INFO - Started process (PID=26817) to work on /home/felipe/airflow/dags/utils/saveCityAsCSV.py
[2024-01-14T17:22:37.335-0300] {processor.py:829} INFO - Processing file /home/felipe/airflow/dags/utils/saveCityAsCSV.py for tasks to queue
[2024-01-14T17:22:37.336-0300] {logging_mixin.py:154} INFO - [2024-01-14T17:22:37.336-0300] {dagbag.py:536} INFO - Filling up the DagBag from /home/felipe/airflow/dags/utils/saveCityAsCSV.py
[2024-01-14T17:22:37.503-0300] {processor.py:841} WARNING - No viable dags retrieved from /home/felipe/airflow/dags/utils/saveCityAsCSV.py
[2024-01-14T17:22:37.509-0300] {processor.py:179} INFO - Processing /home/felipe/airflow/dags/utils/saveCityAsCSV.py took 0.207 seconds
[2024-01-14T17:23:26.181-0300] {processor.py:157} INFO - Started process (PID=26973) to work on /home/felipe/airflow/dags/utils/saveCityAsCSV.py
[2024-01-14T17:23:26.239-0300] {processor.py:829} INFO - Processing file /home/felipe/airflow/dags/utils/saveCityAsCSV.py for tasks to queue
[2024-01-14T17:23:26.240-0300] {logging_mixin.py:154} INFO - [2024-01-14T17:23:26.239-0300] {dagbag.py:536} INFO - Filling up the DagBag from /home/felipe/airflow/dags/utils/saveCityAsCSV.py
[2024-01-14T17:23:26.478-0300] {processor.py:841} WARNING - No viable dags retrieved from /home/felipe/airflow/dags/utils/saveCityAsCSV.py
[2024-01-14T17:23:26.485-0300] {processor.py:179} INFO - Processing /home/felipe/airflow/dags/utils/saveCityAsCSV.py took 0.307 seconds
[2024-01-14T17:24:30.308-0300] {processor.py:157} INFO - Started process (PID=27102) to work on /home/felipe/airflow/dags/utils/saveCityAsCSV.py
[2024-01-14T17:24:30.311-0300] {processor.py:829} INFO - Processing file /home/felipe/airflow/dags/utils/saveCityAsCSV.py for tasks to queue
[2024-01-14T17:24:30.311-0300] {logging_mixin.py:154} INFO - [2024-01-14T17:24:30.311-0300] {dagbag.py:536} INFO - Filling up the DagBag from /home/felipe/airflow/dags/utils/saveCityAsCSV.py
[2024-01-14T17:24:30.471-0300] {processor.py:841} WARNING - No viable dags retrieved from /home/felipe/airflow/dags/utils/saveCityAsCSV.py
[2024-01-14T17:24:30.477-0300] {processor.py:179} INFO - Processing /home/felipe/airflow/dags/utils/saveCityAsCSV.py took 0.171 seconds
[2024-01-14T17:25:24.751-0300] {processor.py:157} INFO - Started process (PID=27234) to work on /home/felipe/airflow/dags/utils/saveCityAsCSV.py
[2024-01-14T17:25:24.783-0300] {processor.py:829} INFO - Processing file /home/felipe/airflow/dags/utils/saveCityAsCSV.py for tasks to queue
[2024-01-14T17:25:24.783-0300] {logging_mixin.py:154} INFO - [2024-01-14T17:25:24.783-0300] {dagbag.py:536} INFO - Filling up the DagBag from /home/felipe/airflow/dags/utils/saveCityAsCSV.py
[2024-01-14T17:25:25.051-0300] {processor.py:841} WARNING - No viable dags retrieved from /home/felipe/airflow/dags/utils/saveCityAsCSV.py
[2024-01-14T17:25:25.055-0300] {processor.py:179} INFO - Processing /home/felipe/airflow/dags/utils/saveCityAsCSV.py took 0.306 seconds
[2024-01-14T17:26:31.820-0300] {processor.py:157} INFO - Started process (PID=27400) to work on /home/felipe/airflow/dags/utils/saveCityAsCSV.py
[2024-01-14T17:26:31.852-0300] {processor.py:829} INFO - Processing file /home/felipe/airflow/dags/utils/saveCityAsCSV.py for tasks to queue
[2024-01-14T17:26:31.853-0300] {logging_mixin.py:154} INFO - [2024-01-14T17:26:31.853-0300] {dagbag.py:536} INFO - Filling up the DagBag from /home/felipe/airflow/dags/utils/saveCityAsCSV.py
[2024-01-14T17:26:32.108-0300] {processor.py:841} WARNING - No viable dags retrieved from /home/felipe/airflow/dags/utils/saveCityAsCSV.py
[2024-01-14T17:26:32.112-0300] {processor.py:179} INFO - Processing /home/felipe/airflow/dags/utils/saveCityAsCSV.py took 0.294 seconds
[2024-01-14T17:27:15.674-0300] {processor.py:157} INFO - Started process (PID=27512) to work on /home/felipe/airflow/dags/utils/saveCityAsCSV.py
[2024-01-14T17:27:15.675-0300] {processor.py:829} INFO - Processing file /home/felipe/airflow/dags/utils/saveCityAsCSV.py for tasks to queue
[2024-01-14T17:27:15.676-0300] {logging_mixin.py:154} INFO - [2024-01-14T17:27:15.675-0300] {dagbag.py:536} INFO - Filling up the DagBag from /home/felipe/airflow/dags/utils/saveCityAsCSV.py
[2024-01-14T17:27:15.967-0300] {processor.py:841} WARNING - No viable dags retrieved from /home/felipe/airflow/dags/utils/saveCityAsCSV.py
[2024-01-14T17:27:15.971-0300] {processor.py:179} INFO - Processing /home/felipe/airflow/dags/utils/saveCityAsCSV.py took 0.299 seconds
[2024-01-14T17:28:31.854-0300] {processor.py:157} INFO - Started process (PID=27744) to work on /home/felipe/airflow/dags/utils/saveCityAsCSV.py
[2024-01-14T17:28:31.886-0300] {processor.py:829} INFO - Processing file /home/felipe/airflow/dags/utils/saveCityAsCSV.py for tasks to queue
[2024-01-14T17:28:31.887-0300] {logging_mixin.py:154} INFO - [2024-01-14T17:28:31.887-0300] {dagbag.py:536} INFO - Filling up the DagBag from /home/felipe/airflow/dags/utils/saveCityAsCSV.py
[2024-01-14T17:28:32.143-0300] {processor.py:841} WARNING - No viable dags retrieved from /home/felipe/airflow/dags/utils/saveCityAsCSV.py
[2024-01-14T17:28:32.147-0300] {processor.py:179} INFO - Processing /home/felipe/airflow/dags/utils/saveCityAsCSV.py took 0.296 seconds
[2024-01-14T17:29:19.136-0300] {processor.py:157} INFO - Started process (PID=27841) to work on /home/felipe/airflow/dags/utils/saveCityAsCSV.py
[2024-01-14T17:29:19.168-0300] {processor.py:829} INFO - Processing file /home/felipe/airflow/dags/utils/saveCityAsCSV.py for tasks to queue
[2024-01-14T17:29:19.169-0300] {logging_mixin.py:154} INFO - [2024-01-14T17:29:19.168-0300] {dagbag.py:536} INFO - Filling up the DagBag from /home/felipe/airflow/dags/utils/saveCityAsCSV.py
[2024-01-14T17:29:19.418-0300] {processor.py:841} WARNING - No viable dags retrieved from /home/felipe/airflow/dags/utils/saveCityAsCSV.py
[2024-01-14T17:29:19.422-0300] {processor.py:179} INFO - Processing /home/felipe/airflow/dags/utils/saveCityAsCSV.py took 0.288 seconds
[2024-01-14T17:30:27.264-0300] {processor.py:157} INFO - Started process (PID=27988) to work on /home/felipe/airflow/dags/utils/saveCityAsCSV.py
[2024-01-14T17:30:27.296-0300] {processor.py:829} INFO - Processing file /home/felipe/airflow/dags/utils/saveCityAsCSV.py for tasks to queue
[2024-01-14T17:30:27.296-0300] {logging_mixin.py:154} INFO - [2024-01-14T17:30:27.296-0300] {dagbag.py:536} INFO - Filling up the DagBag from /home/felipe/airflow/dags/utils/saveCityAsCSV.py
[2024-01-14T17:30:27.545-0300] {processor.py:841} WARNING - No viable dags retrieved from /home/felipe/airflow/dags/utils/saveCityAsCSV.py
[2024-01-14T17:30:27.549-0300] {processor.py:179} INFO - Processing /home/felipe/airflow/dags/utils/saveCityAsCSV.py took 0.287 seconds
[2024-01-14T17:31:38.158-0300] {processor.py:157} INFO - Started process (PID=28110) to work on /home/felipe/airflow/dags/utils/saveCityAsCSV.py
[2024-01-14T17:31:38.191-0300] {processor.py:829} INFO - Processing file /home/felipe/airflow/dags/utils/saveCityAsCSV.py for tasks to queue
[2024-01-14T17:31:38.191-0300] {logging_mixin.py:154} INFO - [2024-01-14T17:31:38.191-0300] {dagbag.py:536} INFO - Filling up the DagBag from /home/felipe/airflow/dags/utils/saveCityAsCSV.py
[2024-01-14T17:31:38.441-0300] {processor.py:841} WARNING - No viable dags retrieved from /home/felipe/airflow/dags/utils/saveCityAsCSV.py
[2024-01-14T17:31:38.445-0300] {processor.py:179} INFO - Processing /home/felipe/airflow/dags/utils/saveCityAsCSV.py took 0.288 seconds
[2024-01-14T17:32:24.164-0300] {processor.py:157} INFO - Started process (PID=28223) to work on /home/felipe/airflow/dags/utils/saveCityAsCSV.py
[2024-01-14T17:32:24.197-0300] {processor.py:829} INFO - Processing file /home/felipe/airflow/dags/utils/saveCityAsCSV.py for tasks to queue
[2024-01-14T17:32:24.197-0300] {logging_mixin.py:154} INFO - [2024-01-14T17:32:24.197-0300] {dagbag.py:536} INFO - Filling up the DagBag from /home/felipe/airflow/dags/utils/saveCityAsCSV.py
[2024-01-14T17:32:24.477-0300] {processor.py:841} WARNING - No viable dags retrieved from /home/felipe/airflow/dags/utils/saveCityAsCSV.py
[2024-01-14T17:32:24.481-0300] {processor.py:179} INFO - Processing /home/felipe/airflow/dags/utils/saveCityAsCSV.py took 0.319 seconds
[2024-01-14T17:33:31.768-0300] {processor.py:157} INFO - Started process (PID=28359) to work on /home/felipe/airflow/dags/utils/saveCityAsCSV.py
[2024-01-14T17:33:31.800-0300] {processor.py:829} INFO - Processing file /home/felipe/airflow/dags/utils/saveCityAsCSV.py for tasks to queue
[2024-01-14T17:33:31.801-0300] {logging_mixin.py:154} INFO - [2024-01-14T17:33:31.800-0300] {dagbag.py:536} INFO - Filling up the DagBag from /home/felipe/airflow/dags/utils/saveCityAsCSV.py
[2024-01-14T17:33:32.049-0300] {processor.py:841} WARNING - No viable dags retrieved from /home/felipe/airflow/dags/utils/saveCityAsCSV.py
[2024-01-14T17:33:32.052-0300] {processor.py:179} INFO - Processing /home/felipe/airflow/dags/utils/saveCityAsCSV.py took 0.286 seconds
[2024-01-14T17:34:28.445-0300] {processor.py:157} INFO - Started process (PID=28544) to work on /home/felipe/airflow/dags/utils/saveCityAsCSV.py
[2024-01-14T17:34:28.477-0300] {processor.py:829} INFO - Processing file /home/felipe/airflow/dags/utils/saveCityAsCSV.py for tasks to queue
[2024-01-14T17:34:28.477-0300] {logging_mixin.py:154} INFO - [2024-01-14T17:34:28.477-0300] {dagbag.py:536} INFO - Filling up the DagBag from /home/felipe/airflow/dags/utils/saveCityAsCSV.py
[2024-01-14T17:34:28.761-0300] {processor.py:841} WARNING - No viable dags retrieved from /home/felipe/airflow/dags/utils/saveCityAsCSV.py
[2024-01-14T17:34:28.764-0300] {processor.py:179} INFO - Processing /home/felipe/airflow/dags/utils/saveCityAsCSV.py took 0.322 seconds
[2024-01-14T17:35:18.653-0300] {processor.py:157} INFO - Started process (PID=28669) to work on /home/felipe/airflow/dags/utils/saveCityAsCSV.py
[2024-01-14T17:35:18.685-0300] {processor.py:829} INFO - Processing file /home/felipe/airflow/dags/utils/saveCityAsCSV.py for tasks to queue
[2024-01-14T17:35:18.685-0300] {logging_mixin.py:154} INFO - [2024-01-14T17:35:18.685-0300] {dagbag.py:536} INFO - Filling up the DagBag from /home/felipe/airflow/dags/utils/saveCityAsCSV.py
[2024-01-14T17:35:18.980-0300] {processor.py:841} WARNING - No viable dags retrieved from /home/felipe/airflow/dags/utils/saveCityAsCSV.py
[2024-01-14T17:35:18.985-0300] {processor.py:179} INFO - Processing /home/felipe/airflow/dags/utils/saveCityAsCSV.py took 0.333 seconds
[2024-01-14T17:36:08.176-0300] {processor.py:157} INFO - Started process (PID=28824) to work on /home/felipe/airflow/dags/utils/saveCityAsCSV.py
[2024-01-14T17:36:08.197-0300] {processor.py:829} INFO - Processing file /home/felipe/airflow/dags/utils/saveCityAsCSV.py for tasks to queue
[2024-01-14T17:36:08.197-0300] {logging_mixin.py:154} INFO - [2024-01-14T17:36:08.197-0300] {dagbag.py:536} INFO - Filling up the DagBag from /home/felipe/airflow/dags/utils/saveCityAsCSV.py
[2024-01-14T17:36:08.503-0300] {processor.py:841} WARNING - No viable dags retrieved from /home/felipe/airflow/dags/utils/saveCityAsCSV.py
[2024-01-14T17:36:08.507-0300] {processor.py:179} INFO - Processing /home/felipe/airflow/dags/utils/saveCityAsCSV.py took 0.333 seconds
[2024-01-14T17:36:59.078-0300] {processor.py:157} INFO - Started process (PID=28992) to work on /home/felipe/airflow/dags/utils/saveCityAsCSV.py
[2024-01-14T17:36:59.110-0300] {processor.py:829} INFO - Processing file /home/felipe/airflow/dags/utils/saveCityAsCSV.py for tasks to queue
[2024-01-14T17:36:59.110-0300] {logging_mixin.py:154} INFO - [2024-01-14T17:36:59.110-0300] {dagbag.py:536} INFO - Filling up the DagBag from /home/felipe/airflow/dags/utils/saveCityAsCSV.py
[2024-01-14T17:36:59.371-0300] {processor.py:841} WARNING - No viable dags retrieved from /home/felipe/airflow/dags/utils/saveCityAsCSV.py
[2024-01-14T17:36:59.375-0300] {processor.py:179} INFO - Processing /home/felipe/airflow/dags/utils/saveCityAsCSV.py took 0.299 seconds
[2024-01-14T17:37:49.991-0300] {processor.py:157} INFO - Started process (PID=29103) to work on /home/felipe/airflow/dags/utils/saveCityAsCSV.py
[2024-01-14T17:37:50.023-0300] {processor.py:829} INFO - Processing file /home/felipe/airflow/dags/utils/saveCityAsCSV.py for tasks to queue
[2024-01-14T17:37:50.024-0300] {logging_mixin.py:154} INFO - [2024-01-14T17:37:50.023-0300] {dagbag.py:536} INFO - Filling up the DagBag from /home/felipe/airflow/dags/utils/saveCityAsCSV.py
[2024-01-14T17:37:50.298-0300] {processor.py:841} WARNING - No viable dags retrieved from /home/felipe/airflow/dags/utils/saveCityAsCSV.py
[2024-01-14T17:37:50.302-0300] {processor.py:179} INFO - Processing /home/felipe/airflow/dags/utils/saveCityAsCSV.py took 0.314 seconds
[2024-01-14T17:38:43.742-0300] {processor.py:157} INFO - Started process (PID=29222) to work on /home/felipe/airflow/dags/utils/saveCityAsCSV.py
[2024-01-14T17:38:43.774-0300] {processor.py:829} INFO - Processing file /home/felipe/airflow/dags/utils/saveCityAsCSV.py for tasks to queue
[2024-01-14T17:38:43.775-0300] {logging_mixin.py:154} INFO - [2024-01-14T17:38:43.774-0300] {dagbag.py:536} INFO - Filling up the DagBag from /home/felipe/airflow/dags/utils/saveCityAsCSV.py
[2024-01-14T17:38:44.022-0300] {processor.py:841} WARNING - No viable dags retrieved from /home/felipe/airflow/dags/utils/saveCityAsCSV.py
[2024-01-14T17:38:44.025-0300] {processor.py:179} INFO - Processing /home/felipe/airflow/dags/utils/saveCityAsCSV.py took 0.285 seconds
[2024-01-14T17:39:38.895-0300] {processor.py:157} INFO - Started process (PID=29334) to work on /home/felipe/airflow/dags/utils/saveCityAsCSV.py
[2024-01-14T17:39:38.927-0300] {processor.py:829} INFO - Processing file /home/felipe/airflow/dags/utils/saveCityAsCSV.py for tasks to queue
[2024-01-14T17:39:38.928-0300] {logging_mixin.py:154} INFO - [2024-01-14T17:39:38.928-0300] {dagbag.py:536} INFO - Filling up the DagBag from /home/felipe/airflow/dags/utils/saveCityAsCSV.py
[2024-01-14T17:39:39.190-0300] {processor.py:841} WARNING - No viable dags retrieved from /home/felipe/airflow/dags/utils/saveCityAsCSV.py
[2024-01-14T17:39:39.193-0300] {processor.py:179} INFO - Processing /home/felipe/airflow/dags/utils/saveCityAsCSV.py took 0.300 seconds
[2024-01-14T17:40:34.222-0300] {processor.py:157} INFO - Started process (PID=29428) to work on /home/felipe/airflow/dags/utils/saveCityAsCSV.py
[2024-01-14T17:40:34.254-0300] {processor.py:829} INFO - Processing file /home/felipe/airflow/dags/utils/saveCityAsCSV.py for tasks to queue
[2024-01-14T17:40:34.255-0300] {logging_mixin.py:154} INFO - [2024-01-14T17:40:34.254-0300] {dagbag.py:536} INFO - Filling up the DagBag from /home/felipe/airflow/dags/utils/saveCityAsCSV.py
[2024-01-14T17:40:34.505-0300] {processor.py:841} WARNING - No viable dags retrieved from /home/felipe/airflow/dags/utils/saveCityAsCSV.py
[2024-01-14T17:40:34.509-0300] {processor.py:179} INFO - Processing /home/felipe/airflow/dags/utils/saveCityAsCSV.py took 0.290 seconds
[2024-01-14T17:41:29.671-0300] {processor.py:157} INFO - Started process (PID=29554) to work on /home/felipe/airflow/dags/utils/saveCityAsCSV.py
[2024-01-14T17:41:29.703-0300] {processor.py:829} INFO - Processing file /home/felipe/airflow/dags/utils/saveCityAsCSV.py for tasks to queue
[2024-01-14T17:41:29.703-0300] {logging_mixin.py:154} INFO - [2024-01-14T17:41:29.703-0300] {dagbag.py:536} INFO - Filling up the DagBag from /home/felipe/airflow/dags/utils/saveCityAsCSV.py
[2024-01-14T17:41:29.964-0300] {processor.py:841} WARNING - No viable dags retrieved from /home/felipe/airflow/dags/utils/saveCityAsCSV.py
[2024-01-14T17:41:29.967-0300] {processor.py:179} INFO - Processing /home/felipe/airflow/dags/utils/saveCityAsCSV.py took 0.299 seconds
[2024-01-14T17:42:24.274-0300] {processor.py:157} INFO - Started process (PID=29649) to work on /home/felipe/airflow/dags/utils/saveCityAsCSV.py
[2024-01-14T17:42:24.306-0300] {processor.py:829} INFO - Processing file /home/felipe/airflow/dags/utils/saveCityAsCSV.py for tasks to queue
[2024-01-14T17:42:24.307-0300] {logging_mixin.py:154} INFO - [2024-01-14T17:42:24.306-0300] {dagbag.py:536} INFO - Filling up the DagBag from /home/felipe/airflow/dags/utils/saveCityAsCSV.py
[2024-01-14T17:42:24.565-0300] {processor.py:841} WARNING - No viable dags retrieved from /home/felipe/airflow/dags/utils/saveCityAsCSV.py
[2024-01-14T17:42:24.569-0300] {processor.py:179} INFO - Processing /home/felipe/airflow/dags/utils/saveCityAsCSV.py took 0.297 seconds
[2024-01-14T17:43:19.127-0300] {processor.py:157} INFO - Started process (PID=29762) to work on /home/felipe/airflow/dags/utils/saveCityAsCSV.py
[2024-01-14T17:43:19.159-0300] {processor.py:829} INFO - Processing file /home/felipe/airflow/dags/utils/saveCityAsCSV.py for tasks to queue
[2024-01-14T17:43:19.160-0300] {logging_mixin.py:154} INFO - [2024-01-14T17:43:19.159-0300] {dagbag.py:536} INFO - Filling up the DagBag from /home/felipe/airflow/dags/utils/saveCityAsCSV.py
[2024-01-14T17:43:19.419-0300] {processor.py:841} WARNING - No viable dags retrieved from /home/felipe/airflow/dags/utils/saveCityAsCSV.py
[2024-01-14T17:43:19.423-0300] {processor.py:179} INFO - Processing /home/felipe/airflow/dags/utils/saveCityAsCSV.py took 0.299 seconds
[2024-01-14T17:44:15.921-0300] {processor.py:157} INFO - Started process (PID=29872) to work on /home/felipe/airflow/dags/utils/saveCityAsCSV.py
[2024-01-14T17:44:15.922-0300] {processor.py:829} INFO - Processing file /home/felipe/airflow/dags/utils/saveCityAsCSV.py for tasks to queue
[2024-01-14T17:44:15.922-0300] {logging_mixin.py:154} INFO - [2024-01-14T17:44:15.922-0300] {dagbag.py:536} INFO - Filling up the DagBag from /home/felipe/airflow/dags/utils/saveCityAsCSV.py
[2024-01-14T17:44:16.199-0300] {processor.py:841} WARNING - No viable dags retrieved from /home/felipe/airflow/dags/utils/saveCityAsCSV.py
[2024-01-14T17:44:16.203-0300] {processor.py:179} INFO - Processing /home/felipe/airflow/dags/utils/saveCityAsCSV.py took 0.284 seconds
[2024-01-14T17:45:11.490-0300] {processor.py:157} INFO - Started process (PID=29978) to work on /home/felipe/airflow/dags/utils/saveCityAsCSV.py
[2024-01-14T17:45:11.534-0300] {processor.py:829} INFO - Processing file /home/felipe/airflow/dags/utils/saveCityAsCSV.py for tasks to queue
[2024-01-14T17:45:11.535-0300] {logging_mixin.py:154} INFO - [2024-01-14T17:45:11.534-0300] {dagbag.py:536} INFO - Filling up the DagBag from /home/felipe/airflow/dags/utils/saveCityAsCSV.py
[2024-01-14T17:45:11.812-0300] {processor.py:841} WARNING - No viable dags retrieved from /home/felipe/airflow/dags/utils/saveCityAsCSV.py
[2024-01-14T17:45:11.819-0300] {processor.py:179} INFO - Processing /home/felipe/airflow/dags/utils/saveCityAsCSV.py took 0.331 seconds
[2024-01-14T17:46:18.627-0300] {processor.py:157} INFO - Started process (PID=30123) to work on /home/felipe/airflow/dags/utils/saveCityAsCSV.py
[2024-01-14T17:46:18.659-0300] {processor.py:829} INFO - Processing file /home/felipe/airflow/dags/utils/saveCityAsCSV.py for tasks to queue
[2024-01-14T17:46:18.660-0300] {logging_mixin.py:154} INFO - [2024-01-14T17:46:18.660-0300] {dagbag.py:536} INFO - Filling up the DagBag from /home/felipe/airflow/dags/utils/saveCityAsCSV.py
[2024-01-14T17:46:18.922-0300] {processor.py:841} WARNING - No viable dags retrieved from /home/felipe/airflow/dags/utils/saveCityAsCSV.py
[2024-01-14T17:46:18.926-0300] {processor.py:179} INFO - Processing /home/felipe/airflow/dags/utils/saveCityAsCSV.py took 0.301 seconds
[2024-01-14T17:50:38.605-0300] {processor.py:157} INFO - Started process (PID=30559) to work on /home/felipe/airflow/dags/utils/saveCityAsCSV.py
[2024-01-14T17:50:38.605-0300] {processor.py:829} INFO - Processing file /home/felipe/airflow/dags/utils/saveCityAsCSV.py for tasks to queue
[2024-01-14T17:50:38.606-0300] {logging_mixin.py:154} INFO - [2024-01-14T17:50:38.606-0300] {dagbag.py:536} INFO - Filling up the DagBag from /home/felipe/airflow/dags/utils/saveCityAsCSV.py
[2024-01-14T17:50:38.810-0300] {processor.py:841} WARNING - No viable dags retrieved from /home/felipe/airflow/dags/utils/saveCityAsCSV.py
[2024-01-14T17:50:38.816-0300] {processor.py:179} INFO - Processing /home/felipe/airflow/dags/utils/saveCityAsCSV.py took 0.213 seconds
[2024-01-14T17:51:29.981-0300] {processor.py:157} INFO - Started process (PID=30695) to work on /home/felipe/airflow/dags/utils/saveCityAsCSV.py
[2024-01-14T17:51:30.013-0300] {processor.py:829} INFO - Processing file /home/felipe/airflow/dags/utils/saveCityAsCSV.py for tasks to queue
[2024-01-14T17:51:30.014-0300] {logging_mixin.py:154} INFO - [2024-01-14T17:51:30.014-0300] {dagbag.py:536} INFO - Filling up the DagBag from /home/felipe/airflow/dags/utils/saveCityAsCSV.py
[2024-01-14T17:51:30.176-0300] {processor.py:841} WARNING - No viable dags retrieved from /home/felipe/airflow/dags/utils/saveCityAsCSV.py
[2024-01-14T17:51:30.182-0300] {processor.py:179} INFO - Processing /home/felipe/airflow/dags/utils/saveCityAsCSV.py took 0.202 seconds
[2024-01-14T17:52:22.298-0300] {processor.py:157} INFO - Started process (PID=30802) to work on /home/felipe/airflow/dags/utils/saveCityAsCSV.py
[2024-01-14T17:52:22.330-0300] {processor.py:829} INFO - Processing file /home/felipe/airflow/dags/utils/saveCityAsCSV.py for tasks to queue
[2024-01-14T17:52:22.330-0300] {logging_mixin.py:154} INFO - [2024-01-14T17:52:22.330-0300] {dagbag.py:536} INFO - Filling up the DagBag from /home/felipe/airflow/dags/utils/saveCityAsCSV.py
[2024-01-14T17:52:22.489-0300] {processor.py:841} WARNING - No viable dags retrieved from /home/felipe/airflow/dags/utils/saveCityAsCSV.py
[2024-01-14T17:52:22.494-0300] {processor.py:179} INFO - Processing /home/felipe/airflow/dags/utils/saveCityAsCSV.py took 0.198 seconds
[2024-01-14T17:53:20.401-0300] {processor.py:157} INFO - Started process (PID=30936) to work on /home/felipe/airflow/dags/utils/saveCityAsCSV.py
[2024-01-14T17:53:20.433-0300] {processor.py:829} INFO - Processing file /home/felipe/airflow/dags/utils/saveCityAsCSV.py for tasks to queue
[2024-01-14T17:53:20.434-0300] {logging_mixin.py:154} INFO - [2024-01-14T17:53:20.433-0300] {dagbag.py:536} INFO - Filling up the DagBag from /home/felipe/airflow/dags/utils/saveCityAsCSV.py
[2024-01-14T17:53:20.600-0300] {processor.py:841} WARNING - No viable dags retrieved from /home/felipe/airflow/dags/utils/saveCityAsCSV.py
[2024-01-14T17:53:20.606-0300] {processor.py:179} INFO - Processing /home/felipe/airflow/dags/utils/saveCityAsCSV.py took 0.207 seconds
[2024-01-14T17:54:14.282-0300] {processor.py:157} INFO - Started process (PID=31050) to work on /home/felipe/airflow/dags/utils/saveCityAsCSV.py
[2024-01-14T17:54:14.314-0300] {processor.py:829} INFO - Processing file /home/felipe/airflow/dags/utils/saveCityAsCSV.py for tasks to queue
[2024-01-14T17:54:14.315-0300] {logging_mixin.py:154} INFO - [2024-01-14T17:54:14.315-0300] {dagbag.py:536} INFO - Filling up the DagBag from /home/felipe/airflow/dags/utils/saveCityAsCSV.py
[2024-01-14T17:54:14.480-0300] {processor.py:841} WARNING - No viable dags retrieved from /home/felipe/airflow/dags/utils/saveCityAsCSV.py
[2024-01-14T17:54:14.486-0300] {processor.py:179} INFO - Processing /home/felipe/airflow/dags/utils/saveCityAsCSV.py took 0.206 seconds
[2024-01-14T17:55:08.778-0300] {processor.py:157} INFO - Started process (PID=31165) to work on /home/felipe/airflow/dags/utils/saveCityAsCSV.py
[2024-01-14T17:55:08.810-0300] {processor.py:829} INFO - Processing file /home/felipe/airflow/dags/utils/saveCityAsCSV.py for tasks to queue
[2024-01-14T17:55:08.810-0300] {logging_mixin.py:154} INFO - [2024-01-14T17:55:08.810-0300] {dagbag.py:536} INFO - Filling up the DagBag from /home/felipe/airflow/dags/utils/saveCityAsCSV.py
[2024-01-14T17:55:08.975-0300] {processor.py:841} WARNING - No viable dags retrieved from /home/felipe/airflow/dags/utils/saveCityAsCSV.py
[2024-01-14T17:55:08.981-0300] {processor.py:179} INFO - Processing /home/felipe/airflow/dags/utils/saveCityAsCSV.py took 0.205 seconds
[2024-01-14T17:56:07.449-0300] {processor.py:157} INFO - Started process (PID=31291) to work on /home/felipe/airflow/dags/utils/saveCityAsCSV.py
[2024-01-14T17:56:07.470-0300] {processor.py:829} INFO - Processing file /home/felipe/airflow/dags/utils/saveCityAsCSV.py for tasks to queue
[2024-01-14T17:56:07.470-0300] {logging_mixin.py:154} INFO - [2024-01-14T17:56:07.470-0300] {dagbag.py:536} INFO - Filling up the DagBag from /home/felipe/airflow/dags/utils/saveCityAsCSV.py
[2024-01-14T17:56:07.637-0300] {processor.py:841} WARNING - No viable dags retrieved from /home/felipe/airflow/dags/utils/saveCityAsCSV.py
[2024-01-14T17:56:07.643-0300] {processor.py:179} INFO - Processing /home/felipe/airflow/dags/utils/saveCityAsCSV.py took 0.196 seconds
[2024-01-14T17:57:05.893-0300] {processor.py:157} INFO - Started process (PID=31423) to work on /home/felipe/airflow/dags/utils/saveCityAsCSV.py
[2024-01-14T17:57:05.925-0300] {processor.py:829} INFO - Processing file /home/felipe/airflow/dags/utils/saveCityAsCSV.py for tasks to queue
[2024-01-14T17:57:05.926-0300] {logging_mixin.py:154} INFO - [2024-01-14T17:57:05.926-0300] {dagbag.py:536} INFO - Filling up the DagBag from /home/felipe/airflow/dags/utils/saveCityAsCSV.py
[2024-01-14T17:57:06.191-0300] {processor.py:841} WARNING - No viable dags retrieved from /home/felipe/airflow/dags/utils/saveCityAsCSV.py
[2024-01-14T17:57:06.194-0300] {processor.py:179} INFO - Processing /home/felipe/airflow/dags/utils/saveCityAsCSV.py took 0.303 seconds
[2024-01-14T17:58:00.229-0300] {processor.py:157} INFO - Started process (PID=31537) to work on /home/felipe/airflow/dags/utils/saveCityAsCSV.py
[2024-01-14T17:58:00.295-0300] {processor.py:829} INFO - Processing file /home/felipe/airflow/dags/utils/saveCityAsCSV.py for tasks to queue
[2024-01-14T17:58:00.296-0300] {logging_mixin.py:154} INFO - [2024-01-14T17:58:00.295-0300] {dagbag.py:536} INFO - Filling up the DagBag from /home/felipe/airflow/dags/utils/saveCityAsCSV.py
[2024-01-14T17:58:00.457-0300] {processor.py:841} WARNING - No viable dags retrieved from /home/felipe/airflow/dags/utils/saveCityAsCSV.py
[2024-01-14T17:58:00.463-0300] {processor.py:179} INFO - Processing /home/felipe/airflow/dags/utils/saveCityAsCSV.py took 0.235 seconds
[2024-01-14T17:58:37.151-0300] {processor.py:157} INFO - Started process (PID=31635) to work on /home/felipe/airflow/dags/utils/saveCityAsCSV.py
[2024-01-14T17:58:37.183-0300] {processor.py:829} INFO - Processing file /home/felipe/airflow/dags/utils/saveCityAsCSV.py for tasks to queue
[2024-01-14T17:58:37.184-0300] {logging_mixin.py:154} INFO - [2024-01-14T17:58:37.184-0300] {dagbag.py:536} INFO - Filling up the DagBag from /home/felipe/airflow/dags/utils/saveCityAsCSV.py
[2024-01-14T17:58:37.436-0300] {processor.py:841} WARNING - No viable dags retrieved from /home/felipe/airflow/dags/utils/saveCityAsCSV.py
[2024-01-14T17:58:37.440-0300] {processor.py:179} INFO - Processing /home/felipe/airflow/dags/utils/saveCityAsCSV.py took 0.291 seconds
[2024-01-14T17:59:44.167-0300] {processor.py:157} INFO - Started process (PID=31772) to work on /home/felipe/airflow/dags/utils/saveCityAsCSV.py
[2024-01-14T17:59:44.200-0300] {processor.py:829} INFO - Processing file /home/felipe/airflow/dags/utils/saveCityAsCSV.py for tasks to queue
[2024-01-14T17:59:44.200-0300] {logging_mixin.py:154} INFO - [2024-01-14T17:59:44.200-0300] {dagbag.py:536} INFO - Filling up the DagBag from /home/felipe/airflow/dags/utils/saveCityAsCSV.py
[2024-01-14T17:59:44.364-0300] {processor.py:841} WARNING - No viable dags retrieved from /home/felipe/airflow/dags/utils/saveCityAsCSV.py
[2024-01-14T17:59:44.370-0300] {processor.py:179} INFO - Processing /home/felipe/airflow/dags/utils/saveCityAsCSV.py took 0.205 seconds
[2024-01-14T18:00:17.861-0300] {processor.py:157} INFO - Started process (PID=31850) to work on /home/felipe/airflow/dags/utils/saveCityAsCSV.py
[2024-01-14T18:00:17.893-0300] {processor.py:829} INFO - Processing file /home/felipe/airflow/dags/utils/saveCityAsCSV.py for tasks to queue
[2024-01-14T18:00:17.894-0300] {logging_mixin.py:154} INFO - [2024-01-14T18:00:17.893-0300] {dagbag.py:536} INFO - Filling up the DagBag from /home/felipe/airflow/dags/utils/saveCityAsCSV.py
[2024-01-14T18:00:18.150-0300] {processor.py:841} WARNING - No viable dags retrieved from /home/felipe/airflow/dags/utils/saveCityAsCSV.py
[2024-01-14T18:00:18.153-0300] {processor.py:179} INFO - Processing /home/felipe/airflow/dags/utils/saveCityAsCSV.py took 0.294 seconds
[2024-01-14T18:01:13.422-0300] {processor.py:157} INFO - Started process (PID=31972) to work on /home/felipe/airflow/dags/utils/saveCityAsCSV.py
[2024-01-14T18:01:13.470-0300] {processor.py:829} INFO - Processing file /home/felipe/airflow/dags/utils/saveCityAsCSV.py for tasks to queue
[2024-01-14T18:01:13.470-0300] {logging_mixin.py:154} INFO - [2024-01-14T18:01:13.470-0300] {dagbag.py:536} INFO - Filling up the DagBag from /home/felipe/airflow/dags/utils/saveCityAsCSV.py
[2024-01-14T18:01:13.727-0300] {processor.py:841} WARNING - No viable dags retrieved from /home/felipe/airflow/dags/utils/saveCityAsCSV.py
[2024-01-14T18:01:13.731-0300] {processor.py:179} INFO - Processing /home/felipe/airflow/dags/utils/saveCityAsCSV.py took 0.311 seconds
[2024-01-14T18:02:10.713-0300] {processor.py:157} INFO - Started process (PID=32291) to work on /home/felipe/airflow/dags/utils/saveCityAsCSV.py
[2024-01-14T18:02:10.713-0300] {processor.py:829} INFO - Processing file /home/felipe/airflow/dags/utils/saveCityAsCSV.py for tasks to queue
[2024-01-14T18:02:10.714-0300] {logging_mixin.py:154} INFO - [2024-01-14T18:02:10.713-0300] {dagbag.py:536} INFO - Filling up the DagBag from /home/felipe/airflow/dags/utils/saveCityAsCSV.py
[2024-01-14T18:02:11.006-0300] {processor.py:841} WARNING - No viable dags retrieved from /home/felipe/airflow/dags/utils/saveCityAsCSV.py
[2024-01-14T18:02:11.010-0300] {processor.py:179} INFO - Processing /home/felipe/airflow/dags/utils/saveCityAsCSV.py took 0.299 seconds
[2024-01-14T18:03:09.906-0300] {processor.py:157} INFO - Started process (PID=32666) to work on /home/felipe/airflow/dags/utils/saveCityAsCSV.py
[2024-01-14T18:03:09.908-0300] {processor.py:829} INFO - Processing file /home/felipe/airflow/dags/utils/saveCityAsCSV.py for tasks to queue
[2024-01-14T18:03:09.909-0300] {logging_mixin.py:154} INFO - [2024-01-14T18:03:09.908-0300] {dagbag.py:536} INFO - Filling up the DagBag from /home/felipe/airflow/dags/utils/saveCityAsCSV.py
[2024-01-14T18:03:10.179-0300] {processor.py:841} WARNING - No viable dags retrieved from /home/felipe/airflow/dags/utils/saveCityAsCSV.py
[2024-01-14T18:03:10.183-0300] {processor.py:179} INFO - Processing /home/felipe/airflow/dags/utils/saveCityAsCSV.py took 0.279 seconds
[2024-01-14T18:04:04.906-0300] {processor.py:157} INFO - Started process (PID=32808) to work on /home/felipe/airflow/dags/utils/saveCityAsCSV.py
[2024-01-14T18:04:04.938-0300] {processor.py:829} INFO - Processing file /home/felipe/airflow/dags/utils/saveCityAsCSV.py for tasks to queue
[2024-01-14T18:04:04.939-0300] {logging_mixin.py:154} INFO - [2024-01-14T18:04:04.939-0300] {dagbag.py:536} INFO - Filling up the DagBag from /home/felipe/airflow/dags/utils/saveCityAsCSV.py
[2024-01-14T18:04:05.229-0300] {processor.py:841} WARNING - No viable dags retrieved from /home/felipe/airflow/dags/utils/saveCityAsCSV.py
[2024-01-14T18:04:05.232-0300] {processor.py:179} INFO - Processing /home/felipe/airflow/dags/utils/saveCityAsCSV.py took 0.329 seconds
[2024-01-14T18:04:57.927-0300] {processor.py:157} INFO - Started process (PID=32931) to work on /home/felipe/airflow/dags/utils/saveCityAsCSV.py
[2024-01-14T18:04:57.960-0300] {processor.py:829} INFO - Processing file /home/felipe/airflow/dags/utils/saveCityAsCSV.py for tasks to queue
[2024-01-14T18:04:57.960-0300] {logging_mixin.py:154} INFO - [2024-01-14T18:04:57.960-0300] {dagbag.py:536} INFO - Filling up the DagBag from /home/felipe/airflow/dags/utils/saveCityAsCSV.py
[2024-01-14T18:04:58.246-0300] {processor.py:841} WARNING - No viable dags retrieved from /home/felipe/airflow/dags/utils/saveCityAsCSV.py
[2024-01-14T18:04:58.250-0300] {processor.py:179} INFO - Processing /home/felipe/airflow/dags/utils/saveCityAsCSV.py took 0.325 seconds
[2024-01-14T18:05:57.631-0300] {processor.py:157} INFO - Started process (PID=33096) to work on /home/felipe/airflow/dags/utils/saveCityAsCSV.py
[2024-01-14T18:05:57.632-0300] {processor.py:829} INFO - Processing file /home/felipe/airflow/dags/utils/saveCityAsCSV.py for tasks to queue
[2024-01-14T18:05:57.632-0300] {logging_mixin.py:154} INFO - [2024-01-14T18:05:57.632-0300] {dagbag.py:536} INFO - Filling up the DagBag from /home/felipe/airflow/dags/utils/saveCityAsCSV.py
[2024-01-14T18:05:57.908-0300] {processor.py:841} WARNING - No viable dags retrieved from /home/felipe/airflow/dags/utils/saveCityAsCSV.py
[2024-01-14T18:05:57.912-0300] {processor.py:179} INFO - Processing /home/felipe/airflow/dags/utils/saveCityAsCSV.py took 0.284 seconds
[2024-01-14T18:06:52.064-0300] {processor.py:157} INFO - Started process (PID=33218) to work on /home/felipe/airflow/dags/utils/saveCityAsCSV.py
[2024-01-14T18:06:52.104-0300] {processor.py:829} INFO - Processing file /home/felipe/airflow/dags/utils/saveCityAsCSV.py for tasks to queue
[2024-01-14T18:06:52.105-0300] {logging_mixin.py:154} INFO - [2024-01-14T18:06:52.105-0300] {dagbag.py:536} INFO - Filling up the DagBag from /home/felipe/airflow/dags/utils/saveCityAsCSV.py
[2024-01-14T18:06:52.401-0300] {processor.py:841} WARNING - No viable dags retrieved from /home/felipe/airflow/dags/utils/saveCityAsCSV.py
[2024-01-14T18:06:52.405-0300] {processor.py:179} INFO - Processing /home/felipe/airflow/dags/utils/saveCityAsCSV.py took 0.343 seconds
[2024-01-14T18:07:47.520-0300] {processor.py:157} INFO - Started process (PID=33344) to work on /home/felipe/airflow/dags/utils/saveCityAsCSV.py
[2024-01-14T18:07:47.552-0300] {processor.py:829} INFO - Processing file /home/felipe/airflow/dags/utils/saveCityAsCSV.py for tasks to queue
[2024-01-14T18:07:47.553-0300] {logging_mixin.py:154} INFO - [2024-01-14T18:07:47.553-0300] {dagbag.py:536} INFO - Filling up the DagBag from /home/felipe/airflow/dags/utils/saveCityAsCSV.py
[2024-01-14T18:07:47.842-0300] {processor.py:841} WARNING - No viable dags retrieved from /home/felipe/airflow/dags/utils/saveCityAsCSV.py
[2024-01-14T18:07:47.846-0300] {processor.py:179} INFO - Processing /home/felipe/airflow/dags/utils/saveCityAsCSV.py took 0.329 seconds
[2024-01-14T18:08:47.280-0300] {processor.py:157} INFO - Started process (PID=33522) to work on /home/felipe/airflow/dags/utils/saveCityAsCSV.py
[2024-01-14T18:08:47.312-0300] {processor.py:829} INFO - Processing file /home/felipe/airflow/dags/utils/saveCityAsCSV.py for tasks to queue
[2024-01-14T18:08:47.313-0300] {logging_mixin.py:154} INFO - [2024-01-14T18:08:47.313-0300] {dagbag.py:536} INFO - Filling up the DagBag from /home/felipe/airflow/dags/utils/saveCityAsCSV.py
[2024-01-14T18:08:47.602-0300] {processor.py:841} WARNING - No viable dags retrieved from /home/felipe/airflow/dags/utils/saveCityAsCSV.py
[2024-01-14T18:08:47.605-0300] {processor.py:179} INFO - Processing /home/felipe/airflow/dags/utils/saveCityAsCSV.py took 0.327 seconds
[2024-01-14T18:09:42.630-0300] {processor.py:157} INFO - Started process (PID=33655) to work on /home/felipe/airflow/dags/utils/saveCityAsCSV.py
[2024-01-14T18:09:42.630-0300] {processor.py:829} INFO - Processing file /home/felipe/airflow/dags/utils/saveCityAsCSV.py for tasks to queue
[2024-01-14T18:09:42.631-0300] {logging_mixin.py:154} INFO - [2024-01-14T18:09:42.631-0300] {dagbag.py:536} INFO - Filling up the DagBag from /home/felipe/airflow/dags/utils/saveCityAsCSV.py
[2024-01-14T18:09:42.914-0300] {processor.py:841} WARNING - No viable dags retrieved from /home/felipe/airflow/dags/utils/saveCityAsCSV.py
[2024-01-14T18:09:42.918-0300] {processor.py:179} INFO - Processing /home/felipe/airflow/dags/utils/saveCityAsCSV.py took 0.291 seconds
[2024-01-14T18:10:38.412-0300] {processor.py:157} INFO - Started process (PID=33795) to work on /home/felipe/airflow/dags/utils/saveCityAsCSV.py
[2024-01-14T18:10:38.444-0300] {processor.py:829} INFO - Processing file /home/felipe/airflow/dags/utils/saveCityAsCSV.py for tasks to queue
[2024-01-14T18:10:38.445-0300] {logging_mixin.py:154} INFO - [2024-01-14T18:10:38.444-0300] {dagbag.py:536} INFO - Filling up the DagBag from /home/felipe/airflow/dags/utils/saveCityAsCSV.py
[2024-01-14T18:10:38.735-0300] {processor.py:841} WARNING - No viable dags retrieved from /home/felipe/airflow/dags/utils/saveCityAsCSV.py
[2024-01-14T18:10:38.739-0300] {processor.py:179} INFO - Processing /home/felipe/airflow/dags/utils/saveCityAsCSV.py took 0.329 seconds
[2024-01-14T18:11:38.364-0300] {processor.py:157} INFO - Started process (PID=33939) to work on /home/felipe/airflow/dags/utils/saveCityAsCSV.py
[2024-01-14T18:11:38.364-0300] {processor.py:829} INFO - Processing file /home/felipe/airflow/dags/utils/saveCityAsCSV.py for tasks to queue
[2024-01-14T18:11:38.365-0300] {logging_mixin.py:154} INFO - [2024-01-14T18:11:38.365-0300] {dagbag.py:536} INFO - Filling up the DagBag from /home/felipe/airflow/dags/utils/saveCityAsCSV.py
[2024-01-14T18:11:38.661-0300] {processor.py:841} WARNING - No viable dags retrieved from /home/felipe/airflow/dags/utils/saveCityAsCSV.py
[2024-01-14T18:11:38.665-0300] {processor.py:179} INFO - Processing /home/felipe/airflow/dags/utils/saveCityAsCSV.py took 0.303 seconds
[2024-01-14T18:12:36.111-0300] {processor.py:157} INFO - Started process (PID=34139) to work on /home/felipe/airflow/dags/utils/saveCityAsCSV.py
[2024-01-14T18:12:36.112-0300] {processor.py:829} INFO - Processing file /home/felipe/airflow/dags/utils/saveCityAsCSV.py for tasks to queue
[2024-01-14T18:12:36.113-0300] {logging_mixin.py:154} INFO - [2024-01-14T18:12:36.112-0300] {dagbag.py:536} INFO - Filling up the DagBag from /home/felipe/airflow/dags/utils/saveCityAsCSV.py
[2024-01-14T18:12:36.414-0300] {processor.py:841} WARNING - No viable dags retrieved from /home/felipe/airflow/dags/utils/saveCityAsCSV.py
[2024-01-14T18:12:36.417-0300] {processor.py:179} INFO - Processing /home/felipe/airflow/dags/utils/saveCityAsCSV.py took 0.309 seconds
[2024-01-14T18:13:27.103-0300] {processor.py:157} INFO - Started process (PID=34280) to work on /home/felipe/airflow/dags/utils/saveCityAsCSV.py
[2024-01-14T18:13:27.136-0300] {processor.py:829} INFO - Processing file /home/felipe/airflow/dags/utils/saveCityAsCSV.py for tasks to queue
[2024-01-14T18:13:27.136-0300] {logging_mixin.py:154} INFO - [2024-01-14T18:13:27.136-0300] {dagbag.py:536} INFO - Filling up the DagBag from /home/felipe/airflow/dags/utils/saveCityAsCSV.py
[2024-01-14T18:13:27.411-0300] {processor.py:841} WARNING - No viable dags retrieved from /home/felipe/airflow/dags/utils/saveCityAsCSV.py
[2024-01-14T18:13:27.415-0300] {processor.py:179} INFO - Processing /home/felipe/airflow/dags/utils/saveCityAsCSV.py took 0.313 seconds
