[2024-01-14T16:17:31.091-0300] {processor.py:157} INFO - Started process (PID=18345) to work on /home/felipe/airflow/dags/utils/upload.py
[2024-01-14T16:17:31.091-0300] {processor.py:829} INFO - Processing file /home/felipe/airflow/dags/utils/upload.py for tasks to queue
[2024-01-14T16:17:31.092-0300] {logging_mixin.py:154} INFO - [2024-01-14T16:17:31.091-0300] {dagbag.py:536} INFO - Filling up the DagBag from /home/felipe/airflow/dags/utils/upload.py
[2024-01-14T16:17:31.093-0300] {processor.py:841} WARNING - No viable dags retrieved from /home/felipe/airflow/dags/utils/upload.py
[2024-01-14T16:17:31.099-0300] {processor.py:179} INFO - Processing /home/felipe/airflow/dags/utils/upload.py took 0.011 seconds
[2024-01-14T16:18:19.268-0300] {processor.py:157} INFO - Started process (PID=18464) to work on /home/felipe/airflow/dags/utils/upload.py
[2024-01-14T16:18:19.300-0300] {processor.py:829} INFO - Processing file /home/felipe/airflow/dags/utils/upload.py for tasks to queue
[2024-01-14T16:18:19.300-0300] {logging_mixin.py:154} INFO - [2024-01-14T16:18:19.300-0300] {dagbag.py:536} INFO - Filling up the DagBag from /home/felipe/airflow/dags/utils/upload.py
[2024-01-14T16:18:19.302-0300] {processor.py:841} WARNING - No viable dags retrieved from /home/felipe/airflow/dags/utils/upload.py
[2024-01-14T16:18:19.308-0300] {processor.py:179} INFO - Processing /home/felipe/airflow/dags/utils/upload.py took 0.043 seconds
[2024-01-14T16:18:59.054-0300] {processor.py:157} INFO - Started process (PID=18572) to work on /home/felipe/airflow/dags/utils/upload.py
[2024-01-14T16:18:59.086-0300] {processor.py:829} INFO - Processing file /home/felipe/airflow/dags/utils/upload.py for tasks to queue
[2024-01-14T16:18:59.087-0300] {logging_mixin.py:154} INFO - [2024-01-14T16:18:59.087-0300] {dagbag.py:536} INFO - Filling up the DagBag from /home/felipe/airflow/dags/utils/upload.py
[2024-01-14T16:18:59.088-0300] {processor.py:841} WARNING - No viable dags retrieved from /home/felipe/airflow/dags/utils/upload.py
[2024-01-14T16:18:59.094-0300] {processor.py:179} INFO - Processing /home/felipe/airflow/dags/utils/upload.py took 0.042 seconds
[2024-01-14T16:19:55.748-0300] {processor.py:157} INFO - Started process (PID=18726) to work on /home/felipe/airflow/dags/utils/upload.py
[2024-01-14T16:19:55.807-0300] {processor.py:829} INFO - Processing file /home/felipe/airflow/dags/utils/upload.py for tasks to queue
[2024-01-14T16:19:55.808-0300] {logging_mixin.py:154} INFO - [2024-01-14T16:19:55.807-0300] {dagbag.py:536} INFO - Filling up the DagBag from /home/felipe/airflow/dags/utils/upload.py
[2024-01-14T16:19:55.809-0300] {processor.py:841} WARNING - No viable dags retrieved from /home/felipe/airflow/dags/utils/upload.py
[2024-01-14T16:19:55.816-0300] {processor.py:179} INFO - Processing /home/felipe/airflow/dags/utils/upload.py took 0.069 seconds
[2024-01-14T16:21:49.778-0300] {processor.py:157} INFO - Started process (PID=18968) to work on /home/felipe/airflow/dags/utils/upload.py
[2024-01-14T16:21:49.810-0300] {processor.py:829} INFO - Processing file /home/felipe/airflow/dags/utils/upload.py for tasks to queue
[2024-01-14T16:21:49.810-0300] {logging_mixin.py:154} INFO - [2024-01-14T16:21:49.810-0300] {dagbag.py:536} INFO - Filling up the DagBag from /home/felipe/airflow/dags/utils/upload.py
[2024-01-14T16:21:49.811-0300] {processor.py:841} WARNING - No viable dags retrieved from /home/felipe/airflow/dags/utils/upload.py
[2024-01-14T16:21:49.817-0300] {processor.py:179} INFO - Processing /home/felipe/airflow/dags/utils/upload.py took 0.041 seconds
[2024-01-14T16:23:38.997-0300] {processor.py:157} INFO - Started process (PID=19197) to work on /home/felipe/airflow/dags/utils/upload.py
[2024-01-14T16:23:39.029-0300] {processor.py:829} INFO - Processing file /home/felipe/airflow/dags/utils/upload.py for tasks to queue
[2024-01-14T16:23:39.029-0300] {logging_mixin.py:154} INFO - [2024-01-14T16:23:39.029-0300] {dagbag.py:536} INFO - Filling up the DagBag from /home/felipe/airflow/dags/utils/upload.py
[2024-01-14T16:23:39.031-0300] {processor.py:841} WARNING - No viable dags retrieved from /home/felipe/airflow/dags/utils/upload.py
[2024-01-14T16:23:39.037-0300] {processor.py:179} INFO - Processing /home/felipe/airflow/dags/utils/upload.py took 0.042 seconds
[2024-01-14T16:25:40.271-0300] {processor.py:157} INFO - Started process (PID=19636) to work on /home/felipe/airflow/dags/utils/upload.py
[2024-01-14T16:25:40.303-0300] {processor.py:829} INFO - Processing file /home/felipe/airflow/dags/utils/upload.py for tasks to queue
[2024-01-14T16:25:40.304-0300] {logging_mixin.py:154} INFO - [2024-01-14T16:25:40.304-0300] {dagbag.py:536} INFO - Filling up the DagBag from /home/felipe/airflow/dags/utils/upload.py
[2024-01-14T16:25:40.305-0300] {processor.py:841} WARNING - No viable dags retrieved from /home/felipe/airflow/dags/utils/upload.py
[2024-01-14T16:25:40.311-0300] {processor.py:179} INFO - Processing /home/felipe/airflow/dags/utils/upload.py took 0.042 seconds
[2024-01-14T16:27:40.191-0300] {processor.py:157} INFO - Started process (PID=20357) to work on /home/felipe/airflow/dags/utils/upload.py
[2024-01-14T16:27:40.235-0300] {processor.py:829} INFO - Processing file /home/felipe/airflow/dags/utils/upload.py for tasks to queue
[2024-01-14T16:27:40.235-0300] {logging_mixin.py:154} INFO - [2024-01-14T16:27:40.235-0300] {dagbag.py:536} INFO - Filling up the DagBag from /home/felipe/airflow/dags/utils/upload.py
[2024-01-14T16:27:40.237-0300] {processor.py:841} WARNING - No viable dags retrieved from /home/felipe/airflow/dags/utils/upload.py
[2024-01-14T16:27:40.243-0300] {processor.py:179} INFO - Processing /home/felipe/airflow/dags/utils/upload.py took 0.055 seconds
[2024-01-14T16:29:44.612-0300] {processor.py:157} INFO - Started process (PID=20737) to work on /home/felipe/airflow/dags/utils/upload.py
[2024-01-14T16:29:44.644-0300] {processor.py:829} INFO - Processing file /home/felipe/airflow/dags/utils/upload.py for tasks to queue
[2024-01-14T16:29:44.645-0300] {logging_mixin.py:154} INFO - [2024-01-14T16:29:44.645-0300] {dagbag.py:536} INFO - Filling up the DagBag from /home/felipe/airflow/dags/utils/upload.py
[2024-01-14T16:29:44.646-0300] {processor.py:841} WARNING - No viable dags retrieved from /home/felipe/airflow/dags/utils/upload.py
[2024-01-14T16:29:44.652-0300] {processor.py:179} INFO - Processing /home/felipe/airflow/dags/utils/upload.py took 0.042 seconds
[2024-01-14T16:31:46.367-0300] {processor.py:157} INFO - Started process (PID=20999) to work on /home/felipe/airflow/dags/utils/upload.py
[2024-01-14T16:31:46.399-0300] {processor.py:829} INFO - Processing file /home/felipe/airflow/dags/utils/upload.py for tasks to queue
[2024-01-14T16:31:46.400-0300] {logging_mixin.py:154} INFO - [2024-01-14T16:31:46.399-0300] {dagbag.py:536} INFO - Filling up the DagBag from /home/felipe/airflow/dags/utils/upload.py
[2024-01-14T16:31:46.401-0300] {processor.py:841} WARNING - No viable dags retrieved from /home/felipe/airflow/dags/utils/upload.py
[2024-01-14T16:31:46.407-0300] {processor.py:179} INFO - Processing /home/felipe/airflow/dags/utils/upload.py took 0.042 seconds
[2024-01-14T16:33:45.449-0300] {processor.py:157} INFO - Started process (PID=21303) to work on /home/felipe/airflow/dags/utils/upload.py
[2024-01-14T16:33:45.481-0300] {processor.py:829} INFO - Processing file /home/felipe/airflow/dags/utils/upload.py for tasks to queue
[2024-01-14T16:33:45.482-0300] {logging_mixin.py:154} INFO - [2024-01-14T16:33:45.482-0300] {dagbag.py:536} INFO - Filling up the DagBag from /home/felipe/airflow/dags/utils/upload.py
[2024-01-14T16:33:45.483-0300] {processor.py:841} WARNING - No viable dags retrieved from /home/felipe/airflow/dags/utils/upload.py
[2024-01-14T16:33:45.489-0300] {processor.py:179} INFO - Processing /home/felipe/airflow/dags/utils/upload.py took 0.042 seconds
[2024-01-14T16:34:30.850-0300] {processor.py:157} INFO - Started process (PID=21402) to work on /home/felipe/airflow/dags/utils/upload.py
[2024-01-14T16:34:30.882-0300] {processor.py:829} INFO - Processing file /home/felipe/airflow/dags/utils/upload.py for tasks to queue
[2024-01-14T16:34:30.882-0300] {logging_mixin.py:154} INFO - [2024-01-14T16:34:30.882-0300] {dagbag.py:536} INFO - Filling up the DagBag from /home/felipe/airflow/dags/utils/upload.py
[2024-01-14T16:34:30.884-0300] {processor.py:841} WARNING - No viable dags retrieved from /home/felipe/airflow/dags/utils/upload.py
[2024-01-14T16:34:30.890-0300] {processor.py:179} INFO - Processing /home/felipe/airflow/dags/utils/upload.py took 0.042 seconds
[2024-01-14T16:36:49.403-0300] {processor.py:157} INFO - Started process (PID=21623) to work on /home/felipe/airflow/dags/utils/upload.py
[2024-01-14T16:36:49.435-0300] {processor.py:829} INFO - Processing file /home/felipe/airflow/dags/utils/upload.py for tasks to queue
[2024-01-14T16:36:49.435-0300] {logging_mixin.py:154} INFO - [2024-01-14T16:36:49.435-0300] {dagbag.py:536} INFO - Filling up the DagBag from /home/felipe/airflow/dags/utils/upload.py
[2024-01-14T16:36:49.437-0300] {processor.py:841} WARNING - No viable dags retrieved from /home/felipe/airflow/dags/utils/upload.py
[2024-01-14T16:36:49.442-0300] {processor.py:179} INFO - Processing /home/felipe/airflow/dags/utils/upload.py took 0.042 seconds
[2024-01-14T16:37:50.491-0300] {processor.py:157} INFO - Started process (PID=21744) to work on /home/felipe/airflow/dags/utils/upload.py
[2024-01-14T16:37:50.523-0300] {processor.py:829} INFO - Processing file /home/felipe/airflow/dags/utils/upload.py for tasks to queue
[2024-01-14T16:37:50.524-0300] {logging_mixin.py:154} INFO - [2024-01-14T16:37:50.524-0300] {dagbag.py:536} INFO - Filling up the DagBag from /home/felipe/airflow/dags/utils/upload.py
[2024-01-14T16:37:50.525-0300] {processor.py:841} WARNING - No viable dags retrieved from /home/felipe/airflow/dags/utils/upload.py
[2024-01-14T16:37:50.532-0300] {processor.py:179} INFO - Processing /home/felipe/airflow/dags/utils/upload.py took 0.043 seconds
[2024-01-14T16:38:52.881-0300] {processor.py:157} INFO - Started process (PID=21872) to work on /home/felipe/airflow/dags/utils/upload.py
[2024-01-14T16:38:52.913-0300] {processor.py:829} INFO - Processing file /home/felipe/airflow/dags/utils/upload.py for tasks to queue
[2024-01-14T16:38:52.914-0300] {logging_mixin.py:154} INFO - [2024-01-14T16:38:52.914-0300] {dagbag.py:536} INFO - Filling up the DagBag from /home/felipe/airflow/dags/utils/upload.py
[2024-01-14T16:38:52.915-0300] {processor.py:841} WARNING - No viable dags retrieved from /home/felipe/airflow/dags/utils/upload.py
[2024-01-14T16:38:52.923-0300] {processor.py:179} INFO - Processing /home/felipe/airflow/dags/utils/upload.py took 0.043 seconds
[2024-01-14T16:39:39.641-0300] {processor.py:157} INFO - Started process (PID=22056) to work on /home/felipe/airflow/dags/utils/upload.py
[2024-01-14T16:39:39.674-0300] {processor.py:829} INFO - Processing file /home/felipe/airflow/dags/utils/upload.py for tasks to queue
[2024-01-14T16:39:39.674-0300] {logging_mixin.py:154} INFO - [2024-01-14T16:39:39.674-0300] {dagbag.py:536} INFO - Filling up the DagBag from /home/felipe/airflow/dags/utils/upload.py
[2024-01-14T16:39:39.675-0300] {processor.py:841} WARNING - No viable dags retrieved from /home/felipe/airflow/dags/utils/upload.py
[2024-01-14T16:39:39.682-0300] {processor.py:179} INFO - Processing /home/felipe/airflow/dags/utils/upload.py took 0.042 seconds
[2024-01-14T16:40:29.310-0300] {processor.py:157} INFO - Started process (PID=22228) to work on /home/felipe/airflow/dags/utils/upload.py
[2024-01-14T16:40:29.311-0300] {processor.py:829} INFO - Processing file /home/felipe/airflow/dags/utils/upload.py for tasks to queue
[2024-01-14T16:40:29.311-0300] {logging_mixin.py:154} INFO - [2024-01-14T16:40:29.311-0300] {dagbag.py:536} INFO - Filling up the DagBag from /home/felipe/airflow/dags/utils/upload.py
[2024-01-14T16:40:29.312-0300] {processor.py:841} WARNING - No viable dags retrieved from /home/felipe/airflow/dags/utils/upload.py
[2024-01-14T16:40:29.320-0300] {processor.py:179} INFO - Processing /home/felipe/airflow/dags/utils/upload.py took 0.011 seconds
[2024-01-14T16:41:36.324-0300] {processor.py:157} INFO - Started process (PID=22404) to work on /home/felipe/airflow/dags/utils/upload.py
[2024-01-14T16:41:36.325-0300] {processor.py:829} INFO - Processing file /home/felipe/airflow/dags/utils/upload.py for tasks to queue
[2024-01-14T16:41:36.326-0300] {logging_mixin.py:154} INFO - [2024-01-14T16:41:36.325-0300] {dagbag.py:536} INFO - Filling up the DagBag from /home/felipe/airflow/dags/utils/upload.py
[2024-01-14T16:41:36.327-0300] {processor.py:841} WARNING - No viable dags retrieved from /home/felipe/airflow/dags/utils/upload.py
[2024-01-14T16:41:36.333-0300] {processor.py:179} INFO - Processing /home/felipe/airflow/dags/utils/upload.py took 0.011 seconds
[2024-01-14T16:42:32.053-0300] {processor.py:157} INFO - Started process (PID=22508) to work on /home/felipe/airflow/dags/utils/upload.py
[2024-01-14T16:42:32.059-0300] {processor.py:829} INFO - Processing file /home/felipe/airflow/dags/utils/upload.py for tasks to queue
[2024-01-14T16:42:32.060-0300] {logging_mixin.py:154} INFO - [2024-01-14T16:42:32.060-0300] {dagbag.py:536} INFO - Filling up the DagBag from /home/felipe/airflow/dags/utils/upload.py
[2024-01-14T16:42:32.061-0300] {processor.py:841} WARNING - No viable dags retrieved from /home/felipe/airflow/dags/utils/upload.py
[2024-01-14T16:42:32.067-0300] {processor.py:179} INFO - Processing /home/felipe/airflow/dags/utils/upload.py took 0.016 seconds
[2024-01-14T16:43:19.480-0300] {processor.py:157} INFO - Started process (PID=22626) to work on /home/felipe/airflow/dags/utils/upload.py
[2024-01-14T16:43:19.531-0300] {processor.py:829} INFO - Processing file /home/felipe/airflow/dags/utils/upload.py for tasks to queue
[2024-01-14T16:43:19.532-0300] {logging_mixin.py:154} INFO - [2024-01-14T16:43:19.532-0300] {dagbag.py:536} INFO - Filling up the DagBag from /home/felipe/airflow/dags/utils/upload.py
[2024-01-14T16:43:19.533-0300] {processor.py:841} WARNING - No viable dags retrieved from /home/felipe/airflow/dags/utils/upload.py
[2024-01-14T16:43:19.540-0300] {processor.py:179} INFO - Processing /home/felipe/airflow/dags/utils/upload.py took 0.063 seconds
[2024-01-14T16:44:24.184-0300] {processor.py:157} INFO - Started process (PID=22777) to work on /home/felipe/airflow/dags/utils/upload.py
[2024-01-14T16:44:24.190-0300] {processor.py:829} INFO - Processing file /home/felipe/airflow/dags/utils/upload.py for tasks to queue
[2024-01-14T16:44:24.191-0300] {logging_mixin.py:154} INFO - [2024-01-14T16:44:24.190-0300] {dagbag.py:536} INFO - Filling up the DagBag from /home/felipe/airflow/dags/utils/upload.py
[2024-01-14T16:44:24.192-0300] {processor.py:841} WARNING - No viable dags retrieved from /home/felipe/airflow/dags/utils/upload.py
[2024-01-14T16:44:24.198-0300] {processor.py:179} INFO - Processing /home/felipe/airflow/dags/utils/upload.py took 0.017 seconds
[2024-01-14T16:45:31.113-0300] {processor.py:157} INFO - Started process (PID=22932) to work on /home/felipe/airflow/dags/utils/upload.py
[2024-01-14T16:45:31.145-0300] {processor.py:829} INFO - Processing file /home/felipe/airflow/dags/utils/upload.py for tasks to queue
[2024-01-14T16:45:31.146-0300] {logging_mixin.py:154} INFO - [2024-01-14T16:45:31.146-0300] {dagbag.py:536} INFO - Filling up the DagBag from /home/felipe/airflow/dags/utils/upload.py
[2024-01-14T16:45:31.147-0300] {processor.py:841} WARNING - No viable dags retrieved from /home/felipe/airflow/dags/utils/upload.py
[2024-01-14T16:45:31.153-0300] {processor.py:179} INFO - Processing /home/felipe/airflow/dags/utils/upload.py took 0.042 seconds
[2024-01-14T16:46:17.378-0300] {processor.py:157} INFO - Started process (PID=23041) to work on /home/felipe/airflow/dags/utils/upload.py
[2024-01-14T16:46:17.410-0300] {processor.py:829} INFO - Processing file /home/felipe/airflow/dags/utils/upload.py for tasks to queue
[2024-01-14T16:46:17.411-0300] {logging_mixin.py:154} INFO - [2024-01-14T16:46:17.411-0300] {dagbag.py:536} INFO - Filling up the DagBag from /home/felipe/airflow/dags/utils/upload.py
[2024-01-14T16:46:17.412-0300] {processor.py:841} WARNING - No viable dags retrieved from /home/felipe/airflow/dags/utils/upload.py
[2024-01-14T16:46:17.418-0300] {processor.py:179} INFO - Processing /home/felipe/airflow/dags/utils/upload.py took 0.041 seconds
[2024-01-14T16:47:30.727-0300] {processor.py:157} INFO - Started process (PID=23320) to work on /home/felipe/airflow/dags/utils/upload.py
[2024-01-14T16:47:30.729-0300] {processor.py:829} INFO - Processing file /home/felipe/airflow/dags/utils/upload.py for tasks to queue
[2024-01-14T16:47:30.729-0300] {logging_mixin.py:154} INFO - [2024-01-14T16:47:30.729-0300] {dagbag.py:536} INFO - Filling up the DagBag from /home/felipe/airflow/dags/utils/upload.py
[2024-01-14T16:47:30.730-0300] {processor.py:841} WARNING - No viable dags retrieved from /home/felipe/airflow/dags/utils/upload.py
[2024-01-14T16:47:30.737-0300] {processor.py:179} INFO - Processing /home/felipe/airflow/dags/utils/upload.py took 0.012 seconds
[2024-01-14T16:48:17.750-0300] {processor.py:157} INFO - Started process (PID=23425) to work on /home/felipe/airflow/dags/utils/upload.py
[2024-01-14T16:48:17.782-0300] {processor.py:829} INFO - Processing file /home/felipe/airflow/dags/utils/upload.py for tasks to queue
[2024-01-14T16:48:17.782-0300] {logging_mixin.py:154} INFO - [2024-01-14T16:48:17.782-0300] {dagbag.py:536} INFO - Filling up the DagBag from /home/felipe/airflow/dags/utils/upload.py
[2024-01-14T16:48:17.784-0300] {processor.py:841} WARNING - No viable dags retrieved from /home/felipe/airflow/dags/utils/upload.py
[2024-01-14T16:48:17.791-0300] {processor.py:179} INFO - Processing /home/felipe/airflow/dags/utils/upload.py took 0.043 seconds
[2024-01-14T16:49:32.522-0300] {processor.py:157} INFO - Started process (PID=23670) to work on /home/felipe/airflow/dags/utils/upload.py
[2024-01-14T16:49:32.554-0300] {processor.py:829} INFO - Processing file /home/felipe/airflow/dags/utils/upload.py for tasks to queue
[2024-01-14T16:49:32.554-0300] {logging_mixin.py:154} INFO - [2024-01-14T16:49:32.554-0300] {dagbag.py:536} INFO - Filling up the DagBag from /home/felipe/airflow/dags/utils/upload.py
[2024-01-14T16:49:32.556-0300] {processor.py:841} WARNING - No viable dags retrieved from /home/felipe/airflow/dags/utils/upload.py
[2024-01-14T16:49:32.562-0300] {processor.py:179} INFO - Processing /home/felipe/airflow/dags/utils/upload.py took 0.042 seconds
[2024-01-14T16:50:19.711-0300] {processor.py:157} INFO - Started process (PID=23776) to work on /home/felipe/airflow/dags/utils/upload.py
[2024-01-14T16:50:19.712-0300] {processor.py:829} INFO - Processing file /home/felipe/airflow/dags/utils/upload.py for tasks to queue
[2024-01-14T16:50:19.712-0300] {logging_mixin.py:154} INFO - [2024-01-14T16:50:19.712-0300] {dagbag.py:536} INFO - Filling up the DagBag from /home/felipe/airflow/dags/utils/upload.py
[2024-01-14T16:50:19.714-0300] {processor.py:841} WARNING - No viable dags retrieved from /home/felipe/airflow/dags/utils/upload.py
[2024-01-14T16:50:19.719-0300] {processor.py:179} INFO - Processing /home/felipe/airflow/dags/utils/upload.py took 0.010 seconds
[2024-01-14T16:51:25.967-0300] {processor.py:157} INFO - Started process (PID=23895) to work on /home/felipe/airflow/dags/utils/upload.py
[2024-01-14T16:51:25.994-0300] {processor.py:829} INFO - Processing file /home/felipe/airflow/dags/utils/upload.py for tasks to queue
[2024-01-14T16:51:25.994-0300] {logging_mixin.py:154} INFO - [2024-01-14T16:51:25.994-0300] {dagbag.py:536} INFO - Filling up the DagBag from /home/felipe/airflow/dags/utils/upload.py
[2024-01-14T16:51:25.995-0300] {processor.py:841} WARNING - No viable dags retrieved from /home/felipe/airflow/dags/utils/upload.py
[2024-01-14T16:51:26.002-0300] {processor.py:179} INFO - Processing /home/felipe/airflow/dags/utils/upload.py took 0.037 seconds
[2024-01-14T16:52:23.105-0300] {processor.py:157} INFO - Started process (PID=24005) to work on /home/felipe/airflow/dags/utils/upload.py
[2024-01-14T16:52:23.137-0300] {processor.py:829} INFO - Processing file /home/felipe/airflow/dags/utils/upload.py for tasks to queue
[2024-01-14T16:52:23.138-0300] {logging_mixin.py:154} INFO - [2024-01-14T16:52:23.137-0300] {dagbag.py:536} INFO - Filling up the DagBag from /home/felipe/airflow/dags/utils/upload.py
[2024-01-14T16:52:23.139-0300] {processor.py:841} WARNING - No viable dags retrieved from /home/felipe/airflow/dags/utils/upload.py
[2024-01-14T16:52:23.145-0300] {processor.py:179} INFO - Processing /home/felipe/airflow/dags/utils/upload.py took 0.042 seconds
[2024-01-14T16:53:17.006-0300] {processor.py:157} INFO - Started process (PID=24130) to work on /home/felipe/airflow/dags/utils/upload.py
[2024-01-14T16:53:17.007-0300] {processor.py:829} INFO - Processing file /home/felipe/airflow/dags/utils/upload.py for tasks to queue
[2024-01-14T16:53:17.007-0300] {logging_mixin.py:154} INFO - [2024-01-14T16:53:17.007-0300] {dagbag.py:536} INFO - Filling up the DagBag from /home/felipe/airflow/dags/utils/upload.py
[2024-01-14T16:53:17.009-0300] {processor.py:841} WARNING - No viable dags retrieved from /home/felipe/airflow/dags/utils/upload.py
[2024-01-14T16:53:17.017-0300] {processor.py:179} INFO - Processing /home/felipe/airflow/dags/utils/upload.py took 0.014 seconds
[2024-01-14T16:54:06.338-0300] {processor.py:157} INFO - Started process (PID=24274) to work on /home/felipe/airflow/dags/utils/upload.py
[2024-01-14T16:54:06.338-0300] {processor.py:829} INFO - Processing file /home/felipe/airflow/dags/utils/upload.py for tasks to queue
[2024-01-14T16:54:06.339-0300] {logging_mixin.py:154} INFO - [2024-01-14T16:54:06.338-0300] {dagbag.py:536} INFO - Filling up the DagBag from /home/felipe/airflow/dags/utils/upload.py
[2024-01-14T16:54:06.340-0300] {processor.py:841} WARNING - No viable dags retrieved from /home/felipe/airflow/dags/utils/upload.py
[2024-01-14T16:54:06.345-0300] {processor.py:179} INFO - Processing /home/felipe/airflow/dags/utils/upload.py took 0.010 seconds
[2024-01-14T16:54:56.108-0300] {processor.py:157} INFO - Started process (PID=24389) to work on /home/felipe/airflow/dags/utils/upload.py
[2024-01-14T16:54:56.140-0300] {processor.py:829} INFO - Processing file /home/felipe/airflow/dags/utils/upload.py for tasks to queue
[2024-01-14T16:54:56.141-0300] {logging_mixin.py:154} INFO - [2024-01-14T16:54:56.141-0300] {dagbag.py:536} INFO - Filling up the DagBag from /home/felipe/airflow/dags/utils/upload.py
[2024-01-14T16:54:56.142-0300] {processor.py:841} WARNING - No viable dags retrieved from /home/felipe/airflow/dags/utils/upload.py
[2024-01-14T16:54:56.149-0300] {processor.py:179} INFO - Processing /home/felipe/airflow/dags/utils/upload.py took 0.043 seconds
[2024-01-14T16:55:49.965-0300] {processor.py:157} INFO - Started process (PID=24499) to work on /home/felipe/airflow/dags/utils/upload.py
[2024-01-14T16:55:49.998-0300] {processor.py:829} INFO - Processing file /home/felipe/airflow/dags/utils/upload.py for tasks to queue
[2024-01-14T16:55:49.998-0300] {logging_mixin.py:154} INFO - [2024-01-14T16:55:49.998-0300] {dagbag.py:536} INFO - Filling up the DagBag from /home/felipe/airflow/dags/utils/upload.py
[2024-01-14T16:55:50.000-0300] {processor.py:841} WARNING - No viable dags retrieved from /home/felipe/airflow/dags/utils/upload.py
[2024-01-14T16:55:50.007-0300] {processor.py:179} INFO - Processing /home/felipe/airflow/dags/utils/upload.py took 0.043 seconds
[2024-01-14T16:56:50.049-0300] {processor.py:157} INFO - Started process (PID=24694) to work on /home/felipe/airflow/dags/utils/upload.py
[2024-01-14T16:56:50.081-0300] {processor.py:829} INFO - Processing file /home/felipe/airflow/dags/utils/upload.py for tasks to queue
[2024-01-14T16:56:50.082-0300] {logging_mixin.py:154} INFO - [2024-01-14T16:56:50.081-0300] {dagbag.py:536} INFO - Filling up the DagBag from /home/felipe/airflow/dags/utils/upload.py
[2024-01-14T16:56:50.083-0300] {processor.py:841} WARNING - No viable dags retrieved from /home/felipe/airflow/dags/utils/upload.py
[2024-01-14T16:56:50.089-0300] {processor.py:179} INFO - Processing /home/felipe/airflow/dags/utils/upload.py took 0.042 seconds
[2024-01-14T16:57:47.240-0300] {processor.py:157} INFO - Started process (PID=24815) to work on /home/felipe/airflow/dags/utils/upload.py
[2024-01-14T16:57:47.241-0300] {processor.py:829} INFO - Processing file /home/felipe/airflow/dags/utils/upload.py for tasks to queue
[2024-01-14T16:57:47.241-0300] {logging_mixin.py:154} INFO - [2024-01-14T16:57:47.241-0300] {dagbag.py:536} INFO - Filling up the DagBag from /home/felipe/airflow/dags/utils/upload.py
[2024-01-14T16:57:47.242-0300] {processor.py:841} WARNING - No viable dags retrieved from /home/felipe/airflow/dags/utils/upload.py
[2024-01-14T16:57:47.249-0300] {processor.py:179} INFO - Processing /home/felipe/airflow/dags/utils/upload.py took 0.011 seconds
[2024-01-14T16:58:42.748-0300] {processor.py:157} INFO - Started process (PID=24913) to work on /home/felipe/airflow/dags/utils/upload.py
[2024-01-14T16:58:42.781-0300] {processor.py:829} INFO - Processing file /home/felipe/airflow/dags/utils/upload.py for tasks to queue
[2024-01-14T16:58:42.781-0300] {logging_mixin.py:154} INFO - [2024-01-14T16:58:42.781-0300] {dagbag.py:536} INFO - Filling up the DagBag from /home/felipe/airflow/dags/utils/upload.py
[2024-01-14T16:58:42.782-0300] {processor.py:841} WARNING - No viable dags retrieved from /home/felipe/airflow/dags/utils/upload.py
[2024-01-14T16:58:42.789-0300] {processor.py:179} INFO - Processing /home/felipe/airflow/dags/utils/upload.py took 0.042 seconds
[2024-01-14T16:59:43.636-0300] {processor.py:157} INFO - Started process (PID=25037) to work on /home/felipe/airflow/dags/utils/upload.py
[2024-01-14T16:59:43.668-0300] {processor.py:829} INFO - Processing file /home/felipe/airflow/dags/utils/upload.py for tasks to queue
[2024-01-14T16:59:43.669-0300] {logging_mixin.py:154} INFO - [2024-01-14T16:59:43.668-0300] {dagbag.py:536} INFO - Filling up the DagBag from /home/felipe/airflow/dags/utils/upload.py
[2024-01-14T16:59:43.670-0300] {processor.py:841} WARNING - No viable dags retrieved from /home/felipe/airflow/dags/utils/upload.py
[2024-01-14T16:59:43.676-0300] {processor.py:179} INFO - Processing /home/felipe/airflow/dags/utils/upload.py took 0.043 seconds
[2024-01-14T17:00:39.737-0300] {processor.py:157} INFO - Started process (PID=25137) to work on /home/felipe/airflow/dags/utils/upload.py
[2024-01-14T17:00:39.769-0300] {processor.py:829} INFO - Processing file /home/felipe/airflow/dags/utils/upload.py for tasks to queue
[2024-01-14T17:00:39.769-0300] {logging_mixin.py:154} INFO - [2024-01-14T17:00:39.769-0300] {dagbag.py:536} INFO - Filling up the DagBag from /home/felipe/airflow/dags/utils/upload.py
[2024-01-14T17:00:39.770-0300] {processor.py:841} WARNING - No viable dags retrieved from /home/felipe/airflow/dags/utils/upload.py
[2024-01-14T17:00:39.776-0300] {processor.py:179} INFO - Processing /home/felipe/airflow/dags/utils/upload.py took 0.042 seconds
[2024-01-14T17:18:52.352-0300] {processor.py:157} INFO - Started process (PID=26031) to work on /home/felipe/airflow/dags/utils/upload.py
[2024-01-14T17:18:52.385-0300] {processor.py:829} INFO - Processing file /home/felipe/airflow/dags/utils/upload.py for tasks to queue
[2024-01-14T17:18:52.385-0300] {logging_mixin.py:154} INFO - [2024-01-14T17:18:52.385-0300] {dagbag.py:536} INFO - Filling up the DagBag from /home/felipe/airflow/dags/utils/upload.py
[2024-01-14T17:18:52.386-0300] {processor.py:841} WARNING - No viable dags retrieved from /home/felipe/airflow/dags/utils/upload.py
[2024-01-14T17:18:52.393-0300] {processor.py:179} INFO - Processing /home/felipe/airflow/dags/utils/upload.py took 0.042 seconds
[2024-01-14T17:20:06.474-0300] {processor.py:157} INFO - Started process (PID=26180) to work on /home/felipe/airflow/dags/utils/upload.py
[2024-01-14T17:20:06.474-0300] {processor.py:829} INFO - Processing file /home/felipe/airflow/dags/utils/upload.py for tasks to queue
[2024-01-14T17:20:06.475-0300] {logging_mixin.py:154} INFO - [2024-01-14T17:20:06.474-0300] {dagbag.py:536} INFO - Filling up the DagBag from /home/felipe/airflow/dags/utils/upload.py
[2024-01-14T17:20:06.476-0300] {processor.py:841} WARNING - No viable dags retrieved from /home/felipe/airflow/dags/utils/upload.py
[2024-01-14T17:20:06.482-0300] {processor.py:179} INFO - Processing /home/felipe/airflow/dags/utils/upload.py took 0.010 seconds
[2024-01-14T17:21:24.808-0300] {processor.py:157} INFO - Started process (PID=26522) to work on /home/felipe/airflow/dags/utils/upload.py
[2024-01-14T17:21:24.841-0300] {processor.py:829} INFO - Processing file /home/felipe/airflow/dags/utils/upload.py for tasks to queue
[2024-01-14T17:21:24.841-0300] {logging_mixin.py:154} INFO - [2024-01-14T17:21:24.841-0300] {dagbag.py:536} INFO - Filling up the DagBag from /home/felipe/airflow/dags/utils/upload.py
[2024-01-14T17:21:24.843-0300] {processor.py:841} WARNING - No viable dags retrieved from /home/felipe/airflow/dags/utils/upload.py
[2024-01-14T17:21:24.850-0300] {processor.py:179} INFO - Processing /home/felipe/airflow/dags/utils/upload.py took 0.043 seconds
[2024-01-14T17:22:38.635-0300] {processor.py:157} INFO - Started process (PID=26829) to work on /home/felipe/airflow/dags/utils/upload.py
[2024-01-14T17:22:38.667-0300] {processor.py:829} INFO - Processing file /home/felipe/airflow/dags/utils/upload.py for tasks to queue
[2024-01-14T17:22:38.667-0300] {logging_mixin.py:154} INFO - [2024-01-14T17:22:38.667-0300] {dagbag.py:536} INFO - Filling up the DagBag from /home/felipe/airflow/dags/utils/upload.py
[2024-01-14T17:22:38.668-0300] {processor.py:841} WARNING - No viable dags retrieved from /home/felipe/airflow/dags/utils/upload.py
[2024-01-14T17:22:38.674-0300] {processor.py:179} INFO - Processing /home/felipe/airflow/dags/utils/upload.py took 0.042 seconds
[2024-01-14T17:23:26.904-0300] {processor.py:157} INFO - Started process (PID=26985) to work on /home/felipe/airflow/dags/utils/upload.py
[2024-01-14T17:23:26.945-0300] {processor.py:829} INFO - Processing file /home/felipe/airflow/dags/utils/upload.py for tasks to queue
[2024-01-14T17:23:26.949-0300] {logging_mixin.py:154} INFO - [2024-01-14T17:23:26.946-0300] {dagbag.py:536} INFO - Filling up the DagBag from /home/felipe/airflow/dags/utils/upload.py
[2024-01-14T17:23:26.953-0300] {processor.py:841} WARNING - No viable dags retrieved from /home/felipe/airflow/dags/utils/upload.py
[2024-01-14T17:23:26.982-0300] {processor.py:179} INFO - Processing /home/felipe/airflow/dags/utils/upload.py took 0.080 seconds
[2024-01-14T17:24:31.537-0300] {processor.py:157} INFO - Started process (PID=27115) to work on /home/felipe/airflow/dags/utils/upload.py
[2024-01-14T17:24:31.543-0300] {processor.py:829} INFO - Processing file /home/felipe/airflow/dags/utils/upload.py for tasks to queue
[2024-01-14T17:24:31.543-0300] {logging_mixin.py:154} INFO - [2024-01-14T17:24:31.543-0300] {dagbag.py:536} INFO - Filling up the DagBag from /home/felipe/airflow/dags/utils/upload.py
[2024-01-14T17:24:31.544-0300] {processor.py:841} WARNING - No viable dags retrieved from /home/felipe/airflow/dags/utils/upload.py
[2024-01-14T17:24:31.550-0300] {processor.py:179} INFO - Processing /home/felipe/airflow/dags/utils/upload.py took 0.015 seconds
[2024-01-14T17:25:26.181-0300] {processor.py:157} INFO - Started process (PID=27246) to work on /home/felipe/airflow/dags/utils/upload.py
[2024-01-14T17:25:26.213-0300] {processor.py:829} INFO - Processing file /home/felipe/airflow/dags/utils/upload.py for tasks to queue
[2024-01-14T17:25:26.213-0300] {logging_mixin.py:154} INFO - [2024-01-14T17:25:26.213-0300] {dagbag.py:536} INFO - Filling up the DagBag from /home/felipe/airflow/dags/utils/upload.py
[2024-01-14T17:25:26.215-0300] {processor.py:841} WARNING - No viable dags retrieved from /home/felipe/airflow/dags/utils/upload.py
[2024-01-14T17:25:26.221-0300] {processor.py:179} INFO - Processing /home/felipe/airflow/dags/utils/upload.py took 0.042 seconds
[2024-01-14T17:26:33.131-0300] {processor.py:157} INFO - Started process (PID=27412) to work on /home/felipe/airflow/dags/utils/upload.py
[2024-01-14T17:26:33.163-0300] {processor.py:829} INFO - Processing file /home/felipe/airflow/dags/utils/upload.py for tasks to queue
[2024-01-14T17:26:33.164-0300] {logging_mixin.py:154} INFO - [2024-01-14T17:26:33.163-0300] {dagbag.py:536} INFO - Filling up the DagBag from /home/felipe/airflow/dags/utils/upload.py
[2024-01-14T17:26:33.165-0300] {processor.py:841} WARNING - No viable dags retrieved from /home/felipe/airflow/dags/utils/upload.py
[2024-01-14T17:26:33.171-0300] {processor.py:179} INFO - Processing /home/felipe/airflow/dags/utils/upload.py took 0.043 seconds
[2024-01-14T17:27:17.101-0300] {processor.py:157} INFO - Started process (PID=27531) to work on /home/felipe/airflow/dags/utils/upload.py
[2024-01-14T17:27:17.133-0300] {processor.py:829} INFO - Processing file /home/felipe/airflow/dags/utils/upload.py for tasks to queue
[2024-01-14T17:27:17.134-0300] {logging_mixin.py:154} INFO - [2024-01-14T17:27:17.133-0300] {dagbag.py:536} INFO - Filling up the DagBag from /home/felipe/airflow/dags/utils/upload.py
[2024-01-14T17:27:17.135-0300] {processor.py:841} WARNING - No viable dags retrieved from /home/felipe/airflow/dags/utils/upload.py
[2024-01-14T17:27:17.141-0300] {processor.py:179} INFO - Processing /home/felipe/airflow/dags/utils/upload.py took 0.042 seconds
[2024-01-14T17:28:33.193-0300] {processor.py:157} INFO - Started process (PID=27756) to work on /home/felipe/airflow/dags/utils/upload.py
[2024-01-14T17:28:33.194-0300] {processor.py:829} INFO - Processing file /home/felipe/airflow/dags/utils/upload.py for tasks to queue
[2024-01-14T17:28:33.194-0300] {logging_mixin.py:154} INFO - [2024-01-14T17:28:33.194-0300] {dagbag.py:536} INFO - Filling up the DagBag from /home/felipe/airflow/dags/utils/upload.py
[2024-01-14T17:28:33.195-0300] {processor.py:841} WARNING - No viable dags retrieved from /home/felipe/airflow/dags/utils/upload.py
[2024-01-14T17:28:33.201-0300] {processor.py:179} INFO - Processing /home/felipe/airflow/dags/utils/upload.py took 0.010 seconds
[2024-01-14T17:29:20.468-0300] {processor.py:157} INFO - Started process (PID=27853) to work on /home/felipe/airflow/dags/utils/upload.py
[2024-01-14T17:29:20.468-0300] {processor.py:829} INFO - Processing file /home/felipe/airflow/dags/utils/upload.py for tasks to queue
[2024-01-14T17:29:20.469-0300] {logging_mixin.py:154} INFO - [2024-01-14T17:29:20.469-0300] {dagbag.py:536} INFO - Filling up the DagBag from /home/felipe/airflow/dags/utils/upload.py
[2024-01-14T17:29:20.470-0300] {processor.py:841} WARNING - No viable dags retrieved from /home/felipe/airflow/dags/utils/upload.py
[2024-01-14T17:29:20.477-0300] {processor.py:179} INFO - Processing /home/felipe/airflow/dags/utils/upload.py took 0.012 seconds
[2024-01-14T17:30:28.596-0300] {processor.py:157} INFO - Started process (PID=28000) to work on /home/felipe/airflow/dags/utils/upload.py
[2024-01-14T17:30:28.628-0300] {processor.py:829} INFO - Processing file /home/felipe/airflow/dags/utils/upload.py for tasks to queue
[2024-01-14T17:30:28.629-0300] {logging_mixin.py:154} INFO - [2024-01-14T17:30:28.628-0300] {dagbag.py:536} INFO - Filling up the DagBag from /home/felipe/airflow/dags/utils/upload.py
[2024-01-14T17:30:28.630-0300] {processor.py:841} WARNING - No viable dags retrieved from /home/felipe/airflow/dags/utils/upload.py
[2024-01-14T17:30:28.636-0300] {processor.py:179} INFO - Processing /home/felipe/airflow/dags/utils/upload.py took 0.042 seconds
[2024-01-14T17:31:39.492-0300] {processor.py:157} INFO - Started process (PID=28122) to work on /home/felipe/airflow/dags/utils/upload.py
[2024-01-14T17:31:39.524-0300] {processor.py:829} INFO - Processing file /home/felipe/airflow/dags/utils/upload.py for tasks to queue
[2024-01-14T17:31:39.524-0300] {logging_mixin.py:154} INFO - [2024-01-14T17:31:39.524-0300] {dagbag.py:536} INFO - Filling up the DagBag from /home/felipe/airflow/dags/utils/upload.py
[2024-01-14T17:31:39.526-0300] {processor.py:841} WARNING - No viable dags retrieved from /home/felipe/airflow/dags/utils/upload.py
[2024-01-14T17:31:39.532-0300] {processor.py:179} INFO - Processing /home/felipe/airflow/dags/utils/upload.py took 0.042 seconds
[2024-01-14T17:32:25.595-0300] {processor.py:157} INFO - Started process (PID=28238) to work on /home/felipe/airflow/dags/utils/upload.py
[2024-01-14T17:32:25.627-0300] {processor.py:829} INFO - Processing file /home/felipe/airflow/dags/utils/upload.py for tasks to queue
[2024-01-14T17:32:25.627-0300] {logging_mixin.py:154} INFO - [2024-01-14T17:32:25.627-0300] {dagbag.py:536} INFO - Filling up the DagBag from /home/felipe/airflow/dags/utils/upload.py
[2024-01-14T17:32:25.629-0300] {processor.py:841} WARNING - No viable dags retrieved from /home/felipe/airflow/dags/utils/upload.py
[2024-01-14T17:32:25.635-0300] {processor.py:179} INFO - Processing /home/felipe/airflow/dags/utils/upload.py took 0.043 seconds
[2024-01-14T17:33:33.096-0300] {processor.py:157} INFO - Started process (PID=28371) to work on /home/felipe/airflow/dags/utils/upload.py
[2024-01-14T17:33:33.096-0300] {processor.py:829} INFO - Processing file /home/felipe/airflow/dags/utils/upload.py for tasks to queue
[2024-01-14T17:33:33.097-0300] {logging_mixin.py:154} INFO - [2024-01-14T17:33:33.097-0300] {dagbag.py:536} INFO - Filling up the DagBag from /home/felipe/airflow/dags/utils/upload.py
[2024-01-14T17:33:33.098-0300] {processor.py:841} WARNING - No viable dags retrieved from /home/felipe/airflow/dags/utils/upload.py
[2024-01-14T17:33:33.104-0300] {processor.py:179} INFO - Processing /home/felipe/airflow/dags/utils/upload.py took 0.010 seconds
[2024-01-14T17:34:29.876-0300] {processor.py:157} INFO - Started process (PID=28556) to work on /home/felipe/airflow/dags/utils/upload.py
[2024-01-14T17:34:29.908-0300] {processor.py:829} INFO - Processing file /home/felipe/airflow/dags/utils/upload.py for tasks to queue
[2024-01-14T17:34:29.908-0300] {logging_mixin.py:154} INFO - [2024-01-14T17:34:29.908-0300] {dagbag.py:536} INFO - Filling up the DagBag from /home/felipe/airflow/dags/utils/upload.py
[2024-01-14T17:34:29.910-0300] {processor.py:841} WARNING - No viable dags retrieved from /home/felipe/airflow/dags/utils/upload.py
[2024-01-14T17:34:29.917-0300] {processor.py:179} INFO - Processing /home/felipe/airflow/dags/utils/upload.py took 0.043 seconds
[2024-01-14T17:35:19.478-0300] {processor.py:157} INFO - Started process (PID=28686) to work on /home/felipe/airflow/dags/utils/upload.py
[2024-01-14T17:35:19.511-0300] {processor.py:829} INFO - Processing file /home/felipe/airflow/dags/utils/upload.py for tasks to queue
[2024-01-14T17:35:19.511-0300] {logging_mixin.py:154} INFO - [2024-01-14T17:35:19.511-0300] {dagbag.py:536} INFO - Filling up the DagBag from /home/felipe/airflow/dags/utils/upload.py
[2024-01-14T17:35:19.512-0300] {processor.py:841} WARNING - No viable dags retrieved from /home/felipe/airflow/dags/utils/upload.py
[2024-01-14T17:35:19.519-0300] {processor.py:179} INFO - Processing /home/felipe/airflow/dags/utils/upload.py took 0.042 seconds
[2024-01-14T17:36:09.608-0300] {processor.py:157} INFO - Started process (PID=28845) to work on /home/felipe/airflow/dags/utils/upload.py
[2024-01-14T17:36:09.609-0300] {processor.py:829} INFO - Processing file /home/felipe/airflow/dags/utils/upload.py for tasks to queue
[2024-01-14T17:36:09.609-0300] {logging_mixin.py:154} INFO - [2024-01-14T17:36:09.609-0300] {dagbag.py:536} INFO - Filling up the DagBag from /home/felipe/airflow/dags/utils/upload.py
[2024-01-14T17:36:09.610-0300] {processor.py:841} WARNING - No viable dags retrieved from /home/felipe/airflow/dags/utils/upload.py
[2024-01-14T17:36:09.617-0300] {processor.py:179} INFO - Processing /home/felipe/airflow/dags/utils/upload.py took 0.010 seconds
[2024-01-14T17:37:00.510-0300] {processor.py:157} INFO - Started process (PID=29004) to work on /home/felipe/airflow/dags/utils/upload.py
[2024-01-14T17:37:00.560-0300] {processor.py:829} INFO - Processing file /home/felipe/airflow/dags/utils/upload.py for tasks to queue
[2024-01-14T17:37:00.560-0300] {logging_mixin.py:154} INFO - [2024-01-14T17:37:00.560-0300] {dagbag.py:536} INFO - Filling up the DagBag from /home/felipe/airflow/dags/utils/upload.py
[2024-01-14T17:37:00.562-0300] {processor.py:841} WARNING - No viable dags retrieved from /home/felipe/airflow/dags/utils/upload.py
[2024-01-14T17:37:00.568-0300] {processor.py:179} INFO - Processing /home/felipe/airflow/dags/utils/upload.py took 0.061 seconds
[2024-01-14T17:37:51.419-0300] {processor.py:157} INFO - Started process (PID=29115) to work on /home/felipe/airflow/dags/utils/upload.py
[2024-01-14T17:37:51.451-0300] {processor.py:829} INFO - Processing file /home/felipe/airflow/dags/utils/upload.py for tasks to queue
[2024-01-14T17:37:51.452-0300] {logging_mixin.py:154} INFO - [2024-01-14T17:37:51.452-0300] {dagbag.py:536} INFO - Filling up the DagBag from /home/felipe/airflow/dags/utils/upload.py
[2024-01-14T17:37:51.453-0300] {processor.py:841} WARNING - No viable dags retrieved from /home/felipe/airflow/dags/utils/upload.py
[2024-01-14T17:37:51.459-0300] {processor.py:179} INFO - Processing /home/felipe/airflow/dags/utils/upload.py took 0.042 seconds
[2024-01-14T17:38:45.069-0300] {processor.py:157} INFO - Started process (PID=29234) to work on /home/felipe/airflow/dags/utils/upload.py
[2024-01-14T17:38:45.101-0300] {processor.py:829} INFO - Processing file /home/felipe/airflow/dags/utils/upload.py for tasks to queue
[2024-01-14T17:38:45.102-0300] {logging_mixin.py:154} INFO - [2024-01-14T17:38:45.101-0300] {dagbag.py:536} INFO - Filling up the DagBag from /home/felipe/airflow/dags/utils/upload.py
[2024-01-14T17:38:45.103-0300] {processor.py:841} WARNING - No viable dags retrieved from /home/felipe/airflow/dags/utils/upload.py
[2024-01-14T17:38:45.109-0300] {processor.py:179} INFO - Processing /home/felipe/airflow/dags/utils/upload.py took 0.042 seconds
[2024-01-14T17:39:40.326-0300] {processor.py:157} INFO - Started process (PID=29346) to work on /home/felipe/airflow/dags/utils/upload.py
[2024-01-14T17:39:40.358-0300] {processor.py:829} INFO - Processing file /home/felipe/airflow/dags/utils/upload.py for tasks to queue
[2024-01-14T17:39:40.358-0300] {logging_mixin.py:154} INFO - [2024-01-14T17:39:40.358-0300] {dagbag.py:536} INFO - Filling up the DagBag from /home/felipe/airflow/dags/utils/upload.py
[2024-01-14T17:39:40.360-0300] {processor.py:841} WARNING - No viable dags retrieved from /home/felipe/airflow/dags/utils/upload.py
[2024-01-14T17:39:40.366-0300] {processor.py:179} INFO - Processing /home/felipe/airflow/dags/utils/upload.py took 0.042 seconds
[2024-01-14T17:40:35.552-0300] {processor.py:157} INFO - Started process (PID=29440) to work on /home/felipe/airflow/dags/utils/upload.py
[2024-01-14T17:40:35.584-0300] {processor.py:829} INFO - Processing file /home/felipe/airflow/dags/utils/upload.py for tasks to queue
[2024-01-14T17:40:35.585-0300] {logging_mixin.py:154} INFO - [2024-01-14T17:40:35.584-0300] {dagbag.py:536} INFO - Filling up the DagBag from /home/felipe/airflow/dags/utils/upload.py
[2024-01-14T17:40:35.586-0300] {processor.py:841} WARNING - No viable dags retrieved from /home/felipe/airflow/dags/utils/upload.py
[2024-01-14T17:40:35.593-0300] {processor.py:179} INFO - Processing /home/felipe/airflow/dags/utils/upload.py took 0.043 seconds
[2024-01-14T17:41:31.098-0300] {processor.py:157} INFO - Started process (PID=29566) to work on /home/felipe/airflow/dags/utils/upload.py
[2024-01-14T17:41:31.130-0300] {processor.py:829} INFO - Processing file /home/felipe/airflow/dags/utils/upload.py for tasks to queue
[2024-01-14T17:41:31.131-0300] {logging_mixin.py:154} INFO - [2024-01-14T17:41:31.130-0300] {dagbag.py:536} INFO - Filling up the DagBag from /home/felipe/airflow/dags/utils/upload.py
[2024-01-14T17:41:31.132-0300] {processor.py:841} WARNING - No viable dags retrieved from /home/felipe/airflow/dags/utils/upload.py
[2024-01-14T17:41:31.138-0300] {processor.py:179} INFO - Processing /home/felipe/airflow/dags/utils/upload.py took 0.042 seconds
[2024-01-14T17:42:25.618-0300] {processor.py:157} INFO - Started process (PID=29661) to work on /home/felipe/airflow/dags/utils/upload.py
[2024-01-14T17:42:25.650-0300] {processor.py:829} INFO - Processing file /home/felipe/airflow/dags/utils/upload.py for tasks to queue
[2024-01-14T17:42:25.650-0300] {logging_mixin.py:154} INFO - [2024-01-14T17:42:25.650-0300] {dagbag.py:536} INFO - Filling up the DagBag from /home/felipe/airflow/dags/utils/upload.py
[2024-01-14T17:42:25.652-0300] {processor.py:841} WARNING - No viable dags retrieved from /home/felipe/airflow/dags/utils/upload.py
[2024-01-14T17:42:25.658-0300] {processor.py:179} INFO - Processing /home/felipe/airflow/dags/utils/upload.py took 0.042 seconds
[2024-01-14T17:43:20.557-0300] {processor.py:157} INFO - Started process (PID=29774) to work on /home/felipe/airflow/dags/utils/upload.py
[2024-01-14T17:43:20.589-0300] {processor.py:829} INFO - Processing file /home/felipe/airflow/dags/utils/upload.py for tasks to queue
[2024-01-14T17:43:20.590-0300] {logging_mixin.py:154} INFO - [2024-01-14T17:43:20.590-0300] {dagbag.py:536} INFO - Filling up the DagBag from /home/felipe/airflow/dags/utils/upload.py
[2024-01-14T17:43:20.591-0300] {processor.py:841} WARNING - No viable dags retrieved from /home/felipe/airflow/dags/utils/upload.py
[2024-01-14T17:43:20.598-0300] {processor.py:179} INFO - Processing /home/felipe/airflow/dags/utils/upload.py took 0.042 seconds
[2024-01-14T17:44:17.249-0300] {processor.py:157} INFO - Started process (PID=29884) to work on /home/felipe/airflow/dags/utils/upload.py
[2024-01-14T17:44:17.281-0300] {processor.py:829} INFO - Processing file /home/felipe/airflow/dags/utils/upload.py for tasks to queue
[2024-01-14T17:44:17.281-0300] {logging_mixin.py:154} INFO - [2024-01-14T17:44:17.281-0300] {dagbag.py:536} INFO - Filling up the DagBag from /home/felipe/airflow/dags/utils/upload.py
[2024-01-14T17:44:17.283-0300] {processor.py:841} WARNING - No viable dags retrieved from /home/felipe/airflow/dags/utils/upload.py
[2024-01-14T17:44:17.289-0300] {processor.py:179} INFO - Processing /home/felipe/airflow/dags/utils/upload.py took 0.042 seconds
[2024-01-14T17:45:12.919-0300] {processor.py:157} INFO - Started process (PID=29999) to work on /home/felipe/airflow/dags/utils/upload.py
[2024-01-14T17:45:12.920-0300] {processor.py:829} INFO - Processing file /home/felipe/airflow/dags/utils/upload.py for tasks to queue
[2024-01-14T17:45:12.920-0300] {logging_mixin.py:154} INFO - [2024-01-14T17:45:12.920-0300] {dagbag.py:536} INFO - Filling up the DagBag from /home/felipe/airflow/dags/utils/upload.py
[2024-01-14T17:45:12.921-0300] {processor.py:841} WARNING - No viable dags retrieved from /home/felipe/airflow/dags/utils/upload.py
[2024-01-14T17:45:12.928-0300] {processor.py:179} INFO - Processing /home/felipe/airflow/dags/utils/upload.py took 0.011 seconds
[2024-01-14T17:46:20.101-0300] {processor.py:157} INFO - Started process (PID=30135) to work on /home/felipe/airflow/dags/utils/upload.py
[2024-01-14T17:46:20.102-0300] {processor.py:829} INFO - Processing file /home/felipe/airflow/dags/utils/upload.py for tasks to queue
[2024-01-14T17:46:20.102-0300] {logging_mixin.py:154} INFO - [2024-01-14T17:46:20.102-0300] {dagbag.py:536} INFO - Filling up the DagBag from /home/felipe/airflow/dags/utils/upload.py
[2024-01-14T17:46:20.103-0300] {processor.py:841} WARNING - No viable dags retrieved from /home/felipe/airflow/dags/utils/upload.py
[2024-01-14T17:46:20.109-0300] {processor.py:179} INFO - Processing /home/felipe/airflow/dags/utils/upload.py took 0.010 seconds
[2024-01-14T17:50:39.364-0300] {processor.py:157} INFO - Started process (PID=30578) to work on /home/felipe/airflow/dags/utils/upload.py
[2024-01-14T17:50:39.396-0300] {processor.py:829} INFO - Processing file /home/felipe/airflow/dags/utils/upload.py for tasks to queue
[2024-01-14T17:50:39.397-0300] {logging_mixin.py:154} INFO - [2024-01-14T17:50:39.396-0300] {dagbag.py:536} INFO - Filling up the DagBag from /home/felipe/airflow/dags/utils/upload.py
[2024-01-14T17:50:39.398-0300] {processor.py:841} WARNING - No viable dags retrieved from /home/felipe/airflow/dags/utils/upload.py
[2024-01-14T17:50:39.404-0300] {processor.py:179} INFO - Processing /home/felipe/airflow/dags/utils/upload.py took 0.042 seconds
[2024-01-14T17:52:26.873-0300] {processor.py:157} INFO - Started process (PID=30826) to work on /home/felipe/airflow/dags/utils/upload.py
[2024-01-14T17:52:26.905-0300] {processor.py:829} INFO - Processing file /home/felipe/airflow/dags/utils/upload.py for tasks to queue
[2024-01-14T17:52:26.906-0300] {logging_mixin.py:154} INFO - [2024-01-14T17:52:26.905-0300] {dagbag.py:536} INFO - Filling up the DagBag from /home/felipe/airflow/dags/utils/upload.py
[2024-01-14T17:52:26.907-0300] {processor.py:841} WARNING - No viable dags retrieved from /home/felipe/airflow/dags/utils/upload.py
[2024-01-14T17:52:26.913-0300] {processor.py:179} INFO - Processing /home/felipe/airflow/dags/utils/upload.py took 0.042 seconds
[2024-01-14T17:53:24.390-0300] {processor.py:157} INFO - Started process (PID=30960) to work on /home/felipe/airflow/dags/utils/upload.py
[2024-01-14T17:53:24.422-0300] {processor.py:829} INFO - Processing file /home/felipe/airflow/dags/utils/upload.py for tasks to queue
[2024-01-14T17:53:24.423-0300] {logging_mixin.py:154} INFO - [2024-01-14T17:53:24.423-0300] {dagbag.py:536} INFO - Filling up the DagBag from /home/felipe/airflow/dags/utils/upload.py
[2024-01-14T17:53:24.424-0300] {processor.py:841} WARNING - No viable dags retrieved from /home/felipe/airflow/dags/utils/upload.py
[2024-01-14T17:53:24.430-0300] {processor.py:179} INFO - Processing /home/felipe/airflow/dags/utils/upload.py took 0.042 seconds
[2024-01-14T17:54:18.719-0300] {processor.py:157} INFO - Started process (PID=31074) to work on /home/felipe/airflow/dags/utils/upload.py
[2024-01-14T17:54:18.751-0300] {processor.py:829} INFO - Processing file /home/felipe/airflow/dags/utils/upload.py for tasks to queue
[2024-01-14T17:54:18.751-0300] {logging_mixin.py:154} INFO - [2024-01-14T17:54:18.751-0300] {dagbag.py:536} INFO - Filling up the DagBag from /home/felipe/airflow/dags/utils/upload.py
[2024-01-14T17:54:18.753-0300] {processor.py:841} WARNING - No viable dags retrieved from /home/felipe/airflow/dags/utils/upload.py
[2024-01-14T17:54:18.764-0300] {processor.py:179} INFO - Processing /home/felipe/airflow/dags/utils/upload.py took 0.047 seconds
[2024-01-14T17:55:13.269-0300] {processor.py:157} INFO - Started process (PID=31189) to work on /home/felipe/airflow/dags/utils/upload.py
[2024-01-14T17:55:13.301-0300] {processor.py:829} INFO - Processing file /home/felipe/airflow/dags/utils/upload.py for tasks to queue
[2024-01-14T17:55:13.301-0300] {logging_mixin.py:154} INFO - [2024-01-14T17:55:13.301-0300] {dagbag.py:536} INFO - Filling up the DagBag from /home/felipe/airflow/dags/utils/upload.py
[2024-01-14T17:55:13.303-0300] {processor.py:841} WARNING - No viable dags retrieved from /home/felipe/airflow/dags/utils/upload.py
[2024-01-14T17:55:13.309-0300] {processor.py:179} INFO - Processing /home/felipe/airflow/dags/utils/upload.py took 0.041 seconds
[2024-01-14T17:56:11.454-0300] {processor.py:157} INFO - Started process (PID=31317) to work on /home/felipe/airflow/dags/utils/upload.py
[2024-01-14T17:56:11.486-0300] {processor.py:829} INFO - Processing file /home/felipe/airflow/dags/utils/upload.py for tasks to queue
[2024-01-14T17:56:11.487-0300] {logging_mixin.py:154} INFO - [2024-01-14T17:56:11.487-0300] {dagbag.py:536} INFO - Filling up the DagBag from /home/felipe/airflow/dags/utils/upload.py
[2024-01-14T17:56:11.488-0300] {processor.py:841} WARNING - No viable dags retrieved from /home/felipe/airflow/dags/utils/upload.py
[2024-01-14T17:56:11.495-0300] {processor.py:179} INFO - Processing /home/felipe/airflow/dags/utils/upload.py took 0.042 seconds
[2024-01-14T17:57:09.889-0300] {processor.py:157} INFO - Started process (PID=31448) to work on /home/felipe/airflow/dags/utils/upload.py
[2024-01-14T17:57:09.921-0300] {processor.py:829} INFO - Processing file /home/felipe/airflow/dags/utils/upload.py for tasks to queue
[2024-01-14T17:57:09.922-0300] {logging_mixin.py:154} INFO - [2024-01-14T17:57:09.922-0300] {dagbag.py:536} INFO - Filling up the DagBag from /home/felipe/airflow/dags/utils/upload.py
[2024-01-14T17:57:09.923-0300] {processor.py:841} WARNING - No viable dags retrieved from /home/felipe/airflow/dags/utils/upload.py
[2024-01-14T17:57:09.930-0300] {processor.py:179} INFO - Processing /home/felipe/airflow/dags/utils/upload.py took 0.042 seconds
[2024-01-14T17:58:05.457-0300] {processor.py:157} INFO - Started process (PID=31561) to work on /home/felipe/airflow/dags/utils/upload.py
[2024-01-14T17:58:05.489-0300] {processor.py:829} INFO - Processing file /home/felipe/airflow/dags/utils/upload.py for tasks to queue
[2024-01-14T17:58:05.490-0300] {logging_mixin.py:154} INFO - [2024-01-14T17:58:05.489-0300] {dagbag.py:536} INFO - Filling up the DagBag from /home/felipe/airflow/dags/utils/upload.py
[2024-01-14T17:58:05.491-0300] {processor.py:841} WARNING - No viable dags retrieved from /home/felipe/airflow/dags/utils/upload.py
[2024-01-14T17:58:05.497-0300] {processor.py:179} INFO - Processing /home/felipe/airflow/dags/utils/upload.py took 0.042 seconds
[2024-01-14T17:59:04.783-0300] {processor.py:157} INFO - Started process (PID=31701) to work on /home/felipe/airflow/dags/utils/upload.py
[2024-01-14T17:59:04.815-0300] {processor.py:829} INFO - Processing file /home/felipe/airflow/dags/utils/upload.py for tasks to queue
[2024-01-14T17:59:04.815-0300] {logging_mixin.py:154} INFO - [2024-01-14T17:59:04.815-0300] {dagbag.py:536} INFO - Filling up the DagBag from /home/felipe/airflow/dags/utils/upload.py
[2024-01-14T17:59:04.816-0300] {processor.py:841} WARNING - No viable dags retrieved from /home/felipe/airflow/dags/utils/upload.py
[2024-01-14T17:59:04.822-0300] {processor.py:179} INFO - Processing /home/felipe/airflow/dags/utils/upload.py took 0.042 seconds
[2024-01-14T17:59:48.165-0300] {processor.py:157} INFO - Started process (PID=31796) to work on /home/felipe/airflow/dags/utils/upload.py
[2024-01-14T17:59:48.185-0300] {processor.py:829} INFO - Processing file /home/felipe/airflow/dags/utils/upload.py for tasks to queue
[2024-01-14T17:59:48.186-0300] {logging_mixin.py:154} INFO - [2024-01-14T17:59:48.185-0300] {dagbag.py:536} INFO - Filling up the DagBag from /home/felipe/airflow/dags/utils/upload.py
[2024-01-14T17:59:48.187-0300] {processor.py:841} WARNING - No viable dags retrieved from /home/felipe/airflow/dags/utils/upload.py
[2024-01-14T17:59:48.193-0300] {processor.py:179} INFO - Processing /home/felipe/airflow/dags/utils/upload.py took 0.030 seconds
[2024-01-14T18:00:45.988-0300] {processor.py:157} INFO - Started process (PID=31907) to work on /home/felipe/airflow/dags/utils/upload.py
[2024-01-14T18:00:46.020-0300] {processor.py:829} INFO - Processing file /home/felipe/airflow/dags/utils/upload.py for tasks to queue
[2024-01-14T18:00:46.021-0300] {logging_mixin.py:154} INFO - [2024-01-14T18:00:46.021-0300] {dagbag.py:536} INFO - Filling up the DagBag from /home/felipe/airflow/dags/utils/upload.py
[2024-01-14T18:00:46.022-0300] {processor.py:841} WARNING - No viable dags retrieved from /home/felipe/airflow/dags/utils/upload.py
[2024-01-14T18:00:46.029-0300] {processor.py:179} INFO - Processing /home/felipe/airflow/dags/utils/upload.py took 0.043 seconds
[2024-01-14T18:01:42.267-0300] {processor.py:157} INFO - Started process (PID=32038) to work on /home/felipe/airflow/dags/utils/upload.py
[2024-01-14T18:01:42.299-0300] {processor.py:829} INFO - Processing file /home/felipe/airflow/dags/utils/upload.py for tasks to queue
[2024-01-14T18:01:42.300-0300] {logging_mixin.py:154} INFO - [2024-01-14T18:01:42.300-0300] {dagbag.py:536} INFO - Filling up the DagBag from /home/felipe/airflow/dags/utils/upload.py
[2024-01-14T18:01:42.302-0300] {processor.py:841} WARNING - No viable dags retrieved from /home/felipe/airflow/dags/utils/upload.py
[2024-01-14T18:01:42.310-0300] {processor.py:179} INFO - Processing /home/felipe/airflow/dags/utils/upload.py took 0.045 seconds
[2024-01-14T18:02:40.262-0300] {processor.py:157} INFO - Started process (PID=32583) to work on /home/felipe/airflow/dags/utils/upload.py
[2024-01-14T18:02:40.294-0300] {processor.py:829} INFO - Processing file /home/felipe/airflow/dags/utils/upload.py for tasks to queue
[2024-01-14T18:02:40.294-0300] {logging_mixin.py:154} INFO - [2024-01-14T18:02:40.294-0300] {dagbag.py:536} INFO - Filling up the DagBag from /home/felipe/airflow/dags/utils/upload.py
[2024-01-14T18:02:40.295-0300] {processor.py:841} WARNING - No viable dags retrieved from /home/felipe/airflow/dags/utils/upload.py
[2024-01-14T18:02:40.301-0300] {processor.py:179} INFO - Processing /home/felipe/airflow/dags/utils/upload.py took 0.042 seconds
[2024-01-14T18:03:35.160-0300] {processor.py:157} INFO - Started process (PID=32730) to work on /home/felipe/airflow/dags/utils/upload.py
[2024-01-14T18:03:35.161-0300] {processor.py:829} INFO - Processing file /home/felipe/airflow/dags/utils/upload.py for tasks to queue
[2024-01-14T18:03:35.161-0300] {logging_mixin.py:154} INFO - [2024-01-14T18:03:35.161-0300] {dagbag.py:536} INFO - Filling up the DagBag from /home/felipe/airflow/dags/utils/upload.py
[2024-01-14T18:03:35.163-0300] {processor.py:841} WARNING - No viable dags retrieved from /home/felipe/airflow/dags/utils/upload.py
[2024-01-14T18:03:35.169-0300] {processor.py:179} INFO - Processing /home/felipe/airflow/dags/utils/upload.py took 0.011 seconds
[2024-01-14T18:04:29.377-0300] {processor.py:157} INFO - Started process (PID=32866) to work on /home/felipe/airflow/dags/utils/upload.py
[2024-01-14T18:04:29.409-0300] {processor.py:829} INFO - Processing file /home/felipe/airflow/dags/utils/upload.py for tasks to queue
[2024-01-14T18:04:29.410-0300] {logging_mixin.py:154} INFO - [2024-01-14T18:04:29.410-0300] {dagbag.py:536} INFO - Filling up the DagBag from /home/felipe/airflow/dags/utils/upload.py
[2024-01-14T18:04:29.411-0300] {processor.py:841} WARNING - No viable dags retrieved from /home/felipe/airflow/dags/utils/upload.py
[2024-01-14T18:04:29.417-0300] {processor.py:179} INFO - Processing /home/felipe/airflow/dags/utils/upload.py took 0.042 seconds
[2024-01-14T18:05:26.658-0300] {processor.py:157} INFO - Started process (PID=33009) to work on /home/felipe/airflow/dags/utils/upload.py
[2024-01-14T18:05:26.690-0300] {processor.py:829} INFO - Processing file /home/felipe/airflow/dags/utils/upload.py for tasks to queue
[2024-01-14T18:05:26.690-0300] {logging_mixin.py:154} INFO - [2024-01-14T18:05:26.690-0300] {dagbag.py:536} INFO - Filling up the DagBag from /home/felipe/airflow/dags/utils/upload.py
[2024-01-14T18:05:26.692-0300] {processor.py:841} WARNING - No viable dags retrieved from /home/felipe/airflow/dags/utils/upload.py
[2024-01-14T18:05:26.699-0300] {processor.py:179} INFO - Processing /home/felipe/airflow/dags/utils/upload.py took 0.044 seconds
[2024-01-14T18:06:25.079-0300] {processor.py:157} INFO - Started process (PID=33155) to work on /home/felipe/airflow/dags/utils/upload.py
[2024-01-14T18:06:25.111-0300] {processor.py:829} INFO - Processing file /home/felipe/airflow/dags/utils/upload.py for tasks to queue
[2024-01-14T18:06:25.112-0300] {logging_mixin.py:154} INFO - [2024-01-14T18:06:25.112-0300] {dagbag.py:536} INFO - Filling up the DagBag from /home/felipe/airflow/dags/utils/upload.py
[2024-01-14T18:06:25.113-0300] {processor.py:841} WARNING - No viable dags retrieved from /home/felipe/airflow/dags/utils/upload.py
[2024-01-14T18:06:25.120-0300] {processor.py:179} INFO - Processing /home/felipe/airflow/dags/utils/upload.py took 0.043 seconds
[2024-01-14T18:07:19.748-0300] {processor.py:157} INFO - Started process (PID=33281) to work on /home/felipe/airflow/dags/utils/upload.py
[2024-01-14T18:07:19.781-0300] {processor.py:829} INFO - Processing file /home/felipe/airflow/dags/utils/upload.py for tasks to queue
[2024-01-14T18:07:19.782-0300] {logging_mixin.py:154} INFO - [2024-01-14T18:07:19.781-0300] {dagbag.py:536} INFO - Filling up the DagBag from /home/felipe/airflow/dags/utils/upload.py
[2024-01-14T18:07:19.784-0300] {processor.py:841} WARNING - No viable dags retrieved from /home/felipe/airflow/dags/utils/upload.py
[2024-01-14T18:07:19.794-0300] {processor.py:179} INFO - Processing /home/felipe/airflow/dags/utils/upload.py took 0.048 seconds
[2024-01-14T18:08:18.965-0300] {processor.py:157} INFO - Started process (PID=33420) to work on /home/felipe/airflow/dags/utils/upload.py
[2024-01-14T18:08:18.998-0300] {processor.py:829} INFO - Processing file /home/felipe/airflow/dags/utils/upload.py for tasks to queue
[2024-01-14T18:08:18.998-0300] {logging_mixin.py:154} INFO - [2024-01-14T18:08:18.998-0300] {dagbag.py:536} INFO - Filling up the DagBag from /home/felipe/airflow/dags/utils/upload.py
[2024-01-14T18:08:19.000-0300] {processor.py:841} WARNING - No viable dags retrieved from /home/felipe/airflow/dags/utils/upload.py
[2024-01-14T18:08:19.006-0300] {processor.py:179} INFO - Processing /home/felipe/airflow/dags/utils/upload.py took 0.043 seconds
[2024-01-14T18:09:14.954-0300] {processor.py:157} INFO - Started process (PID=33589) to work on /home/felipe/airflow/dags/utils/upload.py
[2024-01-14T18:09:14.959-0300] {processor.py:829} INFO - Processing file /home/felipe/airflow/dags/utils/upload.py for tasks to queue
[2024-01-14T18:09:14.960-0300] {logging_mixin.py:154} INFO - [2024-01-14T18:09:14.959-0300] {dagbag.py:536} INFO - Filling up the DagBag from /home/felipe/airflow/dags/utils/upload.py
[2024-01-14T18:09:14.961-0300] {processor.py:841} WARNING - No viable dags retrieved from /home/felipe/airflow/dags/utils/upload.py
[2024-01-14T18:09:14.968-0300] {processor.py:179} INFO - Processing /home/felipe/airflow/dags/utils/upload.py took 0.017 seconds
[2024-01-14T18:10:11.517-0300] {processor.py:157} INFO - Started process (PID=33716) to work on /home/felipe/airflow/dags/utils/upload.py
[2024-01-14T18:10:11.549-0300] {processor.py:829} INFO - Processing file /home/felipe/airflow/dags/utils/upload.py for tasks to queue
[2024-01-14T18:10:11.549-0300] {logging_mixin.py:154} INFO - [2024-01-14T18:10:11.549-0300] {dagbag.py:536} INFO - Filling up the DagBag from /home/felipe/airflow/dags/utils/upload.py
[2024-01-14T18:10:11.551-0300] {processor.py:841} WARNING - No viable dags retrieved from /home/felipe/airflow/dags/utils/upload.py
[2024-01-14T18:10:11.557-0300] {processor.py:179} INFO - Processing /home/felipe/airflow/dags/utils/upload.py took 0.042 seconds
[2024-01-14T18:11:07.121-0300] {processor.py:157} INFO - Started process (PID=33856) to work on /home/felipe/airflow/dags/utils/upload.py
[2024-01-14T18:11:07.154-0300] {processor.py:829} INFO - Processing file /home/felipe/airflow/dags/utils/upload.py for tasks to queue
[2024-01-14T18:11:07.154-0300] {logging_mixin.py:154} INFO - [2024-01-14T18:11:07.154-0300] {dagbag.py:536} INFO - Filling up the DagBag from /home/felipe/airflow/dags/utils/upload.py
[2024-01-14T18:11:07.155-0300] {processor.py:841} WARNING - No viable dags retrieved from /home/felipe/airflow/dags/utils/upload.py
[2024-01-14T18:11:07.162-0300] {processor.py:179} INFO - Processing /home/felipe/airflow/dags/utils/upload.py took 0.042 seconds
[2024-01-14T18:12:03.425-0300] {processor.py:157} INFO - Started process (PID=33999) to work on /home/felipe/airflow/dags/utils/upload.py
[2024-01-14T18:12:03.457-0300] {processor.py:829} INFO - Processing file /home/felipe/airflow/dags/utils/upload.py for tasks to queue
[2024-01-14T18:12:03.457-0300] {logging_mixin.py:154} INFO - [2024-01-14T18:12:03.457-0300] {dagbag.py:536} INFO - Filling up the DagBag from /home/felipe/airflow/dags/utils/upload.py
[2024-01-14T18:12:03.459-0300] {processor.py:841} WARNING - No viable dags retrieved from /home/felipe/airflow/dags/utils/upload.py
[2024-01-14T18:12:03.465-0300] {processor.py:179} INFO - Processing /home/felipe/airflow/dags/utils/upload.py took 0.043 seconds
[2024-01-14T18:12:59.690-0300] {processor.py:157} INFO - Started process (PID=34210) to work on /home/felipe/airflow/dags/utils/upload.py
[2024-01-14T18:12:59.722-0300] {processor.py:829} INFO - Processing file /home/felipe/airflow/dags/utils/upload.py for tasks to queue
[2024-01-14T18:12:59.723-0300] {logging_mixin.py:154} INFO - [2024-01-14T18:12:59.722-0300] {dagbag.py:536} INFO - Filling up the DagBag from /home/felipe/airflow/dags/utils/upload.py
[2024-01-14T18:12:59.724-0300] {processor.py:841} WARNING - No viable dags retrieved from /home/felipe/airflow/dags/utils/upload.py
[2024-01-14T18:12:59.731-0300] {processor.py:179} INFO - Processing /home/felipe/airflow/dags/utils/upload.py took 0.043 seconds
[2024-01-14T18:13:53.123-0300] {processor.py:157} INFO - Started process (PID=34379) to work on /home/felipe/airflow/dags/utils/upload.py
[2024-01-14T18:13:53.156-0300] {processor.py:829} INFO - Processing file /home/felipe/airflow/dags/utils/upload.py for tasks to queue
[2024-01-14T18:13:53.156-0300] {logging_mixin.py:154} INFO - [2024-01-14T18:13:53.156-0300] {dagbag.py:536} INFO - Filling up the DagBag from /home/felipe/airflow/dags/utils/upload.py
[2024-01-14T18:13:53.158-0300] {processor.py:841} WARNING - No viable dags retrieved from /home/felipe/airflow/dags/utils/upload.py
[2024-01-14T18:13:53.165-0300] {processor.py:179} INFO - Processing /home/felipe/airflow/dags/utils/upload.py took 0.044 seconds
