[2024-01-05T10:30:08.238-0300] {processor.py:157} INFO - Started process (PID=11252) to work on /home/felipe/.local/lib/python3.11/site-packages/airflow/example_dags/plugins/listener_plugin.py
[2024-01-05T10:30:08.238-0300] {processor.py:829} INFO - Processing file /home/felipe/.local/lib/python3.11/site-packages/airflow/example_dags/plugins/listener_plugin.py for tasks to queue
[2024-01-05T10:30:08.239-0300] {logging_mixin.py:154} INFO - [2024-01-05T10:30:08.238-0300] {dagbag.py:536} INFO - Filling up the DagBag from /home/felipe/.local/lib/python3.11/site-packages/airflow/example_dags/plugins/listener_plugin.py
[2024-01-05T10:30:08.240-0300] {processor.py:841} WARNING - No viable dags retrieved from /home/felipe/.local/lib/python3.11/site-packages/airflow/example_dags/plugins/listener_plugin.py
[2024-01-05T10:30:08.246-0300] {processor.py:179} INFO - Processing /home/felipe/.local/lib/python3.11/site-packages/airflow/example_dags/plugins/listener_plugin.py took 0.010 seconds
[2024-01-05T10:31:24.741-0300] {processor.py:157} INFO - Started process (PID=11404) to work on /home/felipe/.local/lib/python3.11/site-packages/airflow/example_dags/plugins/listener_plugin.py
[2024-01-05T10:31:24.773-0300] {processor.py:829} INFO - Processing file /home/felipe/.local/lib/python3.11/site-packages/airflow/example_dags/plugins/listener_plugin.py for tasks to queue
[2024-01-05T10:31:24.774-0300] {logging_mixin.py:154} INFO - [2024-01-05T10:31:24.774-0300] {dagbag.py:536} INFO - Filling up the DagBag from /home/felipe/.local/lib/python3.11/site-packages/airflow/example_dags/plugins/listener_plugin.py
[2024-01-05T10:31:24.776-0300] {processor.py:841} WARNING - No viable dags retrieved from /home/felipe/.local/lib/python3.11/site-packages/airflow/example_dags/plugins/listener_plugin.py
[2024-01-05T10:31:24.782-0300] {processor.py:179} INFO - Processing /home/felipe/.local/lib/python3.11/site-packages/airflow/example_dags/plugins/listener_plugin.py took 0.043 seconds
[2024-01-05T10:32:42.412-0300] {processor.py:157} INFO - Started process (PID=11507) to work on /home/felipe/.local/lib/python3.11/site-packages/airflow/example_dags/plugins/listener_plugin.py
[2024-01-05T10:32:42.444-0300] {processor.py:829} INFO - Processing file /home/felipe/.local/lib/python3.11/site-packages/airflow/example_dags/plugins/listener_plugin.py for tasks to queue
[2024-01-05T10:32:42.444-0300] {logging_mixin.py:154} INFO - [2024-01-05T10:32:42.444-0300] {dagbag.py:536} INFO - Filling up the DagBag from /home/felipe/.local/lib/python3.11/site-packages/airflow/example_dags/plugins/listener_plugin.py
[2024-01-05T10:32:42.446-0300] {processor.py:841} WARNING - No viable dags retrieved from /home/felipe/.local/lib/python3.11/site-packages/airflow/example_dags/plugins/listener_plugin.py
[2024-01-05T10:32:42.453-0300] {processor.py:179} INFO - Processing /home/felipe/.local/lib/python3.11/site-packages/airflow/example_dags/plugins/listener_plugin.py took 0.043 seconds
[2024-01-05T10:34:30.375-0300] {processor.py:157} INFO - Started process (PID=11648) to work on /home/felipe/.local/lib/python3.11/site-packages/airflow/example_dags/plugins/listener_plugin.py
[2024-01-05T10:34:30.376-0300] {processor.py:829} INFO - Processing file /home/felipe/.local/lib/python3.11/site-packages/airflow/example_dags/plugins/listener_plugin.py for tasks to queue
[2024-01-05T10:34:30.376-0300] {logging_mixin.py:154} INFO - [2024-01-05T10:34:30.376-0300] {dagbag.py:536} INFO - Filling up the DagBag from /home/felipe/.local/lib/python3.11/site-packages/airflow/example_dags/plugins/listener_plugin.py
[2024-01-05T10:34:30.378-0300] {processor.py:841} WARNING - No viable dags retrieved from /home/felipe/.local/lib/python3.11/site-packages/airflow/example_dags/plugins/listener_plugin.py
[2024-01-05T10:34:30.384-0300] {processor.py:179} INFO - Processing /home/felipe/.local/lib/python3.11/site-packages/airflow/example_dags/plugins/listener_plugin.py took 0.010 seconds
[2024-01-05T10:35:47.663-0300] {processor.py:157} INFO - Started process (PID=11737) to work on /home/felipe/.local/lib/python3.11/site-packages/airflow/example_dags/plugins/listener_plugin.py
[2024-01-05T10:35:47.664-0300] {processor.py:829} INFO - Processing file /home/felipe/.local/lib/python3.11/site-packages/airflow/example_dags/plugins/listener_plugin.py for tasks to queue
[2024-01-05T10:35:47.664-0300] {logging_mixin.py:154} INFO - [2024-01-05T10:35:47.664-0300] {dagbag.py:536} INFO - Filling up the DagBag from /home/felipe/.local/lib/python3.11/site-packages/airflow/example_dags/plugins/listener_plugin.py
[2024-01-05T10:35:47.666-0300] {processor.py:841} WARNING - No viable dags retrieved from /home/felipe/.local/lib/python3.11/site-packages/airflow/example_dags/plugins/listener_plugin.py
[2024-01-05T10:35:47.671-0300] {processor.py:179} INFO - Processing /home/felipe/.local/lib/python3.11/site-packages/airflow/example_dags/plugins/listener_plugin.py took 0.010 seconds
[2024-01-05T10:37:05.005-0300] {processor.py:157} INFO - Started process (PID=11954) to work on /home/felipe/.local/lib/python3.11/site-packages/airflow/example_dags/plugins/listener_plugin.py
[2024-01-05T10:37:05.037-0300] {processor.py:829} INFO - Processing file /home/felipe/.local/lib/python3.11/site-packages/airflow/example_dags/plugins/listener_plugin.py for tasks to queue
[2024-01-05T10:37:05.038-0300] {logging_mixin.py:154} INFO - [2024-01-05T10:37:05.037-0300] {dagbag.py:536} INFO - Filling up the DagBag from /home/felipe/.local/lib/python3.11/site-packages/airflow/example_dags/plugins/listener_plugin.py
[2024-01-05T10:37:05.039-0300] {processor.py:841} WARNING - No viable dags retrieved from /home/felipe/.local/lib/python3.11/site-packages/airflow/example_dags/plugins/listener_plugin.py
[2024-01-05T10:37:05.045-0300] {processor.py:179} INFO - Processing /home/felipe/.local/lib/python3.11/site-packages/airflow/example_dags/plugins/listener_plugin.py took 0.042 seconds
[2024-01-05T10:43:25.276-0300] {processor.py:157} INFO - Started process (PID=12609) to work on /home/felipe/.local/lib/python3.11/site-packages/airflow/example_dags/plugins/listener_plugin.py
[2024-01-05T10:43:25.308-0300] {processor.py:829} INFO - Processing file /home/felipe/.local/lib/python3.11/site-packages/airflow/example_dags/plugins/listener_plugin.py for tasks to queue
[2024-01-05T10:43:25.309-0300] {logging_mixin.py:154} INFO - [2024-01-05T10:43:25.309-0300] {dagbag.py:536} INFO - Filling up the DagBag from /home/felipe/.local/lib/python3.11/site-packages/airflow/example_dags/plugins/listener_plugin.py
[2024-01-05T10:43:25.311-0300] {processor.py:841} WARNING - No viable dags retrieved from /home/felipe/.local/lib/python3.11/site-packages/airflow/example_dags/plugins/listener_plugin.py
[2024-01-05T10:43:25.317-0300] {processor.py:179} INFO - Processing /home/felipe/.local/lib/python3.11/site-packages/airflow/example_dags/plugins/listener_plugin.py took 0.042 seconds
[2024-01-05T10:44:21.734-0300] {processor.py:157} INFO - Started process (PID=12735) to work on /home/felipe/.local/lib/python3.11/site-packages/airflow/example_dags/plugins/listener_plugin.py
[2024-01-05T10:44:21.766-0300] {processor.py:829} INFO - Processing file /home/felipe/.local/lib/python3.11/site-packages/airflow/example_dags/plugins/listener_plugin.py for tasks to queue
[2024-01-05T10:44:21.767-0300] {logging_mixin.py:154} INFO - [2024-01-05T10:44:21.767-0300] {dagbag.py:536} INFO - Filling up the DagBag from /home/felipe/.local/lib/python3.11/site-packages/airflow/example_dags/plugins/listener_plugin.py
[2024-01-05T10:44:21.768-0300] {processor.py:841} WARNING - No viable dags retrieved from /home/felipe/.local/lib/python3.11/site-packages/airflow/example_dags/plugins/listener_plugin.py
[2024-01-05T10:44:21.774-0300] {processor.py:179} INFO - Processing /home/felipe/.local/lib/python3.11/site-packages/airflow/example_dags/plugins/listener_plugin.py took 0.043 seconds
[2024-01-05T10:45:15.519-0300] {processor.py:157} INFO - Started process (PID=12840) to work on /home/felipe/.local/lib/python3.11/site-packages/airflow/example_dags/plugins/listener_plugin.py
[2024-01-05T10:45:15.520-0300] {processor.py:829} INFO - Processing file /home/felipe/.local/lib/python3.11/site-packages/airflow/example_dags/plugins/listener_plugin.py for tasks to queue
[2024-01-05T10:45:15.521-0300] {logging_mixin.py:154} INFO - [2024-01-05T10:45:15.520-0300] {dagbag.py:536} INFO - Filling up the DagBag from /home/felipe/.local/lib/python3.11/site-packages/airflow/example_dags/plugins/listener_plugin.py
[2024-01-05T10:45:15.522-0300] {processor.py:841} WARNING - No viable dags retrieved from /home/felipe/.local/lib/python3.11/site-packages/airflow/example_dags/plugins/listener_plugin.py
[2024-01-05T10:45:15.529-0300] {processor.py:179} INFO - Processing /home/felipe/.local/lib/python3.11/site-packages/airflow/example_dags/plugins/listener_plugin.py took 0.012 seconds
[2024-01-05T10:46:22.945-0300] {processor.py:157} INFO - Started process (PID=13018) to work on /home/felipe/.local/lib/python3.11/site-packages/airflow/example_dags/plugins/listener_plugin.py
[2024-01-05T10:46:23.011-0300] {processor.py:829} INFO - Processing file /home/felipe/.local/lib/python3.11/site-packages/airflow/example_dags/plugins/listener_plugin.py for tasks to queue
[2024-01-05T10:46:23.012-0300] {logging_mixin.py:154} INFO - [2024-01-05T10:46:23.012-0300] {dagbag.py:536} INFO - Filling up the DagBag from /home/felipe/.local/lib/python3.11/site-packages/airflow/example_dags/plugins/listener_plugin.py
[2024-01-05T10:46:23.014-0300] {processor.py:841} WARNING - No viable dags retrieved from /home/felipe/.local/lib/python3.11/site-packages/airflow/example_dags/plugins/listener_plugin.py
[2024-01-05T10:46:23.022-0300] {processor.py:179} INFO - Processing /home/felipe/.local/lib/python3.11/site-packages/airflow/example_dags/plugins/listener_plugin.py took 0.078 seconds
[2024-01-05T10:52:16.203-0300] {processor.py:157} INFO - Started process (PID=13517) to work on /home/felipe/.local/lib/python3.11/site-packages/airflow/example_dags/plugins/listener_plugin.py
[2024-01-05T10:52:16.235-0300] {processor.py:829} INFO - Processing file /home/felipe/.local/lib/python3.11/site-packages/airflow/example_dags/plugins/listener_plugin.py for tasks to queue
[2024-01-05T10:52:16.236-0300] {logging_mixin.py:154} INFO - [2024-01-05T10:52:16.235-0300] {dagbag.py:536} INFO - Filling up the DagBag from /home/felipe/.local/lib/python3.11/site-packages/airflow/example_dags/plugins/listener_plugin.py
[2024-01-05T10:52:16.237-0300] {processor.py:841} WARNING - No viable dags retrieved from /home/felipe/.local/lib/python3.11/site-packages/airflow/example_dags/plugins/listener_plugin.py
[2024-01-05T10:52:16.245-0300] {processor.py:179} INFO - Processing /home/felipe/.local/lib/python3.11/site-packages/airflow/example_dags/plugins/listener_plugin.py took 0.044 seconds
[2024-01-05T10:53:15.799-0300] {processor.py:157} INFO - Started process (PID=13679) to work on /home/felipe/.local/lib/python3.11/site-packages/airflow/example_dags/plugins/listener_plugin.py
[2024-01-05T10:53:15.831-0300] {processor.py:829} INFO - Processing file /home/felipe/.local/lib/python3.11/site-packages/airflow/example_dags/plugins/listener_plugin.py for tasks to queue
[2024-01-05T10:53:15.831-0300] {logging_mixin.py:154} INFO - [2024-01-05T10:53:15.831-0300] {dagbag.py:536} INFO - Filling up the DagBag from /home/felipe/.local/lib/python3.11/site-packages/airflow/example_dags/plugins/listener_plugin.py
[2024-01-05T10:53:15.833-0300] {processor.py:841} WARNING - No viable dags retrieved from /home/felipe/.local/lib/python3.11/site-packages/airflow/example_dags/plugins/listener_plugin.py
[2024-01-05T10:53:15.839-0300] {processor.py:179} INFO - Processing /home/felipe/.local/lib/python3.11/site-packages/airflow/example_dags/plugins/listener_plugin.py took 0.042 seconds
[2024-01-05T10:54:19.532-0300] {processor.py:157} INFO - Started process (PID=13826) to work on /home/felipe/.local/lib/python3.11/site-packages/airflow/example_dags/plugins/listener_plugin.py
[2024-01-05T10:54:19.564-0300] {processor.py:829} INFO - Processing file /home/felipe/.local/lib/python3.11/site-packages/airflow/example_dags/plugins/listener_plugin.py for tasks to queue
[2024-01-05T10:54:19.565-0300] {logging_mixin.py:154} INFO - [2024-01-05T10:54:19.564-0300] {dagbag.py:536} INFO - Filling up the DagBag from /home/felipe/.local/lib/python3.11/site-packages/airflow/example_dags/plugins/listener_plugin.py
[2024-01-05T10:54:19.567-0300] {processor.py:841} WARNING - No viable dags retrieved from /home/felipe/.local/lib/python3.11/site-packages/airflow/example_dags/plugins/listener_plugin.py
[2024-01-05T10:54:19.573-0300] {processor.py:179} INFO - Processing /home/felipe/.local/lib/python3.11/site-packages/airflow/example_dags/plugins/listener_plugin.py took 0.043 seconds
[2024-01-05T10:55:22.846-0300] {processor.py:157} INFO - Started process (PID=13963) to work on /home/felipe/.local/lib/python3.11/site-packages/airflow/example_dags/plugins/listener_plugin.py
[2024-01-05T10:55:22.878-0300] {processor.py:829} INFO - Processing file /home/felipe/.local/lib/python3.11/site-packages/airflow/example_dags/plugins/listener_plugin.py for tasks to queue
[2024-01-05T10:55:22.879-0300] {logging_mixin.py:154} INFO - [2024-01-05T10:55:22.878-0300] {dagbag.py:536} INFO - Filling up the DagBag from /home/felipe/.local/lib/python3.11/site-packages/airflow/example_dags/plugins/listener_plugin.py
[2024-01-05T10:55:22.880-0300] {processor.py:841} WARNING - No viable dags retrieved from /home/felipe/.local/lib/python3.11/site-packages/airflow/example_dags/plugins/listener_plugin.py
[2024-01-05T10:55:22.887-0300] {processor.py:179} INFO - Processing /home/felipe/.local/lib/python3.11/site-packages/airflow/example_dags/plugins/listener_plugin.py took 0.043 seconds
[2024-01-05T10:56:21.981-0300] {processor.py:157} INFO - Started process (PID=14056) to work on /home/felipe/.local/lib/python3.11/site-packages/airflow/example_dags/plugins/listener_plugin.py
[2024-01-05T10:56:22.013-0300] {processor.py:829} INFO - Processing file /home/felipe/.local/lib/python3.11/site-packages/airflow/example_dags/plugins/listener_plugin.py for tasks to queue
[2024-01-05T10:56:22.014-0300] {logging_mixin.py:154} INFO - [2024-01-05T10:56:22.014-0300] {dagbag.py:536} INFO - Filling up the DagBag from /home/felipe/.local/lib/python3.11/site-packages/airflow/example_dags/plugins/listener_plugin.py
[2024-01-05T10:56:22.016-0300] {processor.py:841} WARNING - No viable dags retrieved from /home/felipe/.local/lib/python3.11/site-packages/airflow/example_dags/plugins/listener_plugin.py
[2024-01-05T10:56:22.023-0300] {processor.py:179} INFO - Processing /home/felipe/.local/lib/python3.11/site-packages/airflow/example_dags/plugins/listener_plugin.py took 0.044 seconds
[2024-01-05T10:57:24.179-0300] {processor.py:157} INFO - Started process (PID=14197) to work on /home/felipe/.local/lib/python3.11/site-packages/airflow/example_dags/plugins/listener_plugin.py
[2024-01-05T10:57:24.211-0300] {processor.py:829} INFO - Processing file /home/felipe/.local/lib/python3.11/site-packages/airflow/example_dags/plugins/listener_plugin.py for tasks to queue
[2024-01-05T10:57:24.211-0300] {logging_mixin.py:154} INFO - [2024-01-05T10:57:24.211-0300] {dagbag.py:536} INFO - Filling up the DagBag from /home/felipe/.local/lib/python3.11/site-packages/airflow/example_dags/plugins/listener_plugin.py
[2024-01-05T10:57:24.213-0300] {processor.py:841} WARNING - No viable dags retrieved from /home/felipe/.local/lib/python3.11/site-packages/airflow/example_dags/plugins/listener_plugin.py
[2024-01-05T10:57:24.219-0300] {processor.py:179} INFO - Processing /home/felipe/.local/lib/python3.11/site-packages/airflow/example_dags/plugins/listener_plugin.py took 0.042 seconds
[2024-01-05T10:58:26.359-0300] {processor.py:157} INFO - Started process (PID=14307) to work on /home/felipe/.local/lib/python3.11/site-packages/airflow/example_dags/plugins/listener_plugin.py
[2024-01-05T10:58:26.391-0300] {processor.py:829} INFO - Processing file /home/felipe/.local/lib/python3.11/site-packages/airflow/example_dags/plugins/listener_plugin.py for tasks to queue
[2024-01-05T10:58:26.392-0300] {logging_mixin.py:154} INFO - [2024-01-05T10:58:26.391-0300] {dagbag.py:536} INFO - Filling up the DagBag from /home/felipe/.local/lib/python3.11/site-packages/airflow/example_dags/plugins/listener_plugin.py
[2024-01-05T10:58:26.393-0300] {processor.py:841} WARNING - No viable dags retrieved from /home/felipe/.local/lib/python3.11/site-packages/airflow/example_dags/plugins/listener_plugin.py
[2024-01-05T10:58:26.400-0300] {processor.py:179} INFO - Processing /home/felipe/.local/lib/python3.11/site-packages/airflow/example_dags/plugins/listener_plugin.py took 0.043 seconds
[2024-01-05T10:59:26.526-0300] {processor.py:157} INFO - Started process (PID=14421) to work on /home/felipe/.local/lib/python3.11/site-packages/airflow/example_dags/plugins/listener_plugin.py
[2024-01-05T10:59:26.562-0300] {processor.py:829} INFO - Processing file /home/felipe/.local/lib/python3.11/site-packages/airflow/example_dags/plugins/listener_plugin.py for tasks to queue
[2024-01-05T10:59:26.563-0300] {logging_mixin.py:154} INFO - [2024-01-05T10:59:26.563-0300] {dagbag.py:536} INFO - Filling up the DagBag from /home/felipe/.local/lib/python3.11/site-packages/airflow/example_dags/plugins/listener_plugin.py
[2024-01-05T10:59:26.564-0300] {processor.py:841} WARNING - No viable dags retrieved from /home/felipe/.local/lib/python3.11/site-packages/airflow/example_dags/plugins/listener_plugin.py
[2024-01-05T10:59:26.575-0300] {processor.py:179} INFO - Processing /home/felipe/.local/lib/python3.11/site-packages/airflow/example_dags/plugins/listener_plugin.py took 0.050 seconds
[2024-01-05T11:00:30.447-0300] {processor.py:157} INFO - Started process (PID=14540) to work on /home/felipe/.local/lib/python3.11/site-packages/airflow/example_dags/plugins/listener_plugin.py
[2024-01-05T11:00:30.479-0300] {processor.py:829} INFO - Processing file /home/felipe/.local/lib/python3.11/site-packages/airflow/example_dags/plugins/listener_plugin.py for tasks to queue
[2024-01-05T11:00:30.480-0300] {logging_mixin.py:154} INFO - [2024-01-05T11:00:30.479-0300] {dagbag.py:536} INFO - Filling up the DagBag from /home/felipe/.local/lib/python3.11/site-packages/airflow/example_dags/plugins/listener_plugin.py
[2024-01-05T11:00:30.481-0300] {processor.py:841} WARNING - No viable dags retrieved from /home/felipe/.local/lib/python3.11/site-packages/airflow/example_dags/plugins/listener_plugin.py
[2024-01-05T11:00:30.489-0300] {processor.py:179} INFO - Processing /home/felipe/.local/lib/python3.11/site-packages/airflow/example_dags/plugins/listener_plugin.py took 0.044 seconds
[2024-01-05T11:01:21.233-0300] {processor.py:157} INFO - Started process (PID=14623) to work on /home/felipe/.local/lib/python3.11/site-packages/airflow/example_dags/plugins/listener_plugin.py
[2024-01-05T11:01:21.265-0300] {processor.py:829} INFO - Processing file /home/felipe/.local/lib/python3.11/site-packages/airflow/example_dags/plugins/listener_plugin.py for tasks to queue
[2024-01-05T11:01:21.266-0300] {logging_mixin.py:154} INFO - [2024-01-05T11:01:21.265-0300] {dagbag.py:536} INFO - Filling up the DagBag from /home/felipe/.local/lib/python3.11/site-packages/airflow/example_dags/plugins/listener_plugin.py
[2024-01-05T11:01:21.267-0300] {processor.py:841} WARNING - No viable dags retrieved from /home/felipe/.local/lib/python3.11/site-packages/airflow/example_dags/plugins/listener_plugin.py
[2024-01-05T11:01:21.274-0300] {processor.py:179} INFO - Processing /home/felipe/.local/lib/python3.11/site-packages/airflow/example_dags/plugins/listener_plugin.py took 0.043 seconds
[2024-01-05T11:02:25.826-0300] {processor.py:157} INFO - Started process (PID=14737) to work on /home/felipe/.local/lib/python3.11/site-packages/airflow/example_dags/plugins/listener_plugin.py
[2024-01-05T11:02:25.858-0300] {processor.py:829} INFO - Processing file /home/felipe/.local/lib/python3.11/site-packages/airflow/example_dags/plugins/listener_plugin.py for tasks to queue
[2024-01-05T11:02:25.859-0300] {logging_mixin.py:154} INFO - [2024-01-05T11:02:25.859-0300] {dagbag.py:536} INFO - Filling up the DagBag from /home/felipe/.local/lib/python3.11/site-packages/airflow/example_dags/plugins/listener_plugin.py
[2024-01-05T11:02:25.861-0300] {processor.py:841} WARNING - No viable dags retrieved from /home/felipe/.local/lib/python3.11/site-packages/airflow/example_dags/plugins/listener_plugin.py
[2024-01-05T11:02:25.867-0300] {processor.py:179} INFO - Processing /home/felipe/.local/lib/python3.11/site-packages/airflow/example_dags/plugins/listener_plugin.py took 0.043 seconds
[2024-01-05T11:03:38.079-0300] {processor.py:157} INFO - Started process (PID=14858) to work on /home/felipe/.local/lib/python3.11/site-packages/airflow/example_dags/plugins/listener_plugin.py
[2024-01-05T11:03:38.100-0300] {processor.py:829} INFO - Processing file /home/felipe/.local/lib/python3.11/site-packages/airflow/example_dags/plugins/listener_plugin.py for tasks to queue
[2024-01-05T11:03:38.100-0300] {logging_mixin.py:154} INFO - [2024-01-05T11:03:38.100-0300] {dagbag.py:536} INFO - Filling up the DagBag from /home/felipe/.local/lib/python3.11/site-packages/airflow/example_dags/plugins/listener_plugin.py
[2024-01-05T11:03:38.102-0300] {processor.py:841} WARNING - No viable dags retrieved from /home/felipe/.local/lib/python3.11/site-packages/airflow/example_dags/plugins/listener_plugin.py
[2024-01-05T11:03:38.109-0300] {processor.py:179} INFO - Processing /home/felipe/.local/lib/python3.11/site-packages/airflow/example_dags/plugins/listener_plugin.py took 0.032 seconds
[2024-01-05T11:04:44.233-0300] {processor.py:157} INFO - Started process (PID=14976) to work on /home/felipe/.local/lib/python3.11/site-packages/airflow/example_dags/plugins/listener_plugin.py
[2024-01-05T11:04:44.265-0300] {processor.py:829} INFO - Processing file /home/felipe/.local/lib/python3.11/site-packages/airflow/example_dags/plugins/listener_plugin.py for tasks to queue
[2024-01-05T11:04:44.265-0300] {logging_mixin.py:154} INFO - [2024-01-05T11:04:44.265-0300] {dagbag.py:536} INFO - Filling up the DagBag from /home/felipe/.local/lib/python3.11/site-packages/airflow/example_dags/plugins/listener_plugin.py
[2024-01-05T11:04:44.267-0300] {processor.py:841} WARNING - No viable dags retrieved from /home/felipe/.local/lib/python3.11/site-packages/airflow/example_dags/plugins/listener_plugin.py
[2024-01-05T11:04:44.273-0300] {processor.py:179} INFO - Processing /home/felipe/.local/lib/python3.11/site-packages/airflow/example_dags/plugins/listener_plugin.py took 0.043 seconds
[2024-01-05T11:05:54.739-0300] {processor.py:157} INFO - Started process (PID=15121) to work on /home/felipe/.local/lib/python3.11/site-packages/airflow/example_dags/plugins/listener_plugin.py
[2024-01-05T11:05:54.771-0300] {processor.py:829} INFO - Processing file /home/felipe/.local/lib/python3.11/site-packages/airflow/example_dags/plugins/listener_plugin.py for tasks to queue
[2024-01-05T11:05:54.772-0300] {logging_mixin.py:154} INFO - [2024-01-05T11:05:54.772-0300] {dagbag.py:536} INFO - Filling up the DagBag from /home/felipe/.local/lib/python3.11/site-packages/airflow/example_dags/plugins/listener_plugin.py
[2024-01-05T11:05:54.774-0300] {processor.py:841} WARNING - No viable dags retrieved from /home/felipe/.local/lib/python3.11/site-packages/airflow/example_dags/plugins/listener_plugin.py
[2024-01-05T11:05:54.780-0300] {processor.py:179} INFO - Processing /home/felipe/.local/lib/python3.11/site-packages/airflow/example_dags/plugins/listener_plugin.py took 0.042 seconds
[2024-01-05T11:07:01.734-0300] {processor.py:157} INFO - Started process (PID=15238) to work on /home/felipe/.local/lib/python3.11/site-packages/airflow/example_dags/plugins/listener_plugin.py
[2024-01-05T11:07:01.767-0300] {processor.py:829} INFO - Processing file /home/felipe/.local/lib/python3.11/site-packages/airflow/example_dags/plugins/listener_plugin.py for tasks to queue
[2024-01-05T11:07:01.767-0300] {logging_mixin.py:154} INFO - [2024-01-05T11:07:01.767-0300] {dagbag.py:536} INFO - Filling up the DagBag from /home/felipe/.local/lib/python3.11/site-packages/airflow/example_dags/plugins/listener_plugin.py
[2024-01-05T11:07:01.769-0300] {processor.py:841} WARNING - No viable dags retrieved from /home/felipe/.local/lib/python3.11/site-packages/airflow/example_dags/plugins/listener_plugin.py
[2024-01-05T11:07:01.775-0300] {processor.py:179} INFO - Processing /home/felipe/.local/lib/python3.11/site-packages/airflow/example_dags/plugins/listener_plugin.py took 0.043 seconds
[2024-01-05T11:08:06.835-0300] {processor.py:157} INFO - Started process (PID=15350) to work on /home/felipe/.local/lib/python3.11/site-packages/airflow/example_dags/plugins/listener_plugin.py
[2024-01-05T11:08:06.867-0300] {processor.py:829} INFO - Processing file /home/felipe/.local/lib/python3.11/site-packages/airflow/example_dags/plugins/listener_plugin.py for tasks to queue
[2024-01-05T11:08:06.868-0300] {logging_mixin.py:154} INFO - [2024-01-05T11:08:06.867-0300] {dagbag.py:536} INFO - Filling up the DagBag from /home/felipe/.local/lib/python3.11/site-packages/airflow/example_dags/plugins/listener_plugin.py
[2024-01-05T11:08:06.870-0300] {processor.py:841} WARNING - No viable dags retrieved from /home/felipe/.local/lib/python3.11/site-packages/airflow/example_dags/plugins/listener_plugin.py
[2024-01-05T11:08:06.876-0300] {processor.py:179} INFO - Processing /home/felipe/.local/lib/python3.11/site-packages/airflow/example_dags/plugins/listener_plugin.py took 0.044 seconds
[2024-01-05T11:09:13.625-0300] {processor.py:157} INFO - Started process (PID=15473) to work on /home/felipe/.local/lib/python3.11/site-packages/airflow/example_dags/plugins/listener_plugin.py
[2024-01-05T11:09:13.636-0300] {processor.py:829} INFO - Processing file /home/felipe/.local/lib/python3.11/site-packages/airflow/example_dags/plugins/listener_plugin.py for tasks to queue
[2024-01-05T11:09:13.636-0300] {logging_mixin.py:154} INFO - [2024-01-05T11:09:13.636-0300] {dagbag.py:536} INFO - Filling up the DagBag from /home/felipe/.local/lib/python3.11/site-packages/airflow/example_dags/plugins/listener_plugin.py
[2024-01-05T11:09:13.638-0300] {processor.py:841} WARNING - No viable dags retrieved from /home/felipe/.local/lib/python3.11/site-packages/airflow/example_dags/plugins/listener_plugin.py
[2024-01-05T11:09:13.644-0300] {processor.py:179} INFO - Processing /home/felipe/.local/lib/python3.11/site-packages/airflow/example_dags/plugins/listener_plugin.py took 0.021 seconds
[2024-01-05T11:10:14.814-0300] {processor.py:157} INFO - Started process (PID=15611) to work on /home/felipe/.local/lib/python3.11/site-packages/airflow/example_dags/plugins/listener_plugin.py
[2024-01-05T11:10:14.846-0300] {processor.py:829} INFO - Processing file /home/felipe/.local/lib/python3.11/site-packages/airflow/example_dags/plugins/listener_plugin.py for tasks to queue
[2024-01-05T11:10:14.846-0300] {logging_mixin.py:154} INFO - [2024-01-05T11:10:14.846-0300] {dagbag.py:536} INFO - Filling up the DagBag from /home/felipe/.local/lib/python3.11/site-packages/airflow/example_dags/plugins/listener_plugin.py
[2024-01-05T11:10:14.848-0300] {processor.py:841} WARNING - No viable dags retrieved from /home/felipe/.local/lib/python3.11/site-packages/airflow/example_dags/plugins/listener_plugin.py
[2024-01-05T11:10:14.854-0300] {processor.py:179} INFO - Processing /home/felipe/.local/lib/python3.11/site-packages/airflow/example_dags/plugins/listener_plugin.py took 0.043 seconds
[2024-01-05T11:11:20.894-0300] {processor.py:157} INFO - Started process (PID=15728) to work on /home/felipe/.local/lib/python3.11/site-packages/airflow/example_dags/plugins/listener_plugin.py
[2024-01-05T11:11:20.927-0300] {processor.py:829} INFO - Processing file /home/felipe/.local/lib/python3.11/site-packages/airflow/example_dags/plugins/listener_plugin.py for tasks to queue
[2024-01-05T11:11:20.927-0300] {logging_mixin.py:154} INFO - [2024-01-05T11:11:20.927-0300] {dagbag.py:536} INFO - Filling up the DagBag from /home/felipe/.local/lib/python3.11/site-packages/airflow/example_dags/plugins/listener_plugin.py
[2024-01-05T11:11:20.929-0300] {processor.py:841} WARNING - No viable dags retrieved from /home/felipe/.local/lib/python3.11/site-packages/airflow/example_dags/plugins/listener_plugin.py
[2024-01-05T11:11:20.935-0300] {processor.py:179} INFO - Processing /home/felipe/.local/lib/python3.11/site-packages/airflow/example_dags/plugins/listener_plugin.py took 0.043 seconds
[2024-01-05T11:12:16.183-0300] {processor.py:157} INFO - Started process (PID=15832) to work on /home/felipe/.local/lib/python3.11/site-packages/airflow/example_dags/plugins/listener_plugin.py
[2024-01-05T11:12:16.215-0300] {processor.py:829} INFO - Processing file /home/felipe/.local/lib/python3.11/site-packages/airflow/example_dags/plugins/listener_plugin.py for tasks to queue
[2024-01-05T11:12:16.215-0300] {logging_mixin.py:154} INFO - [2024-01-05T11:12:16.215-0300] {dagbag.py:536} INFO - Filling up the DagBag from /home/felipe/.local/lib/python3.11/site-packages/airflow/example_dags/plugins/listener_plugin.py
[2024-01-05T11:12:16.217-0300] {processor.py:841} WARNING - No viable dags retrieved from /home/felipe/.local/lib/python3.11/site-packages/airflow/example_dags/plugins/listener_plugin.py
[2024-01-05T11:12:16.223-0300] {processor.py:179} INFO - Processing /home/felipe/.local/lib/python3.11/site-packages/airflow/example_dags/plugins/listener_plugin.py took 0.042 seconds
[2024-01-05T11:13:19.082-0300] {processor.py:157} INFO - Started process (PID=17276) to work on /home/felipe/.local/lib/python3.11/site-packages/airflow/example_dags/plugins/listener_plugin.py
[2024-01-05T11:13:19.114-0300] {processor.py:829} INFO - Processing file /home/felipe/.local/lib/python3.11/site-packages/airflow/example_dags/plugins/listener_plugin.py for tasks to queue
[2024-01-05T11:13:19.115-0300] {logging_mixin.py:154} INFO - [2024-01-05T11:13:19.115-0300] {dagbag.py:536} INFO - Filling up the DagBag from /home/felipe/.local/lib/python3.11/site-packages/airflow/example_dags/plugins/listener_plugin.py
[2024-01-05T11:13:19.117-0300] {processor.py:841} WARNING - No viable dags retrieved from /home/felipe/.local/lib/python3.11/site-packages/airflow/example_dags/plugins/listener_plugin.py
[2024-01-05T11:13:19.123-0300] {processor.py:179} INFO - Processing /home/felipe/.local/lib/python3.11/site-packages/airflow/example_dags/plugins/listener_plugin.py took 0.043 seconds
[2024-01-05T11:14:20.443-0300] {processor.py:157} INFO - Started process (PID=17384) to work on /home/felipe/.local/lib/python3.11/site-packages/airflow/example_dags/plugins/listener_plugin.py
[2024-01-05T11:14:20.475-0300] {processor.py:829} INFO - Processing file /home/felipe/.local/lib/python3.11/site-packages/airflow/example_dags/plugins/listener_plugin.py for tasks to queue
[2024-01-05T11:14:20.476-0300] {logging_mixin.py:154} INFO - [2024-01-05T11:14:20.475-0300] {dagbag.py:536} INFO - Filling up the DagBag from /home/felipe/.local/lib/python3.11/site-packages/airflow/example_dags/plugins/listener_plugin.py
[2024-01-05T11:14:20.477-0300] {processor.py:841} WARNING - No viable dags retrieved from /home/felipe/.local/lib/python3.11/site-packages/airflow/example_dags/plugins/listener_plugin.py
[2024-01-05T11:14:20.484-0300] {processor.py:179} INFO - Processing /home/felipe/.local/lib/python3.11/site-packages/airflow/example_dags/plugins/listener_plugin.py took 0.043 seconds
[2024-01-05T11:15:24.090-0300] {processor.py:157} INFO - Started process (PID=17504) to work on /home/felipe/.local/lib/python3.11/site-packages/airflow/example_dags/plugins/listener_plugin.py
[2024-01-05T11:15:24.122-0300] {processor.py:829} INFO - Processing file /home/felipe/.local/lib/python3.11/site-packages/airflow/example_dags/plugins/listener_plugin.py for tasks to queue
[2024-01-05T11:15:24.123-0300] {logging_mixin.py:154} INFO - [2024-01-05T11:15:24.122-0300] {dagbag.py:536} INFO - Filling up the DagBag from /home/felipe/.local/lib/python3.11/site-packages/airflow/example_dags/plugins/listener_plugin.py
[2024-01-05T11:15:24.124-0300] {processor.py:841} WARNING - No viable dags retrieved from /home/felipe/.local/lib/python3.11/site-packages/airflow/example_dags/plugins/listener_plugin.py
[2024-01-05T11:15:24.130-0300] {processor.py:179} INFO - Processing /home/felipe/.local/lib/python3.11/site-packages/airflow/example_dags/plugins/listener_plugin.py took 0.042 seconds
[2024-01-05T11:16:23.095-0300] {processor.py:157} INFO - Started process (PID=17620) to work on /home/felipe/.local/lib/python3.11/site-packages/airflow/example_dags/plugins/listener_plugin.py
[2024-01-05T11:16:23.127-0300] {processor.py:829} INFO - Processing file /home/felipe/.local/lib/python3.11/site-packages/airflow/example_dags/plugins/listener_plugin.py for tasks to queue
[2024-01-05T11:16:23.127-0300] {logging_mixin.py:154} INFO - [2024-01-05T11:16:23.127-0300] {dagbag.py:536} INFO - Filling up the DagBag from /home/felipe/.local/lib/python3.11/site-packages/airflow/example_dags/plugins/listener_plugin.py
[2024-01-05T11:16:23.129-0300] {processor.py:841} WARNING - No viable dags retrieved from /home/felipe/.local/lib/python3.11/site-packages/airflow/example_dags/plugins/listener_plugin.py
[2024-01-05T11:16:23.135-0300] {processor.py:179} INFO - Processing /home/felipe/.local/lib/python3.11/site-packages/airflow/example_dags/plugins/listener_plugin.py took 0.042 seconds
[2024-01-05T11:17:29.660-0300] {processor.py:157} INFO - Started process (PID=17748) to work on /home/felipe/.local/lib/python3.11/site-packages/airflow/example_dags/plugins/listener_plugin.py
[2024-01-05T11:17:29.692-0300] {processor.py:829} INFO - Processing file /home/felipe/.local/lib/python3.11/site-packages/airflow/example_dags/plugins/listener_plugin.py for tasks to queue
[2024-01-05T11:17:29.692-0300] {logging_mixin.py:154} INFO - [2024-01-05T11:17:29.692-0300] {dagbag.py:536} INFO - Filling up the DagBag from /home/felipe/.local/lib/python3.11/site-packages/airflow/example_dags/plugins/listener_plugin.py
[2024-01-05T11:17:29.694-0300] {processor.py:841} WARNING - No viable dags retrieved from /home/felipe/.local/lib/python3.11/site-packages/airflow/example_dags/plugins/listener_plugin.py
[2024-01-05T11:17:29.700-0300] {processor.py:179} INFO - Processing /home/felipe/.local/lib/python3.11/site-packages/airflow/example_dags/plugins/listener_plugin.py took 0.042 seconds
[2024-01-05T11:18:41.787-0300] {processor.py:157} INFO - Started process (PID=17869) to work on /home/felipe/.local/lib/python3.11/site-packages/airflow/example_dags/plugins/listener_plugin.py
[2024-01-05T11:18:41.819-0300] {processor.py:829} INFO - Processing file /home/felipe/.local/lib/python3.11/site-packages/airflow/example_dags/plugins/listener_plugin.py for tasks to queue
[2024-01-05T11:18:41.819-0300] {logging_mixin.py:154} INFO - [2024-01-05T11:18:41.819-0300] {dagbag.py:536} INFO - Filling up the DagBag from /home/felipe/.local/lib/python3.11/site-packages/airflow/example_dags/plugins/listener_plugin.py
[2024-01-05T11:18:41.821-0300] {processor.py:841} WARNING - No viable dags retrieved from /home/felipe/.local/lib/python3.11/site-packages/airflow/example_dags/plugins/listener_plugin.py
[2024-01-05T11:18:41.827-0300] {processor.py:179} INFO - Processing /home/felipe/.local/lib/python3.11/site-packages/airflow/example_dags/plugins/listener_plugin.py took 0.043 seconds
[2024-01-05T11:19:53.114-0300] {processor.py:157} INFO - Started process (PID=17987) to work on /home/felipe/.local/lib/python3.11/site-packages/airflow/example_dags/plugins/listener_plugin.py
[2024-01-05T11:19:53.146-0300] {processor.py:829} INFO - Processing file /home/felipe/.local/lib/python3.11/site-packages/airflow/example_dags/plugins/listener_plugin.py for tasks to queue
[2024-01-05T11:19:53.147-0300] {logging_mixin.py:154} INFO - [2024-01-05T11:19:53.147-0300] {dagbag.py:536} INFO - Filling up the DagBag from /home/felipe/.local/lib/python3.11/site-packages/airflow/example_dags/plugins/listener_plugin.py
[2024-01-05T11:19:53.149-0300] {processor.py:841} WARNING - No viable dags retrieved from /home/felipe/.local/lib/python3.11/site-packages/airflow/example_dags/plugins/listener_plugin.py
[2024-01-05T11:19:53.155-0300] {processor.py:179} INFO - Processing /home/felipe/.local/lib/python3.11/site-packages/airflow/example_dags/plugins/listener_plugin.py took 0.043 seconds
[2024-01-05T11:20:58.991-0300] {processor.py:157} INFO - Started process (PID=18099) to work on /home/felipe/.local/lib/python3.11/site-packages/airflow/example_dags/plugins/listener_plugin.py
[2024-01-05T11:20:59.023-0300] {processor.py:829} INFO - Processing file /home/felipe/.local/lib/python3.11/site-packages/airflow/example_dags/plugins/listener_plugin.py for tasks to queue
[2024-01-05T11:20:59.024-0300] {logging_mixin.py:154} INFO - [2024-01-05T11:20:59.024-0300] {dagbag.py:536} INFO - Filling up the DagBag from /home/felipe/.local/lib/python3.11/site-packages/airflow/example_dags/plugins/listener_plugin.py
[2024-01-05T11:20:59.026-0300] {processor.py:841} WARNING - No viable dags retrieved from /home/felipe/.local/lib/python3.11/site-packages/airflow/example_dags/plugins/listener_plugin.py
[2024-01-05T11:20:59.032-0300] {processor.py:179} INFO - Processing /home/felipe/.local/lib/python3.11/site-packages/airflow/example_dags/plugins/listener_plugin.py took 0.042 seconds
[2024-01-05T11:21:56.440-0300] {processor.py:157} INFO - Started process (PID=18213) to work on /home/felipe/.local/lib/python3.11/site-packages/airflow/example_dags/plugins/listener_plugin.py
[2024-01-05T11:21:56.472-0300] {processor.py:829} INFO - Processing file /home/felipe/.local/lib/python3.11/site-packages/airflow/example_dags/plugins/listener_plugin.py for tasks to queue
[2024-01-05T11:21:56.472-0300] {logging_mixin.py:154} INFO - [2024-01-05T11:21:56.472-0300] {dagbag.py:536} INFO - Filling up the DagBag from /home/felipe/.local/lib/python3.11/site-packages/airflow/example_dags/plugins/listener_plugin.py
[2024-01-05T11:21:56.474-0300] {processor.py:841} WARNING - No viable dags retrieved from /home/felipe/.local/lib/python3.11/site-packages/airflow/example_dags/plugins/listener_plugin.py
[2024-01-05T11:21:56.480-0300] {processor.py:179} INFO - Processing /home/felipe/.local/lib/python3.11/site-packages/airflow/example_dags/plugins/listener_plugin.py took 0.042 seconds
[2024-01-05T11:23:03.284-0300] {processor.py:157} INFO - Started process (PID=18320) to work on /home/felipe/.local/lib/python3.11/site-packages/airflow/example_dags/plugins/listener_plugin.py
[2024-01-05T11:23:03.317-0300] {processor.py:829} INFO - Processing file /home/felipe/.local/lib/python3.11/site-packages/airflow/example_dags/plugins/listener_plugin.py for tasks to queue
[2024-01-05T11:23:03.317-0300] {logging_mixin.py:154} INFO - [2024-01-05T11:23:03.317-0300] {dagbag.py:536} INFO - Filling up the DagBag from /home/felipe/.local/lib/python3.11/site-packages/airflow/example_dags/plugins/listener_plugin.py
[2024-01-05T11:23:03.319-0300] {processor.py:841} WARNING - No viable dags retrieved from /home/felipe/.local/lib/python3.11/site-packages/airflow/example_dags/plugins/listener_plugin.py
[2024-01-05T11:23:03.325-0300] {processor.py:179} INFO - Processing /home/felipe/.local/lib/python3.11/site-packages/airflow/example_dags/plugins/listener_plugin.py took 0.042 seconds
[2024-01-05T11:24:10.501-0300] {processor.py:157} INFO - Started process (PID=18448) to work on /home/felipe/.local/lib/python3.11/site-packages/airflow/example_dags/plugins/listener_plugin.py
[2024-01-05T11:24:10.534-0300] {processor.py:829} INFO - Processing file /home/felipe/.local/lib/python3.11/site-packages/airflow/example_dags/plugins/listener_plugin.py for tasks to queue
[2024-01-05T11:24:10.534-0300] {logging_mixin.py:154} INFO - [2024-01-05T11:24:10.534-0300] {dagbag.py:536} INFO - Filling up the DagBag from /home/felipe/.local/lib/python3.11/site-packages/airflow/example_dags/plugins/listener_plugin.py
[2024-01-05T11:24:10.536-0300] {processor.py:841} WARNING - No viable dags retrieved from /home/felipe/.local/lib/python3.11/site-packages/airflow/example_dags/plugins/listener_plugin.py
[2024-01-05T11:24:10.542-0300] {processor.py:179} INFO - Processing /home/felipe/.local/lib/python3.11/site-packages/airflow/example_dags/plugins/listener_plugin.py took 0.043 seconds
[2024-01-05T11:25:16.642-0300] {processor.py:157} INFO - Started process (PID=18600) to work on /home/felipe/.local/lib/python3.11/site-packages/airflow/example_dags/plugins/listener_plugin.py
[2024-01-05T11:25:16.674-0300] {processor.py:829} INFO - Processing file /home/felipe/.local/lib/python3.11/site-packages/airflow/example_dags/plugins/listener_plugin.py for tasks to queue
[2024-01-05T11:25:16.675-0300] {logging_mixin.py:154} INFO - [2024-01-05T11:25:16.675-0300] {dagbag.py:536} INFO - Filling up the DagBag from /home/felipe/.local/lib/python3.11/site-packages/airflow/example_dags/plugins/listener_plugin.py
[2024-01-05T11:25:16.677-0300] {processor.py:841} WARNING - No viable dags retrieved from /home/felipe/.local/lib/python3.11/site-packages/airflow/example_dags/plugins/listener_plugin.py
[2024-01-05T11:25:16.683-0300] {processor.py:179} INFO - Processing /home/felipe/.local/lib/python3.11/site-packages/airflow/example_dags/plugins/listener_plugin.py took 0.042 seconds
[2024-01-05T11:26:25.647-0300] {processor.py:157} INFO - Started process (PID=18728) to work on /home/felipe/.local/lib/python3.11/site-packages/airflow/example_dags/plugins/listener_plugin.py
[2024-01-05T11:26:25.679-0300] {processor.py:829} INFO - Processing file /home/felipe/.local/lib/python3.11/site-packages/airflow/example_dags/plugins/listener_plugin.py for tasks to queue
[2024-01-05T11:26:25.679-0300] {logging_mixin.py:154} INFO - [2024-01-05T11:26:25.679-0300] {dagbag.py:536} INFO - Filling up the DagBag from /home/felipe/.local/lib/python3.11/site-packages/airflow/example_dags/plugins/listener_plugin.py
[2024-01-05T11:26:25.681-0300] {processor.py:841} WARNING - No viable dags retrieved from /home/felipe/.local/lib/python3.11/site-packages/airflow/example_dags/plugins/listener_plugin.py
[2024-01-05T11:26:25.687-0300] {processor.py:179} INFO - Processing /home/felipe/.local/lib/python3.11/site-packages/airflow/example_dags/plugins/listener_plugin.py took 0.042 seconds
[2024-01-05T11:27:38.600-0300] {processor.py:157} INFO - Started process (PID=18841) to work on /home/felipe/.local/lib/python3.11/site-packages/airflow/example_dags/plugins/listener_plugin.py
[2024-01-05T11:27:38.632-0300] {processor.py:829} INFO - Processing file /home/felipe/.local/lib/python3.11/site-packages/airflow/example_dags/plugins/listener_plugin.py for tasks to queue
[2024-01-05T11:27:38.633-0300] {logging_mixin.py:154} INFO - [2024-01-05T11:27:38.632-0300] {dagbag.py:536} INFO - Filling up the DagBag from /home/felipe/.local/lib/python3.11/site-packages/airflow/example_dags/plugins/listener_plugin.py
[2024-01-05T11:27:38.634-0300] {processor.py:841} WARNING - No viable dags retrieved from /home/felipe/.local/lib/python3.11/site-packages/airflow/example_dags/plugins/listener_plugin.py
[2024-01-05T11:27:38.640-0300] {processor.py:179} INFO - Processing /home/felipe/.local/lib/python3.11/site-packages/airflow/example_dags/plugins/listener_plugin.py took 0.042 seconds
[2024-01-05T11:28:34.203-0300] {processor.py:157} INFO - Started process (PID=18931) to work on /home/felipe/.local/lib/python3.11/site-packages/airflow/example_dags/plugins/listener_plugin.py
[2024-01-05T11:28:34.235-0300] {processor.py:829} INFO - Processing file /home/felipe/.local/lib/python3.11/site-packages/airflow/example_dags/plugins/listener_plugin.py for tasks to queue
[2024-01-05T11:28:34.236-0300] {logging_mixin.py:154} INFO - [2024-01-05T11:28:34.236-0300] {dagbag.py:536} INFO - Filling up the DagBag from /home/felipe/.local/lib/python3.11/site-packages/airflow/example_dags/plugins/listener_plugin.py
[2024-01-05T11:28:34.238-0300] {processor.py:841} WARNING - No viable dags retrieved from /home/felipe/.local/lib/python3.11/site-packages/airflow/example_dags/plugins/listener_plugin.py
[2024-01-05T11:28:34.244-0300] {processor.py:179} INFO - Processing /home/felipe/.local/lib/python3.11/site-packages/airflow/example_dags/plugins/listener_plugin.py took 0.042 seconds
[2024-01-05T11:29:49.798-0300] {processor.py:157} INFO - Started process (PID=19051) to work on /home/felipe/.local/lib/python3.11/site-packages/airflow/example_dags/plugins/listener_plugin.py
[2024-01-05T11:29:49.830-0300] {processor.py:829} INFO - Processing file /home/felipe/.local/lib/python3.11/site-packages/airflow/example_dags/plugins/listener_plugin.py for tasks to queue
[2024-01-05T11:29:49.831-0300] {logging_mixin.py:154} INFO - [2024-01-05T11:29:49.830-0300] {dagbag.py:536} INFO - Filling up the DagBag from /home/felipe/.local/lib/python3.11/site-packages/airflow/example_dags/plugins/listener_plugin.py
[2024-01-05T11:29:49.832-0300] {processor.py:841} WARNING - No viable dags retrieved from /home/felipe/.local/lib/python3.11/site-packages/airflow/example_dags/plugins/listener_plugin.py
[2024-01-05T11:29:49.838-0300] {processor.py:179} INFO - Processing /home/felipe/.local/lib/python3.11/site-packages/airflow/example_dags/plugins/listener_plugin.py took 0.042 seconds
[2024-01-05T11:30:52.497-0300] {processor.py:157} INFO - Started process (PID=19181) to work on /home/felipe/.local/lib/python3.11/site-packages/airflow/example_dags/plugins/listener_plugin.py
[2024-01-05T11:30:52.529-0300] {processor.py:829} INFO - Processing file /home/felipe/.local/lib/python3.11/site-packages/airflow/example_dags/plugins/listener_plugin.py for tasks to queue
[2024-01-05T11:30:52.530-0300] {logging_mixin.py:154} INFO - [2024-01-05T11:30:52.530-0300] {dagbag.py:536} INFO - Filling up the DagBag from /home/felipe/.local/lib/python3.11/site-packages/airflow/example_dags/plugins/listener_plugin.py
[2024-01-05T11:30:52.532-0300] {processor.py:841} WARNING - No viable dags retrieved from /home/felipe/.local/lib/python3.11/site-packages/airflow/example_dags/plugins/listener_plugin.py
[2024-01-05T11:30:52.538-0300] {processor.py:179} INFO - Processing /home/felipe/.local/lib/python3.11/site-packages/airflow/example_dags/plugins/listener_plugin.py took 0.042 seconds
[2024-01-05T11:31:53.585-0300] {processor.py:157} INFO - Started process (PID=19301) to work on /home/felipe/.local/lib/python3.11/site-packages/airflow/example_dags/plugins/listener_plugin.py
[2024-01-05T11:31:53.617-0300] {processor.py:829} INFO - Processing file /home/felipe/.local/lib/python3.11/site-packages/airflow/example_dags/plugins/listener_plugin.py for tasks to queue
[2024-01-05T11:31:53.618-0300] {logging_mixin.py:154} INFO - [2024-01-05T11:31:53.618-0300] {dagbag.py:536} INFO - Filling up the DagBag from /home/felipe/.local/lib/python3.11/site-packages/airflow/example_dags/plugins/listener_plugin.py
[2024-01-05T11:31:53.620-0300] {processor.py:841} WARNING - No viable dags retrieved from /home/felipe/.local/lib/python3.11/site-packages/airflow/example_dags/plugins/listener_plugin.py
[2024-01-05T11:31:53.626-0300] {processor.py:179} INFO - Processing /home/felipe/.local/lib/python3.11/site-packages/airflow/example_dags/plugins/listener_plugin.py took 0.043 seconds
[2024-01-05T11:33:07.915-0300] {processor.py:157} INFO - Started process (PID=19415) to work on /home/felipe/.local/lib/python3.11/site-packages/airflow/example_dags/plugins/listener_plugin.py
[2024-01-05T11:33:07.947-0300] {processor.py:829} INFO - Processing file /home/felipe/.local/lib/python3.11/site-packages/airflow/example_dags/plugins/listener_plugin.py for tasks to queue
[2024-01-05T11:33:07.947-0300] {logging_mixin.py:154} INFO - [2024-01-05T11:33:07.947-0300] {dagbag.py:536} INFO - Filling up the DagBag from /home/felipe/.local/lib/python3.11/site-packages/airflow/example_dags/plugins/listener_plugin.py
[2024-01-05T11:33:07.949-0300] {processor.py:841} WARNING - No viable dags retrieved from /home/felipe/.local/lib/python3.11/site-packages/airflow/example_dags/plugins/listener_plugin.py
[2024-01-05T11:33:07.955-0300] {processor.py:179} INFO - Processing /home/felipe/.local/lib/python3.11/site-packages/airflow/example_dags/plugins/listener_plugin.py took 0.042 seconds
[2024-01-05T11:34:21.519-0300] {processor.py:157} INFO - Started process (PID=19559) to work on /home/felipe/.local/lib/python3.11/site-packages/airflow/example_dags/plugins/listener_plugin.py
[2024-01-05T11:34:21.590-0300] {processor.py:829} INFO - Processing file /home/felipe/.local/lib/python3.11/site-packages/airflow/example_dags/plugins/listener_plugin.py for tasks to queue
[2024-01-05T11:34:21.591-0300] {logging_mixin.py:154} INFO - [2024-01-05T11:34:21.591-0300] {dagbag.py:536} INFO - Filling up the DagBag from /home/felipe/.local/lib/python3.11/site-packages/airflow/example_dags/plugins/listener_plugin.py
[2024-01-05T11:34:21.593-0300] {processor.py:841} WARNING - No viable dags retrieved from /home/felipe/.local/lib/python3.11/site-packages/airflow/example_dags/plugins/listener_plugin.py
[2024-01-05T11:34:21.599-0300] {processor.py:179} INFO - Processing /home/felipe/.local/lib/python3.11/site-packages/airflow/example_dags/plugins/listener_plugin.py took 0.081 seconds
[2024-01-05T11:35:33.987-0300] {processor.py:157} INFO - Started process (PID=19706) to work on /home/felipe/.local/lib/python3.11/site-packages/airflow/example_dags/plugins/listener_plugin.py
[2024-01-05T11:35:34.019-0300] {processor.py:829} INFO - Processing file /home/felipe/.local/lib/python3.11/site-packages/airflow/example_dags/plugins/listener_plugin.py for tasks to queue
[2024-01-05T11:35:34.019-0300] {logging_mixin.py:154} INFO - [2024-01-05T11:35:34.019-0300] {dagbag.py:536} INFO - Filling up the DagBag from /home/felipe/.local/lib/python3.11/site-packages/airflow/example_dags/plugins/listener_plugin.py
[2024-01-05T11:35:34.021-0300] {processor.py:841} WARNING - No viable dags retrieved from /home/felipe/.local/lib/python3.11/site-packages/airflow/example_dags/plugins/listener_plugin.py
[2024-01-05T11:35:34.027-0300] {processor.py:179} INFO - Processing /home/felipe/.local/lib/python3.11/site-packages/airflow/example_dags/plugins/listener_plugin.py took 0.043 seconds
[2024-01-05T11:36:50.720-0300] {processor.py:157} INFO - Started process (PID=19843) to work on /home/felipe/.local/lib/python3.11/site-packages/airflow/example_dags/plugins/listener_plugin.py
[2024-01-05T11:36:50.752-0300] {processor.py:829} INFO - Processing file /home/felipe/.local/lib/python3.11/site-packages/airflow/example_dags/plugins/listener_plugin.py for tasks to queue
[2024-01-05T11:36:50.752-0300] {logging_mixin.py:154} INFO - [2024-01-05T11:36:50.752-0300] {dagbag.py:536} INFO - Filling up the DagBag from /home/felipe/.local/lib/python3.11/site-packages/airflow/example_dags/plugins/listener_plugin.py
[2024-01-05T11:36:50.754-0300] {processor.py:841} WARNING - No viable dags retrieved from /home/felipe/.local/lib/python3.11/site-packages/airflow/example_dags/plugins/listener_plugin.py
[2024-01-05T11:36:50.760-0300] {processor.py:179} INFO - Processing /home/felipe/.local/lib/python3.11/site-packages/airflow/example_dags/plugins/listener_plugin.py took 0.043 seconds
[2024-01-05T11:38:00.979-0300] {processor.py:157} INFO - Started process (PID=19983) to work on /home/felipe/.local/lib/python3.11/site-packages/airflow/example_dags/plugins/listener_plugin.py
[2024-01-05T11:38:00.986-0300] {processor.py:829} INFO - Processing file /home/felipe/.local/lib/python3.11/site-packages/airflow/example_dags/plugins/listener_plugin.py for tasks to queue
[2024-01-05T11:38:00.987-0300] {logging_mixin.py:154} INFO - [2024-01-05T11:38:00.986-0300] {dagbag.py:536} INFO - Filling up the DagBag from /home/felipe/.local/lib/python3.11/site-packages/airflow/example_dags/plugins/listener_plugin.py
[2024-01-05T11:38:00.988-0300] {processor.py:841} WARNING - No viable dags retrieved from /home/felipe/.local/lib/python3.11/site-packages/airflow/example_dags/plugins/listener_plugin.py
[2024-01-05T11:38:00.995-0300] {processor.py:179} INFO - Processing /home/felipe/.local/lib/python3.11/site-packages/airflow/example_dags/plugins/listener_plugin.py took 0.018 seconds
[2024-01-05T11:39:00.775-0300] {processor.py:157} INFO - Started process (PID=20102) to work on /home/felipe/.local/lib/python3.11/site-packages/airflow/example_dags/plugins/listener_plugin.py
[2024-01-05T11:39:00.779-0300] {processor.py:829} INFO - Processing file /home/felipe/.local/lib/python3.11/site-packages/airflow/example_dags/plugins/listener_plugin.py for tasks to queue
[2024-01-05T11:39:00.780-0300] {logging_mixin.py:154} INFO - [2024-01-05T11:39:00.780-0300] {dagbag.py:536} INFO - Filling up the DagBag from /home/felipe/.local/lib/python3.11/site-packages/airflow/example_dags/plugins/listener_plugin.py
[2024-01-05T11:39:00.782-0300] {processor.py:841} WARNING - No viable dags retrieved from /home/felipe/.local/lib/python3.11/site-packages/airflow/example_dags/plugins/listener_plugin.py
[2024-01-05T11:39:00.788-0300] {processor.py:179} INFO - Processing /home/felipe/.local/lib/python3.11/site-packages/airflow/example_dags/plugins/listener_plugin.py took 0.014 seconds
[2024-01-05T11:40:04.550-0300] {processor.py:157} INFO - Started process (PID=20212) to work on /home/felipe/.local/lib/python3.11/site-packages/airflow/example_dags/plugins/listener_plugin.py
[2024-01-05T11:40:04.583-0300] {processor.py:829} INFO - Processing file /home/felipe/.local/lib/python3.11/site-packages/airflow/example_dags/plugins/listener_plugin.py for tasks to queue
[2024-01-05T11:40:04.583-0300] {logging_mixin.py:154} INFO - [2024-01-05T11:40:04.583-0300] {dagbag.py:536} INFO - Filling up the DagBag from /home/felipe/.local/lib/python3.11/site-packages/airflow/example_dags/plugins/listener_plugin.py
[2024-01-05T11:40:04.585-0300] {processor.py:841} WARNING - No viable dags retrieved from /home/felipe/.local/lib/python3.11/site-packages/airflow/example_dags/plugins/listener_plugin.py
[2024-01-05T11:40:04.591-0300] {processor.py:179} INFO - Processing /home/felipe/.local/lib/python3.11/site-packages/airflow/example_dags/plugins/listener_plugin.py took 0.043 seconds
[2024-01-05T11:41:12.651-0300] {processor.py:157} INFO - Started process (PID=20329) to work on /home/felipe/.local/lib/python3.11/site-packages/airflow/example_dags/plugins/listener_plugin.py
[2024-01-05T11:41:12.683-0300] {processor.py:829} INFO - Processing file /home/felipe/.local/lib/python3.11/site-packages/airflow/example_dags/plugins/listener_plugin.py for tasks to queue
[2024-01-05T11:41:12.683-0300] {logging_mixin.py:154} INFO - [2024-01-05T11:41:12.683-0300] {dagbag.py:536} INFO - Filling up the DagBag from /home/felipe/.local/lib/python3.11/site-packages/airflow/example_dags/plugins/listener_plugin.py
[2024-01-05T11:41:12.685-0300] {processor.py:841} WARNING - No viable dags retrieved from /home/felipe/.local/lib/python3.11/site-packages/airflow/example_dags/plugins/listener_plugin.py
[2024-01-05T11:41:12.692-0300] {processor.py:179} INFO - Processing /home/felipe/.local/lib/python3.11/site-packages/airflow/example_dags/plugins/listener_plugin.py took 0.043 seconds
[2024-01-05T11:42:03.069-0300] {processor.py:157} INFO - Started process (PID=20411) to work on /home/felipe/.local/lib/python3.11/site-packages/airflow/example_dags/plugins/listener_plugin.py
[2024-01-05T11:42:03.101-0300] {processor.py:829} INFO - Processing file /home/felipe/.local/lib/python3.11/site-packages/airflow/example_dags/plugins/listener_plugin.py for tasks to queue
[2024-01-05T11:42:03.102-0300] {logging_mixin.py:154} INFO - [2024-01-05T11:42:03.102-0300] {dagbag.py:536} INFO - Filling up the DagBag from /home/felipe/.local/lib/python3.11/site-packages/airflow/example_dags/plugins/listener_plugin.py
[2024-01-05T11:42:03.104-0300] {processor.py:841} WARNING - No viable dags retrieved from /home/felipe/.local/lib/python3.11/site-packages/airflow/example_dags/plugins/listener_plugin.py
[2024-01-05T11:42:03.110-0300] {processor.py:179} INFO - Processing /home/felipe/.local/lib/python3.11/site-packages/airflow/example_dags/plugins/listener_plugin.py took 0.043 seconds
[2024-01-05T11:43:04.835-0300] {processor.py:157} INFO - Started process (PID=20519) to work on /home/felipe/.local/lib/python3.11/site-packages/airflow/example_dags/plugins/listener_plugin.py
[2024-01-05T11:43:04.867-0300] {processor.py:829} INFO - Processing file /home/felipe/.local/lib/python3.11/site-packages/airflow/example_dags/plugins/listener_plugin.py for tasks to queue
[2024-01-05T11:43:04.868-0300] {logging_mixin.py:154} INFO - [2024-01-05T11:43:04.868-0300] {dagbag.py:536} INFO - Filling up the DagBag from /home/felipe/.local/lib/python3.11/site-packages/airflow/example_dags/plugins/listener_plugin.py
[2024-01-05T11:43:04.870-0300] {processor.py:841} WARNING - No viable dags retrieved from /home/felipe/.local/lib/python3.11/site-packages/airflow/example_dags/plugins/listener_plugin.py
[2024-01-05T11:43:04.876-0300] {processor.py:179} INFO - Processing /home/felipe/.local/lib/python3.11/site-packages/airflow/example_dags/plugins/listener_plugin.py took 0.042 seconds
[2024-01-05T11:44:06.523-0300] {processor.py:157} INFO - Started process (PID=20640) to work on /home/felipe/.local/lib/python3.11/site-packages/airflow/example_dags/plugins/listener_plugin.py
[2024-01-05T11:44:06.556-0300] {processor.py:829} INFO - Processing file /home/felipe/.local/lib/python3.11/site-packages/airflow/example_dags/plugins/listener_plugin.py for tasks to queue
[2024-01-05T11:44:06.556-0300] {logging_mixin.py:154} INFO - [2024-01-05T11:44:06.556-0300] {dagbag.py:536} INFO - Filling up the DagBag from /home/felipe/.local/lib/python3.11/site-packages/airflow/example_dags/plugins/listener_plugin.py
[2024-01-05T11:44:06.558-0300] {processor.py:841} WARNING - No viable dags retrieved from /home/felipe/.local/lib/python3.11/site-packages/airflow/example_dags/plugins/listener_plugin.py
[2024-01-05T11:44:06.565-0300] {processor.py:179} INFO - Processing /home/felipe/.local/lib/python3.11/site-packages/airflow/example_dags/plugins/listener_plugin.py took 0.044 seconds
[2024-01-05T11:45:19.995-0300] {processor.py:157} INFO - Started process (PID=20758) to work on /home/felipe/.local/lib/python3.11/site-packages/airflow/example_dags/plugins/listener_plugin.py
[2024-01-05T11:45:20.027-0300] {processor.py:829} INFO - Processing file /home/felipe/.local/lib/python3.11/site-packages/airflow/example_dags/plugins/listener_plugin.py for tasks to queue
[2024-01-05T11:45:20.028-0300] {logging_mixin.py:154} INFO - [2024-01-05T11:45:20.027-0300] {dagbag.py:536} INFO - Filling up the DagBag from /home/felipe/.local/lib/python3.11/site-packages/airflow/example_dags/plugins/listener_plugin.py
[2024-01-05T11:45:20.029-0300] {processor.py:841} WARNING - No viable dags retrieved from /home/felipe/.local/lib/python3.11/site-packages/airflow/example_dags/plugins/listener_plugin.py
[2024-01-05T11:45:20.035-0300] {processor.py:179} INFO - Processing /home/felipe/.local/lib/python3.11/site-packages/airflow/example_dags/plugins/listener_plugin.py took 0.042 seconds
[2024-01-05T11:46:28.167-0300] {processor.py:157} INFO - Started process (PID=20873) to work on /home/felipe/.local/lib/python3.11/site-packages/airflow/example_dags/plugins/listener_plugin.py
[2024-01-05T11:46:28.231-0300] {processor.py:829} INFO - Processing file /home/felipe/.local/lib/python3.11/site-packages/airflow/example_dags/plugins/listener_plugin.py for tasks to queue
[2024-01-05T11:46:28.231-0300] {logging_mixin.py:154} INFO - [2024-01-05T11:46:28.231-0300] {dagbag.py:536} INFO - Filling up the DagBag from /home/felipe/.local/lib/python3.11/site-packages/airflow/example_dags/plugins/listener_plugin.py
[2024-01-05T11:46:28.233-0300] {processor.py:841} WARNING - No viable dags retrieved from /home/felipe/.local/lib/python3.11/site-packages/airflow/example_dags/plugins/listener_plugin.py
[2024-01-05T11:46:28.239-0300] {processor.py:179} INFO - Processing /home/felipe/.local/lib/python3.11/site-packages/airflow/example_dags/plugins/listener_plugin.py took 0.073 seconds
[2024-01-05T11:47:44.854-0300] {processor.py:157} INFO - Started process (PID=20990) to work on /home/felipe/.local/lib/python3.11/site-packages/airflow/example_dags/plugins/listener_plugin.py
[2024-01-05T11:47:44.886-0300] {processor.py:829} INFO - Processing file /home/felipe/.local/lib/python3.11/site-packages/airflow/example_dags/plugins/listener_plugin.py for tasks to queue
[2024-01-05T11:47:44.887-0300] {logging_mixin.py:154} INFO - [2024-01-05T11:47:44.887-0300] {dagbag.py:536} INFO - Filling up the DagBag from /home/felipe/.local/lib/python3.11/site-packages/airflow/example_dags/plugins/listener_plugin.py
[2024-01-05T11:47:44.889-0300] {processor.py:841} WARNING - No viable dags retrieved from /home/felipe/.local/lib/python3.11/site-packages/airflow/example_dags/plugins/listener_plugin.py
[2024-01-05T11:47:44.895-0300] {processor.py:179} INFO - Processing /home/felipe/.local/lib/python3.11/site-packages/airflow/example_dags/plugins/listener_plugin.py took 0.042 seconds
[2024-01-05T11:49:10.624-0300] {processor.py:157} INFO - Started process (PID=21141) to work on /home/felipe/.local/lib/python3.11/site-packages/airflow/example_dags/plugins/listener_plugin.py
[2024-01-05T11:49:10.656-0300] {processor.py:829} INFO - Processing file /home/felipe/.local/lib/python3.11/site-packages/airflow/example_dags/plugins/listener_plugin.py for tasks to queue
[2024-01-05T11:49:10.656-0300] {logging_mixin.py:154} INFO - [2024-01-05T11:49:10.656-0300] {dagbag.py:536} INFO - Filling up the DagBag from /home/felipe/.local/lib/python3.11/site-packages/airflow/example_dags/plugins/listener_plugin.py
[2024-01-05T11:49:10.658-0300] {processor.py:841} WARNING - No viable dags retrieved from /home/felipe/.local/lib/python3.11/site-packages/airflow/example_dags/plugins/listener_plugin.py
[2024-01-05T11:49:10.664-0300] {processor.py:179} INFO - Processing /home/felipe/.local/lib/python3.11/site-packages/airflow/example_dags/plugins/listener_plugin.py took 0.042 seconds
[2024-01-05T11:50:14.154-0300] {processor.py:157} INFO - Started process (PID=21240) to work on /home/felipe/.local/lib/python3.11/site-packages/airflow/example_dags/plugins/listener_plugin.py
[2024-01-05T11:50:14.186-0300] {processor.py:829} INFO - Processing file /home/felipe/.local/lib/python3.11/site-packages/airflow/example_dags/plugins/listener_plugin.py for tasks to queue
[2024-01-05T11:50:14.187-0300] {logging_mixin.py:154} INFO - [2024-01-05T11:50:14.187-0300] {dagbag.py:536} INFO - Filling up the DagBag from /home/felipe/.local/lib/python3.11/site-packages/airflow/example_dags/plugins/listener_plugin.py
[2024-01-05T11:50:14.188-0300] {processor.py:841} WARNING - No viable dags retrieved from /home/felipe/.local/lib/python3.11/site-packages/airflow/example_dags/plugins/listener_plugin.py
[2024-01-05T11:50:14.194-0300] {processor.py:179} INFO - Processing /home/felipe/.local/lib/python3.11/site-packages/airflow/example_dags/plugins/listener_plugin.py took 0.042 seconds
[2024-01-05T11:51:22.609-0300] {processor.py:157} INFO - Started process (PID=21385) to work on /home/felipe/.local/lib/python3.11/site-packages/airflow/example_dags/plugins/listener_plugin.py
[2024-01-05T11:51:22.642-0300] {processor.py:829} INFO - Processing file /home/felipe/.local/lib/python3.11/site-packages/airflow/example_dags/plugins/listener_plugin.py for tasks to queue
[2024-01-05T11:51:22.642-0300] {logging_mixin.py:154} INFO - [2024-01-05T11:51:22.642-0300] {dagbag.py:536} INFO - Filling up the DagBag from /home/felipe/.local/lib/python3.11/site-packages/airflow/example_dags/plugins/listener_plugin.py
[2024-01-05T11:51:22.644-0300] {processor.py:841} WARNING - No viable dags retrieved from /home/felipe/.local/lib/python3.11/site-packages/airflow/example_dags/plugins/listener_plugin.py
[2024-01-05T11:51:22.650-0300] {processor.py:179} INFO - Processing /home/felipe/.local/lib/python3.11/site-packages/airflow/example_dags/plugins/listener_plugin.py took 0.042 seconds
