[2024-01-08T11:08:01.047-0300] {processor.py:157} INFO - Started process (PID=11891) to work on /home/felipe/airflow/dags/dag.py
[2024-01-08T11:08:01.047-0300] {processor.py:829} INFO - Processing file /home/felipe/airflow/dags/dag.py for tasks to queue
[2024-01-08T11:08:01.048-0300] {logging_mixin.py:154} INFO - [2024-01-08T11:08:01.047-0300] {dagbag.py:536} INFO - Filling up the DagBag from /home/felipe/airflow/dags/dag.py
[2024-01-08T11:08:02.365-0300] {logging_mixin.py:154} INFO - SAVING FILE sp
[2024-01-08T11:08:02.799-0300] {logging_mixin.py:154} INFO - SAVING FILE df
[2024-01-08T11:08:19.918-0300] {logging_mixin.py:154} INFO - SAVING FILE rj
[2024-01-08T11:08:21.899-0300] {logging_mixin.py:154} INFO - SAVING FILE cwb
[2024-01-08T11:08:21.904-0300] {processor.py:839} INFO - DAG(s) dict_keys(['cities']) retrieved from /home/felipe/airflow/dags/dag.py
[2024-01-08T11:08:21.908-0300] {logging_mixin.py:154} INFO - [2024-01-08T11:08:21.907-0300] {dag.py:2941} INFO - Sync 1 DAGs
[2024-01-08T11:08:21.922-0300] {logging_mixin.py:154} INFO - [2024-01-08T11:08:21.922-0300] {dag.py:3722} INFO - Setting next_dagrun for cities to 2024-01-08T14:07:21.922467+00:00, run_after=2024-01-08T14:08:21.922467+00:00
[2024-01-08T11:08:21.967-0300] {processor.py:179} INFO - Processing /home/felipe/airflow/dags/dag.py took 20.922 seconds
[2024-01-08T11:09:08.237-0300] {processor.py:157} INFO - Started process (PID=11985) to work on /home/felipe/airflow/dags/dag.py
[2024-01-08T11:09:08.269-0300] {processor.py:829} INFO - Processing file /home/felipe/airflow/dags/dag.py for tasks to queue
[2024-01-08T11:09:08.269-0300] {logging_mixin.py:154} INFO - [2024-01-08T11:09:08.269-0300] {dagbag.py:536} INFO - Filling up the DagBag from /home/felipe/airflow/dags/dag.py
[2024-01-08T11:09:09.466-0300] {logging_mixin.py:154} INFO - SAVING FILE sp
[2024-01-08T11:09:13.296-0300] {logging_mixin.py:154} INFO - SAVING FILE df
[2024-01-08T11:09:26.748-0300] {logging_mixin.py:154} INFO - SAVING FILE rj
[2024-01-08T11:09:27.668-0300] {logging_mixin.py:154} INFO - SAVING FILE cwb
[2024-01-08T11:09:27.671-0300] {processor.py:839} INFO - DAG(s) dict_keys(['cities']) retrieved from /home/felipe/airflow/dags/dag.py
[2024-01-08T11:09:27.680-0300] {logging_mixin.py:154} INFO - [2024-01-08T11:09:27.680-0300] {dag.py:2941} INFO - Sync 1 DAGs
[2024-01-08T11:09:27.694-0300] {logging_mixin.py:154} INFO - [2024-01-08T11:09:27.694-0300] {dag.py:3722} INFO - Setting next_dagrun for cities to 2024-01-08T14:08:27.694624+00:00, run_after=2024-01-08T14:09:27.694624+00:00
[2024-01-08T11:09:27.707-0300] {processor.py:179} INFO - Processing /home/felipe/airflow/dags/dag.py took 19.473 seconds
[2024-01-08T11:10:14.027-0300] {processor.py:157} INFO - Started process (PID=12090) to work on /home/felipe/airflow/dags/dag.py
[2024-01-08T11:10:14.059-0300] {processor.py:829} INFO - Processing file /home/felipe/airflow/dags/dag.py for tasks to queue
[2024-01-08T11:10:14.060-0300] {logging_mixin.py:154} INFO - [2024-01-08T11:10:14.059-0300] {dagbag.py:536} INFO - Filling up the DagBag from /home/felipe/airflow/dags/dag.py
[2024-01-08T11:10:15.257-0300] {logging_mixin.py:154} INFO - SAVING FILE sp
[2024-01-08T11:10:17.357-0300] {logging_mixin.py:154} INFO - SAVING FILE df
[2024-01-08T11:10:41.890-0300] {logging_mixin.py:154} INFO - SAVING FILE rj
[2024-01-08T11:10:42.814-0300] {logging_mixin.py:154} INFO - SAVING FILE cwb
[2024-01-08T11:10:42.816-0300] {processor.py:839} INFO - DAG(s) dict_keys(['cities']) retrieved from /home/felipe/airflow/dags/dag.py
[2024-01-08T11:10:42.825-0300] {logging_mixin.py:154} INFO - [2024-01-08T11:10:42.825-0300] {dag.py:2941} INFO - Sync 1 DAGs
[2024-01-08T11:10:42.840-0300] {logging_mixin.py:154} INFO - [2024-01-08T11:10:42.840-0300] {dag.py:3722} INFO - Setting next_dagrun for cities to 2024-01-08T14:09:42.840086+00:00, run_after=2024-01-08T14:10:42.840086+00:00
[2024-01-08T11:10:42.884-0300] {processor.py:179} INFO - Processing /home/felipe/airflow/dags/dag.py took 28.859 seconds
[2024-01-08T11:14:49.133-0300] {processor.py:157} INFO - Started process (PID=12397) to work on /home/felipe/airflow/dags/dag.py
[2024-01-08T11:14:49.133-0300] {processor.py:829} INFO - Processing file /home/felipe/airflow/dags/dag.py for tasks to queue
[2024-01-08T11:14:49.134-0300] {logging_mixin.py:154} INFO - [2024-01-08T11:14:49.133-0300] {dagbag.py:536} INFO - Filling up the DagBag from /home/felipe/airflow/dags/dag.py
[2024-01-08T11:14:50.416-0300] {logging_mixin.py:154} INFO - SAVING FILE sp
[2024-01-08T11:14:50.889-0300] {logging_mixin.py:154} INFO - SAVING FILE df
[2024-01-08T11:15:04.132-0300] {logging_mixin.py:154} INFO - SAVING FILE rj
[2024-01-08T11:15:06.103-0300] {logging_mixin.py:154} INFO - SAVING FILE cwb
[2024-01-08T11:15:06.105-0300] {processor.py:839} INFO - DAG(s) dict_keys(['cities']) retrieved from /home/felipe/airflow/dags/dag.py
[2024-01-08T11:15:06.118-0300] {logging_mixin.py:154} INFO - [2024-01-08T11:15:06.118-0300] {dag.py:2941} INFO - Sync 1 DAGs
[2024-01-08T11:15:06.130-0300] {logging_mixin.py:154} INFO - [2024-01-08T11:15:06.130-0300] {dag.py:3722} INFO - Setting next_dagrun for cities to 2024-01-08T14:14:06.130258+00:00, run_after=2024-01-08T14:15:06.130258+00:00
[2024-01-08T11:15:06.175-0300] {processor.py:179} INFO - Processing /home/felipe/airflow/dags/dag.py took 17.044 seconds
[2024-01-08T11:15:52.612-0300] {processor.py:157} INFO - Started process (PID=12570) to work on /home/felipe/airflow/dags/dag.py
[2024-01-08T11:15:52.644-0300] {processor.py:829} INFO - Processing file /home/felipe/airflow/dags/dag.py for tasks to queue
[2024-01-08T11:15:52.645-0300] {logging_mixin.py:154} INFO - [2024-01-08T11:15:52.644-0300] {dagbag.py:536} INFO - Filling up the DagBag from /home/felipe/airflow/dags/dag.py
[2024-01-08T11:15:53.867-0300] {logging_mixin.py:154} INFO - SAVING FILE sp
[2024-01-08T11:15:54.308-0300] {logging_mixin.py:154} INFO - SAVING FILE df
[2024-01-08T11:16:09.735-0300] {logging_mixin.py:154} INFO - SAVING FILE rj
[2024-01-08T11:16:11.560-0300] {logging_mixin.py:154} INFO - SAVING FILE cwb
[2024-01-08T11:16:11.562-0300] {processor.py:839} INFO - DAG(s) dict_keys(['cities']) retrieved from /home/felipe/airflow/dags/dag.py
[2024-01-08T11:16:11.571-0300] {logging_mixin.py:154} INFO - [2024-01-08T11:16:11.571-0300] {dag.py:2941} INFO - Sync 1 DAGs
[2024-01-08T11:16:11.582-0300] {logging_mixin.py:154} INFO - [2024-01-08T11:16:11.582-0300] {dag.py:3722} INFO - Setting next_dagrun for cities to 2024-01-08T14:15:11.582564+00:00, run_after=2024-01-08T14:16:11.582564+00:00
[2024-01-08T11:16:11.626-0300] {processor.py:179} INFO - Processing /home/felipe/airflow/dags/dag.py took 19.016 seconds
[2024-01-08T11:16:59.832-0300] {processor.py:157} INFO - Started process (PID=12803) to work on /home/felipe/airflow/dags/dag.py
[2024-01-08T11:16:59.833-0300] {processor.py:829} INFO - Processing file /home/felipe/airflow/dags/dag.py for tasks to queue
[2024-01-08T11:16:59.833-0300] {logging_mixin.py:154} INFO - [2024-01-08T11:16:59.833-0300] {dagbag.py:536} INFO - Filling up the DagBag from /home/felipe/airflow/dags/dag.py
[2024-01-08T11:17:01.257-0300] {logging_mixin.py:154} INFO - SAVING FILE sp
[2024-01-08T11:17:01.698-0300] {logging_mixin.py:154} INFO - SAVING FILE df
[2024-01-08T11:17:15.996-0300] {logging_mixin.py:154} INFO - SAVING FILE rj
[2024-01-08T11:17:18.509-0300] {logging_mixin.py:154} INFO - SAVING FILE cwb
[2024-01-08T11:17:18.511-0300] {processor.py:839} INFO - DAG(s) dict_keys(['cities']) retrieved from /home/felipe/airflow/dags/dag.py
[2024-01-08T11:17:18.516-0300] {logging_mixin.py:154} INFO - [2024-01-08T11:17:18.516-0300] {dag.py:2941} INFO - Sync 1 DAGs
[2024-01-08T11:17:18.522-0300] {logging_mixin.py:154} INFO - [2024-01-08T11:17:18.522-0300] {dag.py:3722} INFO - Setting next_dagrun for cities to 2024-01-08T14:16:18.522436+00:00, run_after=2024-01-08T14:17:18.522436+00:00
[2024-01-08T11:17:18.564-0300] {processor.py:179} INFO - Processing /home/felipe/airflow/dags/dag.py took 18.734 seconds
[2024-01-08T11:18:05.908-0300] {processor.py:157} INFO - Started process (PID=13180) to work on /home/felipe/airflow/dags/dag.py
[2024-01-08T11:18:05.929-0300] {processor.py:829} INFO - Processing file /home/felipe/airflow/dags/dag.py for tasks to queue
[2024-01-08T11:18:05.930-0300] {logging_mixin.py:154} INFO - [2024-01-08T11:18:05.930-0300] {dagbag.py:536} INFO - Filling up the DagBag from /home/felipe/airflow/dags/dag.py
[2024-01-08T11:18:07.143-0300] {logging_mixin.py:154} INFO - SAVING FILE sp
[2024-01-08T11:18:07.591-0300] {logging_mixin.py:154} INFO - SAVING FILE df
[2024-01-08T11:18:21.904-0300] {logging_mixin.py:154} INFO - SAVING FILE rj
[2024-01-08T11:18:23.895-0300] {logging_mixin.py:154} INFO - SAVING FILE cwb
[2024-01-08T11:18:23.896-0300] {processor.py:839} INFO - DAG(s) dict_keys(['cities']) retrieved from /home/felipe/airflow/dags/dag.py
[2024-01-08T11:18:23.902-0300] {logging_mixin.py:154} INFO - [2024-01-08T11:18:23.902-0300] {dag.py:2941} INFO - Sync 1 DAGs
[2024-01-08T11:18:23.908-0300] {logging_mixin.py:154} INFO - [2024-01-08T11:18:23.908-0300] {dag.py:3722} INFO - Setting next_dagrun for cities to 2024-01-08T14:17:23.908333+00:00, run_after=2024-01-08T14:18:23.908333+00:00
[2024-01-08T11:18:23.948-0300] {processor.py:179} INFO - Processing /home/felipe/airflow/dags/dag.py took 18.042 seconds
[2024-01-08T11:19:09.300-0300] {processor.py:157} INFO - Started process (PID=13318) to work on /home/felipe/airflow/dags/dag.py
[2024-01-08T11:19:09.301-0300] {processor.py:829} INFO - Processing file /home/felipe/airflow/dags/dag.py for tasks to queue
[2024-01-08T11:19:09.301-0300] {logging_mixin.py:154} INFO - [2024-01-08T11:19:09.301-0300] {dagbag.py:536} INFO - Filling up the DagBag from /home/felipe/airflow/dags/dag.py
[2024-01-08T11:19:10.608-0300] {logging_mixin.py:154} INFO - SAVING FILE sp
[2024-01-08T11:19:16.331-0300] {logging_mixin.py:154} INFO - SAVING FILE df
[2024-01-08T11:19:30.188-0300] {logging_mixin.py:154} INFO - SAVING FILE rj
[2024-01-08T11:19:31.115-0300] {logging_mixin.py:154} INFO - SAVING FILE cwb
[2024-01-08T11:19:31.118-0300] {processor.py:839} INFO - DAG(s) dict_keys(['cities']) retrieved from /home/felipe/airflow/dags/dag.py
[2024-01-08T11:19:31.146-0300] {logging_mixin.py:154} INFO - [2024-01-08T11:19:31.145-0300] {dag.py:2941} INFO - Sync 1 DAGs
[2024-01-08T11:19:31.154-0300] {logging_mixin.py:154} INFO - [2024-01-08T11:19:31.154-0300] {dag.py:3722} INFO - Setting next_dagrun for cities to 2024-01-08T14:18:31.154401+00:00, run_after=2024-01-08T14:19:31.154401+00:00
[2024-01-08T11:19:31.171-0300] {processor.py:179} INFO - Processing /home/felipe/airflow/dags/dag.py took 21.872 seconds
[2024-01-08T11:20:16.536-0300] {processor.py:157} INFO - Started process (PID=13492) to work on /home/felipe/airflow/dags/dag.py
[2024-01-08T11:20:16.568-0300] {processor.py:829} INFO - Processing file /home/felipe/airflow/dags/dag.py for tasks to queue
[2024-01-08T11:20:16.569-0300] {logging_mixin.py:154} INFO - [2024-01-08T11:20:16.569-0300] {dagbag.py:536} INFO - Filling up the DagBag from /home/felipe/airflow/dags/dag.py
[2024-01-08T11:20:17.822-0300] {logging_mixin.py:154} INFO - SAVING FILE sp
[2024-01-08T11:20:18.652-0300] {logging_mixin.py:154} INFO - SAVING FILE df
[2024-01-08T11:20:33.468-0300] {logging_mixin.py:154} INFO - SAVING FILE rj
[2024-01-08T11:20:34.393-0300] {logging_mixin.py:154} INFO - SAVING FILE cwb
[2024-01-08T11:20:34.395-0300] {processor.py:839} INFO - DAG(s) dict_keys(['cities']) retrieved from /home/felipe/airflow/dags/dag.py
[2024-01-08T11:20:34.402-0300] {logging_mixin.py:154} INFO - [2024-01-08T11:20:34.402-0300] {dag.py:2941} INFO - Sync 1 DAGs
[2024-01-08T11:20:34.411-0300] {logging_mixin.py:154} INFO - [2024-01-08T11:20:34.411-0300] {dag.py:3722} INFO - Setting next_dagrun for cities to 2024-01-08T14:19:34.411305+00:00, run_after=2024-01-08T14:20:34.411305+00:00
[2024-01-08T11:20:34.453-0300] {processor.py:179} INFO - Processing /home/felipe/airflow/dags/dag.py took 17.918 seconds
[2024-01-08T11:33:34.302-0300] {processor.py:157} INFO - Started process (PID=15963) to work on /home/felipe/airflow/dags/dag.py
[2024-01-08T11:33:34.303-0300] {processor.py:829} INFO - Processing file /home/felipe/airflow/dags/dag.py for tasks to queue
[2024-01-08T11:33:34.303-0300] {logging_mixin.py:154} INFO - [2024-01-08T11:33:34.303-0300] {dagbag.py:536} INFO - Filling up the DagBag from /home/felipe/airflow/dags/dag.py
[2024-01-08T11:33:35.534-0300] {logging_mixin.py:154} INFO - SAVING FILE sp
[2024-01-08T11:33:47.566-0300] {logging_mixin.py:154} INFO - SAVING FILE df
[2024-01-08T11:34:01.233-0300] {logging_mixin.py:154} INFO - SAVING FILE rj
[2024-01-08T11:34:03.061-0300] {logging_mixin.py:154} INFO - SAVING FILE cwb
[2024-01-08T11:34:03.066-0300] {processor.py:839} INFO - DAG(s) dict_keys(['cities']) retrieved from /home/felipe/airflow/dags/dag.py
[2024-01-08T11:34:03.080-0300] {logging_mixin.py:154} INFO - [2024-01-08T11:34:03.080-0300] {dag.py:2941} INFO - Sync 1 DAGs
[2024-01-08T11:34:03.094-0300] {logging_mixin.py:154} INFO - [2024-01-08T11:34:03.094-0300] {dag.py:3722} INFO - Setting next_dagrun for cities to 2024-01-08T14:33:03.094469+00:00, run_after=2024-01-08T14:34:03.094469+00:00
[2024-01-08T11:34:03.139-0300] {processor.py:179} INFO - Processing /home/felipe/airflow/dags/dag.py took 28.839 seconds
[2024-01-08T11:34:49.590-0300] {processor.py:157} INFO - Started process (PID=16284) to work on /home/felipe/airflow/dags/dag.py
[2024-01-08T11:34:49.629-0300] {processor.py:829} INFO - Processing file /home/felipe/airflow/dags/dag.py for tasks to queue
[2024-01-08T11:34:49.630-0300] {logging_mixin.py:154} INFO - [2024-01-08T11:34:49.630-0300] {dagbag.py:536} INFO - Filling up the DagBag from /home/felipe/airflow/dags/dag.py
[2024-01-08T11:34:50.807-0300] {logging_mixin.py:154} INFO - SAVING FILE sp
[2024-01-08T11:34:52.947-0300] {logging_mixin.py:154} INFO - SAVING FILE df
[2024-01-08T11:35:06.051-0300] {logging_mixin.py:154} INFO - SAVING FILE rj
[2024-01-08T11:35:07.970-0300] {logging_mixin.py:154} INFO - SAVING FILE cwb
[2024-01-08T11:35:07.972-0300] {processor.py:839} INFO - DAG(s) dict_keys(['cities']) retrieved from /home/felipe/airflow/dags/dag.py
[2024-01-08T11:35:07.984-0300] {logging_mixin.py:154} INFO - [2024-01-08T11:35:07.984-0300] {dag.py:2941} INFO - Sync 1 DAGs
[2024-01-08T11:35:08.002-0300] {logging_mixin.py:154} INFO - [2024-01-08T11:35:08.002-0300] {dag.py:3722} INFO - Setting next_dagrun for cities to 2024-01-08T14:34:08.002266+00:00, run_after=2024-01-08T14:35:08.002266+00:00
[2024-01-08T11:35:08.051-0300] {processor.py:179} INFO - Processing /home/felipe/airflow/dags/dag.py took 18.464 seconds
[2024-01-08T11:35:53.516-0300] {processor.py:157} INFO - Started process (PID=16475) to work on /home/felipe/airflow/dags/dag.py
[2024-01-08T11:35:53.548-0300] {processor.py:829} INFO - Processing file /home/felipe/airflow/dags/dag.py for tasks to queue
[2024-01-08T11:35:53.549-0300] {logging_mixin.py:154} INFO - [2024-01-08T11:35:53.548-0300] {dagbag.py:536} INFO - Filling up the DagBag from /home/felipe/airflow/dags/dag.py
[2024-01-08T11:35:54.721-0300] {logging_mixin.py:154} INFO - SAVING FILE sp
[2024-01-08T11:35:56.527-0300] {logging_mixin.py:154} INFO - SAVING FILE df
[2024-01-08T11:36:10.327-0300] {logging_mixin.py:154} INFO - SAVING FILE rj
[2024-01-08T11:36:11.300-0300] {logging_mixin.py:154} INFO - SAVING FILE cwb
[2024-01-08T11:36:11.302-0300] {processor.py:839} INFO - DAG(s) dict_keys(['cities']) retrieved from /home/felipe/airflow/dags/dag.py
[2024-01-08T11:36:11.344-0300] {logging_mixin.py:154} INFO - [2024-01-08T11:36:11.343-0300] {dag.py:2941} INFO - Sync 1 DAGs
[2024-01-08T11:36:11.358-0300] {logging_mixin.py:154} INFO - [2024-01-08T11:36:11.358-0300] {dag.py:3722} INFO - Setting next_dagrun for cities to 2024-01-08T14:35:11.358078+00:00, run_after=2024-01-08T14:36:11.358078+00:00
[2024-01-08T11:36:11.379-0300] {processor.py:179} INFO - Processing /home/felipe/airflow/dags/dag.py took 17.865 seconds
[2024-01-08T11:36:56.649-0300] {processor.py:157} INFO - Started process (PID=16638) to work on /home/felipe/airflow/dags/dag.py
[2024-01-08T11:36:56.720-0300] {processor.py:829} INFO - Processing file /home/felipe/airflow/dags/dag.py for tasks to queue
[2024-01-08T11:36:56.721-0300] {logging_mixin.py:154} INFO - [2024-01-08T11:36:56.721-0300] {dagbag.py:536} INFO - Filling up the DagBag from /home/felipe/airflow/dags/dag.py
[2024-01-08T11:36:58.060-0300] {logging_mixin.py:154} INFO - SAVING FILE sp
[2024-01-08T11:36:59.404-0300] {logging_mixin.py:154} INFO - SAVING FILE df
[2024-01-08T11:37:14.523-0300] {logging_mixin.py:154} INFO - SAVING FILE rj
[2024-01-08T11:37:16.488-0300] {logging_mixin.py:154} INFO - SAVING FILE cwb
[2024-01-08T11:37:16.490-0300] {processor.py:839} INFO - DAG(s) dict_keys(['cities']) retrieved from /home/felipe/airflow/dags/dag.py
[2024-01-08T11:37:16.497-0300] {logging_mixin.py:154} INFO - [2024-01-08T11:37:16.497-0300] {dag.py:2941} INFO - Sync 1 DAGs
[2024-01-08T11:37:16.508-0300] {logging_mixin.py:154} INFO - [2024-01-08T11:37:16.508-0300] {dag.py:3722} INFO - Setting next_dagrun for cities to 2024-01-08T14:36:16.507961+00:00, run_after=2024-01-08T14:37:16.507961+00:00
[2024-01-08T11:37:16.550-0300] {processor.py:179} INFO - Processing /home/felipe/airflow/dags/dag.py took 19.903 seconds
