[2024-01-24T15:38:03.645-0300] {processor.py:157} INFO - Started process (PID=19344) to work on /home/felipe/.local/lib/python3.11/site-packages/airflow/example_dags/plugins/listener_plugin.py
[2024-01-24T15:38:03.646-0300] {processor.py:829} INFO - Processing file /home/felipe/.local/lib/python3.11/site-packages/airflow/example_dags/plugins/listener_plugin.py for tasks to queue
[2024-01-24T15:38:03.646-0300] {logging_mixin.py:154} INFO - [2024-01-24T15:38:03.646-0300] {dagbag.py:536} INFO - Filling up the DagBag from /home/felipe/.local/lib/python3.11/site-packages/airflow/example_dags/plugins/listener_plugin.py
[2024-01-24T15:38:03.648-0300] {processor.py:841} WARNING - No viable dags retrieved from /home/felipe/.local/lib/python3.11/site-packages/airflow/example_dags/plugins/listener_plugin.py
[2024-01-24T15:38:03.655-0300] {processor.py:179} INFO - Processing /home/felipe/.local/lib/python3.11/site-packages/airflow/example_dags/plugins/listener_plugin.py took 0.011 seconds
[2024-01-24T15:40:21.003-0300] {processor.py:157} INFO - Started process (PID=19717) to work on /home/felipe/.local/lib/python3.11/site-packages/airflow/example_dags/plugins/listener_plugin.py
[2024-01-24T15:40:21.035-0300] {processor.py:829} INFO - Processing file /home/felipe/.local/lib/python3.11/site-packages/airflow/example_dags/plugins/listener_plugin.py for tasks to queue
[2024-01-24T15:40:21.036-0300] {logging_mixin.py:154} INFO - [2024-01-24T15:40:21.036-0300] {dagbag.py:536} INFO - Filling up the DagBag from /home/felipe/.local/lib/python3.11/site-packages/airflow/example_dags/plugins/listener_plugin.py
[2024-01-24T15:40:21.038-0300] {processor.py:841} WARNING - No viable dags retrieved from /home/felipe/.local/lib/python3.11/site-packages/airflow/example_dags/plugins/listener_plugin.py
[2024-01-24T15:40:21.044-0300] {processor.py:179} INFO - Processing /home/felipe/.local/lib/python3.11/site-packages/airflow/example_dags/plugins/listener_plugin.py took 0.043 seconds
[2024-01-24T15:41:54.897-0300] {processor.py:157} INFO - Started process (PID=20234) to work on /home/felipe/.local/lib/python3.11/site-packages/airflow/example_dags/plugins/listener_plugin.py
[2024-01-24T15:41:54.898-0300] {processor.py:829} INFO - Processing file /home/felipe/.local/lib/python3.11/site-packages/airflow/example_dags/plugins/listener_plugin.py for tasks to queue
[2024-01-24T15:41:54.899-0300] {logging_mixin.py:154} INFO - [2024-01-24T15:41:54.899-0300] {dagbag.py:536} INFO - Filling up the DagBag from /home/felipe/.local/lib/python3.11/site-packages/airflow/example_dags/plugins/listener_plugin.py
[2024-01-24T15:41:54.902-0300] {processor.py:841} WARNING - No viable dags retrieved from /home/felipe/.local/lib/python3.11/site-packages/airflow/example_dags/plugins/listener_plugin.py
[2024-01-24T15:41:54.911-0300] {processor.py:179} INFO - Processing /home/felipe/.local/lib/python3.11/site-packages/airflow/example_dags/plugins/listener_plugin.py took 0.017 seconds
[2024-01-24T15:42:49.528-0300] {processor.py:157} INFO - Started process (PID=20492) to work on /home/felipe/.local/lib/python3.11/site-packages/airflow/example_dags/plugins/listener_plugin.py
[2024-01-24T15:42:49.561-0300] {processor.py:829} INFO - Processing file /home/felipe/.local/lib/python3.11/site-packages/airflow/example_dags/plugins/listener_plugin.py for tasks to queue
[2024-01-24T15:42:49.561-0300] {logging_mixin.py:154} INFO - [2024-01-24T15:42:49.561-0300] {dagbag.py:536} INFO - Filling up the DagBag from /home/felipe/.local/lib/python3.11/site-packages/airflow/example_dags/plugins/listener_plugin.py
[2024-01-24T15:42:49.563-0300] {processor.py:841} WARNING - No viable dags retrieved from /home/felipe/.local/lib/python3.11/site-packages/airflow/example_dags/plugins/listener_plugin.py
[2024-01-24T15:42:49.571-0300] {processor.py:179} INFO - Processing /home/felipe/.local/lib/python3.11/site-packages/airflow/example_dags/plugins/listener_plugin.py took 0.044 seconds
[2024-01-24T15:43:42.499-0300] {processor.py:157} INFO - Started process (PID=20981) to work on /home/felipe/.local/lib/python3.11/site-packages/airflow/example_dags/plugins/listener_plugin.py
[2024-01-24T15:43:42.508-0300] {processor.py:829} INFO - Processing file /home/felipe/.local/lib/python3.11/site-packages/airflow/example_dags/plugins/listener_plugin.py for tasks to queue
[2024-01-24T15:43:42.509-0300] {logging_mixin.py:154} INFO - [2024-01-24T15:43:42.509-0300] {dagbag.py:536} INFO - Filling up the DagBag from /home/felipe/.local/lib/python3.11/site-packages/airflow/example_dags/plugins/listener_plugin.py
[2024-01-24T15:43:42.510-0300] {processor.py:841} WARNING - No viable dags retrieved from /home/felipe/.local/lib/python3.11/site-packages/airflow/example_dags/plugins/listener_plugin.py
[2024-01-24T15:43:42.517-0300] {processor.py:179} INFO - Processing /home/felipe/.local/lib/python3.11/site-packages/airflow/example_dags/plugins/listener_plugin.py took 0.020 seconds
[2024-01-24T15:49:40.761-0300] {processor.py:157} INFO - Started process (PID=22113) to work on /home/felipe/.local/lib/python3.11/site-packages/airflow/example_dags/plugins/listener_plugin.py
[2024-01-24T15:49:40.793-0300] {processor.py:829} INFO - Processing file /home/felipe/.local/lib/python3.11/site-packages/airflow/example_dags/plugins/listener_plugin.py for tasks to queue
[2024-01-24T15:49:40.794-0300] {logging_mixin.py:154} INFO - [2024-01-24T15:49:40.793-0300] {dagbag.py:536} INFO - Filling up the DagBag from /home/felipe/.local/lib/python3.11/site-packages/airflow/example_dags/plugins/listener_plugin.py
[2024-01-24T15:49:40.795-0300] {processor.py:841} WARNING - No viable dags retrieved from /home/felipe/.local/lib/python3.11/site-packages/airflow/example_dags/plugins/listener_plugin.py
[2024-01-24T15:49:40.802-0300] {processor.py:179} INFO - Processing /home/felipe/.local/lib/python3.11/site-packages/airflow/example_dags/plugins/listener_plugin.py took 0.043 seconds
[2024-01-24T15:50:41.009-0300] {processor.py:157} INFO - Started process (PID=22342) to work on /home/felipe/.local/lib/python3.11/site-packages/airflow/example_dags/plugins/listener_plugin.py
[2024-01-24T15:50:41.042-0300] {processor.py:829} INFO - Processing file /home/felipe/.local/lib/python3.11/site-packages/airflow/example_dags/plugins/listener_plugin.py for tasks to queue
[2024-01-24T15:50:41.042-0300] {logging_mixin.py:154} INFO - [2024-01-24T15:50:41.042-0300] {dagbag.py:536} INFO - Filling up the DagBag from /home/felipe/.local/lib/python3.11/site-packages/airflow/example_dags/plugins/listener_plugin.py
[2024-01-24T15:50:41.045-0300] {processor.py:841} WARNING - No viable dags retrieved from /home/felipe/.local/lib/python3.11/site-packages/airflow/example_dags/plugins/listener_plugin.py
[2024-01-24T15:50:41.052-0300] {processor.py:179} INFO - Processing /home/felipe/.local/lib/python3.11/site-packages/airflow/example_dags/plugins/listener_plugin.py took 0.045 seconds
[2024-01-24T15:51:30.351-0300] {processor.py:157} INFO - Started process (PID=22479) to work on /home/felipe/.local/lib/python3.11/site-packages/airflow/example_dags/plugins/listener_plugin.py
[2024-01-24T15:51:30.370-0300] {processor.py:829} INFO - Processing file /home/felipe/.local/lib/python3.11/site-packages/airflow/example_dags/plugins/listener_plugin.py for tasks to queue
[2024-01-24T15:51:30.371-0300] {logging_mixin.py:154} INFO - [2024-01-24T15:51:30.370-0300] {dagbag.py:536} INFO - Filling up the DagBag from /home/felipe/.local/lib/python3.11/site-packages/airflow/example_dags/plugins/listener_plugin.py
[2024-01-24T15:51:30.372-0300] {processor.py:841} WARNING - No viable dags retrieved from /home/felipe/.local/lib/python3.11/site-packages/airflow/example_dags/plugins/listener_plugin.py
[2024-01-24T15:51:30.379-0300] {processor.py:179} INFO - Processing /home/felipe/.local/lib/python3.11/site-packages/airflow/example_dags/plugins/listener_plugin.py took 0.030 seconds
[2024-01-24T15:52:36.294-0300] {processor.py:157} INFO - Started process (PID=22714) to work on /home/felipe/.local/lib/python3.11/site-packages/airflow/example_dags/plugins/listener_plugin.py
[2024-01-24T15:52:36.327-0300] {processor.py:829} INFO - Processing file /home/felipe/.local/lib/python3.11/site-packages/airflow/example_dags/plugins/listener_plugin.py for tasks to queue
[2024-01-24T15:52:36.327-0300] {logging_mixin.py:154} INFO - [2024-01-24T15:52:36.327-0300] {dagbag.py:536} INFO - Filling up the DagBag from /home/felipe/.local/lib/python3.11/site-packages/airflow/example_dags/plugins/listener_plugin.py
[2024-01-24T15:52:36.330-0300] {processor.py:841} WARNING - No viable dags retrieved from /home/felipe/.local/lib/python3.11/site-packages/airflow/example_dags/plugins/listener_plugin.py
[2024-01-24T15:52:36.339-0300] {processor.py:179} INFO - Processing /home/felipe/.local/lib/python3.11/site-packages/airflow/example_dags/plugins/listener_plugin.py took 0.047 seconds
[2024-01-24T15:53:30.180-0300] {processor.py:157} INFO - Started process (PID=22919) to work on /home/felipe/.local/lib/python3.11/site-packages/airflow/example_dags/plugins/listener_plugin.py
[2024-01-24T15:53:30.213-0300] {processor.py:829} INFO - Processing file /home/felipe/.local/lib/python3.11/site-packages/airflow/example_dags/plugins/listener_plugin.py for tasks to queue
[2024-01-24T15:53:30.213-0300] {logging_mixin.py:154} INFO - [2024-01-24T15:53:30.213-0300] {dagbag.py:536} INFO - Filling up the DagBag from /home/felipe/.local/lib/python3.11/site-packages/airflow/example_dags/plugins/listener_plugin.py
[2024-01-24T15:53:30.215-0300] {processor.py:841} WARNING - No viable dags retrieved from /home/felipe/.local/lib/python3.11/site-packages/airflow/example_dags/plugins/listener_plugin.py
[2024-01-24T15:53:30.222-0300] {processor.py:179} INFO - Processing /home/felipe/.local/lib/python3.11/site-packages/airflow/example_dags/plugins/listener_plugin.py took 0.044 seconds
[2024-01-24T15:54:50.173-0300] {processor.py:157} INFO - Started process (PID=23135) to work on /home/felipe/.local/lib/python3.11/site-packages/airflow/example_dags/plugins/listener_plugin.py
[2024-01-24T15:54:50.206-0300] {processor.py:829} INFO - Processing file /home/felipe/.local/lib/python3.11/site-packages/airflow/example_dags/plugins/listener_plugin.py for tasks to queue
[2024-01-24T15:54:50.206-0300] {logging_mixin.py:154} INFO - [2024-01-24T15:54:50.206-0300] {dagbag.py:536} INFO - Filling up the DagBag from /home/felipe/.local/lib/python3.11/site-packages/airflow/example_dags/plugins/listener_plugin.py
[2024-01-24T15:54:50.208-0300] {processor.py:841} WARNING - No viable dags retrieved from /home/felipe/.local/lib/python3.11/site-packages/airflow/example_dags/plugins/listener_plugin.py
[2024-01-24T15:54:50.214-0300] {processor.py:179} INFO - Processing /home/felipe/.local/lib/python3.11/site-packages/airflow/example_dags/plugins/listener_plugin.py took 0.043 seconds
[2024-01-24T15:56:11.621-0300] {processor.py:157} INFO - Started process (PID=23399) to work on /home/felipe/.local/lib/python3.11/site-packages/airflow/example_dags/plugins/listener_plugin.py
[2024-01-24T15:56:11.622-0300] {processor.py:829} INFO - Processing file /home/felipe/.local/lib/python3.11/site-packages/airflow/example_dags/plugins/listener_plugin.py for tasks to queue
[2024-01-24T15:56:11.622-0300] {logging_mixin.py:154} INFO - [2024-01-24T15:56:11.622-0300] {dagbag.py:536} INFO - Filling up the DagBag from /home/felipe/.local/lib/python3.11/site-packages/airflow/example_dags/plugins/listener_plugin.py
[2024-01-24T15:56:11.624-0300] {processor.py:841} WARNING - No viable dags retrieved from /home/felipe/.local/lib/python3.11/site-packages/airflow/example_dags/plugins/listener_plugin.py
[2024-01-24T15:56:11.630-0300] {processor.py:179} INFO - Processing /home/felipe/.local/lib/python3.11/site-packages/airflow/example_dags/plugins/listener_plugin.py took 0.011 seconds
[2024-01-24T15:57:00.812-0300] {processor.py:157} INFO - Started process (PID=23570) to work on /home/felipe/.local/lib/python3.11/site-packages/airflow/example_dags/plugins/listener_plugin.py
[2024-01-24T15:57:00.819-0300] {processor.py:829} INFO - Processing file /home/felipe/.local/lib/python3.11/site-packages/airflow/example_dags/plugins/listener_plugin.py for tasks to queue
[2024-01-24T15:57:00.819-0300] {logging_mixin.py:154} INFO - [2024-01-24T15:57:00.819-0300] {dagbag.py:536} INFO - Filling up the DagBag from /home/felipe/.local/lib/python3.11/site-packages/airflow/example_dags/plugins/listener_plugin.py
[2024-01-24T15:57:00.821-0300] {processor.py:841} WARNING - No viable dags retrieved from /home/felipe/.local/lib/python3.11/site-packages/airflow/example_dags/plugins/listener_plugin.py
[2024-01-24T15:57:00.827-0300] {processor.py:179} INFO - Processing /home/felipe/.local/lib/python3.11/site-packages/airflow/example_dags/plugins/listener_plugin.py took 0.017 seconds
[2024-01-24T15:58:01.062-0300] {processor.py:157} INFO - Started process (PID=23859) to work on /home/felipe/.local/lib/python3.11/site-packages/airflow/example_dags/plugins/listener_plugin.py
[2024-01-24T15:58:01.094-0300] {processor.py:829} INFO - Processing file /home/felipe/.local/lib/python3.11/site-packages/airflow/example_dags/plugins/listener_plugin.py for tasks to queue
[2024-01-24T15:58:01.095-0300] {logging_mixin.py:154} INFO - [2024-01-24T15:58:01.094-0300] {dagbag.py:536} INFO - Filling up the DagBag from /home/felipe/.local/lib/python3.11/site-packages/airflow/example_dags/plugins/listener_plugin.py
[2024-01-24T15:58:01.096-0300] {processor.py:841} WARNING - No viable dags retrieved from /home/felipe/.local/lib/python3.11/site-packages/airflow/example_dags/plugins/listener_plugin.py
[2024-01-24T15:58:01.103-0300] {processor.py:179} INFO - Processing /home/felipe/.local/lib/python3.11/site-packages/airflow/example_dags/plugins/listener_plugin.py took 0.043 seconds
[2024-01-24T15:59:06.662-0300] {processor.py:157} INFO - Started process (PID=24090) to work on /home/felipe/.local/lib/python3.11/site-packages/airflow/example_dags/plugins/listener_plugin.py
[2024-01-24T15:59:06.694-0300] {processor.py:829} INFO - Processing file /home/felipe/.local/lib/python3.11/site-packages/airflow/example_dags/plugins/listener_plugin.py for tasks to queue
[2024-01-24T15:59:06.695-0300] {logging_mixin.py:154} INFO - [2024-01-24T15:59:06.695-0300] {dagbag.py:536} INFO - Filling up the DagBag from /home/felipe/.local/lib/python3.11/site-packages/airflow/example_dags/plugins/listener_plugin.py
[2024-01-24T15:59:06.697-0300] {processor.py:841} WARNING - No viable dags retrieved from /home/felipe/.local/lib/python3.11/site-packages/airflow/example_dags/plugins/listener_plugin.py
[2024-01-24T15:59:06.708-0300] {processor.py:179} INFO - Processing /home/felipe/.local/lib/python3.11/site-packages/airflow/example_dags/plugins/listener_plugin.py took 0.048 seconds
