[2024-01-24T15:37:29.454-0300] {processor.py:157} INFO - Started process (PID=19148) to work on /home/felipe/.local/lib/python3.11/site-packages/airflow/example_dags/plugins/workday.py
[2024-01-24T15:37:29.454-0300] {processor.py:829} INFO - Processing file /home/felipe/.local/lib/python3.11/site-packages/airflow/example_dags/plugins/workday.py for tasks to queue
[2024-01-24T15:37:29.455-0300] {logging_mixin.py:154} INFO - [2024-01-24T15:37:29.455-0300] {dagbag.py:536} INFO - Filling up the DagBag from /home/felipe/.local/lib/python3.11/site-packages/airflow/example_dags/plugins/workday.py
[2024-01-24T15:37:29.812-0300] {processor.py:841} WARNING - No viable dags retrieved from /home/felipe/.local/lib/python3.11/site-packages/airflow/example_dags/plugins/workday.py
[2024-01-24T15:37:29.816-0300] {processor.py:179} INFO - Processing /home/felipe/.local/lib/python3.11/site-packages/airflow/example_dags/plugins/workday.py took 0.364 seconds
[2024-01-24T15:38:15.804-0300] {processor.py:157} INFO - Started process (PID=19402) to work on /home/felipe/.local/lib/python3.11/site-packages/airflow/example_dags/plugins/workday.py
[2024-01-24T15:38:15.836-0300] {processor.py:829} INFO - Processing file /home/felipe/.local/lib/python3.11/site-packages/airflow/example_dags/plugins/workday.py for tasks to queue
[2024-01-24T15:38:15.837-0300] {logging_mixin.py:154} INFO - [2024-01-24T15:38:15.837-0300] {dagbag.py:536} INFO - Filling up the DagBag from /home/felipe/.local/lib/python3.11/site-packages/airflow/example_dags/plugins/workday.py
[2024-01-24T15:38:16.173-0300] {processor.py:841} WARNING - No viable dags retrieved from /home/felipe/.local/lib/python3.11/site-packages/airflow/example_dags/plugins/workday.py
[2024-01-24T15:38:16.176-0300] {processor.py:179} INFO - Processing /home/felipe/.local/lib/python3.11/site-packages/airflow/example_dags/plugins/workday.py took 0.374 seconds
[2024-01-24T15:39:43.998-0300] {processor.py:157} INFO - Started process (PID=19655) to work on /home/felipe/.local/lib/python3.11/site-packages/airflow/example_dags/plugins/workday.py
[2024-01-24T15:39:44.030-0300] {processor.py:829} INFO - Processing file /home/felipe/.local/lib/python3.11/site-packages/airflow/example_dags/plugins/workday.py for tasks to queue
[2024-01-24T15:39:44.031-0300] {logging_mixin.py:154} INFO - [2024-01-24T15:39:44.031-0300] {dagbag.py:536} INFO - Filling up the DagBag from /home/felipe/.local/lib/python3.11/site-packages/airflow/example_dags/plugins/workday.py
[2024-01-24T15:39:44.362-0300] {processor.py:841} WARNING - No viable dags retrieved from /home/felipe/.local/lib/python3.11/site-packages/airflow/example_dags/plugins/workday.py
[2024-01-24T15:39:44.365-0300] {processor.py:179} INFO - Processing /home/felipe/.local/lib/python3.11/site-packages/airflow/example_dags/plugins/workday.py took 0.369 seconds
[2024-01-24T15:41:16.799-0300] {processor.py:157} INFO - Started process (PID=20122) to work on /home/felipe/.local/lib/python3.11/site-packages/airflow/example_dags/plugins/workday.py
[2024-01-24T15:41:16.832-0300] {processor.py:829} INFO - Processing file /home/felipe/.local/lib/python3.11/site-packages/airflow/example_dags/plugins/workday.py for tasks to queue
[2024-01-24T15:41:16.832-0300] {logging_mixin.py:154} INFO - [2024-01-24T15:41:16.832-0300] {dagbag.py:536} INFO - Filling up the DagBag from /home/felipe/.local/lib/python3.11/site-packages/airflow/example_dags/plugins/workday.py
[2024-01-24T15:41:17.169-0300] {processor.py:841} WARNING - No viable dags retrieved from /home/felipe/.local/lib/python3.11/site-packages/airflow/example_dags/plugins/workday.py
[2024-01-24T15:41:17.172-0300] {processor.py:179} INFO - Processing /home/felipe/.local/lib/python3.11/site-packages/airflow/example_dags/plugins/workday.py took 0.375 seconds
[2024-01-24T15:42:11.025-0300] {processor.py:157} INFO - Started process (PID=20350) to work on /home/felipe/.local/lib/python3.11/site-packages/airflow/example_dags/plugins/workday.py
[2024-01-24T15:42:11.026-0300] {processor.py:829} INFO - Processing file /home/felipe/.local/lib/python3.11/site-packages/airflow/example_dags/plugins/workday.py for tasks to queue
[2024-01-24T15:42:11.026-0300] {logging_mixin.py:154} INFO - [2024-01-24T15:42:11.026-0300] {dagbag.py:536} INFO - Filling up the DagBag from /home/felipe/.local/lib/python3.11/site-packages/airflow/example_dags/plugins/workday.py
[2024-01-24T15:42:11.377-0300] {processor.py:841} WARNING - No viable dags retrieved from /home/felipe/.local/lib/python3.11/site-packages/airflow/example_dags/plugins/workday.py
[2024-01-24T15:42:11.381-0300] {processor.py:179} INFO - Processing /home/felipe/.local/lib/python3.11/site-packages/airflow/example_dags/plugins/workday.py took 0.358 seconds
[2024-01-24T15:43:06.108-0300] {processor.py:157} INFO - Started process (PID=20594) to work on /home/felipe/.local/lib/python3.11/site-packages/airflow/example_dags/plugins/workday.py
[2024-01-24T15:43:06.108-0300] {processor.py:829} INFO - Processing file /home/felipe/.local/lib/python3.11/site-packages/airflow/example_dags/plugins/workday.py for tasks to queue
[2024-01-24T15:43:06.109-0300] {logging_mixin.py:154} INFO - [2024-01-24T15:43:06.109-0300] {dagbag.py:536} INFO - Filling up the DagBag from /home/felipe/.local/lib/python3.11/site-packages/airflow/example_dags/plugins/workday.py
[2024-01-24T15:43:06.459-0300] {processor.py:841} WARNING - No viable dags retrieved from /home/felipe/.local/lib/python3.11/site-packages/airflow/example_dags/plugins/workday.py
[2024-01-24T15:43:06.462-0300] {processor.py:179} INFO - Processing /home/felipe/.local/lib/python3.11/site-packages/airflow/example_dags/plugins/workday.py took 0.357 seconds
[2024-01-24T15:43:54.041-0300] {processor.py:157} INFO - Started process (PID=21061) to work on /home/felipe/.local/lib/python3.11/site-packages/airflow/example_dags/plugins/workday.py
[2024-01-24T15:43:54.042-0300] {processor.py:829} INFO - Processing file /home/felipe/.local/lib/python3.11/site-packages/airflow/example_dags/plugins/workday.py for tasks to queue
[2024-01-24T15:43:54.043-0300] {logging_mixin.py:154} INFO - [2024-01-24T15:43:54.042-0300] {dagbag.py:536} INFO - Filling up the DagBag from /home/felipe/.local/lib/python3.11/site-packages/airflow/example_dags/plugins/workday.py
[2024-01-24T15:43:54.393-0300] {processor.py:841} WARNING - No viable dags retrieved from /home/felipe/.local/lib/python3.11/site-packages/airflow/example_dags/plugins/workday.py
[2024-01-24T15:43:54.396-0300] {processor.py:179} INFO - Processing /home/felipe/.local/lib/python3.11/site-packages/airflow/example_dags/plugins/workday.py took 0.357 seconds
[2024-01-24T15:44:37.769-0300] {processor.py:157} INFO - Started process (PID=21265) to work on /home/felipe/.local/lib/python3.11/site-packages/airflow/example_dags/plugins/workday.py
[2024-01-24T15:44:37.771-0300] {processor.py:829} INFO - Processing file /home/felipe/.local/lib/python3.11/site-packages/airflow/example_dags/plugins/workday.py for tasks to queue
[2024-01-24T15:44:37.772-0300] {logging_mixin.py:154} INFO - [2024-01-24T15:44:37.771-0300] {dagbag.py:536} INFO - Filling up the DagBag from /home/felipe/.local/lib/python3.11/site-packages/airflow/example_dags/plugins/workday.py
[2024-01-24T15:44:38.100-0300] {processor.py:841} WARNING - No viable dags retrieved from /home/felipe/.local/lib/python3.11/site-packages/airflow/example_dags/plugins/workday.py
[2024-01-24T15:44:38.103-0300] {processor.py:179} INFO - Processing /home/felipe/.local/lib/python3.11/site-packages/airflow/example_dags/plugins/workday.py took 0.336 seconds
[2024-01-24T15:48:06.893-0300] {processor.py:157} INFO - Started process (PID=21690) to work on /home/felipe/.local/lib/python3.11/site-packages/airflow/example_dags/plugins/workday.py
[2024-01-24T15:48:06.925-0300] {processor.py:829} INFO - Processing file /home/felipe/.local/lib/python3.11/site-packages/airflow/example_dags/plugins/workday.py for tasks to queue
[2024-01-24T15:48:06.926-0300] {logging_mixin.py:154} INFO - [2024-01-24T15:48:06.925-0300] {dagbag.py:536} INFO - Filling up the DagBag from /home/felipe/.local/lib/python3.11/site-packages/airflow/example_dags/plugins/workday.py
[2024-01-24T15:48:07.250-0300] {processor.py:841} WARNING - No viable dags retrieved from /home/felipe/.local/lib/python3.11/site-packages/airflow/example_dags/plugins/workday.py
[2024-01-24T15:48:07.253-0300] {processor.py:179} INFO - Processing /home/felipe/.local/lib/python3.11/site-packages/airflow/example_dags/plugins/workday.py took 0.362 seconds
[2024-01-24T15:48:21.238-0300] {processor.py:157} INFO - Started process (PID=21790) to work on /home/felipe/.local/lib/python3.11/site-packages/airflow/example_dags/plugins/workday.py
[2024-01-24T15:48:21.270-0300] {processor.py:829} INFO - Processing file /home/felipe/.local/lib/python3.11/site-packages/airflow/example_dags/plugins/workday.py for tasks to queue
[2024-01-24T15:48:21.271-0300] {logging_mixin.py:154} INFO - [2024-01-24T15:48:21.270-0300] {dagbag.py:536} INFO - Filling up the DagBag from /home/felipe/.local/lib/python3.11/site-packages/airflow/example_dags/plugins/workday.py
[2024-01-24T15:48:21.592-0300] {processor.py:841} WARNING - No viable dags retrieved from /home/felipe/.local/lib/python3.11/site-packages/airflow/example_dags/plugins/workday.py
[2024-01-24T15:48:21.595-0300] {processor.py:179} INFO - Processing /home/felipe/.local/lib/python3.11/site-packages/airflow/example_dags/plugins/workday.py took 0.359 seconds
[2024-01-24T15:49:52.780-0300] {processor.py:157} INFO - Started process (PID=22204) to work on /home/felipe/.local/lib/python3.11/site-packages/airflow/example_dags/plugins/workday.py
[2024-01-24T15:49:52.812-0300] {processor.py:829} INFO - Processing file /home/felipe/.local/lib/python3.11/site-packages/airflow/example_dags/plugins/workday.py for tasks to queue
[2024-01-24T15:49:52.813-0300] {logging_mixin.py:154} INFO - [2024-01-24T15:49:52.813-0300] {dagbag.py:536} INFO - Filling up the DagBag from /home/felipe/.local/lib/python3.11/site-packages/airflow/example_dags/plugins/workday.py
[2024-01-24T15:49:53.136-0300] {processor.py:841} WARNING - No viable dags retrieved from /home/felipe/.local/lib/python3.11/site-packages/airflow/example_dags/plugins/workday.py
[2024-01-24T15:49:53.139-0300] {processor.py:179} INFO - Processing /home/felipe/.local/lib/python3.11/site-packages/airflow/example_dags/plugins/workday.py took 0.361 seconds
[2024-01-24T15:50:35.868-0300] {processor.py:157} INFO - Started process (PID=22320) to work on /home/felipe/.local/lib/python3.11/site-packages/airflow/example_dags/plugins/workday.py
[2024-01-24T15:50:35.900-0300] {processor.py:829} INFO - Processing file /home/felipe/.local/lib/python3.11/site-packages/airflow/example_dags/plugins/workday.py for tasks to queue
[2024-01-24T15:50:35.901-0300] {logging_mixin.py:154} INFO - [2024-01-24T15:50:35.900-0300] {dagbag.py:536} INFO - Filling up the DagBag from /home/felipe/.local/lib/python3.11/site-packages/airflow/example_dags/plugins/workday.py
[2024-01-24T15:50:36.226-0300] {processor.py:841} WARNING - No viable dags retrieved from /home/felipe/.local/lib/python3.11/site-packages/airflow/example_dags/plugins/workday.py
[2024-01-24T15:50:36.229-0300] {processor.py:179} INFO - Processing /home/felipe/.local/lib/python3.11/site-packages/airflow/example_dags/plugins/workday.py took 0.364 seconds
[2024-01-24T15:51:18.727-0300] {processor.py:157} INFO - Started process (PID=22434) to work on /home/felipe/.local/lib/python3.11/site-packages/airflow/example_dags/plugins/workday.py
[2024-01-24T15:51:18.790-0300] {processor.py:829} INFO - Processing file /home/felipe/.local/lib/python3.11/site-packages/airflow/example_dags/plugins/workday.py for tasks to queue
[2024-01-24T15:51:18.791-0300] {logging_mixin.py:154} INFO - [2024-01-24T15:51:18.790-0300] {dagbag.py:536} INFO - Filling up the DagBag from /home/felipe/.local/lib/python3.11/site-packages/airflow/example_dags/plugins/workday.py
[2024-01-24T15:51:19.148-0300] {processor.py:841} WARNING - No viable dags retrieved from /home/felipe/.local/lib/python3.11/site-packages/airflow/example_dags/plugins/workday.py
[2024-01-24T15:51:19.152-0300] {processor.py:179} INFO - Processing /home/felipe/.local/lib/python3.11/site-packages/airflow/example_dags/plugins/workday.py took 0.427 seconds
[2024-01-24T15:52:02.701-0300] {processor.py:157} INFO - Started process (PID=22606) to work on /home/felipe/.local/lib/python3.11/site-packages/airflow/example_dags/plugins/workday.py
[2024-01-24T15:52:02.733-0300] {processor.py:829} INFO - Processing file /home/felipe/.local/lib/python3.11/site-packages/airflow/example_dags/plugins/workday.py for tasks to queue
[2024-01-24T15:52:02.733-0300] {logging_mixin.py:154} INFO - [2024-01-24T15:52:02.733-0300] {dagbag.py:536} INFO - Filling up the DagBag from /home/felipe/.local/lib/python3.11/site-packages/airflow/example_dags/plugins/workday.py
[2024-01-24T15:52:03.083-0300] {processor.py:841} WARNING - No viable dags retrieved from /home/felipe/.local/lib/python3.11/site-packages/airflow/example_dags/plugins/workday.py
[2024-01-24T15:52:03.086-0300] {processor.py:179} INFO - Processing /home/felipe/.local/lib/python3.11/site-packages/airflow/example_dags/plugins/workday.py took 0.388 seconds
[2024-01-24T15:52:43.665-0300] {processor.py:157} INFO - Started process (PID=22764) to work on /home/felipe/.local/lib/python3.11/site-packages/airflow/example_dags/plugins/workday.py
[2024-01-24T15:52:43.667-0300] {processor.py:829} INFO - Processing file /home/felipe/.local/lib/python3.11/site-packages/airflow/example_dags/plugins/workday.py for tasks to queue
[2024-01-24T15:52:43.668-0300] {logging_mixin.py:154} INFO - [2024-01-24T15:52:43.668-0300] {dagbag.py:536} INFO - Filling up the DagBag from /home/felipe/.local/lib/python3.11/site-packages/airflow/example_dags/plugins/workday.py
[2024-01-24T15:52:44.001-0300] {processor.py:841} WARNING - No viable dags retrieved from /home/felipe/.local/lib/python3.11/site-packages/airflow/example_dags/plugins/workday.py
[2024-01-24T15:52:44.005-0300] {processor.py:179} INFO - Processing /home/felipe/.local/lib/python3.11/site-packages/airflow/example_dags/plugins/workday.py took 0.341 seconds
[2024-01-24T15:53:19.910-0300] {processor.py:157} INFO - Started process (PID=22885) to work on /home/felipe/.local/lib/python3.11/site-packages/airflow/example_dags/plugins/workday.py
[2024-01-24T15:53:19.942-0300] {processor.py:829} INFO - Processing file /home/felipe/.local/lib/python3.11/site-packages/airflow/example_dags/plugins/workday.py for tasks to queue
[2024-01-24T15:53:19.943-0300] {logging_mixin.py:154} INFO - [2024-01-24T15:53:19.943-0300] {dagbag.py:536} INFO - Filling up the DagBag from /home/felipe/.local/lib/python3.11/site-packages/airflow/example_dags/plugins/workday.py
[2024-01-24T15:53:20.283-0300] {processor.py:841} WARNING - No viable dags retrieved from /home/felipe/.local/lib/python3.11/site-packages/airflow/example_dags/plugins/workday.py
[2024-01-24T15:53:20.286-0300] {processor.py:179} INFO - Processing /home/felipe/.local/lib/python3.11/site-packages/airflow/example_dags/plugins/workday.py took 0.378 seconds
[2024-01-24T15:53:59.701-0300] {processor.py:157} INFO - Started process (PID=22993) to work on /home/felipe/.local/lib/python3.11/site-packages/airflow/example_dags/plugins/workday.py
[2024-01-24T15:53:59.708-0300] {processor.py:829} INFO - Processing file /home/felipe/.local/lib/python3.11/site-packages/airflow/example_dags/plugins/workday.py for tasks to queue
[2024-01-24T15:53:59.709-0300] {logging_mixin.py:154} INFO - [2024-01-24T15:53:59.708-0300] {dagbag.py:536} INFO - Filling up the DagBag from /home/felipe/.local/lib/python3.11/site-packages/airflow/example_dags/plugins/workday.py
[2024-01-24T15:54:00.033-0300] {processor.py:841} WARNING - No viable dags retrieved from /home/felipe/.local/lib/python3.11/site-packages/airflow/example_dags/plugins/workday.py
[2024-01-24T15:54:00.037-0300] {processor.py:179} INFO - Processing /home/felipe/.local/lib/python3.11/site-packages/airflow/example_dags/plugins/workday.py took 0.337 seconds
[2024-01-24T15:55:17.951-0300] {processor.py:157} INFO - Started process (PID=23240) to work on /home/felipe/.local/lib/python3.11/site-packages/airflow/example_dags/plugins/workday.py
[2024-01-24T15:55:17.983-0300] {processor.py:829} INFO - Processing file /home/felipe/.local/lib/python3.11/site-packages/airflow/example_dags/plugins/workday.py for tasks to queue
[2024-01-24T15:55:17.984-0300] {logging_mixin.py:154} INFO - [2024-01-24T15:55:17.984-0300] {dagbag.py:536} INFO - Filling up the DagBag from /home/felipe/.local/lib/python3.11/site-packages/airflow/example_dags/plugins/workday.py
[2024-01-24T15:55:18.311-0300] {processor.py:841} WARNING - No viable dags retrieved from /home/felipe/.local/lib/python3.11/site-packages/airflow/example_dags/plugins/workday.py
[2024-01-24T15:55:18.314-0300] {processor.py:179} INFO - Processing /home/felipe/.local/lib/python3.11/site-packages/airflow/example_dags/plugins/workday.py took 0.365 seconds
[2024-01-24T15:56:23.881-0300] {processor.py:157} INFO - Started process (PID=23449) to work on /home/felipe/.local/lib/python3.11/site-packages/airflow/example_dags/plugins/workday.py
[2024-01-24T15:56:23.882-0300] {processor.py:829} INFO - Processing file /home/felipe/.local/lib/python3.11/site-packages/airflow/example_dags/plugins/workday.py for tasks to queue
[2024-01-24T15:56:23.883-0300] {logging_mixin.py:154} INFO - [2024-01-24T15:56:23.882-0300] {dagbag.py:536} INFO - Filling up the DagBag from /home/felipe/.local/lib/python3.11/site-packages/airflow/example_dags/plugins/workday.py
[2024-01-24T15:56:24.203-0300] {processor.py:841} WARNING - No viable dags retrieved from /home/felipe/.local/lib/python3.11/site-packages/airflow/example_dags/plugins/workday.py
[2024-01-24T15:56:24.207-0300] {processor.py:179} INFO - Processing /home/felipe/.local/lib/python3.11/site-packages/airflow/example_dags/plugins/workday.py took 0.327 seconds
[2024-01-24T15:57:07.092-0300] {processor.py:157} INFO - Started process (PID=23613) to work on /home/felipe/.local/lib/python3.11/site-packages/airflow/example_dags/plugins/workday.py
[2024-01-24T15:57:07.092-0300] {processor.py:829} INFO - Processing file /home/felipe/.local/lib/python3.11/site-packages/airflow/example_dags/plugins/workday.py for tasks to queue
[2024-01-24T15:57:07.093-0300] {logging_mixin.py:154} INFO - [2024-01-24T15:57:07.092-0300] {dagbag.py:536} INFO - Filling up the DagBag from /home/felipe/.local/lib/python3.11/site-packages/airflow/example_dags/plugins/workday.py
[2024-01-24T15:57:07.421-0300] {processor.py:841} WARNING - No viable dags retrieved from /home/felipe/.local/lib/python3.11/site-packages/airflow/example_dags/plugins/workday.py
[2024-01-24T15:57:07.424-0300] {processor.py:179} INFO - Processing /home/felipe/.local/lib/python3.11/site-packages/airflow/example_dags/plugins/workday.py took 0.334 seconds
[2024-01-24T15:57:47.061-0300] {processor.py:157} INFO - Started process (PID=23823) to work on /home/felipe/.local/lib/python3.11/site-packages/airflow/example_dags/plugins/workday.py
[2024-01-24T15:57:47.126-0300] {processor.py:829} INFO - Processing file /home/felipe/.local/lib/python3.11/site-packages/airflow/example_dags/plugins/workday.py for tasks to queue
[2024-01-24T15:57:47.127-0300] {logging_mixin.py:154} INFO - [2024-01-24T15:57:47.127-0300] {dagbag.py:536} INFO - Filling up the DagBag from /home/felipe/.local/lib/python3.11/site-packages/airflow/example_dags/plugins/workday.py
[2024-01-24T15:57:47.449-0300] {processor.py:841} WARNING - No viable dags retrieved from /home/felipe/.local/lib/python3.11/site-packages/airflow/example_dags/plugins/workday.py
[2024-01-24T15:57:47.453-0300] {processor.py:179} INFO - Processing /home/felipe/.local/lib/python3.11/site-packages/airflow/example_dags/plugins/workday.py took 0.393 seconds
[2024-01-24T15:58:32.098-0300] {processor.py:157} INFO - Started process (PID=23932) to work on /home/felipe/.local/lib/python3.11/site-packages/airflow/example_dags/plugins/workday.py
[2024-01-24T15:58:32.130-0300] {processor.py:829} INFO - Processing file /home/felipe/.local/lib/python3.11/site-packages/airflow/example_dags/plugins/workday.py for tasks to queue
[2024-01-24T15:58:32.130-0300] {logging_mixin.py:154} INFO - [2024-01-24T15:58:32.130-0300] {dagbag.py:536} INFO - Filling up the DagBag from /home/felipe/.local/lib/python3.11/site-packages/airflow/example_dags/plugins/workday.py
[2024-01-24T15:58:32.461-0300] {processor.py:841} WARNING - No viable dags retrieved from /home/felipe/.local/lib/python3.11/site-packages/airflow/example_dags/plugins/workday.py
[2024-01-24T15:58:32.465-0300] {processor.py:179} INFO - Processing /home/felipe/.local/lib/python3.11/site-packages/airflow/example_dags/plugins/workday.py took 0.370 seconds
[2024-01-24T15:59:15.229-0300] {processor.py:157} INFO - Started process (PID=24133) to work on /home/felipe/.local/lib/python3.11/site-packages/airflow/example_dags/plugins/workday.py
[2024-01-24T15:59:15.262-0300] {processor.py:829} INFO - Processing file /home/felipe/.local/lib/python3.11/site-packages/airflow/example_dags/plugins/workday.py for tasks to queue
[2024-01-24T15:59:15.263-0300] {logging_mixin.py:154} INFO - [2024-01-24T15:59:15.262-0300] {dagbag.py:536} INFO - Filling up the DagBag from /home/felipe/.local/lib/python3.11/site-packages/airflow/example_dags/plugins/workday.py
[2024-01-24T15:59:15.605-0300] {processor.py:841} WARNING - No viable dags retrieved from /home/felipe/.local/lib/python3.11/site-packages/airflow/example_dags/plugins/workday.py
[2024-01-24T15:59:15.609-0300] {processor.py:179} INFO - Processing /home/felipe/.local/lib/python3.11/site-packages/airflow/example_dags/plugins/workday.py took 0.382 seconds
